[2023-11-01T21:35:11.086-0500] {processor.py:157} INFO - Started process (PID=87636) to work on /Users/dimz/EconWizard/hermesvirtual/lib/python3.8/site-packages/airflow/example_dags/plugins/event_listener.py
[2023-11-01T21:35:11.091-0500] {processor.py:829} INFO - Processing file /Users/dimz/EconWizard/hermesvirtual/lib/python3.8/site-packages/airflow/example_dags/plugins/event_listener.py for tasks to queue
[2023-11-01T21:35:11.091-0500] {logging_mixin.py:151} INFO - [2023-11-01T21:35:11.091-0500] {dagbag.py:536} INFO - Filling up the DagBag from /Users/dimz/EconWizard/hermesvirtual/lib/python3.8/site-packages/airflow/example_dags/plugins/event_listener.py
[2023-11-01T21:35:11.092-0500] {processor.py:841} WARNING - No viable dags retrieved from /Users/dimz/EconWizard/hermesvirtual/lib/python3.8/site-packages/airflow/example_dags/plugins/event_listener.py
[2023-11-01T21:35:11.175-0500] {processor.py:179} INFO - Processing /Users/dimz/EconWizard/hermesvirtual/lib/python3.8/site-packages/airflow/example_dags/plugins/event_listener.py took 0.090 seconds
[2023-11-01T21:36:42.965-0500] {processor.py:157} INFO - Started process (PID=87796) to work on /Users/dimz/EconWizard/hermesvirtual/lib/python3.8/site-packages/airflow/example_dags/plugins/event_listener.py
[2023-11-01T21:36:42.969-0500] {processor.py:829} INFO - Processing file /Users/dimz/EconWizard/hermesvirtual/lib/python3.8/site-packages/airflow/example_dags/plugins/event_listener.py for tasks to queue
[2023-11-01T21:36:42.969-0500] {logging_mixin.py:151} INFO - [2023-11-01T21:36:42.969-0500] {dagbag.py:536} INFO - Filling up the DagBag from /Users/dimz/EconWizard/hermesvirtual/lib/python3.8/site-packages/airflow/example_dags/plugins/event_listener.py
[2023-11-01T21:36:42.970-0500] {processor.py:841} WARNING - No viable dags retrieved from /Users/dimz/EconWizard/hermesvirtual/lib/python3.8/site-packages/airflow/example_dags/plugins/event_listener.py
[2023-11-01T21:36:43.048-0500] {processor.py:179} INFO - Processing /Users/dimz/EconWizard/hermesvirtual/lib/python3.8/site-packages/airflow/example_dags/plugins/event_listener.py took 0.084 seconds
[2023-11-01T21:37:41.935-0500] {processor.py:157} INFO - Started process (PID=87909) to work on /Users/dimz/EconWizard/hermesvirtual/lib/python3.8/site-packages/airflow/example_dags/plugins/event_listener.py
[2023-11-01T21:37:41.940-0500] {processor.py:829} INFO - Processing file /Users/dimz/EconWizard/hermesvirtual/lib/python3.8/site-packages/airflow/example_dags/plugins/event_listener.py for tasks to queue
[2023-11-01T21:37:41.940-0500] {logging_mixin.py:151} INFO - [2023-11-01T21:37:41.940-0500] {dagbag.py:536} INFO - Filling up the DagBag from /Users/dimz/EconWizard/hermesvirtual/lib/python3.8/site-packages/airflow/example_dags/plugins/event_listener.py
[2023-11-01T21:37:41.941-0500] {processor.py:841} WARNING - No viable dags retrieved from /Users/dimz/EconWizard/hermesvirtual/lib/python3.8/site-packages/airflow/example_dags/plugins/event_listener.py
[2023-11-01T21:37:42.019-0500] {processor.py:179} INFO - Processing /Users/dimz/EconWizard/hermesvirtual/lib/python3.8/site-packages/airflow/example_dags/plugins/event_listener.py took 0.085 seconds
[2023-11-01T21:38:37.674-0500] {processor.py:157} INFO - Started process (PID=88002) to work on /Users/dimz/EconWizard/hermesvirtual/lib/python3.8/site-packages/airflow/example_dags/plugins/event_listener.py
[2023-11-01T21:38:37.679-0500] {processor.py:829} INFO - Processing file /Users/dimz/EconWizard/hermesvirtual/lib/python3.8/site-packages/airflow/example_dags/plugins/event_listener.py for tasks to queue
[2023-11-01T21:38:37.680-0500] {logging_mixin.py:151} INFO - [2023-11-01T21:38:37.680-0500] {dagbag.py:536} INFO - Filling up the DagBag from /Users/dimz/EconWizard/hermesvirtual/lib/python3.8/site-packages/airflow/example_dags/plugins/event_listener.py
[2023-11-01T21:38:37.681-0500] {processor.py:841} WARNING - No viable dags retrieved from /Users/dimz/EconWizard/hermesvirtual/lib/python3.8/site-packages/airflow/example_dags/plugins/event_listener.py
[2023-11-01T21:38:37.766-0500] {processor.py:179} INFO - Processing /Users/dimz/EconWizard/hermesvirtual/lib/python3.8/site-packages/airflow/example_dags/plugins/event_listener.py took 0.092 seconds
[2023-11-01T21:39:34.691-0500] {processor.py:157} INFO - Started process (PID=88100) to work on /Users/dimz/EconWizard/hermesvirtual/lib/python3.8/site-packages/airflow/example_dags/plugins/event_listener.py
[2023-11-01T21:39:34.696-0500] {processor.py:829} INFO - Processing file /Users/dimz/EconWizard/hermesvirtual/lib/python3.8/site-packages/airflow/example_dags/plugins/event_listener.py for tasks to queue
[2023-11-01T21:39:34.696-0500] {logging_mixin.py:151} INFO - [2023-11-01T21:39:34.696-0500] {dagbag.py:536} INFO - Filling up the DagBag from /Users/dimz/EconWizard/hermesvirtual/lib/python3.8/site-packages/airflow/example_dags/plugins/event_listener.py
[2023-11-01T21:39:34.697-0500] {processor.py:841} WARNING - No viable dags retrieved from /Users/dimz/EconWizard/hermesvirtual/lib/python3.8/site-packages/airflow/example_dags/plugins/event_listener.py
[2023-11-01T21:39:34.775-0500] {processor.py:179} INFO - Processing /Users/dimz/EconWizard/hermesvirtual/lib/python3.8/site-packages/airflow/example_dags/plugins/event_listener.py took 0.085 seconds
[2023-11-01T21:40:32.539-0500] {processor.py:157} INFO - Started process (PID=88232) to work on /Users/dimz/EconWizard/hermesvirtual/lib/python3.8/site-packages/airflow/example_dags/plugins/event_listener.py
[2023-11-01T21:40:32.544-0500] {processor.py:829} INFO - Processing file /Users/dimz/EconWizard/hermesvirtual/lib/python3.8/site-packages/airflow/example_dags/plugins/event_listener.py for tasks to queue
[2023-11-01T21:40:32.545-0500] {logging_mixin.py:151} INFO - [2023-11-01T21:40:32.545-0500] {dagbag.py:536} INFO - Filling up the DagBag from /Users/dimz/EconWizard/hermesvirtual/lib/python3.8/site-packages/airflow/example_dags/plugins/event_listener.py
[2023-11-01T21:40:32.545-0500] {processor.py:841} WARNING - No viable dags retrieved from /Users/dimz/EconWizard/hermesvirtual/lib/python3.8/site-packages/airflow/example_dags/plugins/event_listener.py
[2023-11-01T21:40:32.624-0500] {processor.py:179} INFO - Processing /Users/dimz/EconWizard/hermesvirtual/lib/python3.8/site-packages/airflow/example_dags/plugins/event_listener.py took 0.085 seconds
[2023-11-01T21:41:31.705-0500] {processor.py:157} INFO - Started process (PID=88404) to work on /Users/dimz/EconWizard/hermesvirtual/lib/python3.8/site-packages/airflow/example_dags/plugins/event_listener.py
[2023-11-01T21:41:31.710-0500] {processor.py:829} INFO - Processing file /Users/dimz/EconWizard/hermesvirtual/lib/python3.8/site-packages/airflow/example_dags/plugins/event_listener.py for tasks to queue
[2023-11-01T21:41:31.710-0500] {logging_mixin.py:151} INFO - [2023-11-01T21:41:31.710-0500] {dagbag.py:536} INFO - Filling up the DagBag from /Users/dimz/EconWizard/hermesvirtual/lib/python3.8/site-packages/airflow/example_dags/plugins/event_listener.py
[2023-11-01T21:41:31.711-0500] {processor.py:841} WARNING - No viable dags retrieved from /Users/dimz/EconWizard/hermesvirtual/lib/python3.8/site-packages/airflow/example_dags/plugins/event_listener.py
[2023-11-01T21:41:31.789-0500] {processor.py:179} INFO - Processing /Users/dimz/EconWizard/hermesvirtual/lib/python3.8/site-packages/airflow/example_dags/plugins/event_listener.py took 0.085 seconds
[2023-11-01T21:42:29.451-0500] {processor.py:157} INFO - Started process (PID=88515) to work on /Users/dimz/EconWizard/hermesvirtual/lib/python3.8/site-packages/airflow/example_dags/plugins/event_listener.py
[2023-11-01T21:42:29.456-0500] {processor.py:829} INFO - Processing file /Users/dimz/EconWizard/hermesvirtual/lib/python3.8/site-packages/airflow/example_dags/plugins/event_listener.py for tasks to queue
[2023-11-01T21:42:29.456-0500] {logging_mixin.py:151} INFO - [2023-11-01T21:42:29.456-0500] {dagbag.py:536} INFO - Filling up the DagBag from /Users/dimz/EconWizard/hermesvirtual/lib/python3.8/site-packages/airflow/example_dags/plugins/event_listener.py
[2023-11-01T21:42:29.457-0500] {processor.py:841} WARNING - No viable dags retrieved from /Users/dimz/EconWizard/hermesvirtual/lib/python3.8/site-packages/airflow/example_dags/plugins/event_listener.py
[2023-11-01T21:42:29.538-0500] {processor.py:179} INFO - Processing /Users/dimz/EconWizard/hermesvirtual/lib/python3.8/site-packages/airflow/example_dags/plugins/event_listener.py took 0.087 seconds
[2023-11-01T21:43:24.484-0500] {processor.py:157} INFO - Started process (PID=88634) to work on /Users/dimz/EconWizard/hermesvirtual/lib/python3.8/site-packages/airflow/example_dags/plugins/event_listener.py
[2023-11-01T21:43:24.490-0500] {processor.py:829} INFO - Processing file /Users/dimz/EconWizard/hermesvirtual/lib/python3.8/site-packages/airflow/example_dags/plugins/event_listener.py for tasks to queue
[2023-11-01T21:43:24.490-0500] {logging_mixin.py:151} INFO - [2023-11-01T21:43:24.490-0500] {dagbag.py:536} INFO - Filling up the DagBag from /Users/dimz/EconWizard/hermesvirtual/lib/python3.8/site-packages/airflow/example_dags/plugins/event_listener.py
[2023-11-01T21:43:24.491-0500] {processor.py:841} WARNING - No viable dags retrieved from /Users/dimz/EconWizard/hermesvirtual/lib/python3.8/site-packages/airflow/example_dags/plugins/event_listener.py
[2023-11-01T21:43:24.576-0500] {processor.py:179} INFO - Processing /Users/dimz/EconWizard/hermesvirtual/lib/python3.8/site-packages/airflow/example_dags/plugins/event_listener.py took 0.092 seconds
[2023-11-01T21:44:21.168-0500] {processor.py:157} INFO - Started process (PID=88718) to work on /Users/dimz/EconWizard/hermesvirtual/lib/python3.8/site-packages/airflow/example_dags/plugins/event_listener.py
[2023-11-01T21:44:21.174-0500] {processor.py:829} INFO - Processing file /Users/dimz/EconWizard/hermesvirtual/lib/python3.8/site-packages/airflow/example_dags/plugins/event_listener.py for tasks to queue
[2023-11-01T21:44:21.174-0500] {logging_mixin.py:151} INFO - [2023-11-01T21:44:21.174-0500] {dagbag.py:536} INFO - Filling up the DagBag from /Users/dimz/EconWizard/hermesvirtual/lib/python3.8/site-packages/airflow/example_dags/plugins/event_listener.py
[2023-11-01T21:44:21.175-0500] {processor.py:841} WARNING - No viable dags retrieved from /Users/dimz/EconWizard/hermesvirtual/lib/python3.8/site-packages/airflow/example_dags/plugins/event_listener.py
[2023-11-01T21:44:21.269-0500] {processor.py:179} INFO - Processing /Users/dimz/EconWizard/hermesvirtual/lib/python3.8/site-packages/airflow/example_dags/plugins/event_listener.py took 0.101 seconds
[2023-11-01T21:45:21.776-0500] {processor.py:157} INFO - Started process (PID=88787) to work on /Users/dimz/EconWizard/hermesvirtual/lib/python3.8/site-packages/airflow/example_dags/plugins/event_listener.py
[2023-11-01T21:45:21.781-0500] {processor.py:829} INFO - Processing file /Users/dimz/EconWizard/hermesvirtual/lib/python3.8/site-packages/airflow/example_dags/plugins/event_listener.py for tasks to queue
[2023-11-01T21:45:21.782-0500] {logging_mixin.py:151} INFO - [2023-11-01T21:45:21.782-0500] {dagbag.py:536} INFO - Filling up the DagBag from /Users/dimz/EconWizard/hermesvirtual/lib/python3.8/site-packages/airflow/example_dags/plugins/event_listener.py
[2023-11-01T21:45:21.782-0500] {processor.py:841} WARNING - No viable dags retrieved from /Users/dimz/EconWizard/hermesvirtual/lib/python3.8/site-packages/airflow/example_dags/plugins/event_listener.py
[2023-11-01T21:45:21.868-0500] {processor.py:179} INFO - Processing /Users/dimz/EconWizard/hermesvirtual/lib/python3.8/site-packages/airflow/example_dags/plugins/event_listener.py took 0.092 seconds
[2023-11-01T21:46:24.475-0500] {processor.py:157} INFO - Started process (PID=88929) to work on /Users/dimz/EconWizard/hermesvirtual/lib/python3.8/site-packages/airflow/example_dags/plugins/event_listener.py
[2023-11-01T21:46:24.480-0500] {processor.py:829} INFO - Processing file /Users/dimz/EconWizard/hermesvirtual/lib/python3.8/site-packages/airflow/example_dags/plugins/event_listener.py for tasks to queue
[2023-11-01T21:46:24.481-0500] {logging_mixin.py:151} INFO - [2023-11-01T21:46:24.481-0500] {dagbag.py:536} INFO - Filling up the DagBag from /Users/dimz/EconWizard/hermesvirtual/lib/python3.8/site-packages/airflow/example_dags/plugins/event_listener.py
[2023-11-01T21:46:24.482-0500] {processor.py:841} WARNING - No viable dags retrieved from /Users/dimz/EconWizard/hermesvirtual/lib/python3.8/site-packages/airflow/example_dags/plugins/event_listener.py
[2023-11-01T21:46:24.566-0500] {processor.py:179} INFO - Processing /Users/dimz/EconWizard/hermesvirtual/lib/python3.8/site-packages/airflow/example_dags/plugins/event_listener.py took 0.091 seconds
[2023-11-01T21:47:26.278-0500] {processor.py:157} INFO - Started process (PID=89066) to work on /Users/dimz/EconWizard/hermesvirtual/lib/python3.8/site-packages/airflow/example_dags/plugins/event_listener.py
[2023-11-01T21:47:26.283-0500] {processor.py:829} INFO - Processing file /Users/dimz/EconWizard/hermesvirtual/lib/python3.8/site-packages/airflow/example_dags/plugins/event_listener.py for tasks to queue
[2023-11-01T21:47:26.283-0500] {logging_mixin.py:151} INFO - [2023-11-01T21:47:26.283-0500] {dagbag.py:536} INFO - Filling up the DagBag from /Users/dimz/EconWizard/hermesvirtual/lib/python3.8/site-packages/airflow/example_dags/plugins/event_listener.py
[2023-11-01T21:47:26.284-0500] {processor.py:841} WARNING - No viable dags retrieved from /Users/dimz/EconWizard/hermesvirtual/lib/python3.8/site-packages/airflow/example_dags/plugins/event_listener.py
[2023-11-01T21:47:26.362-0500] {processor.py:179} INFO - Processing /Users/dimz/EconWizard/hermesvirtual/lib/python3.8/site-packages/airflow/example_dags/plugins/event_listener.py took 0.085 seconds
[2023-11-01T21:48:26.686-0500] {processor.py:157} INFO - Started process (PID=89135) to work on /Users/dimz/EconWizard/hermesvirtual/lib/python3.8/site-packages/airflow/example_dags/plugins/event_listener.py
[2023-11-01T21:48:26.690-0500] {processor.py:829} INFO - Processing file /Users/dimz/EconWizard/hermesvirtual/lib/python3.8/site-packages/airflow/example_dags/plugins/event_listener.py for tasks to queue
[2023-11-01T21:48:26.691-0500] {logging_mixin.py:151} INFO - [2023-11-01T21:48:26.691-0500] {dagbag.py:536} INFO - Filling up the DagBag from /Users/dimz/EconWizard/hermesvirtual/lib/python3.8/site-packages/airflow/example_dags/plugins/event_listener.py
[2023-11-01T21:48:26.691-0500] {processor.py:841} WARNING - No viable dags retrieved from /Users/dimz/EconWizard/hermesvirtual/lib/python3.8/site-packages/airflow/example_dags/plugins/event_listener.py
[2023-11-01T21:48:26.769-0500] {processor.py:179} INFO - Processing /Users/dimz/EconWizard/hermesvirtual/lib/python3.8/site-packages/airflow/example_dags/plugins/event_listener.py took 0.083 seconds
[2023-11-01T21:49:27.781-0500] {processor.py:157} INFO - Started process (PID=89213) to work on /Users/dimz/EconWizard/hermesvirtual/lib/python3.8/site-packages/airflow/example_dags/plugins/event_listener.py
[2023-11-01T21:49:27.786-0500] {processor.py:829} INFO - Processing file /Users/dimz/EconWizard/hermesvirtual/lib/python3.8/site-packages/airflow/example_dags/plugins/event_listener.py for tasks to queue
[2023-11-01T21:49:27.786-0500] {logging_mixin.py:151} INFO - [2023-11-01T21:49:27.786-0500] {dagbag.py:536} INFO - Filling up the DagBag from /Users/dimz/EconWizard/hermesvirtual/lib/python3.8/site-packages/airflow/example_dags/plugins/event_listener.py
[2023-11-01T21:49:27.787-0500] {processor.py:841} WARNING - No viable dags retrieved from /Users/dimz/EconWizard/hermesvirtual/lib/python3.8/site-packages/airflow/example_dags/plugins/event_listener.py
[2023-11-01T21:49:27.867-0500] {processor.py:179} INFO - Processing /Users/dimz/EconWizard/hermesvirtual/lib/python3.8/site-packages/airflow/example_dags/plugins/event_listener.py took 0.087 seconds
[2023-11-01T21:50:27.228-0500] {processor.py:157} INFO - Started process (PID=89318) to work on /Users/dimz/EconWizard/hermesvirtual/lib/python3.8/site-packages/airflow/example_dags/plugins/event_listener.py
[2023-11-01T21:50:27.234-0500] {processor.py:829} INFO - Processing file /Users/dimz/EconWizard/hermesvirtual/lib/python3.8/site-packages/airflow/example_dags/plugins/event_listener.py for tasks to queue
[2023-11-01T21:50:27.234-0500] {logging_mixin.py:151} INFO - [2023-11-01T21:50:27.234-0500] {dagbag.py:536} INFO - Filling up the DagBag from /Users/dimz/EconWizard/hermesvirtual/lib/python3.8/site-packages/airflow/example_dags/plugins/event_listener.py
[2023-11-01T21:50:27.235-0500] {processor.py:841} WARNING - No viable dags retrieved from /Users/dimz/EconWizard/hermesvirtual/lib/python3.8/site-packages/airflow/example_dags/plugins/event_listener.py
[2023-11-01T21:50:27.320-0500] {processor.py:179} INFO - Processing /Users/dimz/EconWizard/hermesvirtual/lib/python3.8/site-packages/airflow/example_dags/plugins/event_listener.py took 0.092 seconds
[2023-11-01T21:51:26.748-0500] {processor.py:157} INFO - Started process (PID=89385) to work on /Users/dimz/EconWizard/hermesvirtual/lib/python3.8/site-packages/airflow/example_dags/plugins/event_listener.py
[2023-11-01T21:51:26.754-0500] {processor.py:829} INFO - Processing file /Users/dimz/EconWizard/hermesvirtual/lib/python3.8/site-packages/airflow/example_dags/plugins/event_listener.py for tasks to queue
[2023-11-01T21:51:26.754-0500] {logging_mixin.py:151} INFO - [2023-11-01T21:51:26.754-0500] {dagbag.py:536} INFO - Filling up the DagBag from /Users/dimz/EconWizard/hermesvirtual/lib/python3.8/site-packages/airflow/example_dags/plugins/event_listener.py
[2023-11-01T21:51:26.755-0500] {processor.py:841} WARNING - No viable dags retrieved from /Users/dimz/EconWizard/hermesvirtual/lib/python3.8/site-packages/airflow/example_dags/plugins/event_listener.py
[2023-11-01T21:51:26.842-0500] {processor.py:179} INFO - Processing /Users/dimz/EconWizard/hermesvirtual/lib/python3.8/site-packages/airflow/example_dags/plugins/event_listener.py took 0.094 seconds
[2023-11-01T21:52:23.812-0500] {processor.py:157} INFO - Started process (PID=89471) to work on /Users/dimz/EconWizard/hermesvirtual/lib/python3.8/site-packages/airflow/example_dags/plugins/event_listener.py
[2023-11-01T21:52:23.817-0500] {processor.py:829} INFO - Processing file /Users/dimz/EconWizard/hermesvirtual/lib/python3.8/site-packages/airflow/example_dags/plugins/event_listener.py for tasks to queue
[2023-11-01T21:52:23.817-0500] {logging_mixin.py:151} INFO - [2023-11-01T21:52:23.817-0500] {dagbag.py:536} INFO - Filling up the DagBag from /Users/dimz/EconWizard/hermesvirtual/lib/python3.8/site-packages/airflow/example_dags/plugins/event_listener.py
[2023-11-01T21:52:23.818-0500] {processor.py:841} WARNING - No viable dags retrieved from /Users/dimz/EconWizard/hermesvirtual/lib/python3.8/site-packages/airflow/example_dags/plugins/event_listener.py
[2023-11-01T21:52:23.896-0500] {processor.py:179} INFO - Processing /Users/dimz/EconWizard/hermesvirtual/lib/python3.8/site-packages/airflow/example_dags/plugins/event_listener.py took 0.085 seconds
[2023-11-01T21:53:21.015-0500] {processor.py:157} INFO - Started process (PID=89551) to work on /Users/dimz/EconWizard/hermesvirtual/lib/python3.8/site-packages/airflow/example_dags/plugins/event_listener.py
[2023-11-01T21:53:21.020-0500] {processor.py:829} INFO - Processing file /Users/dimz/EconWizard/hermesvirtual/lib/python3.8/site-packages/airflow/example_dags/plugins/event_listener.py for tasks to queue
[2023-11-01T21:53:21.021-0500] {logging_mixin.py:151} INFO - [2023-11-01T21:53:21.020-0500] {dagbag.py:536} INFO - Filling up the DagBag from /Users/dimz/EconWizard/hermesvirtual/lib/python3.8/site-packages/airflow/example_dags/plugins/event_listener.py
[2023-11-01T21:53:21.021-0500] {processor.py:841} WARNING - No viable dags retrieved from /Users/dimz/EconWizard/hermesvirtual/lib/python3.8/site-packages/airflow/example_dags/plugins/event_listener.py
[2023-11-01T21:53:21.103-0500] {processor.py:179} INFO - Processing /Users/dimz/EconWizard/hermesvirtual/lib/python3.8/site-packages/airflow/example_dags/plugins/event_listener.py took 0.088 seconds
[2023-11-01T21:54:22.483-0500] {processor.py:157} INFO - Started process (PID=89637) to work on /Users/dimz/EconWizard/hermesvirtual/lib/python3.8/site-packages/airflow/example_dags/plugins/event_listener.py
[2023-11-01T21:54:22.487-0500] {processor.py:829} INFO - Processing file /Users/dimz/EconWizard/hermesvirtual/lib/python3.8/site-packages/airflow/example_dags/plugins/event_listener.py for tasks to queue
[2023-11-01T21:54:22.488-0500] {logging_mixin.py:151} INFO - [2023-11-01T21:54:22.488-0500] {dagbag.py:536} INFO - Filling up the DagBag from /Users/dimz/EconWizard/hermesvirtual/lib/python3.8/site-packages/airflow/example_dags/plugins/event_listener.py
[2023-11-01T21:54:22.489-0500] {processor.py:841} WARNING - No viable dags retrieved from /Users/dimz/EconWizard/hermesvirtual/lib/python3.8/site-packages/airflow/example_dags/plugins/event_listener.py
[2023-11-01T21:54:22.572-0500] {processor.py:179} INFO - Processing /Users/dimz/EconWizard/hermesvirtual/lib/python3.8/site-packages/airflow/example_dags/plugins/event_listener.py took 0.090 seconds
[2023-11-01T21:55:23.950-0500] {processor.py:157} INFO - Started process (PID=89723) to work on /Users/dimz/EconWizard/hermesvirtual/lib/python3.8/site-packages/airflow/example_dags/plugins/event_listener.py
[2023-11-01T21:55:23.955-0500] {processor.py:829} INFO - Processing file /Users/dimz/EconWizard/hermesvirtual/lib/python3.8/site-packages/airflow/example_dags/plugins/event_listener.py for tasks to queue
[2023-11-01T21:55:23.955-0500] {logging_mixin.py:151} INFO - [2023-11-01T21:55:23.955-0500] {dagbag.py:536} INFO - Filling up the DagBag from /Users/dimz/EconWizard/hermesvirtual/lib/python3.8/site-packages/airflow/example_dags/plugins/event_listener.py
[2023-11-01T21:55:23.956-0500] {processor.py:841} WARNING - No viable dags retrieved from /Users/dimz/EconWizard/hermesvirtual/lib/python3.8/site-packages/airflow/example_dags/plugins/event_listener.py
[2023-11-01T21:55:24.033-0500] {processor.py:179} INFO - Processing /Users/dimz/EconWizard/hermesvirtual/lib/python3.8/site-packages/airflow/example_dags/plugins/event_listener.py took 0.084 seconds
[2023-11-01T21:56:22.276-0500] {processor.py:157} INFO - Started process (PID=89789) to work on /Users/dimz/EconWizard/hermesvirtual/lib/python3.8/site-packages/airflow/example_dags/plugins/event_listener.py
[2023-11-01T21:56:22.281-0500] {processor.py:829} INFO - Processing file /Users/dimz/EconWizard/hermesvirtual/lib/python3.8/site-packages/airflow/example_dags/plugins/event_listener.py for tasks to queue
[2023-11-01T21:56:22.281-0500] {logging_mixin.py:151} INFO - [2023-11-01T21:56:22.281-0500] {dagbag.py:536} INFO - Filling up the DagBag from /Users/dimz/EconWizard/hermesvirtual/lib/python3.8/site-packages/airflow/example_dags/plugins/event_listener.py
[2023-11-01T21:56:22.282-0500] {processor.py:841} WARNING - No viable dags retrieved from /Users/dimz/EconWizard/hermesvirtual/lib/python3.8/site-packages/airflow/example_dags/plugins/event_listener.py
[2023-11-01T21:56:22.360-0500] {processor.py:179} INFO - Processing /Users/dimz/EconWizard/hermesvirtual/lib/python3.8/site-packages/airflow/example_dags/plugins/event_listener.py took 0.084 seconds
[2023-11-01T21:57:19.294-0500] {processor.py:157} INFO - Started process (PID=89922) to work on /Users/dimz/EconWizard/hermesvirtual/lib/python3.8/site-packages/airflow/example_dags/plugins/event_listener.py
[2023-11-01T21:57:19.299-0500] {processor.py:829} INFO - Processing file /Users/dimz/EconWizard/hermesvirtual/lib/python3.8/site-packages/airflow/example_dags/plugins/event_listener.py for tasks to queue
[2023-11-01T21:57:19.300-0500] {logging_mixin.py:151} INFO - [2023-11-01T21:57:19.300-0500] {dagbag.py:536} INFO - Filling up the DagBag from /Users/dimz/EconWizard/hermesvirtual/lib/python3.8/site-packages/airflow/example_dags/plugins/event_listener.py
[2023-11-01T21:57:19.300-0500] {processor.py:841} WARNING - No viable dags retrieved from /Users/dimz/EconWizard/hermesvirtual/lib/python3.8/site-packages/airflow/example_dags/plugins/event_listener.py
[2023-11-01T21:57:19.381-0500] {processor.py:179} INFO - Processing /Users/dimz/EconWizard/hermesvirtual/lib/python3.8/site-packages/airflow/example_dags/plugins/event_listener.py took 0.087 seconds
[2023-11-01T21:58:20.254-0500] {processor.py:157} INFO - Started process (PID=90009) to work on /Users/dimz/EconWizard/hermesvirtual/lib/python3.8/site-packages/airflow/example_dags/plugins/event_listener.py
[2023-11-01T21:58:20.259-0500] {processor.py:829} INFO - Processing file /Users/dimz/EconWizard/hermesvirtual/lib/python3.8/site-packages/airflow/example_dags/plugins/event_listener.py for tasks to queue
[2023-11-01T21:58:20.259-0500] {logging_mixin.py:151} INFO - [2023-11-01T21:58:20.259-0500] {dagbag.py:536} INFO - Filling up the DagBag from /Users/dimz/EconWizard/hermesvirtual/lib/python3.8/site-packages/airflow/example_dags/plugins/event_listener.py
[2023-11-01T21:58:20.260-0500] {processor.py:841} WARNING - No viable dags retrieved from /Users/dimz/EconWizard/hermesvirtual/lib/python3.8/site-packages/airflow/example_dags/plugins/event_listener.py
[2023-11-01T21:58:20.338-0500] {processor.py:179} INFO - Processing /Users/dimz/EconWizard/hermesvirtual/lib/python3.8/site-packages/airflow/example_dags/plugins/event_listener.py took 0.084 seconds
[2023-11-01T21:59:21.201-0500] {processor.py:157} INFO - Started process (PID=90075) to work on /Users/dimz/EconWizard/hermesvirtual/lib/python3.8/site-packages/airflow/example_dags/plugins/event_listener.py
[2023-11-01T21:59:21.206-0500] {processor.py:829} INFO - Processing file /Users/dimz/EconWizard/hermesvirtual/lib/python3.8/site-packages/airflow/example_dags/plugins/event_listener.py for tasks to queue
[2023-11-01T21:59:21.206-0500] {logging_mixin.py:151} INFO - [2023-11-01T21:59:21.206-0500] {dagbag.py:536} INFO - Filling up the DagBag from /Users/dimz/EconWizard/hermesvirtual/lib/python3.8/site-packages/airflow/example_dags/plugins/event_listener.py
[2023-11-01T21:59:21.207-0500] {processor.py:841} WARNING - No viable dags retrieved from /Users/dimz/EconWizard/hermesvirtual/lib/python3.8/site-packages/airflow/example_dags/plugins/event_listener.py
[2023-11-01T21:59:21.285-0500] {processor.py:179} INFO - Processing /Users/dimz/EconWizard/hermesvirtual/lib/python3.8/site-packages/airflow/example_dags/plugins/event_listener.py took 0.085 seconds
[2023-11-01T22:00:21.271-0500] {processor.py:157} INFO - Started process (PID=90163) to work on /Users/dimz/EconWizard/hermesvirtual/lib/python3.8/site-packages/airflow/example_dags/plugins/event_listener.py
[2023-11-01T22:00:21.276-0500] {processor.py:829} INFO - Processing file /Users/dimz/EconWizard/hermesvirtual/lib/python3.8/site-packages/airflow/example_dags/plugins/event_listener.py for tasks to queue
[2023-11-01T22:00:21.276-0500] {logging_mixin.py:151} INFO - [2023-11-01T22:00:21.276-0500] {dagbag.py:536} INFO - Filling up the DagBag from /Users/dimz/EconWizard/hermesvirtual/lib/python3.8/site-packages/airflow/example_dags/plugins/event_listener.py
[2023-11-01T22:00:21.277-0500] {processor.py:841} WARNING - No viable dags retrieved from /Users/dimz/EconWizard/hermesvirtual/lib/python3.8/site-packages/airflow/example_dags/plugins/event_listener.py
[2023-11-01T22:00:21.359-0500] {processor.py:179} INFO - Processing /Users/dimz/EconWizard/hermesvirtual/lib/python3.8/site-packages/airflow/example_dags/plugins/event_listener.py took 0.088 seconds
[2023-11-01T22:01:20.966-0500] {processor.py:157} INFO - Started process (PID=90251) to work on /Users/dimz/EconWizard/hermesvirtual/lib/python3.8/site-packages/airflow/example_dags/plugins/event_listener.py
[2023-11-01T22:01:20.972-0500] {processor.py:829} INFO - Processing file /Users/dimz/EconWizard/hermesvirtual/lib/python3.8/site-packages/airflow/example_dags/plugins/event_listener.py for tasks to queue
[2023-11-01T22:01:20.972-0500] {logging_mixin.py:151} INFO - [2023-11-01T22:01:20.972-0500] {dagbag.py:536} INFO - Filling up the DagBag from /Users/dimz/EconWizard/hermesvirtual/lib/python3.8/site-packages/airflow/example_dags/plugins/event_listener.py
[2023-11-01T22:01:20.973-0500] {processor.py:841} WARNING - No viable dags retrieved from /Users/dimz/EconWizard/hermesvirtual/lib/python3.8/site-packages/airflow/example_dags/plugins/event_listener.py
[2023-11-01T22:01:21.054-0500] {processor.py:179} INFO - Processing /Users/dimz/EconWizard/hermesvirtual/lib/python3.8/site-packages/airflow/example_dags/plugins/event_listener.py took 0.089 seconds
[2023-11-01T22:02:23.127-0500] {processor.py:157} INFO - Started process (PID=90327) to work on /Users/dimz/EconWizard/hermesvirtual/lib/python3.8/site-packages/airflow/example_dags/plugins/event_listener.py
[2023-11-01T22:02:23.132-0500] {processor.py:829} INFO - Processing file /Users/dimz/EconWizard/hermesvirtual/lib/python3.8/site-packages/airflow/example_dags/plugins/event_listener.py for tasks to queue
[2023-11-01T22:02:23.132-0500] {logging_mixin.py:151} INFO - [2023-11-01T22:02:23.132-0500] {dagbag.py:536} INFO - Filling up the DagBag from /Users/dimz/EconWizard/hermesvirtual/lib/python3.8/site-packages/airflow/example_dags/plugins/event_listener.py
[2023-11-01T22:02:23.133-0500] {processor.py:841} WARNING - No viable dags retrieved from /Users/dimz/EconWizard/hermesvirtual/lib/python3.8/site-packages/airflow/example_dags/plugins/event_listener.py
[2023-11-01T22:02:23.212-0500] {processor.py:179} INFO - Processing /Users/dimz/EconWizard/hermesvirtual/lib/python3.8/site-packages/airflow/example_dags/plugins/event_listener.py took 0.086 seconds
[2023-11-01T22:03:23.945-0500] {processor.py:157} INFO - Started process (PID=90410) to work on /Users/dimz/EconWizard/hermesvirtual/lib/python3.8/site-packages/airflow/example_dags/plugins/event_listener.py
[2023-11-01T22:03:23.950-0500] {processor.py:829} INFO - Processing file /Users/dimz/EconWizard/hermesvirtual/lib/python3.8/site-packages/airflow/example_dags/plugins/event_listener.py for tasks to queue
[2023-11-01T22:03:23.951-0500] {logging_mixin.py:151} INFO - [2023-11-01T22:03:23.951-0500] {dagbag.py:536} INFO - Filling up the DagBag from /Users/dimz/EconWizard/hermesvirtual/lib/python3.8/site-packages/airflow/example_dags/plugins/event_listener.py
[2023-11-01T22:03:23.951-0500] {processor.py:841} WARNING - No viable dags retrieved from /Users/dimz/EconWizard/hermesvirtual/lib/python3.8/site-packages/airflow/example_dags/plugins/event_listener.py
[2023-11-01T22:03:24.030-0500] {processor.py:179} INFO - Processing /Users/dimz/EconWizard/hermesvirtual/lib/python3.8/site-packages/airflow/example_dags/plugins/event_listener.py took 0.085 seconds
[2023-11-01T22:04:22.237-0500] {processor.py:157} INFO - Started process (PID=90509) to work on /Users/dimz/EconWizard/hermesvirtual/lib/python3.8/site-packages/airflow/example_dags/plugins/event_listener.py
[2023-11-01T22:04:22.242-0500] {processor.py:829} INFO - Processing file /Users/dimz/EconWizard/hermesvirtual/lib/python3.8/site-packages/airflow/example_dags/plugins/event_listener.py for tasks to queue
[2023-11-01T22:04:22.242-0500] {logging_mixin.py:151} INFO - [2023-11-01T22:04:22.242-0500] {dagbag.py:536} INFO - Filling up the DagBag from /Users/dimz/EconWizard/hermesvirtual/lib/python3.8/site-packages/airflow/example_dags/plugins/event_listener.py
[2023-11-01T22:04:22.243-0500] {processor.py:841} WARNING - No viable dags retrieved from /Users/dimz/EconWizard/hermesvirtual/lib/python3.8/site-packages/airflow/example_dags/plugins/event_listener.py
[2023-11-01T22:04:22.325-0500] {processor.py:179} INFO - Processing /Users/dimz/EconWizard/hermesvirtual/lib/python3.8/site-packages/airflow/example_dags/plugins/event_listener.py took 0.088 seconds
[2023-11-01T22:05:17.019-0500] {processor.py:157} INFO - Started process (PID=90625) to work on /Users/dimz/EconWizard/hermesvirtual/lib/python3.8/site-packages/airflow/example_dags/plugins/event_listener.py
[2023-11-01T22:05:17.023-0500] {processor.py:829} INFO - Processing file /Users/dimz/EconWizard/hermesvirtual/lib/python3.8/site-packages/airflow/example_dags/plugins/event_listener.py for tasks to queue
[2023-11-01T22:05:17.024-0500] {logging_mixin.py:151} INFO - [2023-11-01T22:05:17.024-0500] {dagbag.py:536} INFO - Filling up the DagBag from /Users/dimz/EconWizard/hermesvirtual/lib/python3.8/site-packages/airflow/example_dags/plugins/event_listener.py
[2023-11-01T22:05:17.025-0500] {processor.py:841} WARNING - No viable dags retrieved from /Users/dimz/EconWizard/hermesvirtual/lib/python3.8/site-packages/airflow/example_dags/plugins/event_listener.py
[2023-11-01T22:05:17.110-0500] {processor.py:179} INFO - Processing /Users/dimz/EconWizard/hermesvirtual/lib/python3.8/site-packages/airflow/example_dags/plugins/event_listener.py took 0.092 seconds
[2023-11-01T22:06:16.892-0500] {processor.py:157} INFO - Started process (PID=90732) to work on /Users/dimz/EconWizard/hermesvirtual/lib/python3.8/site-packages/airflow/example_dags/plugins/event_listener.py
[2023-11-01T22:06:16.898-0500] {processor.py:829} INFO - Processing file /Users/dimz/EconWizard/hermesvirtual/lib/python3.8/site-packages/airflow/example_dags/plugins/event_listener.py for tasks to queue
[2023-11-01T22:06:16.898-0500] {logging_mixin.py:151} INFO - [2023-11-01T22:06:16.898-0500] {dagbag.py:536} INFO - Filling up the DagBag from /Users/dimz/EconWizard/hermesvirtual/lib/python3.8/site-packages/airflow/example_dags/plugins/event_listener.py
[2023-11-01T22:06:16.899-0500] {processor.py:841} WARNING - No viable dags retrieved from /Users/dimz/EconWizard/hermesvirtual/lib/python3.8/site-packages/airflow/example_dags/plugins/event_listener.py
[2023-11-01T22:06:16.990-0500] {processor.py:179} INFO - Processing /Users/dimz/EconWizard/hermesvirtual/lib/python3.8/site-packages/airflow/example_dags/plugins/event_listener.py took 0.098 seconds
[2023-11-01T22:07:19.547-0500] {processor.py:157} INFO - Started process (PID=90827) to work on /Users/dimz/EconWizard/hermesvirtual/lib/python3.8/site-packages/airflow/example_dags/plugins/event_listener.py
[2023-11-01T22:07:19.552-0500] {processor.py:829} INFO - Processing file /Users/dimz/EconWizard/hermesvirtual/lib/python3.8/site-packages/airflow/example_dags/plugins/event_listener.py for tasks to queue
[2023-11-01T22:07:19.552-0500] {logging_mixin.py:151} INFO - [2023-11-01T22:07:19.552-0500] {dagbag.py:536} INFO - Filling up the DagBag from /Users/dimz/EconWizard/hermesvirtual/lib/python3.8/site-packages/airflow/example_dags/plugins/event_listener.py
[2023-11-01T22:07:19.553-0500] {processor.py:841} WARNING - No viable dags retrieved from /Users/dimz/EconWizard/hermesvirtual/lib/python3.8/site-packages/airflow/example_dags/plugins/event_listener.py
[2023-11-01T22:07:19.636-0500] {processor.py:179} INFO - Processing /Users/dimz/EconWizard/hermesvirtual/lib/python3.8/site-packages/airflow/example_dags/plugins/event_listener.py took 0.089 seconds
[2023-11-01T22:08:22.035-0500] {processor.py:157} INFO - Started process (PID=90956) to work on /Users/dimz/EconWizard/hermesvirtual/lib/python3.8/site-packages/airflow/example_dags/plugins/event_listener.py
[2023-11-01T22:08:22.041-0500] {processor.py:829} INFO - Processing file /Users/dimz/EconWizard/hermesvirtual/lib/python3.8/site-packages/airflow/example_dags/plugins/event_listener.py for tasks to queue
[2023-11-01T22:08:22.041-0500] {logging_mixin.py:151} INFO - [2023-11-01T22:08:22.041-0500] {dagbag.py:536} INFO - Filling up the DagBag from /Users/dimz/EconWizard/hermesvirtual/lib/python3.8/site-packages/airflow/example_dags/plugins/event_listener.py
[2023-11-01T22:08:22.042-0500] {processor.py:841} WARNING - No viable dags retrieved from /Users/dimz/EconWizard/hermesvirtual/lib/python3.8/site-packages/airflow/example_dags/plugins/event_listener.py
[2023-11-01T22:08:22.122-0500] {processor.py:179} INFO - Processing /Users/dimz/EconWizard/hermesvirtual/lib/python3.8/site-packages/airflow/example_dags/plugins/event_listener.py took 0.087 seconds
[2023-11-01T22:13:11.634-0500] {processor.py:157} INFO - Started process (PID=91405) to work on /Users/dimz/EconWizard/hermesvirtual/lib/python3.8/site-packages/airflow/example_dags/plugins/event_listener.py
[2023-11-01T22:13:11.638-0500] {processor.py:829} INFO - Processing file /Users/dimz/EconWizard/hermesvirtual/lib/python3.8/site-packages/airflow/example_dags/plugins/event_listener.py for tasks to queue
[2023-11-01T22:13:11.638-0500] {logging_mixin.py:151} INFO - [2023-11-01T22:13:11.638-0500] {dagbag.py:536} INFO - Filling up the DagBag from /Users/dimz/EconWizard/hermesvirtual/lib/python3.8/site-packages/airflow/example_dags/plugins/event_listener.py
[2023-11-01T22:13:11.639-0500] {processor.py:841} WARNING - No viable dags retrieved from /Users/dimz/EconWizard/hermesvirtual/lib/python3.8/site-packages/airflow/example_dags/plugins/event_listener.py
[2023-11-01T22:13:11.718-0500] {processor.py:179} INFO - Processing /Users/dimz/EconWizard/hermesvirtual/lib/python3.8/site-packages/airflow/example_dags/plugins/event_listener.py took 0.085 seconds
[2023-11-01T22:13:57.432-0500] {processor.py:157} INFO - Started process (PID=91519) to work on /Users/dimz/EconWizard/hermesvirtual/lib/python3.8/site-packages/airflow/example_dags/plugins/event_listener.py
[2023-11-01T22:13:57.438-0500] {processor.py:829} INFO - Processing file /Users/dimz/EconWizard/hermesvirtual/lib/python3.8/site-packages/airflow/example_dags/plugins/event_listener.py for tasks to queue
[2023-11-01T22:13:57.439-0500] {logging_mixin.py:151} INFO - [2023-11-01T22:13:57.438-0500] {dagbag.py:536} INFO - Filling up the DagBag from /Users/dimz/EconWizard/hermesvirtual/lib/python3.8/site-packages/airflow/example_dags/plugins/event_listener.py
[2023-11-01T22:13:57.439-0500] {processor.py:841} WARNING - No viable dags retrieved from /Users/dimz/EconWizard/hermesvirtual/lib/python3.8/site-packages/airflow/example_dags/plugins/event_listener.py
[2023-11-01T22:13:57.531-0500] {processor.py:179} INFO - Processing /Users/dimz/EconWizard/hermesvirtual/lib/python3.8/site-packages/airflow/example_dags/plugins/event_listener.py took 0.099 seconds
[2023-11-01T22:15:00.653-0500] {processor.py:157} INFO - Started process (PID=91583) to work on /Users/dimz/EconWizard/hermesvirtual/lib/python3.8/site-packages/airflow/example_dags/plugins/event_listener.py
[2023-11-01T22:15:00.657-0500] {processor.py:829} INFO - Processing file /Users/dimz/EconWizard/hermesvirtual/lib/python3.8/site-packages/airflow/example_dags/plugins/event_listener.py for tasks to queue
[2023-11-01T22:15:00.657-0500] {logging_mixin.py:151} INFO - [2023-11-01T22:15:00.657-0500] {dagbag.py:536} INFO - Filling up the DagBag from /Users/dimz/EconWizard/hermesvirtual/lib/python3.8/site-packages/airflow/example_dags/plugins/event_listener.py
[2023-11-01T22:15:00.658-0500] {processor.py:841} WARNING - No viable dags retrieved from /Users/dimz/EconWizard/hermesvirtual/lib/python3.8/site-packages/airflow/example_dags/plugins/event_listener.py
[2023-11-01T22:15:00.736-0500] {processor.py:179} INFO - Processing /Users/dimz/EconWizard/hermesvirtual/lib/python3.8/site-packages/airflow/example_dags/plugins/event_listener.py took 0.083 seconds
[2023-11-01T22:15:59.640-0500] {processor.py:157} INFO - Started process (PID=91691) to work on /Users/dimz/EconWizard/hermesvirtual/lib/python3.8/site-packages/airflow/example_dags/plugins/event_listener.py
[2023-11-01T22:15:59.646-0500] {processor.py:829} INFO - Processing file /Users/dimz/EconWizard/hermesvirtual/lib/python3.8/site-packages/airflow/example_dags/plugins/event_listener.py for tasks to queue
[2023-11-01T22:15:59.646-0500] {logging_mixin.py:151} INFO - [2023-11-01T22:15:59.646-0500] {dagbag.py:536} INFO - Filling up the DagBag from /Users/dimz/EconWizard/hermesvirtual/lib/python3.8/site-packages/airflow/example_dags/plugins/event_listener.py
[2023-11-01T22:15:59.647-0500] {processor.py:841} WARNING - No viable dags retrieved from /Users/dimz/EconWizard/hermesvirtual/lib/python3.8/site-packages/airflow/example_dags/plugins/event_listener.py
[2023-11-01T22:15:59.732-0500] {processor.py:179} INFO - Processing /Users/dimz/EconWizard/hermesvirtual/lib/python3.8/site-packages/airflow/example_dags/plugins/event_listener.py took 0.092 seconds
[2023-11-01T22:16:59.984-0500] {processor.py:157} INFO - Started process (PID=91814) to work on /Users/dimz/EconWizard/hermesvirtual/lib/python3.8/site-packages/airflow/example_dags/plugins/event_listener.py
[2023-11-01T22:16:59.989-0500] {processor.py:829} INFO - Processing file /Users/dimz/EconWizard/hermesvirtual/lib/python3.8/site-packages/airflow/example_dags/plugins/event_listener.py for tasks to queue
[2023-11-01T22:16:59.990-0500] {logging_mixin.py:151} INFO - [2023-11-01T22:16:59.989-0500] {dagbag.py:536} INFO - Filling up the DagBag from /Users/dimz/EconWizard/hermesvirtual/lib/python3.8/site-packages/airflow/example_dags/plugins/event_listener.py
[2023-11-01T22:16:59.990-0500] {processor.py:841} WARNING - No viable dags retrieved from /Users/dimz/EconWizard/hermesvirtual/lib/python3.8/site-packages/airflow/example_dags/plugins/event_listener.py
[2023-11-01T22:17:00.079-0500] {processor.py:179} INFO - Processing /Users/dimz/EconWizard/hermesvirtual/lib/python3.8/site-packages/airflow/example_dags/plugins/event_listener.py took 0.095 seconds
[2023-11-01T22:17:58.345-0500] {processor.py:157} INFO - Started process (PID=91976) to work on /Users/dimz/EconWizard/hermesvirtual/lib/python3.8/site-packages/airflow/example_dags/plugins/event_listener.py
[2023-11-01T22:17:58.349-0500] {processor.py:829} INFO - Processing file /Users/dimz/EconWizard/hermesvirtual/lib/python3.8/site-packages/airflow/example_dags/plugins/event_listener.py for tasks to queue
[2023-11-01T22:17:58.349-0500] {logging_mixin.py:151} INFO - [2023-11-01T22:17:58.349-0500] {dagbag.py:536} INFO - Filling up the DagBag from /Users/dimz/EconWizard/hermesvirtual/lib/python3.8/site-packages/airflow/example_dags/plugins/event_listener.py
[2023-11-01T22:17:58.350-0500] {processor.py:841} WARNING - No viable dags retrieved from /Users/dimz/EconWizard/hermesvirtual/lib/python3.8/site-packages/airflow/example_dags/plugins/event_listener.py
[2023-11-01T22:17:58.429-0500] {processor.py:179} INFO - Processing /Users/dimz/EconWizard/hermesvirtual/lib/python3.8/site-packages/airflow/example_dags/plugins/event_listener.py took 0.085 seconds
[2023-11-01T22:18:57.510-0500] {processor.py:157} INFO - Started process (PID=92140) to work on /Users/dimz/EconWizard/hermesvirtual/lib/python3.8/site-packages/airflow/example_dags/plugins/event_listener.py
[2023-11-01T22:18:57.515-0500] {processor.py:829} INFO - Processing file /Users/dimz/EconWizard/hermesvirtual/lib/python3.8/site-packages/airflow/example_dags/plugins/event_listener.py for tasks to queue
[2023-11-01T22:18:57.515-0500] {logging_mixin.py:151} INFO - [2023-11-01T22:18:57.515-0500] {dagbag.py:536} INFO - Filling up the DagBag from /Users/dimz/EconWizard/hermesvirtual/lib/python3.8/site-packages/airflow/example_dags/plugins/event_listener.py
[2023-11-01T22:18:57.516-0500] {processor.py:841} WARNING - No viable dags retrieved from /Users/dimz/EconWizard/hermesvirtual/lib/python3.8/site-packages/airflow/example_dags/plugins/event_listener.py
[2023-11-01T22:18:57.601-0500] {processor.py:179} INFO - Processing /Users/dimz/EconWizard/hermesvirtual/lib/python3.8/site-packages/airflow/example_dags/plugins/event_listener.py took 0.092 seconds
[2023-11-01T22:19:52.473-0500] {processor.py:157} INFO - Started process (PID=92250) to work on /Users/dimz/EconWizard/hermesvirtual/lib/python3.8/site-packages/airflow/example_dags/plugins/event_listener.py
[2023-11-01T22:19:52.479-0500] {processor.py:829} INFO - Processing file /Users/dimz/EconWizard/hermesvirtual/lib/python3.8/site-packages/airflow/example_dags/plugins/event_listener.py for tasks to queue
[2023-11-01T22:19:52.479-0500] {logging_mixin.py:151} INFO - [2023-11-01T22:19:52.479-0500] {dagbag.py:536} INFO - Filling up the DagBag from /Users/dimz/EconWizard/hermesvirtual/lib/python3.8/site-packages/airflow/example_dags/plugins/event_listener.py
[2023-11-01T22:19:52.480-0500] {processor.py:841} WARNING - No viable dags retrieved from /Users/dimz/EconWizard/hermesvirtual/lib/python3.8/site-packages/airflow/example_dags/plugins/event_listener.py
[2023-11-01T22:19:52.563-0500] {processor.py:179} INFO - Processing /Users/dimz/EconWizard/hermesvirtual/lib/python3.8/site-packages/airflow/example_dags/plugins/event_listener.py took 0.090 seconds
[2023-11-01T22:20:45.801-0500] {processor.py:157} INFO - Started process (PID=92367) to work on /Users/dimz/EconWizard/hermesvirtual/lib/python3.8/site-packages/airflow/example_dags/plugins/event_listener.py
[2023-11-01T22:20:45.805-0500] {processor.py:829} INFO - Processing file /Users/dimz/EconWizard/hermesvirtual/lib/python3.8/site-packages/airflow/example_dags/plugins/event_listener.py for tasks to queue
[2023-11-01T22:20:45.805-0500] {logging_mixin.py:151} INFO - [2023-11-01T22:20:45.805-0500] {dagbag.py:536} INFO - Filling up the DagBag from /Users/dimz/EconWizard/hermesvirtual/lib/python3.8/site-packages/airflow/example_dags/plugins/event_listener.py
[2023-11-01T22:20:45.806-0500] {processor.py:841} WARNING - No viable dags retrieved from /Users/dimz/EconWizard/hermesvirtual/lib/python3.8/site-packages/airflow/example_dags/plugins/event_listener.py
[2023-11-01T22:20:45.884-0500] {processor.py:179} INFO - Processing /Users/dimz/EconWizard/hermesvirtual/lib/python3.8/site-packages/airflow/example_dags/plugins/event_listener.py took 0.083 seconds
[2023-11-01T22:21:42.975-0500] {processor.py:157} INFO - Started process (PID=92529) to work on /Users/dimz/EconWizard/hermesvirtual/lib/python3.8/site-packages/airflow/example_dags/plugins/event_listener.py
[2023-11-01T22:21:42.980-0500] {processor.py:829} INFO - Processing file /Users/dimz/EconWizard/hermesvirtual/lib/python3.8/site-packages/airflow/example_dags/plugins/event_listener.py for tasks to queue
[2023-11-01T22:21:42.980-0500] {logging_mixin.py:151} INFO - [2023-11-01T22:21:42.980-0500] {dagbag.py:536} INFO - Filling up the DagBag from /Users/dimz/EconWizard/hermesvirtual/lib/python3.8/site-packages/airflow/example_dags/plugins/event_listener.py
[2023-11-01T22:21:42.981-0500] {processor.py:841} WARNING - No viable dags retrieved from /Users/dimz/EconWizard/hermesvirtual/lib/python3.8/site-packages/airflow/example_dags/plugins/event_listener.py
[2023-11-01T22:21:43.076-0500] {processor.py:179} INFO - Processing /Users/dimz/EconWizard/hermesvirtual/lib/python3.8/site-packages/airflow/example_dags/plugins/event_listener.py took 0.102 seconds
[2023-11-01T22:22:44.208-0500] {processor.py:157} INFO - Started process (PID=92697) to work on /Users/dimz/EconWizard/hermesvirtual/lib/python3.8/site-packages/airflow/example_dags/plugins/event_listener.py
[2023-11-01T22:22:44.212-0500] {processor.py:829} INFO - Processing file /Users/dimz/EconWizard/hermesvirtual/lib/python3.8/site-packages/airflow/example_dags/plugins/event_listener.py for tasks to queue
[2023-11-01T22:22:44.213-0500] {logging_mixin.py:151} INFO - [2023-11-01T22:22:44.213-0500] {dagbag.py:536} INFO - Filling up the DagBag from /Users/dimz/EconWizard/hermesvirtual/lib/python3.8/site-packages/airflow/example_dags/plugins/event_listener.py
[2023-11-01T22:22:44.214-0500] {processor.py:841} WARNING - No viable dags retrieved from /Users/dimz/EconWizard/hermesvirtual/lib/python3.8/site-packages/airflow/example_dags/plugins/event_listener.py
[2023-11-01T22:22:44.298-0500] {processor.py:179} INFO - Processing /Users/dimz/EconWizard/hermesvirtual/lib/python3.8/site-packages/airflow/example_dags/plugins/event_listener.py took 0.090 seconds
[2023-11-01T23:11:10.662-0500] {processor.py:157} INFO - Started process (PID=92885) to work on /Users/dimz/EconWizard/hermesvirtual/lib/python3.8/site-packages/airflow/example_dags/plugins/event_listener.py
[2023-11-01T23:11:10.667-0500] {processor.py:829} INFO - Processing file /Users/dimz/EconWizard/hermesvirtual/lib/python3.8/site-packages/airflow/example_dags/plugins/event_listener.py for tasks to queue
[2023-11-01T23:11:10.667-0500] {logging_mixin.py:151} INFO - [2023-11-01T23:11:10.667-0500] {dagbag.py:536} INFO - Filling up the DagBag from /Users/dimz/EconWizard/hermesvirtual/lib/python3.8/site-packages/airflow/example_dags/plugins/event_listener.py
[2023-11-01T23:11:10.668-0500] {processor.py:841} WARNING - No viable dags retrieved from /Users/dimz/EconWizard/hermesvirtual/lib/python3.8/site-packages/airflow/example_dags/plugins/event_listener.py
[2023-11-01T23:11:10.757-0500] {processor.py:179} INFO - Processing /Users/dimz/EconWizard/hermesvirtual/lib/python3.8/site-packages/airflow/example_dags/plugins/event_listener.py took 0.095 seconds
[2023-11-02T01:27:52.071-0500] {processor.py:157} INFO - Started process (PID=93009) to work on /Users/dimz/EconWizard/hermesvirtual/lib/python3.8/site-packages/airflow/example_dags/plugins/event_listener.py
[2023-11-02T01:27:52.076-0500] {processor.py:829} INFO - Processing file /Users/dimz/EconWizard/hermesvirtual/lib/python3.8/site-packages/airflow/example_dags/plugins/event_listener.py for tasks to queue
[2023-11-02T01:27:52.076-0500] {logging_mixin.py:151} INFO - [2023-11-02T01:27:52.076-0500] {dagbag.py:536} INFO - Filling up the DagBag from /Users/dimz/EconWizard/hermesvirtual/lib/python3.8/site-packages/airflow/example_dags/plugins/event_listener.py
[2023-11-02T01:27:52.077-0500] {processor.py:841} WARNING - No viable dags retrieved from /Users/dimz/EconWizard/hermesvirtual/lib/python3.8/site-packages/airflow/example_dags/plugins/event_listener.py
[2023-11-02T01:27:52.159-0500] {processor.py:179} INFO - Processing /Users/dimz/EconWizard/hermesvirtual/lib/python3.8/site-packages/airflow/example_dags/plugins/event_listener.py took 0.088 seconds
[2023-11-02T06:00:22.010-0500] {processor.py:157} INFO - Started process (PID=93229) to work on /Users/dimz/EconWizard/hermesvirtual/lib/python3.8/site-packages/airflow/example_dags/plugins/event_listener.py
[2023-11-02T06:00:22.015-0500] {processor.py:829} INFO - Processing file /Users/dimz/EconWizard/hermesvirtual/lib/python3.8/site-packages/airflow/example_dags/plugins/event_listener.py for tasks to queue
[2023-11-02T06:00:22.015-0500] {logging_mixin.py:151} INFO - [2023-11-02T06:00:22.015-0500] {dagbag.py:536} INFO - Filling up the DagBag from /Users/dimz/EconWizard/hermesvirtual/lib/python3.8/site-packages/airflow/example_dags/plugins/event_listener.py
[2023-11-02T06:00:22.016-0500] {processor.py:841} WARNING - No viable dags retrieved from /Users/dimz/EconWizard/hermesvirtual/lib/python3.8/site-packages/airflow/example_dags/plugins/event_listener.py
[2023-11-02T06:00:22.103-0500] {processor.py:179} INFO - Processing /Users/dimz/EconWizard/hermesvirtual/lib/python3.8/site-packages/airflow/example_dags/plugins/event_listener.py took 0.093 seconds
[2023-11-02T08:18:15.055-0500] {processor.py:157} INFO - Started process (PID=93352) to work on /Users/dimz/EconWizard/hermesvirtual/lib/python3.8/site-packages/airflow/example_dags/plugins/event_listener.py
[2023-11-02T08:18:15.059-0500] {processor.py:829} INFO - Processing file /Users/dimz/EconWizard/hermesvirtual/lib/python3.8/site-packages/airflow/example_dags/plugins/event_listener.py for tasks to queue
[2023-11-02T08:18:15.060-0500] {logging_mixin.py:151} INFO - [2023-11-02T08:18:15.060-0500] {dagbag.py:536} INFO - Filling up the DagBag from /Users/dimz/EconWizard/hermesvirtual/lib/python3.8/site-packages/airflow/example_dags/plugins/event_listener.py
[2023-11-02T08:18:15.061-0500] {processor.py:841} WARNING - No viable dags retrieved from /Users/dimz/EconWizard/hermesvirtual/lib/python3.8/site-packages/airflow/example_dags/plugins/event_listener.py
[2023-11-02T08:18:15.150-0500] {processor.py:179} INFO - Processing /Users/dimz/EconWizard/hermesvirtual/lib/python3.8/site-packages/airflow/example_dags/plugins/event_listener.py took 0.095 seconds
[2023-11-02T08:37:30.140-0500] {processor.py:157} INFO - Started process (PID=93453) to work on /Users/dimz/EconWizard/hermesvirtual/lib/python3.8/site-packages/airflow/example_dags/plugins/event_listener.py
[2023-11-02T08:37:30.144-0500] {processor.py:829} INFO - Processing file /Users/dimz/EconWizard/hermesvirtual/lib/python3.8/site-packages/airflow/example_dags/plugins/event_listener.py for tasks to queue
[2023-11-02T08:37:30.145-0500] {logging_mixin.py:151} INFO - [2023-11-02T08:37:30.145-0500] {dagbag.py:536} INFO - Filling up the DagBag from /Users/dimz/EconWizard/hermesvirtual/lib/python3.8/site-packages/airflow/example_dags/plugins/event_listener.py
[2023-11-02T08:37:30.145-0500] {processor.py:841} WARNING - No viable dags retrieved from /Users/dimz/EconWizard/hermesvirtual/lib/python3.8/site-packages/airflow/example_dags/plugins/event_listener.py
[2023-11-02T08:37:30.235-0500] {processor.py:179} INFO - Processing /Users/dimz/EconWizard/hermesvirtual/lib/python3.8/site-packages/airflow/example_dags/plugins/event_listener.py took 0.096 seconds
[2023-11-02T09:02:29.163-0500] {processor.py:157} INFO - Started process (PID=93527) to work on /Users/dimz/EconWizard/hermesvirtual/lib/python3.8/site-packages/airflow/example_dags/plugins/event_listener.py
[2023-11-02T09:02:29.167-0500] {processor.py:829} INFO - Processing file /Users/dimz/EconWizard/hermesvirtual/lib/python3.8/site-packages/airflow/example_dags/plugins/event_listener.py for tasks to queue
[2023-11-02T09:02:29.168-0500] {logging_mixin.py:151} INFO - [2023-11-02T09:02:29.168-0500] {dagbag.py:536} INFO - Filling up the DagBag from /Users/dimz/EconWizard/hermesvirtual/lib/python3.8/site-packages/airflow/example_dags/plugins/event_listener.py
[2023-11-02T09:02:29.169-0500] {processor.py:841} WARNING - No viable dags retrieved from /Users/dimz/EconWizard/hermesvirtual/lib/python3.8/site-packages/airflow/example_dags/plugins/event_listener.py
[2023-11-02T09:02:29.261-0500] {processor.py:179} INFO - Processing /Users/dimz/EconWizard/hermesvirtual/lib/python3.8/site-packages/airflow/example_dags/plugins/event_listener.py took 0.099 seconds
[2023-11-02T09:03:56.861-0500] {processor.py:157} INFO - Started process (PID=93663) to work on /Users/dimz/EconWizard/hermesvirtual/lib/python3.8/site-packages/airflow/example_dags/plugins/event_listener.py
[2023-11-02T09:03:56.866-0500] {processor.py:829} INFO - Processing file /Users/dimz/EconWizard/hermesvirtual/lib/python3.8/site-packages/airflow/example_dags/plugins/event_listener.py for tasks to queue
[2023-11-02T09:03:56.866-0500] {logging_mixin.py:151} INFO - [2023-11-02T09:03:56.866-0500] {dagbag.py:536} INFO - Filling up the DagBag from /Users/dimz/EconWizard/hermesvirtual/lib/python3.8/site-packages/airflow/example_dags/plugins/event_listener.py
[2023-11-02T09:03:56.867-0500] {processor.py:841} WARNING - No viable dags retrieved from /Users/dimz/EconWizard/hermesvirtual/lib/python3.8/site-packages/airflow/example_dags/plugins/event_listener.py
[2023-11-02T09:03:56.948-0500] {processor.py:179} INFO - Processing /Users/dimz/EconWizard/hermesvirtual/lib/python3.8/site-packages/airflow/example_dags/plugins/event_listener.py took 0.087 seconds
[2023-11-02T09:04:57.789-0500] {processor.py:157} INFO - Started process (PID=93763) to work on /Users/dimz/EconWizard/hermesvirtual/lib/python3.8/site-packages/airflow/example_dags/plugins/event_listener.py
[2023-11-02T09:04:57.794-0500] {processor.py:829} INFO - Processing file /Users/dimz/EconWizard/hermesvirtual/lib/python3.8/site-packages/airflow/example_dags/plugins/event_listener.py for tasks to queue
[2023-11-02T09:04:57.795-0500] {logging_mixin.py:151} INFO - [2023-11-02T09:04:57.795-0500] {dagbag.py:536} INFO - Filling up the DagBag from /Users/dimz/EconWizard/hermesvirtual/lib/python3.8/site-packages/airflow/example_dags/plugins/event_listener.py
[2023-11-02T09:04:57.796-0500] {processor.py:841} WARNING - No viable dags retrieved from /Users/dimz/EconWizard/hermesvirtual/lib/python3.8/site-packages/airflow/example_dags/plugins/event_listener.py
[2023-11-02T09:04:57.877-0500] {processor.py:179} INFO - Processing /Users/dimz/EconWizard/hermesvirtual/lib/python3.8/site-packages/airflow/example_dags/plugins/event_listener.py took 0.088 seconds
[2023-11-02T09:05:53.288-0500] {processor.py:157} INFO - Started process (PID=93832) to work on /Users/dimz/EconWizard/hermesvirtual/lib/python3.8/site-packages/airflow/example_dags/plugins/event_listener.py
[2023-11-02T09:05:53.292-0500] {processor.py:829} INFO - Processing file /Users/dimz/EconWizard/hermesvirtual/lib/python3.8/site-packages/airflow/example_dags/plugins/event_listener.py for tasks to queue
[2023-11-02T09:05:53.292-0500] {logging_mixin.py:151} INFO - [2023-11-02T09:05:53.292-0500] {dagbag.py:536} INFO - Filling up the DagBag from /Users/dimz/EconWizard/hermesvirtual/lib/python3.8/site-packages/airflow/example_dags/plugins/event_listener.py
[2023-11-02T09:05:53.293-0500] {processor.py:841} WARNING - No viable dags retrieved from /Users/dimz/EconWizard/hermesvirtual/lib/python3.8/site-packages/airflow/example_dags/plugins/event_listener.py
[2023-11-02T09:05:53.371-0500] {processor.py:179} INFO - Processing /Users/dimz/EconWizard/hermesvirtual/lib/python3.8/site-packages/airflow/example_dags/plugins/event_listener.py took 0.084 seconds
[2023-11-02T09:06:54.111-0500] {processor.py:157} INFO - Started process (PID=93894) to work on /Users/dimz/EconWizard/hermesvirtual/lib/python3.8/site-packages/airflow/example_dags/plugins/event_listener.py
[2023-11-02T09:06:54.117-0500] {processor.py:829} INFO - Processing file /Users/dimz/EconWizard/hermesvirtual/lib/python3.8/site-packages/airflow/example_dags/plugins/event_listener.py for tasks to queue
[2023-11-02T09:06:54.117-0500] {logging_mixin.py:151} INFO - [2023-11-02T09:06:54.117-0500] {dagbag.py:536} INFO - Filling up the DagBag from /Users/dimz/EconWizard/hermesvirtual/lib/python3.8/site-packages/airflow/example_dags/plugins/event_listener.py
[2023-11-02T09:06:54.118-0500] {processor.py:841} WARNING - No viable dags retrieved from /Users/dimz/EconWizard/hermesvirtual/lib/python3.8/site-packages/airflow/example_dags/plugins/event_listener.py
[2023-11-02T09:06:54.203-0500] {processor.py:179} INFO - Processing /Users/dimz/EconWizard/hermesvirtual/lib/python3.8/site-packages/airflow/example_dags/plugins/event_listener.py took 0.092 seconds
[2023-11-02T09:07:56.488-0500] {processor.py:157} INFO - Started process (PID=93962) to work on /Users/dimz/EconWizard/hermesvirtual/lib/python3.8/site-packages/airflow/example_dags/plugins/event_listener.py
[2023-11-02T09:07:56.493-0500] {processor.py:829} INFO - Processing file /Users/dimz/EconWizard/hermesvirtual/lib/python3.8/site-packages/airflow/example_dags/plugins/event_listener.py for tasks to queue
[2023-11-02T09:07:56.493-0500] {logging_mixin.py:151} INFO - [2023-11-02T09:07:56.493-0500] {dagbag.py:536} INFO - Filling up the DagBag from /Users/dimz/EconWizard/hermesvirtual/lib/python3.8/site-packages/airflow/example_dags/plugins/event_listener.py
[2023-11-02T09:07:56.494-0500] {processor.py:841} WARNING - No viable dags retrieved from /Users/dimz/EconWizard/hermesvirtual/lib/python3.8/site-packages/airflow/example_dags/plugins/event_listener.py
[2023-11-02T09:07:56.577-0500] {processor.py:179} INFO - Processing /Users/dimz/EconWizard/hermesvirtual/lib/python3.8/site-packages/airflow/example_dags/plugins/event_listener.py took 0.089 seconds
[2023-11-02T09:08:59.582-0500] {processor.py:157} INFO - Started process (PID=94145) to work on /Users/dimz/EconWizard/hermesvirtual/lib/python3.8/site-packages/airflow/example_dags/plugins/event_listener.py
[2023-11-02T09:08:59.587-0500] {processor.py:829} INFO - Processing file /Users/dimz/EconWizard/hermesvirtual/lib/python3.8/site-packages/airflow/example_dags/plugins/event_listener.py for tasks to queue
[2023-11-02T09:08:59.587-0500] {logging_mixin.py:151} INFO - [2023-11-02T09:08:59.587-0500] {dagbag.py:536} INFO - Filling up the DagBag from /Users/dimz/EconWizard/hermesvirtual/lib/python3.8/site-packages/airflow/example_dags/plugins/event_listener.py
[2023-11-02T09:08:59.588-0500] {processor.py:841} WARNING - No viable dags retrieved from /Users/dimz/EconWizard/hermesvirtual/lib/python3.8/site-packages/airflow/example_dags/plugins/event_listener.py
[2023-11-02T09:08:59.675-0500] {processor.py:179} INFO - Processing /Users/dimz/EconWizard/hermesvirtual/lib/python3.8/site-packages/airflow/example_dags/plugins/event_listener.py took 0.093 seconds
[2023-11-02T09:10:04.342-0500] {processor.py:157} INFO - Started process (PID=94272) to work on /Users/dimz/EconWizard/hermesvirtual/lib/python3.8/site-packages/airflow/example_dags/plugins/event_listener.py
[2023-11-02T09:10:04.347-0500] {processor.py:829} INFO - Processing file /Users/dimz/EconWizard/hermesvirtual/lib/python3.8/site-packages/airflow/example_dags/plugins/event_listener.py for tasks to queue
[2023-11-02T09:10:04.348-0500] {logging_mixin.py:151} INFO - [2023-11-02T09:10:04.348-0500] {dagbag.py:536} INFO - Filling up the DagBag from /Users/dimz/EconWizard/hermesvirtual/lib/python3.8/site-packages/airflow/example_dags/plugins/event_listener.py
[2023-11-02T09:10:04.348-0500] {processor.py:841} WARNING - No viable dags retrieved from /Users/dimz/EconWizard/hermesvirtual/lib/python3.8/site-packages/airflow/example_dags/plugins/event_listener.py
[2023-11-02T09:10:04.428-0500] {processor.py:179} INFO - Processing /Users/dimz/EconWizard/hermesvirtual/lib/python3.8/site-packages/airflow/example_dags/plugins/event_listener.py took 0.086 seconds
[2023-11-02T09:11:07.902-0500] {processor.py:157} INFO - Started process (PID=94387) to work on /Users/dimz/EconWizard/hermesvirtual/lib/python3.8/site-packages/airflow/example_dags/plugins/event_listener.py
[2023-11-02T09:11:07.907-0500] {processor.py:829} INFO - Processing file /Users/dimz/EconWizard/hermesvirtual/lib/python3.8/site-packages/airflow/example_dags/plugins/event_listener.py for tasks to queue
[2023-11-02T09:11:07.907-0500] {logging_mixin.py:151} INFO - [2023-11-02T09:11:07.907-0500] {dagbag.py:536} INFO - Filling up the DagBag from /Users/dimz/EconWizard/hermesvirtual/lib/python3.8/site-packages/airflow/example_dags/plugins/event_listener.py
[2023-11-02T09:11:07.908-0500] {processor.py:841} WARNING - No viable dags retrieved from /Users/dimz/EconWizard/hermesvirtual/lib/python3.8/site-packages/airflow/example_dags/plugins/event_listener.py
[2023-11-02T09:11:07.988-0500] {processor.py:179} INFO - Processing /Users/dimz/EconWizard/hermesvirtual/lib/python3.8/site-packages/airflow/example_dags/plugins/event_listener.py took 0.086 seconds
[2023-11-02T09:12:13.398-0500] {processor.py:157} INFO - Started process (PID=94456) to work on /Users/dimz/EconWizard/hermesvirtual/lib/python3.8/site-packages/airflow/example_dags/plugins/event_listener.py
[2023-11-02T09:12:13.404-0500] {processor.py:829} INFO - Processing file /Users/dimz/EconWizard/hermesvirtual/lib/python3.8/site-packages/airflow/example_dags/plugins/event_listener.py for tasks to queue
[2023-11-02T09:12:13.404-0500] {logging_mixin.py:151} INFO - [2023-11-02T09:12:13.404-0500] {dagbag.py:536} INFO - Filling up the DagBag from /Users/dimz/EconWizard/hermesvirtual/lib/python3.8/site-packages/airflow/example_dags/plugins/event_listener.py
[2023-11-02T09:12:13.405-0500] {processor.py:841} WARNING - No viable dags retrieved from /Users/dimz/EconWizard/hermesvirtual/lib/python3.8/site-packages/airflow/example_dags/plugins/event_listener.py
[2023-11-02T09:12:13.483-0500] {processor.py:179} INFO - Processing /Users/dimz/EconWizard/hermesvirtual/lib/python3.8/site-packages/airflow/example_dags/plugins/event_listener.py took 0.085 seconds
[2023-11-02T09:13:17.627-0500] {processor.py:157} INFO - Started process (PID=94527) to work on /Users/dimz/EconWizard/hermesvirtual/lib/python3.8/site-packages/airflow/example_dags/plugins/event_listener.py
[2023-11-02T09:13:17.632-0500] {processor.py:829} INFO - Processing file /Users/dimz/EconWizard/hermesvirtual/lib/python3.8/site-packages/airflow/example_dags/plugins/event_listener.py for tasks to queue
[2023-11-02T09:13:17.633-0500] {logging_mixin.py:151} INFO - [2023-11-02T09:13:17.632-0500] {dagbag.py:536} INFO - Filling up the DagBag from /Users/dimz/EconWizard/hermesvirtual/lib/python3.8/site-packages/airflow/example_dags/plugins/event_listener.py
[2023-11-02T09:13:17.633-0500] {processor.py:841} WARNING - No viable dags retrieved from /Users/dimz/EconWizard/hermesvirtual/lib/python3.8/site-packages/airflow/example_dags/plugins/event_listener.py
[2023-11-02T09:13:17.711-0500] {processor.py:179} INFO - Processing /Users/dimz/EconWizard/hermesvirtual/lib/python3.8/site-packages/airflow/example_dags/plugins/event_listener.py took 0.084 seconds
[2023-11-02T09:14:19.413-0500] {processor.py:157} INFO - Started process (PID=94595) to work on /Users/dimz/EconWizard/hermesvirtual/lib/python3.8/site-packages/airflow/example_dags/plugins/event_listener.py
[2023-11-02T09:14:19.418-0500] {processor.py:829} INFO - Processing file /Users/dimz/EconWizard/hermesvirtual/lib/python3.8/site-packages/airflow/example_dags/plugins/event_listener.py for tasks to queue
[2023-11-02T09:14:19.419-0500] {logging_mixin.py:151} INFO - [2023-11-02T09:14:19.418-0500] {dagbag.py:536} INFO - Filling up the DagBag from /Users/dimz/EconWizard/hermesvirtual/lib/python3.8/site-packages/airflow/example_dags/plugins/event_listener.py
[2023-11-02T09:14:19.419-0500] {processor.py:841} WARNING - No viable dags retrieved from /Users/dimz/EconWizard/hermesvirtual/lib/python3.8/site-packages/airflow/example_dags/plugins/event_listener.py
[2023-11-02T09:14:19.498-0500] {processor.py:179} INFO - Processing /Users/dimz/EconWizard/hermesvirtual/lib/python3.8/site-packages/airflow/example_dags/plugins/event_listener.py took 0.085 seconds
[2023-11-02T09:15:23.610-0500] {processor.py:157} INFO - Started process (PID=94661) to work on /Users/dimz/EconWizard/hermesvirtual/lib/python3.8/site-packages/airflow/example_dags/plugins/event_listener.py
[2023-11-02T09:15:23.614-0500] {processor.py:829} INFO - Processing file /Users/dimz/EconWizard/hermesvirtual/lib/python3.8/site-packages/airflow/example_dags/plugins/event_listener.py for tasks to queue
[2023-11-02T09:15:23.614-0500] {logging_mixin.py:151} INFO - [2023-11-02T09:15:23.614-0500] {dagbag.py:536} INFO - Filling up the DagBag from /Users/dimz/EconWizard/hermesvirtual/lib/python3.8/site-packages/airflow/example_dags/plugins/event_listener.py
[2023-11-02T09:15:23.615-0500] {processor.py:841} WARNING - No viable dags retrieved from /Users/dimz/EconWizard/hermesvirtual/lib/python3.8/site-packages/airflow/example_dags/plugins/event_listener.py
[2023-11-02T09:15:23.693-0500] {processor.py:179} INFO - Processing /Users/dimz/EconWizard/hermesvirtual/lib/python3.8/site-packages/airflow/example_dags/plugins/event_listener.py took 0.083 seconds
[2023-11-02T09:16:24.765-0500] {processor.py:157} INFO - Started process (PID=94735) to work on /Users/dimz/EconWizard/hermesvirtual/lib/python3.8/site-packages/airflow/example_dags/plugins/event_listener.py
[2023-11-02T09:16:24.770-0500] {processor.py:829} INFO - Processing file /Users/dimz/EconWizard/hermesvirtual/lib/python3.8/site-packages/airflow/example_dags/plugins/event_listener.py for tasks to queue
[2023-11-02T09:16:24.770-0500] {logging_mixin.py:151} INFO - [2023-11-02T09:16:24.770-0500] {dagbag.py:536} INFO - Filling up the DagBag from /Users/dimz/EconWizard/hermesvirtual/lib/python3.8/site-packages/airflow/example_dags/plugins/event_listener.py
[2023-11-02T09:16:24.771-0500] {processor.py:841} WARNING - No viable dags retrieved from /Users/dimz/EconWizard/hermesvirtual/lib/python3.8/site-packages/airflow/example_dags/plugins/event_listener.py
[2023-11-02T09:16:24.851-0500] {processor.py:179} INFO - Processing /Users/dimz/EconWizard/hermesvirtual/lib/python3.8/site-packages/airflow/example_dags/plugins/event_listener.py took 0.087 seconds
[2023-11-02T09:17:26.114-0500] {processor.py:157} INFO - Started process (PID=94801) to work on /Users/dimz/EconWizard/hermesvirtual/lib/python3.8/site-packages/airflow/example_dags/plugins/event_listener.py
[2023-11-02T09:17:26.118-0500] {processor.py:829} INFO - Processing file /Users/dimz/EconWizard/hermesvirtual/lib/python3.8/site-packages/airflow/example_dags/plugins/event_listener.py for tasks to queue
[2023-11-02T09:17:26.118-0500] {logging_mixin.py:151} INFO - [2023-11-02T09:17:26.118-0500] {dagbag.py:536} INFO - Filling up the DagBag from /Users/dimz/EconWizard/hermesvirtual/lib/python3.8/site-packages/airflow/example_dags/plugins/event_listener.py
[2023-11-02T09:17:26.119-0500] {processor.py:841} WARNING - No viable dags retrieved from /Users/dimz/EconWizard/hermesvirtual/lib/python3.8/site-packages/airflow/example_dags/plugins/event_listener.py
[2023-11-02T09:17:26.208-0500] {processor.py:179} INFO - Processing /Users/dimz/EconWizard/hermesvirtual/lib/python3.8/site-packages/airflow/example_dags/plugins/event_listener.py took 0.094 seconds
[2023-11-02T09:18:27.900-0500] {processor.py:157} INFO - Started process (PID=94867) to work on /Users/dimz/EconWizard/hermesvirtual/lib/python3.8/site-packages/airflow/example_dags/plugins/event_listener.py
[2023-11-02T09:18:27.904-0500] {processor.py:829} INFO - Processing file /Users/dimz/EconWizard/hermesvirtual/lib/python3.8/site-packages/airflow/example_dags/plugins/event_listener.py for tasks to queue
[2023-11-02T09:18:27.905-0500] {logging_mixin.py:151} INFO - [2023-11-02T09:18:27.905-0500] {dagbag.py:536} INFO - Filling up the DagBag from /Users/dimz/EconWizard/hermesvirtual/lib/python3.8/site-packages/airflow/example_dags/plugins/event_listener.py
[2023-11-02T09:18:27.906-0500] {processor.py:841} WARNING - No viable dags retrieved from /Users/dimz/EconWizard/hermesvirtual/lib/python3.8/site-packages/airflow/example_dags/plugins/event_listener.py
[2023-11-02T09:18:27.993-0500] {processor.py:179} INFO - Processing /Users/dimz/EconWizard/hermesvirtual/lib/python3.8/site-packages/airflow/example_dags/plugins/event_listener.py took 0.094 seconds
[2023-11-02T09:19:32.790-0500] {processor.py:157} INFO - Started process (PID=94990) to work on /Users/dimz/EconWizard/hermesvirtual/lib/python3.8/site-packages/airflow/example_dags/plugins/event_listener.py
[2023-11-02T09:19:32.795-0500] {processor.py:829} INFO - Processing file /Users/dimz/EconWizard/hermesvirtual/lib/python3.8/site-packages/airflow/example_dags/plugins/event_listener.py for tasks to queue
[2023-11-02T09:19:32.796-0500] {logging_mixin.py:151} INFO - [2023-11-02T09:19:32.796-0500] {dagbag.py:536} INFO - Filling up the DagBag from /Users/dimz/EconWizard/hermesvirtual/lib/python3.8/site-packages/airflow/example_dags/plugins/event_listener.py
[2023-11-02T09:19:32.797-0500] {processor.py:841} WARNING - No viable dags retrieved from /Users/dimz/EconWizard/hermesvirtual/lib/python3.8/site-packages/airflow/example_dags/plugins/event_listener.py
[2023-11-02T09:19:32.877-0500] {processor.py:179} INFO - Processing /Users/dimz/EconWizard/hermesvirtual/lib/python3.8/site-packages/airflow/example_dags/plugins/event_listener.py took 0.088 seconds
[2023-11-02T09:20:36.533-0500] {processor.py:157} INFO - Started process (PID=95064) to work on /Users/dimz/EconWizard/hermesvirtual/lib/python3.8/site-packages/airflow/example_dags/plugins/event_listener.py
[2023-11-02T09:20:36.539-0500] {processor.py:829} INFO - Processing file /Users/dimz/EconWizard/hermesvirtual/lib/python3.8/site-packages/airflow/example_dags/plugins/event_listener.py for tasks to queue
[2023-11-02T09:20:36.539-0500] {logging_mixin.py:151} INFO - [2023-11-02T09:20:36.539-0500] {dagbag.py:536} INFO - Filling up the DagBag from /Users/dimz/EconWizard/hermesvirtual/lib/python3.8/site-packages/airflow/example_dags/plugins/event_listener.py
[2023-11-02T09:20:36.540-0500] {processor.py:841} WARNING - No viable dags retrieved from /Users/dimz/EconWizard/hermesvirtual/lib/python3.8/site-packages/airflow/example_dags/plugins/event_listener.py
[2023-11-02T09:20:36.631-0500] {processor.py:179} INFO - Processing /Users/dimz/EconWizard/hermesvirtual/lib/python3.8/site-packages/airflow/example_dags/plugins/event_listener.py took 0.098 seconds
[2023-11-02T09:21:41.990-0500] {processor.py:157} INFO - Started process (PID=95130) to work on /Users/dimz/EconWizard/hermesvirtual/lib/python3.8/site-packages/airflow/example_dags/plugins/event_listener.py
[2023-11-02T09:21:41.995-0500] {processor.py:829} INFO - Processing file /Users/dimz/EconWizard/hermesvirtual/lib/python3.8/site-packages/airflow/example_dags/plugins/event_listener.py for tasks to queue
[2023-11-02T09:21:41.996-0500] {logging_mixin.py:151} INFO - [2023-11-02T09:21:41.995-0500] {dagbag.py:536} INFO - Filling up the DagBag from /Users/dimz/EconWizard/hermesvirtual/lib/python3.8/site-packages/airflow/example_dags/plugins/event_listener.py
[2023-11-02T09:21:41.996-0500] {processor.py:841} WARNING - No viable dags retrieved from /Users/dimz/EconWizard/hermesvirtual/lib/python3.8/site-packages/airflow/example_dags/plugins/event_listener.py
[2023-11-02T09:21:42.074-0500] {processor.py:179} INFO - Processing /Users/dimz/EconWizard/hermesvirtual/lib/python3.8/site-packages/airflow/example_dags/plugins/event_listener.py took 0.084 seconds
[2023-11-02T09:22:46.306-0500] {processor.py:157} INFO - Started process (PID=95230) to work on /Users/dimz/EconWizard/hermesvirtual/lib/python3.8/site-packages/airflow/example_dags/plugins/event_listener.py
[2023-11-02T09:22:46.311-0500] {processor.py:829} INFO - Processing file /Users/dimz/EconWizard/hermesvirtual/lib/python3.8/site-packages/airflow/example_dags/plugins/event_listener.py for tasks to queue
[2023-11-02T09:22:46.312-0500] {logging_mixin.py:151} INFO - [2023-11-02T09:22:46.312-0500] {dagbag.py:536} INFO - Filling up the DagBag from /Users/dimz/EconWizard/hermesvirtual/lib/python3.8/site-packages/airflow/example_dags/plugins/event_listener.py
[2023-11-02T09:22:46.312-0500] {processor.py:841} WARNING - No viable dags retrieved from /Users/dimz/EconWizard/hermesvirtual/lib/python3.8/site-packages/airflow/example_dags/plugins/event_listener.py
[2023-11-02T09:22:46.391-0500] {processor.py:179} INFO - Processing /Users/dimz/EconWizard/hermesvirtual/lib/python3.8/site-packages/airflow/example_dags/plugins/event_listener.py took 0.085 seconds
[2023-11-02T09:23:49.226-0500] {processor.py:157} INFO - Started process (PID=95334) to work on /Users/dimz/EconWizard/hermesvirtual/lib/python3.8/site-packages/airflow/example_dags/plugins/event_listener.py
[2023-11-02T09:23:49.230-0500] {processor.py:829} INFO - Processing file /Users/dimz/EconWizard/hermesvirtual/lib/python3.8/site-packages/airflow/example_dags/plugins/event_listener.py for tasks to queue
[2023-11-02T09:23:49.231-0500] {logging_mixin.py:151} INFO - [2023-11-02T09:23:49.231-0500] {dagbag.py:536} INFO - Filling up the DagBag from /Users/dimz/EconWizard/hermesvirtual/lib/python3.8/site-packages/airflow/example_dags/plugins/event_listener.py
[2023-11-02T09:23:49.232-0500] {processor.py:841} WARNING - No viable dags retrieved from /Users/dimz/EconWizard/hermesvirtual/lib/python3.8/site-packages/airflow/example_dags/plugins/event_listener.py
[2023-11-02T09:23:49.319-0500] {processor.py:179} INFO - Processing /Users/dimz/EconWizard/hermesvirtual/lib/python3.8/site-packages/airflow/example_dags/plugins/event_listener.py took 0.093 seconds
[2023-11-02T09:24:51.870-0500] {processor.py:157} INFO - Started process (PID=95466) to work on /Users/dimz/EconWizard/hermesvirtual/lib/python3.8/site-packages/airflow/example_dags/plugins/event_listener.py
[2023-11-02T09:24:51.876-0500] {processor.py:829} INFO - Processing file /Users/dimz/EconWizard/hermesvirtual/lib/python3.8/site-packages/airflow/example_dags/plugins/event_listener.py for tasks to queue
[2023-11-02T09:24:51.876-0500] {logging_mixin.py:151} INFO - [2023-11-02T09:24:51.876-0500] {dagbag.py:536} INFO - Filling up the DagBag from /Users/dimz/EconWizard/hermesvirtual/lib/python3.8/site-packages/airflow/example_dags/plugins/event_listener.py
[2023-11-02T09:24:51.877-0500] {processor.py:841} WARNING - No viable dags retrieved from /Users/dimz/EconWizard/hermesvirtual/lib/python3.8/site-packages/airflow/example_dags/plugins/event_listener.py
[2023-11-02T09:24:51.957-0500] {processor.py:179} INFO - Processing /Users/dimz/EconWizard/hermesvirtual/lib/python3.8/site-packages/airflow/example_dags/plugins/event_listener.py took 0.087 seconds
[2023-11-02T09:25:55.383-0500] {processor.py:157} INFO - Started process (PID=95571) to work on /Users/dimz/EconWizard/hermesvirtual/lib/python3.8/site-packages/airflow/example_dags/plugins/event_listener.py
[2023-11-02T09:25:55.388-0500] {processor.py:829} INFO - Processing file /Users/dimz/EconWizard/hermesvirtual/lib/python3.8/site-packages/airflow/example_dags/plugins/event_listener.py for tasks to queue
[2023-11-02T09:25:55.389-0500] {logging_mixin.py:151} INFO - [2023-11-02T09:25:55.389-0500] {dagbag.py:536} INFO - Filling up the DagBag from /Users/dimz/EconWizard/hermesvirtual/lib/python3.8/site-packages/airflow/example_dags/plugins/event_listener.py
[2023-11-02T09:25:55.390-0500] {processor.py:841} WARNING - No viable dags retrieved from /Users/dimz/EconWizard/hermesvirtual/lib/python3.8/site-packages/airflow/example_dags/plugins/event_listener.py
[2023-11-02T09:25:55.467-0500] {processor.py:179} INFO - Processing /Users/dimz/EconWizard/hermesvirtual/lib/python3.8/site-packages/airflow/example_dags/plugins/event_listener.py took 0.084 seconds
[2023-11-02T09:27:00.793-0500] {processor.py:157} INFO - Started process (PID=95670) to work on /Users/dimz/EconWizard/hermesvirtual/lib/python3.8/site-packages/airflow/example_dags/plugins/event_listener.py
[2023-11-02T09:27:00.802-0500] {processor.py:829} INFO - Processing file /Users/dimz/EconWizard/hermesvirtual/lib/python3.8/site-packages/airflow/example_dags/plugins/event_listener.py for tasks to queue
[2023-11-02T09:27:00.803-0500] {logging_mixin.py:151} INFO - [2023-11-02T09:27:00.803-0500] {dagbag.py:536} INFO - Filling up the DagBag from /Users/dimz/EconWizard/hermesvirtual/lib/python3.8/site-packages/airflow/example_dags/plugins/event_listener.py
[2023-11-02T09:27:00.804-0500] {processor.py:841} WARNING - No viable dags retrieved from /Users/dimz/EconWizard/hermesvirtual/lib/python3.8/site-packages/airflow/example_dags/plugins/event_listener.py
[2023-11-02T09:27:00.884-0500] {processor.py:179} INFO - Processing /Users/dimz/EconWizard/hermesvirtual/lib/python3.8/site-packages/airflow/example_dags/plugins/event_listener.py took 0.091 seconds
[2023-11-02T09:28:44.328-0500] {processor.py:157} INFO - Started process (PID=95814) to work on /Users/dimz/EconWizard/hermesvirtual/lib/python3.8/site-packages/airflow/example_dags/plugins/event_listener.py
[2023-11-02T09:28:44.332-0500] {processor.py:829} INFO - Processing file /Users/dimz/EconWizard/hermesvirtual/lib/python3.8/site-packages/airflow/example_dags/plugins/event_listener.py for tasks to queue
[2023-11-02T09:28:44.333-0500] {logging_mixin.py:151} INFO - [2023-11-02T09:28:44.333-0500] {dagbag.py:536} INFO - Filling up the DagBag from /Users/dimz/EconWizard/hermesvirtual/lib/python3.8/site-packages/airflow/example_dags/plugins/event_listener.py
[2023-11-02T09:28:44.334-0500] {processor.py:841} WARNING - No viable dags retrieved from /Users/dimz/EconWizard/hermesvirtual/lib/python3.8/site-packages/airflow/example_dags/plugins/event_listener.py
[2023-11-02T09:28:44.421-0500] {processor.py:179} INFO - Processing /Users/dimz/EconWizard/hermesvirtual/lib/python3.8/site-packages/airflow/example_dags/plugins/event_listener.py took 0.094 seconds
[2023-11-02T09:29:56.127-0500] {processor.py:157} INFO - Started process (PID=95914) to work on /Users/dimz/EconWizard/hermesvirtual/lib/python3.8/site-packages/airflow/example_dags/plugins/event_listener.py
[2023-11-02T09:29:56.132-0500] {processor.py:829} INFO - Processing file /Users/dimz/EconWizard/hermesvirtual/lib/python3.8/site-packages/airflow/example_dags/plugins/event_listener.py for tasks to queue
[2023-11-02T09:29:56.133-0500] {logging_mixin.py:151} INFO - [2023-11-02T09:29:56.132-0500] {dagbag.py:536} INFO - Filling up the DagBag from /Users/dimz/EconWizard/hermesvirtual/lib/python3.8/site-packages/airflow/example_dags/plugins/event_listener.py
[2023-11-02T09:29:56.133-0500] {processor.py:841} WARNING - No viable dags retrieved from /Users/dimz/EconWizard/hermesvirtual/lib/python3.8/site-packages/airflow/example_dags/plugins/event_listener.py
[2023-11-02T09:29:56.219-0500] {processor.py:179} INFO - Processing /Users/dimz/EconWizard/hermesvirtual/lib/python3.8/site-packages/airflow/example_dags/plugins/event_listener.py took 0.093 seconds
[2023-11-02T09:31:01.471-0500] {processor.py:157} INFO - Started process (PID=95995) to work on /Users/dimz/EconWizard/hermesvirtual/lib/python3.8/site-packages/airflow/example_dags/plugins/event_listener.py
[2023-11-02T09:31:01.476-0500] {processor.py:829} INFO - Processing file /Users/dimz/EconWizard/hermesvirtual/lib/python3.8/site-packages/airflow/example_dags/plugins/event_listener.py for tasks to queue
[2023-11-02T09:31:01.476-0500] {logging_mixin.py:151} INFO - [2023-11-02T09:31:01.476-0500] {dagbag.py:536} INFO - Filling up the DagBag from /Users/dimz/EconWizard/hermesvirtual/lib/python3.8/site-packages/airflow/example_dags/plugins/event_listener.py
[2023-11-02T09:31:01.477-0500] {processor.py:841} WARNING - No viable dags retrieved from /Users/dimz/EconWizard/hermesvirtual/lib/python3.8/site-packages/airflow/example_dags/plugins/event_listener.py
[2023-11-02T09:31:01.555-0500] {processor.py:179} INFO - Processing /Users/dimz/EconWizard/hermesvirtual/lib/python3.8/site-packages/airflow/example_dags/plugins/event_listener.py took 0.085 seconds
[2023-11-02T09:32:07.508-0500] {processor.py:157} INFO - Started process (PID=96068) to work on /Users/dimz/EconWizard/hermesvirtual/lib/python3.8/site-packages/airflow/example_dags/plugins/event_listener.py
[2023-11-02T09:32:07.513-0500] {processor.py:829} INFO - Processing file /Users/dimz/EconWizard/hermesvirtual/lib/python3.8/site-packages/airflow/example_dags/plugins/event_listener.py for tasks to queue
[2023-11-02T09:32:07.514-0500] {logging_mixin.py:151} INFO - [2023-11-02T09:32:07.514-0500] {dagbag.py:536} INFO - Filling up the DagBag from /Users/dimz/EconWizard/hermesvirtual/lib/python3.8/site-packages/airflow/example_dags/plugins/event_listener.py
[2023-11-02T09:32:07.514-0500] {processor.py:841} WARNING - No viable dags retrieved from /Users/dimz/EconWizard/hermesvirtual/lib/python3.8/site-packages/airflow/example_dags/plugins/event_listener.py
[2023-11-02T09:32:07.594-0500] {processor.py:179} INFO - Processing /Users/dimz/EconWizard/hermesvirtual/lib/python3.8/site-packages/airflow/example_dags/plugins/event_listener.py took 0.086 seconds
[2023-11-02T10:12:48.056-0500] {processor.py:157} INFO - Started process (PID=97510) to work on /Users/dimz/EconWizard/hermesvirtual/lib/python3.8/site-packages/airflow/example_dags/plugins/event_listener.py
[2023-11-02T10:12:48.061-0500] {processor.py:829} INFO - Processing file /Users/dimz/EconWizard/hermesvirtual/lib/python3.8/site-packages/airflow/example_dags/plugins/event_listener.py for tasks to queue
[2023-11-02T10:12:48.062-0500] {logging_mixin.py:151} INFO - [2023-11-02T10:12:48.062-0500] {dagbag.py:536} INFO - Filling up the DagBag from /Users/dimz/EconWizard/hermesvirtual/lib/python3.8/site-packages/airflow/example_dags/plugins/event_listener.py
[2023-11-02T10:12:48.063-0500] {processor.py:841} WARNING - No viable dags retrieved from /Users/dimz/EconWizard/hermesvirtual/lib/python3.8/site-packages/airflow/example_dags/plugins/event_listener.py
[2023-11-02T10:12:48.140-0500] {processor.py:179} INFO - Processing /Users/dimz/EconWizard/hermesvirtual/lib/python3.8/site-packages/airflow/example_dags/plugins/event_listener.py took 0.084 seconds
[2023-11-02T10:14:20.558-0500] {processor.py:157} INFO - Started process (PID=97608) to work on /Users/dimz/EconWizard/hermesvirtual/lib/python3.8/site-packages/airflow/example_dags/plugins/event_listener.py
[2023-11-02T10:14:20.563-0500] {processor.py:829} INFO - Processing file /Users/dimz/EconWizard/hermesvirtual/lib/python3.8/site-packages/airflow/example_dags/plugins/event_listener.py for tasks to queue
[2023-11-02T10:14:20.563-0500] {logging_mixin.py:151} INFO - [2023-11-02T10:14:20.563-0500] {dagbag.py:536} INFO - Filling up the DagBag from /Users/dimz/EconWizard/hermesvirtual/lib/python3.8/site-packages/airflow/example_dags/plugins/event_listener.py
[2023-11-02T10:14:20.564-0500] {processor.py:841} WARNING - No viable dags retrieved from /Users/dimz/EconWizard/hermesvirtual/lib/python3.8/site-packages/airflow/example_dags/plugins/event_listener.py
[2023-11-02T10:14:20.643-0500] {processor.py:179} INFO - Processing /Users/dimz/EconWizard/hermesvirtual/lib/python3.8/site-packages/airflow/example_dags/plugins/event_listener.py took 0.085 seconds
[2023-11-02T10:15:22.045-0500] {processor.py:157} INFO - Started process (PID=97694) to work on /Users/dimz/EconWizard/hermesvirtual/lib/python3.8/site-packages/airflow/example_dags/plugins/event_listener.py
[2023-11-02T10:15:22.049-0500] {processor.py:829} INFO - Processing file /Users/dimz/EconWizard/hermesvirtual/lib/python3.8/site-packages/airflow/example_dags/plugins/event_listener.py for tasks to queue
[2023-11-02T10:15:22.050-0500] {logging_mixin.py:151} INFO - [2023-11-02T10:15:22.050-0500] {dagbag.py:536} INFO - Filling up the DagBag from /Users/dimz/EconWizard/hermesvirtual/lib/python3.8/site-packages/airflow/example_dags/plugins/event_listener.py
[2023-11-02T10:15:22.051-0500] {processor.py:841} WARNING - No viable dags retrieved from /Users/dimz/EconWizard/hermesvirtual/lib/python3.8/site-packages/airflow/example_dags/plugins/event_listener.py
[2023-11-02T10:15:22.140-0500] {processor.py:179} INFO - Processing /Users/dimz/EconWizard/hermesvirtual/lib/python3.8/site-packages/airflow/example_dags/plugins/event_listener.py took 0.096 seconds
[2023-11-02T10:38:34.141-0500] {processor.py:157} INFO - Started process (PID=99824) to work on /Users/dimz/EconWizard/hermesvirtual/lib/python3.8/site-packages/airflow/example_dags/plugins/event_listener.py
[2023-11-02T10:38:34.146-0500] {processor.py:829} INFO - Processing file /Users/dimz/EconWizard/hermesvirtual/lib/python3.8/site-packages/airflow/example_dags/plugins/event_listener.py for tasks to queue
[2023-11-02T10:38:34.146-0500] {logging_mixin.py:151} INFO - [2023-11-02T10:38:34.146-0500] {dagbag.py:536} INFO - Filling up the DagBag from /Users/dimz/EconWizard/hermesvirtual/lib/python3.8/site-packages/airflow/example_dags/plugins/event_listener.py
[2023-11-02T10:38:34.147-0500] {processor.py:841} WARNING - No viable dags retrieved from /Users/dimz/EconWizard/hermesvirtual/lib/python3.8/site-packages/airflow/example_dags/plugins/event_listener.py
[2023-11-02T10:38:34.228-0500] {processor.py:179} INFO - Processing /Users/dimz/EconWizard/hermesvirtual/lib/python3.8/site-packages/airflow/example_dags/plugins/event_listener.py took 0.087 seconds
[2023-11-02T10:40:08.395-0500] {processor.py:157} INFO - Started process (PID=99960) to work on /Users/dimz/EconWizard/hermesvirtual/lib/python3.8/site-packages/airflow/example_dags/plugins/event_listener.py
[2023-11-02T10:40:08.401-0500] {processor.py:829} INFO - Processing file /Users/dimz/EconWizard/hermesvirtual/lib/python3.8/site-packages/airflow/example_dags/plugins/event_listener.py for tasks to queue
[2023-11-02T10:40:08.401-0500] {logging_mixin.py:151} INFO - [2023-11-02T10:40:08.401-0500] {dagbag.py:536} INFO - Filling up the DagBag from /Users/dimz/EconWizard/hermesvirtual/lib/python3.8/site-packages/airflow/example_dags/plugins/event_listener.py
[2023-11-02T10:40:08.402-0500] {processor.py:841} WARNING - No viable dags retrieved from /Users/dimz/EconWizard/hermesvirtual/lib/python3.8/site-packages/airflow/example_dags/plugins/event_listener.py
[2023-11-02T10:40:08.492-0500] {processor.py:179} INFO - Processing /Users/dimz/EconWizard/hermesvirtual/lib/python3.8/site-packages/airflow/example_dags/plugins/event_listener.py took 0.097 seconds
[2023-11-02T10:41:13.052-0500] {processor.py:157} INFO - Started process (PID=130) to work on /Users/dimz/EconWizard/hermesvirtual/lib/python3.8/site-packages/airflow/example_dags/plugins/event_listener.py
[2023-11-02T10:41:13.057-0500] {processor.py:829} INFO - Processing file /Users/dimz/EconWizard/hermesvirtual/lib/python3.8/site-packages/airflow/example_dags/plugins/event_listener.py for tasks to queue
[2023-11-02T10:41:13.057-0500] {logging_mixin.py:151} INFO - [2023-11-02T10:41:13.057-0500] {dagbag.py:536} INFO - Filling up the DagBag from /Users/dimz/EconWizard/hermesvirtual/lib/python3.8/site-packages/airflow/example_dags/plugins/event_listener.py
[2023-11-02T10:41:13.058-0500] {processor.py:841} WARNING - No viable dags retrieved from /Users/dimz/EconWizard/hermesvirtual/lib/python3.8/site-packages/airflow/example_dags/plugins/event_listener.py
[2023-11-02T10:41:13.138-0500] {processor.py:179} INFO - Processing /Users/dimz/EconWizard/hermesvirtual/lib/python3.8/site-packages/airflow/example_dags/plugins/event_listener.py took 0.087 seconds
[2023-11-02T10:42:14.065-0500] {processor.py:157} INFO - Started process (PID=237) to work on /Users/dimz/EconWizard/hermesvirtual/lib/python3.8/site-packages/airflow/example_dags/plugins/event_listener.py
[2023-11-02T10:42:14.071-0500] {processor.py:829} INFO - Processing file /Users/dimz/EconWizard/hermesvirtual/lib/python3.8/site-packages/airflow/example_dags/plugins/event_listener.py for tasks to queue
[2023-11-02T10:42:14.071-0500] {logging_mixin.py:151} INFO - [2023-11-02T10:42:14.071-0500] {dagbag.py:536} INFO - Filling up the DagBag from /Users/dimz/EconWizard/hermesvirtual/lib/python3.8/site-packages/airflow/example_dags/plugins/event_listener.py
[2023-11-02T10:42:14.072-0500] {processor.py:841} WARNING - No viable dags retrieved from /Users/dimz/EconWizard/hermesvirtual/lib/python3.8/site-packages/airflow/example_dags/plugins/event_listener.py
[2023-11-02T10:42:14.162-0500] {processor.py:179} INFO - Processing /Users/dimz/EconWizard/hermesvirtual/lib/python3.8/site-packages/airflow/example_dags/plugins/event_listener.py took 0.097 seconds
[2023-11-02T10:43:16.026-0500] {processor.py:157} INFO - Started process (PID=430) to work on /Users/dimz/EconWizard/hermesvirtual/lib/python3.8/site-packages/airflow/example_dags/plugins/event_listener.py
[2023-11-02T10:43:16.031-0500] {processor.py:829} INFO - Processing file /Users/dimz/EconWizard/hermesvirtual/lib/python3.8/site-packages/airflow/example_dags/plugins/event_listener.py for tasks to queue
[2023-11-02T10:43:16.031-0500] {logging_mixin.py:151} INFO - [2023-11-02T10:43:16.031-0500] {dagbag.py:536} INFO - Filling up the DagBag from /Users/dimz/EconWizard/hermesvirtual/lib/python3.8/site-packages/airflow/example_dags/plugins/event_listener.py
[2023-11-02T10:43:16.032-0500] {processor.py:841} WARNING - No viable dags retrieved from /Users/dimz/EconWizard/hermesvirtual/lib/python3.8/site-packages/airflow/example_dags/plugins/event_listener.py
[2023-11-02T10:43:16.114-0500] {processor.py:179} INFO - Processing /Users/dimz/EconWizard/hermesvirtual/lib/python3.8/site-packages/airflow/example_dags/plugins/event_listener.py took 0.089 seconds
