[2023-11-01T21:35:09.120-0500] {processor.py:157} INFO - Started process (PID=87634) to work on /Users/dimz/EconWizard/hermesvirtual/lib/python3.8/site-packages/airflow/example_dags/plugins/listener_plugin.py
[2023-11-01T21:35:09.124-0500] {processor.py:829} INFO - Processing file /Users/dimz/EconWizard/hermesvirtual/lib/python3.8/site-packages/airflow/example_dags/plugins/listener_plugin.py for tasks to queue
[2023-11-01T21:35:09.125-0500] {logging_mixin.py:151} INFO - [2023-11-01T21:35:09.125-0500] {dagbag.py:536} INFO - Filling up the DagBag from /Users/dimz/EconWizard/hermesvirtual/lib/python3.8/site-packages/airflow/example_dags/plugins/listener_plugin.py
[2023-11-01T21:35:09.126-0500] {processor.py:841} WARNING - No viable dags retrieved from /Users/dimz/EconWizard/hermesvirtual/lib/python3.8/site-packages/airflow/example_dags/plugins/listener_plugin.py
[2023-11-01T21:35:09.217-0500] {processor.py:179} INFO - Processing /Users/dimz/EconWizard/hermesvirtual/lib/python3.8/site-packages/airflow/example_dags/plugins/listener_plugin.py took 0.098 seconds
[2023-11-01T21:36:41.060-0500] {processor.py:157} INFO - Started process (PID=87794) to work on /Users/dimz/EconWizard/hermesvirtual/lib/python3.8/site-packages/airflow/example_dags/plugins/listener_plugin.py
[2023-11-01T21:36:41.064-0500] {processor.py:829} INFO - Processing file /Users/dimz/EconWizard/hermesvirtual/lib/python3.8/site-packages/airflow/example_dags/plugins/listener_plugin.py for tasks to queue
[2023-11-01T21:36:41.064-0500] {logging_mixin.py:151} INFO - [2023-11-01T21:36:41.064-0500] {dagbag.py:536} INFO - Filling up the DagBag from /Users/dimz/EconWizard/hermesvirtual/lib/python3.8/site-packages/airflow/example_dags/plugins/listener_plugin.py
[2023-11-01T21:36:41.065-0500] {processor.py:841} WARNING - No viable dags retrieved from /Users/dimz/EconWizard/hermesvirtual/lib/python3.8/site-packages/airflow/example_dags/plugins/listener_plugin.py
[2023-11-01T21:36:41.142-0500] {processor.py:179} INFO - Processing /Users/dimz/EconWizard/hermesvirtual/lib/python3.8/site-packages/airflow/example_dags/plugins/listener_plugin.py took 0.083 seconds
[2023-11-01T21:37:40.016-0500] {processor.py:157} INFO - Started process (PID=87906) to work on /Users/dimz/EconWizard/hermesvirtual/lib/python3.8/site-packages/airflow/example_dags/plugins/listener_plugin.py
[2023-11-01T21:37:40.021-0500] {processor.py:829} INFO - Processing file /Users/dimz/EconWizard/hermesvirtual/lib/python3.8/site-packages/airflow/example_dags/plugins/listener_plugin.py for tasks to queue
[2023-11-01T21:37:40.021-0500] {logging_mixin.py:151} INFO - [2023-11-01T21:37:40.021-0500] {dagbag.py:536} INFO - Filling up the DagBag from /Users/dimz/EconWizard/hermesvirtual/lib/python3.8/site-packages/airflow/example_dags/plugins/listener_plugin.py
[2023-11-01T21:37:40.023-0500] {processor.py:841} WARNING - No viable dags retrieved from /Users/dimz/EconWizard/hermesvirtual/lib/python3.8/site-packages/airflow/example_dags/plugins/listener_plugin.py
[2023-11-01T21:37:40.103-0500] {processor.py:179} INFO - Processing /Users/dimz/EconWizard/hermesvirtual/lib/python3.8/site-packages/airflow/example_dags/plugins/listener_plugin.py took 0.087 seconds
[2023-11-01T21:38:36.009-0500] {processor.py:157} INFO - Started process (PID=87997) to work on /Users/dimz/EconWizard/hermesvirtual/lib/python3.8/site-packages/airflow/example_dags/plugins/listener_plugin.py
[2023-11-01T21:38:36.015-0500] {processor.py:829} INFO - Processing file /Users/dimz/EconWizard/hermesvirtual/lib/python3.8/site-packages/airflow/example_dags/plugins/listener_plugin.py for tasks to queue
[2023-11-01T21:38:36.015-0500] {logging_mixin.py:151} INFO - [2023-11-01T21:38:36.015-0500] {dagbag.py:536} INFO - Filling up the DagBag from /Users/dimz/EconWizard/hermesvirtual/lib/python3.8/site-packages/airflow/example_dags/plugins/listener_plugin.py
[2023-11-01T21:38:36.017-0500] {processor.py:841} WARNING - No viable dags retrieved from /Users/dimz/EconWizard/hermesvirtual/lib/python3.8/site-packages/airflow/example_dags/plugins/listener_plugin.py
[2023-11-01T21:38:36.099-0500] {processor.py:179} INFO - Processing /Users/dimz/EconWizard/hermesvirtual/lib/python3.8/site-packages/airflow/example_dags/plugins/listener_plugin.py took 0.090 seconds
[2023-11-01T21:39:33.064-0500] {processor.py:157} INFO - Started process (PID=88098) to work on /Users/dimz/EconWizard/hermesvirtual/lib/python3.8/site-packages/airflow/example_dags/plugins/listener_plugin.py
[2023-11-01T21:39:33.069-0500] {processor.py:829} INFO - Processing file /Users/dimz/EconWizard/hermesvirtual/lib/python3.8/site-packages/airflow/example_dags/plugins/listener_plugin.py for tasks to queue
[2023-11-01T21:39:33.070-0500] {logging_mixin.py:151} INFO - [2023-11-01T21:39:33.070-0500] {dagbag.py:536} INFO - Filling up the DagBag from /Users/dimz/EconWizard/hermesvirtual/lib/python3.8/site-packages/airflow/example_dags/plugins/listener_plugin.py
[2023-11-01T21:39:33.071-0500] {processor.py:841} WARNING - No viable dags retrieved from /Users/dimz/EconWizard/hermesvirtual/lib/python3.8/site-packages/airflow/example_dags/plugins/listener_plugin.py
[2023-11-01T21:39:33.154-0500] {processor.py:179} INFO - Processing /Users/dimz/EconWizard/hermesvirtual/lib/python3.8/site-packages/airflow/example_dags/plugins/listener_plugin.py took 0.090 seconds
[2023-11-01T21:40:30.884-0500] {processor.py:157} INFO - Started process (PID=88230) to work on /Users/dimz/EconWizard/hermesvirtual/lib/python3.8/site-packages/airflow/example_dags/plugins/listener_plugin.py
[2023-11-01T21:40:30.888-0500] {processor.py:829} INFO - Processing file /Users/dimz/EconWizard/hermesvirtual/lib/python3.8/site-packages/airflow/example_dags/plugins/listener_plugin.py for tasks to queue
[2023-11-01T21:40:30.889-0500] {logging_mixin.py:151} INFO - [2023-11-01T21:40:30.889-0500] {dagbag.py:536} INFO - Filling up the DagBag from /Users/dimz/EconWizard/hermesvirtual/lib/python3.8/site-packages/airflow/example_dags/plugins/listener_plugin.py
[2023-11-01T21:40:30.890-0500] {processor.py:841} WARNING - No viable dags retrieved from /Users/dimz/EconWizard/hermesvirtual/lib/python3.8/site-packages/airflow/example_dags/plugins/listener_plugin.py
[2023-11-01T21:40:30.974-0500] {processor.py:179} INFO - Processing /Users/dimz/EconWizard/hermesvirtual/lib/python3.8/site-packages/airflow/example_dags/plugins/listener_plugin.py took 0.091 seconds
[2023-11-01T21:41:30.087-0500] {processor.py:157} INFO - Started process (PID=88402) to work on /Users/dimz/EconWizard/hermesvirtual/lib/python3.8/site-packages/airflow/example_dags/plugins/listener_plugin.py
[2023-11-01T21:41:30.092-0500] {processor.py:829} INFO - Processing file /Users/dimz/EconWizard/hermesvirtual/lib/python3.8/site-packages/airflow/example_dags/plugins/listener_plugin.py for tasks to queue
[2023-11-01T21:41:30.092-0500] {logging_mixin.py:151} INFO - [2023-11-01T21:41:30.092-0500] {dagbag.py:536} INFO - Filling up the DagBag from /Users/dimz/EconWizard/hermesvirtual/lib/python3.8/site-packages/airflow/example_dags/plugins/listener_plugin.py
[2023-11-01T21:41:30.094-0500] {processor.py:841} WARNING - No viable dags retrieved from /Users/dimz/EconWizard/hermesvirtual/lib/python3.8/site-packages/airflow/example_dags/plugins/listener_plugin.py
[2023-11-01T21:41:30.179-0500] {processor.py:179} INFO - Processing /Users/dimz/EconWizard/hermesvirtual/lib/python3.8/site-packages/airflow/example_dags/plugins/listener_plugin.py took 0.093 seconds
[2023-11-01T21:42:27.509-0500] {processor.py:157} INFO - Started process (PID=88513) to work on /Users/dimz/EconWizard/hermesvirtual/lib/python3.8/site-packages/airflow/example_dags/plugins/listener_plugin.py
[2023-11-01T21:42:27.514-0500] {processor.py:829} INFO - Processing file /Users/dimz/EconWizard/hermesvirtual/lib/python3.8/site-packages/airflow/example_dags/plugins/listener_plugin.py for tasks to queue
[2023-11-01T21:42:27.515-0500] {logging_mixin.py:151} INFO - [2023-11-01T21:42:27.514-0500] {dagbag.py:536} INFO - Filling up the DagBag from /Users/dimz/EconWizard/hermesvirtual/lib/python3.8/site-packages/airflow/example_dags/plugins/listener_plugin.py
[2023-11-01T21:42:27.516-0500] {processor.py:841} WARNING - No viable dags retrieved from /Users/dimz/EconWizard/hermesvirtual/lib/python3.8/site-packages/airflow/example_dags/plugins/listener_plugin.py
[2023-11-01T21:42:27.598-0500] {processor.py:179} INFO - Processing /Users/dimz/EconWizard/hermesvirtual/lib/python3.8/site-packages/airflow/example_dags/plugins/listener_plugin.py took 0.089 seconds
[2023-11-01T21:43:23.365-0500] {processor.py:157} INFO - Started process (PID=88632) to work on /Users/dimz/EconWizard/hermesvirtual/lib/python3.8/site-packages/airflow/example_dags/plugins/listener_plugin.py
[2023-11-01T21:43:23.369-0500] {processor.py:829} INFO - Processing file /Users/dimz/EconWizard/hermesvirtual/lib/python3.8/site-packages/airflow/example_dags/plugins/listener_plugin.py for tasks to queue
[2023-11-01T21:43:23.370-0500] {logging_mixin.py:151} INFO - [2023-11-01T21:43:23.370-0500] {dagbag.py:536} INFO - Filling up the DagBag from /Users/dimz/EconWizard/hermesvirtual/lib/python3.8/site-packages/airflow/example_dags/plugins/listener_plugin.py
[2023-11-01T21:43:23.371-0500] {processor.py:841} WARNING - No viable dags retrieved from /Users/dimz/EconWizard/hermesvirtual/lib/python3.8/site-packages/airflow/example_dags/plugins/listener_plugin.py
[2023-11-01T21:43:23.452-0500] {processor.py:179} INFO - Processing /Users/dimz/EconWizard/hermesvirtual/lib/python3.8/site-packages/airflow/example_dags/plugins/listener_plugin.py took 0.087 seconds
[2023-11-01T21:44:19.412-0500] {processor.py:157} INFO - Started process (PID=88716) to work on /Users/dimz/EconWizard/hermesvirtual/lib/python3.8/site-packages/airflow/example_dags/plugins/listener_plugin.py
[2023-11-01T21:44:19.417-0500] {processor.py:829} INFO - Processing file /Users/dimz/EconWizard/hermesvirtual/lib/python3.8/site-packages/airflow/example_dags/plugins/listener_plugin.py for tasks to queue
[2023-11-01T21:44:19.417-0500] {logging_mixin.py:151} INFO - [2023-11-01T21:44:19.417-0500] {dagbag.py:536} INFO - Filling up the DagBag from /Users/dimz/EconWizard/hermesvirtual/lib/python3.8/site-packages/airflow/example_dags/plugins/listener_plugin.py
[2023-11-01T21:44:19.419-0500] {processor.py:841} WARNING - No viable dags retrieved from /Users/dimz/EconWizard/hermesvirtual/lib/python3.8/site-packages/airflow/example_dags/plugins/listener_plugin.py
[2023-11-01T21:44:19.499-0500] {processor.py:179} INFO - Processing /Users/dimz/EconWizard/hermesvirtual/lib/python3.8/site-packages/airflow/example_dags/plugins/listener_plugin.py took 0.087 seconds
[2023-11-01T21:45:19.819-0500] {processor.py:157} INFO - Started process (PID=88785) to work on /Users/dimz/EconWizard/hermesvirtual/lib/python3.8/site-packages/airflow/example_dags/plugins/listener_plugin.py
[2023-11-01T21:45:19.824-0500] {processor.py:829} INFO - Processing file /Users/dimz/EconWizard/hermesvirtual/lib/python3.8/site-packages/airflow/example_dags/plugins/listener_plugin.py for tasks to queue
[2023-11-01T21:45:19.824-0500] {logging_mixin.py:151} INFO - [2023-11-01T21:45:19.824-0500] {dagbag.py:536} INFO - Filling up the DagBag from /Users/dimz/EconWizard/hermesvirtual/lib/python3.8/site-packages/airflow/example_dags/plugins/listener_plugin.py
[2023-11-01T21:45:19.825-0500] {processor.py:841} WARNING - No viable dags retrieved from /Users/dimz/EconWizard/hermesvirtual/lib/python3.8/site-packages/airflow/example_dags/plugins/listener_plugin.py
[2023-11-01T21:45:19.906-0500] {processor.py:179} INFO - Processing /Users/dimz/EconWizard/hermesvirtual/lib/python3.8/site-packages/airflow/example_dags/plugins/listener_plugin.py took 0.088 seconds
[2023-11-01T21:46:23.411-0500] {processor.py:157} INFO - Started process (PID=88925) to work on /Users/dimz/EconWizard/hermesvirtual/lib/python3.8/site-packages/airflow/example_dags/plugins/listener_plugin.py
[2023-11-01T21:46:23.417-0500] {processor.py:829} INFO - Processing file /Users/dimz/EconWizard/hermesvirtual/lib/python3.8/site-packages/airflow/example_dags/plugins/listener_plugin.py for tasks to queue
[2023-11-01T21:46:23.417-0500] {logging_mixin.py:151} INFO - [2023-11-01T21:46:23.417-0500] {dagbag.py:536} INFO - Filling up the DagBag from /Users/dimz/EconWizard/hermesvirtual/lib/python3.8/site-packages/airflow/example_dags/plugins/listener_plugin.py
[2023-11-01T21:46:23.419-0500] {processor.py:841} WARNING - No viable dags retrieved from /Users/dimz/EconWizard/hermesvirtual/lib/python3.8/site-packages/airflow/example_dags/plugins/listener_plugin.py
[2023-11-01T21:46:23.507-0500] {processor.py:179} INFO - Processing /Users/dimz/EconWizard/hermesvirtual/lib/python3.8/site-packages/airflow/example_dags/plugins/listener_plugin.py took 0.096 seconds
[2023-11-01T21:47:24.326-0500] {processor.py:157} INFO - Started process (PID=89064) to work on /Users/dimz/EconWizard/hermesvirtual/lib/python3.8/site-packages/airflow/example_dags/plugins/listener_plugin.py
[2023-11-01T21:47:24.332-0500] {processor.py:829} INFO - Processing file /Users/dimz/EconWizard/hermesvirtual/lib/python3.8/site-packages/airflow/example_dags/plugins/listener_plugin.py for tasks to queue
[2023-11-01T21:47:24.332-0500] {logging_mixin.py:151} INFO - [2023-11-01T21:47:24.332-0500] {dagbag.py:536} INFO - Filling up the DagBag from /Users/dimz/EconWizard/hermesvirtual/lib/python3.8/site-packages/airflow/example_dags/plugins/listener_plugin.py
[2023-11-01T21:47:24.334-0500] {processor.py:841} WARNING - No viable dags retrieved from /Users/dimz/EconWizard/hermesvirtual/lib/python3.8/site-packages/airflow/example_dags/plugins/listener_plugin.py
[2023-11-01T21:47:24.428-0500] {processor.py:179} INFO - Processing /Users/dimz/EconWizard/hermesvirtual/lib/python3.8/site-packages/airflow/example_dags/plugins/listener_plugin.py took 0.102 seconds
[2023-11-01T21:48:24.856-0500] {processor.py:157} INFO - Started process (PID=89133) to work on /Users/dimz/EconWizard/hermesvirtual/lib/python3.8/site-packages/airflow/example_dags/plugins/listener_plugin.py
[2023-11-01T21:48:24.860-0500] {processor.py:829} INFO - Processing file /Users/dimz/EconWizard/hermesvirtual/lib/python3.8/site-packages/airflow/example_dags/plugins/listener_plugin.py for tasks to queue
[2023-11-01T21:48:24.860-0500] {logging_mixin.py:151} INFO - [2023-11-01T21:48:24.860-0500] {dagbag.py:536} INFO - Filling up the DagBag from /Users/dimz/EconWizard/hermesvirtual/lib/python3.8/site-packages/airflow/example_dags/plugins/listener_plugin.py
[2023-11-01T21:48:24.861-0500] {processor.py:841} WARNING - No viable dags retrieved from /Users/dimz/EconWizard/hermesvirtual/lib/python3.8/site-packages/airflow/example_dags/plugins/listener_plugin.py
[2023-11-01T21:48:24.940-0500] {processor.py:179} INFO - Processing /Users/dimz/EconWizard/hermesvirtual/lib/python3.8/site-packages/airflow/example_dags/plugins/listener_plugin.py took 0.085 seconds
[2023-11-01T21:49:25.861-0500] {processor.py:157} INFO - Started process (PID=89208) to work on /Users/dimz/EconWizard/hermesvirtual/lib/python3.8/site-packages/airflow/example_dags/plugins/listener_plugin.py
[2023-11-01T21:49:25.866-0500] {processor.py:829} INFO - Processing file /Users/dimz/EconWizard/hermesvirtual/lib/python3.8/site-packages/airflow/example_dags/plugins/listener_plugin.py for tasks to queue
[2023-11-01T21:49:25.867-0500] {logging_mixin.py:151} INFO - [2023-11-01T21:49:25.866-0500] {dagbag.py:536} INFO - Filling up the DagBag from /Users/dimz/EconWizard/hermesvirtual/lib/python3.8/site-packages/airflow/example_dags/plugins/listener_plugin.py
[2023-11-01T21:49:25.869-0500] {processor.py:841} WARNING - No viable dags retrieved from /Users/dimz/EconWizard/hermesvirtual/lib/python3.8/site-packages/airflow/example_dags/plugins/listener_plugin.py
[2023-11-01T21:49:25.957-0500] {processor.py:179} INFO - Processing /Users/dimz/EconWizard/hermesvirtual/lib/python3.8/site-packages/airflow/example_dags/plugins/listener_plugin.py took 0.097 seconds
[2023-11-01T21:50:25.281-0500] {processor.py:157} INFO - Started process (PID=89313) to work on /Users/dimz/EconWizard/hermesvirtual/lib/python3.8/site-packages/airflow/example_dags/plugins/listener_plugin.py
[2023-11-01T21:50:25.285-0500] {processor.py:829} INFO - Processing file /Users/dimz/EconWizard/hermesvirtual/lib/python3.8/site-packages/airflow/example_dags/plugins/listener_plugin.py for tasks to queue
[2023-11-01T21:50:25.285-0500] {logging_mixin.py:151} INFO - [2023-11-01T21:50:25.285-0500] {dagbag.py:536} INFO - Filling up the DagBag from /Users/dimz/EconWizard/hermesvirtual/lib/python3.8/site-packages/airflow/example_dags/plugins/listener_plugin.py
[2023-11-01T21:50:25.287-0500] {processor.py:841} WARNING - No viable dags retrieved from /Users/dimz/EconWizard/hermesvirtual/lib/python3.8/site-packages/airflow/example_dags/plugins/listener_plugin.py
[2023-11-01T21:50:25.373-0500] {processor.py:179} INFO - Processing /Users/dimz/EconWizard/hermesvirtual/lib/python3.8/site-packages/airflow/example_dags/plugins/listener_plugin.py took 0.093 seconds
[2023-11-01T21:51:25.195-0500] {processor.py:157} INFO - Started process (PID=89383) to work on /Users/dimz/EconWizard/hermesvirtual/lib/python3.8/site-packages/airflow/example_dags/plugins/listener_plugin.py
[2023-11-01T21:51:25.199-0500] {processor.py:829} INFO - Processing file /Users/dimz/EconWizard/hermesvirtual/lib/python3.8/site-packages/airflow/example_dags/plugins/listener_plugin.py for tasks to queue
[2023-11-01T21:51:25.200-0500] {logging_mixin.py:151} INFO - [2023-11-01T21:51:25.200-0500] {dagbag.py:536} INFO - Filling up the DagBag from /Users/dimz/EconWizard/hermesvirtual/lib/python3.8/site-packages/airflow/example_dags/plugins/listener_plugin.py
[2023-11-01T21:51:25.202-0500] {processor.py:841} WARNING - No viable dags retrieved from /Users/dimz/EconWizard/hermesvirtual/lib/python3.8/site-packages/airflow/example_dags/plugins/listener_plugin.py
[2023-11-01T21:51:25.287-0500] {processor.py:179} INFO - Processing /Users/dimz/EconWizard/hermesvirtual/lib/python3.8/site-packages/airflow/example_dags/plugins/listener_plugin.py took 0.093 seconds
[2023-11-01T21:52:22.249-0500] {processor.py:157} INFO - Started process (PID=89466) to work on /Users/dimz/EconWizard/hermesvirtual/lib/python3.8/site-packages/airflow/example_dags/plugins/listener_plugin.py
[2023-11-01T21:52:22.253-0500] {processor.py:829} INFO - Processing file /Users/dimz/EconWizard/hermesvirtual/lib/python3.8/site-packages/airflow/example_dags/plugins/listener_plugin.py for tasks to queue
[2023-11-01T21:52:22.254-0500] {logging_mixin.py:151} INFO - [2023-11-01T21:52:22.253-0500] {dagbag.py:536} INFO - Filling up the DagBag from /Users/dimz/EconWizard/hermesvirtual/lib/python3.8/site-packages/airflow/example_dags/plugins/listener_plugin.py
[2023-11-01T21:52:22.256-0500] {processor.py:841} WARNING - No viable dags retrieved from /Users/dimz/EconWizard/hermesvirtual/lib/python3.8/site-packages/airflow/example_dags/plugins/listener_plugin.py
[2023-11-01T21:52:22.334-0500] {processor.py:179} INFO - Processing /Users/dimz/EconWizard/hermesvirtual/lib/python3.8/site-packages/airflow/example_dags/plugins/listener_plugin.py took 0.085 seconds
[2023-11-01T21:53:19.107-0500] {processor.py:157} INFO - Started process (PID=89549) to work on /Users/dimz/EconWizard/hermesvirtual/lib/python3.8/site-packages/airflow/example_dags/plugins/listener_plugin.py
[2023-11-01T21:53:19.112-0500] {processor.py:829} INFO - Processing file /Users/dimz/EconWizard/hermesvirtual/lib/python3.8/site-packages/airflow/example_dags/plugins/listener_plugin.py for tasks to queue
[2023-11-01T21:53:19.112-0500] {logging_mixin.py:151} INFO - [2023-11-01T21:53:19.112-0500] {dagbag.py:536} INFO - Filling up the DagBag from /Users/dimz/EconWizard/hermesvirtual/lib/python3.8/site-packages/airflow/example_dags/plugins/listener_plugin.py
[2023-11-01T21:53:19.114-0500] {processor.py:841} WARNING - No viable dags retrieved from /Users/dimz/EconWizard/hermesvirtual/lib/python3.8/site-packages/airflow/example_dags/plugins/listener_plugin.py
[2023-11-01T21:53:19.197-0500] {processor.py:179} INFO - Processing /Users/dimz/EconWizard/hermesvirtual/lib/python3.8/site-packages/airflow/example_dags/plugins/listener_plugin.py took 0.090 seconds
[2023-11-01T21:54:20.419-0500] {processor.py:157} INFO - Started process (PID=89631) to work on /Users/dimz/EconWizard/hermesvirtual/lib/python3.8/site-packages/airflow/example_dags/plugins/listener_plugin.py
[2023-11-01T21:54:20.424-0500] {processor.py:829} INFO - Processing file /Users/dimz/EconWizard/hermesvirtual/lib/python3.8/site-packages/airflow/example_dags/plugins/listener_plugin.py for tasks to queue
[2023-11-01T21:54:20.425-0500] {logging_mixin.py:151} INFO - [2023-11-01T21:54:20.425-0500] {dagbag.py:536} INFO - Filling up the DagBag from /Users/dimz/EconWizard/hermesvirtual/lib/python3.8/site-packages/airflow/example_dags/plugins/listener_plugin.py
[2023-11-01T21:54:20.426-0500] {processor.py:841} WARNING - No viable dags retrieved from /Users/dimz/EconWizard/hermesvirtual/lib/python3.8/site-packages/airflow/example_dags/plugins/listener_plugin.py
[2023-11-01T21:54:20.516-0500] {processor.py:179} INFO - Processing /Users/dimz/EconWizard/hermesvirtual/lib/python3.8/site-packages/airflow/example_dags/plugins/listener_plugin.py took 0.098 seconds
[2023-11-01T21:55:22.948-0500] {processor.py:157} INFO - Started process (PID=89721) to work on /Users/dimz/EconWizard/hermesvirtual/lib/python3.8/site-packages/airflow/example_dags/plugins/listener_plugin.py
[2023-11-01T21:55:22.953-0500] {processor.py:829} INFO - Processing file /Users/dimz/EconWizard/hermesvirtual/lib/python3.8/site-packages/airflow/example_dags/plugins/listener_plugin.py for tasks to queue
[2023-11-01T21:55:22.953-0500] {logging_mixin.py:151} INFO - [2023-11-01T21:55:22.953-0500] {dagbag.py:536} INFO - Filling up the DagBag from /Users/dimz/EconWizard/hermesvirtual/lib/python3.8/site-packages/airflow/example_dags/plugins/listener_plugin.py
[2023-11-01T21:55:22.955-0500] {processor.py:841} WARNING - No viable dags retrieved from /Users/dimz/EconWizard/hermesvirtual/lib/python3.8/site-packages/airflow/example_dags/plugins/listener_plugin.py
[2023-11-01T21:55:23.033-0500] {processor.py:179} INFO - Processing /Users/dimz/EconWizard/hermesvirtual/lib/python3.8/site-packages/airflow/example_dags/plugins/listener_plugin.py took 0.086 seconds
[2023-11-01T21:56:20.332-0500] {processor.py:157} INFO - Started process (PID=89787) to work on /Users/dimz/EconWizard/hermesvirtual/lib/python3.8/site-packages/airflow/example_dags/plugins/listener_plugin.py
[2023-11-01T21:56:20.337-0500] {processor.py:829} INFO - Processing file /Users/dimz/EconWizard/hermesvirtual/lib/python3.8/site-packages/airflow/example_dags/plugins/listener_plugin.py for tasks to queue
[2023-11-01T21:56:20.337-0500] {logging_mixin.py:151} INFO - [2023-11-01T21:56:20.337-0500] {dagbag.py:536} INFO - Filling up the DagBag from /Users/dimz/EconWizard/hermesvirtual/lib/python3.8/site-packages/airflow/example_dags/plugins/listener_plugin.py
[2023-11-01T21:56:20.339-0500] {processor.py:841} WARNING - No viable dags retrieved from /Users/dimz/EconWizard/hermesvirtual/lib/python3.8/site-packages/airflow/example_dags/plugins/listener_plugin.py
[2023-11-01T21:56:20.418-0500] {processor.py:179} INFO - Processing /Users/dimz/EconWizard/hermesvirtual/lib/python3.8/site-packages/airflow/example_dags/plugins/listener_plugin.py took 0.087 seconds
[2023-11-01T21:57:18.157-0500] {processor.py:157} INFO - Started process (PID=89920) to work on /Users/dimz/EconWizard/hermesvirtual/lib/python3.8/site-packages/airflow/example_dags/plugins/listener_plugin.py
[2023-11-01T21:57:18.163-0500] {processor.py:829} INFO - Processing file /Users/dimz/EconWizard/hermesvirtual/lib/python3.8/site-packages/airflow/example_dags/plugins/listener_plugin.py for tasks to queue
[2023-11-01T21:57:18.163-0500] {logging_mixin.py:151} INFO - [2023-11-01T21:57:18.163-0500] {dagbag.py:536} INFO - Filling up the DagBag from /Users/dimz/EconWizard/hermesvirtual/lib/python3.8/site-packages/airflow/example_dags/plugins/listener_plugin.py
[2023-11-01T21:57:18.165-0500] {processor.py:841} WARNING - No viable dags retrieved from /Users/dimz/EconWizard/hermesvirtual/lib/python3.8/site-packages/airflow/example_dags/plugins/listener_plugin.py
[2023-11-01T21:57:18.253-0500] {processor.py:179} INFO - Processing /Users/dimz/EconWizard/hermesvirtual/lib/python3.8/site-packages/airflow/example_dags/plugins/listener_plugin.py took 0.096 seconds
[2023-11-01T21:58:18.343-0500] {processor.py:157} INFO - Started process (PID=90007) to work on /Users/dimz/EconWizard/hermesvirtual/lib/python3.8/site-packages/airflow/example_dags/plugins/listener_plugin.py
[2023-11-01T21:58:18.349-0500] {processor.py:829} INFO - Processing file /Users/dimz/EconWizard/hermesvirtual/lib/python3.8/site-packages/airflow/example_dags/plugins/listener_plugin.py for tasks to queue
[2023-11-01T21:58:18.349-0500] {logging_mixin.py:151} INFO - [2023-11-01T21:58:18.349-0500] {dagbag.py:536} INFO - Filling up the DagBag from /Users/dimz/EconWizard/hermesvirtual/lib/python3.8/site-packages/airflow/example_dags/plugins/listener_plugin.py
[2023-11-01T21:58:18.351-0500] {processor.py:841} WARNING - No viable dags retrieved from /Users/dimz/EconWizard/hermesvirtual/lib/python3.8/site-packages/airflow/example_dags/plugins/listener_plugin.py
[2023-11-01T21:58:18.442-0500] {processor.py:179} INFO - Processing /Users/dimz/EconWizard/hermesvirtual/lib/python3.8/site-packages/airflow/example_dags/plugins/listener_plugin.py took 0.100 seconds
[2023-11-01T21:59:19.590-0500] {processor.py:157} INFO - Started process (PID=90073) to work on /Users/dimz/EconWizard/hermesvirtual/lib/python3.8/site-packages/airflow/example_dags/plugins/listener_plugin.py
[2023-11-01T21:59:19.594-0500] {processor.py:829} INFO - Processing file /Users/dimz/EconWizard/hermesvirtual/lib/python3.8/site-packages/airflow/example_dags/plugins/listener_plugin.py for tasks to queue
[2023-11-01T21:59:19.594-0500] {logging_mixin.py:151} INFO - [2023-11-01T21:59:19.594-0500] {dagbag.py:536} INFO - Filling up the DagBag from /Users/dimz/EconWizard/hermesvirtual/lib/python3.8/site-packages/airflow/example_dags/plugins/listener_plugin.py
[2023-11-01T21:59:19.596-0500] {processor.py:841} WARNING - No viable dags retrieved from /Users/dimz/EconWizard/hermesvirtual/lib/python3.8/site-packages/airflow/example_dags/plugins/listener_plugin.py
[2023-11-01T21:59:19.678-0500] {processor.py:179} INFO - Processing /Users/dimz/EconWizard/hermesvirtual/lib/python3.8/site-packages/airflow/example_dags/plugins/listener_plugin.py took 0.088 seconds
[2023-11-01T22:00:19.783-0500] {processor.py:157} INFO - Started process (PID=90161) to work on /Users/dimz/EconWizard/hermesvirtual/lib/python3.8/site-packages/airflow/example_dags/plugins/listener_plugin.py
[2023-11-01T22:00:19.788-0500] {processor.py:829} INFO - Processing file /Users/dimz/EconWizard/hermesvirtual/lib/python3.8/site-packages/airflow/example_dags/plugins/listener_plugin.py for tasks to queue
[2023-11-01T22:00:19.788-0500] {logging_mixin.py:151} INFO - [2023-11-01T22:00:19.788-0500] {dagbag.py:536} INFO - Filling up the DagBag from /Users/dimz/EconWizard/hermesvirtual/lib/python3.8/site-packages/airflow/example_dags/plugins/listener_plugin.py
[2023-11-01T22:00:19.790-0500] {processor.py:841} WARNING - No viable dags retrieved from /Users/dimz/EconWizard/hermesvirtual/lib/python3.8/site-packages/airflow/example_dags/plugins/listener_plugin.py
[2023-11-01T22:00:19.872-0500] {processor.py:179} INFO - Processing /Users/dimz/EconWizard/hermesvirtual/lib/python3.8/site-packages/airflow/example_dags/plugins/listener_plugin.py took 0.090 seconds
[2023-11-01T22:01:19.389-0500] {processor.py:157} INFO - Started process (PID=90244) to work on /Users/dimz/EconWizard/hermesvirtual/lib/python3.8/site-packages/airflow/example_dags/plugins/listener_plugin.py
[2023-11-01T22:01:19.394-0500] {processor.py:829} INFO - Processing file /Users/dimz/EconWizard/hermesvirtual/lib/python3.8/site-packages/airflow/example_dags/plugins/listener_plugin.py for tasks to queue
[2023-11-01T22:01:19.394-0500] {logging_mixin.py:151} INFO - [2023-11-01T22:01:19.394-0500] {dagbag.py:536} INFO - Filling up the DagBag from /Users/dimz/EconWizard/hermesvirtual/lib/python3.8/site-packages/airflow/example_dags/plugins/listener_plugin.py
[2023-11-01T22:01:19.396-0500] {processor.py:841} WARNING - No viable dags retrieved from /Users/dimz/EconWizard/hermesvirtual/lib/python3.8/site-packages/airflow/example_dags/plugins/listener_plugin.py
[2023-11-01T22:01:19.476-0500] {processor.py:179} INFO - Processing /Users/dimz/EconWizard/hermesvirtual/lib/python3.8/site-packages/airflow/example_dags/plugins/listener_plugin.py took 0.087 seconds
[2023-11-01T22:02:22.102-0500] {processor.py:157} INFO - Started process (PID=90325) to work on /Users/dimz/EconWizard/hermesvirtual/lib/python3.8/site-packages/airflow/example_dags/plugins/listener_plugin.py
[2023-11-01T22:02:22.108-0500] {processor.py:829} INFO - Processing file /Users/dimz/EconWizard/hermesvirtual/lib/python3.8/site-packages/airflow/example_dags/plugins/listener_plugin.py for tasks to queue
[2023-11-01T22:02:22.108-0500] {logging_mixin.py:151} INFO - [2023-11-01T22:02:22.108-0500] {dagbag.py:536} INFO - Filling up the DagBag from /Users/dimz/EconWizard/hermesvirtual/lib/python3.8/site-packages/airflow/example_dags/plugins/listener_plugin.py
[2023-11-01T22:02:22.111-0500] {processor.py:841} WARNING - No viable dags retrieved from /Users/dimz/EconWizard/hermesvirtual/lib/python3.8/site-packages/airflow/example_dags/plugins/listener_plugin.py
[2023-11-01T22:02:22.189-0500] {processor.py:179} INFO - Processing /Users/dimz/EconWizard/hermesvirtual/lib/python3.8/site-packages/airflow/example_dags/plugins/listener_plugin.py took 0.087 seconds
[2023-11-01T22:03:22.250-0500] {processor.py:157} INFO - Started process (PID=90408) to work on /Users/dimz/EconWizard/hermesvirtual/lib/python3.8/site-packages/airflow/example_dags/plugins/listener_plugin.py
[2023-11-01T22:03:22.256-0500] {processor.py:829} INFO - Processing file /Users/dimz/EconWizard/hermesvirtual/lib/python3.8/site-packages/airflow/example_dags/plugins/listener_plugin.py for tasks to queue
[2023-11-01T22:03:22.256-0500] {logging_mixin.py:151} INFO - [2023-11-01T22:03:22.256-0500] {dagbag.py:536} INFO - Filling up the DagBag from /Users/dimz/EconWizard/hermesvirtual/lib/python3.8/site-packages/airflow/example_dags/plugins/listener_plugin.py
[2023-11-01T22:03:22.258-0500] {processor.py:841} WARNING - No viable dags retrieved from /Users/dimz/EconWizard/hermesvirtual/lib/python3.8/site-packages/airflow/example_dags/plugins/listener_plugin.py
[2023-11-01T22:03:22.342-0500] {processor.py:179} INFO - Processing /Users/dimz/EconWizard/hermesvirtual/lib/python3.8/site-packages/airflow/example_dags/plugins/listener_plugin.py took 0.092 seconds
[2023-11-01T22:04:20.325-0500] {processor.py:157} INFO - Started process (PID=90507) to work on /Users/dimz/EconWizard/hermesvirtual/lib/python3.8/site-packages/airflow/example_dags/plugins/listener_plugin.py
[2023-11-01T22:04:20.329-0500] {processor.py:829} INFO - Processing file /Users/dimz/EconWizard/hermesvirtual/lib/python3.8/site-packages/airflow/example_dags/plugins/listener_plugin.py for tasks to queue
[2023-11-01T22:04:20.330-0500] {logging_mixin.py:151} INFO - [2023-11-01T22:04:20.330-0500] {dagbag.py:536} INFO - Filling up the DagBag from /Users/dimz/EconWizard/hermesvirtual/lib/python3.8/site-packages/airflow/example_dags/plugins/listener_plugin.py
[2023-11-01T22:04:20.331-0500] {processor.py:841} WARNING - No viable dags retrieved from /Users/dimz/EconWizard/hermesvirtual/lib/python3.8/site-packages/airflow/example_dags/plugins/listener_plugin.py
[2023-11-01T22:04:20.410-0500] {processor.py:179} INFO - Processing /Users/dimz/EconWizard/hermesvirtual/lib/python3.8/site-packages/airflow/example_dags/plugins/listener_plugin.py took 0.086 seconds
[2023-11-01T22:05:15.912-0500] {processor.py:157} INFO - Started process (PID=90623) to work on /Users/dimz/EconWizard/hermesvirtual/lib/python3.8/site-packages/airflow/example_dags/plugins/listener_plugin.py
[2023-11-01T22:05:15.917-0500] {processor.py:829} INFO - Processing file /Users/dimz/EconWizard/hermesvirtual/lib/python3.8/site-packages/airflow/example_dags/plugins/listener_plugin.py for tasks to queue
[2023-11-01T22:05:15.918-0500] {logging_mixin.py:151} INFO - [2023-11-01T22:05:15.917-0500] {dagbag.py:536} INFO - Filling up the DagBag from /Users/dimz/EconWizard/hermesvirtual/lib/python3.8/site-packages/airflow/example_dags/plugins/listener_plugin.py
[2023-11-01T22:05:15.919-0500] {processor.py:841} WARNING - No viable dags retrieved from /Users/dimz/EconWizard/hermesvirtual/lib/python3.8/site-packages/airflow/example_dags/plugins/listener_plugin.py
[2023-11-01T22:05:16.006-0500] {processor.py:179} INFO - Processing /Users/dimz/EconWizard/hermesvirtual/lib/python3.8/site-packages/airflow/example_dags/plugins/listener_plugin.py took 0.094 seconds
[2023-11-01T22:06:14.934-0500] {processor.py:157} INFO - Started process (PID=90730) to work on /Users/dimz/EconWizard/hermesvirtual/lib/python3.8/site-packages/airflow/example_dags/plugins/listener_plugin.py
[2023-11-01T22:06:14.939-0500] {processor.py:829} INFO - Processing file /Users/dimz/EconWizard/hermesvirtual/lib/python3.8/site-packages/airflow/example_dags/plugins/listener_plugin.py for tasks to queue
[2023-11-01T22:06:14.939-0500] {logging_mixin.py:151} INFO - [2023-11-01T22:06:14.939-0500] {dagbag.py:536} INFO - Filling up the DagBag from /Users/dimz/EconWizard/hermesvirtual/lib/python3.8/site-packages/airflow/example_dags/plugins/listener_plugin.py
[2023-11-01T22:06:14.942-0500] {processor.py:841} WARNING - No viable dags retrieved from /Users/dimz/EconWizard/hermesvirtual/lib/python3.8/site-packages/airflow/example_dags/plugins/listener_plugin.py
[2023-11-01T22:06:15.020-0500] {processor.py:179} INFO - Processing /Users/dimz/EconWizard/hermesvirtual/lib/python3.8/site-packages/airflow/example_dags/plugins/listener_plugin.py took 0.087 seconds
[2023-11-01T22:07:17.977-0500] {processor.py:157} INFO - Started process (PID=90816) to work on /Users/dimz/EconWizard/hermesvirtual/lib/python3.8/site-packages/airflow/example_dags/plugins/listener_plugin.py
[2023-11-01T22:07:17.981-0500] {processor.py:829} INFO - Processing file /Users/dimz/EconWizard/hermesvirtual/lib/python3.8/site-packages/airflow/example_dags/plugins/listener_plugin.py for tasks to queue
[2023-11-01T22:07:17.982-0500] {logging_mixin.py:151} INFO - [2023-11-01T22:07:17.982-0500] {dagbag.py:536} INFO - Filling up the DagBag from /Users/dimz/EconWizard/hermesvirtual/lib/python3.8/site-packages/airflow/example_dags/plugins/listener_plugin.py
[2023-11-01T22:07:17.984-0500] {processor.py:841} WARNING - No viable dags retrieved from /Users/dimz/EconWizard/hermesvirtual/lib/python3.8/site-packages/airflow/example_dags/plugins/listener_plugin.py
[2023-11-01T22:07:18.067-0500] {processor.py:179} INFO - Processing /Users/dimz/EconWizard/hermesvirtual/lib/python3.8/site-packages/airflow/example_dags/plugins/listener_plugin.py took 0.090 seconds
[2023-11-01T22:08:20.117-0500] {processor.py:157} INFO - Started process (PID=90954) to work on /Users/dimz/EconWizard/hermesvirtual/lib/python3.8/site-packages/airflow/example_dags/plugins/listener_plugin.py
[2023-11-01T22:08:20.122-0500] {processor.py:829} INFO - Processing file /Users/dimz/EconWizard/hermesvirtual/lib/python3.8/site-packages/airflow/example_dags/plugins/listener_plugin.py for tasks to queue
[2023-11-01T22:08:20.122-0500] {logging_mixin.py:151} INFO - [2023-11-01T22:08:20.122-0500] {dagbag.py:536} INFO - Filling up the DagBag from /Users/dimz/EconWizard/hermesvirtual/lib/python3.8/site-packages/airflow/example_dags/plugins/listener_plugin.py
[2023-11-01T22:08:20.124-0500] {processor.py:841} WARNING - No viable dags retrieved from /Users/dimz/EconWizard/hermesvirtual/lib/python3.8/site-packages/airflow/example_dags/plugins/listener_plugin.py
[2023-11-01T22:08:20.206-0500] {processor.py:179} INFO - Processing /Users/dimz/EconWizard/hermesvirtual/lib/python3.8/site-packages/airflow/example_dags/plugins/listener_plugin.py took 0.090 seconds
[2023-11-01T22:13:09.643-0500] {processor.py:157} INFO - Started process (PID=91397) to work on /Users/dimz/EconWizard/hermesvirtual/lib/python3.8/site-packages/airflow/example_dags/plugins/listener_plugin.py
[2023-11-01T22:13:09.648-0500] {processor.py:829} INFO - Processing file /Users/dimz/EconWizard/hermesvirtual/lib/python3.8/site-packages/airflow/example_dags/plugins/listener_plugin.py for tasks to queue
[2023-11-01T22:13:09.648-0500] {logging_mixin.py:151} INFO - [2023-11-01T22:13:09.648-0500] {dagbag.py:536} INFO - Filling up the DagBag from /Users/dimz/EconWizard/hermesvirtual/lib/python3.8/site-packages/airflow/example_dags/plugins/listener_plugin.py
[2023-11-01T22:13:09.650-0500] {processor.py:841} WARNING - No viable dags retrieved from /Users/dimz/EconWizard/hermesvirtual/lib/python3.8/site-packages/airflow/example_dags/plugins/listener_plugin.py
[2023-11-01T22:13:09.734-0500] {processor.py:179} INFO - Processing /Users/dimz/EconWizard/hermesvirtual/lib/python3.8/site-packages/airflow/example_dags/plugins/listener_plugin.py took 0.091 seconds
[2023-11-01T22:13:55.595-0500] {processor.py:157} INFO - Started process (PID=91516) to work on /Users/dimz/EconWizard/hermesvirtual/lib/python3.8/site-packages/airflow/example_dags/plugins/listener_plugin.py
[2023-11-01T22:13:55.600-0500] {processor.py:829} INFO - Processing file /Users/dimz/EconWizard/hermesvirtual/lib/python3.8/site-packages/airflow/example_dags/plugins/listener_plugin.py for tasks to queue
[2023-11-01T22:13:55.601-0500] {logging_mixin.py:151} INFO - [2023-11-01T22:13:55.601-0500] {dagbag.py:536} INFO - Filling up the DagBag from /Users/dimz/EconWizard/hermesvirtual/lib/python3.8/site-packages/airflow/example_dags/plugins/listener_plugin.py
[2023-11-01T22:13:55.602-0500] {processor.py:841} WARNING - No viable dags retrieved from /Users/dimz/EconWizard/hermesvirtual/lib/python3.8/site-packages/airflow/example_dags/plugins/listener_plugin.py
[2023-11-01T22:13:55.684-0500] {processor.py:179} INFO - Processing /Users/dimz/EconWizard/hermesvirtual/lib/python3.8/site-packages/airflow/example_dags/plugins/listener_plugin.py took 0.089 seconds
[2023-11-01T22:14:58.723-0500] {processor.py:157} INFO - Started process (PID=91581) to work on /Users/dimz/EconWizard/hermesvirtual/lib/python3.8/site-packages/airflow/example_dags/plugins/listener_plugin.py
[2023-11-01T22:14:58.727-0500] {processor.py:829} INFO - Processing file /Users/dimz/EconWizard/hermesvirtual/lib/python3.8/site-packages/airflow/example_dags/plugins/listener_plugin.py for tasks to queue
[2023-11-01T22:14:58.727-0500] {logging_mixin.py:151} INFO - [2023-11-01T22:14:58.727-0500] {dagbag.py:536} INFO - Filling up the DagBag from /Users/dimz/EconWizard/hermesvirtual/lib/python3.8/site-packages/airflow/example_dags/plugins/listener_plugin.py
[2023-11-01T22:14:58.728-0500] {processor.py:841} WARNING - No viable dags retrieved from /Users/dimz/EconWizard/hermesvirtual/lib/python3.8/site-packages/airflow/example_dags/plugins/listener_plugin.py
[2023-11-01T22:14:58.806-0500] {processor.py:179} INFO - Processing /Users/dimz/EconWizard/hermesvirtual/lib/python3.8/site-packages/airflow/example_dags/plugins/listener_plugin.py took 0.084 seconds
[2023-11-01T22:15:57.963-0500] {processor.py:157} INFO - Started process (PID=91689) to work on /Users/dimz/EconWizard/hermesvirtual/lib/python3.8/site-packages/airflow/example_dags/plugins/listener_plugin.py
[2023-11-01T22:15:57.968-0500] {processor.py:829} INFO - Processing file /Users/dimz/EconWizard/hermesvirtual/lib/python3.8/site-packages/airflow/example_dags/plugins/listener_plugin.py for tasks to queue
[2023-11-01T22:15:57.968-0500] {logging_mixin.py:151} INFO - [2023-11-01T22:15:57.968-0500] {dagbag.py:536} INFO - Filling up the DagBag from /Users/dimz/EconWizard/hermesvirtual/lib/python3.8/site-packages/airflow/example_dags/plugins/listener_plugin.py
[2023-11-01T22:15:57.970-0500] {processor.py:841} WARNING - No viable dags retrieved from /Users/dimz/EconWizard/hermesvirtual/lib/python3.8/site-packages/airflow/example_dags/plugins/listener_plugin.py
[2023-11-01T22:15:58.048-0500] {processor.py:179} INFO - Processing /Users/dimz/EconWizard/hermesvirtual/lib/python3.8/site-packages/airflow/example_dags/plugins/listener_plugin.py took 0.086 seconds
[2023-11-01T22:16:58.056-0500] {processor.py:157} INFO - Started process (PID=91812) to work on /Users/dimz/EconWizard/hermesvirtual/lib/python3.8/site-packages/airflow/example_dags/plugins/listener_plugin.py
[2023-11-01T22:16:58.061-0500] {processor.py:829} INFO - Processing file /Users/dimz/EconWizard/hermesvirtual/lib/python3.8/site-packages/airflow/example_dags/plugins/listener_plugin.py for tasks to queue
[2023-11-01T22:16:58.062-0500] {logging_mixin.py:151} INFO - [2023-11-01T22:16:58.062-0500] {dagbag.py:536} INFO - Filling up the DagBag from /Users/dimz/EconWizard/hermesvirtual/lib/python3.8/site-packages/airflow/example_dags/plugins/listener_plugin.py
[2023-11-01T22:16:58.063-0500] {processor.py:841} WARNING - No viable dags retrieved from /Users/dimz/EconWizard/hermesvirtual/lib/python3.8/site-packages/airflow/example_dags/plugins/listener_plugin.py
[2023-11-01T22:16:58.143-0500] {processor.py:179} INFO - Processing /Users/dimz/EconWizard/hermesvirtual/lib/python3.8/site-packages/airflow/example_dags/plugins/listener_plugin.py took 0.087 seconds
[2023-11-01T22:17:56.379-0500] {processor.py:157} INFO - Started process (PID=91971) to work on /Users/dimz/EconWizard/hermesvirtual/lib/python3.8/site-packages/airflow/example_dags/plugins/listener_plugin.py
[2023-11-01T22:17:56.383-0500] {processor.py:829} INFO - Processing file /Users/dimz/EconWizard/hermesvirtual/lib/python3.8/site-packages/airflow/example_dags/plugins/listener_plugin.py for tasks to queue
[2023-11-01T22:17:56.383-0500] {logging_mixin.py:151} INFO - [2023-11-01T22:17:56.383-0500] {dagbag.py:536} INFO - Filling up the DagBag from /Users/dimz/EconWizard/hermesvirtual/lib/python3.8/site-packages/airflow/example_dags/plugins/listener_plugin.py
[2023-11-01T22:17:56.384-0500] {processor.py:841} WARNING - No viable dags retrieved from /Users/dimz/EconWizard/hermesvirtual/lib/python3.8/site-packages/airflow/example_dags/plugins/listener_plugin.py
[2023-11-01T22:17:56.473-0500] {processor.py:179} INFO - Processing /Users/dimz/EconWizard/hermesvirtual/lib/python3.8/site-packages/airflow/example_dags/plugins/listener_plugin.py took 0.094 seconds
[2023-11-01T22:18:55.983-0500] {processor.py:157} INFO - Started process (PID=92135) to work on /Users/dimz/EconWizard/hermesvirtual/lib/python3.8/site-packages/airflow/example_dags/plugins/listener_plugin.py
[2023-11-01T22:18:55.988-0500] {processor.py:829} INFO - Processing file /Users/dimz/EconWizard/hermesvirtual/lib/python3.8/site-packages/airflow/example_dags/plugins/listener_plugin.py for tasks to queue
[2023-11-01T22:18:55.988-0500] {logging_mixin.py:151} INFO - [2023-11-01T22:18:55.988-0500] {dagbag.py:536} INFO - Filling up the DagBag from /Users/dimz/EconWizard/hermesvirtual/lib/python3.8/site-packages/airflow/example_dags/plugins/listener_plugin.py
[2023-11-01T22:18:55.989-0500] {processor.py:841} WARNING - No viable dags retrieved from /Users/dimz/EconWizard/hermesvirtual/lib/python3.8/site-packages/airflow/example_dags/plugins/listener_plugin.py
[2023-11-01T22:18:56.070-0500] {processor.py:179} INFO - Processing /Users/dimz/EconWizard/hermesvirtual/lib/python3.8/site-packages/airflow/example_dags/plugins/listener_plugin.py took 0.087 seconds
[2023-11-01T22:19:50.551-0500] {processor.py:157} INFO - Started process (PID=92246) to work on /Users/dimz/EconWizard/hermesvirtual/lib/python3.8/site-packages/airflow/example_dags/plugins/listener_plugin.py
[2023-11-01T22:19:50.556-0500] {processor.py:829} INFO - Processing file /Users/dimz/EconWizard/hermesvirtual/lib/python3.8/site-packages/airflow/example_dags/plugins/listener_plugin.py for tasks to queue
[2023-11-01T22:19:50.556-0500] {logging_mixin.py:151} INFO - [2023-11-01T22:19:50.556-0500] {dagbag.py:536} INFO - Filling up the DagBag from /Users/dimz/EconWizard/hermesvirtual/lib/python3.8/site-packages/airflow/example_dags/plugins/listener_plugin.py
[2023-11-01T22:19:50.557-0500] {processor.py:841} WARNING - No viable dags retrieved from /Users/dimz/EconWizard/hermesvirtual/lib/python3.8/site-packages/airflow/example_dags/plugins/listener_plugin.py
[2023-11-01T22:19:50.643-0500] {processor.py:179} INFO - Processing /Users/dimz/EconWizard/hermesvirtual/lib/python3.8/site-packages/airflow/example_dags/plugins/listener_plugin.py took 0.092 seconds
[2023-11-01T22:20:43.882-0500] {processor.py:157} INFO - Started process (PID=92365) to work on /Users/dimz/EconWizard/hermesvirtual/lib/python3.8/site-packages/airflow/example_dags/plugins/listener_plugin.py
[2023-11-01T22:20:43.886-0500] {processor.py:829} INFO - Processing file /Users/dimz/EconWizard/hermesvirtual/lib/python3.8/site-packages/airflow/example_dags/plugins/listener_plugin.py for tasks to queue
[2023-11-01T22:20:43.886-0500] {logging_mixin.py:151} INFO - [2023-11-01T22:20:43.886-0500] {dagbag.py:536} INFO - Filling up the DagBag from /Users/dimz/EconWizard/hermesvirtual/lib/python3.8/site-packages/airflow/example_dags/plugins/listener_plugin.py
[2023-11-01T22:20:43.887-0500] {processor.py:841} WARNING - No viable dags retrieved from /Users/dimz/EconWizard/hermesvirtual/lib/python3.8/site-packages/airflow/example_dags/plugins/listener_plugin.py
[2023-11-01T22:20:43.966-0500] {processor.py:179} INFO - Processing /Users/dimz/EconWizard/hermesvirtual/lib/python3.8/site-packages/airflow/example_dags/plugins/listener_plugin.py took 0.084 seconds
[2023-11-01T22:21:41.171-0500] {processor.py:157} INFO - Started process (PID=92524) to work on /Users/dimz/EconWizard/hermesvirtual/lib/python3.8/site-packages/airflow/example_dags/plugins/listener_plugin.py
[2023-11-01T22:21:41.175-0500] {processor.py:829} INFO - Processing file /Users/dimz/EconWizard/hermesvirtual/lib/python3.8/site-packages/airflow/example_dags/plugins/listener_plugin.py for tasks to queue
[2023-11-01T22:21:41.176-0500] {logging_mixin.py:151} INFO - [2023-11-01T22:21:41.175-0500] {dagbag.py:536} INFO - Filling up the DagBag from /Users/dimz/EconWizard/hermesvirtual/lib/python3.8/site-packages/airflow/example_dags/plugins/listener_plugin.py
[2023-11-01T22:21:41.177-0500] {processor.py:841} WARNING - No viable dags retrieved from /Users/dimz/EconWizard/hermesvirtual/lib/python3.8/site-packages/airflow/example_dags/plugins/listener_plugin.py
[2023-11-01T22:21:41.256-0500] {processor.py:179} INFO - Processing /Users/dimz/EconWizard/hermesvirtual/lib/python3.8/site-packages/airflow/example_dags/plugins/listener_plugin.py took 0.085 seconds
[2023-11-01T22:22:42.291-0500] {processor.py:157} INFO - Started process (PID=92695) to work on /Users/dimz/EconWizard/hermesvirtual/lib/python3.8/site-packages/airflow/example_dags/plugins/listener_plugin.py
[2023-11-01T22:22:42.296-0500] {processor.py:829} INFO - Processing file /Users/dimz/EconWizard/hermesvirtual/lib/python3.8/site-packages/airflow/example_dags/plugins/listener_plugin.py for tasks to queue
[2023-11-01T22:22:42.297-0500] {logging_mixin.py:151} INFO - [2023-11-01T22:22:42.297-0500] {dagbag.py:536} INFO - Filling up the DagBag from /Users/dimz/EconWizard/hermesvirtual/lib/python3.8/site-packages/airflow/example_dags/plugins/listener_plugin.py
[2023-11-01T22:22:42.298-0500] {processor.py:841} WARNING - No viable dags retrieved from /Users/dimz/EconWizard/hermesvirtual/lib/python3.8/site-packages/airflow/example_dags/plugins/listener_plugin.py
[2023-11-01T22:22:42.377-0500] {processor.py:179} INFO - Processing /Users/dimz/EconWizard/hermesvirtual/lib/python3.8/site-packages/airflow/example_dags/plugins/listener_plugin.py took 0.086 seconds
[2023-11-01T23:11:08.639-0500] {processor.py:157} INFO - Started process (PID=92879) to work on /Users/dimz/EconWizard/hermesvirtual/lib/python3.8/site-packages/airflow/example_dags/plugins/listener_plugin.py
[2023-11-01T23:11:08.643-0500] {processor.py:829} INFO - Processing file /Users/dimz/EconWizard/hermesvirtual/lib/python3.8/site-packages/airflow/example_dags/plugins/listener_plugin.py for tasks to queue
[2023-11-01T23:11:08.643-0500] {logging_mixin.py:151} INFO - [2023-11-01T23:11:08.643-0500] {dagbag.py:536} INFO - Filling up the DagBag from /Users/dimz/EconWizard/hermesvirtual/lib/python3.8/site-packages/airflow/example_dags/plugins/listener_plugin.py
[2023-11-01T23:11:08.645-0500] {processor.py:841} WARNING - No viable dags retrieved from /Users/dimz/EconWizard/hermesvirtual/lib/python3.8/site-packages/airflow/example_dags/plugins/listener_plugin.py
[2023-11-01T23:11:08.733-0500] {processor.py:179} INFO - Processing /Users/dimz/EconWizard/hermesvirtual/lib/python3.8/site-packages/airflow/example_dags/plugins/listener_plugin.py took 0.095 seconds
[2023-11-02T01:12:19.031-0500] {processor.py:157} INFO - Started process (PID=93007) to work on /Users/dimz/EconWizard/hermesvirtual/lib/python3.8/site-packages/airflow/example_dags/plugins/listener_plugin.py
[2023-11-02T01:12:19.036-0500] {processor.py:829} INFO - Processing file /Users/dimz/EconWizard/hermesvirtual/lib/python3.8/site-packages/airflow/example_dags/plugins/listener_plugin.py for tasks to queue
[2023-11-02T01:12:19.037-0500] {logging_mixin.py:151} INFO - [2023-11-02T01:12:19.037-0500] {dagbag.py:536} INFO - Filling up the DagBag from /Users/dimz/EconWizard/hermesvirtual/lib/python3.8/site-packages/airflow/example_dags/plugins/listener_plugin.py
[2023-11-02T01:12:19.039-0500] {processor.py:841} WARNING - No viable dags retrieved from /Users/dimz/EconWizard/hermesvirtual/lib/python3.8/site-packages/airflow/example_dags/plugins/listener_plugin.py
[2023-11-02T01:12:19.124-0500] {processor.py:179} INFO - Processing /Users/dimz/EconWizard/hermesvirtual/lib/python3.8/site-packages/airflow/example_dags/plugins/listener_plugin.py took 0.093 seconds
[2023-11-02T05:43:38.483-0500] {processor.py:157} INFO - Started process (PID=93225) to work on /Users/dimz/EconWizard/hermesvirtual/lib/python3.8/site-packages/airflow/example_dags/plugins/listener_plugin.py
[2023-11-02T05:43:38.488-0500] {processor.py:829} INFO - Processing file /Users/dimz/EconWizard/hermesvirtual/lib/python3.8/site-packages/airflow/example_dags/plugins/listener_plugin.py for tasks to queue
[2023-11-02T05:43:38.489-0500] {logging_mixin.py:151} INFO - [2023-11-02T05:43:38.489-0500] {dagbag.py:536} INFO - Filling up the DagBag from /Users/dimz/EconWizard/hermesvirtual/lib/python3.8/site-packages/airflow/example_dags/plugins/listener_plugin.py
[2023-11-02T05:43:38.490-0500] {processor.py:841} WARNING - No viable dags retrieved from /Users/dimz/EconWizard/hermesvirtual/lib/python3.8/site-packages/airflow/example_dags/plugins/listener_plugin.py
[2023-11-02T05:43:38.567-0500] {processor.py:179} INFO - Processing /Users/dimz/EconWizard/hermesvirtual/lib/python3.8/site-packages/airflow/example_dags/plugins/listener_plugin.py took 0.084 seconds
[2023-11-02T08:02:27.166-0500] {processor.py:157} INFO - Started process (PID=93350) to work on /Users/dimz/EconWizard/hermesvirtual/lib/python3.8/site-packages/airflow/example_dags/plugins/listener_plugin.py
[2023-11-02T08:02:27.170-0500] {processor.py:829} INFO - Processing file /Users/dimz/EconWizard/hermesvirtual/lib/python3.8/site-packages/airflow/example_dags/plugins/listener_plugin.py for tasks to queue
[2023-11-02T08:02:27.171-0500] {logging_mixin.py:151} INFO - [2023-11-02T08:02:27.171-0500] {dagbag.py:536} INFO - Filling up the DagBag from /Users/dimz/EconWizard/hermesvirtual/lib/python3.8/site-packages/airflow/example_dags/plugins/listener_plugin.py
[2023-11-02T08:02:27.172-0500] {processor.py:841} WARNING - No viable dags retrieved from /Users/dimz/EconWizard/hermesvirtual/lib/python3.8/site-packages/airflow/example_dags/plugins/listener_plugin.py
[2023-11-02T08:02:27.256-0500] {processor.py:179} INFO - Processing /Users/dimz/EconWizard/hermesvirtual/lib/python3.8/site-packages/airflow/example_dags/plugins/listener_plugin.py took 0.091 seconds
[2023-11-02T08:29:47.273-0500] {processor.py:157} INFO - Started process (PID=93450) to work on /Users/dimz/EconWizard/hermesvirtual/lib/python3.8/site-packages/airflow/example_dags/plugins/listener_plugin.py
[2023-11-02T08:29:47.278-0500] {processor.py:829} INFO - Processing file /Users/dimz/EconWizard/hermesvirtual/lib/python3.8/site-packages/airflow/example_dags/plugins/listener_plugin.py for tasks to queue
[2023-11-02T08:29:47.278-0500] {logging_mixin.py:151} INFO - [2023-11-02T08:29:47.278-0500] {dagbag.py:536} INFO - Filling up the DagBag from /Users/dimz/EconWizard/hermesvirtual/lib/python3.8/site-packages/airflow/example_dags/plugins/listener_plugin.py
[2023-11-02T08:29:47.280-0500] {processor.py:841} WARNING - No viable dags retrieved from /Users/dimz/EconWizard/hermesvirtual/lib/python3.8/site-packages/airflow/example_dags/plugins/listener_plugin.py
[2023-11-02T08:29:47.358-0500] {processor.py:179} INFO - Processing /Users/dimz/EconWizard/hermesvirtual/lib/python3.8/site-packages/airflow/example_dags/plugins/listener_plugin.py took 0.085 seconds
[2023-11-02T08:48:18.851-0500] {processor.py:157} INFO - Started process (PID=93525) to work on /Users/dimz/EconWizard/hermesvirtual/lib/python3.8/site-packages/airflow/example_dags/plugins/listener_plugin.py
[2023-11-02T08:48:18.855-0500] {processor.py:829} INFO - Processing file /Users/dimz/EconWizard/hermesvirtual/lib/python3.8/site-packages/airflow/example_dags/plugins/listener_plugin.py for tasks to queue
[2023-11-02T08:48:18.856-0500] {logging_mixin.py:151} INFO - [2023-11-02T08:48:18.856-0500] {dagbag.py:536} INFO - Filling up the DagBag from /Users/dimz/EconWizard/hermesvirtual/lib/python3.8/site-packages/airflow/example_dags/plugins/listener_plugin.py
[2023-11-02T08:48:18.857-0500] {processor.py:841} WARNING - No viable dags retrieved from /Users/dimz/EconWizard/hermesvirtual/lib/python3.8/site-packages/airflow/example_dags/plugins/listener_plugin.py
[2023-11-02T08:48:18.935-0500] {processor.py:179} INFO - Processing /Users/dimz/EconWizard/hermesvirtual/lib/python3.8/site-packages/airflow/example_dags/plugins/listener_plugin.py took 0.084 seconds
[2023-11-02T09:03:54.919-0500] {processor.py:157} INFO - Started process (PID=93661) to work on /Users/dimz/EconWizard/hermesvirtual/lib/python3.8/site-packages/airflow/example_dags/plugins/listener_plugin.py
[2023-11-02T09:03:54.923-0500] {processor.py:829} INFO - Processing file /Users/dimz/EconWizard/hermesvirtual/lib/python3.8/site-packages/airflow/example_dags/plugins/listener_plugin.py for tasks to queue
[2023-11-02T09:03:54.924-0500] {logging_mixin.py:151} INFO - [2023-11-02T09:03:54.924-0500] {dagbag.py:536} INFO - Filling up the DagBag from /Users/dimz/EconWizard/hermesvirtual/lib/python3.8/site-packages/airflow/example_dags/plugins/listener_plugin.py
[2023-11-02T09:03:54.926-0500] {processor.py:841} WARNING - No viable dags retrieved from /Users/dimz/EconWizard/hermesvirtual/lib/python3.8/site-packages/airflow/example_dags/plugins/listener_plugin.py
[2023-11-02T09:03:55.005-0500] {processor.py:179} INFO - Processing /Users/dimz/EconWizard/hermesvirtual/lib/python3.8/site-packages/airflow/example_dags/plugins/listener_plugin.py took 0.087 seconds
[2023-11-02T09:04:55.817-0500] {processor.py:157} INFO - Started process (PID=93761) to work on /Users/dimz/EconWizard/hermesvirtual/lib/python3.8/site-packages/airflow/example_dags/plugins/listener_plugin.py
[2023-11-02T09:04:55.822-0500] {processor.py:829} INFO - Processing file /Users/dimz/EconWizard/hermesvirtual/lib/python3.8/site-packages/airflow/example_dags/plugins/listener_plugin.py for tasks to queue
[2023-11-02T09:04:55.823-0500] {logging_mixin.py:151} INFO - [2023-11-02T09:04:55.822-0500] {dagbag.py:536} INFO - Filling up the DagBag from /Users/dimz/EconWizard/hermesvirtual/lib/python3.8/site-packages/airflow/example_dags/plugins/listener_plugin.py
[2023-11-02T09:04:55.825-0500] {processor.py:841} WARNING - No viable dags retrieved from /Users/dimz/EconWizard/hermesvirtual/lib/python3.8/site-packages/airflow/example_dags/plugins/listener_plugin.py
[2023-11-02T09:04:55.903-0500] {processor.py:179} INFO - Processing /Users/dimz/EconWizard/hermesvirtual/lib/python3.8/site-packages/airflow/example_dags/plugins/listener_plugin.py took 0.086 seconds
[2023-11-02T09:05:51.498-0500] {processor.py:157} INFO - Started process (PID=93830) to work on /Users/dimz/EconWizard/hermesvirtual/lib/python3.8/site-packages/airflow/example_dags/plugins/listener_plugin.py
[2023-11-02T09:05:51.502-0500] {processor.py:829} INFO - Processing file /Users/dimz/EconWizard/hermesvirtual/lib/python3.8/site-packages/airflow/example_dags/plugins/listener_plugin.py for tasks to queue
[2023-11-02T09:05:51.502-0500] {logging_mixin.py:151} INFO - [2023-11-02T09:05:51.502-0500] {dagbag.py:536} INFO - Filling up the DagBag from /Users/dimz/EconWizard/hermesvirtual/lib/python3.8/site-packages/airflow/example_dags/plugins/listener_plugin.py
[2023-11-02T09:05:51.503-0500] {processor.py:841} WARNING - No viable dags retrieved from /Users/dimz/EconWizard/hermesvirtual/lib/python3.8/site-packages/airflow/example_dags/plugins/listener_plugin.py
[2023-11-02T09:05:51.582-0500] {processor.py:179} INFO - Processing /Users/dimz/EconWizard/hermesvirtual/lib/python3.8/site-packages/airflow/example_dags/plugins/listener_plugin.py took 0.085 seconds
[2023-11-02T09:06:52.137-0500] {processor.py:157} INFO - Started process (PID=93892) to work on /Users/dimz/EconWizard/hermesvirtual/lib/python3.8/site-packages/airflow/example_dags/plugins/listener_plugin.py
[2023-11-02T09:06:52.143-0500] {processor.py:829} INFO - Processing file /Users/dimz/EconWizard/hermesvirtual/lib/python3.8/site-packages/airflow/example_dags/plugins/listener_plugin.py for tasks to queue
[2023-11-02T09:06:52.143-0500] {logging_mixin.py:151} INFO - [2023-11-02T09:06:52.143-0500] {dagbag.py:536} INFO - Filling up the DagBag from /Users/dimz/EconWizard/hermesvirtual/lib/python3.8/site-packages/airflow/example_dags/plugins/listener_plugin.py
[2023-11-02T09:06:52.145-0500] {processor.py:841} WARNING - No viable dags retrieved from /Users/dimz/EconWizard/hermesvirtual/lib/python3.8/site-packages/airflow/example_dags/plugins/listener_plugin.py
[2023-11-02T09:06:52.223-0500] {processor.py:179} INFO - Processing /Users/dimz/EconWizard/hermesvirtual/lib/python3.8/site-packages/airflow/example_dags/plugins/listener_plugin.py took 0.086 seconds
[2023-11-02T09:07:54.492-0500] {processor.py:157} INFO - Started process (PID=93959) to work on /Users/dimz/EconWizard/hermesvirtual/lib/python3.8/site-packages/airflow/example_dags/plugins/listener_plugin.py
[2023-11-02T09:07:54.496-0500] {processor.py:829} INFO - Processing file /Users/dimz/EconWizard/hermesvirtual/lib/python3.8/site-packages/airflow/example_dags/plugins/listener_plugin.py for tasks to queue
[2023-11-02T09:07:54.497-0500] {logging_mixin.py:151} INFO - [2023-11-02T09:07:54.497-0500] {dagbag.py:536} INFO - Filling up the DagBag from /Users/dimz/EconWizard/hermesvirtual/lib/python3.8/site-packages/airflow/example_dags/plugins/listener_plugin.py
[2023-11-02T09:07:54.498-0500] {processor.py:841} WARNING - No viable dags retrieved from /Users/dimz/EconWizard/hermesvirtual/lib/python3.8/site-packages/airflow/example_dags/plugins/listener_plugin.py
[2023-11-02T09:07:54.577-0500] {processor.py:179} INFO - Processing /Users/dimz/EconWizard/hermesvirtual/lib/python3.8/site-packages/airflow/example_dags/plugins/listener_plugin.py took 0.085 seconds
[2023-11-02T09:08:57.514-0500] {processor.py:157} INFO - Started process (PID=94139) to work on /Users/dimz/EconWizard/hermesvirtual/lib/python3.8/site-packages/airflow/example_dags/plugins/listener_plugin.py
[2023-11-02T09:08:57.519-0500] {processor.py:829} INFO - Processing file /Users/dimz/EconWizard/hermesvirtual/lib/python3.8/site-packages/airflow/example_dags/plugins/listener_plugin.py for tasks to queue
[2023-11-02T09:08:57.519-0500] {logging_mixin.py:151} INFO - [2023-11-02T09:08:57.519-0500] {dagbag.py:536} INFO - Filling up the DagBag from /Users/dimz/EconWizard/hermesvirtual/lib/python3.8/site-packages/airflow/example_dags/plugins/listener_plugin.py
[2023-11-02T09:08:57.522-0500] {processor.py:841} WARNING - No viable dags retrieved from /Users/dimz/EconWizard/hermesvirtual/lib/python3.8/site-packages/airflow/example_dags/plugins/listener_plugin.py
[2023-11-02T09:08:57.613-0500] {processor.py:179} INFO - Processing /Users/dimz/EconWizard/hermesvirtual/lib/python3.8/site-packages/airflow/example_dags/plugins/listener_plugin.py took 0.100 seconds
[2023-11-02T09:10:02.418-0500] {processor.py:157} INFO - Started process (PID=94267) to work on /Users/dimz/EconWizard/hermesvirtual/lib/python3.8/site-packages/airflow/example_dags/plugins/listener_plugin.py
[2023-11-02T09:10:02.423-0500] {processor.py:829} INFO - Processing file /Users/dimz/EconWizard/hermesvirtual/lib/python3.8/site-packages/airflow/example_dags/plugins/listener_plugin.py for tasks to queue
[2023-11-02T09:10:02.423-0500] {logging_mixin.py:151} INFO - [2023-11-02T09:10:02.423-0500] {dagbag.py:536} INFO - Filling up the DagBag from /Users/dimz/EconWizard/hermesvirtual/lib/python3.8/site-packages/airflow/example_dags/plugins/listener_plugin.py
[2023-11-02T09:10:02.425-0500] {processor.py:841} WARNING - No viable dags retrieved from /Users/dimz/EconWizard/hermesvirtual/lib/python3.8/site-packages/airflow/example_dags/plugins/listener_plugin.py
[2023-11-02T09:10:02.511-0500] {processor.py:179} INFO - Processing /Users/dimz/EconWizard/hermesvirtual/lib/python3.8/site-packages/airflow/example_dags/plugins/listener_plugin.py took 0.094 seconds
[2023-11-02T09:11:05.957-0500] {processor.py:157} INFO - Started process (PID=94383) to work on /Users/dimz/EconWizard/hermesvirtual/lib/python3.8/site-packages/airflow/example_dags/plugins/listener_plugin.py
[2023-11-02T09:11:05.962-0500] {processor.py:829} INFO - Processing file /Users/dimz/EconWizard/hermesvirtual/lib/python3.8/site-packages/airflow/example_dags/plugins/listener_plugin.py for tasks to queue
[2023-11-02T09:11:05.962-0500] {logging_mixin.py:151} INFO - [2023-11-02T09:11:05.962-0500] {dagbag.py:536} INFO - Filling up the DagBag from /Users/dimz/EconWizard/hermesvirtual/lib/python3.8/site-packages/airflow/example_dags/plugins/listener_plugin.py
[2023-11-02T09:11:05.964-0500] {processor.py:841} WARNING - No viable dags retrieved from /Users/dimz/EconWizard/hermesvirtual/lib/python3.8/site-packages/airflow/example_dags/plugins/listener_plugin.py
[2023-11-02T09:11:06.044-0500] {processor.py:179} INFO - Processing /Users/dimz/EconWizard/hermesvirtual/lib/python3.8/site-packages/airflow/example_dags/plugins/listener_plugin.py took 0.088 seconds
[2023-11-02T09:12:11.439-0500] {processor.py:157} INFO - Started process (PID=94454) to work on /Users/dimz/EconWizard/hermesvirtual/lib/python3.8/site-packages/airflow/example_dags/plugins/listener_plugin.py
[2023-11-02T09:12:11.444-0500] {processor.py:829} INFO - Processing file /Users/dimz/EconWizard/hermesvirtual/lib/python3.8/site-packages/airflow/example_dags/plugins/listener_plugin.py for tasks to queue
[2023-11-02T09:12:11.445-0500] {logging_mixin.py:151} INFO - [2023-11-02T09:12:11.445-0500] {dagbag.py:536} INFO - Filling up the DagBag from /Users/dimz/EconWizard/hermesvirtual/lib/python3.8/site-packages/airflow/example_dags/plugins/listener_plugin.py
[2023-11-02T09:12:11.447-0500] {processor.py:841} WARNING - No viable dags retrieved from /Users/dimz/EconWizard/hermesvirtual/lib/python3.8/site-packages/airflow/example_dags/plugins/listener_plugin.py
[2023-11-02T09:12:11.539-0500] {processor.py:179} INFO - Processing /Users/dimz/EconWizard/hermesvirtual/lib/python3.8/site-packages/airflow/example_dags/plugins/listener_plugin.py took 0.101 seconds
[2023-11-02T09:13:15.979-0500] {processor.py:157} INFO - Started process (PID=94525) to work on /Users/dimz/EconWizard/hermesvirtual/lib/python3.8/site-packages/airflow/example_dags/plugins/listener_plugin.py
[2023-11-02T09:13:15.984-0500] {processor.py:829} INFO - Processing file /Users/dimz/EconWizard/hermesvirtual/lib/python3.8/site-packages/airflow/example_dags/plugins/listener_plugin.py for tasks to queue
[2023-11-02T09:13:15.984-0500] {logging_mixin.py:151} INFO - [2023-11-02T09:13:15.984-0500] {dagbag.py:536} INFO - Filling up the DagBag from /Users/dimz/EconWizard/hermesvirtual/lib/python3.8/site-packages/airflow/example_dags/plugins/listener_plugin.py
[2023-11-02T09:13:15.985-0500] {processor.py:841} WARNING - No viable dags retrieved from /Users/dimz/EconWizard/hermesvirtual/lib/python3.8/site-packages/airflow/example_dags/plugins/listener_plugin.py
[2023-11-02T09:13:16.071-0500] {processor.py:179} INFO - Processing /Users/dimz/EconWizard/hermesvirtual/lib/python3.8/site-packages/airflow/example_dags/plugins/listener_plugin.py took 0.093 seconds
[2023-11-02T09:14:17.472-0500] {processor.py:157} INFO - Started process (PID=94593) to work on /Users/dimz/EconWizard/hermesvirtual/lib/python3.8/site-packages/airflow/example_dags/plugins/listener_plugin.py
[2023-11-02T09:14:17.477-0500] {processor.py:829} INFO - Processing file /Users/dimz/EconWizard/hermesvirtual/lib/python3.8/site-packages/airflow/example_dags/plugins/listener_plugin.py for tasks to queue
[2023-11-02T09:14:17.478-0500] {logging_mixin.py:151} INFO - [2023-11-02T09:14:17.477-0500] {dagbag.py:536} INFO - Filling up the DagBag from /Users/dimz/EconWizard/hermesvirtual/lib/python3.8/site-packages/airflow/example_dags/plugins/listener_plugin.py
[2023-11-02T09:14:17.479-0500] {processor.py:841} WARNING - No viable dags retrieved from /Users/dimz/EconWizard/hermesvirtual/lib/python3.8/site-packages/airflow/example_dags/plugins/listener_plugin.py
[2023-11-02T09:14:17.557-0500] {processor.py:179} INFO - Processing /Users/dimz/EconWizard/hermesvirtual/lib/python3.8/site-packages/airflow/example_dags/plugins/listener_plugin.py took 0.085 seconds
[2023-11-02T09:15:21.680-0500] {processor.py:157} INFO - Started process (PID=94659) to work on /Users/dimz/EconWizard/hermesvirtual/lib/python3.8/site-packages/airflow/example_dags/plugins/listener_plugin.py
[2023-11-02T09:15:21.684-0500] {processor.py:829} INFO - Processing file /Users/dimz/EconWizard/hermesvirtual/lib/python3.8/site-packages/airflow/example_dags/plugins/listener_plugin.py for tasks to queue
[2023-11-02T09:15:21.684-0500] {logging_mixin.py:151} INFO - [2023-11-02T09:15:21.684-0500] {dagbag.py:536} INFO - Filling up the DagBag from /Users/dimz/EconWizard/hermesvirtual/lib/python3.8/site-packages/airflow/example_dags/plugins/listener_plugin.py
[2023-11-02T09:15:21.686-0500] {processor.py:841} WARNING - No viable dags retrieved from /Users/dimz/EconWizard/hermesvirtual/lib/python3.8/site-packages/airflow/example_dags/plugins/listener_plugin.py
[2023-11-02T09:15:21.763-0500] {processor.py:179} INFO - Processing /Users/dimz/EconWizard/hermesvirtual/lib/python3.8/site-packages/airflow/example_dags/plugins/listener_plugin.py took 0.083 seconds
[2023-11-02T09:16:22.800-0500] {processor.py:157} INFO - Started process (PID=94733) to work on /Users/dimz/EconWizard/hermesvirtual/lib/python3.8/site-packages/airflow/example_dags/plugins/listener_plugin.py
[2023-11-02T09:16:22.805-0500] {processor.py:829} INFO - Processing file /Users/dimz/EconWizard/hermesvirtual/lib/python3.8/site-packages/airflow/example_dags/plugins/listener_plugin.py for tasks to queue
[2023-11-02T09:16:22.806-0500] {logging_mixin.py:151} INFO - [2023-11-02T09:16:22.806-0500] {dagbag.py:536} INFO - Filling up the DagBag from /Users/dimz/EconWizard/hermesvirtual/lib/python3.8/site-packages/airflow/example_dags/plugins/listener_plugin.py
[2023-11-02T09:16:22.807-0500] {processor.py:841} WARNING - No viable dags retrieved from /Users/dimz/EconWizard/hermesvirtual/lib/python3.8/site-packages/airflow/example_dags/plugins/listener_plugin.py
[2023-11-02T09:16:22.886-0500] {processor.py:179} INFO - Processing /Users/dimz/EconWizard/hermesvirtual/lib/python3.8/site-packages/airflow/example_dags/plugins/listener_plugin.py took 0.086 seconds
[2023-11-02T09:17:24.365-0500] {processor.py:157} INFO - Started process (PID=94798) to work on /Users/dimz/EconWizard/hermesvirtual/lib/python3.8/site-packages/airflow/example_dags/plugins/listener_plugin.py
[2023-11-02T09:17:24.369-0500] {processor.py:829} INFO - Processing file /Users/dimz/EconWizard/hermesvirtual/lib/python3.8/site-packages/airflow/example_dags/plugins/listener_plugin.py for tasks to queue
[2023-11-02T09:17:24.369-0500] {logging_mixin.py:151} INFO - [2023-11-02T09:17:24.369-0500] {dagbag.py:536} INFO - Filling up the DagBag from /Users/dimz/EconWizard/hermesvirtual/lib/python3.8/site-packages/airflow/example_dags/plugins/listener_plugin.py
[2023-11-02T09:17:24.372-0500] {processor.py:841} WARNING - No viable dags retrieved from /Users/dimz/EconWizard/hermesvirtual/lib/python3.8/site-packages/airflow/example_dags/plugins/listener_plugin.py
[2023-11-02T09:17:24.451-0500] {processor.py:179} INFO - Processing /Users/dimz/EconWizard/hermesvirtual/lib/python3.8/site-packages/airflow/example_dags/plugins/listener_plugin.py took 0.087 seconds
[2023-11-02T09:18:25.835-0500] {processor.py:157} INFO - Started process (PID=94865) to work on /Users/dimz/EconWizard/hermesvirtual/lib/python3.8/site-packages/airflow/example_dags/plugins/listener_plugin.py
[2023-11-02T09:18:25.840-0500] {processor.py:829} INFO - Processing file /Users/dimz/EconWizard/hermesvirtual/lib/python3.8/site-packages/airflow/example_dags/plugins/listener_plugin.py for tasks to queue
[2023-11-02T09:18:25.841-0500] {logging_mixin.py:151} INFO - [2023-11-02T09:18:25.841-0500] {dagbag.py:536} INFO - Filling up the DagBag from /Users/dimz/EconWizard/hermesvirtual/lib/python3.8/site-packages/airflow/example_dags/plugins/listener_plugin.py
[2023-11-02T09:18:25.844-0500] {processor.py:841} WARNING - No viable dags retrieved from /Users/dimz/EconWizard/hermesvirtual/lib/python3.8/site-packages/airflow/example_dags/plugins/listener_plugin.py
[2023-11-02T09:18:25.935-0500] {processor.py:179} INFO - Processing /Users/dimz/EconWizard/hermesvirtual/lib/python3.8/site-packages/airflow/example_dags/plugins/listener_plugin.py took 0.100 seconds
[2023-11-02T09:19:30.796-0500] {processor.py:157} INFO - Started process (PID=94988) to work on /Users/dimz/EconWizard/hermesvirtual/lib/python3.8/site-packages/airflow/example_dags/plugins/listener_plugin.py
[2023-11-02T09:19:30.802-0500] {processor.py:829} INFO - Processing file /Users/dimz/EconWizard/hermesvirtual/lib/python3.8/site-packages/airflow/example_dags/plugins/listener_plugin.py for tasks to queue
[2023-11-02T09:19:30.802-0500] {logging_mixin.py:151} INFO - [2023-11-02T09:19:30.802-0500] {dagbag.py:536} INFO - Filling up the DagBag from /Users/dimz/EconWizard/hermesvirtual/lib/python3.8/site-packages/airflow/example_dags/plugins/listener_plugin.py
[2023-11-02T09:19:30.804-0500] {processor.py:841} WARNING - No viable dags retrieved from /Users/dimz/EconWizard/hermesvirtual/lib/python3.8/site-packages/airflow/example_dags/plugins/listener_plugin.py
[2023-11-02T09:19:30.902-0500] {processor.py:179} INFO - Processing /Users/dimz/EconWizard/hermesvirtual/lib/python3.8/site-packages/airflow/example_dags/plugins/listener_plugin.py took 0.106 seconds
[2023-11-02T09:20:34.526-0500] {processor.py:157} INFO - Started process (PID=95062) to work on /Users/dimz/EconWizard/hermesvirtual/lib/python3.8/site-packages/airflow/example_dags/plugins/listener_plugin.py
[2023-11-02T09:20:34.531-0500] {processor.py:829} INFO - Processing file /Users/dimz/EconWizard/hermesvirtual/lib/python3.8/site-packages/airflow/example_dags/plugins/listener_plugin.py for tasks to queue
[2023-11-02T09:20:34.531-0500] {logging_mixin.py:151} INFO - [2023-11-02T09:20:34.531-0500] {dagbag.py:536} INFO - Filling up the DagBag from /Users/dimz/EconWizard/hermesvirtual/lib/python3.8/site-packages/airflow/example_dags/plugins/listener_plugin.py
[2023-11-02T09:20:34.533-0500] {processor.py:841} WARNING - No viable dags retrieved from /Users/dimz/EconWizard/hermesvirtual/lib/python3.8/site-packages/airflow/example_dags/plugins/listener_plugin.py
[2023-11-02T09:20:34.625-0500] {processor.py:179} INFO - Processing /Users/dimz/EconWizard/hermesvirtual/lib/python3.8/site-packages/airflow/example_dags/plugins/listener_plugin.py took 0.099 seconds
[2023-11-02T09:21:40.047-0500] {processor.py:157} INFO - Started process (PID=95128) to work on /Users/dimz/EconWizard/hermesvirtual/lib/python3.8/site-packages/airflow/example_dags/plugins/listener_plugin.py
[2023-11-02T09:21:40.052-0500] {processor.py:829} INFO - Processing file /Users/dimz/EconWizard/hermesvirtual/lib/python3.8/site-packages/airflow/example_dags/plugins/listener_plugin.py for tasks to queue
[2023-11-02T09:21:40.052-0500] {logging_mixin.py:151} INFO - [2023-11-02T09:21:40.052-0500] {dagbag.py:536} INFO - Filling up the DagBag from /Users/dimz/EconWizard/hermesvirtual/lib/python3.8/site-packages/airflow/example_dags/plugins/listener_plugin.py
[2023-11-02T09:21:40.054-0500] {processor.py:841} WARNING - No viable dags retrieved from /Users/dimz/EconWizard/hermesvirtual/lib/python3.8/site-packages/airflow/example_dags/plugins/listener_plugin.py
[2023-11-02T09:21:40.131-0500] {processor.py:179} INFO - Processing /Users/dimz/EconWizard/hermesvirtual/lib/python3.8/site-packages/airflow/example_dags/plugins/listener_plugin.py took 0.085 seconds
[2023-11-02T09:22:44.386-0500] {processor.py:157} INFO - Started process (PID=95225) to work on /Users/dimz/EconWizard/hermesvirtual/lib/python3.8/site-packages/airflow/example_dags/plugins/listener_plugin.py
[2023-11-02T09:22:44.391-0500] {processor.py:829} INFO - Processing file /Users/dimz/EconWizard/hermesvirtual/lib/python3.8/site-packages/airflow/example_dags/plugins/listener_plugin.py for tasks to queue
[2023-11-02T09:22:44.392-0500] {logging_mixin.py:151} INFO - [2023-11-02T09:22:44.392-0500] {dagbag.py:536} INFO - Filling up the DagBag from /Users/dimz/EconWizard/hermesvirtual/lib/python3.8/site-packages/airflow/example_dags/plugins/listener_plugin.py
[2023-11-02T09:22:44.393-0500] {processor.py:841} WARNING - No viable dags retrieved from /Users/dimz/EconWizard/hermesvirtual/lib/python3.8/site-packages/airflow/example_dags/plugins/listener_plugin.py
[2023-11-02T09:22:44.476-0500] {processor.py:179} INFO - Processing /Users/dimz/EconWizard/hermesvirtual/lib/python3.8/site-packages/airflow/example_dags/plugins/listener_plugin.py took 0.090 seconds
[2023-11-02T09:23:47.149-0500] {processor.py:157} INFO - Started process (PID=95332) to work on /Users/dimz/EconWizard/hermesvirtual/lib/python3.8/site-packages/airflow/example_dags/plugins/listener_plugin.py
[2023-11-02T09:23:47.154-0500] {processor.py:829} INFO - Processing file /Users/dimz/EconWizard/hermesvirtual/lib/python3.8/site-packages/airflow/example_dags/plugins/listener_plugin.py for tasks to queue
[2023-11-02T09:23:47.155-0500] {logging_mixin.py:151} INFO - [2023-11-02T09:23:47.155-0500] {dagbag.py:536} INFO - Filling up the DagBag from /Users/dimz/EconWizard/hermesvirtual/lib/python3.8/site-packages/airflow/example_dags/plugins/listener_plugin.py
[2023-11-02T09:23:47.157-0500] {processor.py:841} WARNING - No viable dags retrieved from /Users/dimz/EconWizard/hermesvirtual/lib/python3.8/site-packages/airflow/example_dags/plugins/listener_plugin.py
[2023-11-02T09:23:47.235-0500] {processor.py:179} INFO - Processing /Users/dimz/EconWizard/hermesvirtual/lib/python3.8/site-packages/airflow/example_dags/plugins/listener_plugin.py took 0.086 seconds
[2023-11-02T09:24:49.940-0500] {processor.py:157} INFO - Started process (PID=95462) to work on /Users/dimz/EconWizard/hermesvirtual/lib/python3.8/site-packages/airflow/example_dags/plugins/listener_plugin.py
[2023-11-02T09:24:49.946-0500] {processor.py:829} INFO - Processing file /Users/dimz/EconWizard/hermesvirtual/lib/python3.8/site-packages/airflow/example_dags/plugins/listener_plugin.py for tasks to queue
[2023-11-02T09:24:49.946-0500] {logging_mixin.py:151} INFO - [2023-11-02T09:24:49.946-0500] {dagbag.py:536} INFO - Filling up the DagBag from /Users/dimz/EconWizard/hermesvirtual/lib/python3.8/site-packages/airflow/example_dags/plugins/listener_plugin.py
[2023-11-02T09:24:49.948-0500] {processor.py:841} WARNING - No viable dags retrieved from /Users/dimz/EconWizard/hermesvirtual/lib/python3.8/site-packages/airflow/example_dags/plugins/listener_plugin.py
[2023-11-02T09:24:50.028-0500] {processor.py:179} INFO - Processing /Users/dimz/EconWizard/hermesvirtual/lib/python3.8/site-packages/airflow/example_dags/plugins/listener_plugin.py took 0.088 seconds
[2023-11-02T09:25:53.439-0500] {processor.py:157} INFO - Started process (PID=95569) to work on /Users/dimz/EconWizard/hermesvirtual/lib/python3.8/site-packages/airflow/example_dags/plugins/listener_plugin.py
[2023-11-02T09:25:53.445-0500] {processor.py:829} INFO - Processing file /Users/dimz/EconWizard/hermesvirtual/lib/python3.8/site-packages/airflow/example_dags/plugins/listener_plugin.py for tasks to queue
[2023-11-02T09:25:53.445-0500] {logging_mixin.py:151} INFO - [2023-11-02T09:25:53.445-0500] {dagbag.py:536} INFO - Filling up the DagBag from /Users/dimz/EconWizard/hermesvirtual/lib/python3.8/site-packages/airflow/example_dags/plugins/listener_plugin.py
[2023-11-02T09:25:53.447-0500] {processor.py:841} WARNING - No viable dags retrieved from /Users/dimz/EconWizard/hermesvirtual/lib/python3.8/site-packages/airflow/example_dags/plugins/listener_plugin.py
[2023-11-02T09:25:53.526-0500] {processor.py:179} INFO - Processing /Users/dimz/EconWizard/hermesvirtual/lib/python3.8/site-packages/airflow/example_dags/plugins/listener_plugin.py took 0.087 seconds
[2023-11-02T09:26:58.832-0500] {processor.py:157} INFO - Started process (PID=95668) to work on /Users/dimz/EconWizard/hermesvirtual/lib/python3.8/site-packages/airflow/example_dags/plugins/listener_plugin.py
[2023-11-02T09:26:58.838-0500] {processor.py:829} INFO - Processing file /Users/dimz/EconWizard/hermesvirtual/lib/python3.8/site-packages/airflow/example_dags/plugins/listener_plugin.py for tasks to queue
[2023-11-02T09:26:58.838-0500] {logging_mixin.py:151} INFO - [2023-11-02T09:26:58.838-0500] {dagbag.py:536} INFO - Filling up the DagBag from /Users/dimz/EconWizard/hermesvirtual/lib/python3.8/site-packages/airflow/example_dags/plugins/listener_plugin.py
[2023-11-02T09:26:58.841-0500] {processor.py:841} WARNING - No viable dags retrieved from /Users/dimz/EconWizard/hermesvirtual/lib/python3.8/site-packages/airflow/example_dags/plugins/listener_plugin.py
[2023-11-02T09:26:58.921-0500] {processor.py:179} INFO - Processing /Users/dimz/EconWizard/hermesvirtual/lib/python3.8/site-packages/airflow/example_dags/plugins/listener_plugin.py took 0.089 seconds
[2023-11-02T09:28:42.203-0500] {processor.py:157} INFO - Started process (PID=95810) to work on /Users/dimz/EconWizard/hermesvirtual/lib/python3.8/site-packages/airflow/example_dags/plugins/listener_plugin.py
[2023-11-02T09:28:42.208-0500] {processor.py:829} INFO - Processing file /Users/dimz/EconWizard/hermesvirtual/lib/python3.8/site-packages/airflow/example_dags/plugins/listener_plugin.py for tasks to queue
[2023-11-02T09:28:42.208-0500] {logging_mixin.py:151} INFO - [2023-11-02T09:28:42.208-0500] {dagbag.py:536} INFO - Filling up the DagBag from /Users/dimz/EconWizard/hermesvirtual/lib/python3.8/site-packages/airflow/example_dags/plugins/listener_plugin.py
[2023-11-02T09:28:42.211-0500] {processor.py:841} WARNING - No viable dags retrieved from /Users/dimz/EconWizard/hermesvirtual/lib/python3.8/site-packages/airflow/example_dags/plugins/listener_plugin.py
[2023-11-02T09:28:42.309-0500] {processor.py:179} INFO - Processing /Users/dimz/EconWizard/hermesvirtual/lib/python3.8/site-packages/airflow/example_dags/plugins/listener_plugin.py took 0.107 seconds
[2023-11-02T09:29:54.111-0500] {processor.py:157} INFO - Started process (PID=95910) to work on /Users/dimz/EconWizard/hermesvirtual/lib/python3.8/site-packages/airflow/example_dags/plugins/listener_plugin.py
[2023-11-02T09:29:54.117-0500] {processor.py:829} INFO - Processing file /Users/dimz/EconWizard/hermesvirtual/lib/python3.8/site-packages/airflow/example_dags/plugins/listener_plugin.py for tasks to queue
[2023-11-02T09:29:54.117-0500] {logging_mixin.py:151} INFO - [2023-11-02T09:29:54.117-0500] {dagbag.py:536} INFO - Filling up the DagBag from /Users/dimz/EconWizard/hermesvirtual/lib/python3.8/site-packages/airflow/example_dags/plugins/listener_plugin.py
[2023-11-02T09:29:54.119-0500] {processor.py:841} WARNING - No viable dags retrieved from /Users/dimz/EconWizard/hermesvirtual/lib/python3.8/site-packages/airflow/example_dags/plugins/listener_plugin.py
[2023-11-02T09:29:54.200-0500] {processor.py:179} INFO - Processing /Users/dimz/EconWizard/hermesvirtual/lib/python3.8/site-packages/airflow/example_dags/plugins/listener_plugin.py took 0.089 seconds
[2023-11-02T09:30:59.512-0500] {processor.py:157} INFO - Started process (PID=95993) to work on /Users/dimz/EconWizard/hermesvirtual/lib/python3.8/site-packages/airflow/example_dags/plugins/listener_plugin.py
[2023-11-02T09:30:59.517-0500] {processor.py:829} INFO - Processing file /Users/dimz/EconWizard/hermesvirtual/lib/python3.8/site-packages/airflow/example_dags/plugins/listener_plugin.py for tasks to queue
[2023-11-02T09:30:59.517-0500] {logging_mixin.py:151} INFO - [2023-11-02T09:30:59.517-0500] {dagbag.py:536} INFO - Filling up the DagBag from /Users/dimz/EconWizard/hermesvirtual/lib/python3.8/site-packages/airflow/example_dags/plugins/listener_plugin.py
[2023-11-02T09:30:59.519-0500] {processor.py:841} WARNING - No viable dags retrieved from /Users/dimz/EconWizard/hermesvirtual/lib/python3.8/site-packages/airflow/example_dags/plugins/listener_plugin.py
[2023-11-02T09:30:59.598-0500] {processor.py:179} INFO - Processing /Users/dimz/EconWizard/hermesvirtual/lib/python3.8/site-packages/airflow/example_dags/plugins/listener_plugin.py took 0.087 seconds
[2023-11-02T09:32:05.476-0500] {processor.py:157} INFO - Started process (PID=96066) to work on /Users/dimz/EconWizard/hermesvirtual/lib/python3.8/site-packages/airflow/example_dags/plugins/listener_plugin.py
[2023-11-02T09:32:05.481-0500] {processor.py:829} INFO - Processing file /Users/dimz/EconWizard/hermesvirtual/lib/python3.8/site-packages/airflow/example_dags/plugins/listener_plugin.py for tasks to queue
[2023-11-02T09:32:05.482-0500] {logging_mixin.py:151} INFO - [2023-11-02T09:32:05.482-0500] {dagbag.py:536} INFO - Filling up the DagBag from /Users/dimz/EconWizard/hermesvirtual/lib/python3.8/site-packages/airflow/example_dags/plugins/listener_plugin.py
[2023-11-02T09:32:05.484-0500] {processor.py:841} WARNING - No viable dags retrieved from /Users/dimz/EconWizard/hermesvirtual/lib/python3.8/site-packages/airflow/example_dags/plugins/listener_plugin.py
[2023-11-02T09:32:05.568-0500] {processor.py:179} INFO - Processing /Users/dimz/EconWizard/hermesvirtual/lib/python3.8/site-packages/airflow/example_dags/plugins/listener_plugin.py took 0.092 seconds
[2023-11-02T10:12:46.940-0500] {processor.py:157} INFO - Started process (PID=97508) to work on /Users/dimz/EconWizard/hermesvirtual/lib/python3.8/site-packages/airflow/example_dags/plugins/listener_plugin.py
[2023-11-02T10:12:46.945-0500] {processor.py:829} INFO - Processing file /Users/dimz/EconWizard/hermesvirtual/lib/python3.8/site-packages/airflow/example_dags/plugins/listener_plugin.py for tasks to queue
[2023-11-02T10:12:46.946-0500] {logging_mixin.py:151} INFO - [2023-11-02T10:12:46.946-0500] {dagbag.py:536} INFO - Filling up the DagBag from /Users/dimz/EconWizard/hermesvirtual/lib/python3.8/site-packages/airflow/example_dags/plugins/listener_plugin.py
[2023-11-02T10:12:46.947-0500] {processor.py:841} WARNING - No viable dags retrieved from /Users/dimz/EconWizard/hermesvirtual/lib/python3.8/site-packages/airflow/example_dags/plugins/listener_plugin.py
[2023-11-02T10:12:47.027-0500] {processor.py:179} INFO - Processing /Users/dimz/EconWizard/hermesvirtual/lib/python3.8/site-packages/airflow/example_dags/plugins/listener_plugin.py took 0.087 seconds
[2023-11-02T10:14:18.625-0500] {processor.py:157} INFO - Started process (PID=97606) to work on /Users/dimz/EconWizard/hermesvirtual/lib/python3.8/site-packages/airflow/example_dags/plugins/listener_plugin.py
[2023-11-02T10:14:18.630-0500] {processor.py:829} INFO - Processing file /Users/dimz/EconWizard/hermesvirtual/lib/python3.8/site-packages/airflow/example_dags/plugins/listener_plugin.py for tasks to queue
[2023-11-02T10:14:18.630-0500] {logging_mixin.py:151} INFO - [2023-11-02T10:14:18.630-0500] {dagbag.py:536} INFO - Filling up the DagBag from /Users/dimz/EconWizard/hermesvirtual/lib/python3.8/site-packages/airflow/example_dags/plugins/listener_plugin.py
[2023-11-02T10:14:18.632-0500] {processor.py:841} WARNING - No viable dags retrieved from /Users/dimz/EconWizard/hermesvirtual/lib/python3.8/site-packages/airflow/example_dags/plugins/listener_plugin.py
[2023-11-02T10:14:18.710-0500] {processor.py:179} INFO - Processing /Users/dimz/EconWizard/hermesvirtual/lib/python3.8/site-packages/airflow/example_dags/plugins/listener_plugin.py took 0.085 seconds
[2023-11-02T10:15:20.097-0500] {processor.py:157} INFO - Started process (PID=97687) to work on /Users/dimz/EconWizard/hermesvirtual/lib/python3.8/site-packages/airflow/example_dags/plugins/listener_plugin.py
[2023-11-02T10:15:20.102-0500] {processor.py:829} INFO - Processing file /Users/dimz/EconWizard/hermesvirtual/lib/python3.8/site-packages/airflow/example_dags/plugins/listener_plugin.py for tasks to queue
[2023-11-02T10:15:20.102-0500] {logging_mixin.py:151} INFO - [2023-11-02T10:15:20.102-0500] {dagbag.py:536} INFO - Filling up the DagBag from /Users/dimz/EconWizard/hermesvirtual/lib/python3.8/site-packages/airflow/example_dags/plugins/listener_plugin.py
[2023-11-02T10:15:20.104-0500] {processor.py:841} WARNING - No viable dags retrieved from /Users/dimz/EconWizard/hermesvirtual/lib/python3.8/site-packages/airflow/example_dags/plugins/listener_plugin.py
[2023-11-02T10:15:20.189-0500] {processor.py:179} INFO - Processing /Users/dimz/EconWizard/hermesvirtual/lib/python3.8/site-packages/airflow/example_dags/plugins/listener_plugin.py took 0.092 seconds
[2023-11-02T10:38:32.482-0500] {processor.py:157} INFO - Started process (PID=99821) to work on /Users/dimz/EconWizard/hermesvirtual/lib/python3.8/site-packages/airflow/example_dags/plugins/listener_plugin.py
[2023-11-02T10:38:32.486-0500] {processor.py:829} INFO - Processing file /Users/dimz/EconWizard/hermesvirtual/lib/python3.8/site-packages/airflow/example_dags/plugins/listener_plugin.py for tasks to queue
[2023-11-02T10:38:32.487-0500] {logging_mixin.py:151} INFO - [2023-11-02T10:38:32.486-0500] {dagbag.py:536} INFO - Filling up the DagBag from /Users/dimz/EconWizard/hermesvirtual/lib/python3.8/site-packages/airflow/example_dags/plugins/listener_plugin.py
[2023-11-02T10:38:32.488-0500] {processor.py:841} WARNING - No viable dags retrieved from /Users/dimz/EconWizard/hermesvirtual/lib/python3.8/site-packages/airflow/example_dags/plugins/listener_plugin.py
[2023-11-02T10:38:32.571-0500] {processor.py:179} INFO - Processing /Users/dimz/EconWizard/hermesvirtual/lib/python3.8/site-packages/airflow/example_dags/plugins/listener_plugin.py took 0.089 seconds
[2023-11-02T10:40:06.356-0500] {processor.py:157} INFO - Started process (PID=99956) to work on /Users/dimz/EconWizard/hermesvirtual/lib/python3.8/site-packages/airflow/example_dags/plugins/listener_plugin.py
[2023-11-02T10:40:06.361-0500] {processor.py:829} INFO - Processing file /Users/dimz/EconWizard/hermesvirtual/lib/python3.8/site-packages/airflow/example_dags/plugins/listener_plugin.py for tasks to queue
[2023-11-02T10:40:06.361-0500] {logging_mixin.py:151} INFO - [2023-11-02T10:40:06.361-0500] {dagbag.py:536} INFO - Filling up the DagBag from /Users/dimz/EconWizard/hermesvirtual/lib/python3.8/site-packages/airflow/example_dags/plugins/listener_plugin.py
[2023-11-02T10:40:06.363-0500] {processor.py:841} WARNING - No viable dags retrieved from /Users/dimz/EconWizard/hermesvirtual/lib/python3.8/site-packages/airflow/example_dags/plugins/listener_plugin.py
[2023-11-02T10:40:06.454-0500] {processor.py:179} INFO - Processing /Users/dimz/EconWizard/hermesvirtual/lib/python3.8/site-packages/airflow/example_dags/plugins/listener_plugin.py took 0.099 seconds
[2023-11-02T10:41:11.143-0500] {processor.py:157} INFO - Started process (PID=128) to work on /Users/dimz/EconWizard/hermesvirtual/lib/python3.8/site-packages/airflow/example_dags/plugins/listener_plugin.py
[2023-11-02T10:41:11.148-0500] {processor.py:829} INFO - Processing file /Users/dimz/EconWizard/hermesvirtual/lib/python3.8/site-packages/airflow/example_dags/plugins/listener_plugin.py for tasks to queue
[2023-11-02T10:41:11.148-0500] {logging_mixin.py:151} INFO - [2023-11-02T10:41:11.148-0500] {dagbag.py:536} INFO - Filling up the DagBag from /Users/dimz/EconWizard/hermesvirtual/lib/python3.8/site-packages/airflow/example_dags/plugins/listener_plugin.py
[2023-11-02T10:41:11.150-0500] {processor.py:841} WARNING - No viable dags retrieved from /Users/dimz/EconWizard/hermesvirtual/lib/python3.8/site-packages/airflow/example_dags/plugins/listener_plugin.py
[2023-11-02T10:41:11.228-0500] {processor.py:179} INFO - Processing /Users/dimz/EconWizard/hermesvirtual/lib/python3.8/site-packages/airflow/example_dags/plugins/listener_plugin.py took 0.086 seconds
[2023-11-02T10:42:12.284-0500] {processor.py:157} INFO - Started process (PID=230) to work on /Users/dimz/EconWizard/hermesvirtual/lib/python3.8/site-packages/airflow/example_dags/plugins/listener_plugin.py
[2023-11-02T10:42:12.289-0500] {processor.py:829} INFO - Processing file /Users/dimz/EconWizard/hermesvirtual/lib/python3.8/site-packages/airflow/example_dags/plugins/listener_plugin.py for tasks to queue
[2023-11-02T10:42:12.289-0500] {logging_mixin.py:151} INFO - [2023-11-02T10:42:12.289-0500] {dagbag.py:536} INFO - Filling up the DagBag from /Users/dimz/EconWizard/hermesvirtual/lib/python3.8/site-packages/airflow/example_dags/plugins/listener_plugin.py
[2023-11-02T10:42:12.291-0500] {processor.py:841} WARNING - No viable dags retrieved from /Users/dimz/EconWizard/hermesvirtual/lib/python3.8/site-packages/airflow/example_dags/plugins/listener_plugin.py
[2023-11-02T10:42:12.381-0500] {processor.py:179} INFO - Processing /Users/dimz/EconWizard/hermesvirtual/lib/python3.8/site-packages/airflow/example_dags/plugins/listener_plugin.py took 0.098 seconds
[2023-11-02T10:43:14.069-0500] {processor.py:157} INFO - Started process (PID=428) to work on /Users/dimz/EconWizard/hermesvirtual/lib/python3.8/site-packages/airflow/example_dags/plugins/listener_plugin.py
[2023-11-02T10:43:14.073-0500] {processor.py:829} INFO - Processing file /Users/dimz/EconWizard/hermesvirtual/lib/python3.8/site-packages/airflow/example_dags/plugins/listener_plugin.py for tasks to queue
[2023-11-02T10:43:14.074-0500] {logging_mixin.py:151} INFO - [2023-11-02T10:43:14.074-0500] {dagbag.py:536} INFO - Filling up the DagBag from /Users/dimz/EconWizard/hermesvirtual/lib/python3.8/site-packages/airflow/example_dags/plugins/listener_plugin.py
[2023-11-02T10:43:14.075-0500] {processor.py:841} WARNING - No viable dags retrieved from /Users/dimz/EconWizard/hermesvirtual/lib/python3.8/site-packages/airflow/example_dags/plugins/listener_plugin.py
[2023-11-02T10:43:14.155-0500] {processor.py:179} INFO - Processing /Users/dimz/EconWizard/hermesvirtual/lib/python3.8/site-packages/airflow/example_dags/plugins/listener_plugin.py took 0.086 seconds
