[2023-11-01T21:35:06.836-0500] {processor.py:157} INFO - Started process (PID=87628) to work on /Users/dimz/EconWizard/hermesvirtual/lib/python3.8/site-packages/airflow/example_dags/plugins/workday.py
[2023-11-01T21:35:06.840-0500] {processor.py:829} INFO - Processing file /Users/dimz/EconWizard/hermesvirtual/lib/python3.8/site-packages/airflow/example_dags/plugins/workday.py for tasks to queue
[2023-11-01T21:35:06.841-0500] {logging_mixin.py:151} INFO - [2023-11-01T21:35:06.841-0500] {dagbag.py:536} INFO - Filling up the DagBag from /Users/dimz/EconWizard/hermesvirtual/lib/python3.8/site-packages/airflow/example_dags/plugins/workday.py
[2023-11-01T21:35:07.230-0500] {processor.py:841} WARNING - No viable dags retrieved from /Users/dimz/EconWizard/hermesvirtual/lib/python3.8/site-packages/airflow/example_dags/plugins/workday.py
[2023-11-01T21:35:07.335-0500] {processor.py:179} INFO - Processing /Users/dimz/EconWizard/hermesvirtual/lib/python3.8/site-packages/airflow/example_dags/plugins/workday.py took 0.500 seconds
[2023-11-01T21:36:39.757-0500] {processor.py:157} INFO - Started process (PID=87792) to work on /Users/dimz/EconWizard/hermesvirtual/lib/python3.8/site-packages/airflow/example_dags/plugins/workday.py
[2023-11-01T21:36:39.761-0500] {processor.py:829} INFO - Processing file /Users/dimz/EconWizard/hermesvirtual/lib/python3.8/site-packages/airflow/example_dags/plugins/workday.py for tasks to queue
[2023-11-01T21:36:39.762-0500] {logging_mixin.py:151} INFO - [2023-11-01T21:36:39.762-0500] {dagbag.py:536} INFO - Filling up the DagBag from /Users/dimz/EconWizard/hermesvirtual/lib/python3.8/site-packages/airflow/example_dags/plugins/workday.py
[2023-11-01T21:36:39.981-0500] {processor.py:841} WARNING - No viable dags retrieved from /Users/dimz/EconWizard/hermesvirtual/lib/python3.8/site-packages/airflow/example_dags/plugins/workday.py
[2023-11-01T21:36:40.093-0500] {processor.py:179} INFO - Processing /Users/dimz/EconWizard/hermesvirtual/lib/python3.8/site-packages/airflow/example_dags/plugins/workday.py took 0.336 seconds
[2023-11-01T21:37:37.679-0500] {processor.py:157} INFO - Started process (PID=87901) to work on /Users/dimz/EconWizard/hermesvirtual/lib/python3.8/site-packages/airflow/example_dags/plugins/workday.py
[2023-11-01T21:37:37.684-0500] {processor.py:829} INFO - Processing file /Users/dimz/EconWizard/hermesvirtual/lib/python3.8/site-packages/airflow/example_dags/plugins/workday.py for tasks to queue
[2023-11-01T21:37:37.684-0500] {logging_mixin.py:151} INFO - [2023-11-01T21:37:37.684-0500] {dagbag.py:536} INFO - Filling up the DagBag from /Users/dimz/EconWizard/hermesvirtual/lib/python3.8/site-packages/airflow/example_dags/plugins/workday.py
[2023-11-01T21:37:38.050-0500] {processor.py:841} WARNING - No viable dags retrieved from /Users/dimz/EconWizard/hermesvirtual/lib/python3.8/site-packages/airflow/example_dags/plugins/workday.py
[2023-11-01T21:37:38.159-0500] {processor.py:179} INFO - Processing /Users/dimz/EconWizard/hermesvirtual/lib/python3.8/site-packages/airflow/example_dags/plugins/workday.py took 0.481 seconds
[2023-11-01T21:38:33.673-0500] {processor.py:157} INFO - Started process (PID=87995) to work on /Users/dimz/EconWizard/hermesvirtual/lib/python3.8/site-packages/airflow/example_dags/plugins/workday.py
[2023-11-01T21:38:33.678-0500] {processor.py:829} INFO - Processing file /Users/dimz/EconWizard/hermesvirtual/lib/python3.8/site-packages/airflow/example_dags/plugins/workday.py for tasks to queue
[2023-11-01T21:38:33.679-0500] {logging_mixin.py:151} INFO - [2023-11-01T21:38:33.679-0500] {dagbag.py:536} INFO - Filling up the DagBag from /Users/dimz/EconWizard/hermesvirtual/lib/python3.8/site-packages/airflow/example_dags/plugins/workday.py
[2023-11-01T21:38:34.042-0500] {processor.py:841} WARNING - No viable dags retrieved from /Users/dimz/EconWizard/hermesvirtual/lib/python3.8/site-packages/airflow/example_dags/plugins/workday.py
[2023-11-01T21:38:34.148-0500] {processor.py:179} INFO - Processing /Users/dimz/EconWizard/hermesvirtual/lib/python3.8/site-packages/airflow/example_dags/plugins/workday.py took 0.476 seconds
[2023-11-01T21:39:30.709-0500] {processor.py:157} INFO - Started process (PID=88093) to work on /Users/dimz/EconWizard/hermesvirtual/lib/python3.8/site-packages/airflow/example_dags/plugins/workday.py
[2023-11-01T21:39:30.713-0500] {processor.py:829} INFO - Processing file /Users/dimz/EconWizard/hermesvirtual/lib/python3.8/site-packages/airflow/example_dags/plugins/workday.py for tasks to queue
[2023-11-01T21:39:30.713-0500] {logging_mixin.py:151} INFO - [2023-11-01T21:39:30.713-0500] {dagbag.py:536} INFO - Filling up the DagBag from /Users/dimz/EconWizard/hermesvirtual/lib/python3.8/site-packages/airflow/example_dags/plugins/workday.py
[2023-11-01T21:39:31.075-0500] {processor.py:841} WARNING - No viable dags retrieved from /Users/dimz/EconWizard/hermesvirtual/lib/python3.8/site-packages/airflow/example_dags/plugins/workday.py
[2023-11-01T21:39:31.186-0500] {processor.py:179} INFO - Processing /Users/dimz/EconWizard/hermesvirtual/lib/python3.8/site-packages/airflow/example_dags/plugins/workday.py took 0.478 seconds
[2023-11-01T21:40:28.535-0500] {processor.py:157} INFO - Started process (PID=88228) to work on /Users/dimz/EconWizard/hermesvirtual/lib/python3.8/site-packages/airflow/example_dags/plugins/workday.py
[2023-11-01T21:40:28.541-0500] {processor.py:829} INFO - Processing file /Users/dimz/EconWizard/hermesvirtual/lib/python3.8/site-packages/airflow/example_dags/plugins/workday.py for tasks to queue
[2023-11-01T21:40:28.541-0500] {logging_mixin.py:151} INFO - [2023-11-01T21:40:28.541-0500] {dagbag.py:536} INFO - Filling up the DagBag from /Users/dimz/EconWizard/hermesvirtual/lib/python3.8/site-packages/airflow/example_dags/plugins/workday.py
[2023-11-01T21:40:28.900-0500] {processor.py:841} WARNING - No viable dags retrieved from /Users/dimz/EconWizard/hermesvirtual/lib/python3.8/site-packages/airflow/example_dags/plugins/workday.py
[2023-11-01T21:40:29.007-0500] {processor.py:179} INFO - Processing /Users/dimz/EconWizard/hermesvirtual/lib/python3.8/site-packages/airflow/example_dags/plugins/workday.py took 0.472 seconds
[2023-11-01T21:41:27.718-0500] {processor.py:157} INFO - Started process (PID=88397) to work on /Users/dimz/EconWizard/hermesvirtual/lib/python3.8/site-packages/airflow/example_dags/plugins/workday.py
[2023-11-01T21:41:27.723-0500] {processor.py:829} INFO - Processing file /Users/dimz/EconWizard/hermesvirtual/lib/python3.8/site-packages/airflow/example_dags/plugins/workday.py for tasks to queue
[2023-11-01T21:41:27.724-0500] {logging_mixin.py:151} INFO - [2023-11-01T21:41:27.724-0500] {dagbag.py:536} INFO - Filling up the DagBag from /Users/dimz/EconWizard/hermesvirtual/lib/python3.8/site-packages/airflow/example_dags/plugins/workday.py
[2023-11-01T21:41:28.105-0500] {processor.py:841} WARNING - No viable dags retrieved from /Users/dimz/EconWizard/hermesvirtual/lib/python3.8/site-packages/airflow/example_dags/plugins/workday.py
[2023-11-01T21:41:28.219-0500] {processor.py:179} INFO - Processing /Users/dimz/EconWizard/hermesvirtual/lib/python3.8/site-packages/airflow/example_dags/plugins/workday.py took 0.502 seconds
[2023-11-01T21:42:25.170-0500] {processor.py:157} INFO - Started process (PID=88508) to work on /Users/dimz/EconWizard/hermesvirtual/lib/python3.8/site-packages/airflow/example_dags/plugins/workday.py
[2023-11-01T21:42:25.176-0500] {processor.py:829} INFO - Processing file /Users/dimz/EconWizard/hermesvirtual/lib/python3.8/site-packages/airflow/example_dags/plugins/workday.py for tasks to queue
[2023-11-01T21:42:25.176-0500] {logging_mixin.py:151} INFO - [2023-11-01T21:42:25.176-0500] {dagbag.py:536} INFO - Filling up the DagBag from /Users/dimz/EconWizard/hermesvirtual/lib/python3.8/site-packages/airflow/example_dags/plugins/workday.py
[2023-11-01T21:42:25.521-0500] {processor.py:841} WARNING - No viable dags retrieved from /Users/dimz/EconWizard/hermesvirtual/lib/python3.8/site-packages/airflow/example_dags/plugins/workday.py
[2023-11-01T21:42:25.631-0500] {processor.py:179} INFO - Processing /Users/dimz/EconWizard/hermesvirtual/lib/python3.8/site-packages/airflow/example_dags/plugins/workday.py took 0.461 seconds
[2023-11-01T21:43:21.332-0500] {processor.py:157} INFO - Started process (PID=88630) to work on /Users/dimz/EconWizard/hermesvirtual/lib/python3.8/site-packages/airflow/example_dags/plugins/workday.py
[2023-11-01T21:43:21.336-0500] {processor.py:829} INFO - Processing file /Users/dimz/EconWizard/hermesvirtual/lib/python3.8/site-packages/airflow/example_dags/plugins/workday.py for tasks to queue
[2023-11-01T21:43:21.336-0500] {logging_mixin.py:151} INFO - [2023-11-01T21:43:21.336-0500] {dagbag.py:536} INFO - Filling up the DagBag from /Users/dimz/EconWizard/hermesvirtual/lib/python3.8/site-packages/airflow/example_dags/plugins/workday.py
[2023-11-01T21:43:21.567-0500] {processor.py:841} WARNING - No viable dags retrieved from /Users/dimz/EconWizard/hermesvirtual/lib/python3.8/site-packages/airflow/example_dags/plugins/workday.py
[2023-11-01T21:43:21.677-0500] {processor.py:179} INFO - Processing /Users/dimz/EconWizard/hermesvirtual/lib/python3.8/site-packages/airflow/example_dags/plugins/workday.py took 0.345 seconds
[2023-11-01T21:44:16.983-0500] {processor.py:157} INFO - Started process (PID=88714) to work on /Users/dimz/EconWizard/hermesvirtual/lib/python3.8/site-packages/airflow/example_dags/plugins/workday.py
[2023-11-01T21:44:16.988-0500] {processor.py:829} INFO - Processing file /Users/dimz/EconWizard/hermesvirtual/lib/python3.8/site-packages/airflow/example_dags/plugins/workday.py for tasks to queue
[2023-11-01T21:44:16.989-0500] {logging_mixin.py:151} INFO - [2023-11-01T21:44:16.988-0500] {dagbag.py:536} INFO - Filling up the DagBag from /Users/dimz/EconWizard/hermesvirtual/lib/python3.8/site-packages/airflow/example_dags/plugins/workday.py
[2023-11-01T21:44:17.393-0500] {processor.py:841} WARNING - No viable dags retrieved from /Users/dimz/EconWizard/hermesvirtual/lib/python3.8/site-packages/airflow/example_dags/plugins/workday.py
[2023-11-01T21:44:17.505-0500] {processor.py:179} INFO - Processing /Users/dimz/EconWizard/hermesvirtual/lib/python3.8/site-packages/airflow/example_dags/plugins/workday.py took 0.523 seconds
[2023-11-01T21:45:17.736-0500] {processor.py:157} INFO - Started process (PID=88780) to work on /Users/dimz/EconWizard/hermesvirtual/lib/python3.8/site-packages/airflow/example_dags/plugins/workday.py
[2023-11-01T21:45:17.741-0500] {processor.py:829} INFO - Processing file /Users/dimz/EconWizard/hermesvirtual/lib/python3.8/site-packages/airflow/example_dags/plugins/workday.py for tasks to queue
[2023-11-01T21:45:17.742-0500] {logging_mixin.py:151} INFO - [2023-11-01T21:45:17.742-0500] {dagbag.py:536} INFO - Filling up the DagBag from /Users/dimz/EconWizard/hermesvirtual/lib/python3.8/site-packages/airflow/example_dags/plugins/workday.py
[2023-11-01T21:45:18.144-0500] {processor.py:841} WARNING - No viable dags retrieved from /Users/dimz/EconWizard/hermesvirtual/lib/python3.8/site-packages/airflow/example_dags/plugins/workday.py
[2023-11-01T21:45:18.260-0500] {processor.py:179} INFO - Processing /Users/dimz/EconWizard/hermesvirtual/lib/python3.8/site-packages/airflow/example_dags/plugins/workday.py took 0.524 seconds
[2023-11-01T21:46:21.334-0500] {processor.py:157} INFO - Started process (PID=88920) to work on /Users/dimz/EconWizard/hermesvirtual/lib/python3.8/site-packages/airflow/example_dags/plugins/workday.py
[2023-11-01T21:46:21.339-0500] {processor.py:829} INFO - Processing file /Users/dimz/EconWizard/hermesvirtual/lib/python3.8/site-packages/airflow/example_dags/plugins/workday.py for tasks to queue
[2023-11-01T21:46:21.339-0500] {logging_mixin.py:151} INFO - [2023-11-01T21:46:21.339-0500] {dagbag.py:536} INFO - Filling up the DagBag from /Users/dimz/EconWizard/hermesvirtual/lib/python3.8/site-packages/airflow/example_dags/plugins/workday.py
[2023-11-01T21:46:21.705-0500] {processor.py:841} WARNING - No viable dags retrieved from /Users/dimz/EconWizard/hermesvirtual/lib/python3.8/site-packages/airflow/example_dags/plugins/workday.py
[2023-11-01T21:46:21.819-0500] {processor.py:179} INFO - Processing /Users/dimz/EconWizard/hermesvirtual/lib/python3.8/site-packages/airflow/example_dags/plugins/workday.py took 0.485 seconds
[2023-11-01T21:47:22.210-0500] {processor.py:157} INFO - Started process (PID=89059) to work on /Users/dimz/EconWizard/hermesvirtual/lib/python3.8/site-packages/airflow/example_dags/plugins/workday.py
[2023-11-01T21:47:22.215-0500] {processor.py:829} INFO - Processing file /Users/dimz/EconWizard/hermesvirtual/lib/python3.8/site-packages/airflow/example_dags/plugins/workday.py for tasks to queue
[2023-11-01T21:47:22.215-0500] {logging_mixin.py:151} INFO - [2023-11-01T21:47:22.215-0500] {dagbag.py:536} INFO - Filling up the DagBag from /Users/dimz/EconWizard/hermesvirtual/lib/python3.8/site-packages/airflow/example_dags/plugins/workday.py
[2023-11-01T21:47:22.442-0500] {processor.py:841} WARNING - No viable dags retrieved from /Users/dimz/EconWizard/hermesvirtual/lib/python3.8/site-packages/airflow/example_dags/plugins/workday.py
[2023-11-01T21:47:22.555-0500] {processor.py:179} INFO - Processing /Users/dimz/EconWizard/hermesvirtual/lib/python3.8/site-packages/airflow/example_dags/plugins/workday.py took 0.346 seconds
[2023-11-01T21:48:22.661-0500] {processor.py:157} INFO - Started process (PID=89131) to work on /Users/dimz/EconWizard/hermesvirtual/lib/python3.8/site-packages/airflow/example_dags/plugins/workday.py
[2023-11-01T21:48:22.665-0500] {processor.py:829} INFO - Processing file /Users/dimz/EconWizard/hermesvirtual/lib/python3.8/site-packages/airflow/example_dags/plugins/workday.py for tasks to queue
[2023-11-01T21:48:22.665-0500] {logging_mixin.py:151} INFO - [2023-11-01T21:48:22.665-0500] {dagbag.py:536} INFO - Filling up the DagBag from /Users/dimz/EconWizard/hermesvirtual/lib/python3.8/site-packages/airflow/example_dags/plugins/workday.py
[2023-11-01T21:48:22.883-0500] {processor.py:841} WARNING - No viable dags retrieved from /Users/dimz/EconWizard/hermesvirtual/lib/python3.8/site-packages/airflow/example_dags/plugins/workday.py
[2023-11-01T21:48:22.993-0500] {processor.py:179} INFO - Processing /Users/dimz/EconWizard/hermesvirtual/lib/python3.8/site-packages/airflow/example_dags/plugins/workday.py took 0.333 seconds
[2023-11-01T21:49:23.468-0500] {processor.py:157} INFO - Started process (PID=89206) to work on /Users/dimz/EconWizard/hermesvirtual/lib/python3.8/site-packages/airflow/example_dags/plugins/workday.py
[2023-11-01T21:49:23.473-0500] {processor.py:829} INFO - Processing file /Users/dimz/EconWizard/hermesvirtual/lib/python3.8/site-packages/airflow/example_dags/plugins/workday.py for tasks to queue
[2023-11-01T21:49:23.473-0500] {logging_mixin.py:151} INFO - [2023-11-01T21:49:23.473-0500] {dagbag.py:536} INFO - Filling up the DagBag from /Users/dimz/EconWizard/hermesvirtual/lib/python3.8/site-packages/airflow/example_dags/plugins/workday.py
[2023-11-01T21:49:23.842-0500] {processor.py:841} WARNING - No viable dags retrieved from /Users/dimz/EconWizard/hermesvirtual/lib/python3.8/site-packages/airflow/example_dags/plugins/workday.py
[2023-11-01T21:49:23.953-0500] {processor.py:179} INFO - Processing /Users/dimz/EconWizard/hermesvirtual/lib/python3.8/site-packages/airflow/example_dags/plugins/workday.py took 0.485 seconds
[2023-11-01T21:50:22.900-0500] {processor.py:157} INFO - Started process (PID=89311) to work on /Users/dimz/EconWizard/hermesvirtual/lib/python3.8/site-packages/airflow/example_dags/plugins/workday.py
[2023-11-01T21:50:22.905-0500] {processor.py:829} INFO - Processing file /Users/dimz/EconWizard/hermesvirtual/lib/python3.8/site-packages/airflow/example_dags/plugins/workday.py for tasks to queue
[2023-11-01T21:50:22.905-0500] {logging_mixin.py:151} INFO - [2023-11-01T21:50:22.905-0500] {dagbag.py:536} INFO - Filling up the DagBag from /Users/dimz/EconWizard/hermesvirtual/lib/python3.8/site-packages/airflow/example_dags/plugins/workday.py
[2023-11-01T21:50:23.291-0500] {processor.py:841} WARNING - No viable dags retrieved from /Users/dimz/EconWizard/hermesvirtual/lib/python3.8/site-packages/airflow/example_dags/plugins/workday.py
[2023-11-01T21:50:23.405-0500] {processor.py:179} INFO - Processing /Users/dimz/EconWizard/hermesvirtual/lib/python3.8/site-packages/airflow/example_dags/plugins/workday.py took 0.505 seconds
[2023-11-01T21:51:22.737-0500] {processor.py:157} INFO - Started process (PID=89381) to work on /Users/dimz/EconWizard/hermesvirtual/lib/python3.8/site-packages/airflow/example_dags/plugins/workday.py
[2023-11-01T21:51:22.743-0500] {processor.py:829} INFO - Processing file /Users/dimz/EconWizard/hermesvirtual/lib/python3.8/site-packages/airflow/example_dags/plugins/workday.py for tasks to queue
[2023-11-01T21:51:22.743-0500] {logging_mixin.py:151} INFO - [2023-11-01T21:51:22.743-0500] {dagbag.py:536} INFO - Filling up the DagBag from /Users/dimz/EconWizard/hermesvirtual/lib/python3.8/site-packages/airflow/example_dags/plugins/workday.py
[2023-11-01T21:51:23.144-0500] {processor.py:841} WARNING - No viable dags retrieved from /Users/dimz/EconWizard/hermesvirtual/lib/python3.8/site-packages/airflow/example_dags/plugins/workday.py
[2023-11-01T21:51:23.264-0500] {processor.py:179} INFO - Processing /Users/dimz/EconWizard/hermesvirtual/lib/python3.8/site-packages/airflow/example_dags/plugins/workday.py took 0.527 seconds
[2023-11-01T21:52:19.830-0500] {processor.py:157} INFO - Started process (PID=89463) to work on /Users/dimz/EconWizard/hermesvirtual/lib/python3.8/site-packages/airflow/example_dags/plugins/workday.py
[2023-11-01T21:52:19.835-0500] {processor.py:829} INFO - Processing file /Users/dimz/EconWizard/hermesvirtual/lib/python3.8/site-packages/airflow/example_dags/plugins/workday.py for tasks to queue
[2023-11-01T21:52:19.836-0500] {logging_mixin.py:151} INFO - [2023-11-01T21:52:19.835-0500] {dagbag.py:536} INFO - Filling up the DagBag from /Users/dimz/EconWizard/hermesvirtual/lib/python3.8/site-packages/airflow/example_dags/plugins/workday.py
[2023-11-01T21:52:20.229-0500] {processor.py:841} WARNING - No viable dags retrieved from /Users/dimz/EconWizard/hermesvirtual/lib/python3.8/site-packages/airflow/example_dags/plugins/workday.py
[2023-11-01T21:52:20.346-0500] {processor.py:179} INFO - Processing /Users/dimz/EconWizard/hermesvirtual/lib/python3.8/site-packages/airflow/example_dags/plugins/workday.py took 0.517 seconds
[2023-11-01T21:53:17.132-0500] {processor.py:157} INFO - Started process (PID=89547) to work on /Users/dimz/EconWizard/hermesvirtual/lib/python3.8/site-packages/airflow/example_dags/plugins/workday.py
[2023-11-01T21:53:17.136-0500] {processor.py:829} INFO - Processing file /Users/dimz/EconWizard/hermesvirtual/lib/python3.8/site-packages/airflow/example_dags/plugins/workday.py for tasks to queue
[2023-11-01T21:53:17.136-0500] {logging_mixin.py:151} INFO - [2023-11-01T21:53:17.136-0500] {dagbag.py:536} INFO - Filling up the DagBag from /Users/dimz/EconWizard/hermesvirtual/lib/python3.8/site-packages/airflow/example_dags/plugins/workday.py
[2023-11-01T21:53:17.519-0500] {processor.py:841} WARNING - No viable dags retrieved from /Users/dimz/EconWizard/hermesvirtual/lib/python3.8/site-packages/airflow/example_dags/plugins/workday.py
[2023-11-01T21:53:17.628-0500] {processor.py:179} INFO - Processing /Users/dimz/EconWizard/hermesvirtual/lib/python3.8/site-packages/airflow/example_dags/plugins/workday.py took 0.497 seconds
[2023-11-01T21:54:17.994-0500] {processor.py:157} INFO - Started process (PID=89629) to work on /Users/dimz/EconWizard/hermesvirtual/lib/python3.8/site-packages/airflow/example_dags/plugins/workday.py
[2023-11-01T21:54:17.999-0500] {processor.py:829} INFO - Processing file /Users/dimz/EconWizard/hermesvirtual/lib/python3.8/site-packages/airflow/example_dags/plugins/workday.py for tasks to queue
[2023-11-01T21:54:17.999-0500] {logging_mixin.py:151} INFO - [2023-11-01T21:54:17.999-0500] {dagbag.py:536} INFO - Filling up the DagBag from /Users/dimz/EconWizard/hermesvirtual/lib/python3.8/site-packages/airflow/example_dags/plugins/workday.py
[2023-11-01T21:54:18.376-0500] {processor.py:841} WARNING - No viable dags retrieved from /Users/dimz/EconWizard/hermesvirtual/lib/python3.8/site-packages/airflow/example_dags/plugins/workday.py
[2023-11-01T21:54:18.485-0500] {processor.py:179} INFO - Processing /Users/dimz/EconWizard/hermesvirtual/lib/python3.8/site-packages/airflow/example_dags/plugins/workday.py took 0.492 seconds
[2023-11-01T21:55:20.919-0500] {processor.py:157} INFO - Started process (PID=89719) to work on /Users/dimz/EconWizard/hermesvirtual/lib/python3.8/site-packages/airflow/example_dags/plugins/workday.py
[2023-11-01T21:55:20.924-0500] {processor.py:829} INFO - Processing file /Users/dimz/EconWizard/hermesvirtual/lib/python3.8/site-packages/airflow/example_dags/plugins/workday.py for tasks to queue
[2023-11-01T21:55:20.924-0500] {logging_mixin.py:151} INFO - [2023-11-01T21:55:20.924-0500] {dagbag.py:536} INFO - Filling up the DagBag from /Users/dimz/EconWizard/hermesvirtual/lib/python3.8/site-packages/airflow/example_dags/plugins/workday.py
[2023-11-01T21:55:21.286-0500] {processor.py:841} WARNING - No viable dags retrieved from /Users/dimz/EconWizard/hermesvirtual/lib/python3.8/site-packages/airflow/example_dags/plugins/workday.py
[2023-11-01T21:55:21.390-0500] {processor.py:179} INFO - Processing /Users/dimz/EconWizard/hermesvirtual/lib/python3.8/site-packages/airflow/example_dags/plugins/workday.py took 0.472 seconds
[2023-11-01T21:56:17.952-0500] {processor.py:157} INFO - Started process (PID=89785) to work on /Users/dimz/EconWizard/hermesvirtual/lib/python3.8/site-packages/airflow/example_dags/plugins/workday.py
[2023-11-01T21:56:17.957-0500] {processor.py:829} INFO - Processing file /Users/dimz/EconWizard/hermesvirtual/lib/python3.8/site-packages/airflow/example_dags/plugins/workday.py for tasks to queue
[2023-11-01T21:56:17.958-0500] {logging_mixin.py:151} INFO - [2023-11-01T21:56:17.958-0500] {dagbag.py:536} INFO - Filling up the DagBag from /Users/dimz/EconWizard/hermesvirtual/lib/python3.8/site-packages/airflow/example_dags/plugins/workday.py
[2023-11-01T21:56:18.306-0500] {processor.py:841} WARNING - No viable dags retrieved from /Users/dimz/EconWizard/hermesvirtual/lib/python3.8/site-packages/airflow/example_dags/plugins/workday.py
[2023-11-01T21:56:18.411-0500] {processor.py:179} INFO - Processing /Users/dimz/EconWizard/hermesvirtual/lib/python3.8/site-packages/airflow/example_dags/plugins/workday.py took 0.459 seconds
[2023-11-01T21:57:15.888-0500] {processor.py:157} INFO - Started process (PID=89915) to work on /Users/dimz/EconWizard/hermesvirtual/lib/python3.8/site-packages/airflow/example_dags/plugins/workday.py
[2023-11-01T21:57:15.893-0500] {processor.py:829} INFO - Processing file /Users/dimz/EconWizard/hermesvirtual/lib/python3.8/site-packages/airflow/example_dags/plugins/workday.py for tasks to queue
[2023-11-01T21:57:15.893-0500] {logging_mixin.py:151} INFO - [2023-11-01T21:57:15.893-0500] {dagbag.py:536} INFO - Filling up the DagBag from /Users/dimz/EconWizard/hermesvirtual/lib/python3.8/site-packages/airflow/example_dags/plugins/workday.py
[2023-11-01T21:57:16.134-0500] {processor.py:841} WARNING - No viable dags retrieved from /Users/dimz/EconWizard/hermesvirtual/lib/python3.8/site-packages/airflow/example_dags/plugins/workday.py
[2023-11-01T21:57:16.249-0500] {processor.py:179} INFO - Processing /Users/dimz/EconWizard/hermesvirtual/lib/python3.8/site-packages/airflow/example_dags/plugins/workday.py took 0.361 seconds
[2023-11-01T21:58:15.975-0500] {processor.py:157} INFO - Started process (PID=90004) to work on /Users/dimz/EconWizard/hermesvirtual/lib/python3.8/site-packages/airflow/example_dags/plugins/workday.py
[2023-11-01T21:58:15.979-0500] {processor.py:829} INFO - Processing file /Users/dimz/EconWizard/hermesvirtual/lib/python3.8/site-packages/airflow/example_dags/plugins/workday.py for tasks to queue
[2023-11-01T21:58:15.979-0500] {logging_mixin.py:151} INFO - [2023-11-01T21:58:15.979-0500] {dagbag.py:536} INFO - Filling up the DagBag from /Users/dimz/EconWizard/hermesvirtual/lib/python3.8/site-packages/airflow/example_dags/plugins/workday.py
[2023-11-01T21:58:16.323-0500] {processor.py:841} WARNING - No viable dags retrieved from /Users/dimz/EconWizard/hermesvirtual/lib/python3.8/site-packages/airflow/example_dags/plugins/workday.py
[2023-11-01T21:58:16.427-0500] {processor.py:179} INFO - Processing /Users/dimz/EconWizard/hermesvirtual/lib/python3.8/site-packages/airflow/example_dags/plugins/workday.py took 0.453 seconds
[2023-11-01T21:59:17.259-0500] {processor.py:157} INFO - Started process (PID=90071) to work on /Users/dimz/EconWizard/hermesvirtual/lib/python3.8/site-packages/airflow/example_dags/plugins/workday.py
[2023-11-01T21:59:17.263-0500] {processor.py:829} INFO - Processing file /Users/dimz/EconWizard/hermesvirtual/lib/python3.8/site-packages/airflow/example_dags/plugins/workday.py for tasks to queue
[2023-11-01T21:59:17.263-0500] {logging_mixin.py:151} INFO - [2023-11-01T21:59:17.263-0500] {dagbag.py:536} INFO - Filling up the DagBag from /Users/dimz/EconWizard/hermesvirtual/lib/python3.8/site-packages/airflow/example_dags/plugins/workday.py
[2023-11-01T21:59:17.577-0500] {processor.py:841} WARNING - No viable dags retrieved from /Users/dimz/EconWizard/hermesvirtual/lib/python3.8/site-packages/airflow/example_dags/plugins/workday.py
[2023-11-01T21:59:17.694-0500] {processor.py:179} INFO - Processing /Users/dimz/EconWizard/hermesvirtual/lib/python3.8/site-packages/airflow/example_dags/plugins/workday.py took 0.435 seconds
[2023-11-01T22:00:17.314-0500] {processor.py:157} INFO - Started process (PID=90156) to work on /Users/dimz/EconWizard/hermesvirtual/lib/python3.8/site-packages/airflow/example_dags/plugins/workday.py
[2023-11-01T22:00:17.320-0500] {processor.py:829} INFO - Processing file /Users/dimz/EconWizard/hermesvirtual/lib/python3.8/site-packages/airflow/example_dags/plugins/workday.py for tasks to queue
[2023-11-01T22:00:17.320-0500] {logging_mixin.py:151} INFO - [2023-11-01T22:00:17.320-0500] {dagbag.py:536} INFO - Filling up the DagBag from /Users/dimz/EconWizard/hermesvirtual/lib/python3.8/site-packages/airflow/example_dags/plugins/workday.py
[2023-11-01T22:00:17.760-0500] {processor.py:841} WARNING - No viable dags retrieved from /Users/dimz/EconWizard/hermesvirtual/lib/python3.8/site-packages/airflow/example_dags/plugins/workday.py
[2023-11-01T22:00:17.881-0500] {processor.py:179} INFO - Processing /Users/dimz/EconWizard/hermesvirtual/lib/python3.8/site-packages/airflow/example_dags/plugins/workday.py took 0.568 seconds
[2023-11-01T22:01:16.975-0500] {processor.py:157} INFO - Started process (PID=90242) to work on /Users/dimz/EconWizard/hermesvirtual/lib/python3.8/site-packages/airflow/example_dags/plugins/workday.py
[2023-11-01T22:01:16.980-0500] {processor.py:829} INFO - Processing file /Users/dimz/EconWizard/hermesvirtual/lib/python3.8/site-packages/airflow/example_dags/plugins/workday.py for tasks to queue
[2023-11-01T22:01:16.981-0500] {logging_mixin.py:151} INFO - [2023-11-01T22:01:16.981-0500] {dagbag.py:536} INFO - Filling up the DagBag from /Users/dimz/EconWizard/hermesvirtual/lib/python3.8/site-packages/airflow/example_dags/plugins/workday.py
[2023-11-01T22:01:17.389-0500] {processor.py:841} WARNING - No viable dags retrieved from /Users/dimz/EconWizard/hermesvirtual/lib/python3.8/site-packages/airflow/example_dags/plugins/workday.py
[2023-11-01T22:01:17.492-0500] {processor.py:179} INFO - Processing /Users/dimz/EconWizard/hermesvirtual/lib/python3.8/site-packages/airflow/example_dags/plugins/workday.py took 0.517 seconds
[2023-11-01T22:02:19.710-0500] {processor.py:157} INFO - Started process (PID=90323) to work on /Users/dimz/EconWizard/hermesvirtual/lib/python3.8/site-packages/airflow/example_dags/plugins/workday.py
[2023-11-01T22:02:19.715-0500] {processor.py:829} INFO - Processing file /Users/dimz/EconWizard/hermesvirtual/lib/python3.8/site-packages/airflow/example_dags/plugins/workday.py for tasks to queue
[2023-11-01T22:02:19.715-0500] {logging_mixin.py:151} INFO - [2023-11-01T22:02:19.715-0500] {dagbag.py:536} INFO - Filling up the DagBag from /Users/dimz/EconWizard/hermesvirtual/lib/python3.8/site-packages/airflow/example_dags/plugins/workday.py
[2023-11-01T22:02:20.105-0500] {processor.py:841} WARNING - No viable dags retrieved from /Users/dimz/EconWizard/hermesvirtual/lib/python3.8/site-packages/airflow/example_dags/plugins/workday.py
[2023-11-01T22:02:20.212-0500] {processor.py:179} INFO - Processing /Users/dimz/EconWizard/hermesvirtual/lib/python3.8/site-packages/airflow/example_dags/plugins/workday.py took 0.503 seconds
[2023-11-01T22:03:19.924-0500] {processor.py:157} INFO - Started process (PID=90403) to work on /Users/dimz/EconWizard/hermesvirtual/lib/python3.8/site-packages/airflow/example_dags/plugins/workday.py
[2023-11-01T22:03:19.929-0500] {processor.py:829} INFO - Processing file /Users/dimz/EconWizard/hermesvirtual/lib/python3.8/site-packages/airflow/example_dags/plugins/workday.py for tasks to queue
[2023-11-01T22:03:19.929-0500] {logging_mixin.py:151} INFO - [2023-11-01T22:03:19.929-0500] {dagbag.py:536} INFO - Filling up the DagBag from /Users/dimz/EconWizard/hermesvirtual/lib/python3.8/site-packages/airflow/example_dags/plugins/workday.py
[2023-11-01T22:03:20.277-0500] {processor.py:841} WARNING - No viable dags retrieved from /Users/dimz/EconWizard/hermesvirtual/lib/python3.8/site-packages/airflow/example_dags/plugins/workday.py
[2023-11-01T22:03:20.386-0500] {processor.py:179} INFO - Processing /Users/dimz/EconWizard/hermesvirtual/lib/python3.8/site-packages/airflow/example_dags/plugins/workday.py took 0.463 seconds
[2023-11-01T22:04:18.118-0500] {processor.py:157} INFO - Started process (PID=90505) to work on /Users/dimz/EconWizard/hermesvirtual/lib/python3.8/site-packages/airflow/example_dags/plugins/workday.py
[2023-11-01T22:04:18.121-0500] {processor.py:829} INFO - Processing file /Users/dimz/EconWizard/hermesvirtual/lib/python3.8/site-packages/airflow/example_dags/plugins/workday.py for tasks to queue
[2023-11-01T22:04:18.122-0500] {logging_mixin.py:151} INFO - [2023-11-01T22:04:18.122-0500] {dagbag.py:536} INFO - Filling up the DagBag from /Users/dimz/EconWizard/hermesvirtual/lib/python3.8/site-packages/airflow/example_dags/plugins/workday.py
[2023-11-01T22:04:18.343-0500] {processor.py:841} WARNING - No viable dags retrieved from /Users/dimz/EconWizard/hermesvirtual/lib/python3.8/site-packages/airflow/example_dags/plugins/workday.py
[2023-11-01T22:04:18.456-0500] {processor.py:179} INFO - Processing /Users/dimz/EconWizard/hermesvirtual/lib/python3.8/site-packages/airflow/example_dags/plugins/workday.py took 0.339 seconds
[2023-11-01T22:05:13.993-0500] {processor.py:157} INFO - Started process (PID=90620) to work on /Users/dimz/EconWizard/hermesvirtual/lib/python3.8/site-packages/airflow/example_dags/plugins/workday.py
[2023-11-01T22:05:13.999-0500] {processor.py:829} INFO - Processing file /Users/dimz/EconWizard/hermesvirtual/lib/python3.8/site-packages/airflow/example_dags/plugins/workday.py for tasks to queue
[2023-11-01T22:05:13.999-0500] {logging_mixin.py:151} INFO - [2023-11-01T22:05:13.999-0500] {dagbag.py:536} INFO - Filling up the DagBag from /Users/dimz/EconWizard/hermesvirtual/lib/python3.8/site-packages/airflow/example_dags/plugins/workday.py
[2023-11-01T22:05:14.420-0500] {processor.py:841} WARNING - No viable dags retrieved from /Users/dimz/EconWizard/hermesvirtual/lib/python3.8/site-packages/airflow/example_dags/plugins/workday.py
[2023-11-01T22:05:14.560-0500] {processor.py:179} INFO - Processing /Users/dimz/EconWizard/hermesvirtual/lib/python3.8/site-packages/airflow/example_dags/plugins/workday.py took 0.567 seconds
[2023-11-01T22:06:12.485-0500] {processor.py:157} INFO - Started process (PID=90727) to work on /Users/dimz/EconWizard/hermesvirtual/lib/python3.8/site-packages/airflow/example_dags/plugins/workday.py
[2023-11-01T22:06:12.490-0500] {processor.py:829} INFO - Processing file /Users/dimz/EconWizard/hermesvirtual/lib/python3.8/site-packages/airflow/example_dags/plugins/workday.py for tasks to queue
[2023-11-01T22:06:12.491-0500] {logging_mixin.py:151} INFO - [2023-11-01T22:06:12.491-0500] {dagbag.py:536} INFO - Filling up the DagBag from /Users/dimz/EconWizard/hermesvirtual/lib/python3.8/site-packages/airflow/example_dags/plugins/workday.py
[2023-11-01T22:06:12.920-0500] {processor.py:841} WARNING - No viable dags retrieved from /Users/dimz/EconWizard/hermesvirtual/lib/python3.8/site-packages/airflow/example_dags/plugins/workday.py
[2023-11-01T22:06:13.036-0500] {processor.py:179} INFO - Processing /Users/dimz/EconWizard/hermesvirtual/lib/python3.8/site-packages/airflow/example_dags/plugins/workday.py took 0.552 seconds
[2023-11-01T22:07:15.511-0500] {processor.py:157} INFO - Started process (PID=90814) to work on /Users/dimz/EconWizard/hermesvirtual/lib/python3.8/site-packages/airflow/example_dags/plugins/workday.py
[2023-11-01T22:07:15.515-0500] {processor.py:829} INFO - Processing file /Users/dimz/EconWizard/hermesvirtual/lib/python3.8/site-packages/airflow/example_dags/plugins/workday.py for tasks to queue
[2023-11-01T22:07:15.516-0500] {logging_mixin.py:151} INFO - [2023-11-01T22:07:15.516-0500] {dagbag.py:536} INFO - Filling up the DagBag from /Users/dimz/EconWizard/hermesvirtual/lib/python3.8/site-packages/airflow/example_dags/plugins/workday.py
[2023-11-01T22:07:15.902-0500] {processor.py:841} WARNING - No viable dags retrieved from /Users/dimz/EconWizard/hermesvirtual/lib/python3.8/site-packages/airflow/example_dags/plugins/workday.py
[2023-11-01T22:07:16.011-0500] {processor.py:179} INFO - Processing /Users/dimz/EconWizard/hermesvirtual/lib/python3.8/site-packages/airflow/example_dags/plugins/workday.py took 0.501 seconds
[2023-11-01T22:08:17.725-0500] {processor.py:157} INFO - Started process (PID=90949) to work on /Users/dimz/EconWizard/hermesvirtual/lib/python3.8/site-packages/airflow/example_dags/plugins/workday.py
[2023-11-01T22:08:17.729-0500] {processor.py:829} INFO - Processing file /Users/dimz/EconWizard/hermesvirtual/lib/python3.8/site-packages/airflow/example_dags/plugins/workday.py for tasks to queue
[2023-11-01T22:08:17.730-0500] {logging_mixin.py:151} INFO - [2023-11-01T22:08:17.729-0500] {dagbag.py:536} INFO - Filling up the DagBag from /Users/dimz/EconWizard/hermesvirtual/lib/python3.8/site-packages/airflow/example_dags/plugins/workday.py
[2023-11-01T22:08:18.113-0500] {processor.py:841} WARNING - No viable dags retrieved from /Users/dimz/EconWizard/hermesvirtual/lib/python3.8/site-packages/airflow/example_dags/plugins/workday.py
[2023-11-01T22:08:18.231-0500] {processor.py:179} INFO - Processing /Users/dimz/EconWizard/hermesvirtual/lib/python3.8/site-packages/airflow/example_dags/plugins/workday.py took 0.507 seconds
[2023-11-01T22:13:07.562-0500] {processor.py:157} INFO - Started process (PID=91382) to work on /Users/dimz/EconWizard/hermesvirtual/lib/python3.8/site-packages/airflow/example_dags/plugins/workday.py
[2023-11-01T22:13:07.567-0500] {processor.py:829} INFO - Processing file /Users/dimz/EconWizard/hermesvirtual/lib/python3.8/site-packages/airflow/example_dags/plugins/workday.py for tasks to queue
[2023-11-01T22:13:07.567-0500] {logging_mixin.py:151} INFO - [2023-11-01T22:13:07.567-0500] {dagbag.py:536} INFO - Filling up the DagBag from /Users/dimz/EconWizard/hermesvirtual/lib/python3.8/site-packages/airflow/example_dags/plugins/workday.py
[2023-11-01T22:13:07.955-0500] {processor.py:841} WARNING - No viable dags retrieved from /Users/dimz/EconWizard/hermesvirtual/lib/python3.8/site-packages/airflow/example_dags/plugins/workday.py
[2023-11-01T22:13:08.066-0500] {processor.py:179} INFO - Processing /Users/dimz/EconWizard/hermesvirtual/lib/python3.8/site-packages/airflow/example_dags/plugins/workday.py took 0.504 seconds
[2023-11-01T22:13:53.339-0500] {processor.py:157} INFO - Started process (PID=91511) to work on /Users/dimz/EconWizard/hermesvirtual/lib/python3.8/site-packages/airflow/example_dags/plugins/workday.py
[2023-11-01T22:13:53.344-0500] {processor.py:829} INFO - Processing file /Users/dimz/EconWizard/hermesvirtual/lib/python3.8/site-packages/airflow/example_dags/plugins/workday.py for tasks to queue
[2023-11-01T22:13:53.344-0500] {logging_mixin.py:151} INFO - [2023-11-01T22:13:53.344-0500] {dagbag.py:536} INFO - Filling up the DagBag from /Users/dimz/EconWizard/hermesvirtual/lib/python3.8/site-packages/airflow/example_dags/plugins/workday.py
[2023-11-01T22:13:53.565-0500] {processor.py:841} WARNING - No viable dags retrieved from /Users/dimz/EconWizard/hermesvirtual/lib/python3.8/site-packages/airflow/example_dags/plugins/workday.py
[2023-11-01T22:13:53.676-0500] {processor.py:179} INFO - Processing /Users/dimz/EconWizard/hermesvirtual/lib/python3.8/site-packages/airflow/example_dags/plugins/workday.py took 0.337 seconds
[2023-11-01T22:14:56.787-0500] {processor.py:157} INFO - Started process (PID=91579) to work on /Users/dimz/EconWizard/hermesvirtual/lib/python3.8/site-packages/airflow/example_dags/plugins/workday.py
[2023-11-01T22:14:56.791-0500] {processor.py:829} INFO - Processing file /Users/dimz/EconWizard/hermesvirtual/lib/python3.8/site-packages/airflow/example_dags/plugins/workday.py for tasks to queue
[2023-11-01T22:14:56.791-0500] {logging_mixin.py:151} INFO - [2023-11-01T22:14:56.791-0500] {dagbag.py:536} INFO - Filling up the DagBag from /Users/dimz/EconWizard/hermesvirtual/lib/python3.8/site-packages/airflow/example_dags/plugins/workday.py
[2023-11-01T22:14:57.033-0500] {processor.py:841} WARNING - No viable dags retrieved from /Users/dimz/EconWizard/hermesvirtual/lib/python3.8/site-packages/airflow/example_dags/plugins/workday.py
[2023-11-01T22:14:57.149-0500] {processor.py:179} INFO - Processing /Users/dimz/EconWizard/hermesvirtual/lib/python3.8/site-packages/airflow/example_dags/plugins/workday.py took 0.363 seconds
[2023-11-01T22:15:55.607-0500] {processor.py:157} INFO - Started process (PID=91687) to work on /Users/dimz/EconWizard/hermesvirtual/lib/python3.8/site-packages/airflow/example_dags/plugins/workday.py
[2023-11-01T22:15:55.612-0500] {processor.py:829} INFO - Processing file /Users/dimz/EconWizard/hermesvirtual/lib/python3.8/site-packages/airflow/example_dags/plugins/workday.py for tasks to queue
[2023-11-01T22:15:55.612-0500] {logging_mixin.py:151} INFO - [2023-11-01T22:15:55.612-0500] {dagbag.py:536} INFO - Filling up the DagBag from /Users/dimz/EconWizard/hermesvirtual/lib/python3.8/site-packages/airflow/example_dags/plugins/workday.py
[2023-11-01T22:15:55.956-0500] {processor.py:841} WARNING - No viable dags retrieved from /Users/dimz/EconWizard/hermesvirtual/lib/python3.8/site-packages/airflow/example_dags/plugins/workday.py
[2023-11-01T22:15:56.060-0500] {processor.py:179} INFO - Processing /Users/dimz/EconWizard/hermesvirtual/lib/python3.8/site-packages/airflow/example_dags/plugins/workday.py took 0.453 seconds
[2023-11-01T22:16:55.960-0500] {processor.py:157} INFO - Started process (PID=91805) to work on /Users/dimz/EconWizard/hermesvirtual/lib/python3.8/site-packages/airflow/example_dags/plugins/workday.py
[2023-11-01T22:16:55.965-0500] {processor.py:829} INFO - Processing file /Users/dimz/EconWizard/hermesvirtual/lib/python3.8/site-packages/airflow/example_dags/plugins/workday.py for tasks to queue
[2023-11-01T22:16:55.965-0500] {logging_mixin.py:151} INFO - [2023-11-01T22:16:55.965-0500] {dagbag.py:536} INFO - Filling up the DagBag from /Users/dimz/EconWizard/hermesvirtual/lib/python3.8/site-packages/airflow/example_dags/plugins/workday.py
[2023-11-01T22:16:56.312-0500] {processor.py:841} WARNING - No viable dags retrieved from /Users/dimz/EconWizard/hermesvirtual/lib/python3.8/site-packages/airflow/example_dags/plugins/workday.py
[2023-11-01T22:16:56.421-0500] {processor.py:179} INFO - Processing /Users/dimz/EconWizard/hermesvirtual/lib/python3.8/site-packages/airflow/example_dags/plugins/workday.py took 0.461 seconds
[2023-11-01T22:17:54.169-0500] {processor.py:157} INFO - Started process (PID=91969) to work on /Users/dimz/EconWizard/hermesvirtual/lib/python3.8/site-packages/airflow/example_dags/plugins/workday.py
[2023-11-01T22:17:54.173-0500] {processor.py:829} INFO - Processing file /Users/dimz/EconWizard/hermesvirtual/lib/python3.8/site-packages/airflow/example_dags/plugins/workday.py for tasks to queue
[2023-11-01T22:17:54.174-0500] {logging_mixin.py:151} INFO - [2023-11-01T22:17:54.174-0500] {dagbag.py:536} INFO - Filling up the DagBag from /Users/dimz/EconWizard/hermesvirtual/lib/python3.8/site-packages/airflow/example_dags/plugins/workday.py
[2023-11-01T22:17:54.393-0500] {processor.py:841} WARNING - No viable dags retrieved from /Users/dimz/EconWizard/hermesvirtual/lib/python3.8/site-packages/airflow/example_dags/plugins/workday.py
[2023-11-01T22:17:54.504-0500] {processor.py:179} INFO - Processing /Users/dimz/EconWizard/hermesvirtual/lib/python3.8/site-packages/airflow/example_dags/plugins/workday.py took 0.335 seconds
[2023-11-01T22:18:53.973-0500] {processor.py:157} INFO - Started process (PID=92126) to work on /Users/dimz/EconWizard/hermesvirtual/lib/python3.8/site-packages/airflow/example_dags/plugins/workday.py
[2023-11-01T22:18:53.978-0500] {processor.py:829} INFO - Processing file /Users/dimz/EconWizard/hermesvirtual/lib/python3.8/site-packages/airflow/example_dags/plugins/workday.py for tasks to queue
[2023-11-01T22:18:53.978-0500] {logging_mixin.py:151} INFO - [2023-11-01T22:18:53.978-0500] {dagbag.py:536} INFO - Filling up the DagBag from /Users/dimz/EconWizard/hermesvirtual/lib/python3.8/site-packages/airflow/example_dags/plugins/workday.py
[2023-11-01T22:18:54.200-0500] {processor.py:841} WARNING - No viable dags retrieved from /Users/dimz/EconWizard/hermesvirtual/lib/python3.8/site-packages/airflow/example_dags/plugins/workday.py
[2023-11-01T22:18:54.320-0500] {processor.py:179} INFO - Processing /Users/dimz/EconWizard/hermesvirtual/lib/python3.8/site-packages/airflow/example_dags/plugins/workday.py took 0.347 seconds
[2023-11-01T22:19:48.339-0500] {processor.py:157} INFO - Started process (PID=92244) to work on /Users/dimz/EconWizard/hermesvirtual/lib/python3.8/site-packages/airflow/example_dags/plugins/workday.py
[2023-11-01T22:19:48.345-0500] {processor.py:829} INFO - Processing file /Users/dimz/EconWizard/hermesvirtual/lib/python3.8/site-packages/airflow/example_dags/plugins/workday.py for tasks to queue
[2023-11-01T22:19:48.345-0500] {logging_mixin.py:151} INFO - [2023-11-01T22:19:48.345-0500] {dagbag.py:536} INFO - Filling up the DagBag from /Users/dimz/EconWizard/hermesvirtual/lib/python3.8/site-packages/airflow/example_dags/plugins/workday.py
[2023-11-01T22:19:48.564-0500] {processor.py:841} WARNING - No viable dags retrieved from /Users/dimz/EconWizard/hermesvirtual/lib/python3.8/site-packages/airflow/example_dags/plugins/workday.py
[2023-11-01T22:19:48.677-0500] {processor.py:179} INFO - Processing /Users/dimz/EconWizard/hermesvirtual/lib/python3.8/site-packages/airflow/example_dags/plugins/workday.py took 0.338 seconds
[2023-11-01T22:20:41.837-0500] {processor.py:157} INFO - Started process (PID=92360) to work on /Users/dimz/EconWizard/hermesvirtual/lib/python3.8/site-packages/airflow/example_dags/plugins/workday.py
[2023-11-01T22:20:41.841-0500] {processor.py:829} INFO - Processing file /Users/dimz/EconWizard/hermesvirtual/lib/python3.8/site-packages/airflow/example_dags/plugins/workday.py for tasks to queue
[2023-11-01T22:20:41.841-0500] {logging_mixin.py:151} INFO - [2023-11-01T22:20:41.841-0500] {dagbag.py:536} INFO - Filling up the DagBag from /Users/dimz/EconWizard/hermesvirtual/lib/python3.8/site-packages/airflow/example_dags/plugins/workday.py
[2023-11-01T22:20:42.068-0500] {processor.py:841} WARNING - No viable dags retrieved from /Users/dimz/EconWizard/hermesvirtual/lib/python3.8/site-packages/airflow/example_dags/plugins/workday.py
[2023-11-01T22:20:42.179-0500] {processor.py:179} INFO - Processing /Users/dimz/EconWizard/hermesvirtual/lib/python3.8/site-packages/airflow/example_dags/plugins/workday.py took 0.342 seconds
[2023-11-01T22:21:38.957-0500] {processor.py:157} INFO - Started process (PID=92519) to work on /Users/dimz/EconWizard/hermesvirtual/lib/python3.8/site-packages/airflow/example_dags/plugins/workday.py
[2023-11-01T22:21:38.962-0500] {processor.py:829} INFO - Processing file /Users/dimz/EconWizard/hermesvirtual/lib/python3.8/site-packages/airflow/example_dags/plugins/workday.py for tasks to queue
[2023-11-01T22:21:38.962-0500] {logging_mixin.py:151} INFO - [2023-11-01T22:21:38.962-0500] {dagbag.py:536} INFO - Filling up the DagBag from /Users/dimz/EconWizard/hermesvirtual/lib/python3.8/site-packages/airflow/example_dags/plugins/workday.py
[2023-11-01T22:21:39.198-0500] {processor.py:841} WARNING - No viable dags retrieved from /Users/dimz/EconWizard/hermesvirtual/lib/python3.8/site-packages/airflow/example_dags/plugins/workday.py
[2023-11-01T22:21:39.310-0500] {processor.py:179} INFO - Processing /Users/dimz/EconWizard/hermesvirtual/lib/python3.8/site-packages/airflow/example_dags/plugins/workday.py took 0.354 seconds
[2023-11-01T22:22:41.018-0500] {processor.py:157} INFO - Started process (PID=92693) to work on /Users/dimz/EconWizard/hermesvirtual/lib/python3.8/site-packages/airflow/example_dags/plugins/workday.py
[2023-11-01T22:22:41.023-0500] {processor.py:829} INFO - Processing file /Users/dimz/EconWizard/hermesvirtual/lib/python3.8/site-packages/airflow/example_dags/plugins/workday.py for tasks to queue
[2023-11-01T22:22:41.023-0500] {logging_mixin.py:151} INFO - [2023-11-01T22:22:41.023-0500] {dagbag.py:536} INFO - Filling up the DagBag from /Users/dimz/EconWizard/hermesvirtual/lib/python3.8/site-packages/airflow/example_dags/plugins/workday.py
[2023-11-01T22:22:41.256-0500] {processor.py:841} WARNING - No viable dags retrieved from /Users/dimz/EconWizard/hermesvirtual/lib/python3.8/site-packages/airflow/example_dags/plugins/workday.py
[2023-11-01T22:22:41.380-0500] {processor.py:179} INFO - Processing /Users/dimz/EconWizard/hermesvirtual/lib/python3.8/site-packages/airflow/example_dags/plugins/workday.py took 0.363 seconds
[2023-11-01T22:55:30.789-0500] {processor.py:157} INFO - Started process (PID=92877) to work on /Users/dimz/EconWizard/hermesvirtual/lib/python3.8/site-packages/airflow/example_dags/plugins/workday.py
[2023-11-01T22:55:30.794-0500] {processor.py:829} INFO - Processing file /Users/dimz/EconWizard/hermesvirtual/lib/python3.8/site-packages/airflow/example_dags/plugins/workday.py for tasks to queue
[2023-11-01T22:55:30.795-0500] {logging_mixin.py:151} INFO - [2023-11-01T22:55:30.795-0500] {dagbag.py:536} INFO - Filling up the DagBag from /Users/dimz/EconWizard/hermesvirtual/lib/python3.8/site-packages/airflow/example_dags/plugins/workday.py
[2023-11-01T22:55:31.122-0500] {processor.py:841} WARNING - No viable dags retrieved from /Users/dimz/EconWizard/hermesvirtual/lib/python3.8/site-packages/airflow/example_dags/plugins/workday.py
[2023-11-01T22:55:31.234-0500] {processor.py:179} INFO - Processing /Users/dimz/EconWizard/hermesvirtual/lib/python3.8/site-packages/airflow/example_dags/plugins/workday.py took 0.444 seconds
[2023-11-02T01:12:16.737-0500] {processor.py:157} INFO - Started process (PID=93005) to work on /Users/dimz/EconWizard/hermesvirtual/lib/python3.8/site-packages/airflow/example_dags/plugins/workday.py
[2023-11-02T01:12:16.741-0500] {processor.py:829} INFO - Processing file /Users/dimz/EconWizard/hermesvirtual/lib/python3.8/site-packages/airflow/example_dags/plugins/workday.py for tasks to queue
[2023-11-02T01:12:16.742-0500] {logging_mixin.py:151} INFO - [2023-11-02T01:12:16.742-0500] {dagbag.py:536} INFO - Filling up the DagBag from /Users/dimz/EconWizard/hermesvirtual/lib/python3.8/site-packages/airflow/example_dags/plugins/workday.py
[2023-11-02T01:12:17.056-0500] {processor.py:841} WARNING - No viable dags retrieved from /Users/dimz/EconWizard/hermesvirtual/lib/python3.8/site-packages/airflow/example_dags/plugins/workday.py
[2023-11-02T01:12:17.166-0500] {processor.py:179} INFO - Processing /Users/dimz/EconWizard/hermesvirtual/lib/python3.8/site-packages/airflow/example_dags/plugins/workday.py took 0.429 seconds
[2023-11-02T05:43:36.525-0500] {processor.py:157} INFO - Started process (PID=93222) to work on /Users/dimz/EconWizard/hermesvirtual/lib/python3.8/site-packages/airflow/example_dags/plugins/workday.py
[2023-11-02T05:43:36.530-0500] {processor.py:829} INFO - Processing file /Users/dimz/EconWizard/hermesvirtual/lib/python3.8/site-packages/airflow/example_dags/plugins/workday.py for tasks to queue
[2023-11-02T05:43:36.530-0500] {logging_mixin.py:151} INFO - [2023-11-02T05:43:36.530-0500] {dagbag.py:536} INFO - Filling up the DagBag from /Users/dimz/EconWizard/hermesvirtual/lib/python3.8/site-packages/airflow/example_dags/plugins/workday.py
[2023-11-02T05:43:36.867-0500] {processor.py:841} WARNING - No viable dags retrieved from /Users/dimz/EconWizard/hermesvirtual/lib/python3.8/site-packages/airflow/example_dags/plugins/workday.py
[2023-11-02T05:43:36.984-0500] {processor.py:179} INFO - Processing /Users/dimz/EconWizard/hermesvirtual/lib/python3.8/site-packages/airflow/example_dags/plugins/workday.py took 0.460 seconds
[2023-11-02T08:02:25.206-0500] {processor.py:157} INFO - Started process (PID=93348) to work on /Users/dimz/EconWizard/hermesvirtual/lib/python3.8/site-packages/airflow/example_dags/plugins/workday.py
[2023-11-02T08:02:25.211-0500] {processor.py:829} INFO - Processing file /Users/dimz/EconWizard/hermesvirtual/lib/python3.8/site-packages/airflow/example_dags/plugins/workday.py for tasks to queue
[2023-11-02T08:02:25.211-0500] {logging_mixin.py:151} INFO - [2023-11-02T08:02:25.211-0500] {dagbag.py:536} INFO - Filling up the DagBag from /Users/dimz/EconWizard/hermesvirtual/lib/python3.8/site-packages/airflow/example_dags/plugins/workday.py
[2023-11-02T08:02:25.550-0500] {processor.py:841} WARNING - No viable dags retrieved from /Users/dimz/EconWizard/hermesvirtual/lib/python3.8/site-packages/airflow/example_dags/plugins/workday.py
[2023-11-02T08:02:25.668-0500] {processor.py:179} INFO - Processing /Users/dimz/EconWizard/hermesvirtual/lib/python3.8/site-packages/airflow/example_dags/plugins/workday.py took 0.462 seconds
[2023-11-02T08:29:45.196-0500] {processor.py:157} INFO - Started process (PID=93448) to work on /Users/dimz/EconWizard/hermesvirtual/lib/python3.8/site-packages/airflow/example_dags/plugins/workday.py
[2023-11-02T08:29:45.201-0500] {processor.py:829} INFO - Processing file /Users/dimz/EconWizard/hermesvirtual/lib/python3.8/site-packages/airflow/example_dags/plugins/workday.py for tasks to queue
[2023-11-02T08:29:45.202-0500] {logging_mixin.py:151} INFO - [2023-11-02T08:29:45.202-0500] {dagbag.py:536} INFO - Filling up the DagBag from /Users/dimz/EconWizard/hermesvirtual/lib/python3.8/site-packages/airflow/example_dags/plugins/workday.py
[2023-11-02T08:29:45.597-0500] {processor.py:841} WARNING - No viable dags retrieved from /Users/dimz/EconWizard/hermesvirtual/lib/python3.8/site-packages/airflow/example_dags/plugins/workday.py
[2023-11-02T08:29:45.723-0500] {processor.py:179} INFO - Processing /Users/dimz/EconWizard/hermesvirtual/lib/python3.8/site-packages/airflow/example_dags/plugins/workday.py took 0.527 seconds
[2023-11-02T08:48:16.801-0500] {processor.py:157} INFO - Started process (PID=93523) to work on /Users/dimz/EconWizard/hermesvirtual/lib/python3.8/site-packages/airflow/example_dags/plugins/workday.py
[2023-11-02T08:48:16.805-0500] {processor.py:829} INFO - Processing file /Users/dimz/EconWizard/hermesvirtual/lib/python3.8/site-packages/airflow/example_dags/plugins/workday.py for tasks to queue
[2023-11-02T08:48:16.806-0500] {logging_mixin.py:151} INFO - [2023-11-02T08:48:16.806-0500] {dagbag.py:536} INFO - Filling up the DagBag from /Users/dimz/EconWizard/hermesvirtual/lib/python3.8/site-packages/airflow/example_dags/plugins/workday.py
[2023-11-02T08:48:17.115-0500] {processor.py:841} WARNING - No viable dags retrieved from /Users/dimz/EconWizard/hermesvirtual/lib/python3.8/site-packages/airflow/example_dags/plugins/workday.py
[2023-11-02T08:48:17.223-0500] {processor.py:179} INFO - Processing /Users/dimz/EconWizard/hermesvirtual/lib/python3.8/site-packages/airflow/example_dags/plugins/workday.py took 0.422 seconds
[2023-11-02T09:03:53.038-0500] {processor.py:157} INFO - Started process (PID=93659) to work on /Users/dimz/EconWizard/hermesvirtual/lib/python3.8/site-packages/airflow/example_dags/plugins/workday.py
[2023-11-02T09:03:53.043-0500] {processor.py:829} INFO - Processing file /Users/dimz/EconWizard/hermesvirtual/lib/python3.8/site-packages/airflow/example_dags/plugins/workday.py for tasks to queue
[2023-11-02T09:03:53.043-0500] {logging_mixin.py:151} INFO - [2023-11-02T09:03:53.043-0500] {dagbag.py:536} INFO - Filling up the DagBag from /Users/dimz/EconWizard/hermesvirtual/lib/python3.8/site-packages/airflow/example_dags/plugins/workday.py
[2023-11-02T09:03:53.420-0500] {processor.py:841} WARNING - No viable dags retrieved from /Users/dimz/EconWizard/hermesvirtual/lib/python3.8/site-packages/airflow/example_dags/plugins/workday.py
[2023-11-02T09:03:53.541-0500] {processor.py:179} INFO - Processing /Users/dimz/EconWizard/hermesvirtual/lib/python3.8/site-packages/airflow/example_dags/plugins/workday.py took 0.504 seconds
[2023-11-02T09:04:53.802-0500] {processor.py:157} INFO - Started process (PID=93759) to work on /Users/dimz/EconWizard/hermesvirtual/lib/python3.8/site-packages/airflow/example_dags/plugins/workday.py
[2023-11-02T09:04:53.807-0500] {processor.py:829} INFO - Processing file /Users/dimz/EconWizard/hermesvirtual/lib/python3.8/site-packages/airflow/example_dags/plugins/workday.py for tasks to queue
[2023-11-02T09:04:53.807-0500] {logging_mixin.py:151} INFO - [2023-11-02T09:04:53.807-0500] {dagbag.py:536} INFO - Filling up the DagBag from /Users/dimz/EconWizard/hermesvirtual/lib/python3.8/site-packages/airflow/example_dags/plugins/workday.py
[2023-11-02T09:04:54.129-0500] {processor.py:841} WARNING - No viable dags retrieved from /Users/dimz/EconWizard/hermesvirtual/lib/python3.8/site-packages/airflow/example_dags/plugins/workday.py
[2023-11-02T09:04:54.236-0500] {processor.py:179} INFO - Processing /Users/dimz/EconWizard/hermesvirtual/lib/python3.8/site-packages/airflow/example_dags/plugins/workday.py took 0.434 seconds
[2023-11-02T09:05:49.293-0500] {processor.py:157} INFO - Started process (PID=93828) to work on /Users/dimz/EconWizard/hermesvirtual/lib/python3.8/site-packages/airflow/example_dags/plugins/workday.py
[2023-11-02T09:05:49.297-0500] {processor.py:829} INFO - Processing file /Users/dimz/EconWizard/hermesvirtual/lib/python3.8/site-packages/airflow/example_dags/plugins/workday.py for tasks to queue
[2023-11-02T09:05:49.297-0500] {logging_mixin.py:151} INFO - [2023-11-02T09:05:49.297-0500] {dagbag.py:536} INFO - Filling up the DagBag from /Users/dimz/EconWizard/hermesvirtual/lib/python3.8/site-packages/airflow/example_dags/plugins/workday.py
[2023-11-02T09:05:49.516-0500] {processor.py:841} WARNING - No viable dags retrieved from /Users/dimz/EconWizard/hermesvirtual/lib/python3.8/site-packages/airflow/example_dags/plugins/workday.py
[2023-11-02T09:05:49.626-0500] {processor.py:179} INFO - Processing /Users/dimz/EconWizard/hermesvirtual/lib/python3.8/site-packages/airflow/example_dags/plugins/workday.py took 0.334 seconds
[2023-11-02T09:06:49.788-0500] {processor.py:157} INFO - Started process (PID=93890) to work on /Users/dimz/EconWizard/hermesvirtual/lib/python3.8/site-packages/airflow/example_dags/plugins/workday.py
[2023-11-02T09:06:49.793-0500] {processor.py:829} INFO - Processing file /Users/dimz/EconWizard/hermesvirtual/lib/python3.8/site-packages/airflow/example_dags/plugins/workday.py for tasks to queue
[2023-11-02T09:06:49.793-0500] {logging_mixin.py:151} INFO - [2023-11-02T09:06:49.793-0500] {dagbag.py:536} INFO - Filling up the DagBag from /Users/dimz/EconWizard/hermesvirtual/lib/python3.8/site-packages/airflow/example_dags/plugins/workday.py
[2023-11-02T09:06:50.121-0500] {processor.py:841} WARNING - No viable dags retrieved from /Users/dimz/EconWizard/hermesvirtual/lib/python3.8/site-packages/airflow/example_dags/plugins/workday.py
[2023-11-02T09:06:50.225-0500] {processor.py:179} INFO - Processing /Users/dimz/EconWizard/hermesvirtual/lib/python3.8/site-packages/airflow/example_dags/plugins/workday.py took 0.438 seconds
[2023-11-02T09:07:52.197-0500] {processor.py:157} INFO - Started process (PID=93957) to work on /Users/dimz/EconWizard/hermesvirtual/lib/python3.8/site-packages/airflow/example_dags/plugins/workday.py
[2023-11-02T09:07:52.201-0500] {processor.py:829} INFO - Processing file /Users/dimz/EconWizard/hermesvirtual/lib/python3.8/site-packages/airflow/example_dags/plugins/workday.py for tasks to queue
[2023-11-02T09:07:52.201-0500] {logging_mixin.py:151} INFO - [2023-11-02T09:07:52.201-0500] {dagbag.py:536} INFO - Filling up the DagBag from /Users/dimz/EconWizard/hermesvirtual/lib/python3.8/site-packages/airflow/example_dags/plugins/workday.py
[2023-11-02T09:07:52.505-0500] {processor.py:841} WARNING - No viable dags retrieved from /Users/dimz/EconWizard/hermesvirtual/lib/python3.8/site-packages/airflow/example_dags/plugins/workday.py
[2023-11-02T09:07:52.609-0500] {processor.py:179} INFO - Processing /Users/dimz/EconWizard/hermesvirtual/lib/python3.8/site-packages/airflow/example_dags/plugins/workday.py took 0.413 seconds
[2023-11-02T09:08:55.846-0500] {processor.py:157} INFO - Started process (PID=94133) to work on /Users/dimz/EconWizard/hermesvirtual/lib/python3.8/site-packages/airflow/example_dags/plugins/workday.py
[2023-11-02T09:08:55.851-0500] {processor.py:829} INFO - Processing file /Users/dimz/EconWizard/hermesvirtual/lib/python3.8/site-packages/airflow/example_dags/plugins/workday.py for tasks to queue
[2023-11-02T09:08:55.851-0500] {logging_mixin.py:151} INFO - [2023-11-02T09:08:55.851-0500] {dagbag.py:536} INFO - Filling up the DagBag from /Users/dimz/EconWizard/hermesvirtual/lib/python3.8/site-packages/airflow/example_dags/plugins/workday.py
[2023-11-02T09:08:56.316-0500] {processor.py:841} WARNING - No viable dags retrieved from /Users/dimz/EconWizard/hermesvirtual/lib/python3.8/site-packages/airflow/example_dags/plugins/workday.py
[2023-11-02T09:08:56.431-0500] {processor.py:179} INFO - Processing /Users/dimz/EconWizard/hermesvirtual/lib/python3.8/site-packages/airflow/example_dags/plugins/workday.py took 0.585 seconds
[2023-11-02T09:10:00.053-0500] {processor.py:157} INFO - Started process (PID=94265) to work on /Users/dimz/EconWizard/hermesvirtual/lib/python3.8/site-packages/airflow/example_dags/plugins/workday.py
[2023-11-02T09:10:00.058-0500] {processor.py:829} INFO - Processing file /Users/dimz/EconWizard/hermesvirtual/lib/python3.8/site-packages/airflow/example_dags/plugins/workday.py for tasks to queue
[2023-11-02T09:10:00.058-0500] {logging_mixin.py:151} INFO - [2023-11-02T09:10:00.058-0500] {dagbag.py:536} INFO - Filling up the DagBag from /Users/dimz/EconWizard/hermesvirtual/lib/python3.8/site-packages/airflow/example_dags/plugins/workday.py
[2023-11-02T09:10:00.401-0500] {processor.py:841} WARNING - No viable dags retrieved from /Users/dimz/EconWizard/hermesvirtual/lib/python3.8/site-packages/airflow/example_dags/plugins/workday.py
[2023-11-02T09:10:00.514-0500] {processor.py:179} INFO - Processing /Users/dimz/EconWizard/hermesvirtual/lib/python3.8/site-packages/airflow/example_dags/plugins/workday.py took 0.462 seconds
[2023-11-02T09:11:03.646-0500] {processor.py:157} INFO - Started process (PID=94378) to work on /Users/dimz/EconWizard/hermesvirtual/lib/python3.8/site-packages/airflow/example_dags/plugins/workday.py
[2023-11-02T09:11:03.650-0500] {processor.py:829} INFO - Processing file /Users/dimz/EconWizard/hermesvirtual/lib/python3.8/site-packages/airflow/example_dags/plugins/workday.py for tasks to queue
[2023-11-02T09:11:03.651-0500] {logging_mixin.py:151} INFO - [2023-11-02T09:11:03.650-0500] {dagbag.py:536} INFO - Filling up the DagBag from /Users/dimz/EconWizard/hermesvirtual/lib/python3.8/site-packages/airflow/example_dags/plugins/workday.py
[2023-11-02T09:11:03.963-0500] {processor.py:841} WARNING - No viable dags retrieved from /Users/dimz/EconWizard/hermesvirtual/lib/python3.8/site-packages/airflow/example_dags/plugins/workday.py
[2023-11-02T09:11:04.068-0500] {processor.py:179} INFO - Processing /Users/dimz/EconWizard/hermesvirtual/lib/python3.8/site-packages/airflow/example_dags/plugins/workday.py took 0.422 seconds
[2023-11-02T09:12:09.297-0500] {processor.py:157} INFO - Started process (PID=94452) to work on /Users/dimz/EconWizard/hermesvirtual/lib/python3.8/site-packages/airflow/example_dags/plugins/workday.py
[2023-11-02T09:12:09.302-0500] {processor.py:829} INFO - Processing file /Users/dimz/EconWizard/hermesvirtual/lib/python3.8/site-packages/airflow/example_dags/plugins/workday.py for tasks to queue
[2023-11-02T09:12:09.303-0500] {logging_mixin.py:151} INFO - [2023-11-02T09:12:09.302-0500] {dagbag.py:536} INFO - Filling up the DagBag from /Users/dimz/EconWizard/hermesvirtual/lib/python3.8/site-packages/airflow/example_dags/plugins/workday.py
[2023-11-02T09:12:09.673-0500] {processor.py:841} WARNING - No viable dags retrieved from /Users/dimz/EconWizard/hermesvirtual/lib/python3.8/site-packages/airflow/example_dags/plugins/workday.py
[2023-11-02T09:12:09.793-0500] {processor.py:179} INFO - Processing /Users/dimz/EconWizard/hermesvirtual/lib/python3.8/site-packages/airflow/example_dags/plugins/workday.py took 0.497 seconds
[2023-11-02T09:13:13.622-0500] {processor.py:157} INFO - Started process (PID=94522) to work on /Users/dimz/EconWizard/hermesvirtual/lib/python3.8/site-packages/airflow/example_dags/plugins/workday.py
[2023-11-02T09:13:13.627-0500] {processor.py:829} INFO - Processing file /Users/dimz/EconWizard/hermesvirtual/lib/python3.8/site-packages/airflow/example_dags/plugins/workday.py for tasks to queue
[2023-11-02T09:13:13.627-0500] {logging_mixin.py:151} INFO - [2023-11-02T09:13:13.627-0500] {dagbag.py:536} INFO - Filling up the DagBag from /Users/dimz/EconWizard/hermesvirtual/lib/python3.8/site-packages/airflow/example_dags/plugins/workday.py
[2023-11-02T09:13:13.933-0500] {processor.py:841} WARNING - No viable dags retrieved from /Users/dimz/EconWizard/hermesvirtual/lib/python3.8/site-packages/airflow/example_dags/plugins/workday.py
[2023-11-02T09:13:14.039-0500] {processor.py:179} INFO - Processing /Users/dimz/EconWizard/hermesvirtual/lib/python3.8/site-packages/airflow/example_dags/plugins/workday.py took 0.417 seconds
[2023-11-02T09:14:15.190-0500] {processor.py:157} INFO - Started process (PID=94591) to work on /Users/dimz/EconWizard/hermesvirtual/lib/python3.8/site-packages/airflow/example_dags/plugins/workday.py
[2023-11-02T09:14:15.195-0500] {processor.py:829} INFO - Processing file /Users/dimz/EconWizard/hermesvirtual/lib/python3.8/site-packages/airflow/example_dags/plugins/workday.py for tasks to queue
[2023-11-02T09:14:15.195-0500] {logging_mixin.py:151} INFO - [2023-11-02T09:14:15.195-0500] {dagbag.py:536} INFO - Filling up the DagBag from /Users/dimz/EconWizard/hermesvirtual/lib/python3.8/site-packages/airflow/example_dags/plugins/workday.py
[2023-11-02T09:14:15.502-0500] {processor.py:841} WARNING - No viable dags retrieved from /Users/dimz/EconWizard/hermesvirtual/lib/python3.8/site-packages/airflow/example_dags/plugins/workday.py
[2023-11-02T09:14:15.606-0500] {processor.py:179} INFO - Processing /Users/dimz/EconWizard/hermesvirtual/lib/python3.8/site-packages/airflow/example_dags/plugins/workday.py took 0.416 seconds
[2023-11-02T09:15:19.467-0500] {processor.py:157} INFO - Started process (PID=94656) to work on /Users/dimz/EconWizard/hermesvirtual/lib/python3.8/site-packages/airflow/example_dags/plugins/workday.py
[2023-11-02T09:15:19.471-0500] {processor.py:829} INFO - Processing file /Users/dimz/EconWizard/hermesvirtual/lib/python3.8/site-packages/airflow/example_dags/plugins/workday.py for tasks to queue
[2023-11-02T09:15:19.471-0500] {logging_mixin.py:151} INFO - [2023-11-02T09:15:19.471-0500] {dagbag.py:536} INFO - Filling up the DagBag from /Users/dimz/EconWizard/hermesvirtual/lib/python3.8/site-packages/airflow/example_dags/plugins/workday.py
[2023-11-02T09:15:19.690-0500] {processor.py:841} WARNING - No viable dags retrieved from /Users/dimz/EconWizard/hermesvirtual/lib/python3.8/site-packages/airflow/example_dags/plugins/workday.py
[2023-11-02T09:15:19.800-0500] {processor.py:179} INFO - Processing /Users/dimz/EconWizard/hermesvirtual/lib/python3.8/site-packages/airflow/example_dags/plugins/workday.py took 0.334 seconds
[2023-11-02T09:16:20.484-0500] {processor.py:157} INFO - Started process (PID=94731) to work on /Users/dimz/EconWizard/hermesvirtual/lib/python3.8/site-packages/airflow/example_dags/plugins/workday.py
[2023-11-02T09:16:20.489-0500] {processor.py:829} INFO - Processing file /Users/dimz/EconWizard/hermesvirtual/lib/python3.8/site-packages/airflow/example_dags/plugins/workday.py for tasks to queue
[2023-11-02T09:16:20.489-0500] {logging_mixin.py:151} INFO - [2023-11-02T09:16:20.489-0500] {dagbag.py:536} INFO - Filling up the DagBag from /Users/dimz/EconWizard/hermesvirtual/lib/python3.8/site-packages/airflow/example_dags/plugins/workday.py
[2023-11-02T09:16:20.805-0500] {processor.py:841} WARNING - No viable dags retrieved from /Users/dimz/EconWizard/hermesvirtual/lib/python3.8/site-packages/airflow/example_dags/plugins/workday.py
[2023-11-02T09:16:20.909-0500] {processor.py:179} INFO - Processing /Users/dimz/EconWizard/hermesvirtual/lib/python3.8/site-packages/airflow/example_dags/plugins/workday.py took 0.425 seconds
[2023-11-02T09:17:22.054-0500] {processor.py:157} INFO - Started process (PID=94796) to work on /Users/dimz/EconWizard/hermesvirtual/lib/python3.8/site-packages/airflow/example_dags/plugins/workday.py
[2023-11-02T09:17:22.059-0500] {processor.py:829} INFO - Processing file /Users/dimz/EconWizard/hermesvirtual/lib/python3.8/site-packages/airflow/example_dags/plugins/workday.py for tasks to queue
[2023-11-02T09:17:22.060-0500] {logging_mixin.py:151} INFO - [2023-11-02T09:17:22.060-0500] {dagbag.py:536} INFO - Filling up the DagBag from /Users/dimz/EconWizard/hermesvirtual/lib/python3.8/site-packages/airflow/example_dags/plugins/workday.py
[2023-11-02T09:17:22.370-0500] {processor.py:841} WARNING - No viable dags retrieved from /Users/dimz/EconWizard/hermesvirtual/lib/python3.8/site-packages/airflow/example_dags/plugins/workday.py
[2023-11-02T09:17:22.474-0500] {processor.py:179} INFO - Processing /Users/dimz/EconWizard/hermesvirtual/lib/python3.8/site-packages/airflow/example_dags/plugins/workday.py took 0.420 seconds
[2023-11-02T09:18:23.672-0500] {processor.py:157} INFO - Started process (PID=94863) to work on /Users/dimz/EconWizard/hermesvirtual/lib/python3.8/site-packages/airflow/example_dags/plugins/workday.py
[2023-11-02T09:18:23.677-0500] {processor.py:829} INFO - Processing file /Users/dimz/EconWizard/hermesvirtual/lib/python3.8/site-packages/airflow/example_dags/plugins/workday.py for tasks to queue
[2023-11-02T09:18:23.678-0500] {logging_mixin.py:151} INFO - [2023-11-02T09:18:23.678-0500] {dagbag.py:536} INFO - Filling up the DagBag from /Users/dimz/EconWizard/hermesvirtual/lib/python3.8/site-packages/airflow/example_dags/plugins/workday.py
[2023-11-02T09:18:24.002-0500] {processor.py:841} WARNING - No viable dags retrieved from /Users/dimz/EconWizard/hermesvirtual/lib/python3.8/site-packages/airflow/example_dags/plugins/workday.py
[2023-11-02T09:18:24.110-0500] {processor.py:179} INFO - Processing /Users/dimz/EconWizard/hermesvirtual/lib/python3.8/site-packages/airflow/example_dags/plugins/workday.py took 0.438 seconds
[2023-11-02T09:19:28.457-0500] {processor.py:157} INFO - Started process (PID=94983) to work on /Users/dimz/EconWizard/hermesvirtual/lib/python3.8/site-packages/airflow/example_dags/plugins/workday.py
[2023-11-02T09:19:28.461-0500] {processor.py:829} INFO - Processing file /Users/dimz/EconWizard/hermesvirtual/lib/python3.8/site-packages/airflow/example_dags/plugins/workday.py for tasks to queue
[2023-11-02T09:19:28.462-0500] {logging_mixin.py:151} INFO - [2023-11-02T09:19:28.462-0500] {dagbag.py:536} INFO - Filling up the DagBag from /Users/dimz/EconWizard/hermesvirtual/lib/python3.8/site-packages/airflow/example_dags/plugins/workday.py
[2023-11-02T09:19:28.824-0500] {processor.py:841} WARNING - No viable dags retrieved from /Users/dimz/EconWizard/hermesvirtual/lib/python3.8/site-packages/airflow/example_dags/plugins/workday.py
[2023-11-02T09:19:28.934-0500] {processor.py:179} INFO - Processing /Users/dimz/EconWizard/hermesvirtual/lib/python3.8/site-packages/airflow/example_dags/plugins/workday.py took 0.477 seconds
[2023-11-02T09:20:32.018-0500] {processor.py:157} INFO - Started process (PID=95060) to work on /Users/dimz/EconWizard/hermesvirtual/lib/python3.8/site-packages/airflow/example_dags/plugins/workday.py
[2023-11-02T09:20:32.024-0500] {processor.py:829} INFO - Processing file /Users/dimz/EconWizard/hermesvirtual/lib/python3.8/site-packages/airflow/example_dags/plugins/workday.py for tasks to queue
[2023-11-02T09:20:32.024-0500] {logging_mixin.py:151} INFO - [2023-11-02T09:20:32.024-0500] {dagbag.py:536} INFO - Filling up the DagBag from /Users/dimz/EconWizard/hermesvirtual/lib/python3.8/site-packages/airflow/example_dags/plugins/workday.py
[2023-11-02T09:20:32.403-0500] {processor.py:841} WARNING - No viable dags retrieved from /Users/dimz/EconWizard/hermesvirtual/lib/python3.8/site-packages/airflow/example_dags/plugins/workday.py
[2023-11-02T09:20:32.545-0500] {processor.py:179} INFO - Processing /Users/dimz/EconWizard/hermesvirtual/lib/python3.8/site-packages/airflow/example_dags/plugins/workday.py took 0.527 seconds
[2023-11-02T09:21:37.722-0500] {processor.py:157} INFO - Started process (PID=95126) to work on /Users/dimz/EconWizard/hermesvirtual/lib/python3.8/site-packages/airflow/example_dags/plugins/workday.py
[2023-11-02T09:21:37.727-0500] {processor.py:829} INFO - Processing file /Users/dimz/EconWizard/hermesvirtual/lib/python3.8/site-packages/airflow/example_dags/plugins/workday.py for tasks to queue
[2023-11-02T09:21:37.727-0500] {logging_mixin.py:151} INFO - [2023-11-02T09:21:37.727-0500] {dagbag.py:536} INFO - Filling up the DagBag from /Users/dimz/EconWizard/hermesvirtual/lib/python3.8/site-packages/airflow/example_dags/plugins/workday.py
[2023-11-02T09:21:38.031-0500] {processor.py:841} WARNING - No viable dags retrieved from /Users/dimz/EconWizard/hermesvirtual/lib/python3.8/site-packages/airflow/example_dags/plugins/workday.py
[2023-11-02T09:21:38.135-0500] {processor.py:179} INFO - Processing /Users/dimz/EconWizard/hermesvirtual/lib/python3.8/site-packages/airflow/example_dags/plugins/workday.py took 0.414 seconds
[2023-11-02T09:22:42.337-0500] {processor.py:157} INFO - Started process (PID=95222) to work on /Users/dimz/EconWizard/hermesvirtual/lib/python3.8/site-packages/airflow/example_dags/plugins/workday.py
[2023-11-02T09:22:42.342-0500] {processor.py:829} INFO - Processing file /Users/dimz/EconWizard/hermesvirtual/lib/python3.8/site-packages/airflow/example_dags/plugins/workday.py for tasks to queue
[2023-11-02T09:22:42.342-0500] {logging_mixin.py:151} INFO - [2023-11-02T09:22:42.342-0500] {dagbag.py:536} INFO - Filling up the DagBag from /Users/dimz/EconWizard/hermesvirtual/lib/python3.8/site-packages/airflow/example_dags/plugins/workday.py
[2023-11-02T09:22:42.687-0500] {processor.py:841} WARNING - No viable dags retrieved from /Users/dimz/EconWizard/hermesvirtual/lib/python3.8/site-packages/airflow/example_dags/plugins/workday.py
[2023-11-02T09:22:42.796-0500] {processor.py:179} INFO - Processing /Users/dimz/EconWizard/hermesvirtual/lib/python3.8/site-packages/airflow/example_dags/plugins/workday.py took 0.460 seconds
[2023-11-02T09:23:44.841-0500] {processor.py:157} INFO - Started process (PID=95329) to work on /Users/dimz/EconWizard/hermesvirtual/lib/python3.8/site-packages/airflow/example_dags/plugins/workday.py
[2023-11-02T09:23:44.846-0500] {processor.py:829} INFO - Processing file /Users/dimz/EconWizard/hermesvirtual/lib/python3.8/site-packages/airflow/example_dags/plugins/workday.py for tasks to queue
[2023-11-02T09:23:44.846-0500] {logging_mixin.py:151} INFO - [2023-11-02T09:23:44.846-0500] {dagbag.py:536} INFO - Filling up the DagBag from /Users/dimz/EconWizard/hermesvirtual/lib/python3.8/site-packages/airflow/example_dags/plugins/workday.py
[2023-11-02T09:23:45.160-0500] {processor.py:841} WARNING - No viable dags retrieved from /Users/dimz/EconWizard/hermesvirtual/lib/python3.8/site-packages/airflow/example_dags/plugins/workday.py
[2023-11-02T09:23:45.267-0500] {processor.py:179} INFO - Processing /Users/dimz/EconWizard/hermesvirtual/lib/python3.8/site-packages/airflow/example_dags/plugins/workday.py took 0.426 seconds
[2023-11-02T09:24:47.660-0500] {processor.py:157} INFO - Started process (PID=95451) to work on /Users/dimz/EconWizard/hermesvirtual/lib/python3.8/site-packages/airflow/example_dags/plugins/workday.py
[2023-11-02T09:24:47.665-0500] {processor.py:829} INFO - Processing file /Users/dimz/EconWizard/hermesvirtual/lib/python3.8/site-packages/airflow/example_dags/plugins/workday.py for tasks to queue
[2023-11-02T09:24:47.665-0500] {logging_mixin.py:151} INFO - [2023-11-02T09:24:47.665-0500] {dagbag.py:536} INFO - Filling up the DagBag from /Users/dimz/EconWizard/hermesvirtual/lib/python3.8/site-packages/airflow/example_dags/plugins/workday.py
[2023-11-02T09:24:47.976-0500] {processor.py:841} WARNING - No viable dags retrieved from /Users/dimz/EconWizard/hermesvirtual/lib/python3.8/site-packages/airflow/example_dags/plugins/workday.py
[2023-11-02T09:24:48.081-0500] {processor.py:179} INFO - Processing /Users/dimz/EconWizard/hermesvirtual/lib/python3.8/site-packages/airflow/example_dags/plugins/workday.py took 0.422 seconds
[2023-11-02T09:25:51.075-0500] {processor.py:157} INFO - Started process (PID=95567) to work on /Users/dimz/EconWizard/hermesvirtual/lib/python3.8/site-packages/airflow/example_dags/plugins/workday.py
[2023-11-02T09:25:51.080-0500] {processor.py:829} INFO - Processing file /Users/dimz/EconWizard/hermesvirtual/lib/python3.8/site-packages/airflow/example_dags/plugins/workday.py for tasks to queue
[2023-11-02T09:25:51.080-0500] {logging_mixin.py:151} INFO - [2023-11-02T09:25:51.080-0500] {dagbag.py:536} INFO - Filling up the DagBag from /Users/dimz/EconWizard/hermesvirtual/lib/python3.8/site-packages/airflow/example_dags/plugins/workday.py
[2023-11-02T09:25:51.423-0500] {processor.py:841} WARNING - No viable dags retrieved from /Users/dimz/EconWizard/hermesvirtual/lib/python3.8/site-packages/airflow/example_dags/plugins/workday.py
[2023-11-02T09:25:51.536-0500] {processor.py:179} INFO - Processing /Users/dimz/EconWizard/hermesvirtual/lib/python3.8/site-packages/airflow/example_dags/plugins/workday.py took 0.462 seconds
[2023-11-02T09:26:56.941-0500] {processor.py:157} INFO - Started process (PID=95664) to work on /Users/dimz/EconWizard/hermesvirtual/lib/python3.8/site-packages/airflow/example_dags/plugins/workday.py
[2023-11-02T09:26:56.946-0500] {processor.py:829} INFO - Processing file /Users/dimz/EconWizard/hermesvirtual/lib/python3.8/site-packages/airflow/example_dags/plugins/workday.py for tasks to queue
[2023-11-02T09:26:56.946-0500] {logging_mixin.py:151} INFO - [2023-11-02T09:26:56.946-0500] {dagbag.py:536} INFO - Filling up the DagBag from /Users/dimz/EconWizard/hermesvirtual/lib/python3.8/site-packages/airflow/example_dags/plugins/workday.py
[2023-11-02T09:26:57.285-0500] {processor.py:841} WARNING - No viable dags retrieved from /Users/dimz/EconWizard/hermesvirtual/lib/python3.8/site-packages/airflow/example_dags/plugins/workday.py
[2023-11-02T09:26:57.390-0500] {processor.py:179} INFO - Processing /Users/dimz/EconWizard/hermesvirtual/lib/python3.8/site-packages/airflow/example_dags/plugins/workday.py took 0.450 seconds
[2023-11-02T09:28:40.222-0500] {processor.py:157} INFO - Started process (PID=95807) to work on /Users/dimz/EconWizard/hermesvirtual/lib/python3.8/site-packages/airflow/example_dags/plugins/workday.py
[2023-11-02T09:28:40.227-0500] {processor.py:829} INFO - Processing file /Users/dimz/EconWizard/hermesvirtual/lib/python3.8/site-packages/airflow/example_dags/plugins/workday.py for tasks to queue
[2023-11-02T09:28:40.228-0500] {logging_mixin.py:151} INFO - [2023-11-02T09:28:40.227-0500] {dagbag.py:536} INFO - Filling up the DagBag from /Users/dimz/EconWizard/hermesvirtual/lib/python3.8/site-packages/airflow/example_dags/plugins/workday.py
[2023-11-02T09:28:40.640-0500] {processor.py:841} WARNING - No viable dags retrieved from /Users/dimz/EconWizard/hermesvirtual/lib/python3.8/site-packages/airflow/example_dags/plugins/workday.py
[2023-11-02T09:28:40.765-0500] {processor.py:179} INFO - Processing /Users/dimz/EconWizard/hermesvirtual/lib/python3.8/site-packages/airflow/example_dags/plugins/workday.py took 0.543 seconds
[2023-11-02T09:29:52.093-0500] {processor.py:157} INFO - Started process (PID=95908) to work on /Users/dimz/EconWizard/hermesvirtual/lib/python3.8/site-packages/airflow/example_dags/plugins/workday.py
[2023-11-02T09:29:52.098-0500] {processor.py:829} INFO - Processing file /Users/dimz/EconWizard/hermesvirtual/lib/python3.8/site-packages/airflow/example_dags/plugins/workday.py for tasks to queue
[2023-11-02T09:29:52.098-0500] {logging_mixin.py:151} INFO - [2023-11-02T09:29:52.098-0500] {dagbag.py:536} INFO - Filling up the DagBag from /Users/dimz/EconWizard/hermesvirtual/lib/python3.8/site-packages/airflow/example_dags/plugins/workday.py
[2023-11-02T09:29:52.435-0500] {processor.py:841} WARNING - No viable dags retrieved from /Users/dimz/EconWizard/hermesvirtual/lib/python3.8/site-packages/airflow/example_dags/plugins/workday.py
[2023-11-02T09:29:52.549-0500] {processor.py:179} INFO - Processing /Users/dimz/EconWizard/hermesvirtual/lib/python3.8/site-packages/airflow/example_dags/plugins/workday.py took 0.457 seconds
[2023-11-02T09:30:57.173-0500] {processor.py:157} INFO - Started process (PID=95991) to work on /Users/dimz/EconWizard/hermesvirtual/lib/python3.8/site-packages/airflow/example_dags/plugins/workday.py
[2023-11-02T09:30:57.178-0500] {processor.py:829} INFO - Processing file /Users/dimz/EconWizard/hermesvirtual/lib/python3.8/site-packages/airflow/example_dags/plugins/workday.py for tasks to queue
[2023-11-02T09:30:57.179-0500] {logging_mixin.py:151} INFO - [2023-11-02T09:30:57.179-0500] {dagbag.py:536} INFO - Filling up the DagBag from /Users/dimz/EconWizard/hermesvirtual/lib/python3.8/site-packages/airflow/example_dags/plugins/workday.py
[2023-11-02T09:30:57.489-0500] {processor.py:841} WARNING - No viable dags retrieved from /Users/dimz/EconWizard/hermesvirtual/lib/python3.8/site-packages/airflow/example_dags/plugins/workday.py
[2023-11-02T09:30:57.594-0500] {processor.py:179} INFO - Processing /Users/dimz/EconWizard/hermesvirtual/lib/python3.8/site-packages/airflow/example_dags/plugins/workday.py took 0.421 seconds
[2023-11-02T09:32:03.460-0500] {processor.py:157} INFO - Started process (PID=96064) to work on /Users/dimz/EconWizard/hermesvirtual/lib/python3.8/site-packages/airflow/example_dags/plugins/workday.py
[2023-11-02T09:32:03.465-0500] {processor.py:829} INFO - Processing file /Users/dimz/EconWizard/hermesvirtual/lib/python3.8/site-packages/airflow/example_dags/plugins/workday.py for tasks to queue
[2023-11-02T09:32:03.465-0500] {logging_mixin.py:151} INFO - [2023-11-02T09:32:03.465-0500] {dagbag.py:536} INFO - Filling up the DagBag from /Users/dimz/EconWizard/hermesvirtual/lib/python3.8/site-packages/airflow/example_dags/plugins/workday.py
[2023-11-02T09:32:03.790-0500] {processor.py:841} WARNING - No viable dags retrieved from /Users/dimz/EconWizard/hermesvirtual/lib/python3.8/site-packages/airflow/example_dags/plugins/workday.py
[2023-11-02T09:32:03.895-0500] {processor.py:179} INFO - Processing /Users/dimz/EconWizard/hermesvirtual/lib/python3.8/site-packages/airflow/example_dags/plugins/workday.py took 0.435 seconds
[2023-11-02T10:12:44.703-0500] {processor.py:157} INFO - Started process (PID=97506) to work on /Users/dimz/EconWizard/hermesvirtual/lib/python3.8/site-packages/airflow/example_dags/plugins/workday.py
[2023-11-02T10:12:44.708-0500] {processor.py:829} INFO - Processing file /Users/dimz/EconWizard/hermesvirtual/lib/python3.8/site-packages/airflow/example_dags/plugins/workday.py for tasks to queue
[2023-11-02T10:12:44.709-0500] {logging_mixin.py:151} INFO - [2023-11-02T10:12:44.709-0500] {dagbag.py:536} INFO - Filling up the DagBag from /Users/dimz/EconWizard/hermesvirtual/lib/python3.8/site-packages/airflow/example_dags/plugins/workday.py
[2023-11-02T10:12:44.930-0500] {processor.py:841} WARNING - No viable dags retrieved from /Users/dimz/EconWizard/hermesvirtual/lib/python3.8/site-packages/airflow/example_dags/plugins/workday.py
[2023-11-02T10:12:45.041-0500] {processor.py:179} INFO - Processing /Users/dimz/EconWizard/hermesvirtual/lib/python3.8/site-packages/airflow/example_dags/plugins/workday.py took 0.338 seconds
[2023-11-02T10:14:16.527-0500] {processor.py:157} INFO - Started process (PID=97604) to work on /Users/dimz/EconWizard/hermesvirtual/lib/python3.8/site-packages/airflow/example_dags/plugins/workday.py
[2023-11-02T10:14:16.532-0500] {processor.py:829} INFO - Processing file /Users/dimz/EconWizard/hermesvirtual/lib/python3.8/site-packages/airflow/example_dags/plugins/workday.py for tasks to queue
[2023-11-02T10:14:16.532-0500] {logging_mixin.py:151} INFO - [2023-11-02T10:14:16.532-0500] {dagbag.py:536} INFO - Filling up the DagBag from /Users/dimz/EconWizard/hermesvirtual/lib/python3.8/site-packages/airflow/example_dags/plugins/workday.py
[2023-11-02T10:14:16.838-0500] {processor.py:841} WARNING - No viable dags retrieved from /Users/dimz/EconWizard/hermesvirtual/lib/python3.8/site-packages/airflow/example_dags/plugins/workday.py
[2023-11-02T10:14:16.943-0500] {processor.py:179} INFO - Processing /Users/dimz/EconWizard/hermesvirtual/lib/python3.8/site-packages/airflow/example_dags/plugins/workday.py took 0.416 seconds
[2023-11-02T10:15:17.747-0500] {processor.py:157} INFO - Started process (PID=97682) to work on /Users/dimz/EconWizard/hermesvirtual/lib/python3.8/site-packages/airflow/example_dags/plugins/workday.py
[2023-11-02T10:15:17.752-0500] {processor.py:829} INFO - Processing file /Users/dimz/EconWizard/hermesvirtual/lib/python3.8/site-packages/airflow/example_dags/plugins/workday.py for tasks to queue
[2023-11-02T10:15:17.752-0500] {logging_mixin.py:151} INFO - [2023-11-02T10:15:17.752-0500] {dagbag.py:536} INFO - Filling up the DagBag from /Users/dimz/EconWizard/hermesvirtual/lib/python3.8/site-packages/airflow/example_dags/plugins/workday.py
[2023-11-02T10:15:18.093-0500] {processor.py:841} WARNING - No viable dags retrieved from /Users/dimz/EconWizard/hermesvirtual/lib/python3.8/site-packages/airflow/example_dags/plugins/workday.py
[2023-11-02T10:15:18.201-0500] {processor.py:179} INFO - Processing /Users/dimz/EconWizard/hermesvirtual/lib/python3.8/site-packages/airflow/example_dags/plugins/workday.py took 0.455 seconds
[2023-11-02T10:38:30.107-0500] {processor.py:157} INFO - Started process (PID=99815) to work on /Users/dimz/EconWizard/hermesvirtual/lib/python3.8/site-packages/airflow/example_dags/plugins/workday.py
[2023-11-02T10:38:30.111-0500] {processor.py:829} INFO - Processing file /Users/dimz/EconWizard/hermesvirtual/lib/python3.8/site-packages/airflow/example_dags/plugins/workday.py for tasks to queue
[2023-11-02T10:38:30.111-0500] {logging_mixin.py:151} INFO - [2023-11-02T10:38:30.111-0500] {dagbag.py:536} INFO - Filling up the DagBag from /Users/dimz/EconWizard/hermesvirtual/lib/python3.8/site-packages/airflow/example_dags/plugins/workday.py
[2023-11-02T10:38:30.386-0500] {processor.py:841} WARNING - No viable dags retrieved from /Users/dimz/EconWizard/hermesvirtual/lib/python3.8/site-packages/airflow/example_dags/plugins/workday.py
[2023-11-02T10:38:30.502-0500] {processor.py:179} INFO - Processing /Users/dimz/EconWizard/hermesvirtual/lib/python3.8/site-packages/airflow/example_dags/plugins/workday.py took 0.396 seconds
[2023-11-02T10:40:04.344-0500] {processor.py:157} INFO - Started process (PID=99954) to work on /Users/dimz/EconWizard/hermesvirtual/lib/python3.8/site-packages/airflow/example_dags/plugins/workday.py
[2023-11-02T10:40:04.350-0500] {processor.py:829} INFO - Processing file /Users/dimz/EconWizard/hermesvirtual/lib/python3.8/site-packages/airflow/example_dags/plugins/workday.py for tasks to queue
[2023-11-02T10:40:04.350-0500] {logging_mixin.py:151} INFO - [2023-11-02T10:40:04.350-0500] {dagbag.py:536} INFO - Filling up the DagBag from /Users/dimz/EconWizard/hermesvirtual/lib/python3.8/site-packages/airflow/example_dags/plugins/workday.py
[2023-11-02T10:40:04.734-0500] {processor.py:841} WARNING - No viable dags retrieved from /Users/dimz/EconWizard/hermesvirtual/lib/python3.8/site-packages/airflow/example_dags/plugins/workday.py
[2023-11-02T10:40:04.845-0500] {processor.py:179} INFO - Processing /Users/dimz/EconWizard/hermesvirtual/lib/python3.8/site-packages/airflow/example_dags/plugins/workday.py took 0.501 seconds
[2023-11-02T10:41:08.788-0500] {processor.py:157} INFO - Started process (PID=124) to work on /Users/dimz/EconWizard/hermesvirtual/lib/python3.8/site-packages/airflow/example_dags/plugins/workday.py
[2023-11-02T10:41:08.793-0500] {processor.py:829} INFO - Processing file /Users/dimz/EconWizard/hermesvirtual/lib/python3.8/site-packages/airflow/example_dags/plugins/workday.py for tasks to queue
[2023-11-02T10:41:08.793-0500] {logging_mixin.py:151} INFO - [2023-11-02T10:41:08.793-0500] {dagbag.py:536} INFO - Filling up the DagBag from /Users/dimz/EconWizard/hermesvirtual/lib/python3.8/site-packages/airflow/example_dags/plugins/workday.py
[2023-11-02T10:41:09.116-0500] {processor.py:841} WARNING - No viable dags retrieved from /Users/dimz/EconWizard/hermesvirtual/lib/python3.8/site-packages/airflow/example_dags/plugins/workday.py
[2023-11-02T10:41:09.230-0500] {processor.py:179} INFO - Processing /Users/dimz/EconWizard/hermesvirtual/lib/python3.8/site-packages/airflow/example_dags/plugins/workday.py took 0.442 seconds
[2023-11-02T10:42:10.007-0500] {processor.py:157} INFO - Started process (PID=226) to work on /Users/dimz/EconWizard/hermesvirtual/lib/python3.8/site-packages/airflow/example_dags/plugins/workday.py
[2023-11-02T10:42:10.011-0500] {processor.py:829} INFO - Processing file /Users/dimz/EconWizard/hermesvirtual/lib/python3.8/site-packages/airflow/example_dags/plugins/workday.py for tasks to queue
[2023-11-02T10:42:10.011-0500] {logging_mixin.py:151} INFO - [2023-11-02T10:42:10.011-0500] {dagbag.py:536} INFO - Filling up the DagBag from /Users/dimz/EconWizard/hermesvirtual/lib/python3.8/site-packages/airflow/example_dags/plugins/workday.py
[2023-11-02T10:42:10.324-0500] {processor.py:841} WARNING - No viable dags retrieved from /Users/dimz/EconWizard/hermesvirtual/lib/python3.8/site-packages/airflow/example_dags/plugins/workday.py
[2023-11-02T10:42:10.427-0500] {processor.py:179} INFO - Processing /Users/dimz/EconWizard/hermesvirtual/lib/python3.8/site-packages/airflow/example_dags/plugins/workday.py took 0.421 seconds
[2023-11-02T10:43:12.038-0500] {processor.py:157} INFO - Started process (PID=424) to work on /Users/dimz/EconWizard/hermesvirtual/lib/python3.8/site-packages/airflow/example_dags/plugins/workday.py
[2023-11-02T10:43:12.043-0500] {processor.py:829} INFO - Processing file /Users/dimz/EconWizard/hermesvirtual/lib/python3.8/site-packages/airflow/example_dags/plugins/workday.py for tasks to queue
[2023-11-02T10:43:12.044-0500] {logging_mixin.py:151} INFO - [2023-11-02T10:43:12.043-0500] {dagbag.py:536} INFO - Filling up the DagBag from /Users/dimz/EconWizard/hermesvirtual/lib/python3.8/site-packages/airflow/example_dags/plugins/workday.py
[2023-11-02T10:43:12.380-0500] {processor.py:841} WARNING - No viable dags retrieved from /Users/dimz/EconWizard/hermesvirtual/lib/python3.8/site-packages/airflow/example_dags/plugins/workday.py
[2023-11-02T10:43:12.494-0500] {processor.py:179} INFO - Processing /Users/dimz/EconWizard/hermesvirtual/lib/python3.8/site-packages/airflow/example_dags/plugins/workday.py took 0.456 seconds
