[2023-11-01T21:35:37.433-0500] {processor.py:157} INFO - Started process (PID=87694) to work on /Users/dimz/EconWizard/hermesvirtual/lib/python3.8/site-packages/airflow/example_dags/example_sla_dag.py
[2023-11-01T21:35:37.437-0500] {processor.py:829} INFO - Processing file /Users/dimz/EconWizard/hermesvirtual/lib/python3.8/site-packages/airflow/example_dags/example_sla_dag.py for tasks to queue
[2023-11-01T21:35:37.437-0500] {logging_mixin.py:151} INFO - [2023-11-01T21:35:37.437-0500] {dagbag.py:536} INFO - Filling up the DagBag from /Users/dimz/EconWizard/hermesvirtual/lib/python3.8/site-packages/airflow/example_dags/example_sla_dag.py
[2023-11-01T21:35:37.471-0500] {processor.py:839} INFO - DAG(s) dict_keys(['example_sla_dag']) retrieved from /Users/dimz/EconWizard/hermesvirtual/lib/python3.8/site-packages/airflow/example_dags/example_sla_dag.py
[2023-11-01T21:35:37.801-0500] {logging_mixin.py:151} INFO - [2023-11-01T21:35:37.801-0500] {manager.py:499} INFO - Created Permission View: %s
[2023-11-01T21:35:37.805-0500] {logging_mixin.py:151} INFO - [2023-11-01T21:35:37.805-0500] {manager.py:499} INFO - Created Permission View: %s
[2023-11-01T21:35:37.808-0500] {logging_mixin.py:151} INFO - [2023-11-01T21:35:37.808-0500] {manager.py:499} INFO - Created Permission View: %s
[2023-11-01T21:35:37.808-0500] {logging_mixin.py:151} INFO - [2023-11-01T21:35:37.808-0500] {dag.py:2941} INFO - Sync 1 DAGs
[2023-11-01T21:35:37.814-0500] {logging_mixin.py:151} INFO - [2023-11-01T21:35:37.814-0500] {dag.py:2963} INFO - Creating ORM DAG for example_sla_dag
[2023-11-01T21:35:37.821-0500] {logging_mixin.py:151} INFO - [2023-11-01T21:35:37.821-0500] {dag.py:3722} INFO - Setting next_dagrun for example_sla_dag to 2023-11-02T02:32:00+00:00, run_after=2023-11-02T02:34:00+00:00
[2023-11-01T21:35:37.829-0500] {processor.py:179} INFO - Processing /Users/dimz/EconWizard/hermesvirtual/lib/python3.8/site-packages/airflow/example_dags/example_sla_dag.py took 0.397 seconds
[2023-11-01T21:37:07.741-0500] {processor.py:157} INFO - Started process (PID=87839) to work on /Users/dimz/EconWizard/hermesvirtual/lib/python3.8/site-packages/airflow/example_dags/example_sla_dag.py
[2023-11-01T21:37:07.746-0500] {processor.py:829} INFO - Processing file /Users/dimz/EconWizard/hermesvirtual/lib/python3.8/site-packages/airflow/example_dags/example_sla_dag.py for tasks to queue
[2023-11-01T21:37:07.746-0500] {logging_mixin.py:151} INFO - [2023-11-01T21:37:07.746-0500] {dagbag.py:536} INFO - Filling up the DagBag from /Users/dimz/EconWizard/hermesvirtual/lib/python3.8/site-packages/airflow/example_dags/example_sla_dag.py
[2023-11-01T21:37:07.782-0500] {processor.py:839} INFO - DAG(s) dict_keys(['example_sla_dag']) retrieved from /Users/dimz/EconWizard/hermesvirtual/lib/python3.8/site-packages/airflow/example_dags/example_sla_dag.py
[2023-11-01T21:37:07.881-0500] {logging_mixin.py:151} INFO - [2023-11-01T21:37:07.880-0500] {dag.py:2941} INFO - Sync 1 DAGs
[2023-11-01T21:37:07.892-0500] {logging_mixin.py:151} INFO - [2023-11-01T21:37:07.892-0500] {dag.py:3722} INFO - Setting next_dagrun for example_sla_dag to 2023-11-02T02:34:00+00:00, run_after=2023-11-02T02:36:00+00:00
[2023-11-01T21:37:07.902-0500] {processor.py:179} INFO - Processing /Users/dimz/EconWizard/hermesvirtual/lib/python3.8/site-packages/airflow/example_dags/example_sla_dag.py took 0.162 seconds
[2023-11-01T21:38:59.652-0500] {processor.py:157} INFO - Started process (PID=88042) to work on /Users/dimz/EconWizard/hermesvirtual/lib/python3.8/site-packages/airflow/example_dags/example_sla_dag.py
[2023-11-01T21:38:59.658-0500] {processor.py:829} INFO - Processing file /Users/dimz/EconWizard/hermesvirtual/lib/python3.8/site-packages/airflow/example_dags/example_sla_dag.py for tasks to queue
[2023-11-01T21:38:59.658-0500] {logging_mixin.py:151} INFO - [2023-11-01T21:38:59.658-0500] {dagbag.py:536} INFO - Filling up the DagBag from /Users/dimz/EconWizard/hermesvirtual/lib/python3.8/site-packages/airflow/example_dags/example_sla_dag.py
[2023-11-01T21:38:59.698-0500] {processor.py:839} INFO - DAG(s) dict_keys(['example_sla_dag']) retrieved from /Users/dimz/EconWizard/hermesvirtual/lib/python3.8/site-packages/airflow/example_dags/example_sla_dag.py
[2023-11-01T21:38:59.798-0500] {logging_mixin.py:151} INFO - [2023-11-01T21:38:59.798-0500] {dag.py:2941} INFO - Sync 1 DAGs
[2023-11-01T21:38:59.810-0500] {logging_mixin.py:151} INFO - [2023-11-01T21:38:59.810-0500] {dag.py:3722} INFO - Setting next_dagrun for example_sla_dag to 2023-11-02T02:36:00+00:00, run_after=2023-11-02T02:38:00+00:00
[2023-11-01T21:38:59.820-0500] {processor.py:179} INFO - Processing /Users/dimz/EconWizard/hermesvirtual/lib/python3.8/site-packages/airflow/example_dags/example_sla_dag.py took 0.168 seconds
[2023-11-01T21:40:57.861-0500] {processor.py:157} INFO - Started process (PID=88286) to work on /Users/dimz/EconWizard/hermesvirtual/lib/python3.8/site-packages/airflow/example_dags/example_sla_dag.py
[2023-11-01T21:40:57.866-0500] {processor.py:829} INFO - Processing file /Users/dimz/EconWizard/hermesvirtual/lib/python3.8/site-packages/airflow/example_dags/example_sla_dag.py for tasks to queue
[2023-11-01T21:40:57.867-0500] {logging_mixin.py:151} INFO - [2023-11-01T21:40:57.867-0500] {dagbag.py:536} INFO - Filling up the DagBag from /Users/dimz/EconWizard/hermesvirtual/lib/python3.8/site-packages/airflow/example_dags/example_sla_dag.py
[2023-11-01T21:40:57.902-0500] {processor.py:839} INFO - DAG(s) dict_keys(['example_sla_dag']) retrieved from /Users/dimz/EconWizard/hermesvirtual/lib/python3.8/site-packages/airflow/example_dags/example_sla_dag.py
[2023-11-01T21:40:58.000-0500] {logging_mixin.py:151} INFO - [2023-11-01T21:40:57.999-0500] {dag.py:2941} INFO - Sync 1 DAGs
[2023-11-01T21:40:58.011-0500] {logging_mixin.py:151} INFO - [2023-11-01T21:40:58.011-0500] {dag.py:3722} INFO - Setting next_dagrun for example_sla_dag to 2023-11-02T02:38:00+00:00, run_after=2023-11-02T02:40:00+00:00
[2023-11-01T21:40:58.021-0500] {processor.py:179} INFO - Processing /Users/dimz/EconWizard/hermesvirtual/lib/python3.8/site-packages/airflow/example_dags/example_sla_dag.py took 0.160 seconds
[2023-11-01T21:42:52.395-0500] {processor.py:157} INFO - Started process (PID=88568) to work on /Users/dimz/EconWizard/hermesvirtual/lib/python3.8/site-packages/airflow/example_dags/example_sla_dag.py
[2023-11-01T21:42:52.400-0500] {processor.py:829} INFO - Processing file /Users/dimz/EconWizard/hermesvirtual/lib/python3.8/site-packages/airflow/example_dags/example_sla_dag.py for tasks to queue
[2023-11-01T21:42:52.401-0500] {logging_mixin.py:151} INFO - [2023-11-01T21:42:52.400-0500] {dagbag.py:536} INFO - Filling up the DagBag from /Users/dimz/EconWizard/hermesvirtual/lib/python3.8/site-packages/airflow/example_dags/example_sla_dag.py
[2023-11-01T21:42:52.436-0500] {processor.py:839} INFO - DAG(s) dict_keys(['example_sla_dag']) retrieved from /Users/dimz/EconWizard/hermesvirtual/lib/python3.8/site-packages/airflow/example_dags/example_sla_dag.py
[2023-11-01T21:42:52.539-0500] {logging_mixin.py:151} INFO - [2023-11-01T21:42:52.539-0500] {dag.py:2941} INFO - Sync 1 DAGs
[2023-11-01T21:42:52.551-0500] {logging_mixin.py:151} INFO - [2023-11-01T21:42:52.551-0500] {dag.py:3722} INFO - Setting next_dagrun for example_sla_dag to 2023-11-02T02:40:00+00:00, run_after=2023-11-02T02:42:00+00:00
[2023-11-01T21:42:52.561-0500] {processor.py:179} INFO - Processing /Users/dimz/EconWizard/hermesvirtual/lib/python3.8/site-packages/airflow/example_dags/example_sla_dag.py took 0.167 seconds
[2023-11-01T21:44:44.630-0500] {processor.py:157} INFO - Started process (PID=88742) to work on /Users/dimz/EconWizard/hermesvirtual/lib/python3.8/site-packages/airflow/example_dags/example_sla_dag.py
[2023-11-01T21:44:44.635-0500] {processor.py:829} INFO - Processing file /Users/dimz/EconWizard/hermesvirtual/lib/python3.8/site-packages/airflow/example_dags/example_sla_dag.py for tasks to queue
[2023-11-01T21:44:44.636-0500] {logging_mixin.py:151} INFO - [2023-11-01T21:44:44.636-0500] {dagbag.py:536} INFO - Filling up the DagBag from /Users/dimz/EconWizard/hermesvirtual/lib/python3.8/site-packages/airflow/example_dags/example_sla_dag.py
[2023-11-01T21:44:44.670-0500] {processor.py:839} INFO - DAG(s) dict_keys(['example_sla_dag']) retrieved from /Users/dimz/EconWizard/hermesvirtual/lib/python3.8/site-packages/airflow/example_dags/example_sla_dag.py
[2023-11-01T21:44:44.767-0500] {logging_mixin.py:151} INFO - [2023-11-01T21:44:44.767-0500] {dag.py:2941} INFO - Sync 1 DAGs
[2023-11-01T21:44:44.779-0500] {logging_mixin.py:151} INFO - [2023-11-01T21:44:44.779-0500] {dag.py:3722} INFO - Setting next_dagrun for example_sla_dag to 2023-11-02T02:42:00+00:00, run_after=2023-11-02T02:44:00+00:00
[2023-11-01T21:44:44.789-0500] {processor.py:179} INFO - Processing /Users/dimz/EconWizard/hermesvirtual/lib/python3.8/site-packages/airflow/example_dags/example_sla_dag.py took 0.159 seconds
[2023-11-01T21:45:45.872-0500] {processor.py:157} INFO - Started process (PID=88833) to work on /Users/dimz/EconWizard/hermesvirtual/lib/python3.8/site-packages/airflow/example_dags/example_sla_dag.py
[2023-11-01T21:45:45.877-0500] {processor.py:829} INFO - Processing file /Users/dimz/EconWizard/hermesvirtual/lib/python3.8/site-packages/airflow/example_dags/example_sla_dag.py for tasks to queue
[2023-11-01T21:45:45.878-0500] {logging_mixin.py:151} INFO - [2023-11-01T21:45:45.878-0500] {dagbag.py:536} INFO - Filling up the DagBag from /Users/dimz/EconWizard/hermesvirtual/lib/python3.8/site-packages/airflow/example_dags/example_sla_dag.py
[2023-11-01T21:45:45.913-0500] {processor.py:839} INFO - DAG(s) dict_keys(['example_sla_dag']) retrieved from /Users/dimz/EconWizard/hermesvirtual/lib/python3.8/site-packages/airflow/example_dags/example_sla_dag.py
[2023-11-01T21:45:46.018-0500] {logging_mixin.py:151} INFO - [2023-11-01T21:45:46.018-0500] {dag.py:2941} INFO - Sync 1 DAGs
[2023-11-01T21:45:46.030-0500] {logging_mixin.py:151} INFO - [2023-11-01T21:45:46.030-0500] {dag.py:3722} INFO - Setting next_dagrun for example_sla_dag to 2023-11-02T02:42:00+00:00, run_after=2023-11-02T02:44:00+00:00
[2023-11-01T21:45:46.042-0500] {processor.py:179} INFO - Processing /Users/dimz/EconWizard/hermesvirtual/lib/python3.8/site-packages/airflow/example_dags/example_sla_dag.py took 0.171 seconds
[2023-11-01T21:46:49.351-0500] {processor.py:157} INFO - Started process (PID=88990) to work on /Users/dimz/EconWizard/hermesvirtual/lib/python3.8/site-packages/airflow/example_dags/example_sla_dag.py
[2023-11-01T21:46:49.356-0500] {processor.py:829} INFO - Processing file /Users/dimz/EconWizard/hermesvirtual/lib/python3.8/site-packages/airflow/example_dags/example_sla_dag.py for tasks to queue
[2023-11-01T21:46:49.356-0500] {logging_mixin.py:151} INFO - [2023-11-01T21:46:49.356-0500] {dagbag.py:536} INFO - Filling up the DagBag from /Users/dimz/EconWizard/hermesvirtual/lib/python3.8/site-packages/airflow/example_dags/example_sla_dag.py
[2023-11-01T21:46:49.392-0500] {processor.py:839} INFO - DAG(s) dict_keys(['example_sla_dag']) retrieved from /Users/dimz/EconWizard/hermesvirtual/lib/python3.8/site-packages/airflow/example_dags/example_sla_dag.py
[2023-11-01T21:46:49.493-0500] {logging_mixin.py:151} INFO - [2023-11-01T21:46:49.493-0500] {dag.py:2941} INFO - Sync 1 DAGs
[2023-11-01T21:46:49.506-0500] {logging_mixin.py:151} INFO - [2023-11-01T21:46:49.506-0500] {dag.py:3722} INFO - Setting next_dagrun for example_sla_dag to 2023-11-02T02:44:00+00:00, run_after=2023-11-02T02:46:00+00:00
[2023-11-01T21:46:49.516-0500] {processor.py:179} INFO - Processing /Users/dimz/EconWizard/hermesvirtual/lib/python3.8/site-packages/airflow/example_dags/example_sla_dag.py took 0.166 seconds
[2023-11-01T21:48:51.688-0500] {processor.py:157} INFO - Started process (PID=89161) to work on /Users/dimz/EconWizard/hermesvirtual/lib/python3.8/site-packages/airflow/example_dags/example_sla_dag.py
[2023-11-01T21:48:51.693-0500] {processor.py:829} INFO - Processing file /Users/dimz/EconWizard/hermesvirtual/lib/python3.8/site-packages/airflow/example_dags/example_sla_dag.py for tasks to queue
[2023-11-01T21:48:51.693-0500] {logging_mixin.py:151} INFO - [2023-11-01T21:48:51.693-0500] {dagbag.py:536} INFO - Filling up the DagBag from /Users/dimz/EconWizard/hermesvirtual/lib/python3.8/site-packages/airflow/example_dags/example_sla_dag.py
[2023-11-01T21:48:51.727-0500] {processor.py:839} INFO - DAG(s) dict_keys(['example_sla_dag']) retrieved from /Users/dimz/EconWizard/hermesvirtual/lib/python3.8/site-packages/airflow/example_dags/example_sla_dag.py
[2023-11-01T21:48:51.824-0500] {logging_mixin.py:151} INFO - [2023-11-01T21:48:51.823-0500] {dag.py:2941} INFO - Sync 1 DAGs
[2023-11-01T21:48:51.835-0500] {logging_mixin.py:151} INFO - [2023-11-01T21:48:51.835-0500] {dag.py:3722} INFO - Setting next_dagrun for example_sla_dag to 2023-11-02T02:46:00+00:00, run_after=2023-11-02T02:48:00+00:00
[2023-11-01T21:48:51.845-0500] {processor.py:179} INFO - Processing /Users/dimz/EconWizard/hermesvirtual/lib/python3.8/site-packages/airflow/example_dags/example_sla_dag.py took 0.157 seconds
[2023-11-01T21:50:50.418-0500] {processor.py:157} INFO - Started process (PID=89346) to work on /Users/dimz/EconWizard/hermesvirtual/lib/python3.8/site-packages/airflow/example_dags/example_sla_dag.py
[2023-11-01T21:50:50.423-0500] {processor.py:829} INFO - Processing file /Users/dimz/EconWizard/hermesvirtual/lib/python3.8/site-packages/airflow/example_dags/example_sla_dag.py for tasks to queue
[2023-11-01T21:50:50.423-0500] {logging_mixin.py:151} INFO - [2023-11-01T21:50:50.423-0500] {dagbag.py:536} INFO - Filling up the DagBag from /Users/dimz/EconWizard/hermesvirtual/lib/python3.8/site-packages/airflow/example_dags/example_sla_dag.py
[2023-11-01T21:50:50.457-0500] {processor.py:839} INFO - DAG(s) dict_keys(['example_sla_dag']) retrieved from /Users/dimz/EconWizard/hermesvirtual/lib/python3.8/site-packages/airflow/example_dags/example_sla_dag.py
[2023-11-01T21:50:50.559-0500] {logging_mixin.py:151} INFO - [2023-11-01T21:50:50.559-0500] {dag.py:2941} INFO - Sync 1 DAGs
[2023-11-01T21:50:50.572-0500] {logging_mixin.py:151} INFO - [2023-11-01T21:50:50.572-0500] {dag.py:3722} INFO - Setting next_dagrun for example_sla_dag to 2023-11-02T02:48:00+00:00, run_after=2023-11-02T02:50:00+00:00
[2023-11-01T21:50:50.585-0500] {processor.py:179} INFO - Processing /Users/dimz/EconWizard/hermesvirtual/lib/python3.8/site-packages/airflow/example_dags/example_sla_dag.py took 0.167 seconds
[2023-11-01T21:52:45.927-0500] {processor.py:157} INFO - Started process (PID=89506) to work on /Users/dimz/EconWizard/hermesvirtual/lib/python3.8/site-packages/airflow/example_dags/example_sla_dag.py
[2023-11-01T21:52:45.932-0500] {processor.py:829} INFO - Processing file /Users/dimz/EconWizard/hermesvirtual/lib/python3.8/site-packages/airflow/example_dags/example_sla_dag.py for tasks to queue
[2023-11-01T21:52:45.932-0500] {logging_mixin.py:151} INFO - [2023-11-01T21:52:45.932-0500] {dagbag.py:536} INFO - Filling up the DagBag from /Users/dimz/EconWizard/hermesvirtual/lib/python3.8/site-packages/airflow/example_dags/example_sla_dag.py
[2023-11-01T21:52:45.967-0500] {processor.py:839} INFO - DAG(s) dict_keys(['example_sla_dag']) retrieved from /Users/dimz/EconWizard/hermesvirtual/lib/python3.8/site-packages/airflow/example_dags/example_sla_dag.py
[2023-11-01T21:52:46.064-0500] {logging_mixin.py:151} INFO - [2023-11-01T21:52:46.064-0500] {dag.py:2941} INFO - Sync 1 DAGs
[2023-11-01T21:52:46.076-0500] {logging_mixin.py:151} INFO - [2023-11-01T21:52:46.076-0500] {dag.py:3722} INFO - Setting next_dagrun for example_sla_dag to 2023-11-02T02:50:00+00:00, run_after=2023-11-02T02:52:00+00:00
[2023-11-01T21:52:46.086-0500] {processor.py:179} INFO - Processing /Users/dimz/EconWizard/hermesvirtual/lib/python3.8/site-packages/airflow/example_dags/example_sla_dag.py took 0.159 seconds
[2023-11-01T21:54:47.640-0500] {processor.py:157} INFO - Started process (PID=89675) to work on /Users/dimz/EconWizard/hermesvirtual/lib/python3.8/site-packages/airflow/example_dags/example_sla_dag.py
[2023-11-01T21:54:47.645-0500] {processor.py:829} INFO - Processing file /Users/dimz/EconWizard/hermesvirtual/lib/python3.8/site-packages/airflow/example_dags/example_sla_dag.py for tasks to queue
[2023-11-01T21:54:47.646-0500] {logging_mixin.py:151} INFO - [2023-11-01T21:54:47.646-0500] {dagbag.py:536} INFO - Filling up the DagBag from /Users/dimz/EconWizard/hermesvirtual/lib/python3.8/site-packages/airflow/example_dags/example_sla_dag.py
[2023-11-01T21:54:47.684-0500] {processor.py:839} INFO - DAG(s) dict_keys(['example_sla_dag']) retrieved from /Users/dimz/EconWizard/hermesvirtual/lib/python3.8/site-packages/airflow/example_dags/example_sla_dag.py
[2023-11-01T21:54:47.790-0500] {logging_mixin.py:151} INFO - [2023-11-01T21:54:47.789-0500] {dag.py:2941} INFO - Sync 1 DAGs
[2023-11-01T21:54:47.803-0500] {logging_mixin.py:151} INFO - [2023-11-01T21:54:47.802-0500] {dag.py:3722} INFO - Setting next_dagrun for example_sla_dag to 2023-11-02T02:52:00+00:00, run_after=2023-11-02T02:54:00+00:00
[2023-11-01T21:54:47.814-0500] {processor.py:179} INFO - Processing /Users/dimz/EconWizard/hermesvirtual/lib/python3.8/site-packages/airflow/example_dags/example_sla_dag.py took 0.175 seconds
[2023-11-01T21:56:43.766-0500] {processor.py:157} INFO - Started process (PID=89815) to work on /Users/dimz/EconWizard/hermesvirtual/lib/python3.8/site-packages/airflow/example_dags/example_sla_dag.py
[2023-11-01T21:56:43.770-0500] {processor.py:829} INFO - Processing file /Users/dimz/EconWizard/hermesvirtual/lib/python3.8/site-packages/airflow/example_dags/example_sla_dag.py for tasks to queue
[2023-11-01T21:56:43.770-0500] {logging_mixin.py:151} INFO - [2023-11-01T21:56:43.770-0500] {dagbag.py:536} INFO - Filling up the DagBag from /Users/dimz/EconWizard/hermesvirtual/lib/python3.8/site-packages/airflow/example_dags/example_sla_dag.py
[2023-11-01T21:56:43.809-0500] {processor.py:839} INFO - DAG(s) dict_keys(['example_sla_dag']) retrieved from /Users/dimz/EconWizard/hermesvirtual/lib/python3.8/site-packages/airflow/example_dags/example_sla_dag.py
[2023-11-01T21:56:43.919-0500] {logging_mixin.py:151} INFO - [2023-11-01T21:56:43.919-0500] {dag.py:2941} INFO - Sync 1 DAGs
[2023-11-01T21:56:43.931-0500] {logging_mixin.py:151} INFO - [2023-11-01T21:56:43.931-0500] {dag.py:3722} INFO - Setting next_dagrun for example_sla_dag to 2023-11-02T02:54:00+00:00, run_after=2023-11-02T02:56:00+00:00
[2023-11-01T21:56:43.943-0500] {processor.py:179} INFO - Processing /Users/dimz/EconWizard/hermesvirtual/lib/python3.8/site-packages/airflow/example_dags/example_sla_dag.py took 0.178 seconds
[2023-11-01T21:58:46.265-0500] {processor.py:157} INFO - Started process (PID=90036) to work on /Users/dimz/EconWizard/hermesvirtual/lib/python3.8/site-packages/airflow/example_dags/example_sla_dag.py
[2023-11-01T21:58:46.270-0500] {processor.py:829} INFO - Processing file /Users/dimz/EconWizard/hermesvirtual/lib/python3.8/site-packages/airflow/example_dags/example_sla_dag.py for tasks to queue
[2023-11-01T21:58:46.270-0500] {logging_mixin.py:151} INFO - [2023-11-01T21:58:46.270-0500] {dagbag.py:536} INFO - Filling up the DagBag from /Users/dimz/EconWizard/hermesvirtual/lib/python3.8/site-packages/airflow/example_dags/example_sla_dag.py
[2023-11-01T21:58:46.303-0500] {processor.py:839} INFO - DAG(s) dict_keys(['example_sla_dag']) retrieved from /Users/dimz/EconWizard/hermesvirtual/lib/python3.8/site-packages/airflow/example_dags/example_sla_dag.py
[2023-11-01T21:58:46.401-0500] {logging_mixin.py:151} INFO - [2023-11-01T21:58:46.400-0500] {dag.py:2941} INFO - Sync 1 DAGs
[2023-11-01T21:58:46.412-0500] {logging_mixin.py:151} INFO - [2023-11-01T21:58:46.412-0500] {dag.py:3722} INFO - Setting next_dagrun for example_sla_dag to 2023-11-02T02:56:00+00:00, run_after=2023-11-02T02:58:00+00:00
[2023-11-01T21:58:46.422-0500] {processor.py:179} INFO - Processing /Users/dimz/EconWizard/hermesvirtual/lib/python3.8/site-packages/airflow/example_dags/example_sla_dag.py took 0.158 seconds
[2023-11-01T22:00:44.823-0500] {processor.py:157} INFO - Started process (PID=90202) to work on /Users/dimz/EconWizard/hermesvirtual/lib/python3.8/site-packages/airflow/example_dags/example_sla_dag.py
[2023-11-01T22:00:44.828-0500] {processor.py:829} INFO - Processing file /Users/dimz/EconWizard/hermesvirtual/lib/python3.8/site-packages/airflow/example_dags/example_sla_dag.py for tasks to queue
[2023-11-01T22:00:44.829-0500] {logging_mixin.py:151} INFO - [2023-11-01T22:00:44.828-0500] {dagbag.py:536} INFO - Filling up the DagBag from /Users/dimz/EconWizard/hermesvirtual/lib/python3.8/site-packages/airflow/example_dags/example_sla_dag.py
[2023-11-01T22:00:44.863-0500] {processor.py:839} INFO - DAG(s) dict_keys(['example_sla_dag']) retrieved from /Users/dimz/EconWizard/hermesvirtual/lib/python3.8/site-packages/airflow/example_dags/example_sla_dag.py
[2023-11-01T22:00:44.963-0500] {logging_mixin.py:151} INFO - [2023-11-01T22:00:44.963-0500] {dag.py:2941} INFO - Sync 1 DAGs
[2023-11-01T22:00:44.975-0500] {logging_mixin.py:151} INFO - [2023-11-01T22:00:44.975-0500] {dag.py:3722} INFO - Setting next_dagrun for example_sla_dag to 2023-11-02T02:58:00+00:00, run_after=2023-11-02T03:00:00+00:00
[2023-11-01T22:00:44.985-0500] {processor.py:179} INFO - Processing /Users/dimz/EconWizard/hermesvirtual/lib/python3.8/site-packages/airflow/example_dags/example_sla_dag.py took 0.162 seconds
[2023-11-01T22:02:46.703-0500] {processor.py:157} INFO - Started process (PID=90353) to work on /Users/dimz/EconWizard/hermesvirtual/lib/python3.8/site-packages/airflow/example_dags/example_sla_dag.py
[2023-11-01T22:02:46.708-0500] {processor.py:829} INFO - Processing file /Users/dimz/EconWizard/hermesvirtual/lib/python3.8/site-packages/airflow/example_dags/example_sla_dag.py for tasks to queue
[2023-11-01T22:02:46.709-0500] {logging_mixin.py:151} INFO - [2023-11-01T22:02:46.709-0500] {dagbag.py:536} INFO - Filling up the DagBag from /Users/dimz/EconWizard/hermesvirtual/lib/python3.8/site-packages/airflow/example_dags/example_sla_dag.py
[2023-11-01T22:02:46.747-0500] {processor.py:839} INFO - DAG(s) dict_keys(['example_sla_dag']) retrieved from /Users/dimz/EconWizard/hermesvirtual/lib/python3.8/site-packages/airflow/example_dags/example_sla_dag.py
[2023-11-01T22:02:46.861-0500] {logging_mixin.py:151} INFO - [2023-11-01T22:02:46.861-0500] {dag.py:2941} INFO - Sync 1 DAGs
[2023-11-01T22:02:46.874-0500] {logging_mixin.py:151} INFO - [2023-11-01T22:02:46.874-0500] {dag.py:3722} INFO - Setting next_dagrun for example_sla_dag to 2023-11-02T03:00:00+00:00, run_after=2023-11-02T03:02:00+00:00
[2023-11-01T22:02:46.887-0500] {processor.py:179} INFO - Processing /Users/dimz/EconWizard/hermesvirtual/lib/python3.8/site-packages/airflow/example_dags/example_sla_dag.py took 0.185 seconds
[2023-11-01T22:04:41.843-0500] {processor.py:157} INFO - Started process (PID=90544) to work on /Users/dimz/EconWizard/hermesvirtual/lib/python3.8/site-packages/airflow/example_dags/example_sla_dag.py
[2023-11-01T22:04:41.848-0500] {processor.py:829} INFO - Processing file /Users/dimz/EconWizard/hermesvirtual/lib/python3.8/site-packages/airflow/example_dags/example_sla_dag.py for tasks to queue
[2023-11-01T22:04:41.848-0500] {logging_mixin.py:151} INFO - [2023-11-01T22:04:41.848-0500] {dagbag.py:536} INFO - Filling up the DagBag from /Users/dimz/EconWizard/hermesvirtual/lib/python3.8/site-packages/airflow/example_dags/example_sla_dag.py
[2023-11-01T22:04:41.883-0500] {processor.py:839} INFO - DAG(s) dict_keys(['example_sla_dag']) retrieved from /Users/dimz/EconWizard/hermesvirtual/lib/python3.8/site-packages/airflow/example_dags/example_sla_dag.py
[2023-11-01T22:04:41.983-0500] {logging_mixin.py:151} INFO - [2023-11-01T22:04:41.982-0500] {dag.py:2941} INFO - Sync 1 DAGs
[2023-11-01T22:04:41.994-0500] {logging_mixin.py:151} INFO - [2023-11-01T22:04:41.994-0500] {dag.py:3722} INFO - Setting next_dagrun for example_sla_dag to 2023-11-02T03:02:00+00:00, run_after=2023-11-02T03:04:00+00:00
[2023-11-01T22:04:42.005-0500] {processor.py:179} INFO - Processing /Users/dimz/EconWizard/hermesvirtual/lib/python3.8/site-packages/airflow/example_dags/example_sla_dag.py took 0.162 seconds
[2023-11-01T22:06:42.234-0500] {processor.py:157} INFO - Started process (PID=90770) to work on /Users/dimz/EconWizard/hermesvirtual/lib/python3.8/site-packages/airflow/example_dags/example_sla_dag.py
[2023-11-01T22:06:42.239-0500] {processor.py:829} INFO - Processing file /Users/dimz/EconWizard/hermesvirtual/lib/python3.8/site-packages/airflow/example_dags/example_sla_dag.py for tasks to queue
[2023-11-01T22:06:42.239-0500] {logging_mixin.py:151} INFO - [2023-11-01T22:06:42.239-0500] {dagbag.py:536} INFO - Filling up the DagBag from /Users/dimz/EconWizard/hermesvirtual/lib/python3.8/site-packages/airflow/example_dags/example_sla_dag.py
[2023-11-01T22:06:42.273-0500] {processor.py:839} INFO - DAG(s) dict_keys(['example_sla_dag']) retrieved from /Users/dimz/EconWizard/hermesvirtual/lib/python3.8/site-packages/airflow/example_dags/example_sla_dag.py
[2023-11-01T22:06:42.371-0500] {logging_mixin.py:151} INFO - [2023-11-01T22:06:42.371-0500] {dag.py:2941} INFO - Sync 1 DAGs
[2023-11-01T22:06:42.382-0500] {logging_mixin.py:151} INFO - [2023-11-01T22:06:42.382-0500] {dag.py:3722} INFO - Setting next_dagrun for example_sla_dag to 2023-11-02T03:04:00+00:00, run_after=2023-11-02T03:06:00+00:00
[2023-11-01T22:06:42.392-0500] {processor.py:179} INFO - Processing /Users/dimz/EconWizard/hermesvirtual/lib/python3.8/site-packages/airflow/example_dags/example_sla_dag.py took 0.158 seconds
[2023-11-01T22:08:47.183-0500] {processor.py:157} INFO - Started process (PID=90998) to work on /Users/dimz/EconWizard/hermesvirtual/lib/python3.8/site-packages/airflow/example_dags/example_sla_dag.py
[2023-11-01T22:08:47.188-0500] {processor.py:829} INFO - Processing file /Users/dimz/EconWizard/hermesvirtual/lib/python3.8/site-packages/airflow/example_dags/example_sla_dag.py for tasks to queue
[2023-11-01T22:08:47.188-0500] {logging_mixin.py:151} INFO - [2023-11-01T22:08:47.188-0500] {dagbag.py:536} INFO - Filling up the DagBag from /Users/dimz/EconWizard/hermesvirtual/lib/python3.8/site-packages/airflow/example_dags/example_sla_dag.py
[2023-11-01T22:08:47.222-0500] {processor.py:839} INFO - DAG(s) dict_keys(['example_sla_dag']) retrieved from /Users/dimz/EconWizard/hermesvirtual/lib/python3.8/site-packages/airflow/example_dags/example_sla_dag.py
[2023-11-01T22:08:47.323-0500] {logging_mixin.py:151} INFO - [2023-11-01T22:08:47.322-0500] {dag.py:2941} INFO - Sync 1 DAGs
[2023-11-01T22:08:47.334-0500] {logging_mixin.py:151} INFO - [2023-11-01T22:08:47.334-0500] {dag.py:3722} INFO - Setting next_dagrun for example_sla_dag to 2023-11-02T03:06:00+00:00, run_after=2023-11-02T03:08:00+00:00
[2023-11-01T22:08:47.346-0500] {processor.py:179} INFO - Processing /Users/dimz/EconWizard/hermesvirtual/lib/python3.8/site-packages/airflow/example_dags/example_sla_dag.py took 0.163 seconds
[2023-11-01T22:13:20.967-0500] {processor.py:157} INFO - Started process (PID=91423) to work on /Users/dimz/EconWizard/hermesvirtual/lib/python3.8/site-packages/airflow/example_dags/example_sla_dag.py
[2023-11-01T22:13:20.972-0500] {processor.py:829} INFO - Processing file /Users/dimz/EconWizard/hermesvirtual/lib/python3.8/site-packages/airflow/example_dags/example_sla_dag.py for tasks to queue
[2023-11-01T22:13:20.972-0500] {logging_mixin.py:151} INFO - [2023-11-01T22:13:20.972-0500] {dagbag.py:536} INFO - Filling up the DagBag from /Users/dimz/EconWizard/hermesvirtual/lib/python3.8/site-packages/airflow/example_dags/example_sla_dag.py
[2023-11-01T22:13:21.008-0500] {processor.py:839} INFO - DAG(s) dict_keys(['example_sla_dag']) retrieved from /Users/dimz/EconWizard/hermesvirtual/lib/python3.8/site-packages/airflow/example_dags/example_sla_dag.py
[2023-11-01T22:13:21.342-0500] {logging_mixin.py:151} INFO - [2023-11-01T22:13:21.342-0500] {dag.py:2941} INFO - Sync 1 DAGs
[2023-11-01T22:13:21.353-0500] {logging_mixin.py:151} INFO - [2023-11-01T22:13:21.353-0500] {dag.py:3722} INFO - Setting next_dagrun for example_sla_dag to 2023-11-02T03:10:00+00:00, run_after=2023-11-02T03:12:00+00:00
[2023-11-01T22:13:21.364-0500] {processor.py:179} INFO - Processing /Users/dimz/EconWizard/hermesvirtual/lib/python3.8/site-packages/airflow/example_dags/example_sla_dag.py took 0.398 seconds
[2023-11-01T22:15:24.301-0500] {processor.py:157} INFO - Started process (PID=91631) to work on /Users/dimz/EconWizard/hermesvirtual/lib/python3.8/site-packages/airflow/example_dags/example_sla_dag.py
[2023-11-01T22:15:24.305-0500] {processor.py:829} INFO - Processing file /Users/dimz/EconWizard/hermesvirtual/lib/python3.8/site-packages/airflow/example_dags/example_sla_dag.py for tasks to queue
[2023-11-01T22:15:24.306-0500] {logging_mixin.py:151} INFO - [2023-11-01T22:15:24.306-0500] {dagbag.py:536} INFO - Filling up the DagBag from /Users/dimz/EconWizard/hermesvirtual/lib/python3.8/site-packages/airflow/example_dags/example_sla_dag.py
[2023-11-01T22:15:24.340-0500] {processor.py:839} INFO - DAG(s) dict_keys(['example_sla_dag']) retrieved from /Users/dimz/EconWizard/hermesvirtual/lib/python3.8/site-packages/airflow/example_dags/example_sla_dag.py
[2023-11-01T22:15:24.442-0500] {logging_mixin.py:151} INFO - [2023-11-01T22:15:24.442-0500] {dag.py:2941} INFO - Sync 1 DAGs
[2023-11-01T22:15:24.454-0500] {logging_mixin.py:151} INFO - [2023-11-01T22:15:24.454-0500] {dag.py:3722} INFO - Setting next_dagrun for example_sla_dag to 2023-11-02T03:12:00+00:00, run_after=2023-11-02T03:14:00+00:00
[2023-11-01T22:15:24.465-0500] {processor.py:179} INFO - Processing /Users/dimz/EconWizard/hermesvirtual/lib/python3.8/site-packages/airflow/example_dags/example_sla_dag.py took 0.164 seconds
[2023-11-01T22:17:23.307-0500] {processor.py:157} INFO - Started process (PID=91903) to work on /Users/dimz/EconWizard/hermesvirtual/lib/python3.8/site-packages/airflow/example_dags/example_sla_dag.py
[2023-11-01T22:17:23.312-0500] {processor.py:829} INFO - Processing file /Users/dimz/EconWizard/hermesvirtual/lib/python3.8/site-packages/airflow/example_dags/example_sla_dag.py for tasks to queue
[2023-11-01T22:17:23.313-0500] {logging_mixin.py:151} INFO - [2023-11-01T22:17:23.312-0500] {dagbag.py:536} INFO - Filling up the DagBag from /Users/dimz/EconWizard/hermesvirtual/lib/python3.8/site-packages/airflow/example_dags/example_sla_dag.py
[2023-11-01T22:17:23.348-0500] {processor.py:839} INFO - DAG(s) dict_keys(['example_sla_dag']) retrieved from /Users/dimz/EconWizard/hermesvirtual/lib/python3.8/site-packages/airflow/example_dags/example_sla_dag.py
[2023-11-01T22:17:23.449-0500] {logging_mixin.py:151} INFO - [2023-11-01T22:17:23.448-0500] {dag.py:2941} INFO - Sync 1 DAGs
[2023-11-01T22:17:23.461-0500] {logging_mixin.py:151} INFO - [2023-11-01T22:17:23.461-0500] {dag.py:3722} INFO - Setting next_dagrun for example_sla_dag to 2023-11-02T03:14:00+00:00, run_after=2023-11-02T03:16:00+00:00
[2023-11-01T22:17:23.472-0500] {processor.py:179} INFO - Processing /Users/dimz/EconWizard/hermesvirtual/lib/python3.8/site-packages/airflow/example_dags/example_sla_dag.py took 0.165 seconds
[2023-11-01T22:19:18.364-0500] {processor.py:157} INFO - Started process (PID=92190) to work on /Users/dimz/EconWizard/hermesvirtual/lib/python3.8/site-packages/airflow/example_dags/example_sla_dag.py
[2023-11-01T22:19:18.369-0500] {processor.py:829} INFO - Processing file /Users/dimz/EconWizard/hermesvirtual/lib/python3.8/site-packages/airflow/example_dags/example_sla_dag.py for tasks to queue
[2023-11-01T22:19:18.369-0500] {logging_mixin.py:151} INFO - [2023-11-01T22:19:18.369-0500] {dagbag.py:536} INFO - Filling up the DagBag from /Users/dimz/EconWizard/hermesvirtual/lib/python3.8/site-packages/airflow/example_dags/example_sla_dag.py
[2023-11-01T22:19:18.403-0500] {processor.py:839} INFO - DAG(s) dict_keys(['example_sla_dag']) retrieved from /Users/dimz/EconWizard/hermesvirtual/lib/python3.8/site-packages/airflow/example_dags/example_sla_dag.py
[2023-11-01T22:19:18.500-0500] {logging_mixin.py:151} INFO - [2023-11-01T22:19:18.500-0500] {dag.py:2941} INFO - Sync 1 DAGs
[2023-11-01T22:19:18.512-0500] {logging_mixin.py:151} INFO - [2023-11-01T22:19:18.511-0500] {dag.py:3722} INFO - Setting next_dagrun for example_sla_dag to 2023-11-02T03:16:00+00:00, run_after=2023-11-02T03:18:00+00:00
[2023-11-01T22:19:18.522-0500] {processor.py:179} INFO - Processing /Users/dimz/EconWizard/hermesvirtual/lib/python3.8/site-packages/airflow/example_dags/example_sla_dag.py took 0.158 seconds
[2023-11-01T22:21:05.821-0500] {processor.py:157} INFO - Started process (PID=92438) to work on /Users/dimz/EconWizard/hermesvirtual/lib/python3.8/site-packages/airflow/example_dags/example_sla_dag.py
[2023-11-01T22:21:05.826-0500] {processor.py:829} INFO - Processing file /Users/dimz/EconWizard/hermesvirtual/lib/python3.8/site-packages/airflow/example_dags/example_sla_dag.py for tasks to queue
[2023-11-01T22:21:05.827-0500] {logging_mixin.py:151} INFO - [2023-11-01T22:21:05.826-0500] {dagbag.py:536} INFO - Filling up the DagBag from /Users/dimz/EconWizard/hermesvirtual/lib/python3.8/site-packages/airflow/example_dags/example_sla_dag.py
[2023-11-01T22:21:05.864-0500] {processor.py:839} INFO - DAG(s) dict_keys(['example_sla_dag']) retrieved from /Users/dimz/EconWizard/hermesvirtual/lib/python3.8/site-packages/airflow/example_dags/example_sla_dag.py
[2023-11-01T22:21:05.970-0500] {logging_mixin.py:151} INFO - [2023-11-01T22:21:05.970-0500] {dag.py:2941} INFO - Sync 1 DAGs
[2023-11-01T22:21:05.982-0500] {logging_mixin.py:151} INFO - [2023-11-01T22:21:05.982-0500] {dag.py:3722} INFO - Setting next_dagrun for example_sla_dag to 2023-11-02T03:18:00+00:00, run_after=2023-11-02T03:20:00+00:00
[2023-11-01T22:21:05.993-0500] {processor.py:179} INFO - Processing /Users/dimz/EconWizard/hermesvirtual/lib/python3.8/site-packages/airflow/example_dags/example_sla_dag.py took 0.173 seconds
[2023-11-01T22:23:06.121-0500] {processor.py:157} INFO - Started process (PID=92780) to work on /Users/dimz/EconWizard/hermesvirtual/lib/python3.8/site-packages/airflow/example_dags/example_sla_dag.py
[2023-11-01T22:23:06.126-0500] {processor.py:829} INFO - Processing file /Users/dimz/EconWizard/hermesvirtual/lib/python3.8/site-packages/airflow/example_dags/example_sla_dag.py for tasks to queue
[2023-11-01T22:23:06.126-0500] {logging_mixin.py:151} INFO - [2023-11-01T22:23:06.126-0500] {dagbag.py:536} INFO - Filling up the DagBag from /Users/dimz/EconWizard/hermesvirtual/lib/python3.8/site-packages/airflow/example_dags/example_sla_dag.py
[2023-11-01T22:23:06.161-0500] {processor.py:839} INFO - DAG(s) dict_keys(['example_sla_dag']) retrieved from /Users/dimz/EconWizard/hermesvirtual/lib/python3.8/site-packages/airflow/example_dags/example_sla_dag.py
[2023-11-01T22:23:06.263-0500] {logging_mixin.py:151} INFO - [2023-11-01T22:23:06.262-0500] {dag.py:2941} INFO - Sync 1 DAGs
[2023-11-01T22:23:06.274-0500] {logging_mixin.py:151} INFO - [2023-11-01T22:23:06.274-0500] {dag.py:3722} INFO - Setting next_dagrun for example_sla_dag to 2023-11-02T03:20:00+00:00, run_after=2023-11-02T03:22:00+00:00
[2023-11-01T22:23:06.285-0500] {processor.py:179} INFO - Processing /Users/dimz/EconWizard/hermesvirtual/lib/python3.8/site-packages/airflow/example_dags/example_sla_dag.py took 0.164 seconds
[2023-11-02T02:36:29.338-0500] {processor.py:157} INFO - Started process (PID=93065) to work on /Users/dimz/EconWizard/hermesvirtual/lib/python3.8/site-packages/airflow/example_dags/example_sla_dag.py
[2023-11-02T02:36:29.342-0500] {processor.py:829} INFO - Processing file /Users/dimz/EconWizard/hermesvirtual/lib/python3.8/site-packages/airflow/example_dags/example_sla_dag.py for tasks to queue
[2023-11-02T02:36:29.343-0500] {logging_mixin.py:151} INFO - [2023-11-02T02:36:29.343-0500] {dagbag.py:536} INFO - Filling up the DagBag from /Users/dimz/EconWizard/hermesvirtual/lib/python3.8/site-packages/airflow/example_dags/example_sla_dag.py
[2023-11-02T02:36:29.377-0500] {processor.py:839} INFO - DAG(s) dict_keys(['example_sla_dag']) retrieved from /Users/dimz/EconWizard/hermesvirtual/lib/python3.8/site-packages/airflow/example_dags/example_sla_dag.py
[2023-11-02T02:36:29.475-0500] {logging_mixin.py:151} INFO - [2023-11-02T02:36:29.475-0500] {dag.py:2941} INFO - Sync 1 DAGs
[2023-11-02T02:36:29.486-0500] {logging_mixin.py:151} INFO - [2023-11-02T02:36:29.486-0500] {dag.py:3722} INFO - Setting next_dagrun for example_sla_dag to 2023-11-02T07:34:00+00:00, run_after=2023-11-02T07:36:00+00:00
[2023-11-02T02:36:29.496-0500] {processor.py:179} INFO - Processing /Users/dimz/EconWizard/hermesvirtual/lib/python3.8/site-packages/airflow/example_dags/example_sla_dag.py took 0.159 seconds
[2023-11-02T06:53:30.429-0500] {processor.py:157} INFO - Started process (PID=93270) to work on /Users/dimz/EconWizard/hermesvirtual/lib/python3.8/site-packages/airflow/example_dags/example_sla_dag.py
[2023-11-02T06:53:30.433-0500] {processor.py:829} INFO - Processing file /Users/dimz/EconWizard/hermesvirtual/lib/python3.8/site-packages/airflow/example_dags/example_sla_dag.py for tasks to queue
[2023-11-02T06:53:30.434-0500] {logging_mixin.py:151} INFO - [2023-11-02T06:53:30.434-0500] {dagbag.py:536} INFO - Filling up the DagBag from /Users/dimz/EconWizard/hermesvirtual/lib/python3.8/site-packages/airflow/example_dags/example_sla_dag.py
[2023-11-02T06:53:30.469-0500] {processor.py:839} INFO - DAG(s) dict_keys(['example_sla_dag']) retrieved from /Users/dimz/EconWizard/hermesvirtual/lib/python3.8/site-packages/airflow/example_dags/example_sla_dag.py
[2023-11-02T06:53:30.568-0500] {logging_mixin.py:151} INFO - [2023-11-02T06:53:30.568-0500] {dag.py:2941} INFO - Sync 1 DAGs
[2023-11-02T06:53:30.580-0500] {logging_mixin.py:151} INFO - [2023-11-02T06:53:30.580-0500] {dag.py:3722} INFO - Setting next_dagrun for example_sla_dag to 2023-11-02T11:50:00+00:00, run_after=2023-11-02T11:52:00+00:00
[2023-11-02T06:53:30.590-0500] {processor.py:179} INFO - Processing /Users/dimz/EconWizard/hermesvirtual/lib/python3.8/site-packages/airflow/example_dags/example_sla_dag.py took 0.161 seconds
[2023-11-02T08:28:43.539-0500] {processor.py:157} INFO - Started process (PID=93387) to work on /Users/dimz/EconWizard/hermesvirtual/lib/python3.8/site-packages/airflow/example_dags/example_sla_dag.py
[2023-11-02T08:28:43.544-0500] {processor.py:829} INFO - Processing file /Users/dimz/EconWizard/hermesvirtual/lib/python3.8/site-packages/airflow/example_dags/example_sla_dag.py for tasks to queue
[2023-11-02T08:28:43.544-0500] {logging_mixin.py:151} INFO - [2023-11-02T08:28:43.544-0500] {dagbag.py:536} INFO - Filling up the DagBag from /Users/dimz/EconWizard/hermesvirtual/lib/python3.8/site-packages/airflow/example_dags/example_sla_dag.py
[2023-11-02T08:28:43.578-0500] {processor.py:839} INFO - DAG(s) dict_keys(['example_sla_dag']) retrieved from /Users/dimz/EconWizard/hermesvirtual/lib/python3.8/site-packages/airflow/example_dags/example_sla_dag.py
[2023-11-02T08:28:43.675-0500] {logging_mixin.py:151} INFO - [2023-11-02T08:28:43.675-0500] {dag.py:2941} INFO - Sync 1 DAGs
[2023-11-02T08:28:43.686-0500] {logging_mixin.py:151} INFO - [2023-11-02T08:28:43.686-0500] {dag.py:3722} INFO - Setting next_dagrun for example_sla_dag to 2023-11-02T13:26:00+00:00, run_after=2023-11-02T13:28:00+00:00
[2023-11-02T08:28:43.696-0500] {processor.py:179} INFO - Processing /Users/dimz/EconWizard/hermesvirtual/lib/python3.8/site-packages/airflow/example_dags/example_sla_dag.py took 0.158 seconds
[2023-11-02T08:37:55.092-0500] {processor.py:157} INFO - Started process (PID=93483) to work on /Users/dimz/EconWizard/hermesvirtual/lib/python3.8/site-packages/airflow/example_dags/example_sla_dag.py
[2023-11-02T08:37:55.097-0500] {processor.py:829} INFO - Processing file /Users/dimz/EconWizard/hermesvirtual/lib/python3.8/site-packages/airflow/example_dags/example_sla_dag.py for tasks to queue
[2023-11-02T08:37:55.097-0500] {logging_mixin.py:151} INFO - [2023-11-02T08:37:55.097-0500] {dagbag.py:536} INFO - Filling up the DagBag from /Users/dimz/EconWizard/hermesvirtual/lib/python3.8/site-packages/airflow/example_dags/example_sla_dag.py
[2023-11-02T08:37:55.131-0500] {processor.py:839} INFO - DAG(s) dict_keys(['example_sla_dag']) retrieved from /Users/dimz/EconWizard/hermesvirtual/lib/python3.8/site-packages/airflow/example_dags/example_sla_dag.py
[2023-11-02T08:37:55.229-0500] {logging_mixin.py:151} INFO - [2023-11-02T08:37:55.228-0500] {dag.py:2941} INFO - Sync 1 DAGs
[2023-11-02T08:37:55.240-0500] {logging_mixin.py:151} INFO - [2023-11-02T08:37:55.240-0500] {dag.py:3722} INFO - Setting next_dagrun for example_sla_dag to 2023-11-02T13:34:00+00:00, run_after=2023-11-02T13:36:00+00:00
[2023-11-02T08:37:55.250-0500] {processor.py:179} INFO - Processing /Users/dimz/EconWizard/hermesvirtual/lib/python3.8/site-packages/airflow/example_dags/example_sla_dag.py took 0.159 seconds
[2023-11-02T09:02:55.512-0500] {processor.py:157} INFO - Started process (PID=93579) to work on /Users/dimz/EconWizard/hermesvirtual/lib/python3.8/site-packages/airflow/example_dags/example_sla_dag.py
[2023-11-02T09:02:55.517-0500] {processor.py:829} INFO - Processing file /Users/dimz/EconWizard/hermesvirtual/lib/python3.8/site-packages/airflow/example_dags/example_sla_dag.py for tasks to queue
[2023-11-02T09:02:55.517-0500] {logging_mixin.py:151} INFO - [2023-11-02T09:02:55.517-0500] {dagbag.py:536} INFO - Filling up the DagBag from /Users/dimz/EconWizard/hermesvirtual/lib/python3.8/site-packages/airflow/example_dags/example_sla_dag.py
[2023-11-02T09:02:55.572-0500] {processor.py:839} INFO - DAG(s) dict_keys(['example_sla_dag']) retrieved from /Users/dimz/EconWizard/hermesvirtual/lib/python3.8/site-packages/airflow/example_dags/example_sla_dag.py
[2023-11-02T09:02:55.695-0500] {logging_mixin.py:151} INFO - [2023-11-02T09:02:55.695-0500] {dag.py:2941} INFO - Sync 1 DAGs
[2023-11-02T09:02:55.708-0500] {logging_mixin.py:151} INFO - [2023-11-02T09:02:55.708-0500] {dag.py:3722} INFO - Setting next_dagrun for example_sla_dag to 2023-11-02T14:00:00+00:00, run_after=2023-11-02T14:02:00+00:00
[2023-11-02T09:02:55.719-0500] {processor.py:179} INFO - Processing /Users/dimz/EconWizard/hermesvirtual/lib/python3.8/site-packages/airflow/example_dags/example_sla_dag.py took 0.208 seconds
[2023-11-02T09:04:21.963-0500] {processor.py:157} INFO - Started process (PID=93704) to work on /Users/dimz/EconWizard/hermesvirtual/lib/python3.8/site-packages/airflow/example_dags/example_sla_dag.py
[2023-11-02T09:04:21.968-0500] {processor.py:829} INFO - Processing file /Users/dimz/EconWizard/hermesvirtual/lib/python3.8/site-packages/airflow/example_dags/example_sla_dag.py for tasks to queue
[2023-11-02T09:04:21.968-0500] {logging_mixin.py:151} INFO - [2023-11-02T09:04:21.968-0500] {dagbag.py:536} INFO - Filling up the DagBag from /Users/dimz/EconWizard/hermesvirtual/lib/python3.8/site-packages/airflow/example_dags/example_sla_dag.py
[2023-11-02T09:04:22.002-0500] {processor.py:839} INFO - DAG(s) dict_keys(['example_sla_dag']) retrieved from /Users/dimz/EconWizard/hermesvirtual/lib/python3.8/site-packages/airflow/example_dags/example_sla_dag.py
[2023-11-02T09:04:22.099-0500] {logging_mixin.py:151} INFO - [2023-11-02T09:04:22.099-0500] {dag.py:2941} INFO - Sync 1 DAGs
[2023-11-02T09:04:22.110-0500] {logging_mixin.py:151} INFO - [2023-11-02T09:04:22.110-0500] {dag.py:3722} INFO - Setting next_dagrun for example_sla_dag to 2023-11-02T14:02:00+00:00, run_after=2023-11-02T14:04:00+00:00
[2023-11-02T09:04:22.120-0500] {processor.py:179} INFO - Processing /Users/dimz/EconWizard/hermesvirtual/lib/python3.8/site-packages/airflow/example_dags/example_sla_dag.py took 0.158 seconds
[2023-11-02T09:06:16.466-0500] {processor.py:157} INFO - Started process (PID=93856) to work on /Users/dimz/EconWizard/hermesvirtual/lib/python3.8/site-packages/airflow/example_dags/example_sla_dag.py
[2023-11-02T09:06:16.471-0500] {processor.py:829} INFO - Processing file /Users/dimz/EconWizard/hermesvirtual/lib/python3.8/site-packages/airflow/example_dags/example_sla_dag.py for tasks to queue
[2023-11-02T09:06:16.472-0500] {logging_mixin.py:151} INFO - [2023-11-02T09:06:16.472-0500] {dagbag.py:536} INFO - Filling up the DagBag from /Users/dimz/EconWizard/hermesvirtual/lib/python3.8/site-packages/airflow/example_dags/example_sla_dag.py
[2023-11-02T09:06:16.509-0500] {processor.py:839} INFO - DAG(s) dict_keys(['example_sla_dag']) retrieved from /Users/dimz/EconWizard/hermesvirtual/lib/python3.8/site-packages/airflow/example_dags/example_sla_dag.py
[2023-11-02T09:06:16.609-0500] {logging_mixin.py:151} INFO - [2023-11-02T09:06:16.609-0500] {dag.py:2941} INFO - Sync 1 DAGs
[2023-11-02T09:06:16.620-0500] {logging_mixin.py:151} INFO - [2023-11-02T09:06:16.620-0500] {dag.py:3722} INFO - Setting next_dagrun for example_sla_dag to 2023-11-02T14:04:00+00:00, run_after=2023-11-02T14:06:00+00:00
[2023-11-02T09:06:16.630-0500] {processor.py:179} INFO - Processing /Users/dimz/EconWizard/hermesvirtual/lib/python3.8/site-packages/airflow/example_dags/example_sla_dag.py took 0.165 seconds
[2023-11-02T09:08:21.869-0500] {processor.py:157} INFO - Started process (PID=94007) to work on /Users/dimz/EconWizard/hermesvirtual/lib/python3.8/site-packages/airflow/example_dags/example_sla_dag.py
[2023-11-02T09:08:21.874-0500] {processor.py:829} INFO - Processing file /Users/dimz/EconWizard/hermesvirtual/lib/python3.8/site-packages/airflow/example_dags/example_sla_dag.py for tasks to queue
[2023-11-02T09:08:21.875-0500] {logging_mixin.py:151} INFO - [2023-11-02T09:08:21.874-0500] {dagbag.py:536} INFO - Filling up the DagBag from /Users/dimz/EconWizard/hermesvirtual/lib/python3.8/site-packages/airflow/example_dags/example_sla_dag.py
[2023-11-02T09:08:21.913-0500] {processor.py:839} INFO - DAG(s) dict_keys(['example_sla_dag']) retrieved from /Users/dimz/EconWizard/hermesvirtual/lib/python3.8/site-packages/airflow/example_dags/example_sla_dag.py
[2023-11-02T09:08:22.016-0500] {logging_mixin.py:151} INFO - [2023-11-02T09:08:22.015-0500] {dag.py:2941} INFO - Sync 1 DAGs
[2023-11-02T09:08:22.030-0500] {logging_mixin.py:151} INFO - [2023-11-02T09:08:22.030-0500] {dag.py:3722} INFO - Setting next_dagrun for example_sla_dag to 2023-11-02T14:06:00+00:00, run_after=2023-11-02T14:08:00+00:00
[2023-11-02T09:08:22.041-0500] {processor.py:179} INFO - Processing /Users/dimz/EconWizard/hermesvirtual/lib/python3.8/site-packages/airflow/example_dags/example_sla_dag.py took 0.173 seconds
[2023-11-02T09:10:29.461-0500] {processor.py:157} INFO - Started process (PID=94314) to work on /Users/dimz/EconWizard/hermesvirtual/lib/python3.8/site-packages/airflow/example_dags/example_sla_dag.py
[2023-11-02T09:10:29.467-0500] {processor.py:829} INFO - Processing file /Users/dimz/EconWizard/hermesvirtual/lib/python3.8/site-packages/airflow/example_dags/example_sla_dag.py for tasks to queue
[2023-11-02T09:10:29.467-0500] {logging_mixin.py:151} INFO - [2023-11-02T09:10:29.467-0500] {dagbag.py:536} INFO - Filling up the DagBag from /Users/dimz/EconWizard/hermesvirtual/lib/python3.8/site-packages/airflow/example_dags/example_sla_dag.py
[2023-11-02T09:10:29.501-0500] {processor.py:839} INFO - DAG(s) dict_keys(['example_sla_dag']) retrieved from /Users/dimz/EconWizard/hermesvirtual/lib/python3.8/site-packages/airflow/example_dags/example_sla_dag.py
[2023-11-02T09:10:29.599-0500] {logging_mixin.py:151} INFO - [2023-11-02T09:10:29.599-0500] {dag.py:2941} INFO - Sync 1 DAGs
[2023-11-02T09:10:29.611-0500] {logging_mixin.py:151} INFO - [2023-11-02T09:10:29.610-0500] {dag.py:3722} INFO - Setting next_dagrun for example_sla_dag to 2023-11-02T14:08:00+00:00, run_after=2023-11-02T14:10:00+00:00
[2023-11-02T09:10:29.621-0500] {processor.py:179} INFO - Processing /Users/dimz/EconWizard/hermesvirtual/lib/python3.8/site-packages/airflow/example_dags/example_sla_dag.py took 0.160 seconds
[2023-11-02T09:12:37.525-0500] {processor.py:157} INFO - Started process (PID=94488) to work on /Users/dimz/EconWizard/hermesvirtual/lib/python3.8/site-packages/airflow/example_dags/example_sla_dag.py
[2023-11-02T09:12:37.531-0500] {processor.py:829} INFO - Processing file /Users/dimz/EconWizard/hermesvirtual/lib/python3.8/site-packages/airflow/example_dags/example_sla_dag.py for tasks to queue
[2023-11-02T09:12:37.531-0500] {logging_mixin.py:151} INFO - [2023-11-02T09:12:37.531-0500] {dagbag.py:536} INFO - Filling up the DagBag from /Users/dimz/EconWizard/hermesvirtual/lib/python3.8/site-packages/airflow/example_dags/example_sla_dag.py
[2023-11-02T09:12:37.566-0500] {processor.py:839} INFO - DAG(s) dict_keys(['example_sla_dag']) retrieved from /Users/dimz/EconWizard/hermesvirtual/lib/python3.8/site-packages/airflow/example_dags/example_sla_dag.py
[2023-11-02T09:12:37.664-0500] {logging_mixin.py:151} INFO - [2023-11-02T09:12:37.664-0500] {dag.py:2941} INFO - Sync 1 DAGs
[2023-11-02T09:12:37.675-0500] {logging_mixin.py:151} INFO - [2023-11-02T09:12:37.675-0500] {dag.py:3722} INFO - Setting next_dagrun for example_sla_dag to 2023-11-02T14:10:00+00:00, run_after=2023-11-02T14:12:00+00:00
[2023-11-02T09:12:37.685-0500] {processor.py:179} INFO - Processing /Users/dimz/EconWizard/hermesvirtual/lib/python3.8/site-packages/airflow/example_dags/example_sla_dag.py took 0.161 seconds
[2023-11-02T09:14:44.497-0500] {processor.py:157} INFO - Started process (PID=94622) to work on /Users/dimz/EconWizard/hermesvirtual/lib/python3.8/site-packages/airflow/example_dags/example_sla_dag.py
[2023-11-02T09:14:44.502-0500] {processor.py:829} INFO - Processing file /Users/dimz/EconWizard/hermesvirtual/lib/python3.8/site-packages/airflow/example_dags/example_sla_dag.py for tasks to queue
[2023-11-02T09:14:44.502-0500] {logging_mixin.py:151} INFO - [2023-11-02T09:14:44.502-0500] {dagbag.py:536} INFO - Filling up the DagBag from /Users/dimz/EconWizard/hermesvirtual/lib/python3.8/site-packages/airflow/example_dags/example_sla_dag.py
[2023-11-02T09:14:44.536-0500] {processor.py:839} INFO - DAG(s) dict_keys(['example_sla_dag']) retrieved from /Users/dimz/EconWizard/hermesvirtual/lib/python3.8/site-packages/airflow/example_dags/example_sla_dag.py
[2023-11-02T09:14:44.634-0500] {logging_mixin.py:151} INFO - [2023-11-02T09:14:44.633-0500] {dag.py:2941} INFO - Sync 1 DAGs
[2023-11-02T09:14:44.645-0500] {logging_mixin.py:151} INFO - [2023-11-02T09:14:44.645-0500] {dag.py:3722} INFO - Setting next_dagrun for example_sla_dag to 2023-11-02T14:12:00+00:00, run_after=2023-11-02T14:14:00+00:00
[2023-11-02T09:14:44.655-0500] {processor.py:179} INFO - Processing /Users/dimz/EconWizard/hermesvirtual/lib/python3.8/site-packages/airflow/example_dags/example_sla_dag.py took 0.158 seconds
[2023-11-02T09:16:48.708-0500] {processor.py:157} INFO - Started process (PID=94762) to work on /Users/dimz/EconWizard/hermesvirtual/lib/python3.8/site-packages/airflow/example_dags/example_sla_dag.py
[2023-11-02T09:16:48.713-0500] {processor.py:829} INFO - Processing file /Users/dimz/EconWizard/hermesvirtual/lib/python3.8/site-packages/airflow/example_dags/example_sla_dag.py for tasks to queue
[2023-11-02T09:16:48.713-0500] {logging_mixin.py:151} INFO - [2023-11-02T09:16:48.713-0500] {dagbag.py:536} INFO - Filling up the DagBag from /Users/dimz/EconWizard/hermesvirtual/lib/python3.8/site-packages/airflow/example_dags/example_sla_dag.py
[2023-11-02T09:16:48.749-0500] {processor.py:839} INFO - DAG(s) dict_keys(['example_sla_dag']) retrieved from /Users/dimz/EconWizard/hermesvirtual/lib/python3.8/site-packages/airflow/example_dags/example_sla_dag.py
[2023-11-02T09:16:48.850-0500] {logging_mixin.py:151} INFO - [2023-11-02T09:16:48.849-0500] {dag.py:2941} INFO - Sync 1 DAGs
[2023-11-02T09:16:48.862-0500] {logging_mixin.py:151} INFO - [2023-11-02T09:16:48.862-0500] {dag.py:3722} INFO - Setting next_dagrun for example_sla_dag to 2023-11-02T14:14:00+00:00, run_after=2023-11-02T14:16:00+00:00
[2023-11-02T09:16:48.872-0500] {processor.py:179} INFO - Processing /Users/dimz/EconWizard/hermesvirtual/lib/python3.8/site-packages/airflow/example_dags/example_sla_dag.py took 0.165 seconds
[2023-11-02T09:18:54.042-0500] {processor.py:157} INFO - Started process (PID=94916) to work on /Users/dimz/EconWizard/hermesvirtual/lib/python3.8/site-packages/airflow/example_dags/example_sla_dag.py
[2023-11-02T09:18:54.047-0500] {processor.py:829} INFO - Processing file /Users/dimz/EconWizard/hermesvirtual/lib/python3.8/site-packages/airflow/example_dags/example_sla_dag.py for tasks to queue
[2023-11-02T09:18:54.047-0500] {logging_mixin.py:151} INFO - [2023-11-02T09:18:54.047-0500] {dagbag.py:536} INFO - Filling up the DagBag from /Users/dimz/EconWizard/hermesvirtual/lib/python3.8/site-packages/airflow/example_dags/example_sla_dag.py
[2023-11-02T09:18:54.082-0500] {processor.py:839} INFO - DAG(s) dict_keys(['example_sla_dag']) retrieved from /Users/dimz/EconWizard/hermesvirtual/lib/python3.8/site-packages/airflow/example_dags/example_sla_dag.py
[2023-11-02T09:18:54.183-0500] {logging_mixin.py:151} INFO - [2023-11-02T09:18:54.182-0500] {dag.py:2941} INFO - Sync 1 DAGs
[2023-11-02T09:18:54.194-0500] {logging_mixin.py:151} INFO - [2023-11-02T09:18:54.194-0500] {dag.py:3722} INFO - Setting next_dagrun for example_sla_dag to 2023-11-02T14:16:00+00:00, run_after=2023-11-02T14:18:00+00:00
[2023-11-02T09:18:54.204-0500] {processor.py:179} INFO - Processing /Users/dimz/EconWizard/hermesvirtual/lib/python3.8/site-packages/airflow/example_dags/example_sla_dag.py took 0.163 seconds
[2023-11-02T09:21:01.590-0500] {processor.py:157} INFO - Started process (PID=95091) to work on /Users/dimz/EconWizard/hermesvirtual/lib/python3.8/site-packages/airflow/example_dags/example_sla_dag.py
[2023-11-02T09:21:01.595-0500] {processor.py:829} INFO - Processing file /Users/dimz/EconWizard/hermesvirtual/lib/python3.8/site-packages/airflow/example_dags/example_sla_dag.py for tasks to queue
[2023-11-02T09:21:01.596-0500] {logging_mixin.py:151} INFO - [2023-11-02T09:21:01.596-0500] {dagbag.py:536} INFO - Filling up the DagBag from /Users/dimz/EconWizard/hermesvirtual/lib/python3.8/site-packages/airflow/example_dags/example_sla_dag.py
[2023-11-02T09:21:01.635-0500] {processor.py:839} INFO - DAG(s) dict_keys(['example_sla_dag']) retrieved from /Users/dimz/EconWizard/hermesvirtual/lib/python3.8/site-packages/airflow/example_dags/example_sla_dag.py
[2023-11-02T09:21:01.748-0500] {logging_mixin.py:151} INFO - [2023-11-02T09:21:01.748-0500] {dag.py:2941} INFO - Sync 1 DAGs
[2023-11-02T09:21:01.760-0500] {logging_mixin.py:151} INFO - [2023-11-02T09:21:01.760-0500] {dag.py:3722} INFO - Setting next_dagrun for example_sla_dag to 2023-11-02T14:18:00+00:00, run_after=2023-11-02T14:20:00+00:00
[2023-11-02T09:21:01.771-0500] {processor.py:179} INFO - Processing /Users/dimz/EconWizard/hermesvirtual/lib/python3.8/site-packages/airflow/example_dags/example_sla_dag.py took 0.181 seconds
[2023-11-02T09:23:10.584-0500] {processor.py:157} INFO - Started process (PID=95270) to work on /Users/dimz/EconWizard/hermesvirtual/lib/python3.8/site-packages/airflow/example_dags/example_sla_dag.py
[2023-11-02T09:23:10.589-0500] {processor.py:829} INFO - Processing file /Users/dimz/EconWizard/hermesvirtual/lib/python3.8/site-packages/airflow/example_dags/example_sla_dag.py for tasks to queue
[2023-11-02T09:23:10.589-0500] {logging_mixin.py:151} INFO - [2023-11-02T09:23:10.589-0500] {dagbag.py:536} INFO - Filling up the DagBag from /Users/dimz/EconWizard/hermesvirtual/lib/python3.8/site-packages/airflow/example_dags/example_sla_dag.py
[2023-11-02T09:23:10.624-0500] {processor.py:839} INFO - DAG(s) dict_keys(['example_sla_dag']) retrieved from /Users/dimz/EconWizard/hermesvirtual/lib/python3.8/site-packages/airflow/example_dags/example_sla_dag.py
[2023-11-02T09:23:10.723-0500] {logging_mixin.py:151} INFO - [2023-11-02T09:23:10.722-0500] {dag.py:2941} INFO - Sync 1 DAGs
[2023-11-02T09:23:10.734-0500] {logging_mixin.py:151} INFO - [2023-11-02T09:23:10.734-0500] {dag.py:3722} INFO - Setting next_dagrun for example_sla_dag to 2023-11-02T14:20:00+00:00, run_after=2023-11-02T14:22:00+00:00
[2023-11-02T09:23:10.744-0500] {processor.py:179} INFO - Processing /Users/dimz/EconWizard/hermesvirtual/lib/python3.8/site-packages/airflow/example_dags/example_sla_dag.py took 0.161 seconds
[2023-11-02T09:25:15.925-0500] {processor.py:157} INFO - Started process (PID=95526) to work on /Users/dimz/EconWizard/hermesvirtual/lib/python3.8/site-packages/airflow/example_dags/example_sla_dag.py
[2023-11-02T09:25:15.930-0500] {processor.py:829} INFO - Processing file /Users/dimz/EconWizard/hermesvirtual/lib/python3.8/site-packages/airflow/example_dags/example_sla_dag.py for tasks to queue
[2023-11-02T09:25:15.931-0500] {logging_mixin.py:151} INFO - [2023-11-02T09:25:15.931-0500] {dagbag.py:536} INFO - Filling up the DagBag from /Users/dimz/EconWizard/hermesvirtual/lib/python3.8/site-packages/airflow/example_dags/example_sla_dag.py
[2023-11-02T09:25:15.985-0500] {processor.py:839} INFO - DAG(s) dict_keys(['example_sla_dag']) retrieved from /Users/dimz/EconWizard/hermesvirtual/lib/python3.8/site-packages/airflow/example_dags/example_sla_dag.py
[2023-11-02T09:25:16.110-0500] {logging_mixin.py:151} INFO - [2023-11-02T09:25:16.110-0500] {dag.py:2941} INFO - Sync 1 DAGs
[2023-11-02T09:25:16.125-0500] {logging_mixin.py:151} INFO - [2023-11-02T09:25:16.125-0500] {dag.py:3722} INFO - Setting next_dagrun for example_sla_dag to 2023-11-02T14:22:00+00:00, run_after=2023-11-02T14:24:00+00:00
[2023-11-02T09:25:16.138-0500] {processor.py:179} INFO - Processing /Users/dimz/EconWizard/hermesvirtual/lib/python3.8/site-packages/airflow/example_dags/example_sla_dag.py took 0.214 seconds
[2023-11-02T09:27:50.505-0500] {processor.py:157} INFO - Started process (PID=95748) to work on /Users/dimz/EconWizard/hermesvirtual/lib/python3.8/site-packages/airflow/example_dags/example_sla_dag.py
[2023-11-02T09:27:50.510-0500] {processor.py:829} INFO - Processing file /Users/dimz/EconWizard/hermesvirtual/lib/python3.8/site-packages/airflow/example_dags/example_sla_dag.py for tasks to queue
[2023-11-02T09:27:50.511-0500] {logging_mixin.py:151} INFO - [2023-11-02T09:27:50.511-0500] {dagbag.py:536} INFO - Filling up the DagBag from /Users/dimz/EconWizard/hermesvirtual/lib/python3.8/site-packages/airflow/example_dags/example_sla_dag.py
[2023-11-02T09:27:50.548-0500] {processor.py:839} INFO - DAG(s) dict_keys(['example_sla_dag']) retrieved from /Users/dimz/EconWizard/hermesvirtual/lib/python3.8/site-packages/airflow/example_dags/example_sla_dag.py
[2023-11-02T09:27:50.654-0500] {logging_mixin.py:151} INFO - [2023-11-02T09:27:50.654-0500] {dag.py:2941} INFO - Sync 1 DAGs
[2023-11-02T09:27:50.667-0500] {logging_mixin.py:151} INFO - [2023-11-02T09:27:50.667-0500] {dag.py:3722} INFO - Setting next_dagrun for example_sla_dag to 2023-11-02T14:24:00+00:00, run_after=2023-11-02T14:26:00+00:00
[2023-11-02T09:27:50.679-0500] {processor.py:179} INFO - Processing /Users/dimz/EconWizard/hermesvirtual/lib/python3.8/site-packages/airflow/example_dags/example_sla_dag.py took 0.174 seconds
[2023-11-02T09:29:10.667-0500] {processor.py:157} INFO - Started process (PID=95851) to work on /Users/dimz/EconWizard/hermesvirtual/lib/python3.8/site-packages/airflow/example_dags/example_sla_dag.py
[2023-11-02T09:29:10.671-0500] {processor.py:829} INFO - Processing file /Users/dimz/EconWizard/hermesvirtual/lib/python3.8/site-packages/airflow/example_dags/example_sla_dag.py for tasks to queue
[2023-11-02T09:29:10.671-0500] {logging_mixin.py:151} INFO - [2023-11-02T09:29:10.671-0500] {dagbag.py:536} INFO - Filling up the DagBag from /Users/dimz/EconWizard/hermesvirtual/lib/python3.8/site-packages/airflow/example_dags/example_sla_dag.py
[2023-11-02T09:29:10.706-0500] {processor.py:839} INFO - DAG(s) dict_keys(['example_sla_dag']) retrieved from /Users/dimz/EconWizard/hermesvirtual/lib/python3.8/site-packages/airflow/example_dags/example_sla_dag.py
[2023-11-02T09:29:10.804-0500] {logging_mixin.py:151} INFO - [2023-11-02T09:29:10.804-0500] {dag.py:2941} INFO - Sync 1 DAGs
[2023-11-02T09:29:10.816-0500] {logging_mixin.py:151} INFO - [2023-11-02T09:29:10.816-0500] {dag.py:3722} INFO - Setting next_dagrun for example_sla_dag to 2023-11-02T14:26:00+00:00, run_after=2023-11-02T14:28:00+00:00
[2023-11-02T09:29:10.826-0500] {processor.py:179} INFO - Processing /Users/dimz/EconWizard/hermesvirtual/lib/python3.8/site-packages/airflow/example_dags/example_sla_dag.py took 0.160 seconds
[2023-11-02T09:30:21.717-0500] {processor.py:157} INFO - Started process (PID=95951) to work on /Users/dimz/EconWizard/hermesvirtual/lib/python3.8/site-packages/airflow/example_dags/example_sla_dag.py
[2023-11-02T09:30:21.723-0500] {processor.py:829} INFO - Processing file /Users/dimz/EconWizard/hermesvirtual/lib/python3.8/site-packages/airflow/example_dags/example_sla_dag.py for tasks to queue
[2023-11-02T09:30:21.723-0500] {logging_mixin.py:151} INFO - [2023-11-02T09:30:21.723-0500] {dagbag.py:536} INFO - Filling up the DagBag from /Users/dimz/EconWizard/hermesvirtual/lib/python3.8/site-packages/airflow/example_dags/example_sla_dag.py
[2023-11-02T09:30:21.758-0500] {processor.py:839} INFO - DAG(s) dict_keys(['example_sla_dag']) retrieved from /Users/dimz/EconWizard/hermesvirtual/lib/python3.8/site-packages/airflow/example_dags/example_sla_dag.py
[2023-11-02T09:30:21.859-0500] {logging_mixin.py:151} INFO - [2023-11-02T09:30:21.859-0500] {dag.py:2941} INFO - Sync 1 DAGs
[2023-11-02T09:30:21.871-0500] {logging_mixin.py:151} INFO - [2023-11-02T09:30:21.871-0500] {dag.py:3722} INFO - Setting next_dagrun for example_sla_dag to 2023-11-02T14:28:00+00:00, run_after=2023-11-02T14:30:00+00:00
[2023-11-02T09:30:21.881-0500] {processor.py:179} INFO - Processing /Users/dimz/EconWizard/hermesvirtual/lib/python3.8/site-packages/airflow/example_dags/example_sla_dag.py took 0.164 seconds
[2023-11-02T09:33:01.635-0500] {processor.py:157} INFO - Started process (PID=96146) to work on /Users/dimz/EconWizard/hermesvirtual/lib/python3.8/site-packages/airflow/example_dags/example_sla_dag.py
[2023-11-02T09:33:01.639-0500] {processor.py:829} INFO - Processing file /Users/dimz/EconWizard/hermesvirtual/lib/python3.8/site-packages/airflow/example_dags/example_sla_dag.py for tasks to queue
[2023-11-02T09:33:01.640-0500] {logging_mixin.py:151} INFO - [2023-11-02T09:33:01.640-0500] {dagbag.py:536} INFO - Filling up the DagBag from /Users/dimz/EconWizard/hermesvirtual/lib/python3.8/site-packages/airflow/example_dags/example_sla_dag.py
[2023-11-02T09:33:01.679-0500] {processor.py:839} INFO - DAG(s) dict_keys(['example_sla_dag']) retrieved from /Users/dimz/EconWizard/hermesvirtual/lib/python3.8/site-packages/airflow/example_dags/example_sla_dag.py
[2023-11-02T09:33:01.793-0500] {logging_mixin.py:151} INFO - [2023-11-02T09:33:01.793-0500] {dag.py:2941} INFO - Sync 1 DAGs
[2023-11-02T09:33:01.805-0500] {logging_mixin.py:151} INFO - [2023-11-02T09:33:01.805-0500] {dag.py:3722} INFO - Setting next_dagrun for example_sla_dag to 2023-11-02T14:30:00+00:00, run_after=2023-11-02T14:32:00+00:00
[2023-11-02T09:33:01.819-0500] {processor.py:179} INFO - Processing /Users/dimz/EconWizard/hermesvirtual/lib/python3.8/site-packages/airflow/example_dags/example_sla_dag.py took 0.184 seconds
[2023-11-02T10:13:12.188-0500] {processor.py:157} INFO - Started process (PID=97538) to work on /Users/dimz/EconWizard/hermesvirtual/lib/python3.8/site-packages/airflow/example_dags/example_sla_dag.py
[2023-11-02T10:13:12.192-0500] {processor.py:829} INFO - Processing file /Users/dimz/EconWizard/hermesvirtual/lib/python3.8/site-packages/airflow/example_dags/example_sla_dag.py for tasks to queue
[2023-11-02T10:13:12.192-0500] {logging_mixin.py:151} INFO - [2023-11-02T10:13:12.192-0500] {dagbag.py:536} INFO - Filling up the DagBag from /Users/dimz/EconWizard/hermesvirtual/lib/python3.8/site-packages/airflow/example_dags/example_sla_dag.py
[2023-11-02T10:13:12.228-0500] {processor.py:839} INFO - DAG(s) dict_keys(['example_sla_dag']) retrieved from /Users/dimz/EconWizard/hermesvirtual/lib/python3.8/site-packages/airflow/example_dags/example_sla_dag.py
[2023-11-02T10:13:12.333-0500] {logging_mixin.py:151} INFO - [2023-11-02T10:13:12.333-0500] {dag.py:2941} INFO - Sync 1 DAGs
[2023-11-02T10:13:12.345-0500] {logging_mixin.py:151} INFO - [2023-11-02T10:13:12.345-0500] {dag.py:3722} INFO - Setting next_dagrun for example_sla_dag to 2023-11-02T15:10:00+00:00, run_after=2023-11-02T15:12:00+00:00
[2023-11-02T10:13:12.356-0500] {processor.py:179} INFO - Processing /Users/dimz/EconWizard/hermesvirtual/lib/python3.8/site-packages/airflow/example_dags/example_sla_dag.py took 0.169 seconds
[2023-11-02T10:14:44.636-0500] {processor.py:157} INFO - Started process (PID=97634) to work on /Users/dimz/EconWizard/hermesvirtual/lib/python3.8/site-packages/airflow/example_dags/example_sla_dag.py
[2023-11-02T10:14:44.640-0500] {processor.py:829} INFO - Processing file /Users/dimz/EconWizard/hermesvirtual/lib/python3.8/site-packages/airflow/example_dags/example_sla_dag.py for tasks to queue
[2023-11-02T10:14:44.640-0500] {logging_mixin.py:151} INFO - [2023-11-02T10:14:44.640-0500] {dagbag.py:536} INFO - Filling up the DagBag from /Users/dimz/EconWizard/hermesvirtual/lib/python3.8/site-packages/airflow/example_dags/example_sla_dag.py
[2023-11-02T10:14:44.674-0500] {processor.py:839} INFO - DAG(s) dict_keys(['example_sla_dag']) retrieved from /Users/dimz/EconWizard/hermesvirtual/lib/python3.8/site-packages/airflow/example_dags/example_sla_dag.py
[2023-11-02T10:14:44.772-0500] {logging_mixin.py:151} INFO - [2023-11-02T10:14:44.771-0500] {dag.py:2941} INFO - Sync 1 DAGs
[2023-11-02T10:14:44.783-0500] {logging_mixin.py:151} INFO - [2023-11-02T10:14:44.783-0500] {dag.py:3722} INFO - Setting next_dagrun for example_sla_dag to 2023-11-02T15:12:00+00:00, run_after=2023-11-02T15:14:00+00:00
[2023-11-02T10:14:44.793-0500] {processor.py:179} INFO - Processing /Users/dimz/EconWizard/hermesvirtual/lib/python3.8/site-packages/airflow/example_dags/example_sla_dag.py took 0.158 seconds
[2023-11-02T10:38:59.519-0500] {processor.py:157} INFO - Started process (PID=99854) to work on /Users/dimz/EconWizard/hermesvirtual/lib/python3.8/site-packages/airflow/example_dags/example_sla_dag.py
[2023-11-02T10:38:59.524-0500] {processor.py:829} INFO - Processing file /Users/dimz/EconWizard/hermesvirtual/lib/python3.8/site-packages/airflow/example_dags/example_sla_dag.py for tasks to queue
[2023-11-02T10:38:59.524-0500] {logging_mixin.py:151} INFO - [2023-11-02T10:38:59.524-0500] {dagbag.py:536} INFO - Filling up the DagBag from /Users/dimz/EconWizard/hermesvirtual/lib/python3.8/site-packages/airflow/example_dags/example_sla_dag.py
[2023-11-02T10:38:59.558-0500] {processor.py:839} INFO - DAG(s) dict_keys(['example_sla_dag']) retrieved from /Users/dimz/EconWizard/hermesvirtual/lib/python3.8/site-packages/airflow/example_dags/example_sla_dag.py
[2023-11-02T10:38:59.656-0500] {logging_mixin.py:151} INFO - [2023-11-02T10:38:59.656-0500] {dag.py:2941} INFO - Sync 1 DAGs
[2023-11-02T10:38:59.668-0500] {logging_mixin.py:151} INFO - [2023-11-02T10:38:59.668-0500] {dag.py:3722} INFO - Setting next_dagrun for example_sla_dag to 2023-11-02T15:36:00+00:00, run_after=2023-11-02T15:38:00+00:00
[2023-11-02T10:38:59.678-0500] {processor.py:179} INFO - Processing /Users/dimz/EconWizard/hermesvirtual/lib/python3.8/site-packages/airflow/example_dags/example_sla_dag.py took 0.160 seconds
[2023-11-02T10:40:33.525-0500] {processor.py:157} INFO - Started process (PID=99987) to work on /Users/dimz/EconWizard/hermesvirtual/lib/python3.8/site-packages/airflow/example_dags/example_sla_dag.py
[2023-11-02T10:40:33.530-0500] {processor.py:829} INFO - Processing file /Users/dimz/EconWizard/hermesvirtual/lib/python3.8/site-packages/airflow/example_dags/example_sla_dag.py for tasks to queue
[2023-11-02T10:40:33.530-0500] {logging_mixin.py:151} INFO - [2023-11-02T10:40:33.530-0500] {dagbag.py:536} INFO - Filling up the DagBag from /Users/dimz/EconWizard/hermesvirtual/lib/python3.8/site-packages/airflow/example_dags/example_sla_dag.py
[2023-11-02T10:40:33.568-0500] {processor.py:839} INFO - DAG(s) dict_keys(['example_sla_dag']) retrieved from /Users/dimz/EconWizard/hermesvirtual/lib/python3.8/site-packages/airflow/example_dags/example_sla_dag.py
[2023-11-02T10:40:33.671-0500] {logging_mixin.py:151} INFO - [2023-11-02T10:40:33.671-0500] {dag.py:2941} INFO - Sync 1 DAGs
[2023-11-02T10:40:33.683-0500] {logging_mixin.py:151} INFO - [2023-11-02T10:40:33.683-0500] {dag.py:3722} INFO - Setting next_dagrun for example_sla_dag to 2023-11-02T15:38:00+00:00, run_after=2023-11-02T15:40:00+00:00
[2023-11-02T10:40:33.694-0500] {processor.py:179} INFO - Processing /Users/dimz/EconWizard/hermesvirtual/lib/python3.8/site-packages/airflow/example_dags/example_sla_dag.py took 0.169 seconds
[2023-11-02T10:42:36.015-0500] {processor.py:157} INFO - Started process (PID=292) to work on /Users/dimz/EconWizard/hermesvirtual/lib/python3.8/site-packages/airflow/example_dags/example_sla_dag.py
[2023-11-02T10:42:36.021-0500] {processor.py:829} INFO - Processing file /Users/dimz/EconWizard/hermesvirtual/lib/python3.8/site-packages/airflow/example_dags/example_sla_dag.py for tasks to queue
[2023-11-02T10:42:36.022-0500] {logging_mixin.py:151} INFO - [2023-11-02T10:42:36.021-0500] {dagbag.py:536} INFO - Filling up the DagBag from /Users/dimz/EconWizard/hermesvirtual/lib/python3.8/site-packages/airflow/example_dags/example_sla_dag.py
[2023-11-02T10:42:36.059-0500] {processor.py:839} INFO - DAG(s) dict_keys(['example_sla_dag']) retrieved from /Users/dimz/EconWizard/hermesvirtual/lib/python3.8/site-packages/airflow/example_dags/example_sla_dag.py
[2023-11-02T10:42:36.163-0500] {logging_mixin.py:151} INFO - [2023-11-02T10:42:36.163-0500] {dag.py:2941} INFO - Sync 1 DAGs
[2023-11-02T10:42:36.174-0500] {logging_mixin.py:151} INFO - [2023-11-02T10:42:36.174-0500] {dag.py:3722} INFO - Setting next_dagrun for example_sla_dag to 2023-11-02T15:40:00+00:00, run_after=2023-11-02T15:42:00+00:00
[2023-11-02T10:42:36.185-0500] {processor.py:179} INFO - Processing /Users/dimz/EconWizard/hermesvirtual/lib/python3.8/site-packages/airflow/example_dags/example_sla_dag.py took 0.170 seconds
