[2023-11-01T21:35:51.948-0500] {processor.py:157} INFO - Started process (PID=87714) to work on /Users/dimz/EconWizard/hermesvirtual/lib/python3.8/site-packages/airflow/example_dags/example_sensor_decorator.py
[2023-11-01T21:35:51.952-0500] {processor.py:829} INFO - Processing file /Users/dimz/EconWizard/hermesvirtual/lib/python3.8/site-packages/airflow/example_dags/example_sensor_decorator.py for tasks to queue
[2023-11-01T21:35:51.952-0500] {logging_mixin.py:151} INFO - [2023-11-01T21:35:51.952-0500] {dagbag.py:536} INFO - Filling up the DagBag from /Users/dimz/EconWizard/hermesvirtual/lib/python3.8/site-packages/airflow/example_dags/example_sensor_decorator.py
[2023-11-01T21:35:51.986-0500] {processor.py:839} INFO - DAG(s) dict_keys(['example_sensor_decorator']) retrieved from /Users/dimz/EconWizard/hermesvirtual/lib/python3.8/site-packages/airflow/example_dags/example_sensor_decorator.py
[2023-11-01T21:35:52.326-0500] {logging_mixin.py:151} INFO - [2023-11-01T21:35:52.326-0500] {manager.py:499} INFO - Created Permission View: %s
[2023-11-01T21:35:52.331-0500] {logging_mixin.py:151} INFO - [2023-11-01T21:35:52.331-0500] {manager.py:499} INFO - Created Permission View: %s
[2023-11-01T21:35:52.334-0500] {logging_mixin.py:151} INFO - [2023-11-01T21:35:52.334-0500] {manager.py:499} INFO - Created Permission View: %s
[2023-11-01T21:35:52.334-0500] {logging_mixin.py:151} INFO - [2023-11-01T21:35:52.334-0500] {dag.py:2941} INFO - Sync 1 DAGs
[2023-11-01T21:35:52.339-0500] {logging_mixin.py:151} INFO - [2023-11-01T21:35:52.339-0500] {dag.py:2963} INFO - Creating ORM DAG for example_sensor_decorator
[2023-11-01T21:35:52.340-0500] {logging_mixin.py:151} INFO - [2023-11-01T21:35:52.340-0500] {dag.py:3722} INFO - Setting next_dagrun for example_sensor_decorator to None, run_after=None
[2023-11-01T21:35:52.349-0500] {processor.py:179} INFO - Processing /Users/dimz/EconWizard/hermesvirtual/lib/python3.8/site-packages/airflow/example_dags/example_sensor_decorator.py took 0.402 seconds
[2023-11-01T21:37:20.759-0500] {processor.py:157} INFO - Started process (PID=87873) to work on /Users/dimz/EconWizard/hermesvirtual/lib/python3.8/site-packages/airflow/example_dags/example_sensor_decorator.py
[2023-11-01T21:37:20.763-0500] {processor.py:829} INFO - Processing file /Users/dimz/EconWizard/hermesvirtual/lib/python3.8/site-packages/airflow/example_dags/example_sensor_decorator.py for tasks to queue
[2023-11-01T21:37:20.764-0500] {logging_mixin.py:151} INFO - [2023-11-01T21:37:20.764-0500] {dagbag.py:536} INFO - Filling up the DagBag from /Users/dimz/EconWizard/hermesvirtual/lib/python3.8/site-packages/airflow/example_dags/example_sensor_decorator.py
[2023-11-01T21:37:20.797-0500] {processor.py:839} INFO - DAG(s) dict_keys(['example_sensor_decorator']) retrieved from /Users/dimz/EconWizard/hermesvirtual/lib/python3.8/site-packages/airflow/example_dags/example_sensor_decorator.py
[2023-11-01T21:37:20.900-0500] {logging_mixin.py:151} INFO - [2023-11-01T21:37:20.900-0500] {dag.py:2941} INFO - Sync 1 DAGs
[2023-11-01T21:37:20.905-0500] {logging_mixin.py:151} INFO - [2023-11-01T21:37:20.905-0500] {dag.py:3722} INFO - Setting next_dagrun for example_sensor_decorator to None, run_after=None
[2023-11-01T21:37:20.916-0500] {processor.py:179} INFO - Processing /Users/dimz/EconWizard/hermesvirtual/lib/python3.8/site-packages/airflow/example_dags/example_sensor_decorator.py took 0.158 seconds
[2023-11-01T21:39:12.686-0500] {processor.py:157} INFO - Started process (PID=88067) to work on /Users/dimz/EconWizard/hermesvirtual/lib/python3.8/site-packages/airflow/example_dags/example_sensor_decorator.py
[2023-11-01T21:39:12.691-0500] {processor.py:829} INFO - Processing file /Users/dimz/EconWizard/hermesvirtual/lib/python3.8/site-packages/airflow/example_dags/example_sensor_decorator.py for tasks to queue
[2023-11-01T21:39:12.691-0500] {logging_mixin.py:151} INFO - [2023-11-01T21:39:12.691-0500] {dagbag.py:536} INFO - Filling up the DagBag from /Users/dimz/EconWizard/hermesvirtual/lib/python3.8/site-packages/airflow/example_dags/example_sensor_decorator.py
[2023-11-01T21:39:12.730-0500] {processor.py:839} INFO - DAG(s) dict_keys(['example_sensor_decorator']) retrieved from /Users/dimz/EconWizard/hermesvirtual/lib/python3.8/site-packages/airflow/example_dags/example_sensor_decorator.py
[2023-11-01T21:39:12.841-0500] {logging_mixin.py:151} INFO - [2023-11-01T21:39:12.841-0500] {dag.py:2941} INFO - Sync 1 DAGs
[2023-11-01T21:39:12.847-0500] {logging_mixin.py:151} INFO - [2023-11-01T21:39:12.847-0500] {dag.py:3722} INFO - Setting next_dagrun for example_sensor_decorator to None, run_after=None
[2023-11-01T21:39:12.857-0500] {processor.py:179} INFO - Processing /Users/dimz/EconWizard/hermesvirtual/lib/python3.8/site-packages/airflow/example_dags/example_sensor_decorator.py took 0.172 seconds
[2023-11-01T21:41:09.826-0500] {processor.py:157} INFO - Started process (PID=88334) to work on /Users/dimz/EconWizard/hermesvirtual/lib/python3.8/site-packages/airflow/example_dags/example_sensor_decorator.py
[2023-11-01T21:41:09.831-0500] {processor.py:829} INFO - Processing file /Users/dimz/EconWizard/hermesvirtual/lib/python3.8/site-packages/airflow/example_dags/example_sensor_decorator.py for tasks to queue
[2023-11-01T21:41:09.831-0500] {logging_mixin.py:151} INFO - [2023-11-01T21:41:09.831-0500] {dagbag.py:536} INFO - Filling up the DagBag from /Users/dimz/EconWizard/hermesvirtual/lib/python3.8/site-packages/airflow/example_dags/example_sensor_decorator.py
[2023-11-01T21:41:09.864-0500] {processor.py:839} INFO - DAG(s) dict_keys(['example_sensor_decorator']) retrieved from /Users/dimz/EconWizard/hermesvirtual/lib/python3.8/site-packages/airflow/example_dags/example_sensor_decorator.py
[2023-11-01T21:41:09.970-0500] {logging_mixin.py:151} INFO - [2023-11-01T21:41:09.970-0500] {dag.py:2941} INFO - Sync 1 DAGs
[2023-11-01T21:41:09.977-0500] {logging_mixin.py:151} INFO - [2023-11-01T21:41:09.977-0500] {dag.py:3722} INFO - Setting next_dagrun for example_sensor_decorator to None, run_after=None
[2023-11-01T21:41:09.989-0500] {processor.py:179} INFO - Processing /Users/dimz/EconWizard/hermesvirtual/lib/python3.8/site-packages/airflow/example_dags/example_sensor_decorator.py took 0.163 seconds
[2023-11-01T21:43:05.395-0500] {processor.py:157} INFO - Started process (PID=88600) to work on /Users/dimz/EconWizard/hermesvirtual/lib/python3.8/site-packages/airflow/example_dags/example_sensor_decorator.py
[2023-11-01T21:43:05.400-0500] {processor.py:829} INFO - Processing file /Users/dimz/EconWizard/hermesvirtual/lib/python3.8/site-packages/airflow/example_dags/example_sensor_decorator.py for tasks to queue
[2023-11-01T21:43:05.400-0500] {logging_mixin.py:151} INFO - [2023-11-01T21:43:05.400-0500] {dagbag.py:536} INFO - Filling up the DagBag from /Users/dimz/EconWizard/hermesvirtual/lib/python3.8/site-packages/airflow/example_dags/example_sensor_decorator.py
[2023-11-01T21:43:05.433-0500] {processor.py:839} INFO - DAG(s) dict_keys(['example_sensor_decorator']) retrieved from /Users/dimz/EconWizard/hermesvirtual/lib/python3.8/site-packages/airflow/example_dags/example_sensor_decorator.py
[2023-11-01T21:43:05.539-0500] {logging_mixin.py:151} INFO - [2023-11-01T21:43:05.538-0500] {dag.py:2941} INFO - Sync 1 DAGs
[2023-11-01T21:43:05.544-0500] {logging_mixin.py:151} INFO - [2023-11-01T21:43:05.544-0500] {dag.py:3722} INFO - Setting next_dagrun for example_sensor_decorator to None, run_after=None
[2023-11-01T21:43:05.555-0500] {processor.py:179} INFO - Processing /Users/dimz/EconWizard/hermesvirtual/lib/python3.8/site-packages/airflow/example_dags/example_sensor_decorator.py took 0.161 seconds
[2023-11-01T21:44:58.658-0500] {processor.py:157} INFO - Started process (PID=88756) to work on /Users/dimz/EconWizard/hermesvirtual/lib/python3.8/site-packages/airflow/example_dags/example_sensor_decorator.py
[2023-11-01T21:44:58.663-0500] {processor.py:829} INFO - Processing file /Users/dimz/EconWizard/hermesvirtual/lib/python3.8/site-packages/airflow/example_dags/example_sensor_decorator.py for tasks to queue
[2023-11-01T21:44:58.664-0500] {logging_mixin.py:151} INFO - [2023-11-01T21:44:58.663-0500] {dagbag.py:536} INFO - Filling up the DagBag from /Users/dimz/EconWizard/hermesvirtual/lib/python3.8/site-packages/airflow/example_dags/example_sensor_decorator.py
[2023-11-01T21:44:58.697-0500] {processor.py:839} INFO - DAG(s) dict_keys(['example_sensor_decorator']) retrieved from /Users/dimz/EconWizard/hermesvirtual/lib/python3.8/site-packages/airflow/example_dags/example_sensor_decorator.py
[2023-11-01T21:44:58.801-0500] {logging_mixin.py:151} INFO - [2023-11-01T21:44:58.801-0500] {dag.py:2941} INFO - Sync 1 DAGs
[2023-11-01T21:44:58.807-0500] {logging_mixin.py:151} INFO - [2023-11-01T21:44:58.807-0500] {dag.py:3722} INFO - Setting next_dagrun for example_sensor_decorator to None, run_after=None
[2023-11-01T21:44:58.818-0500] {processor.py:179} INFO - Processing /Users/dimz/EconWizard/hermesvirtual/lib/python3.8/site-packages/airflow/example_dags/example_sensor_decorator.py took 0.160 seconds
[2023-11-01T21:47:03.318-0500] {processor.py:157} INFO - Started process (PID=89017) to work on /Users/dimz/EconWizard/hermesvirtual/lib/python3.8/site-packages/airflow/example_dags/example_sensor_decorator.py
[2023-11-01T21:47:03.323-0500] {processor.py:829} INFO - Processing file /Users/dimz/EconWizard/hermesvirtual/lib/python3.8/site-packages/airflow/example_dags/example_sensor_decorator.py for tasks to queue
[2023-11-01T21:47:03.323-0500] {logging_mixin.py:151} INFO - [2023-11-01T21:47:03.323-0500] {dagbag.py:536} INFO - Filling up the DagBag from /Users/dimz/EconWizard/hermesvirtual/lib/python3.8/site-packages/airflow/example_dags/example_sensor_decorator.py
[2023-11-01T21:47:03.358-0500] {processor.py:839} INFO - DAG(s) dict_keys(['example_sensor_decorator']) retrieved from /Users/dimz/EconWizard/hermesvirtual/lib/python3.8/site-packages/airflow/example_dags/example_sensor_decorator.py
[2023-11-01T21:47:03.468-0500] {logging_mixin.py:151} INFO - [2023-11-01T21:47:03.468-0500] {dag.py:2941} INFO - Sync 1 DAGs
[2023-11-01T21:47:03.475-0500] {logging_mixin.py:151} INFO - [2023-11-01T21:47:03.475-0500] {dag.py:3722} INFO - Setting next_dagrun for example_sensor_decorator to None, run_after=None
[2023-11-01T21:47:03.487-0500] {processor.py:179} INFO - Processing /Users/dimz/EconWizard/hermesvirtual/lib/python3.8/site-packages/airflow/example_dags/example_sensor_decorator.py took 0.170 seconds
[2023-11-01T21:49:04.746-0500] {processor.py:157} INFO - Started process (PID=89176) to work on /Users/dimz/EconWizard/hermesvirtual/lib/python3.8/site-packages/airflow/example_dags/example_sensor_decorator.py
[2023-11-01T21:49:04.751-0500] {processor.py:829} INFO - Processing file /Users/dimz/EconWizard/hermesvirtual/lib/python3.8/site-packages/airflow/example_dags/example_sensor_decorator.py for tasks to queue
[2023-11-01T21:49:04.752-0500] {logging_mixin.py:151} INFO - [2023-11-01T21:49:04.752-0500] {dagbag.py:536} INFO - Filling up the DagBag from /Users/dimz/EconWizard/hermesvirtual/lib/python3.8/site-packages/airflow/example_dags/example_sensor_decorator.py
[2023-11-01T21:49:04.787-0500] {processor.py:839} INFO - DAG(s) dict_keys(['example_sensor_decorator']) retrieved from /Users/dimz/EconWizard/hermesvirtual/lib/python3.8/site-packages/airflow/example_dags/example_sensor_decorator.py
[2023-11-01T21:49:04.899-0500] {logging_mixin.py:151} INFO - [2023-11-01T21:49:04.898-0500] {dag.py:2941} INFO - Sync 1 DAGs
[2023-11-01T21:49:04.905-0500] {logging_mixin.py:151} INFO - [2023-11-01T21:49:04.904-0500] {dag.py:3722} INFO - Setting next_dagrun for example_sensor_decorator to None, run_after=None
[2023-11-01T21:49:04.915-0500] {processor.py:179} INFO - Processing /Users/dimz/EconWizard/hermesvirtual/lib/python3.8/site-packages/airflow/example_dags/example_sensor_decorator.py took 0.170 seconds
[2023-11-01T21:51:03.609-0500] {processor.py:157} INFO - Started process (PID=89361) to work on /Users/dimz/EconWizard/hermesvirtual/lib/python3.8/site-packages/airflow/example_dags/example_sensor_decorator.py
[2023-11-01T21:51:03.614-0500] {processor.py:829} INFO - Processing file /Users/dimz/EconWizard/hermesvirtual/lib/python3.8/site-packages/airflow/example_dags/example_sensor_decorator.py for tasks to queue
[2023-11-01T21:51:03.615-0500] {logging_mixin.py:151} INFO - [2023-11-01T21:51:03.615-0500] {dagbag.py:536} INFO - Filling up the DagBag from /Users/dimz/EconWizard/hermesvirtual/lib/python3.8/site-packages/airflow/example_dags/example_sensor_decorator.py
[2023-11-01T21:51:03.655-0500] {processor.py:839} INFO - DAG(s) dict_keys(['example_sensor_decorator']) retrieved from /Users/dimz/EconWizard/hermesvirtual/lib/python3.8/site-packages/airflow/example_dags/example_sensor_decorator.py
[2023-11-01T21:51:03.778-0500] {logging_mixin.py:151} INFO - [2023-11-01T21:51:03.777-0500] {dag.py:2941} INFO - Sync 1 DAGs
[2023-11-01T21:51:03.784-0500] {logging_mixin.py:151} INFO - [2023-11-01T21:51:03.784-0500] {dag.py:3722} INFO - Setting next_dagrun for example_sensor_decorator to None, run_after=None
[2023-11-01T21:51:03.796-0500] {processor.py:179} INFO - Processing /Users/dimz/EconWizard/hermesvirtual/lib/python3.8/site-packages/airflow/example_dags/example_sensor_decorator.py took 0.187 seconds
[2023-11-01T21:52:59.007-0500] {processor.py:157} INFO - Started process (PID=89520) to work on /Users/dimz/EconWizard/hermesvirtual/lib/python3.8/site-packages/airflow/example_dags/example_sensor_decorator.py
[2023-11-01T21:52:59.012-0500] {processor.py:829} INFO - Processing file /Users/dimz/EconWizard/hermesvirtual/lib/python3.8/site-packages/airflow/example_dags/example_sensor_decorator.py for tasks to queue
[2023-11-01T21:52:59.013-0500] {logging_mixin.py:151} INFO - [2023-11-01T21:52:59.013-0500] {dagbag.py:536} INFO - Filling up the DagBag from /Users/dimz/EconWizard/hermesvirtual/lib/python3.8/site-packages/airflow/example_dags/example_sensor_decorator.py
[2023-11-01T21:52:59.048-0500] {processor.py:839} INFO - DAG(s) dict_keys(['example_sensor_decorator']) retrieved from /Users/dimz/EconWizard/hermesvirtual/lib/python3.8/site-packages/airflow/example_dags/example_sensor_decorator.py
[2023-11-01T21:52:59.161-0500] {logging_mixin.py:151} INFO - [2023-11-01T21:52:59.160-0500] {dag.py:2941} INFO - Sync 1 DAGs
[2023-11-01T21:52:59.167-0500] {logging_mixin.py:151} INFO - [2023-11-01T21:52:59.167-0500] {dag.py:3722} INFO - Setting next_dagrun for example_sensor_decorator to None, run_after=None
[2023-11-01T21:52:59.177-0500] {processor.py:179} INFO - Processing /Users/dimz/EconWizard/hermesvirtual/lib/python3.8/site-packages/airflow/example_dags/example_sensor_decorator.py took 0.171 seconds
[2023-11-01T21:55:01.675-0500] {processor.py:157} INFO - Started process (PID=89699) to work on /Users/dimz/EconWizard/hermesvirtual/lib/python3.8/site-packages/airflow/example_dags/example_sensor_decorator.py
[2023-11-01T21:55:01.680-0500] {processor.py:829} INFO - Processing file /Users/dimz/EconWizard/hermesvirtual/lib/python3.8/site-packages/airflow/example_dags/example_sensor_decorator.py for tasks to queue
[2023-11-01T21:55:01.680-0500] {logging_mixin.py:151} INFO - [2023-11-01T21:55:01.680-0500] {dagbag.py:536} INFO - Filling up the DagBag from /Users/dimz/EconWizard/hermesvirtual/lib/python3.8/site-packages/airflow/example_dags/example_sensor_decorator.py
[2023-11-01T21:55:01.714-0500] {processor.py:839} INFO - DAG(s) dict_keys(['example_sensor_decorator']) retrieved from /Users/dimz/EconWizard/hermesvirtual/lib/python3.8/site-packages/airflow/example_dags/example_sensor_decorator.py
[2023-11-01T21:55:01.825-0500] {logging_mixin.py:151} INFO - [2023-11-01T21:55:01.825-0500] {dag.py:2941} INFO - Sync 1 DAGs
[2023-11-01T21:55:01.830-0500] {logging_mixin.py:151} INFO - [2023-11-01T21:55:01.830-0500] {dag.py:3722} INFO - Setting next_dagrun for example_sensor_decorator to None, run_after=None
[2023-11-01T21:55:01.840-0500] {processor.py:179} INFO - Processing /Users/dimz/EconWizard/hermesvirtual/lib/python3.8/site-packages/airflow/example_dags/example_sensor_decorator.py took 0.166 seconds
[2023-11-01T21:56:57.576-0500] {processor.py:157} INFO - Started process (PID=89865) to work on /Users/dimz/EconWizard/hermesvirtual/lib/python3.8/site-packages/airflow/example_dags/example_sensor_decorator.py
[2023-11-01T21:56:57.581-0500] {processor.py:829} INFO - Processing file /Users/dimz/EconWizard/hermesvirtual/lib/python3.8/site-packages/airflow/example_dags/example_sensor_decorator.py for tasks to queue
[2023-11-01T21:56:57.581-0500] {logging_mixin.py:151} INFO - [2023-11-01T21:56:57.581-0500] {dagbag.py:536} INFO - Filling up the DagBag from /Users/dimz/EconWizard/hermesvirtual/lib/python3.8/site-packages/airflow/example_dags/example_sensor_decorator.py
[2023-11-01T21:56:57.619-0500] {processor.py:839} INFO - DAG(s) dict_keys(['example_sensor_decorator']) retrieved from /Users/dimz/EconWizard/hermesvirtual/lib/python3.8/site-packages/airflow/example_dags/example_sensor_decorator.py
[2023-11-01T21:56:57.746-0500] {logging_mixin.py:151} INFO - [2023-11-01T21:56:57.745-0500] {dag.py:2941} INFO - Sync 1 DAGs
[2023-11-01T21:56:57.752-0500] {logging_mixin.py:151} INFO - [2023-11-01T21:56:57.752-0500] {dag.py:3722} INFO - Setting next_dagrun for example_sensor_decorator to None, run_after=None
[2023-11-01T21:56:57.764-0500] {processor.py:179} INFO - Processing /Users/dimz/EconWizard/hermesvirtual/lib/python3.8/site-packages/airflow/example_dags/example_sensor_decorator.py took 0.189 seconds
[2023-11-01T21:59:00.270-0500] {processor.py:157} INFO - Started process (PID=90050) to work on /Users/dimz/EconWizard/hermesvirtual/lib/python3.8/site-packages/airflow/example_dags/example_sensor_decorator.py
[2023-11-01T21:59:00.275-0500] {processor.py:829} INFO - Processing file /Users/dimz/EconWizard/hermesvirtual/lib/python3.8/site-packages/airflow/example_dags/example_sensor_decorator.py for tasks to queue
[2023-11-01T21:59:00.275-0500] {logging_mixin.py:151} INFO - [2023-11-01T21:59:00.275-0500] {dagbag.py:536} INFO - Filling up the DagBag from /Users/dimz/EconWizard/hermesvirtual/lib/python3.8/site-packages/airflow/example_dags/example_sensor_decorator.py
[2023-11-01T21:59:00.309-0500] {processor.py:839} INFO - DAG(s) dict_keys(['example_sensor_decorator']) retrieved from /Users/dimz/EconWizard/hermesvirtual/lib/python3.8/site-packages/airflow/example_dags/example_sensor_decorator.py
[2023-11-01T21:59:00.414-0500] {logging_mixin.py:151} INFO - [2023-11-01T21:59:00.414-0500] {dag.py:2941} INFO - Sync 1 DAGs
[2023-11-01T21:59:00.419-0500] {logging_mixin.py:151} INFO - [2023-11-01T21:59:00.419-0500] {dag.py:3722} INFO - Setting next_dagrun for example_sensor_decorator to None, run_after=None
[2023-11-01T21:59:00.430-0500] {processor.py:179} INFO - Processing /Users/dimz/EconWizard/hermesvirtual/lib/python3.8/site-packages/airflow/example_dags/example_sensor_decorator.py took 0.160 seconds
[2023-11-01T22:00:58.994-0500] {processor.py:157} INFO - Started process (PID=90219) to work on /Users/dimz/EconWizard/hermesvirtual/lib/python3.8/site-packages/airflow/example_dags/example_sensor_decorator.py
[2023-11-01T22:00:58.998-0500] {processor.py:829} INFO - Processing file /Users/dimz/EconWizard/hermesvirtual/lib/python3.8/site-packages/airflow/example_dags/example_sensor_decorator.py for tasks to queue
[2023-11-01T22:00:58.998-0500] {logging_mixin.py:151} INFO - [2023-11-01T22:00:58.998-0500] {dagbag.py:536} INFO - Filling up the DagBag from /Users/dimz/EconWizard/hermesvirtual/lib/python3.8/site-packages/airflow/example_dags/example_sensor_decorator.py
[2023-11-01T22:00:59.033-0500] {processor.py:839} INFO - DAG(s) dict_keys(['example_sensor_decorator']) retrieved from /Users/dimz/EconWizard/hermesvirtual/lib/python3.8/site-packages/airflow/example_dags/example_sensor_decorator.py
[2023-11-01T22:00:59.142-0500] {logging_mixin.py:151} INFO - [2023-11-01T22:00:59.142-0500] {dag.py:2941} INFO - Sync 1 DAGs
[2023-11-01T22:00:59.148-0500] {logging_mixin.py:151} INFO - [2023-11-01T22:00:59.148-0500] {dag.py:3722} INFO - Setting next_dagrun for example_sensor_decorator to None, run_after=None
[2023-11-01T22:00:59.158-0500] {processor.py:179} INFO - Processing /Users/dimz/EconWizard/hermesvirtual/lib/python3.8/site-packages/airflow/example_dags/example_sensor_decorator.py took 0.165 seconds
[2023-11-01T22:03:00.909-0500] {processor.py:157} INFO - Started process (PID=90371) to work on /Users/dimz/EconWizard/hermesvirtual/lib/python3.8/site-packages/airflow/example_dags/example_sensor_decorator.py
[2023-11-01T22:03:00.913-0500] {processor.py:829} INFO - Processing file /Users/dimz/EconWizard/hermesvirtual/lib/python3.8/site-packages/airflow/example_dags/example_sensor_decorator.py for tasks to queue
[2023-11-01T22:03:00.914-0500] {logging_mixin.py:151} INFO - [2023-11-01T22:03:00.914-0500] {dagbag.py:536} INFO - Filling up the DagBag from /Users/dimz/EconWizard/hermesvirtual/lib/python3.8/site-packages/airflow/example_dags/example_sensor_decorator.py
[2023-11-01T22:03:00.952-0500] {processor.py:839} INFO - DAG(s) dict_keys(['example_sensor_decorator']) retrieved from /Users/dimz/EconWizard/hermesvirtual/lib/python3.8/site-packages/airflow/example_dags/example_sensor_decorator.py
[2023-11-01T22:03:01.061-0500] {logging_mixin.py:151} INFO - [2023-11-01T22:03:01.061-0500] {dag.py:2941} INFO - Sync 1 DAGs
[2023-11-01T22:03:01.067-0500] {logging_mixin.py:151} INFO - [2023-11-01T22:03:01.066-0500] {dag.py:3722} INFO - Setting next_dagrun for example_sensor_decorator to None, run_after=None
[2023-11-01T22:03:01.076-0500] {processor.py:179} INFO - Processing /Users/dimz/EconWizard/hermesvirtual/lib/python3.8/site-packages/airflow/example_dags/example_sensor_decorator.py took 0.168 seconds
[2023-11-01T22:04:55.139-0500] {processor.py:157} INFO - Started process (PID=90575) to work on /Users/dimz/EconWizard/hermesvirtual/lib/python3.8/site-packages/airflow/example_dags/example_sensor_decorator.py
[2023-11-01T22:04:55.144-0500] {processor.py:829} INFO - Processing file /Users/dimz/EconWizard/hermesvirtual/lib/python3.8/site-packages/airflow/example_dags/example_sensor_decorator.py for tasks to queue
[2023-11-01T22:04:55.144-0500] {logging_mixin.py:151} INFO - [2023-11-01T22:04:55.144-0500] {dagbag.py:536} INFO - Filling up the DagBag from /Users/dimz/EconWizard/hermesvirtual/lib/python3.8/site-packages/airflow/example_dags/example_sensor_decorator.py
[2023-11-01T22:04:55.181-0500] {processor.py:839} INFO - DAG(s) dict_keys(['example_sensor_decorator']) retrieved from /Users/dimz/EconWizard/hermesvirtual/lib/python3.8/site-packages/airflow/example_dags/example_sensor_decorator.py
[2023-11-01T22:04:55.292-0500] {logging_mixin.py:151} INFO - [2023-11-01T22:04:55.292-0500] {dag.py:2941} INFO - Sync 1 DAGs
[2023-11-01T22:04:55.298-0500] {logging_mixin.py:151} INFO - [2023-11-01T22:04:55.297-0500] {dag.py:3722} INFO - Setting next_dagrun for example_sensor_decorator to None, run_after=None
[2023-11-01T22:04:55.308-0500] {processor.py:179} INFO - Processing /Users/dimz/EconWizard/hermesvirtual/lib/python3.8/site-packages/airflow/example_dags/example_sensor_decorator.py took 0.169 seconds
[2023-11-01T22:06:56.344-0500] {processor.py:157} INFO - Started process (PID=90790) to work on /Users/dimz/EconWizard/hermesvirtual/lib/python3.8/site-packages/airflow/example_dags/example_sensor_decorator.py
[2023-11-01T22:06:56.348-0500] {processor.py:829} INFO - Processing file /Users/dimz/EconWizard/hermesvirtual/lib/python3.8/site-packages/airflow/example_dags/example_sensor_decorator.py for tasks to queue
[2023-11-01T22:06:56.349-0500] {logging_mixin.py:151} INFO - [2023-11-01T22:06:56.349-0500] {dagbag.py:536} INFO - Filling up the DagBag from /Users/dimz/EconWizard/hermesvirtual/lib/python3.8/site-packages/airflow/example_dags/example_sensor_decorator.py
[2023-11-01T22:06:56.382-0500] {processor.py:839} INFO - DAG(s) dict_keys(['example_sensor_decorator']) retrieved from /Users/dimz/EconWizard/hermesvirtual/lib/python3.8/site-packages/airflow/example_dags/example_sensor_decorator.py
[2023-11-01T22:06:56.488-0500] {logging_mixin.py:151} INFO - [2023-11-01T22:06:56.488-0500] {dag.py:2941} INFO - Sync 1 DAGs
[2023-11-01T22:06:56.494-0500] {logging_mixin.py:151} INFO - [2023-11-01T22:06:56.494-0500] {dag.py:3722} INFO - Setting next_dagrun for example_sensor_decorator to None, run_after=None
[2023-11-01T22:06:56.504-0500] {processor.py:179} INFO - Processing /Users/dimz/EconWizard/hermesvirtual/lib/python3.8/site-packages/airflow/example_dags/example_sensor_decorator.py took 0.161 seconds
[2023-11-01T22:09:00.234-0500] {processor.py:157} INFO - Started process (PID=91022) to work on /Users/dimz/EconWizard/hermesvirtual/lib/python3.8/site-packages/airflow/example_dags/example_sensor_decorator.py
[2023-11-01T22:09:00.239-0500] {processor.py:829} INFO - Processing file /Users/dimz/EconWizard/hermesvirtual/lib/python3.8/site-packages/airflow/example_dags/example_sensor_decorator.py for tasks to queue
[2023-11-01T22:09:00.240-0500] {logging_mixin.py:151} INFO - [2023-11-01T22:09:00.240-0500] {dagbag.py:536} INFO - Filling up the DagBag from /Users/dimz/EconWizard/hermesvirtual/lib/python3.8/site-packages/airflow/example_dags/example_sensor_decorator.py
[2023-11-01T22:09:00.278-0500] {processor.py:839} INFO - DAG(s) dict_keys(['example_sensor_decorator']) retrieved from /Users/dimz/EconWizard/hermesvirtual/lib/python3.8/site-packages/airflow/example_dags/example_sensor_decorator.py
[2023-11-01T22:09:00.386-0500] {logging_mixin.py:151} INFO - [2023-11-01T22:09:00.385-0500] {dag.py:2941} INFO - Sync 1 DAGs
[2023-11-01T22:09:00.391-0500] {logging_mixin.py:151} INFO - [2023-11-01T22:09:00.391-0500] {dag.py:3722} INFO - Setting next_dagrun for example_sensor_decorator to None, run_after=None
[2023-11-01T22:09:00.402-0500] {processor.py:179} INFO - Processing /Users/dimz/EconWizard/hermesvirtual/lib/python3.8/site-packages/airflow/example_dags/example_sensor_decorator.py took 0.169 seconds
[2023-11-01T22:14:27.831-0500] {processor.py:157} INFO - Started process (PID=91551) to work on /Users/dimz/EconWizard/hermesvirtual/lib/python3.8/site-packages/airflow/example_dags/example_sensor_decorator.py
[2023-11-01T22:14:27.836-0500] {processor.py:829} INFO - Processing file /Users/dimz/EconWizard/hermesvirtual/lib/python3.8/site-packages/airflow/example_dags/example_sensor_decorator.py for tasks to queue
[2023-11-01T22:14:27.836-0500] {logging_mixin.py:151} INFO - [2023-11-01T22:14:27.836-0500] {dagbag.py:536} INFO - Filling up the DagBag from /Users/dimz/EconWizard/hermesvirtual/lib/python3.8/site-packages/airflow/example_dags/example_sensor_decorator.py
[2023-11-01T22:14:27.869-0500] {processor.py:839} INFO - DAG(s) dict_keys(['example_sensor_decorator']) retrieved from /Users/dimz/EconWizard/hermesvirtual/lib/python3.8/site-packages/airflow/example_dags/example_sensor_decorator.py
[2023-11-01T22:14:28.203-0500] {logging_mixin.py:151} INFO - [2023-11-01T22:14:28.203-0500] {dag.py:2941} INFO - Sync 1 DAGs
[2023-11-01T22:14:28.208-0500] {logging_mixin.py:151} INFO - [2023-11-01T22:14:28.208-0500] {dag.py:3722} INFO - Setting next_dagrun for example_sensor_decorator to None, run_after=None
[2023-11-01T22:14:28.220-0500] {processor.py:179} INFO - Processing /Users/dimz/EconWizard/hermesvirtual/lib/python3.8/site-packages/airflow/example_dags/example_sensor_decorator.py took 0.389 seconds
[2023-11-01T22:16:28.894-0500] {processor.py:157} INFO - Started process (PID=91742) to work on /Users/dimz/EconWizard/hermesvirtual/lib/python3.8/site-packages/airflow/example_dags/example_sensor_decorator.py
[2023-11-01T22:16:28.899-0500] {processor.py:829} INFO - Processing file /Users/dimz/EconWizard/hermesvirtual/lib/python3.8/site-packages/airflow/example_dags/example_sensor_decorator.py for tasks to queue
[2023-11-01T22:16:28.899-0500] {logging_mixin.py:151} INFO - [2023-11-01T22:16:28.899-0500] {dagbag.py:536} INFO - Filling up the DagBag from /Users/dimz/EconWizard/hermesvirtual/lib/python3.8/site-packages/airflow/example_dags/example_sensor_decorator.py
[2023-11-01T22:16:28.932-0500] {processor.py:839} INFO - DAG(s) dict_keys(['example_sensor_decorator']) retrieved from /Users/dimz/EconWizard/hermesvirtual/lib/python3.8/site-packages/airflow/example_dags/example_sensor_decorator.py
[2023-11-01T22:16:29.047-0500] {logging_mixin.py:151} INFO - [2023-11-01T22:16:29.047-0500] {dag.py:2941} INFO - Sync 1 DAGs
[2023-11-01T22:16:29.053-0500] {logging_mixin.py:151} INFO - [2023-11-01T22:16:29.053-0500] {dag.py:3722} INFO - Setting next_dagrun for example_sensor_decorator to None, run_after=None
[2023-11-01T22:16:29.063-0500] {processor.py:179} INFO - Processing /Users/dimz/EconWizard/hermesvirtual/lib/python3.8/site-packages/airflow/example_dags/example_sensor_decorator.py took 0.170 seconds
[2023-11-01T22:18:27.450-0500] {processor.py:157} INFO - Started process (PID=92044) to work on /Users/dimz/EconWizard/hermesvirtual/lib/python3.8/site-packages/airflow/example_dags/example_sensor_decorator.py
[2023-11-01T22:18:27.455-0500] {processor.py:829} INFO - Processing file /Users/dimz/EconWizard/hermesvirtual/lib/python3.8/site-packages/airflow/example_dags/example_sensor_decorator.py for tasks to queue
[2023-11-01T22:18:27.455-0500] {logging_mixin.py:151} INFO - [2023-11-01T22:18:27.455-0500] {dagbag.py:536} INFO - Filling up the DagBag from /Users/dimz/EconWizard/hermesvirtual/lib/python3.8/site-packages/airflow/example_dags/example_sensor_decorator.py
[2023-11-01T22:18:27.488-0500] {processor.py:839} INFO - DAG(s) dict_keys(['example_sensor_decorator']) retrieved from /Users/dimz/EconWizard/hermesvirtual/lib/python3.8/site-packages/airflow/example_dags/example_sensor_decorator.py
[2023-11-01T22:18:27.594-0500] {logging_mixin.py:151} INFO - [2023-11-01T22:18:27.594-0500] {dag.py:2941} INFO - Sync 1 DAGs
[2023-11-01T22:18:27.600-0500] {logging_mixin.py:151} INFO - [2023-11-01T22:18:27.600-0500] {dag.py:3722} INFO - Setting next_dagrun for example_sensor_decorator to None, run_after=None
[2023-11-01T22:18:27.611-0500] {processor.py:179} INFO - Processing /Users/dimz/EconWizard/hermesvirtual/lib/python3.8/site-packages/airflow/example_dags/example_sensor_decorator.py took 0.161 seconds
[2023-11-01T22:20:15.340-0500] {processor.py:157} INFO - Started process (PID=92303) to work on /Users/dimz/EconWizard/hermesvirtual/lib/python3.8/site-packages/airflow/example_dags/example_sensor_decorator.py
[2023-11-01T22:20:15.345-0500] {processor.py:829} INFO - Processing file /Users/dimz/EconWizard/hermesvirtual/lib/python3.8/site-packages/airflow/example_dags/example_sensor_decorator.py for tasks to queue
[2023-11-01T22:20:15.345-0500] {logging_mixin.py:151} INFO - [2023-11-01T22:20:15.345-0500] {dagbag.py:536} INFO - Filling up the DagBag from /Users/dimz/EconWizard/hermesvirtual/lib/python3.8/site-packages/airflow/example_dags/example_sensor_decorator.py
[2023-11-01T22:20:15.378-0500] {processor.py:839} INFO - DAG(s) dict_keys(['example_sensor_decorator']) retrieved from /Users/dimz/EconWizard/hermesvirtual/lib/python3.8/site-packages/airflow/example_dags/example_sensor_decorator.py
[2023-11-01T22:20:15.483-0500] {logging_mixin.py:151} INFO - [2023-11-01T22:20:15.483-0500] {dag.py:2941} INFO - Sync 1 DAGs
[2023-11-01T22:20:15.488-0500] {logging_mixin.py:151} INFO - [2023-11-01T22:20:15.488-0500] {dag.py:3722} INFO - Setting next_dagrun for example_sensor_decorator to None, run_after=None
[2023-11-01T22:20:15.499-0500] {processor.py:179} INFO - Processing /Users/dimz/EconWizard/hermesvirtual/lib/python3.8/site-packages/airflow/example_dags/example_sensor_decorator.py took 0.159 seconds
[2023-11-01T22:22:12.340-0500] {processor.py:157} INFO - Started process (PID=92623) to work on /Users/dimz/EconWizard/hermesvirtual/lib/python3.8/site-packages/airflow/example_dags/example_sensor_decorator.py
[2023-11-01T22:22:12.345-0500] {processor.py:829} INFO - Processing file /Users/dimz/EconWizard/hermesvirtual/lib/python3.8/site-packages/airflow/example_dags/example_sensor_decorator.py for tasks to queue
[2023-11-01T22:22:12.345-0500] {logging_mixin.py:151} INFO - [2023-11-01T22:22:12.345-0500] {dagbag.py:536} INFO - Filling up the DagBag from /Users/dimz/EconWizard/hermesvirtual/lib/python3.8/site-packages/airflow/example_dags/example_sensor_decorator.py
[2023-11-01T22:22:12.381-0500] {processor.py:839} INFO - DAG(s) dict_keys(['example_sensor_decorator']) retrieved from /Users/dimz/EconWizard/hermesvirtual/lib/python3.8/site-packages/airflow/example_dags/example_sensor_decorator.py
[2023-11-01T22:22:12.495-0500] {logging_mixin.py:151} INFO - [2023-11-01T22:22:12.495-0500] {dag.py:2941} INFO - Sync 1 DAGs
[2023-11-01T22:22:12.502-0500] {logging_mixin.py:151} INFO - [2023-11-01T22:22:12.502-0500] {dag.py:3722} INFO - Setting next_dagrun for example_sensor_decorator to None, run_after=None
[2023-11-01T22:22:12.515-0500] {processor.py:179} INFO - Processing /Users/dimz/EconWizard/hermesvirtual/lib/python3.8/site-packages/airflow/example_dags/example_sensor_decorator.py took 0.176 seconds
[2023-11-02T00:34:51.255-0500] {processor.py:157} INFO - Started process (PID=92950) to work on /Users/dimz/EconWizard/hermesvirtual/lib/python3.8/site-packages/airflow/example_dags/example_sensor_decorator.py
[2023-11-02T00:34:51.260-0500] {processor.py:829} INFO - Processing file /Users/dimz/EconWizard/hermesvirtual/lib/python3.8/site-packages/airflow/example_dags/example_sensor_decorator.py for tasks to queue
[2023-11-02T00:34:51.261-0500] {logging_mixin.py:151} INFO - [2023-11-02T00:34:51.260-0500] {dagbag.py:536} INFO - Filling up the DagBag from /Users/dimz/EconWizard/hermesvirtual/lib/python3.8/site-packages/airflow/example_dags/example_sensor_decorator.py
[2023-11-02T00:34:51.297-0500] {processor.py:839} INFO - DAG(s) dict_keys(['example_sensor_decorator']) retrieved from /Users/dimz/EconWizard/hermesvirtual/lib/python3.8/site-packages/airflow/example_dags/example_sensor_decorator.py
[2023-11-02T00:34:51.410-0500] {logging_mixin.py:151} INFO - [2023-11-02T00:34:51.410-0500] {dag.py:2941} INFO - Sync 1 DAGs
[2023-11-02T00:34:51.416-0500] {logging_mixin.py:151} INFO - [2023-11-02T00:34:51.416-0500] {dag.py:3722} INFO - Setting next_dagrun for example_sensor_decorator to None, run_after=None
[2023-11-02T00:34:51.427-0500] {processor.py:179} INFO - Processing /Users/dimz/EconWizard/hermesvirtual/lib/python3.8/site-packages/airflow/example_dags/example_sensor_decorator.py took 0.173 seconds
[2023-11-02T03:28:10.728-0500] {processor.py:157} INFO - Started process (PID=93102) to work on /Users/dimz/EconWizard/hermesvirtual/lib/python3.8/site-packages/airflow/example_dags/example_sensor_decorator.py
[2023-11-02T03:28:10.733-0500] {processor.py:829} INFO - Processing file /Users/dimz/EconWizard/hermesvirtual/lib/python3.8/site-packages/airflow/example_dags/example_sensor_decorator.py for tasks to queue
[2023-11-02T03:28:10.733-0500] {logging_mixin.py:151} INFO - [2023-11-02T03:28:10.733-0500] {dagbag.py:536} INFO - Filling up the DagBag from /Users/dimz/EconWizard/hermesvirtual/lib/python3.8/site-packages/airflow/example_dags/example_sensor_decorator.py
[2023-11-02T03:28:10.769-0500] {processor.py:839} INFO - DAG(s) dict_keys(['example_sensor_decorator']) retrieved from /Users/dimz/EconWizard/hermesvirtual/lib/python3.8/site-packages/airflow/example_dags/example_sensor_decorator.py
[2023-11-02T03:28:10.882-0500] {logging_mixin.py:151} INFO - [2023-11-02T03:28:10.882-0500] {dag.py:2941} INFO - Sync 1 DAGs
[2023-11-02T03:28:10.889-0500] {logging_mixin.py:151} INFO - [2023-11-02T03:28:10.889-0500] {dag.py:3722} INFO - Setting next_dagrun for example_sensor_decorator to None, run_after=None
[2023-11-02T03:28:10.900-0500] {processor.py:179} INFO - Processing /Users/dimz/EconWizard/hermesvirtual/lib/python3.8/site-packages/airflow/example_dags/example_sensor_decorator.py took 0.173 seconds
[2023-11-02T06:53:44.497-0500] {processor.py:157} INFO - Started process (PID=93286) to work on /Users/dimz/EconWizard/hermesvirtual/lib/python3.8/site-packages/airflow/example_dags/example_sensor_decorator.py
[2023-11-02T06:53:44.502-0500] {processor.py:829} INFO - Processing file /Users/dimz/EconWizard/hermesvirtual/lib/python3.8/site-packages/airflow/example_dags/example_sensor_decorator.py for tasks to queue
[2023-11-02T06:53:44.502-0500] {logging_mixin.py:151} INFO - [2023-11-02T06:53:44.502-0500] {dagbag.py:536} INFO - Filling up the DagBag from /Users/dimz/EconWizard/hermesvirtual/lib/python3.8/site-packages/airflow/example_dags/example_sensor_decorator.py
[2023-11-02T06:53:44.535-0500] {processor.py:839} INFO - DAG(s) dict_keys(['example_sensor_decorator']) retrieved from /Users/dimz/EconWizard/hermesvirtual/lib/python3.8/site-packages/airflow/example_dags/example_sensor_decorator.py
[2023-11-02T06:53:44.649-0500] {logging_mixin.py:151} INFO - [2023-11-02T06:53:44.649-0500] {dag.py:2941} INFO - Sync 1 DAGs
[2023-11-02T06:53:44.655-0500] {logging_mixin.py:151} INFO - [2023-11-02T06:53:44.655-0500] {dag.py:3722} INFO - Setting next_dagrun for example_sensor_decorator to None, run_after=None
[2023-11-02T06:53:44.667-0500] {processor.py:179} INFO - Processing /Users/dimz/EconWizard/hermesvirtual/lib/python3.8/site-packages/airflow/example_dags/example_sensor_decorator.py took 0.170 seconds
[2023-11-02T08:28:56.554-0500] {processor.py:157} INFO - Started process (PID=93401) to work on /Users/dimz/EconWizard/hermesvirtual/lib/python3.8/site-packages/airflow/example_dags/example_sensor_decorator.py
[2023-11-02T08:28:56.559-0500] {processor.py:829} INFO - Processing file /Users/dimz/EconWizard/hermesvirtual/lib/python3.8/site-packages/airflow/example_dags/example_sensor_decorator.py for tasks to queue
[2023-11-02T08:28:56.560-0500] {logging_mixin.py:151} INFO - [2023-11-02T08:28:56.560-0500] {dagbag.py:536} INFO - Filling up the DagBag from /Users/dimz/EconWizard/hermesvirtual/lib/python3.8/site-packages/airflow/example_dags/example_sensor_decorator.py
[2023-11-02T08:28:56.595-0500] {processor.py:839} INFO - DAG(s) dict_keys(['example_sensor_decorator']) retrieved from /Users/dimz/EconWizard/hermesvirtual/lib/python3.8/site-packages/airflow/example_dags/example_sensor_decorator.py
[2023-11-02T08:28:56.708-0500] {logging_mixin.py:151} INFO - [2023-11-02T08:28:56.708-0500] {dag.py:2941} INFO - Sync 1 DAGs
[2023-11-02T08:28:56.714-0500] {logging_mixin.py:151} INFO - [2023-11-02T08:28:56.714-0500] {dag.py:3722} INFO - Setting next_dagrun for example_sensor_decorator to None, run_after=None
[2023-11-02T08:28:56.725-0500] {processor.py:179} INFO - Processing /Users/dimz/EconWizard/hermesvirtual/lib/python3.8/site-packages/airflow/example_dags/example_sensor_decorator.py took 0.171 seconds
[2023-11-02T08:38:08.018-0500] {processor.py:157} INFO - Started process (PID=93497) to work on /Users/dimz/EconWizard/hermesvirtual/lib/python3.8/site-packages/airflow/example_dags/example_sensor_decorator.py
[2023-11-02T08:38:08.023-0500] {processor.py:829} INFO - Processing file /Users/dimz/EconWizard/hermesvirtual/lib/python3.8/site-packages/airflow/example_dags/example_sensor_decorator.py for tasks to queue
[2023-11-02T08:38:08.023-0500] {logging_mixin.py:151} INFO - [2023-11-02T08:38:08.023-0500] {dagbag.py:536} INFO - Filling up the DagBag from /Users/dimz/EconWizard/hermesvirtual/lib/python3.8/site-packages/airflow/example_dags/example_sensor_decorator.py
[2023-11-02T08:38:08.057-0500] {processor.py:839} INFO - DAG(s) dict_keys(['example_sensor_decorator']) retrieved from /Users/dimz/EconWizard/hermesvirtual/lib/python3.8/site-packages/airflow/example_dags/example_sensor_decorator.py
[2023-11-02T08:38:08.162-0500] {logging_mixin.py:151} INFO - [2023-11-02T08:38:08.162-0500] {dag.py:2941} INFO - Sync 1 DAGs
[2023-11-02T08:38:08.168-0500] {logging_mixin.py:151} INFO - [2023-11-02T08:38:08.168-0500] {dag.py:3722} INFO - Setting next_dagrun for example_sensor_decorator to None, run_after=None
[2023-11-02T08:38:08.178-0500] {processor.py:179} INFO - Processing /Users/dimz/EconWizard/hermesvirtual/lib/python3.8/site-packages/airflow/example_dags/example_sensor_decorator.py took 0.161 seconds
[2023-11-02T09:03:08.827-0500] {processor.py:157} INFO - Started process (PID=93609) to work on /Users/dimz/EconWizard/hermesvirtual/lib/python3.8/site-packages/airflow/example_dags/example_sensor_decorator.py
[2023-11-02T09:03:08.832-0500] {processor.py:829} INFO - Processing file /Users/dimz/EconWizard/hermesvirtual/lib/python3.8/site-packages/airflow/example_dags/example_sensor_decorator.py for tasks to queue
[2023-11-02T09:03:08.832-0500] {logging_mixin.py:151} INFO - [2023-11-02T09:03:08.832-0500] {dagbag.py:536} INFO - Filling up the DagBag from /Users/dimz/EconWizard/hermesvirtual/lib/python3.8/site-packages/airflow/example_dags/example_sensor_decorator.py
[2023-11-02T09:03:08.874-0500] {processor.py:839} INFO - DAG(s) dict_keys(['example_sensor_decorator']) retrieved from /Users/dimz/EconWizard/hermesvirtual/lib/python3.8/site-packages/airflow/example_dags/example_sensor_decorator.py
[2023-11-02T09:03:09.004-0500] {logging_mixin.py:151} INFO - [2023-11-02T09:03:09.003-0500] {dag.py:2941} INFO - Sync 1 DAGs
[2023-11-02T09:03:09.011-0500] {logging_mixin.py:151} INFO - [2023-11-02T09:03:09.010-0500] {dag.py:3722} INFO - Setting next_dagrun for example_sensor_decorator to None, run_after=None
[2023-11-02T09:03:09.023-0500] {processor.py:179} INFO - Processing /Users/dimz/EconWizard/hermesvirtual/lib/python3.8/site-packages/airflow/example_dags/example_sensor_decorator.py took 0.196 seconds
[2023-11-02T09:04:33.938-0500] {processor.py:157} INFO - Started process (PID=93728) to work on /Users/dimz/EconWizard/hermesvirtual/lib/python3.8/site-packages/airflow/example_dags/example_sensor_decorator.py
[2023-11-02T09:04:33.943-0500] {processor.py:829} INFO - Processing file /Users/dimz/EconWizard/hermesvirtual/lib/python3.8/site-packages/airflow/example_dags/example_sensor_decorator.py for tasks to queue
[2023-11-02T09:04:33.943-0500] {logging_mixin.py:151} INFO - [2023-11-02T09:04:33.943-0500] {dagbag.py:536} INFO - Filling up the DagBag from /Users/dimz/EconWizard/hermesvirtual/lib/python3.8/site-packages/airflow/example_dags/example_sensor_decorator.py
[2023-11-02T09:04:33.976-0500] {processor.py:839} INFO - DAG(s) dict_keys(['example_sensor_decorator']) retrieved from /Users/dimz/EconWizard/hermesvirtual/lib/python3.8/site-packages/airflow/example_dags/example_sensor_decorator.py
[2023-11-02T09:04:34.079-0500] {logging_mixin.py:151} INFO - [2023-11-02T09:04:34.079-0500] {dag.py:2941} INFO - Sync 1 DAGs
[2023-11-02T09:04:34.085-0500] {logging_mixin.py:151} INFO - [2023-11-02T09:04:34.085-0500] {dag.py:3722} INFO - Setting next_dagrun for example_sensor_decorator to None, run_after=None
[2023-11-02T09:04:34.096-0500] {processor.py:179} INFO - Processing /Users/dimz/EconWizard/hermesvirtual/lib/python3.8/site-packages/airflow/example_dags/example_sensor_decorator.py took 0.158 seconds
[2023-11-02T09:06:30.587-0500] {processor.py:157} INFO - Started process (PID=93870) to work on /Users/dimz/EconWizard/hermesvirtual/lib/python3.8/site-packages/airflow/example_dags/example_sensor_decorator.py
[2023-11-02T09:06:30.592-0500] {processor.py:829} INFO - Processing file /Users/dimz/EconWizard/hermesvirtual/lib/python3.8/site-packages/airflow/example_dags/example_sensor_decorator.py for tasks to queue
[2023-11-02T09:06:30.593-0500] {logging_mixin.py:151} INFO - [2023-11-02T09:06:30.593-0500] {dagbag.py:536} INFO - Filling up the DagBag from /Users/dimz/EconWizard/hermesvirtual/lib/python3.8/site-packages/airflow/example_dags/example_sensor_decorator.py
[2023-11-02T09:06:30.626-0500] {processor.py:839} INFO - DAG(s) dict_keys(['example_sensor_decorator']) retrieved from /Users/dimz/EconWizard/hermesvirtual/lib/python3.8/site-packages/airflow/example_dags/example_sensor_decorator.py
[2023-11-02T09:06:30.735-0500] {logging_mixin.py:151} INFO - [2023-11-02T09:06:30.734-0500] {dag.py:2941} INFO - Sync 1 DAGs
[2023-11-02T09:06:30.740-0500] {logging_mixin.py:151} INFO - [2023-11-02T09:06:30.740-0500] {dag.py:3722} INFO - Setting next_dagrun for example_sensor_decorator to None, run_after=None
[2023-11-02T09:06:30.751-0500] {processor.py:179} INFO - Processing /Users/dimz/EconWizard/hermesvirtual/lib/python3.8/site-packages/airflow/example_dags/example_sensor_decorator.py took 0.164 seconds
[2023-11-02T09:08:34.978-0500] {processor.py:157} INFO - Started process (PID=94030) to work on /Users/dimz/EconWizard/hermesvirtual/lib/python3.8/site-packages/airflow/example_dags/example_sensor_decorator.py
[2023-11-02T09:08:34.983-0500] {processor.py:829} INFO - Processing file /Users/dimz/EconWizard/hermesvirtual/lib/python3.8/site-packages/airflow/example_dags/example_sensor_decorator.py for tasks to queue
[2023-11-02T09:08:34.983-0500] {logging_mixin.py:151} INFO - [2023-11-02T09:08:34.983-0500] {dagbag.py:536} INFO - Filling up the DagBag from /Users/dimz/EconWizard/hermesvirtual/lib/python3.8/site-packages/airflow/example_dags/example_sensor_decorator.py
[2023-11-02T09:08:35.018-0500] {processor.py:839} INFO - DAG(s) dict_keys(['example_sensor_decorator']) retrieved from /Users/dimz/EconWizard/hermesvirtual/lib/python3.8/site-packages/airflow/example_dags/example_sensor_decorator.py
[2023-11-02T09:08:35.129-0500] {logging_mixin.py:151} INFO - [2023-11-02T09:08:35.128-0500] {dag.py:2941} INFO - Sync 1 DAGs
[2023-11-02T09:08:35.134-0500] {logging_mixin.py:151} INFO - [2023-11-02T09:08:35.134-0500] {dag.py:3722} INFO - Setting next_dagrun for example_sensor_decorator to None, run_after=None
[2023-11-02T09:08:35.154-0500] {processor.py:179} INFO - Processing /Users/dimz/EconWizard/hermesvirtual/lib/python3.8/site-packages/airflow/example_dags/example_sensor_decorator.py took 0.177 seconds
[2023-11-02T09:10:42.586-0500] {processor.py:157} INFO - Started process (PID=94339) to work on /Users/dimz/EconWizard/hermesvirtual/lib/python3.8/site-packages/airflow/example_dags/example_sensor_decorator.py
[2023-11-02T09:10:42.591-0500] {processor.py:829} INFO - Processing file /Users/dimz/EconWizard/hermesvirtual/lib/python3.8/site-packages/airflow/example_dags/example_sensor_decorator.py for tasks to queue
[2023-11-02T09:10:42.591-0500] {logging_mixin.py:151} INFO - [2023-11-02T09:10:42.591-0500] {dagbag.py:536} INFO - Filling up the DagBag from /Users/dimz/EconWizard/hermesvirtual/lib/python3.8/site-packages/airflow/example_dags/example_sensor_decorator.py
[2023-11-02T09:10:42.625-0500] {processor.py:839} INFO - DAG(s) dict_keys(['example_sensor_decorator']) retrieved from /Users/dimz/EconWizard/hermesvirtual/lib/python3.8/site-packages/airflow/example_dags/example_sensor_decorator.py
[2023-11-02T09:10:42.732-0500] {logging_mixin.py:151} INFO - [2023-11-02T09:10:42.731-0500] {dag.py:2941} INFO - Sync 1 DAGs
[2023-11-02T09:10:42.737-0500] {logging_mixin.py:151} INFO - [2023-11-02T09:10:42.737-0500] {dag.py:3722} INFO - Setting next_dagrun for example_sensor_decorator to None, run_after=None
[2023-11-02T09:10:42.748-0500] {processor.py:179} INFO - Processing /Users/dimz/EconWizard/hermesvirtual/lib/python3.8/site-packages/airflow/example_dags/example_sensor_decorator.py took 0.162 seconds
[2023-11-02T09:12:51.775-0500] {processor.py:157} INFO - Started process (PID=94502) to work on /Users/dimz/EconWizard/hermesvirtual/lib/python3.8/site-packages/airflow/example_dags/example_sensor_decorator.py
[2023-11-02T09:12:51.781-0500] {processor.py:829} INFO - Processing file /Users/dimz/EconWizard/hermesvirtual/lib/python3.8/site-packages/airflow/example_dags/example_sensor_decorator.py for tasks to queue
[2023-11-02T09:12:51.781-0500] {logging_mixin.py:151} INFO - [2023-11-02T09:12:51.781-0500] {dagbag.py:536} INFO - Filling up the DagBag from /Users/dimz/EconWizard/hermesvirtual/lib/python3.8/site-packages/airflow/example_dags/example_sensor_decorator.py
[2023-11-02T09:12:51.819-0500] {processor.py:839} INFO - DAG(s) dict_keys(['example_sensor_decorator']) retrieved from /Users/dimz/EconWizard/hermesvirtual/lib/python3.8/site-packages/airflow/example_dags/example_sensor_decorator.py
[2023-11-02T09:12:51.943-0500] {logging_mixin.py:151} INFO - [2023-11-02T09:12:51.943-0500] {dag.py:2941} INFO - Sync 1 DAGs
[2023-11-02T09:12:51.950-0500] {logging_mixin.py:151} INFO - [2023-11-02T09:12:51.949-0500] {dag.py:3722} INFO - Setting next_dagrun for example_sensor_decorator to None, run_after=None
[2023-11-02T09:12:51.962-0500] {processor.py:179} INFO - Processing /Users/dimz/EconWizard/hermesvirtual/lib/python3.8/site-packages/airflow/example_dags/example_sensor_decorator.py took 0.187 seconds
[2023-11-02T09:14:58.530-0500] {processor.py:157} INFO - Started process (PID=94636) to work on /Users/dimz/EconWizard/hermesvirtual/lib/python3.8/site-packages/airflow/example_dags/example_sensor_decorator.py
[2023-11-02T09:14:58.535-0500] {processor.py:829} INFO - Processing file /Users/dimz/EconWizard/hermesvirtual/lib/python3.8/site-packages/airflow/example_dags/example_sensor_decorator.py for tasks to queue
[2023-11-02T09:14:58.535-0500] {logging_mixin.py:151} INFO - [2023-11-02T09:14:58.535-0500] {dagbag.py:536} INFO - Filling up the DagBag from /Users/dimz/EconWizard/hermesvirtual/lib/python3.8/site-packages/airflow/example_dags/example_sensor_decorator.py
[2023-11-02T09:14:58.568-0500] {processor.py:839} INFO - DAG(s) dict_keys(['example_sensor_decorator']) retrieved from /Users/dimz/EconWizard/hermesvirtual/lib/python3.8/site-packages/airflow/example_dags/example_sensor_decorator.py
[2023-11-02T09:14:58.672-0500] {logging_mixin.py:151} INFO - [2023-11-02T09:14:58.672-0500] {dag.py:2941} INFO - Sync 1 DAGs
[2023-11-02T09:14:58.677-0500] {logging_mixin.py:151} INFO - [2023-11-02T09:14:58.677-0500] {dag.py:3722} INFO - Setting next_dagrun for example_sensor_decorator to None, run_after=None
[2023-11-02T09:14:58.687-0500] {processor.py:179} INFO - Processing /Users/dimz/EconWizard/hermesvirtual/lib/python3.8/site-packages/airflow/example_dags/example_sensor_decorator.py took 0.158 seconds
[2023-11-02T09:17:02.667-0500] {processor.py:157} INFO - Started process (PID=94776) to work on /Users/dimz/EconWizard/hermesvirtual/lib/python3.8/site-packages/airflow/example_dags/example_sensor_decorator.py
[2023-11-02T09:17:02.672-0500] {processor.py:829} INFO - Processing file /Users/dimz/EconWizard/hermesvirtual/lib/python3.8/site-packages/airflow/example_dags/example_sensor_decorator.py for tasks to queue
[2023-11-02T09:17:02.672-0500] {logging_mixin.py:151} INFO - [2023-11-02T09:17:02.672-0500] {dagbag.py:536} INFO - Filling up the DagBag from /Users/dimz/EconWizard/hermesvirtual/lib/python3.8/site-packages/airflow/example_dags/example_sensor_decorator.py
[2023-11-02T09:17:02.706-0500] {processor.py:839} INFO - DAG(s) dict_keys(['example_sensor_decorator']) retrieved from /Users/dimz/EconWizard/hermesvirtual/lib/python3.8/site-packages/airflow/example_dags/example_sensor_decorator.py
[2023-11-02T09:17:02.827-0500] {logging_mixin.py:151} INFO - [2023-11-02T09:17:02.827-0500] {dag.py:2941} INFO - Sync 1 DAGs
[2023-11-02T09:17:02.833-0500] {logging_mixin.py:151} INFO - [2023-11-02T09:17:02.833-0500] {dag.py:3722} INFO - Setting next_dagrun for example_sensor_decorator to None, run_after=None
[2023-11-02T09:17:02.845-0500] {processor.py:179} INFO - Processing /Users/dimz/EconWizard/hermesvirtual/lib/python3.8/site-packages/airflow/example_dags/example_sensor_decorator.py took 0.178 seconds
[2023-11-02T09:19:07.088-0500] {processor.py:157} INFO - Started process (PID=94950) to work on /Users/dimz/EconWizard/hermesvirtual/lib/python3.8/site-packages/airflow/example_dags/example_sensor_decorator.py
[2023-11-02T09:19:07.092-0500] {processor.py:829} INFO - Processing file /Users/dimz/EconWizard/hermesvirtual/lib/python3.8/site-packages/airflow/example_dags/example_sensor_decorator.py for tasks to queue
[2023-11-02T09:19:07.093-0500] {logging_mixin.py:151} INFO - [2023-11-02T09:19:07.093-0500] {dagbag.py:536} INFO - Filling up the DagBag from /Users/dimz/EconWizard/hermesvirtual/lib/python3.8/site-packages/airflow/example_dags/example_sensor_decorator.py
[2023-11-02T09:19:07.132-0500] {processor.py:839} INFO - DAG(s) dict_keys(['example_sensor_decorator']) retrieved from /Users/dimz/EconWizard/hermesvirtual/lib/python3.8/site-packages/airflow/example_dags/example_sensor_decorator.py
[2023-11-02T09:19:07.252-0500] {logging_mixin.py:151} INFO - [2023-11-02T09:19:07.251-0500] {dag.py:2941} INFO - Sync 1 DAGs
[2023-11-02T09:19:07.257-0500] {logging_mixin.py:151} INFO - [2023-11-02T09:19:07.257-0500] {dag.py:3722} INFO - Setting next_dagrun for example_sensor_decorator to None, run_after=None
[2023-11-02T09:19:07.270-0500] {processor.py:179} INFO - Processing /Users/dimz/EconWizard/hermesvirtual/lib/python3.8/site-packages/airflow/example_dags/example_sensor_decorator.py took 0.183 seconds
[2023-11-02T09:21:15.677-0500] {processor.py:157} INFO - Started process (PID=95106) to work on /Users/dimz/EconWizard/hermesvirtual/lib/python3.8/site-packages/airflow/example_dags/example_sensor_decorator.py
[2023-11-02T09:21:15.682-0500] {processor.py:829} INFO - Processing file /Users/dimz/EconWizard/hermesvirtual/lib/python3.8/site-packages/airflow/example_dags/example_sensor_decorator.py for tasks to queue
[2023-11-02T09:21:15.683-0500] {logging_mixin.py:151} INFO - [2023-11-02T09:21:15.683-0500] {dagbag.py:536} INFO - Filling up the DagBag from /Users/dimz/EconWizard/hermesvirtual/lib/python3.8/site-packages/airflow/example_dags/example_sensor_decorator.py
[2023-11-02T09:21:15.720-0500] {processor.py:839} INFO - DAG(s) dict_keys(['example_sensor_decorator']) retrieved from /Users/dimz/EconWizard/hermesvirtual/lib/python3.8/site-packages/airflow/example_dags/example_sensor_decorator.py
[2023-11-02T09:21:15.840-0500] {logging_mixin.py:151} INFO - [2023-11-02T09:21:15.840-0500] {dag.py:2941} INFO - Sync 1 DAGs
[2023-11-02T09:21:15.847-0500] {logging_mixin.py:151} INFO - [2023-11-02T09:21:15.846-0500] {dag.py:3722} INFO - Setting next_dagrun for example_sensor_decorator to None, run_after=None
[2023-11-02T09:21:15.859-0500] {processor.py:179} INFO - Processing /Users/dimz/EconWizard/hermesvirtual/lib/python3.8/site-packages/airflow/example_dags/example_sensor_decorator.py took 0.182 seconds
[2023-11-02T09:23:24.745-0500] {processor.py:157} INFO - Started process (PID=95299) to work on /Users/dimz/EconWizard/hermesvirtual/lib/python3.8/site-packages/airflow/example_dags/example_sensor_decorator.py
[2023-11-02T09:23:24.750-0500] {processor.py:829} INFO - Processing file /Users/dimz/EconWizard/hermesvirtual/lib/python3.8/site-packages/airflow/example_dags/example_sensor_decorator.py for tasks to queue
[2023-11-02T09:23:24.751-0500] {logging_mixin.py:151} INFO - [2023-11-02T09:23:24.751-0500] {dagbag.py:536} INFO - Filling up the DagBag from /Users/dimz/EconWizard/hermesvirtual/lib/python3.8/site-packages/airflow/example_dags/example_sensor_decorator.py
[2023-11-02T09:23:24.787-0500] {processor.py:839} INFO - DAG(s) dict_keys(['example_sensor_decorator']) retrieved from /Users/dimz/EconWizard/hermesvirtual/lib/python3.8/site-packages/airflow/example_dags/example_sensor_decorator.py
[2023-11-02T09:23:24.901-0500] {logging_mixin.py:151} INFO - [2023-11-02T09:23:24.901-0500] {dag.py:2941} INFO - Sync 1 DAGs
[2023-11-02T09:23:24.907-0500] {logging_mixin.py:151} INFO - [2023-11-02T09:23:24.907-0500] {dag.py:3722} INFO - Setting next_dagrun for example_sensor_decorator to None, run_after=None
[2023-11-02T09:23:24.919-0500] {processor.py:179} INFO - Processing /Users/dimz/EconWizard/hermesvirtual/lib/python3.8/site-packages/airflow/example_dags/example_sensor_decorator.py took 0.174 seconds
[2023-11-02T09:25:29.926-0500] {processor.py:157} INFO - Started process (PID=95547) to work on /Users/dimz/EconWizard/hermesvirtual/lib/python3.8/site-packages/airflow/example_dags/example_sensor_decorator.py
[2023-11-02T09:25:29.931-0500] {processor.py:829} INFO - Processing file /Users/dimz/EconWizard/hermesvirtual/lib/python3.8/site-packages/airflow/example_dags/example_sensor_decorator.py for tasks to queue
[2023-11-02T09:25:29.931-0500] {logging_mixin.py:151} INFO - [2023-11-02T09:25:29.931-0500] {dagbag.py:536} INFO - Filling up the DagBag from /Users/dimz/EconWizard/hermesvirtual/lib/python3.8/site-packages/airflow/example_dags/example_sensor_decorator.py
[2023-11-02T09:25:29.964-0500] {processor.py:839} INFO - DAG(s) dict_keys(['example_sensor_decorator']) retrieved from /Users/dimz/EconWizard/hermesvirtual/lib/python3.8/site-packages/airflow/example_dags/example_sensor_decorator.py
[2023-11-02T09:25:30.069-0500] {logging_mixin.py:151} INFO - [2023-11-02T09:25:30.069-0500] {dag.py:2941} INFO - Sync 1 DAGs
[2023-11-02T09:25:30.075-0500] {logging_mixin.py:151} INFO - [2023-11-02T09:25:30.075-0500] {dag.py:3722} INFO - Setting next_dagrun for example_sensor_decorator to None, run_after=None
[2023-11-02T09:25:30.085-0500] {processor.py:179} INFO - Processing /Users/dimz/EconWizard/hermesvirtual/lib/python3.8/site-packages/airflow/example_dags/example_sensor_decorator.py took 0.160 seconds
[2023-11-02T09:28:18.057-0500] {processor.py:157} INFO - Started process (PID=95786) to work on /Users/dimz/EconWizard/hermesvirtual/lib/python3.8/site-packages/airflow/example_dags/example_sensor_decorator.py
[2023-11-02T09:28:18.063-0500] {processor.py:829} INFO - Processing file /Users/dimz/EconWizard/hermesvirtual/lib/python3.8/site-packages/airflow/example_dags/example_sensor_decorator.py for tasks to queue
[2023-11-02T09:28:18.063-0500] {logging_mixin.py:151} INFO - [2023-11-02T09:28:18.063-0500] {dagbag.py:536} INFO - Filling up the DagBag from /Users/dimz/EconWizard/hermesvirtual/lib/python3.8/site-packages/airflow/example_dags/example_sensor_decorator.py
[2023-11-02T09:28:18.096-0500] {processor.py:839} INFO - DAG(s) dict_keys(['example_sensor_decorator']) retrieved from /Users/dimz/EconWizard/hermesvirtual/lib/python3.8/site-packages/airflow/example_dags/example_sensor_decorator.py
[2023-11-02T09:28:18.200-0500] {logging_mixin.py:151} INFO - [2023-11-02T09:28:18.200-0500] {dag.py:2941} INFO - Sync 1 DAGs
[2023-11-02T09:28:18.206-0500] {logging_mixin.py:151} INFO - [2023-11-02T09:28:18.206-0500] {dag.py:3722} INFO - Setting next_dagrun for example_sensor_decorator to None, run_after=None
[2023-11-02T09:28:18.216-0500] {processor.py:179} INFO - Processing /Users/dimz/EconWizard/hermesvirtual/lib/python3.8/site-packages/airflow/example_dags/example_sensor_decorator.py took 0.159 seconds
[2023-11-02T09:30:35.827-0500] {processor.py:157} INFO - Started process (PID=95971) to work on /Users/dimz/EconWizard/hermesvirtual/lib/python3.8/site-packages/airflow/example_dags/example_sensor_decorator.py
[2023-11-02T09:30:35.832-0500] {processor.py:829} INFO - Processing file /Users/dimz/EconWizard/hermesvirtual/lib/python3.8/site-packages/airflow/example_dags/example_sensor_decorator.py for tasks to queue
[2023-11-02T09:30:35.833-0500] {logging_mixin.py:151} INFO - [2023-11-02T09:30:35.832-0500] {dagbag.py:536} INFO - Filling up the DagBag from /Users/dimz/EconWizard/hermesvirtual/lib/python3.8/site-packages/airflow/example_dags/example_sensor_decorator.py
[2023-11-02T09:30:35.866-0500] {processor.py:839} INFO - DAG(s) dict_keys(['example_sensor_decorator']) retrieved from /Users/dimz/EconWizard/hermesvirtual/lib/python3.8/site-packages/airflow/example_dags/example_sensor_decorator.py
[2023-11-02T09:30:35.971-0500] {logging_mixin.py:151} INFO - [2023-11-02T09:30:35.970-0500] {dag.py:2941} INFO - Sync 1 DAGs
[2023-11-02T09:30:35.976-0500] {logging_mixin.py:151} INFO - [2023-11-02T09:30:35.976-0500] {dag.py:3722} INFO - Setting next_dagrun for example_sensor_decorator to None, run_after=None
[2023-11-02T09:30:35.987-0500] {processor.py:179} INFO - Processing /Users/dimz/EconWizard/hermesvirtual/lib/python3.8/site-packages/airflow/example_dags/example_sensor_decorator.py took 0.160 seconds
[2023-11-02T10:13:26.216-0500] {processor.py:157} INFO - Started process (PID=97552) to work on /Users/dimz/EconWizard/hermesvirtual/lib/python3.8/site-packages/airflow/example_dags/example_sensor_decorator.py
[2023-11-02T10:13:26.221-0500] {processor.py:829} INFO - Processing file /Users/dimz/EconWizard/hermesvirtual/lib/python3.8/site-packages/airflow/example_dags/example_sensor_decorator.py for tasks to queue
[2023-11-02T10:13:26.221-0500] {logging_mixin.py:151} INFO - [2023-11-02T10:13:26.221-0500] {dagbag.py:536} INFO - Filling up the DagBag from /Users/dimz/EconWizard/hermesvirtual/lib/python3.8/site-packages/airflow/example_dags/example_sensor_decorator.py
[2023-11-02T10:13:26.255-0500] {processor.py:839} INFO - DAG(s) dict_keys(['example_sensor_decorator']) retrieved from /Users/dimz/EconWizard/hermesvirtual/lib/python3.8/site-packages/airflow/example_dags/example_sensor_decorator.py
[2023-11-02T10:13:26.361-0500] {logging_mixin.py:151} INFO - [2023-11-02T10:13:26.361-0500] {dag.py:2941} INFO - Sync 1 DAGs
[2023-11-02T10:13:26.367-0500] {logging_mixin.py:151} INFO - [2023-11-02T10:13:26.367-0500] {dag.py:3722} INFO - Setting next_dagrun for example_sensor_decorator to None, run_after=None
[2023-11-02T10:13:26.377-0500] {processor.py:179} INFO - Processing /Users/dimz/EconWizard/hermesvirtual/lib/python3.8/site-packages/airflow/example_dags/example_sensor_decorator.py took 0.162 seconds
[2023-11-02T10:14:57.637-0500] {processor.py:157} INFO - Started process (PID=97649) to work on /Users/dimz/EconWizard/hermesvirtual/lib/python3.8/site-packages/airflow/example_dags/example_sensor_decorator.py
[2023-11-02T10:14:57.642-0500] {processor.py:829} INFO - Processing file /Users/dimz/EconWizard/hermesvirtual/lib/python3.8/site-packages/airflow/example_dags/example_sensor_decorator.py for tasks to queue
[2023-11-02T10:14:57.643-0500] {logging_mixin.py:151} INFO - [2023-11-02T10:14:57.642-0500] {dagbag.py:536} INFO - Filling up the DagBag from /Users/dimz/EconWizard/hermesvirtual/lib/python3.8/site-packages/airflow/example_dags/example_sensor_decorator.py
[2023-11-02T10:14:57.676-0500] {processor.py:839} INFO - DAG(s) dict_keys(['example_sensor_decorator']) retrieved from /Users/dimz/EconWizard/hermesvirtual/lib/python3.8/site-packages/airflow/example_dags/example_sensor_decorator.py
[2023-11-02T10:14:57.780-0500] {logging_mixin.py:151} INFO - [2023-11-02T10:14:57.779-0500] {dag.py:2941} INFO - Sync 1 DAGs
[2023-11-02T10:14:57.785-0500] {logging_mixin.py:151} INFO - [2023-11-02T10:14:57.785-0500] {dag.py:3722} INFO - Setting next_dagrun for example_sensor_decorator to None, run_after=None
[2023-11-02T10:14:57.796-0500] {processor.py:179} INFO - Processing /Users/dimz/EconWizard/hermesvirtual/lib/python3.8/site-packages/airflow/example_dags/example_sensor_decorator.py took 0.159 seconds
[2023-11-02T10:39:13.625-0500] {processor.py:157} INFO - Started process (PID=99885) to work on /Users/dimz/EconWizard/hermesvirtual/lib/python3.8/site-packages/airflow/example_dags/example_sensor_decorator.py
[2023-11-02T10:39:13.630-0500] {processor.py:829} INFO - Processing file /Users/dimz/EconWizard/hermesvirtual/lib/python3.8/site-packages/airflow/example_dags/example_sensor_decorator.py for tasks to queue
[2023-11-02T10:39:13.631-0500] {logging_mixin.py:151} INFO - [2023-11-02T10:39:13.630-0500] {dagbag.py:536} INFO - Filling up the DagBag from /Users/dimz/EconWizard/hermesvirtual/lib/python3.8/site-packages/airflow/example_dags/example_sensor_decorator.py
[2023-11-02T10:39:13.665-0500] {processor.py:839} INFO - DAG(s) dict_keys(['example_sensor_decorator']) retrieved from /Users/dimz/EconWizard/hermesvirtual/lib/python3.8/site-packages/airflow/example_dags/example_sensor_decorator.py
[2023-11-02T10:39:13.773-0500] {logging_mixin.py:151} INFO - [2023-11-02T10:39:13.773-0500] {dag.py:2941} INFO - Sync 1 DAGs
[2023-11-02T10:39:13.779-0500] {logging_mixin.py:151} INFO - [2023-11-02T10:39:13.778-0500] {dag.py:3722} INFO - Setting next_dagrun for example_sensor_decorator to None, run_after=None
[2023-11-02T10:39:13.788-0500] {processor.py:179} INFO - Processing /Users/dimz/EconWizard/hermesvirtual/lib/python3.8/site-packages/airflow/example_dags/example_sensor_decorator.py took 0.164 seconds
[2023-11-02T10:40:47.543-0500] {processor.py:157} INFO - Started process (PID=102) to work on /Users/dimz/EconWizard/hermesvirtual/lib/python3.8/site-packages/airflow/example_dags/example_sensor_decorator.py
[2023-11-02T10:40:47.548-0500] {processor.py:829} INFO - Processing file /Users/dimz/EconWizard/hermesvirtual/lib/python3.8/site-packages/airflow/example_dags/example_sensor_decorator.py for tasks to queue
[2023-11-02T10:40:47.548-0500] {logging_mixin.py:151} INFO - [2023-11-02T10:40:47.548-0500] {dagbag.py:536} INFO - Filling up the DagBag from /Users/dimz/EconWizard/hermesvirtual/lib/python3.8/site-packages/airflow/example_dags/example_sensor_decorator.py
[2023-11-02T10:40:47.582-0500] {processor.py:839} INFO - DAG(s) dict_keys(['example_sensor_decorator']) retrieved from /Users/dimz/EconWizard/hermesvirtual/lib/python3.8/site-packages/airflow/example_dags/example_sensor_decorator.py
[2023-11-02T10:40:47.689-0500] {logging_mixin.py:151} INFO - [2023-11-02T10:40:47.689-0500] {dag.py:2941} INFO - Sync 1 DAGs
[2023-11-02T10:40:47.695-0500] {logging_mixin.py:151} INFO - [2023-11-02T10:40:47.695-0500] {dag.py:3722} INFO - Setting next_dagrun for example_sensor_decorator to None, run_after=None
[2023-11-02T10:40:47.705-0500] {processor.py:179} INFO - Processing /Users/dimz/EconWizard/hermesvirtual/lib/python3.8/site-packages/airflow/example_dags/example_sensor_decorator.py took 0.163 seconds
[2023-11-02T10:42:50.011-0500] {processor.py:157} INFO - Started process (PID=352) to work on /Users/dimz/EconWizard/hermesvirtual/lib/python3.8/site-packages/airflow/example_dags/example_sensor_decorator.py
[2023-11-02T10:42:50.016-0500] {processor.py:829} INFO - Processing file /Users/dimz/EconWizard/hermesvirtual/lib/python3.8/site-packages/airflow/example_dags/example_sensor_decorator.py for tasks to queue
[2023-11-02T10:42:50.017-0500] {logging_mixin.py:151} INFO - [2023-11-02T10:42:50.017-0500] {dagbag.py:536} INFO - Filling up the DagBag from /Users/dimz/EconWizard/hermesvirtual/lib/python3.8/site-packages/airflow/example_dags/example_sensor_decorator.py
[2023-11-02T10:42:50.055-0500] {processor.py:839} INFO - DAG(s) dict_keys(['example_sensor_decorator']) retrieved from /Users/dimz/EconWizard/hermesvirtual/lib/python3.8/site-packages/airflow/example_dags/example_sensor_decorator.py
[2023-11-02T10:42:50.173-0500] {logging_mixin.py:151} INFO - [2023-11-02T10:42:50.173-0500] {dag.py:2941} INFO - Sync 1 DAGs
[2023-11-02T10:42:50.179-0500] {logging_mixin.py:151} INFO - [2023-11-02T10:42:50.179-0500] {dag.py:3722} INFO - Setting next_dagrun for example_sensor_decorator to None, run_after=None
[2023-11-02T10:42:50.190-0500] {processor.py:179} INFO - Processing /Users/dimz/EconWizard/hermesvirtual/lib/python3.8/site-packages/airflow/example_dags/example_sensor_decorator.py took 0.180 seconds
