[2023-11-01T21:35:45.653-0500] {processor.py:157} INFO - Started process (PID=87705) to work on /Users/dimz/EconWizard/hermesvirtual/lib/python3.8/site-packages/airflow/example_dags/example_setup_teardown_taskflow.py
[2023-11-01T21:35:45.657-0500] {processor.py:829} INFO - Processing file /Users/dimz/EconWizard/hermesvirtual/lib/python3.8/site-packages/airflow/example_dags/example_setup_teardown_taskflow.py for tasks to queue
[2023-11-01T21:35:45.658-0500] {logging_mixin.py:151} INFO - [2023-11-01T21:35:45.657-0500] {dagbag.py:536} INFO - Filling up the DagBag from /Users/dimz/EconWizard/hermesvirtual/lib/python3.8/site-packages/airflow/example_dags/example_setup_teardown_taskflow.py
[2023-11-01T21:35:45.692-0500] {processor.py:839} INFO - DAG(s) dict_keys(['example_setup_teardown_taskflow']) retrieved from /Users/dimz/EconWizard/hermesvirtual/lib/python3.8/site-packages/airflow/example_dags/example_setup_teardown_taskflow.py
[2023-11-01T21:35:46.026-0500] {logging_mixin.py:151} INFO - [2023-11-01T21:35:46.026-0500] {manager.py:499} INFO - Created Permission View: %s
[2023-11-01T21:35:46.030-0500] {logging_mixin.py:151} INFO - [2023-11-01T21:35:46.030-0500] {manager.py:499} INFO - Created Permission View: %s
[2023-11-01T21:35:46.033-0500] {logging_mixin.py:151} INFO - [2023-11-01T21:35:46.033-0500] {manager.py:499} INFO - Created Permission View: %s
[2023-11-01T21:35:46.033-0500] {logging_mixin.py:151} INFO - [2023-11-01T21:35:46.033-0500] {dag.py:2941} INFO - Sync 1 DAGs
[2023-11-01T21:35:46.039-0500] {logging_mixin.py:151} INFO - [2023-11-01T21:35:46.039-0500] {dag.py:2963} INFO - Creating ORM DAG for example_setup_teardown_taskflow
[2023-11-01T21:35:46.044-0500] {logging_mixin.py:151} INFO - [2023-11-01T21:35:46.043-0500] {dag.py:3722} INFO - Setting next_dagrun for example_setup_teardown_taskflow to 2023-11-01T02:35:46.043885+00:00, run_after=2023-11-02T02:35:46.043885+00:00
[2023-11-01T21:35:46.053-0500] {processor.py:179} INFO - Processing /Users/dimz/EconWizard/hermesvirtual/lib/python3.8/site-packages/airflow/example_dags/example_setup_teardown_taskflow.py took 0.400 seconds
[2023-11-01T21:37:14.739-0500] {processor.py:157} INFO - Started process (PID=87853) to work on /Users/dimz/EconWizard/hermesvirtual/lib/python3.8/site-packages/airflow/example_dags/example_setup_teardown_taskflow.py
[2023-11-01T21:37:14.744-0500] {processor.py:829} INFO - Processing file /Users/dimz/EconWizard/hermesvirtual/lib/python3.8/site-packages/airflow/example_dags/example_setup_teardown_taskflow.py for tasks to queue
[2023-11-01T21:37:14.744-0500] {logging_mixin.py:151} INFO - [2023-11-01T21:37:14.744-0500] {dagbag.py:536} INFO - Filling up the DagBag from /Users/dimz/EconWizard/hermesvirtual/lib/python3.8/site-packages/airflow/example_dags/example_setup_teardown_taskflow.py
[2023-11-01T21:37:14.779-0500] {processor.py:839} INFO - DAG(s) dict_keys(['example_setup_teardown_taskflow']) retrieved from /Users/dimz/EconWizard/hermesvirtual/lib/python3.8/site-packages/airflow/example_dags/example_setup_teardown_taskflow.py
[2023-11-01T21:37:14.879-0500] {logging_mixin.py:151} INFO - [2023-11-01T21:37:14.879-0500] {dag.py:2941} INFO - Sync 1 DAGs
[2023-11-01T21:37:14.889-0500] {logging_mixin.py:151} INFO - [2023-11-01T21:37:14.889-0500] {dag.py:3722} INFO - Setting next_dagrun for example_setup_teardown_taskflow to 2023-11-01T02:37:14.889400+00:00, run_after=2023-11-02T02:37:14.889400+00:00
[2023-11-01T21:37:14.900-0500] {processor.py:179} INFO - Processing /Users/dimz/EconWizard/hermesvirtual/lib/python3.8/site-packages/airflow/example_dags/example_setup_teardown_taskflow.py took 0.161 seconds
[2023-11-01T21:39:06.747-0500] {processor.py:157} INFO - Started process (PID=88056) to work on /Users/dimz/EconWizard/hermesvirtual/lib/python3.8/site-packages/airflow/example_dags/example_setup_teardown_taskflow.py
[2023-11-01T21:39:06.752-0500] {processor.py:829} INFO - Processing file /Users/dimz/EconWizard/hermesvirtual/lib/python3.8/site-packages/airflow/example_dags/example_setup_teardown_taskflow.py for tasks to queue
[2023-11-01T21:39:06.752-0500] {logging_mixin.py:151} INFO - [2023-11-01T21:39:06.752-0500] {dagbag.py:536} INFO - Filling up the DagBag from /Users/dimz/EconWizard/hermesvirtual/lib/python3.8/site-packages/airflow/example_dags/example_setup_teardown_taskflow.py
[2023-11-01T21:39:06.789-0500] {processor.py:839} INFO - DAG(s) dict_keys(['example_setup_teardown_taskflow']) retrieved from /Users/dimz/EconWizard/hermesvirtual/lib/python3.8/site-packages/airflow/example_dags/example_setup_teardown_taskflow.py
[2023-11-01T21:39:06.890-0500] {logging_mixin.py:151} INFO - [2023-11-01T21:39:06.890-0500] {dag.py:2941} INFO - Sync 1 DAGs
[2023-11-01T21:39:06.900-0500] {logging_mixin.py:151} INFO - [2023-11-01T21:39:06.900-0500] {dag.py:3722} INFO - Setting next_dagrun for example_setup_teardown_taskflow to 2023-11-01T02:39:06.900404+00:00, run_after=2023-11-02T02:39:06.900404+00:00
[2023-11-01T21:39:06.912-0500] {processor.py:179} INFO - Processing /Users/dimz/EconWizard/hermesvirtual/lib/python3.8/site-packages/airflow/example_dags/example_setup_teardown_taskflow.py took 0.165 seconds
[2023-11-01T21:41:05.760-0500] {processor.py:157} INFO - Started process (PID=88323) to work on /Users/dimz/EconWizard/hermesvirtual/lib/python3.8/site-packages/airflow/example_dags/example_setup_teardown_taskflow.py
[2023-11-01T21:41:05.765-0500] {processor.py:829} INFO - Processing file /Users/dimz/EconWizard/hermesvirtual/lib/python3.8/site-packages/airflow/example_dags/example_setup_teardown_taskflow.py for tasks to queue
[2023-11-01T21:41:05.765-0500] {logging_mixin.py:151} INFO - [2023-11-01T21:41:05.765-0500] {dagbag.py:536} INFO - Filling up the DagBag from /Users/dimz/EconWizard/hermesvirtual/lib/python3.8/site-packages/airflow/example_dags/example_setup_teardown_taskflow.py
[2023-11-01T21:41:05.800-0500] {processor.py:839} INFO - DAG(s) dict_keys(['example_setup_teardown_taskflow']) retrieved from /Users/dimz/EconWizard/hermesvirtual/lib/python3.8/site-packages/airflow/example_dags/example_setup_teardown_taskflow.py
[2023-11-01T21:41:05.902-0500] {logging_mixin.py:151} INFO - [2023-11-01T21:41:05.902-0500] {dag.py:2941} INFO - Sync 1 DAGs
[2023-11-01T21:41:05.911-0500] {logging_mixin.py:151} INFO - [2023-11-01T21:41:05.911-0500] {dag.py:3722} INFO - Setting next_dagrun for example_setup_teardown_taskflow to 2023-11-01T02:41:05.911709+00:00, run_after=2023-11-02T02:41:05.911709+00:00
[2023-11-01T21:41:05.922-0500] {processor.py:179} INFO - Processing /Users/dimz/EconWizard/hermesvirtual/lib/python3.8/site-packages/airflow/example_dags/example_setup_teardown_taskflow.py took 0.163 seconds
[2023-11-01T21:42:59.415-0500] {processor.py:157} INFO - Started process (PID=88591) to work on /Users/dimz/EconWizard/hermesvirtual/lib/python3.8/site-packages/airflow/example_dags/example_setup_teardown_taskflow.py
[2023-11-01T21:42:59.420-0500] {processor.py:829} INFO - Processing file /Users/dimz/EconWizard/hermesvirtual/lib/python3.8/site-packages/airflow/example_dags/example_setup_teardown_taskflow.py for tasks to queue
[2023-11-01T21:42:59.420-0500] {logging_mixin.py:151} INFO - [2023-11-01T21:42:59.420-0500] {dagbag.py:536} INFO - Filling up the DagBag from /Users/dimz/EconWizard/hermesvirtual/lib/python3.8/site-packages/airflow/example_dags/example_setup_teardown_taskflow.py
[2023-11-01T21:42:59.460-0500] {processor.py:839} INFO - DAG(s) dict_keys(['example_setup_teardown_taskflow']) retrieved from /Users/dimz/EconWizard/hermesvirtual/lib/python3.8/site-packages/airflow/example_dags/example_setup_teardown_taskflow.py
[2023-11-01T21:42:59.575-0500] {logging_mixin.py:151} INFO - [2023-11-01T21:42:59.575-0500] {dag.py:2941} INFO - Sync 1 DAGs
[2023-11-01T21:42:59.586-0500] {logging_mixin.py:151} INFO - [2023-11-01T21:42:59.586-0500] {dag.py:3722} INFO - Setting next_dagrun for example_setup_teardown_taskflow to 2023-11-01T02:42:59.586181+00:00, run_after=2023-11-02T02:42:59.586181+00:00
[2023-11-01T21:42:59.597-0500] {processor.py:179} INFO - Processing /Users/dimz/EconWizard/hermesvirtual/lib/python3.8/site-packages/airflow/example_dags/example_setup_teardown_taskflow.py took 0.183 seconds
[2023-11-01T21:44:52.661-0500] {processor.py:157} INFO - Started process (PID=88750) to work on /Users/dimz/EconWizard/hermesvirtual/lib/python3.8/site-packages/airflow/example_dags/example_setup_teardown_taskflow.py
[2023-11-01T21:44:52.666-0500] {processor.py:829} INFO - Processing file /Users/dimz/EconWizard/hermesvirtual/lib/python3.8/site-packages/airflow/example_dags/example_setup_teardown_taskflow.py for tasks to queue
[2023-11-01T21:44:52.666-0500] {logging_mixin.py:151} INFO - [2023-11-01T21:44:52.666-0500] {dagbag.py:536} INFO - Filling up the DagBag from /Users/dimz/EconWizard/hermesvirtual/lib/python3.8/site-packages/airflow/example_dags/example_setup_teardown_taskflow.py
[2023-11-01T21:44:52.701-0500] {processor.py:839} INFO - DAG(s) dict_keys(['example_setup_teardown_taskflow']) retrieved from /Users/dimz/EconWizard/hermesvirtual/lib/python3.8/site-packages/airflow/example_dags/example_setup_teardown_taskflow.py
[2023-11-01T21:44:52.800-0500] {logging_mixin.py:151} INFO - [2023-11-01T21:44:52.800-0500] {dag.py:2941} INFO - Sync 1 DAGs
[2023-11-01T21:44:52.809-0500] {logging_mixin.py:151} INFO - [2023-11-01T21:44:52.809-0500] {dag.py:3722} INFO - Setting next_dagrun for example_setup_teardown_taskflow to 2023-11-01T02:44:52.809607+00:00, run_after=2023-11-02T02:44:52.809607+00:00
[2023-11-01T21:44:52.820-0500] {processor.py:179} INFO - Processing /Users/dimz/EconWizard/hermesvirtual/lib/python3.8/site-packages/airflow/example_dags/example_setup_teardown_taskflow.py took 0.159 seconds
[2023-11-01T21:46:57.336-0500] {processor.py:157} INFO - Started process (PID=89001) to work on /Users/dimz/EconWizard/hermesvirtual/lib/python3.8/site-packages/airflow/example_dags/example_setup_teardown_taskflow.py
[2023-11-01T21:46:57.342-0500] {processor.py:829} INFO - Processing file /Users/dimz/EconWizard/hermesvirtual/lib/python3.8/site-packages/airflow/example_dags/example_setup_teardown_taskflow.py for tasks to queue
[2023-11-01T21:46:57.342-0500] {logging_mixin.py:151} INFO - [2023-11-01T21:46:57.342-0500] {dagbag.py:536} INFO - Filling up the DagBag from /Users/dimz/EconWizard/hermesvirtual/lib/python3.8/site-packages/airflow/example_dags/example_setup_teardown_taskflow.py
[2023-11-01T21:46:57.382-0500] {processor.py:839} INFO - DAG(s) dict_keys(['example_setup_teardown_taskflow']) retrieved from /Users/dimz/EconWizard/hermesvirtual/lib/python3.8/site-packages/airflow/example_dags/example_setup_teardown_taskflow.py
[2023-11-01T21:46:57.495-0500] {logging_mixin.py:151} INFO - [2023-11-01T21:46:57.495-0500] {dag.py:2941} INFO - Sync 1 DAGs
[2023-11-01T21:46:57.505-0500] {logging_mixin.py:151} INFO - [2023-11-01T21:46:57.505-0500] {dag.py:3722} INFO - Setting next_dagrun for example_setup_teardown_taskflow to 2023-11-01T02:46:57.505524+00:00, run_after=2023-11-02T02:46:57.505524+00:00
[2023-11-01T21:46:57.516-0500] {processor.py:179} INFO - Processing /Users/dimz/EconWizard/hermesvirtual/lib/python3.8/site-packages/airflow/example_dags/example_setup_teardown_taskflow.py took 0.181 seconds
[2023-11-01T21:48:59.677-0500] {processor.py:157} INFO - Started process (PID=89170) to work on /Users/dimz/EconWizard/hermesvirtual/lib/python3.8/site-packages/airflow/example_dags/example_setup_teardown_taskflow.py
[2023-11-01T21:48:59.682-0500] {processor.py:829} INFO - Processing file /Users/dimz/EconWizard/hermesvirtual/lib/python3.8/site-packages/airflow/example_dags/example_setup_teardown_taskflow.py for tasks to queue
[2023-11-01T21:48:59.682-0500] {logging_mixin.py:151} INFO - [2023-11-01T21:48:59.682-0500] {dagbag.py:536} INFO - Filling up the DagBag from /Users/dimz/EconWizard/hermesvirtual/lib/python3.8/site-packages/airflow/example_dags/example_setup_teardown_taskflow.py
[2023-11-01T21:48:59.717-0500] {processor.py:839} INFO - DAG(s) dict_keys(['example_setup_teardown_taskflow']) retrieved from /Users/dimz/EconWizard/hermesvirtual/lib/python3.8/site-packages/airflow/example_dags/example_setup_teardown_taskflow.py
[2023-11-01T21:48:59.817-0500] {logging_mixin.py:151} INFO - [2023-11-01T21:48:59.817-0500] {dag.py:2941} INFO - Sync 1 DAGs
[2023-11-01T21:48:59.826-0500] {logging_mixin.py:151} INFO - [2023-11-01T21:48:59.826-0500] {dag.py:3722} INFO - Setting next_dagrun for example_setup_teardown_taskflow to 2023-11-01T02:48:59.826435+00:00, run_after=2023-11-02T02:48:59.826435+00:00
[2023-11-01T21:48:59.836-0500] {processor.py:179} INFO - Processing /Users/dimz/EconWizard/hermesvirtual/lib/python3.8/site-packages/airflow/example_dags/example_setup_teardown_taskflow.py took 0.160 seconds
[2023-11-01T21:50:58.366-0500] {processor.py:157} INFO - Started process (PID=89354) to work on /Users/dimz/EconWizard/hermesvirtual/lib/python3.8/site-packages/airflow/example_dags/example_setup_teardown_taskflow.py
[2023-11-01T21:50:58.371-0500] {processor.py:829} INFO - Processing file /Users/dimz/EconWizard/hermesvirtual/lib/python3.8/site-packages/airflow/example_dags/example_setup_teardown_taskflow.py for tasks to queue
[2023-11-01T21:50:58.371-0500] {logging_mixin.py:151} INFO - [2023-11-01T21:50:58.371-0500] {dagbag.py:536} INFO - Filling up the DagBag from /Users/dimz/EconWizard/hermesvirtual/lib/python3.8/site-packages/airflow/example_dags/example_setup_teardown_taskflow.py
[2023-11-01T21:50:58.405-0500] {processor.py:839} INFO - DAG(s) dict_keys(['example_setup_teardown_taskflow']) retrieved from /Users/dimz/EconWizard/hermesvirtual/lib/python3.8/site-packages/airflow/example_dags/example_setup_teardown_taskflow.py
[2023-11-01T21:50:58.506-0500] {logging_mixin.py:151} INFO - [2023-11-01T21:50:58.506-0500] {dag.py:2941} INFO - Sync 1 DAGs
[2023-11-01T21:50:58.515-0500] {logging_mixin.py:151} INFO - [2023-11-01T21:50:58.515-0500] {dag.py:3722} INFO - Setting next_dagrun for example_setup_teardown_taskflow to 2023-11-01T02:50:58.515434+00:00, run_after=2023-11-02T02:50:58.515434+00:00
[2023-11-01T21:50:58.526-0500] {processor.py:179} INFO - Processing /Users/dimz/EconWizard/hermesvirtual/lib/python3.8/site-packages/airflow/example_dags/example_setup_teardown_taskflow.py took 0.160 seconds
[2023-11-01T21:52:54.045-0500] {processor.py:157} INFO - Started process (PID=89514) to work on /Users/dimz/EconWizard/hermesvirtual/lib/python3.8/site-packages/airflow/example_dags/example_setup_teardown_taskflow.py
[2023-11-01T21:52:54.050-0500] {processor.py:829} INFO - Processing file /Users/dimz/EconWizard/hermesvirtual/lib/python3.8/site-packages/airflow/example_dags/example_setup_teardown_taskflow.py for tasks to queue
[2023-11-01T21:52:54.050-0500] {logging_mixin.py:151} INFO - [2023-11-01T21:52:54.050-0500] {dagbag.py:536} INFO - Filling up the DagBag from /Users/dimz/EconWizard/hermesvirtual/lib/python3.8/site-packages/airflow/example_dags/example_setup_teardown_taskflow.py
[2023-11-01T21:52:54.090-0500] {processor.py:839} INFO - DAG(s) dict_keys(['example_setup_teardown_taskflow']) retrieved from /Users/dimz/EconWizard/hermesvirtual/lib/python3.8/site-packages/airflow/example_dags/example_setup_teardown_taskflow.py
[2023-11-01T21:52:54.198-0500] {logging_mixin.py:151} INFO - [2023-11-01T21:52:54.197-0500] {dag.py:2941} INFO - Sync 1 DAGs
[2023-11-01T21:52:54.208-0500] {logging_mixin.py:151} INFO - [2023-11-01T21:52:54.208-0500] {dag.py:3722} INFO - Setting next_dagrun for example_setup_teardown_taskflow to 2023-11-01T02:52:54.208480+00:00, run_after=2023-11-02T02:52:54.208480+00:00
[2023-11-01T21:52:54.221-0500] {processor.py:179} INFO - Processing /Users/dimz/EconWizard/hermesvirtual/lib/python3.8/site-packages/airflow/example_dags/example_setup_teardown_taskflow.py took 0.177 seconds
[2023-11-01T21:54:55.752-0500] {processor.py:157} INFO - Started process (PID=89690) to work on /Users/dimz/EconWizard/hermesvirtual/lib/python3.8/site-packages/airflow/example_dags/example_setup_teardown_taskflow.py
[2023-11-01T21:54:55.757-0500] {processor.py:829} INFO - Processing file /Users/dimz/EconWizard/hermesvirtual/lib/python3.8/site-packages/airflow/example_dags/example_setup_teardown_taskflow.py for tasks to queue
[2023-11-01T21:54:55.757-0500] {logging_mixin.py:151} INFO - [2023-11-01T21:54:55.757-0500] {dagbag.py:536} INFO - Filling up the DagBag from /Users/dimz/EconWizard/hermesvirtual/lib/python3.8/site-packages/airflow/example_dags/example_setup_teardown_taskflow.py
[2023-11-01T21:54:55.791-0500] {processor.py:839} INFO - DAG(s) dict_keys(['example_setup_teardown_taskflow']) retrieved from /Users/dimz/EconWizard/hermesvirtual/lib/python3.8/site-packages/airflow/example_dags/example_setup_teardown_taskflow.py
[2023-11-01T21:54:55.889-0500] {logging_mixin.py:151} INFO - [2023-11-01T21:54:55.889-0500] {dag.py:2941} INFO - Sync 1 DAGs
[2023-11-01T21:54:55.898-0500] {logging_mixin.py:151} INFO - [2023-11-01T21:54:55.898-0500] {dag.py:3722} INFO - Setting next_dagrun for example_setup_teardown_taskflow to 2023-11-01T02:54:55.898330+00:00, run_after=2023-11-02T02:54:55.898330+00:00
[2023-11-01T21:54:55.908-0500] {processor.py:179} INFO - Processing /Users/dimz/EconWizard/hermesvirtual/lib/python3.8/site-packages/airflow/example_dags/example_setup_teardown_taskflow.py took 0.157 seconds
[2023-11-01T21:56:51.514-0500] {processor.py:157} INFO - Started process (PID=89846) to work on /Users/dimz/EconWizard/hermesvirtual/lib/python3.8/site-packages/airflow/example_dags/example_setup_teardown_taskflow.py
[2023-11-01T21:56:51.519-0500] {processor.py:829} INFO - Processing file /Users/dimz/EconWizard/hermesvirtual/lib/python3.8/site-packages/airflow/example_dags/example_setup_teardown_taskflow.py for tasks to queue
[2023-11-01T21:56:51.520-0500] {logging_mixin.py:151} INFO - [2023-11-01T21:56:51.519-0500] {dagbag.py:536} INFO - Filling up the DagBag from /Users/dimz/EconWizard/hermesvirtual/lib/python3.8/site-packages/airflow/example_dags/example_setup_teardown_taskflow.py
[2023-11-01T21:56:51.563-0500] {processor.py:839} INFO - DAG(s) dict_keys(['example_setup_teardown_taskflow']) retrieved from /Users/dimz/EconWizard/hermesvirtual/lib/python3.8/site-packages/airflow/example_dags/example_setup_teardown_taskflow.py
[2023-11-01T21:56:51.677-0500] {logging_mixin.py:151} INFO - [2023-11-01T21:56:51.677-0500] {dag.py:2941} INFO - Sync 1 DAGs
[2023-11-01T21:56:51.688-0500] {logging_mixin.py:151} INFO - [2023-11-01T21:56:51.688-0500] {dag.py:3722} INFO - Setting next_dagrun for example_setup_teardown_taskflow to 2023-11-01T02:56:51.688251+00:00, run_after=2023-11-02T02:56:51.688251+00:00
[2023-11-01T21:56:51.701-0500] {processor.py:179} INFO - Processing /Users/dimz/EconWizard/hermesvirtual/lib/python3.8/site-packages/airflow/example_dags/example_setup_teardown_taskflow.py took 0.187 seconds
[2023-11-01T21:58:54.278-0500] {processor.py:157} INFO - Started process (PID=90044) to work on /Users/dimz/EconWizard/hermesvirtual/lib/python3.8/site-packages/airflow/example_dags/example_setup_teardown_taskflow.py
[2023-11-01T21:58:54.283-0500] {processor.py:829} INFO - Processing file /Users/dimz/EconWizard/hermesvirtual/lib/python3.8/site-packages/airflow/example_dags/example_setup_teardown_taskflow.py for tasks to queue
[2023-11-01T21:58:54.283-0500] {logging_mixin.py:151} INFO - [2023-11-01T21:58:54.283-0500] {dagbag.py:536} INFO - Filling up the DagBag from /Users/dimz/EconWizard/hermesvirtual/lib/python3.8/site-packages/airflow/example_dags/example_setup_teardown_taskflow.py
[2023-11-01T21:58:54.321-0500] {processor.py:839} INFO - DAG(s) dict_keys(['example_setup_teardown_taskflow']) retrieved from /Users/dimz/EconWizard/hermesvirtual/lib/python3.8/site-packages/airflow/example_dags/example_setup_teardown_taskflow.py
[2023-11-01T21:58:54.429-0500] {logging_mixin.py:151} INFO - [2023-11-01T21:58:54.429-0500] {dag.py:2941} INFO - Sync 1 DAGs
[2023-11-01T21:58:54.441-0500] {logging_mixin.py:151} INFO - [2023-11-01T21:58:54.441-0500] {dag.py:3722} INFO - Setting next_dagrun for example_setup_teardown_taskflow to 2023-11-01T02:58:54.441265+00:00, run_after=2023-11-02T02:58:54.441265+00:00
[2023-11-01T21:58:54.454-0500] {processor.py:179} INFO - Processing /Users/dimz/EconWizard/hermesvirtual/lib/python3.8/site-packages/airflow/example_dags/example_setup_teardown_taskflow.py took 0.177 seconds
[2023-11-01T22:00:52.999-0500] {processor.py:157} INFO - Started process (PID=90213) to work on /Users/dimz/EconWizard/hermesvirtual/lib/python3.8/site-packages/airflow/example_dags/example_setup_teardown_taskflow.py
[2023-11-01T22:00:53.003-0500] {processor.py:829} INFO - Processing file /Users/dimz/EconWizard/hermesvirtual/lib/python3.8/site-packages/airflow/example_dags/example_setup_teardown_taskflow.py for tasks to queue
[2023-11-01T22:00:53.004-0500] {logging_mixin.py:151} INFO - [2023-11-01T22:00:53.004-0500] {dagbag.py:536} INFO - Filling up the DagBag from /Users/dimz/EconWizard/hermesvirtual/lib/python3.8/site-packages/airflow/example_dags/example_setup_teardown_taskflow.py
[2023-11-01T22:00:53.038-0500] {processor.py:839} INFO - DAG(s) dict_keys(['example_setup_teardown_taskflow']) retrieved from /Users/dimz/EconWizard/hermesvirtual/lib/python3.8/site-packages/airflow/example_dags/example_setup_teardown_taskflow.py
[2023-11-01T22:00:53.139-0500] {logging_mixin.py:151} INFO - [2023-11-01T22:00:53.138-0500] {dag.py:2941} INFO - Sync 1 DAGs
[2023-11-01T22:00:53.148-0500] {logging_mixin.py:151} INFO - [2023-11-01T22:00:53.148-0500] {dag.py:3722} INFO - Setting next_dagrun for example_setup_teardown_taskflow to 2023-11-01T03:00:53.148184+00:00, run_after=2023-11-02T03:00:53.148184+00:00
[2023-11-01T22:00:53.159-0500] {processor.py:179} INFO - Processing /Users/dimz/EconWizard/hermesvirtual/lib/python3.8/site-packages/airflow/example_dags/example_setup_teardown_taskflow.py took 0.161 seconds
[2023-11-01T22:02:54.865-0500] {processor.py:157} INFO - Started process (PID=90361) to work on /Users/dimz/EconWizard/hermesvirtual/lib/python3.8/site-packages/airflow/example_dags/example_setup_teardown_taskflow.py
[2023-11-01T22:02:54.872-0500] {processor.py:829} INFO - Processing file /Users/dimz/EconWizard/hermesvirtual/lib/python3.8/site-packages/airflow/example_dags/example_setup_teardown_taskflow.py for tasks to queue
[2023-11-01T22:02:54.872-0500] {logging_mixin.py:151} INFO - [2023-11-01T22:02:54.872-0500] {dagbag.py:536} INFO - Filling up the DagBag from /Users/dimz/EconWizard/hermesvirtual/lib/python3.8/site-packages/airflow/example_dags/example_setup_teardown_taskflow.py
[2023-11-01T22:02:54.915-0500] {processor.py:839} INFO - DAG(s) dict_keys(['example_setup_teardown_taskflow']) retrieved from /Users/dimz/EconWizard/hermesvirtual/lib/python3.8/site-packages/airflow/example_dags/example_setup_teardown_taskflow.py
[2023-11-01T22:02:55.024-0500] {logging_mixin.py:151} INFO - [2023-11-01T22:02:55.024-0500] {dag.py:2941} INFO - Sync 1 DAGs
[2023-11-01T22:02:55.035-0500] {logging_mixin.py:151} INFO - [2023-11-01T22:02:55.034-0500] {dag.py:3722} INFO - Setting next_dagrun for example_setup_teardown_taskflow to 2023-11-01T03:02:55.034860+00:00, run_after=2023-11-02T03:02:55.034860+00:00
[2023-11-01T22:02:55.046-0500] {processor.py:179} INFO - Processing /Users/dimz/EconWizard/hermesvirtual/lib/python3.8/site-packages/airflow/example_dags/example_setup_teardown_taskflow.py took 0.181 seconds
[2023-11-01T22:04:48.950-0500] {processor.py:157} INFO - Started process (PID=90559) to work on /Users/dimz/EconWizard/hermesvirtual/lib/python3.8/site-packages/airflow/example_dags/example_setup_teardown_taskflow.py
[2023-11-01T22:04:48.956-0500] {processor.py:829} INFO - Processing file /Users/dimz/EconWizard/hermesvirtual/lib/python3.8/site-packages/airflow/example_dags/example_setup_teardown_taskflow.py for tasks to queue
[2023-11-01T22:04:48.956-0500] {logging_mixin.py:151} INFO - [2023-11-01T22:04:48.956-0500] {dagbag.py:536} INFO - Filling up the DagBag from /Users/dimz/EconWizard/hermesvirtual/lib/python3.8/site-packages/airflow/example_dags/example_setup_teardown_taskflow.py
[2023-11-01T22:04:48.991-0500] {processor.py:839} INFO - DAG(s) dict_keys(['example_setup_teardown_taskflow']) retrieved from /Users/dimz/EconWizard/hermesvirtual/lib/python3.8/site-packages/airflow/example_dags/example_setup_teardown_taskflow.py
[2023-11-01T22:04:49.095-0500] {logging_mixin.py:151} INFO - [2023-11-01T22:04:49.094-0500] {dag.py:2941} INFO - Sync 1 DAGs
[2023-11-01T22:04:49.104-0500] {logging_mixin.py:151} INFO - [2023-11-01T22:04:49.104-0500] {dag.py:3722} INFO - Setting next_dagrun for example_setup_teardown_taskflow to 2023-11-01T03:04:49.104635+00:00, run_after=2023-11-02T03:04:49.104635+00:00
[2023-11-01T22:04:49.115-0500] {processor.py:179} INFO - Processing /Users/dimz/EconWizard/hermesvirtual/lib/python3.8/site-packages/airflow/example_dags/example_setup_teardown_taskflow.py took 0.165 seconds
[2023-11-01T22:06:50.304-0500] {processor.py:157} INFO - Started process (PID=90784) to work on /Users/dimz/EconWizard/hermesvirtual/lib/python3.8/site-packages/airflow/example_dags/example_setup_teardown_taskflow.py
[2023-11-01T22:06:50.309-0500] {processor.py:829} INFO - Processing file /Users/dimz/EconWizard/hermesvirtual/lib/python3.8/site-packages/airflow/example_dags/example_setup_teardown_taskflow.py for tasks to queue
[2023-11-01T22:06:50.309-0500] {logging_mixin.py:151} INFO - [2023-11-01T22:06:50.309-0500] {dagbag.py:536} INFO - Filling up the DagBag from /Users/dimz/EconWizard/hermesvirtual/lib/python3.8/site-packages/airflow/example_dags/example_setup_teardown_taskflow.py
[2023-11-01T22:06:50.344-0500] {processor.py:839} INFO - DAG(s) dict_keys(['example_setup_teardown_taskflow']) retrieved from /Users/dimz/EconWizard/hermesvirtual/lib/python3.8/site-packages/airflow/example_dags/example_setup_teardown_taskflow.py
[2023-11-01T22:06:50.451-0500] {logging_mixin.py:151} INFO - [2023-11-01T22:06:50.451-0500] {dag.py:2941} INFO - Sync 1 DAGs
[2023-11-01T22:06:50.461-0500] {logging_mixin.py:151} INFO - [2023-11-01T22:06:50.461-0500] {dag.py:3722} INFO - Setting next_dagrun for example_setup_teardown_taskflow to 2023-11-01T03:06:50.460924+00:00, run_after=2023-11-02T03:06:50.460924+00:00
[2023-11-01T22:06:50.471-0500] {processor.py:179} INFO - Processing /Users/dimz/EconWizard/hermesvirtual/lib/python3.8/site-packages/airflow/example_dags/example_setup_teardown_taskflow.py took 0.167 seconds
[2023-11-01T22:08:55.161-0500] {processor.py:157} INFO - Started process (PID=91013) to work on /Users/dimz/EconWizard/hermesvirtual/lib/python3.8/site-packages/airflow/example_dags/example_setup_teardown_taskflow.py
[2023-11-01T22:08:55.166-0500] {processor.py:829} INFO - Processing file /Users/dimz/EconWizard/hermesvirtual/lib/python3.8/site-packages/airflow/example_dags/example_setup_teardown_taskflow.py for tasks to queue
[2023-11-01T22:08:55.167-0500] {logging_mixin.py:151} INFO - [2023-11-01T22:08:55.167-0500] {dagbag.py:536} INFO - Filling up the DagBag from /Users/dimz/EconWizard/hermesvirtual/lib/python3.8/site-packages/airflow/example_dags/example_setup_teardown_taskflow.py
[2023-11-01T22:08:55.201-0500] {processor.py:839} INFO - DAG(s) dict_keys(['example_setup_teardown_taskflow']) retrieved from /Users/dimz/EconWizard/hermesvirtual/lib/python3.8/site-packages/airflow/example_dags/example_setup_teardown_taskflow.py
[2023-11-01T22:08:55.306-0500] {logging_mixin.py:151} INFO - [2023-11-01T22:08:55.306-0500] {dag.py:2941} INFO - Sync 1 DAGs
[2023-11-01T22:08:55.316-0500] {logging_mixin.py:151} INFO - [2023-11-01T22:08:55.316-0500] {dag.py:3722} INFO - Setting next_dagrun for example_setup_teardown_taskflow to 2023-11-01T03:08:55.316175+00:00, run_after=2023-11-02T03:08:55.316175+00:00
[2023-11-01T22:08:55.327-0500] {processor.py:179} INFO - Processing /Users/dimz/EconWizard/hermesvirtual/lib/python3.8/site-packages/airflow/example_dags/example_setup_teardown_taskflow.py took 0.166 seconds
[2023-11-01T22:14:21.540-0500] {processor.py:157} INFO - Started process (PID=91545) to work on /Users/dimz/EconWizard/hermesvirtual/lib/python3.8/site-packages/airflow/example_dags/example_setup_teardown_taskflow.py
[2023-11-01T22:14:21.544-0500] {processor.py:829} INFO - Processing file /Users/dimz/EconWizard/hermesvirtual/lib/python3.8/site-packages/airflow/example_dags/example_setup_teardown_taskflow.py for tasks to queue
[2023-11-01T22:14:21.544-0500] {logging_mixin.py:151} INFO - [2023-11-01T22:14:21.544-0500] {dagbag.py:536} INFO - Filling up the DagBag from /Users/dimz/EconWizard/hermesvirtual/lib/python3.8/site-packages/airflow/example_dags/example_setup_teardown_taskflow.py
[2023-11-01T22:14:21.579-0500] {processor.py:839} INFO - DAG(s) dict_keys(['example_setup_teardown_taskflow']) retrieved from /Users/dimz/EconWizard/hermesvirtual/lib/python3.8/site-packages/airflow/example_dags/example_setup_teardown_taskflow.py
[2023-11-01T22:14:21.910-0500] {logging_mixin.py:151} INFO - [2023-11-01T22:14:21.910-0500] {dag.py:2941} INFO - Sync 1 DAGs
[2023-11-01T22:14:21.919-0500] {logging_mixin.py:151} INFO - [2023-11-01T22:14:21.919-0500] {dag.py:3722} INFO - Setting next_dagrun for example_setup_teardown_taskflow to 2023-11-01T03:14:21.919255+00:00, run_after=2023-11-02T03:14:21.919255+00:00
[2023-11-01T22:14:21.931-0500] {processor.py:179} INFO - Processing /Users/dimz/EconWizard/hermesvirtual/lib/python3.8/site-packages/airflow/example_dags/example_setup_teardown_taskflow.py took 0.392 seconds
[2023-11-01T22:16:22.981-0500] {processor.py:157} INFO - Started process (PID=91729) to work on /Users/dimz/EconWizard/hermesvirtual/lib/python3.8/site-packages/airflow/example_dags/example_setup_teardown_taskflow.py
[2023-11-01T22:16:22.986-0500] {processor.py:829} INFO - Processing file /Users/dimz/EconWizard/hermesvirtual/lib/python3.8/site-packages/airflow/example_dags/example_setup_teardown_taskflow.py for tasks to queue
[2023-11-01T22:16:22.987-0500] {logging_mixin.py:151} INFO - [2023-11-01T22:16:22.987-0500] {dagbag.py:536} INFO - Filling up the DagBag from /Users/dimz/EconWizard/hermesvirtual/lib/python3.8/site-packages/airflow/example_dags/example_setup_teardown_taskflow.py
[2023-11-01T22:16:23.027-0500] {processor.py:839} INFO - DAG(s) dict_keys(['example_setup_teardown_taskflow']) retrieved from /Users/dimz/EconWizard/hermesvirtual/lib/python3.8/site-packages/airflow/example_dags/example_setup_teardown_taskflow.py
[2023-11-01T22:16:23.143-0500] {logging_mixin.py:151} INFO - [2023-11-01T22:16:23.143-0500] {dag.py:2941} INFO - Sync 1 DAGs
[2023-11-01T22:16:23.155-0500] {logging_mixin.py:151} INFO - [2023-11-01T22:16:23.155-0500] {dag.py:3722} INFO - Setting next_dagrun for example_setup_teardown_taskflow to 2023-11-01T03:16:23.154903+00:00, run_after=2023-11-02T03:16:23.154903+00:00
[2023-11-01T22:16:23.168-0500] {processor.py:179} INFO - Processing /Users/dimz/EconWizard/hermesvirtual/lib/python3.8/site-packages/airflow/example_dags/example_setup_teardown_taskflow.py took 0.188 seconds
[2023-11-01T22:18:21.404-0500] {processor.py:157} INFO - Started process (PID=92019) to work on /Users/dimz/EconWizard/hermesvirtual/lib/python3.8/site-packages/airflow/example_dags/example_setup_teardown_taskflow.py
[2023-11-01T22:18:21.409-0500] {processor.py:829} INFO - Processing file /Users/dimz/EconWizard/hermesvirtual/lib/python3.8/site-packages/airflow/example_dags/example_setup_teardown_taskflow.py for tasks to queue
[2023-11-01T22:18:21.409-0500] {logging_mixin.py:151} INFO - [2023-11-01T22:18:21.409-0500] {dagbag.py:536} INFO - Filling up the DagBag from /Users/dimz/EconWizard/hermesvirtual/lib/python3.8/site-packages/airflow/example_dags/example_setup_teardown_taskflow.py
[2023-11-01T22:18:21.446-0500] {processor.py:839} INFO - DAG(s) dict_keys(['example_setup_teardown_taskflow']) retrieved from /Users/dimz/EconWizard/hermesvirtual/lib/python3.8/site-packages/airflow/example_dags/example_setup_teardown_taskflow.py
[2023-11-01T22:18:21.547-0500] {logging_mixin.py:151} INFO - [2023-11-01T22:18:21.547-0500] {dag.py:2941} INFO - Sync 1 DAGs
[2023-11-01T22:18:21.556-0500] {logging_mixin.py:151} INFO - [2023-11-01T22:18:21.556-0500] {dag.py:3722} INFO - Setting next_dagrun for example_setup_teardown_taskflow to 2023-11-01T03:18:21.556691+00:00, run_after=2023-11-02T03:18:21.556691+00:00
[2023-11-01T22:18:21.568-0500] {processor.py:179} INFO - Processing /Users/dimz/EconWizard/hermesvirtual/lib/python3.8/site-packages/airflow/example_dags/example_setup_teardown_taskflow.py took 0.164 seconds
[2023-11-01T22:20:11.385-0500] {processor.py:157} INFO - Started process (PID=92292) to work on /Users/dimz/EconWizard/hermesvirtual/lib/python3.8/site-packages/airflow/example_dags/example_setup_teardown_taskflow.py
[2023-11-01T22:20:11.390-0500] {processor.py:829} INFO - Processing file /Users/dimz/EconWizard/hermesvirtual/lib/python3.8/site-packages/airflow/example_dags/example_setup_teardown_taskflow.py for tasks to queue
[2023-11-01T22:20:11.391-0500] {logging_mixin.py:151} INFO - [2023-11-01T22:20:11.391-0500] {dagbag.py:536} INFO - Filling up the DagBag from /Users/dimz/EconWizard/hermesvirtual/lib/python3.8/site-packages/airflow/example_dags/example_setup_teardown_taskflow.py
[2023-11-01T22:20:11.425-0500] {processor.py:839} INFO - DAG(s) dict_keys(['example_setup_teardown_taskflow']) retrieved from /Users/dimz/EconWizard/hermesvirtual/lib/python3.8/site-packages/airflow/example_dags/example_setup_teardown_taskflow.py
[2023-11-01T22:20:11.524-0500] {logging_mixin.py:151} INFO - [2023-11-01T22:20:11.524-0500] {dag.py:2941} INFO - Sync 1 DAGs
[2023-11-01T22:20:11.534-0500] {logging_mixin.py:151} INFO - [2023-11-01T22:20:11.534-0500] {dag.py:3722} INFO - Setting next_dagrun for example_setup_teardown_taskflow to 2023-11-01T03:20:11.534013+00:00, run_after=2023-11-02T03:20:11.534013+00:00
[2023-11-01T22:20:11.544-0500] {processor.py:179} INFO - Processing /Users/dimz/EconWizard/hermesvirtual/lib/python3.8/site-packages/airflow/example_dags/example_setup_teardown_taskflow.py took 0.159 seconds
[2023-11-01T22:22:08.359-0500] {processor.py:157} INFO - Started process (PID=92614) to work on /Users/dimz/EconWizard/hermesvirtual/lib/python3.8/site-packages/airflow/example_dags/example_setup_teardown_taskflow.py
[2023-11-01T22:22:08.363-0500] {processor.py:829} INFO - Processing file /Users/dimz/EconWizard/hermesvirtual/lib/python3.8/site-packages/airflow/example_dags/example_setup_teardown_taskflow.py for tasks to queue
[2023-11-01T22:22:08.364-0500] {logging_mixin.py:151} INFO - [2023-11-01T22:22:08.363-0500] {dagbag.py:536} INFO - Filling up the DagBag from /Users/dimz/EconWizard/hermesvirtual/lib/python3.8/site-packages/airflow/example_dags/example_setup_teardown_taskflow.py
[2023-11-01T22:22:08.399-0500] {processor.py:839} INFO - DAG(s) dict_keys(['example_setup_teardown_taskflow']) retrieved from /Users/dimz/EconWizard/hermesvirtual/lib/python3.8/site-packages/airflow/example_dags/example_setup_teardown_taskflow.py
[2023-11-01T22:22:08.499-0500] {logging_mixin.py:151} INFO - [2023-11-01T22:22:08.499-0500] {dag.py:2941} INFO - Sync 1 DAGs
[2023-11-01T22:22:08.508-0500] {logging_mixin.py:151} INFO - [2023-11-01T22:22:08.508-0500] {dag.py:3722} INFO - Setting next_dagrun for example_setup_teardown_taskflow to 2023-11-01T03:22:08.508640+00:00, run_after=2023-11-02T03:22:08.508640+00:00
[2023-11-01T22:22:08.519-0500] {processor.py:179} INFO - Processing /Users/dimz/EconWizard/hermesvirtual/lib/python3.8/site-packages/airflow/example_dags/example_setup_teardown_taskflow.py took 0.160 seconds
[2023-11-02T00:18:08.028-0500] {processor.py:157} INFO - Started process (PID=92939) to work on /Users/dimz/EconWizard/hermesvirtual/lib/python3.8/site-packages/airflow/example_dags/example_setup_teardown_taskflow.py
[2023-11-02T00:18:08.033-0500] {processor.py:829} INFO - Processing file /Users/dimz/EconWizard/hermesvirtual/lib/python3.8/site-packages/airflow/example_dags/example_setup_teardown_taskflow.py for tasks to queue
[2023-11-02T00:18:08.033-0500] {logging_mixin.py:151} INFO - [2023-11-02T00:18:08.033-0500] {dagbag.py:536} INFO - Filling up the DagBag from /Users/dimz/EconWizard/hermesvirtual/lib/python3.8/site-packages/airflow/example_dags/example_setup_teardown_taskflow.py
[2023-11-02T00:18:08.070-0500] {processor.py:839} INFO - DAG(s) dict_keys(['example_setup_teardown_taskflow']) retrieved from /Users/dimz/EconWizard/hermesvirtual/lib/python3.8/site-packages/airflow/example_dags/example_setup_teardown_taskflow.py
[2023-11-02T00:18:08.171-0500] {logging_mixin.py:151} INFO - [2023-11-02T00:18:08.170-0500] {dag.py:2941} INFO - Sync 1 DAGs
[2023-11-02T00:18:08.180-0500] {logging_mixin.py:151} INFO - [2023-11-02T00:18:08.180-0500] {dag.py:3722} INFO - Setting next_dagrun for example_setup_teardown_taskflow to 2023-11-01T05:18:08.180104+00:00, run_after=2023-11-02T05:18:08.180104+00:00
[2023-11-02T00:18:08.191-0500] {processor.py:179} INFO - Processing /Users/dimz/EconWizard/hermesvirtual/lib/python3.8/site-packages/airflow/example_dags/example_setup_teardown_taskflow.py took 0.163 seconds
[2023-11-02T03:10:34.689-0500] {processor.py:157} INFO - Started process (PID=93083) to work on /Users/dimz/EconWizard/hermesvirtual/lib/python3.8/site-packages/airflow/example_dags/example_setup_teardown_taskflow.py
[2023-11-02T03:10:34.698-0500] {processor.py:829} INFO - Processing file /Users/dimz/EconWizard/hermesvirtual/lib/python3.8/site-packages/airflow/example_dags/example_setup_teardown_taskflow.py for tasks to queue
[2023-11-02T03:10:34.699-0500] {logging_mixin.py:151} INFO - [2023-11-02T03:10:34.698-0500] {dagbag.py:536} INFO - Filling up the DagBag from /Users/dimz/EconWizard/hermesvirtual/lib/python3.8/site-packages/airflow/example_dags/example_setup_teardown_taskflow.py
[2023-11-02T03:10:34.743-0500] {processor.py:839} INFO - DAG(s) dict_keys(['example_setup_teardown_taskflow']) retrieved from /Users/dimz/EconWizard/hermesvirtual/lib/python3.8/site-packages/airflow/example_dags/example_setup_teardown_taskflow.py
[2023-11-02T03:10:34.855-0500] {logging_mixin.py:151} INFO - [2023-11-02T03:10:34.855-0500] {dag.py:2941} INFO - Sync 1 DAGs
[2023-11-02T03:10:34.865-0500] {logging_mixin.py:151} INFO - [2023-11-02T03:10:34.865-0500] {dag.py:3722} INFO - Setting next_dagrun for example_setup_teardown_taskflow to 2023-11-01T08:10:34.865597+00:00, run_after=2023-11-02T08:10:34.865597+00:00
[2023-11-02T03:10:34.876-0500] {processor.py:179} INFO - Processing /Users/dimz/EconWizard/hermesvirtual/lib/python3.8/site-packages/airflow/example_dags/example_setup_teardown_taskflow.py took 0.189 seconds
[2023-11-02T06:53:38.533-0500] {processor.py:157} INFO - Started process (PID=93279) to work on /Users/dimz/EconWizard/hermesvirtual/lib/python3.8/site-packages/airflow/example_dags/example_setup_teardown_taskflow.py
[2023-11-02T06:53:38.537-0500] {processor.py:829} INFO - Processing file /Users/dimz/EconWizard/hermesvirtual/lib/python3.8/site-packages/airflow/example_dags/example_setup_teardown_taskflow.py for tasks to queue
[2023-11-02T06:53:38.537-0500] {logging_mixin.py:151} INFO - [2023-11-02T06:53:38.537-0500] {dagbag.py:536} INFO - Filling up the DagBag from /Users/dimz/EconWizard/hermesvirtual/lib/python3.8/site-packages/airflow/example_dags/example_setup_teardown_taskflow.py
[2023-11-02T06:53:38.571-0500] {processor.py:839} INFO - DAG(s) dict_keys(['example_setup_teardown_taskflow']) retrieved from /Users/dimz/EconWizard/hermesvirtual/lib/python3.8/site-packages/airflow/example_dags/example_setup_teardown_taskflow.py
[2023-11-02T06:53:38.669-0500] {logging_mixin.py:151} INFO - [2023-11-02T06:53:38.669-0500] {dag.py:2941} INFO - Sync 1 DAGs
[2023-11-02T06:53:38.679-0500] {logging_mixin.py:151} INFO - [2023-11-02T06:53:38.679-0500] {dag.py:3722} INFO - Setting next_dagrun for example_setup_teardown_taskflow to 2023-11-01T11:53:38.678988+00:00, run_after=2023-11-02T11:53:38.678988+00:00
[2023-11-02T06:53:38.689-0500] {processor.py:179} INFO - Processing /Users/dimz/EconWizard/hermesvirtual/lib/python3.8/site-packages/airflow/example_dags/example_setup_teardown_taskflow.py took 0.157 seconds
[2023-11-02T08:28:51.506-0500] {processor.py:157} INFO - Started process (PID=93395) to work on /Users/dimz/EconWizard/hermesvirtual/lib/python3.8/site-packages/airflow/example_dags/example_setup_teardown_taskflow.py
[2023-11-02T08:28:51.511-0500] {processor.py:829} INFO - Processing file /Users/dimz/EconWizard/hermesvirtual/lib/python3.8/site-packages/airflow/example_dags/example_setup_teardown_taskflow.py for tasks to queue
[2023-11-02T08:28:51.511-0500] {logging_mixin.py:151} INFO - [2023-11-02T08:28:51.511-0500] {dagbag.py:536} INFO - Filling up the DagBag from /Users/dimz/EconWizard/hermesvirtual/lib/python3.8/site-packages/airflow/example_dags/example_setup_teardown_taskflow.py
[2023-11-02T08:28:51.548-0500] {processor.py:839} INFO - DAG(s) dict_keys(['example_setup_teardown_taskflow']) retrieved from /Users/dimz/EconWizard/hermesvirtual/lib/python3.8/site-packages/airflow/example_dags/example_setup_teardown_taskflow.py
[2023-11-02T08:28:51.647-0500] {logging_mixin.py:151} INFO - [2023-11-02T08:28:51.646-0500] {dag.py:2941} INFO - Sync 1 DAGs
[2023-11-02T08:28:51.656-0500] {logging_mixin.py:151} INFO - [2023-11-02T08:28:51.656-0500] {dag.py:3722} INFO - Setting next_dagrun for example_setup_teardown_taskflow to 2023-11-01T13:28:51.656233+00:00, run_after=2023-11-02T13:28:51.656233+00:00
[2023-11-02T08:28:51.666-0500] {processor.py:179} INFO - Processing /Users/dimz/EconWizard/hermesvirtual/lib/python3.8/site-packages/airflow/example_dags/example_setup_teardown_taskflow.py took 0.161 seconds
[2023-11-02T08:38:02.039-0500] {processor.py:157} INFO - Started process (PID=93491) to work on /Users/dimz/EconWizard/hermesvirtual/lib/python3.8/site-packages/airflow/example_dags/example_setup_teardown_taskflow.py
[2023-11-02T08:38:02.044-0500] {processor.py:829} INFO - Processing file /Users/dimz/EconWizard/hermesvirtual/lib/python3.8/site-packages/airflow/example_dags/example_setup_teardown_taskflow.py for tasks to queue
[2023-11-02T08:38:02.044-0500] {logging_mixin.py:151} INFO - [2023-11-02T08:38:02.044-0500] {dagbag.py:536} INFO - Filling up the DagBag from /Users/dimz/EconWizard/hermesvirtual/lib/python3.8/site-packages/airflow/example_dags/example_setup_teardown_taskflow.py
[2023-11-02T08:38:02.079-0500] {processor.py:839} INFO - DAG(s) dict_keys(['example_setup_teardown_taskflow']) retrieved from /Users/dimz/EconWizard/hermesvirtual/lib/python3.8/site-packages/airflow/example_dags/example_setup_teardown_taskflow.py
[2023-11-02T08:38:02.178-0500] {logging_mixin.py:151} INFO - [2023-11-02T08:38:02.178-0500] {dag.py:2941} INFO - Sync 1 DAGs
[2023-11-02T08:38:02.187-0500] {logging_mixin.py:151} INFO - [2023-11-02T08:38:02.187-0500] {dag.py:3722} INFO - Setting next_dagrun for example_setup_teardown_taskflow to 2023-11-01T13:38:02.187454+00:00, run_after=2023-11-02T13:38:02.187454+00:00
[2023-11-02T08:38:02.197-0500] {processor.py:179} INFO - Processing /Users/dimz/EconWizard/hermesvirtual/lib/python3.8/site-packages/airflow/example_dags/example_setup_teardown_taskflow.py took 0.159 seconds
[2023-11-02T09:03:02.659-0500] {processor.py:157} INFO - Started process (PID=93595) to work on /Users/dimz/EconWizard/hermesvirtual/lib/python3.8/site-packages/airflow/example_dags/example_setup_teardown_taskflow.py
[2023-11-02T09:03:02.663-0500] {processor.py:829} INFO - Processing file /Users/dimz/EconWizard/hermesvirtual/lib/python3.8/site-packages/airflow/example_dags/example_setup_teardown_taskflow.py for tasks to queue
[2023-11-02T09:03:02.663-0500] {logging_mixin.py:151} INFO - [2023-11-02T09:03:02.663-0500] {dagbag.py:536} INFO - Filling up the DagBag from /Users/dimz/EconWizard/hermesvirtual/lib/python3.8/site-packages/airflow/example_dags/example_setup_teardown_taskflow.py
[2023-11-02T09:03:02.717-0500] {processor.py:839} INFO - DAG(s) dict_keys(['example_setup_teardown_taskflow']) retrieved from /Users/dimz/EconWizard/hermesvirtual/lib/python3.8/site-packages/airflow/example_dags/example_setup_teardown_taskflow.py
[2023-11-02T09:03:02.820-0500] {logging_mixin.py:151} INFO - [2023-11-02T09:03:02.820-0500] {dag.py:2941} INFO - Sync 1 DAGs
[2023-11-02T09:03:02.829-0500] {logging_mixin.py:151} INFO - [2023-11-02T09:03:02.829-0500] {dag.py:3722} INFO - Setting next_dagrun for example_setup_teardown_taskflow to 2023-11-01T14:03:02.829657+00:00, run_after=2023-11-02T14:03:02.829657+00:00
[2023-11-02T09:03:02.840-0500] {processor.py:179} INFO - Processing /Users/dimz/EconWizard/hermesvirtual/lib/python3.8/site-packages/airflow/example_dags/example_setup_teardown_taskflow.py took 0.182 seconds
[2023-11-02T09:04:28.898-0500] {processor.py:157} INFO - Started process (PID=93718) to work on /Users/dimz/EconWizard/hermesvirtual/lib/python3.8/site-packages/airflow/example_dags/example_setup_teardown_taskflow.py
[2023-11-02T09:04:28.903-0500] {processor.py:829} INFO - Processing file /Users/dimz/EconWizard/hermesvirtual/lib/python3.8/site-packages/airflow/example_dags/example_setup_teardown_taskflow.py for tasks to queue
[2023-11-02T09:04:28.904-0500] {logging_mixin.py:151} INFO - [2023-11-02T09:04:28.904-0500] {dagbag.py:536} INFO - Filling up the DagBag from /Users/dimz/EconWizard/hermesvirtual/lib/python3.8/site-packages/airflow/example_dags/example_setup_teardown_taskflow.py
[2023-11-02T09:04:28.938-0500] {processor.py:839} INFO - DAG(s) dict_keys(['example_setup_teardown_taskflow']) retrieved from /Users/dimz/EconWizard/hermesvirtual/lib/python3.8/site-packages/airflow/example_dags/example_setup_teardown_taskflow.py
[2023-11-02T09:04:29.037-0500] {logging_mixin.py:151} INFO - [2023-11-02T09:04:29.036-0500] {dag.py:2941} INFO - Sync 1 DAGs
[2023-11-02T09:04:29.046-0500] {logging_mixin.py:151} INFO - [2023-11-02T09:04:29.046-0500] {dag.py:3722} INFO - Setting next_dagrun for example_setup_teardown_taskflow to 2023-11-01T14:04:29.046113+00:00, run_after=2023-11-02T14:04:29.046113+00:00
[2023-11-02T09:04:29.057-0500] {processor.py:179} INFO - Processing /Users/dimz/EconWizard/hermesvirtual/lib/python3.8/site-packages/airflow/example_dags/example_setup_teardown_taskflow.py took 0.159 seconds
[2023-11-02T09:06:24.500-0500] {processor.py:157} INFO - Started process (PID=93864) to work on /Users/dimz/EconWizard/hermesvirtual/lib/python3.8/site-packages/airflow/example_dags/example_setup_teardown_taskflow.py
[2023-11-02T09:06:24.505-0500] {processor.py:829} INFO - Processing file /Users/dimz/EconWizard/hermesvirtual/lib/python3.8/site-packages/airflow/example_dags/example_setup_teardown_taskflow.py for tasks to queue
[2023-11-02T09:06:24.506-0500] {logging_mixin.py:151} INFO - [2023-11-02T09:06:24.506-0500] {dagbag.py:536} INFO - Filling up the DagBag from /Users/dimz/EconWizard/hermesvirtual/lib/python3.8/site-packages/airflow/example_dags/example_setup_teardown_taskflow.py
[2023-11-02T09:06:24.540-0500] {processor.py:839} INFO - DAG(s) dict_keys(['example_setup_teardown_taskflow']) retrieved from /Users/dimz/EconWizard/hermesvirtual/lib/python3.8/site-packages/airflow/example_dags/example_setup_teardown_taskflow.py
[2023-11-02T09:06:24.640-0500] {logging_mixin.py:151} INFO - [2023-11-02T09:06:24.640-0500] {dag.py:2941} INFO - Sync 1 DAGs
[2023-11-02T09:06:24.649-0500] {logging_mixin.py:151} INFO - [2023-11-02T09:06:24.649-0500] {dag.py:3722} INFO - Setting next_dagrun for example_setup_teardown_taskflow to 2023-11-01T14:06:24.649705+00:00, run_after=2023-11-02T14:06:24.649705+00:00
[2023-11-02T09:06:24.660-0500] {processor.py:179} INFO - Processing /Users/dimz/EconWizard/hermesvirtual/lib/python3.8/site-packages/airflow/example_dags/example_setup_teardown_taskflow.py took 0.160 seconds
[2023-11-02T09:08:29.643-0500] {processor.py:157} INFO - Started process (PID=94017) to work on /Users/dimz/EconWizard/hermesvirtual/lib/python3.8/site-packages/airflow/example_dags/example_setup_teardown_taskflow.py
[2023-11-02T09:08:29.647-0500] {processor.py:829} INFO - Processing file /Users/dimz/EconWizard/hermesvirtual/lib/python3.8/site-packages/airflow/example_dags/example_setup_teardown_taskflow.py for tasks to queue
[2023-11-02T09:08:29.648-0500] {logging_mixin.py:151} INFO - [2023-11-02T09:08:29.648-0500] {dagbag.py:536} INFO - Filling up the DagBag from /Users/dimz/EconWizard/hermesvirtual/lib/python3.8/site-packages/airflow/example_dags/example_setup_teardown_taskflow.py
[2023-11-02T09:08:29.684-0500] {processor.py:839} INFO - DAG(s) dict_keys(['example_setup_teardown_taskflow']) retrieved from /Users/dimz/EconWizard/hermesvirtual/lib/python3.8/site-packages/airflow/example_dags/example_setup_teardown_taskflow.py
[2023-11-02T09:08:29.785-0500] {logging_mixin.py:151} INFO - [2023-11-02T09:08:29.785-0500] {dag.py:2941} INFO - Sync 1 DAGs
[2023-11-02T09:08:29.794-0500] {logging_mixin.py:151} INFO - [2023-11-02T09:08:29.794-0500] {dag.py:3722} INFO - Setting next_dagrun for example_setup_teardown_taskflow to 2023-11-01T14:08:29.794466+00:00, run_after=2023-11-02T14:08:29.794466+00:00
[2023-11-02T09:08:29.805-0500] {processor.py:179} INFO - Processing /Users/dimz/EconWizard/hermesvirtual/lib/python3.8/site-packages/airflow/example_dags/example_setup_teardown_taskflow.py took 0.162 seconds
[2023-11-02T09:10:36.561-0500] {processor.py:157} INFO - Started process (PID=94325) to work on /Users/dimz/EconWizard/hermesvirtual/lib/python3.8/site-packages/airflow/example_dags/example_setup_teardown_taskflow.py
[2023-11-02T09:10:36.566-0500] {processor.py:829} INFO - Processing file /Users/dimz/EconWizard/hermesvirtual/lib/python3.8/site-packages/airflow/example_dags/example_setup_teardown_taskflow.py for tasks to queue
[2023-11-02T09:10:36.567-0500] {logging_mixin.py:151} INFO - [2023-11-02T09:10:36.567-0500] {dagbag.py:536} INFO - Filling up the DagBag from /Users/dimz/EconWizard/hermesvirtual/lib/python3.8/site-packages/airflow/example_dags/example_setup_teardown_taskflow.py
[2023-11-02T09:10:36.601-0500] {processor.py:839} INFO - DAG(s) dict_keys(['example_setup_teardown_taskflow']) retrieved from /Users/dimz/EconWizard/hermesvirtual/lib/python3.8/site-packages/airflow/example_dags/example_setup_teardown_taskflow.py
[2023-11-02T09:10:36.701-0500] {logging_mixin.py:151} INFO - [2023-11-02T09:10:36.701-0500] {dag.py:2941} INFO - Sync 1 DAGs
[2023-11-02T09:10:36.711-0500] {logging_mixin.py:151} INFO - [2023-11-02T09:10:36.710-0500] {dag.py:3722} INFO - Setting next_dagrun for example_setup_teardown_taskflow to 2023-11-01T14:10:36.710848+00:00, run_after=2023-11-02T14:10:36.710848+00:00
[2023-11-02T09:10:36.721-0500] {processor.py:179} INFO - Processing /Users/dimz/EconWizard/hermesvirtual/lib/python3.8/site-packages/airflow/example_dags/example_setup_teardown_taskflow.py took 0.160 seconds
[2023-11-02T09:12:45.627-0500] {processor.py:157} INFO - Started process (PID=94496) to work on /Users/dimz/EconWizard/hermesvirtual/lib/python3.8/site-packages/airflow/example_dags/example_setup_teardown_taskflow.py
[2023-11-02T09:12:45.632-0500] {processor.py:829} INFO - Processing file /Users/dimz/EconWizard/hermesvirtual/lib/python3.8/site-packages/airflow/example_dags/example_setup_teardown_taskflow.py for tasks to queue
[2023-11-02T09:12:45.632-0500] {logging_mixin.py:151} INFO - [2023-11-02T09:12:45.632-0500] {dagbag.py:536} INFO - Filling up the DagBag from /Users/dimz/EconWizard/hermesvirtual/lib/python3.8/site-packages/airflow/example_dags/example_setup_teardown_taskflow.py
[2023-11-02T09:12:45.667-0500] {processor.py:839} INFO - DAG(s) dict_keys(['example_setup_teardown_taskflow']) retrieved from /Users/dimz/EconWizard/hermesvirtual/lib/python3.8/site-packages/airflow/example_dags/example_setup_teardown_taskflow.py
[2023-11-02T09:12:45.769-0500] {logging_mixin.py:151} INFO - [2023-11-02T09:12:45.769-0500] {dag.py:2941} INFO - Sync 1 DAGs
[2023-11-02T09:12:45.778-0500] {logging_mixin.py:151} INFO - [2023-11-02T09:12:45.778-0500] {dag.py:3722} INFO - Setting next_dagrun for example_setup_teardown_taskflow to 2023-11-01T14:12:45.778448+00:00, run_after=2023-11-02T14:12:45.778448+00:00
[2023-11-02T09:12:45.788-0500] {processor.py:179} INFO - Processing /Users/dimz/EconWizard/hermesvirtual/lib/python3.8/site-packages/airflow/example_dags/example_setup_teardown_taskflow.py took 0.161 seconds
[2023-11-02T09:14:52.508-0500] {processor.py:157} INFO - Started process (PID=94630) to work on /Users/dimz/EconWizard/hermesvirtual/lib/python3.8/site-packages/airflow/example_dags/example_setup_teardown_taskflow.py
[2023-11-02T09:14:52.513-0500] {processor.py:829} INFO - Processing file /Users/dimz/EconWizard/hermesvirtual/lib/python3.8/site-packages/airflow/example_dags/example_setup_teardown_taskflow.py for tasks to queue
[2023-11-02T09:14:52.513-0500] {logging_mixin.py:151} INFO - [2023-11-02T09:14:52.513-0500] {dagbag.py:536} INFO - Filling up the DagBag from /Users/dimz/EconWizard/hermesvirtual/lib/python3.8/site-packages/airflow/example_dags/example_setup_teardown_taskflow.py
[2023-11-02T09:14:52.548-0500] {processor.py:839} INFO - DAG(s) dict_keys(['example_setup_teardown_taskflow']) retrieved from /Users/dimz/EconWizard/hermesvirtual/lib/python3.8/site-packages/airflow/example_dags/example_setup_teardown_taskflow.py
[2023-11-02T09:14:52.647-0500] {logging_mixin.py:151} INFO - [2023-11-02T09:14:52.646-0500] {dag.py:2941} INFO - Sync 1 DAGs
[2023-11-02T09:14:52.656-0500] {logging_mixin.py:151} INFO - [2023-11-02T09:14:52.656-0500] {dag.py:3722} INFO - Setting next_dagrun for example_setup_teardown_taskflow to 2023-11-01T14:14:52.656331+00:00, run_after=2023-11-02T14:14:52.656331+00:00
[2023-11-02T09:14:52.666-0500] {processor.py:179} INFO - Processing /Users/dimz/EconWizard/hermesvirtual/lib/python3.8/site-packages/airflow/example_dags/example_setup_teardown_taskflow.py took 0.159 seconds
[2023-11-02T09:16:56.619-0500] {processor.py:157} INFO - Started process (PID=94770) to work on /Users/dimz/EconWizard/hermesvirtual/lib/python3.8/site-packages/airflow/example_dags/example_setup_teardown_taskflow.py
[2023-11-02T09:16:56.624-0500] {processor.py:829} INFO - Processing file /Users/dimz/EconWizard/hermesvirtual/lib/python3.8/site-packages/airflow/example_dags/example_setup_teardown_taskflow.py for tasks to queue
[2023-11-02T09:16:56.624-0500] {logging_mixin.py:151} INFO - [2023-11-02T09:16:56.624-0500] {dagbag.py:536} INFO - Filling up the DagBag from /Users/dimz/EconWizard/hermesvirtual/lib/python3.8/site-packages/airflow/example_dags/example_setup_teardown_taskflow.py
[2023-11-02T09:16:56.661-0500] {processor.py:839} INFO - DAG(s) dict_keys(['example_setup_teardown_taskflow']) retrieved from /Users/dimz/EconWizard/hermesvirtual/lib/python3.8/site-packages/airflow/example_dags/example_setup_teardown_taskflow.py
[2023-11-02T09:16:56.764-0500] {logging_mixin.py:151} INFO - [2023-11-02T09:16:56.764-0500] {dag.py:2941} INFO - Sync 1 DAGs
[2023-11-02T09:16:56.775-0500] {logging_mixin.py:151} INFO - [2023-11-02T09:16:56.774-0500] {dag.py:3722} INFO - Setting next_dagrun for example_setup_teardown_taskflow to 2023-11-01T14:16:56.774765+00:00, run_after=2023-11-02T14:16:56.774765+00:00
[2023-11-02T09:16:56.787-0500] {processor.py:179} INFO - Processing /Users/dimz/EconWizard/hermesvirtual/lib/python3.8/site-packages/airflow/example_dags/example_setup_teardown_taskflow.py took 0.168 seconds
[2023-11-02T09:19:02.067-0500] {processor.py:157} INFO - Started process (PID=94940) to work on /Users/dimz/EconWizard/hermesvirtual/lib/python3.8/site-packages/airflow/example_dags/example_setup_teardown_taskflow.py
[2023-11-02T09:19:02.071-0500] {processor.py:829} INFO - Processing file /Users/dimz/EconWizard/hermesvirtual/lib/python3.8/site-packages/airflow/example_dags/example_setup_teardown_taskflow.py for tasks to queue
[2023-11-02T09:19:02.071-0500] {logging_mixin.py:151} INFO - [2023-11-02T09:19:02.071-0500] {dagbag.py:536} INFO - Filling up the DagBag from /Users/dimz/EconWizard/hermesvirtual/lib/python3.8/site-packages/airflow/example_dags/example_setup_teardown_taskflow.py
[2023-11-02T09:19:02.108-0500] {processor.py:839} INFO - DAG(s) dict_keys(['example_setup_teardown_taskflow']) retrieved from /Users/dimz/EconWizard/hermesvirtual/lib/python3.8/site-packages/airflow/example_dags/example_setup_teardown_taskflow.py
[2023-11-02T09:19:02.233-0500] {logging_mixin.py:151} INFO - [2023-11-02T09:19:02.232-0500] {dag.py:2941} INFO - Sync 1 DAGs
[2023-11-02T09:19:02.243-0500] {logging_mixin.py:151} INFO - [2023-11-02T09:19:02.243-0500] {dag.py:3722} INFO - Setting next_dagrun for example_setup_teardown_taskflow to 2023-11-01T14:19:02.243686+00:00, run_after=2023-11-02T14:19:02.243686+00:00
[2023-11-02T09:19:02.255-0500] {processor.py:179} INFO - Processing /Users/dimz/EconWizard/hermesvirtual/lib/python3.8/site-packages/airflow/example_dags/example_setup_teardown_taskflow.py took 0.189 seconds
[2023-11-02T09:21:09.605-0500] {processor.py:157} INFO - Started process (PID=95100) to work on /Users/dimz/EconWizard/hermesvirtual/lib/python3.8/site-packages/airflow/example_dags/example_setup_teardown_taskflow.py
[2023-11-02T09:21:09.609-0500] {processor.py:829} INFO - Processing file /Users/dimz/EconWizard/hermesvirtual/lib/python3.8/site-packages/airflow/example_dags/example_setup_teardown_taskflow.py for tasks to queue
[2023-11-02T09:21:09.610-0500] {logging_mixin.py:151} INFO - [2023-11-02T09:21:09.610-0500] {dagbag.py:536} INFO - Filling up the DagBag from /Users/dimz/EconWizard/hermesvirtual/lib/python3.8/site-packages/airflow/example_dags/example_setup_teardown_taskflow.py
[2023-11-02T09:21:09.644-0500] {processor.py:839} INFO - DAG(s) dict_keys(['example_setup_teardown_taskflow']) retrieved from /Users/dimz/EconWizard/hermesvirtual/lib/python3.8/site-packages/airflow/example_dags/example_setup_teardown_taskflow.py
[2023-11-02T09:21:09.750-0500] {logging_mixin.py:151} INFO - [2023-11-02T09:21:09.750-0500] {dag.py:2941} INFO - Sync 1 DAGs
[2023-11-02T09:21:09.760-0500] {logging_mixin.py:151} INFO - [2023-11-02T09:21:09.760-0500] {dag.py:3722} INFO - Setting next_dagrun for example_setup_teardown_taskflow to 2023-11-01T14:21:09.760226+00:00, run_after=2023-11-02T14:21:09.760226+00:00
[2023-11-02T09:21:09.770-0500] {processor.py:179} INFO - Processing /Users/dimz/EconWizard/hermesvirtual/lib/python3.8/site-packages/airflow/example_dags/example_setup_teardown_taskflow.py took 0.166 seconds
[2023-11-02T09:23:18.646-0500] {processor.py:157} INFO - Started process (PID=95286) to work on /Users/dimz/EconWizard/hermesvirtual/lib/python3.8/site-packages/airflow/example_dags/example_setup_teardown_taskflow.py
[2023-11-02T09:23:18.652-0500] {processor.py:829} INFO - Processing file /Users/dimz/EconWizard/hermesvirtual/lib/python3.8/site-packages/airflow/example_dags/example_setup_teardown_taskflow.py for tasks to queue
[2023-11-02T09:23:18.652-0500] {logging_mixin.py:151} INFO - [2023-11-02T09:23:18.652-0500] {dagbag.py:536} INFO - Filling up the DagBag from /Users/dimz/EconWizard/hermesvirtual/lib/python3.8/site-packages/airflow/example_dags/example_setup_teardown_taskflow.py
[2023-11-02T09:23:18.698-0500] {processor.py:839} INFO - DAG(s) dict_keys(['example_setup_teardown_taskflow']) retrieved from /Users/dimz/EconWizard/hermesvirtual/lib/python3.8/site-packages/airflow/example_dags/example_setup_teardown_taskflow.py
[2023-11-02T09:23:18.814-0500] {logging_mixin.py:151} INFO - [2023-11-02T09:23:18.814-0500] {dag.py:2941} INFO - Sync 1 DAGs
[2023-11-02T09:23:18.826-0500] {logging_mixin.py:151} INFO - [2023-11-02T09:23:18.825-0500] {dag.py:3722} INFO - Setting next_dagrun for example_setup_teardown_taskflow to 2023-11-01T14:23:18.825724+00:00, run_after=2023-11-02T14:23:18.825724+00:00
[2023-11-02T09:23:18.838-0500] {processor.py:179} INFO - Processing /Users/dimz/EconWizard/hermesvirtual/lib/python3.8/site-packages/airflow/example_dags/example_setup_teardown_taskflow.py took 0.192 seconds
[2023-11-02T09:25:23.889-0500] {processor.py:157} INFO - Started process (PID=95538) to work on /Users/dimz/EconWizard/hermesvirtual/lib/python3.8/site-packages/airflow/example_dags/example_setup_teardown_taskflow.py
[2023-11-02T09:25:23.894-0500] {processor.py:829} INFO - Processing file /Users/dimz/EconWizard/hermesvirtual/lib/python3.8/site-packages/airflow/example_dags/example_setup_teardown_taskflow.py for tasks to queue
[2023-11-02T09:25:23.894-0500] {logging_mixin.py:151} INFO - [2023-11-02T09:25:23.894-0500] {dagbag.py:536} INFO - Filling up the DagBag from /Users/dimz/EconWizard/hermesvirtual/lib/python3.8/site-packages/airflow/example_dags/example_setup_teardown_taskflow.py
[2023-11-02T09:25:23.929-0500] {processor.py:839} INFO - DAG(s) dict_keys(['example_setup_teardown_taskflow']) retrieved from /Users/dimz/EconWizard/hermesvirtual/lib/python3.8/site-packages/airflow/example_dags/example_setup_teardown_taskflow.py
[2023-11-02T09:25:24.029-0500] {logging_mixin.py:151} INFO - [2023-11-02T09:25:24.029-0500] {dag.py:2941} INFO - Sync 1 DAGs
[2023-11-02T09:25:24.038-0500] {logging_mixin.py:151} INFO - [2023-11-02T09:25:24.038-0500] {dag.py:3722} INFO - Setting next_dagrun for example_setup_teardown_taskflow to 2023-11-01T14:25:24.038774+00:00, run_after=2023-11-02T14:25:24.038774+00:00
[2023-11-02T09:25:24.048-0500] {processor.py:179} INFO - Processing /Users/dimz/EconWizard/hermesvirtual/lib/python3.8/site-packages/airflow/example_dags/example_setup_teardown_taskflow.py took 0.160 seconds
[2023-11-02T09:28:07.539-0500] {processor.py:157} INFO - Started process (PID=95774) to work on /Users/dimz/EconWizard/hermesvirtual/lib/python3.8/site-packages/airflow/example_dags/example_setup_teardown_taskflow.py
[2023-11-02T09:28:07.544-0500] {processor.py:829} INFO - Processing file /Users/dimz/EconWizard/hermesvirtual/lib/python3.8/site-packages/airflow/example_dags/example_setup_teardown_taskflow.py for tasks to queue
[2023-11-02T09:28:07.544-0500] {logging_mixin.py:151} INFO - [2023-11-02T09:28:07.544-0500] {dagbag.py:536} INFO - Filling up the DagBag from /Users/dimz/EconWizard/hermesvirtual/lib/python3.8/site-packages/airflow/example_dags/example_setup_teardown_taskflow.py
[2023-11-02T09:28:07.579-0500] {processor.py:839} INFO - DAG(s) dict_keys(['example_setup_teardown_taskflow']) retrieved from /Users/dimz/EconWizard/hermesvirtual/lib/python3.8/site-packages/airflow/example_dags/example_setup_teardown_taskflow.py
[2023-11-02T09:28:07.678-0500] {logging_mixin.py:151} INFO - [2023-11-02T09:28:07.678-0500] {dag.py:2941} INFO - Sync 1 DAGs
[2023-11-02T09:28:07.688-0500] {logging_mixin.py:151} INFO - [2023-11-02T09:28:07.687-0500] {dag.py:3722} INFO - Setting next_dagrun for example_setup_teardown_taskflow to 2023-11-01T14:28:07.687880+00:00, run_after=2023-11-02T14:28:07.687880+00:00
[2023-11-02T09:28:07.698-0500] {processor.py:179} INFO - Processing /Users/dimz/EconWizard/hermesvirtual/lib/python3.8/site-packages/airflow/example_dags/example_setup_teardown_taskflow.py took 0.160 seconds
[2023-11-02T09:30:29.705-0500] {processor.py:157} INFO - Started process (PID=95961) to work on /Users/dimz/EconWizard/hermesvirtual/lib/python3.8/site-packages/airflow/example_dags/example_setup_teardown_taskflow.py
[2023-11-02T09:30:29.709-0500] {processor.py:829} INFO - Processing file /Users/dimz/EconWizard/hermesvirtual/lib/python3.8/site-packages/airflow/example_dags/example_setup_teardown_taskflow.py for tasks to queue
[2023-11-02T09:30:29.710-0500] {logging_mixin.py:151} INFO - [2023-11-02T09:30:29.710-0500] {dagbag.py:536} INFO - Filling up the DagBag from /Users/dimz/EconWizard/hermesvirtual/lib/python3.8/site-packages/airflow/example_dags/example_setup_teardown_taskflow.py
[2023-11-02T09:30:29.753-0500] {processor.py:839} INFO - DAG(s) dict_keys(['example_setup_teardown_taskflow']) retrieved from /Users/dimz/EconWizard/hermesvirtual/lib/python3.8/site-packages/airflow/example_dags/example_setup_teardown_taskflow.py
[2023-11-02T09:30:29.870-0500] {logging_mixin.py:151} INFO - [2023-11-02T09:30:29.870-0500] {dag.py:2941} INFO - Sync 1 DAGs
[2023-11-02T09:30:29.881-0500] {logging_mixin.py:151} INFO - [2023-11-02T09:30:29.880-0500] {dag.py:3722} INFO - Setting next_dagrun for example_setup_teardown_taskflow to 2023-11-01T14:30:29.880837+00:00, run_after=2023-11-02T14:30:29.880837+00:00
[2023-11-02T09:30:29.893-0500] {processor.py:179} INFO - Processing /Users/dimz/EconWizard/hermesvirtual/lib/python3.8/site-packages/airflow/example_dags/example_setup_teardown_taskflow.py took 0.189 seconds
[2023-11-02T10:13:20.265-0500] {processor.py:157} INFO - Started process (PID=97546) to work on /Users/dimz/EconWizard/hermesvirtual/lib/python3.8/site-packages/airflow/example_dags/example_setup_teardown_taskflow.py
[2023-11-02T10:13:20.270-0500] {processor.py:829} INFO - Processing file /Users/dimz/EconWizard/hermesvirtual/lib/python3.8/site-packages/airflow/example_dags/example_setup_teardown_taskflow.py for tasks to queue
[2023-11-02T10:13:20.270-0500] {logging_mixin.py:151} INFO - [2023-11-02T10:13:20.270-0500] {dagbag.py:536} INFO - Filling up the DagBag from /Users/dimz/EconWizard/hermesvirtual/lib/python3.8/site-packages/airflow/example_dags/example_setup_teardown_taskflow.py
[2023-11-02T10:13:20.305-0500] {processor.py:839} INFO - DAG(s) dict_keys(['example_setup_teardown_taskflow']) retrieved from /Users/dimz/EconWizard/hermesvirtual/lib/python3.8/site-packages/airflow/example_dags/example_setup_teardown_taskflow.py
[2023-11-02T10:13:20.404-0500] {logging_mixin.py:151} INFO - [2023-11-02T10:13:20.404-0500] {dag.py:2941} INFO - Sync 1 DAGs
[2023-11-02T10:13:20.414-0500] {logging_mixin.py:151} INFO - [2023-11-02T10:13:20.414-0500] {dag.py:3722} INFO - Setting next_dagrun for example_setup_teardown_taskflow to 2023-11-01T15:13:20.413996+00:00, run_after=2023-11-02T15:13:20.413996+00:00
[2023-11-02T10:13:20.424-0500] {processor.py:179} INFO - Processing /Users/dimz/EconWizard/hermesvirtual/lib/python3.8/site-packages/airflow/example_dags/example_setup_teardown_taskflow.py took 0.159 seconds
[2023-11-02T10:14:51.660-0500] {processor.py:157} INFO - Started process (PID=97643) to work on /Users/dimz/EconWizard/hermesvirtual/lib/python3.8/site-packages/airflow/example_dags/example_setup_teardown_taskflow.py
[2023-11-02T10:14:51.665-0500] {processor.py:829} INFO - Processing file /Users/dimz/EconWizard/hermesvirtual/lib/python3.8/site-packages/airflow/example_dags/example_setup_teardown_taskflow.py for tasks to queue
[2023-11-02T10:14:51.665-0500] {logging_mixin.py:151} INFO - [2023-11-02T10:14:51.665-0500] {dagbag.py:536} INFO - Filling up the DagBag from /Users/dimz/EconWizard/hermesvirtual/lib/python3.8/site-packages/airflow/example_dags/example_setup_teardown_taskflow.py
[2023-11-02T10:14:51.703-0500] {processor.py:839} INFO - DAG(s) dict_keys(['example_setup_teardown_taskflow']) retrieved from /Users/dimz/EconWizard/hermesvirtual/lib/python3.8/site-packages/airflow/example_dags/example_setup_teardown_taskflow.py
[2023-11-02T10:14:51.802-0500] {logging_mixin.py:151} INFO - [2023-11-02T10:14:51.802-0500] {dag.py:2941} INFO - Sync 1 DAGs
[2023-11-02T10:14:51.811-0500] {logging_mixin.py:151} INFO - [2023-11-02T10:14:51.811-0500] {dag.py:3722} INFO - Setting next_dagrun for example_setup_teardown_taskflow to 2023-11-01T15:14:51.811592+00:00, run_after=2023-11-02T15:14:51.811592+00:00
[2023-11-02T10:14:51.822-0500] {processor.py:179} INFO - Processing /Users/dimz/EconWizard/hermesvirtual/lib/python3.8/site-packages/airflow/example_dags/example_setup_teardown_taskflow.py took 0.162 seconds
[2023-11-02T10:39:07.624-0500] {processor.py:157} INFO - Started process (PID=99876) to work on /Users/dimz/EconWizard/hermesvirtual/lib/python3.8/site-packages/airflow/example_dags/example_setup_teardown_taskflow.py
[2023-11-02T10:39:07.628-0500] {processor.py:829} INFO - Processing file /Users/dimz/EconWizard/hermesvirtual/lib/python3.8/site-packages/airflow/example_dags/example_setup_teardown_taskflow.py for tasks to queue
[2023-11-02T10:39:07.629-0500] {logging_mixin.py:151} INFO - [2023-11-02T10:39:07.629-0500] {dagbag.py:536} INFO - Filling up the DagBag from /Users/dimz/EconWizard/hermesvirtual/lib/python3.8/site-packages/airflow/example_dags/example_setup_teardown_taskflow.py
[2023-11-02T10:39:07.664-0500] {processor.py:839} INFO - DAG(s) dict_keys(['example_setup_teardown_taskflow']) retrieved from /Users/dimz/EconWizard/hermesvirtual/lib/python3.8/site-packages/airflow/example_dags/example_setup_teardown_taskflow.py
[2023-11-02T10:39:07.771-0500] {logging_mixin.py:151} INFO - [2023-11-02T10:39:07.770-0500] {dag.py:2941} INFO - Sync 1 DAGs
[2023-11-02T10:39:07.780-0500] {logging_mixin.py:151} INFO - [2023-11-02T10:39:07.780-0500] {dag.py:3722} INFO - Setting next_dagrun for example_setup_teardown_taskflow to 2023-11-01T15:39:07.780190+00:00, run_after=2023-11-02T15:39:07.780190+00:00
[2023-11-02T10:39:07.790-0500] {processor.py:179} INFO - Processing /Users/dimz/EconWizard/hermesvirtual/lib/python3.8/site-packages/airflow/example_dags/example_setup_teardown_taskflow.py took 0.166 seconds
[2023-11-02T10:40:41.515-0500] {processor.py:157} INFO - Started process (PID=99995) to work on /Users/dimz/EconWizard/hermesvirtual/lib/python3.8/site-packages/airflow/example_dags/example_setup_teardown_taskflow.py
[2023-11-02T10:40:41.520-0500] {processor.py:829} INFO - Processing file /Users/dimz/EconWizard/hermesvirtual/lib/python3.8/site-packages/airflow/example_dags/example_setup_teardown_taskflow.py for tasks to queue
[2023-11-02T10:40:41.520-0500] {logging_mixin.py:151} INFO - [2023-11-02T10:40:41.520-0500] {dagbag.py:536} INFO - Filling up the DagBag from /Users/dimz/EconWizard/hermesvirtual/lib/python3.8/site-packages/airflow/example_dags/example_setup_teardown_taskflow.py
[2023-11-02T10:40:41.555-0500] {processor.py:839} INFO - DAG(s) dict_keys(['example_setup_teardown_taskflow']) retrieved from /Users/dimz/EconWizard/hermesvirtual/lib/python3.8/site-packages/airflow/example_dags/example_setup_teardown_taskflow.py
[2023-11-02T10:40:41.664-0500] {logging_mixin.py:151} INFO - [2023-11-02T10:40:41.663-0500] {dag.py:2941} INFO - Sync 1 DAGs
[2023-11-02T10:40:41.673-0500] {logging_mixin.py:151} INFO - [2023-11-02T10:40:41.673-0500] {dag.py:3722} INFO - Setting next_dagrun for example_setup_teardown_taskflow to 2023-11-01T15:40:41.673137+00:00, run_after=2023-11-02T15:40:41.673137+00:00
[2023-11-02T10:40:41.684-0500] {processor.py:179} INFO - Processing /Users/dimz/EconWizard/hermesvirtual/lib/python3.8/site-packages/airflow/example_dags/example_setup_teardown_taskflow.py took 0.169 seconds
[2023-11-02T10:42:44.002-0500] {processor.py:157} INFO - Started process (PID=321) to work on /Users/dimz/EconWizard/hermesvirtual/lib/python3.8/site-packages/airflow/example_dags/example_setup_teardown_taskflow.py
[2023-11-02T10:42:44.007-0500] {processor.py:829} INFO - Processing file /Users/dimz/EconWizard/hermesvirtual/lib/python3.8/site-packages/airflow/example_dags/example_setup_teardown_taskflow.py for tasks to queue
[2023-11-02T10:42:44.008-0500] {logging_mixin.py:151} INFO - [2023-11-02T10:42:44.007-0500] {dagbag.py:536} INFO - Filling up the DagBag from /Users/dimz/EconWizard/hermesvirtual/lib/python3.8/site-packages/airflow/example_dags/example_setup_teardown_taskflow.py
[2023-11-02T10:42:44.043-0500] {processor.py:839} INFO - DAG(s) dict_keys(['example_setup_teardown_taskflow']) retrieved from /Users/dimz/EconWizard/hermesvirtual/lib/python3.8/site-packages/airflow/example_dags/example_setup_teardown_taskflow.py
[2023-11-02T10:42:44.145-0500] {logging_mixin.py:151} INFO - [2023-11-02T10:42:44.144-0500] {dag.py:2941} INFO - Sync 1 DAGs
[2023-11-02T10:42:44.154-0500] {logging_mixin.py:151} INFO - [2023-11-02T10:42:44.154-0500] {dag.py:3722} INFO - Setting next_dagrun for example_setup_teardown_taskflow to 2023-11-01T15:42:44.154232+00:00, run_after=2023-11-02T15:42:44.154232+00:00
[2023-11-02T10:42:44.165-0500] {processor.py:179} INFO - Processing /Users/dimz/EconWizard/hermesvirtual/lib/python3.8/site-packages/airflow/example_dags/example_setup_teardown_taskflow.py took 0.163 seconds
