[2023-11-01T21:36:26.833-0500] {processor.py:157} INFO - Started process (PID=87769) to work on /Users/dimz/EconWizard/hermesvirtual/lib/python3.8/site-packages/airflow/example_dags/example_branch_operator_decorator.py
[2023-11-01T21:36:26.837-0500] {processor.py:829} INFO - Processing file /Users/dimz/EconWizard/hermesvirtual/lib/python3.8/site-packages/airflow/example_dags/example_branch_operator_decorator.py for tasks to queue
[2023-11-01T21:36:26.837-0500] {logging_mixin.py:151} INFO - [2023-11-01T21:36:26.837-0500] {dagbag.py:536} INFO - Filling up the DagBag from /Users/dimz/EconWizard/hermesvirtual/lib/python3.8/site-packages/airflow/example_dags/example_branch_operator_decorator.py
[2023-11-01T21:36:26.872-0500] {processor.py:839} INFO - DAG(s) dict_keys(['example_branch_python_operator_decorator']) retrieved from /Users/dimz/EconWizard/hermesvirtual/lib/python3.8/site-packages/airflow/example_dags/example_branch_operator_decorator.py
[2023-11-01T21:36:27.210-0500] {logging_mixin.py:151} INFO - [2023-11-01T21:36:27.210-0500] {manager.py:499} INFO - Created Permission View: %s
[2023-11-01T21:36:27.215-0500] {logging_mixin.py:151} INFO - [2023-11-01T21:36:27.215-0500] {manager.py:499} INFO - Created Permission View: %s
[2023-11-01T21:36:27.218-0500] {logging_mixin.py:151} INFO - [2023-11-01T21:36:27.218-0500] {manager.py:499} INFO - Created Permission View: %s
[2023-11-01T21:36:27.218-0500] {logging_mixin.py:151} INFO - [2023-11-01T21:36:27.218-0500] {dag.py:2941} INFO - Sync 1 DAGs
[2023-11-01T21:36:27.224-0500] {logging_mixin.py:151} INFO - [2023-11-01T21:36:27.224-0500] {dag.py:2963} INFO - Creating ORM DAG for example_branch_python_operator_decorator
[2023-11-01T21:36:27.230-0500] {logging_mixin.py:151} INFO - [2023-11-01T21:36:27.230-0500] {dag.py:3722} INFO - Setting next_dagrun for example_branch_python_operator_decorator to 2023-11-01T00:00:00+00:00, run_after=2023-11-02T00:00:00+00:00
[2023-11-01T21:36:27.239-0500] {processor.py:179} INFO - Processing /Users/dimz/EconWizard/hermesvirtual/lib/python3.8/site-packages/airflow/example_dags/example_branch_operator_decorator.py took 0.407 seconds
[2023-11-01T21:38:19.716-0500] {processor.py:157} INFO - Started process (PID=87966) to work on /Users/dimz/EconWizard/hermesvirtual/lib/python3.8/site-packages/airflow/example_dags/example_branch_operator_decorator.py
[2023-11-01T21:38:19.721-0500] {processor.py:829} INFO - Processing file /Users/dimz/EconWizard/hermesvirtual/lib/python3.8/site-packages/airflow/example_dags/example_branch_operator_decorator.py for tasks to queue
[2023-11-01T21:38:19.722-0500] {logging_mixin.py:151} INFO - [2023-11-01T21:38:19.722-0500] {dagbag.py:536} INFO - Filling up the DagBag from /Users/dimz/EconWizard/hermesvirtual/lib/python3.8/site-packages/airflow/example_dags/example_branch_operator_decorator.py
[2023-11-01T21:38:19.757-0500] {processor.py:839} INFO - DAG(s) dict_keys(['example_branch_python_operator_decorator']) retrieved from /Users/dimz/EconWizard/hermesvirtual/lib/python3.8/site-packages/airflow/example_dags/example_branch_operator_decorator.py
[2023-11-01T21:38:19.859-0500] {logging_mixin.py:151} INFO - [2023-11-01T21:38:19.859-0500] {dag.py:2941} INFO - Sync 1 DAGs
[2023-11-01T21:38:19.870-0500] {logging_mixin.py:151} INFO - [2023-11-01T21:38:19.870-0500] {dag.py:3722} INFO - Setting next_dagrun for example_branch_python_operator_decorator to 2023-11-01T00:00:00+00:00, run_after=2023-11-02T00:00:00+00:00
[2023-11-01T21:38:19.882-0500] {processor.py:179} INFO - Processing /Users/dimz/EconWizard/hermesvirtual/lib/python3.8/site-packages/airflow/example_dags/example_branch_operator_decorator.py took 0.166 seconds
[2023-11-01T21:40:14.441-0500] {processor.py:157} INFO - Started process (PID=88214) to work on /Users/dimz/EconWizard/hermesvirtual/lib/python3.8/site-packages/airflow/example_dags/example_branch_operator_decorator.py
[2023-11-01T21:40:14.446-0500] {processor.py:829} INFO - Processing file /Users/dimz/EconWizard/hermesvirtual/lib/python3.8/site-packages/airflow/example_dags/example_branch_operator_decorator.py for tasks to queue
[2023-11-01T21:40:14.446-0500] {logging_mixin.py:151} INFO - [2023-11-01T21:40:14.446-0500] {dagbag.py:536} INFO - Filling up the DagBag from /Users/dimz/EconWizard/hermesvirtual/lib/python3.8/site-packages/airflow/example_dags/example_branch_operator_decorator.py
[2023-11-01T21:40:14.487-0500] {processor.py:839} INFO - DAG(s) dict_keys(['example_branch_python_operator_decorator']) retrieved from /Users/dimz/EconWizard/hermesvirtual/lib/python3.8/site-packages/airflow/example_dags/example_branch_operator_decorator.py
[2023-11-01T21:40:14.606-0500] {logging_mixin.py:151} INFO - [2023-11-01T21:40:14.606-0500] {dag.py:2941} INFO - Sync 1 DAGs
[2023-11-01T21:40:14.619-0500] {logging_mixin.py:151} INFO - [2023-11-01T21:40:14.618-0500] {dag.py:3722} INFO - Setting next_dagrun for example_branch_python_operator_decorator to 2023-11-01T00:00:00+00:00, run_after=2023-11-02T00:00:00+00:00
[2023-11-01T21:40:14.631-0500] {processor.py:179} INFO - Processing /Users/dimz/EconWizard/hermesvirtual/lib/python3.8/site-packages/airflow/example_dags/example_branch_operator_decorator.py took 0.190 seconds
[2023-11-01T21:42:11.104-0500] {processor.py:157} INFO - Started process (PID=88473) to work on /Users/dimz/EconWizard/hermesvirtual/lib/python3.8/site-packages/airflow/example_dags/example_branch_operator_decorator.py
[2023-11-01T21:42:11.109-0500] {processor.py:829} INFO - Processing file /Users/dimz/EconWizard/hermesvirtual/lib/python3.8/site-packages/airflow/example_dags/example_branch_operator_decorator.py for tasks to queue
[2023-11-01T21:42:11.109-0500] {logging_mixin.py:151} INFO - [2023-11-01T21:42:11.109-0500] {dagbag.py:536} INFO - Filling up the DagBag from /Users/dimz/EconWizard/hermesvirtual/lib/python3.8/site-packages/airflow/example_dags/example_branch_operator_decorator.py
[2023-11-01T21:42:11.146-0500] {processor.py:839} INFO - DAG(s) dict_keys(['example_branch_python_operator_decorator']) retrieved from /Users/dimz/EconWizard/hermesvirtual/lib/python3.8/site-packages/airflow/example_dags/example_branch_operator_decorator.py
[2023-11-01T21:42:11.253-0500] {logging_mixin.py:151} INFO - [2023-11-01T21:42:11.252-0500] {dag.py:2941} INFO - Sync 1 DAGs
[2023-11-01T21:42:11.264-0500] {logging_mixin.py:151} INFO - [2023-11-01T21:42:11.264-0500] {dag.py:3722} INFO - Setting next_dagrun for example_branch_python_operator_decorator to 2023-11-01T00:00:00+00:00, run_after=2023-11-02T00:00:00+00:00
[2023-11-01T21:42:11.275-0500] {processor.py:179} INFO - Processing /Users/dimz/EconWizard/hermesvirtual/lib/python3.8/site-packages/airflow/example_dags/example_branch_operator_decorator.py took 0.172 seconds
[2023-11-01T21:44:03.867-0500] {processor.py:157} INFO - Started process (PID=88697) to work on /Users/dimz/EconWizard/hermesvirtual/lib/python3.8/site-packages/airflow/example_dags/example_branch_operator_decorator.py
[2023-11-01T21:44:03.872-0500] {processor.py:829} INFO - Processing file /Users/dimz/EconWizard/hermesvirtual/lib/python3.8/site-packages/airflow/example_dags/example_branch_operator_decorator.py for tasks to queue
[2023-11-01T21:44:03.872-0500] {logging_mixin.py:151} INFO - [2023-11-01T21:44:03.872-0500] {dagbag.py:536} INFO - Filling up the DagBag from /Users/dimz/EconWizard/hermesvirtual/lib/python3.8/site-packages/airflow/example_dags/example_branch_operator_decorator.py
[2023-11-01T21:44:03.908-0500] {processor.py:839} INFO - DAG(s) dict_keys(['example_branch_python_operator_decorator']) retrieved from /Users/dimz/EconWizard/hermesvirtual/lib/python3.8/site-packages/airflow/example_dags/example_branch_operator_decorator.py
[2023-11-01T21:44:04.009-0500] {logging_mixin.py:151} INFO - [2023-11-01T21:44:04.009-0500] {dag.py:2941} INFO - Sync 1 DAGs
[2023-11-01T21:44:04.021-0500] {logging_mixin.py:151} INFO - [2023-11-01T21:44:04.021-0500] {dag.py:3722} INFO - Setting next_dagrun for example_branch_python_operator_decorator to 2023-11-01T00:00:00+00:00, run_after=2023-11-02T00:00:00+00:00
[2023-11-01T21:44:04.032-0500] {processor.py:179} INFO - Processing /Users/dimz/EconWizard/hermesvirtual/lib/python3.8/site-packages/airflow/example_dags/example_branch_operator_decorator.py took 0.166 seconds
[2023-11-01T21:46:05.841-0500] {processor.py:157} INFO - Started process (PID=88862) to work on /Users/dimz/EconWizard/hermesvirtual/lib/python3.8/site-packages/airflow/example_dags/example_branch_operator_decorator.py
[2023-11-01T21:46:05.846-0500] {processor.py:829} INFO - Processing file /Users/dimz/EconWizard/hermesvirtual/lib/python3.8/site-packages/airflow/example_dags/example_branch_operator_decorator.py for tasks to queue
[2023-11-01T21:46:05.847-0500] {logging_mixin.py:151} INFO - [2023-11-01T21:46:05.846-0500] {dagbag.py:536} INFO - Filling up the DagBag from /Users/dimz/EconWizard/hermesvirtual/lib/python3.8/site-packages/airflow/example_dags/example_branch_operator_decorator.py
[2023-11-01T21:46:05.889-0500] {processor.py:839} INFO - DAG(s) dict_keys(['example_branch_python_operator_decorator']) retrieved from /Users/dimz/EconWizard/hermesvirtual/lib/python3.8/site-packages/airflow/example_dags/example_branch_operator_decorator.py
[2023-11-01T21:46:06.001-0500] {logging_mixin.py:151} INFO - [2023-11-01T21:46:06.001-0500] {dag.py:2941} INFO - Sync 1 DAGs
[2023-11-01T21:46:06.013-0500] {logging_mixin.py:151} INFO - [2023-11-01T21:46:06.013-0500] {dag.py:3722} INFO - Setting next_dagrun for example_branch_python_operator_decorator to 2023-11-01T00:00:00+00:00, run_after=2023-11-02T00:00:00+00:00
[2023-11-01T21:46:06.025-0500] {processor.py:179} INFO - Processing /Users/dimz/EconWizard/hermesvirtual/lib/python3.8/site-packages/airflow/example_dags/example_branch_operator_decorator.py took 0.184 seconds
[2023-11-01T21:48:07.729-0500] {processor.py:157} INFO - Started process (PID=89115) to work on /Users/dimz/EconWizard/hermesvirtual/lib/python3.8/site-packages/airflow/example_dags/example_branch_operator_decorator.py
[2023-11-01T21:48:07.734-0500] {processor.py:829} INFO - Processing file /Users/dimz/EconWizard/hermesvirtual/lib/python3.8/site-packages/airflow/example_dags/example_branch_operator_decorator.py for tasks to queue
[2023-11-01T21:48:07.734-0500] {logging_mixin.py:151} INFO - [2023-11-01T21:48:07.734-0500] {dagbag.py:536} INFO - Filling up the DagBag from /Users/dimz/EconWizard/hermesvirtual/lib/python3.8/site-packages/airflow/example_dags/example_branch_operator_decorator.py
[2023-11-01T21:48:07.769-0500] {processor.py:839} INFO - DAG(s) dict_keys(['example_branch_python_operator_decorator']) retrieved from /Users/dimz/EconWizard/hermesvirtual/lib/python3.8/site-packages/airflow/example_dags/example_branch_operator_decorator.py
[2023-11-01T21:48:07.868-0500] {logging_mixin.py:151} INFO - [2023-11-01T21:48:07.867-0500] {dag.py:2941} INFO - Sync 1 DAGs
[2023-11-01T21:48:07.878-0500] {logging_mixin.py:151} INFO - [2023-11-01T21:48:07.878-0500] {dag.py:3722} INFO - Setting next_dagrun for example_branch_python_operator_decorator to 2023-11-01T00:00:00+00:00, run_after=2023-11-02T00:00:00+00:00
[2023-11-01T21:48:07.888-0500] {processor.py:179} INFO - Processing /Users/dimz/EconWizard/hermesvirtual/lib/python3.8/site-packages/airflow/example_dags/example_branch_operator_decorator.py took 0.160 seconds
[2023-11-01T21:50:06.902-0500] {processor.py:157} INFO - Started process (PID=89284) to work on /Users/dimz/EconWizard/hermesvirtual/lib/python3.8/site-packages/airflow/example_dags/example_branch_operator_decorator.py
[2023-11-01T21:50:06.906-0500] {processor.py:829} INFO - Processing file /Users/dimz/EconWizard/hermesvirtual/lib/python3.8/site-packages/airflow/example_dags/example_branch_operator_decorator.py for tasks to queue
[2023-11-01T21:50:06.906-0500] {logging_mixin.py:151} INFO - [2023-11-01T21:50:06.906-0500] {dagbag.py:536} INFO - Filling up the DagBag from /Users/dimz/EconWizard/hermesvirtual/lib/python3.8/site-packages/airflow/example_dags/example_branch_operator_decorator.py
[2023-11-01T21:50:06.943-0500] {processor.py:839} INFO - DAG(s) dict_keys(['example_branch_python_operator_decorator']) retrieved from /Users/dimz/EconWizard/hermesvirtual/lib/python3.8/site-packages/airflow/example_dags/example_branch_operator_decorator.py
[2023-11-01T21:50:07.052-0500] {logging_mixin.py:151} INFO - [2023-11-01T21:50:07.052-0500] {dag.py:2941} INFO - Sync 1 DAGs
[2023-11-01T21:50:07.063-0500] {logging_mixin.py:151} INFO - [2023-11-01T21:50:07.063-0500] {dag.py:3722} INFO - Setting next_dagrun for example_branch_python_operator_decorator to 2023-11-01T00:00:00+00:00, run_after=2023-11-02T00:00:00+00:00
[2023-11-01T21:50:07.075-0500] {processor.py:179} INFO - Processing /Users/dimz/EconWizard/hermesvirtual/lib/python3.8/site-packages/airflow/example_dags/example_branch_operator_decorator.py took 0.174 seconds
[2023-11-01T21:52:05.769-0500] {processor.py:157} INFO - Started process (PID=89429) to work on /Users/dimz/EconWizard/hermesvirtual/lib/python3.8/site-packages/airflow/example_dags/example_branch_operator_decorator.py
[2023-11-01T21:52:05.774-0500] {processor.py:829} INFO - Processing file /Users/dimz/EconWizard/hermesvirtual/lib/python3.8/site-packages/airflow/example_dags/example_branch_operator_decorator.py for tasks to queue
[2023-11-01T21:52:05.775-0500] {logging_mixin.py:151} INFO - [2023-11-01T21:52:05.775-0500] {dagbag.py:536} INFO - Filling up the DagBag from /Users/dimz/EconWizard/hermesvirtual/lib/python3.8/site-packages/airflow/example_dags/example_branch_operator_decorator.py
[2023-11-01T21:52:05.810-0500] {processor.py:839} INFO - DAG(s) dict_keys(['example_branch_python_operator_decorator']) retrieved from /Users/dimz/EconWizard/hermesvirtual/lib/python3.8/site-packages/airflow/example_dags/example_branch_operator_decorator.py
[2023-11-01T21:52:05.910-0500] {logging_mixin.py:151} INFO - [2023-11-01T21:52:05.910-0500] {dag.py:2941} INFO - Sync 1 DAGs
[2023-11-01T21:52:05.921-0500] {logging_mixin.py:151} INFO - [2023-11-01T21:52:05.920-0500] {dag.py:3722} INFO - Setting next_dagrun for example_branch_python_operator_decorator to 2023-11-01T00:00:00+00:00, run_after=2023-11-02T00:00:00+00:00
[2023-11-01T21:52:05.931-0500] {processor.py:179} INFO - Processing /Users/dimz/EconWizard/hermesvirtual/lib/python3.8/site-packages/airflow/example_dags/example_branch_operator_decorator.py took 0.162 seconds
[2023-11-01T21:54:01.910-0500] {processor.py:157} INFO - Started process (PID=89612) to work on /Users/dimz/EconWizard/hermesvirtual/lib/python3.8/site-packages/airflow/example_dags/example_branch_operator_decorator.py
[2023-11-01T21:54:01.914-0500] {processor.py:829} INFO - Processing file /Users/dimz/EconWizard/hermesvirtual/lib/python3.8/site-packages/airflow/example_dags/example_branch_operator_decorator.py for tasks to queue
[2023-11-01T21:54:01.914-0500] {logging_mixin.py:151} INFO - [2023-11-01T21:54:01.914-0500] {dagbag.py:536} INFO - Filling up the DagBag from /Users/dimz/EconWizard/hermesvirtual/lib/python3.8/site-packages/airflow/example_dags/example_branch_operator_decorator.py
[2023-11-01T21:54:01.956-0500] {processor.py:839} INFO - DAG(s) dict_keys(['example_branch_python_operator_decorator']) retrieved from /Users/dimz/EconWizard/hermesvirtual/lib/python3.8/site-packages/airflow/example_dags/example_branch_operator_decorator.py
[2023-11-01T21:54:02.068-0500] {logging_mixin.py:151} INFO - [2023-11-01T21:54:02.068-0500] {dag.py:2941} INFO - Sync 1 DAGs
[2023-11-01T21:54:02.082-0500] {logging_mixin.py:151} INFO - [2023-11-01T21:54:02.081-0500] {dag.py:3722} INFO - Setting next_dagrun for example_branch_python_operator_decorator to 2023-11-01T00:00:00+00:00, run_after=2023-11-02T00:00:00+00:00
[2023-11-01T21:54:02.094-0500] {processor.py:179} INFO - Processing /Users/dimz/EconWizard/hermesvirtual/lib/python3.8/site-packages/airflow/example_dags/example_branch_operator_decorator.py took 0.185 seconds
[2023-11-01T21:56:04.765-0500] {processor.py:157} INFO - Started process (PID=89769) to work on /Users/dimz/EconWizard/hermesvirtual/lib/python3.8/site-packages/airflow/example_dags/example_branch_operator_decorator.py
[2023-11-01T21:56:04.770-0500] {processor.py:829} INFO - Processing file /Users/dimz/EconWizard/hermesvirtual/lib/python3.8/site-packages/airflow/example_dags/example_branch_operator_decorator.py for tasks to queue
[2023-11-01T21:56:04.770-0500] {logging_mixin.py:151} INFO - [2023-11-01T21:56:04.770-0500] {dagbag.py:536} INFO - Filling up the DagBag from /Users/dimz/EconWizard/hermesvirtual/lib/python3.8/site-packages/airflow/example_dags/example_branch_operator_decorator.py
[2023-11-01T21:56:04.805-0500] {processor.py:839} INFO - DAG(s) dict_keys(['example_branch_python_operator_decorator']) retrieved from /Users/dimz/EconWizard/hermesvirtual/lib/python3.8/site-packages/airflow/example_dags/example_branch_operator_decorator.py
[2023-11-01T21:56:04.904-0500] {logging_mixin.py:151} INFO - [2023-11-01T21:56:04.904-0500] {dag.py:2941} INFO - Sync 1 DAGs
[2023-11-01T21:56:04.915-0500] {logging_mixin.py:151} INFO - [2023-11-01T21:56:04.915-0500] {dag.py:3722} INFO - Setting next_dagrun for example_branch_python_operator_decorator to 2023-11-01T00:00:00+00:00, run_after=2023-11-02T00:00:00+00:00
[2023-11-01T21:56:04.925-0500] {processor.py:179} INFO - Processing /Users/dimz/EconWizard/hermesvirtual/lib/python3.8/site-packages/airflow/example_dags/example_branch_operator_decorator.py took 0.161 seconds
[2023-11-01T21:58:00.988-0500] {processor.py:157} INFO - Started process (PID=89988) to work on /Users/dimz/EconWizard/hermesvirtual/lib/python3.8/site-packages/airflow/example_dags/example_branch_operator_decorator.py
[2023-11-01T21:58:00.994-0500] {processor.py:829} INFO - Processing file /Users/dimz/EconWizard/hermesvirtual/lib/python3.8/site-packages/airflow/example_dags/example_branch_operator_decorator.py for tasks to queue
[2023-11-01T21:58:00.994-0500] {logging_mixin.py:151} INFO - [2023-11-01T21:58:00.994-0500] {dagbag.py:536} INFO - Filling up the DagBag from /Users/dimz/EconWizard/hermesvirtual/lib/python3.8/site-packages/airflow/example_dags/example_branch_operator_decorator.py
[2023-11-01T21:58:01.033-0500] {processor.py:839} INFO - DAG(s) dict_keys(['example_branch_python_operator_decorator']) retrieved from /Users/dimz/EconWizard/hermesvirtual/lib/python3.8/site-packages/airflow/example_dags/example_branch_operator_decorator.py
[2023-11-01T21:58:01.144-0500] {logging_mixin.py:151} INFO - [2023-11-01T21:58:01.144-0500] {dag.py:2941} INFO - Sync 1 DAGs
[2023-11-01T21:58:01.156-0500] {logging_mixin.py:151} INFO - [2023-11-01T21:58:01.156-0500] {dag.py:3722} INFO - Setting next_dagrun for example_branch_python_operator_decorator to 2023-11-01T00:00:00+00:00, run_after=2023-11-02T00:00:00+00:00
[2023-11-01T21:58:01.170-0500] {processor.py:179} INFO - Processing /Users/dimz/EconWizard/hermesvirtual/lib/python3.8/site-packages/airflow/example_dags/example_branch_operator_decorator.py took 0.182 seconds
[2023-11-01T22:00:01.310-0500] {processor.py:157} INFO - Started process (PID=90131) to work on /Users/dimz/EconWizard/hermesvirtual/lib/python3.8/site-packages/airflow/example_dags/example_branch_operator_decorator.py
[2023-11-01T22:00:01.315-0500] {processor.py:829} INFO - Processing file /Users/dimz/EconWizard/hermesvirtual/lib/python3.8/site-packages/airflow/example_dags/example_branch_operator_decorator.py for tasks to queue
[2023-11-01T22:00:01.315-0500] {logging_mixin.py:151} INFO - [2023-11-01T22:00:01.315-0500] {dagbag.py:536} INFO - Filling up the DagBag from /Users/dimz/EconWizard/hermesvirtual/lib/python3.8/site-packages/airflow/example_dags/example_branch_operator_decorator.py
[2023-11-01T22:00:01.355-0500] {processor.py:839} INFO - DAG(s) dict_keys(['example_branch_python_operator_decorator']) retrieved from /Users/dimz/EconWizard/hermesvirtual/lib/python3.8/site-packages/airflow/example_dags/example_branch_operator_decorator.py
[2023-11-01T22:00:01.461-0500] {logging_mixin.py:151} INFO - [2023-11-01T22:00:01.460-0500] {dag.py:2941} INFO - Sync 1 DAGs
[2023-11-01T22:00:01.471-0500] {logging_mixin.py:151} INFO - [2023-11-01T22:00:01.471-0500] {dag.py:3722} INFO - Setting next_dagrun for example_branch_python_operator_decorator to 2023-11-01T00:00:00+00:00, run_after=2023-11-02T00:00:00+00:00
[2023-11-01T22:00:01.482-0500] {processor.py:179} INFO - Processing /Users/dimz/EconWizard/hermesvirtual/lib/python3.8/site-packages/airflow/example_dags/example_branch_operator_decorator.py took 0.172 seconds
[2023-11-01T22:02:03.638-0500] {processor.py:157} INFO - Started process (PID=90307) to work on /Users/dimz/EconWizard/hermesvirtual/lib/python3.8/site-packages/airflow/example_dags/example_branch_operator_decorator.py
[2023-11-01T22:02:03.643-0500] {processor.py:829} INFO - Processing file /Users/dimz/EconWizard/hermesvirtual/lib/python3.8/site-packages/airflow/example_dags/example_branch_operator_decorator.py for tasks to queue
[2023-11-01T22:02:03.643-0500] {logging_mixin.py:151} INFO - [2023-11-01T22:02:03.643-0500] {dagbag.py:536} INFO - Filling up the DagBag from /Users/dimz/EconWizard/hermesvirtual/lib/python3.8/site-packages/airflow/example_dags/example_branch_operator_decorator.py
[2023-11-01T22:02:03.685-0500] {processor.py:839} INFO - DAG(s) dict_keys(['example_branch_python_operator_decorator']) retrieved from /Users/dimz/EconWizard/hermesvirtual/lib/python3.8/site-packages/airflow/example_dags/example_branch_operator_decorator.py
[2023-11-01T22:02:03.788-0500] {logging_mixin.py:151} INFO - [2023-11-01T22:02:03.788-0500] {dag.py:2941} INFO - Sync 1 DAGs
[2023-11-01T22:02:03.798-0500] {logging_mixin.py:151} INFO - [2023-11-01T22:02:03.798-0500] {dag.py:3722} INFO - Setting next_dagrun for example_branch_python_operator_decorator to 2023-11-01T00:00:00+00:00, run_after=2023-11-02T00:00:00+00:00
[2023-11-01T22:02:03.809-0500] {processor.py:179} INFO - Processing /Users/dimz/EconWizard/hermesvirtual/lib/python3.8/site-packages/airflow/example_dags/example_branch_operator_decorator.py took 0.171 seconds
[2023-11-01T22:04:03.913-0500] {processor.py:157} INFO - Started process (PID=90479) to work on /Users/dimz/EconWizard/hermesvirtual/lib/python3.8/site-packages/airflow/example_dags/example_branch_operator_decorator.py
[2023-11-01T22:04:03.917-0500] {processor.py:829} INFO - Processing file /Users/dimz/EconWizard/hermesvirtual/lib/python3.8/site-packages/airflow/example_dags/example_branch_operator_decorator.py for tasks to queue
[2023-11-01T22:04:03.918-0500] {logging_mixin.py:151} INFO - [2023-11-01T22:04:03.918-0500] {dagbag.py:536} INFO - Filling up the DagBag from /Users/dimz/EconWizard/hermesvirtual/lib/python3.8/site-packages/airflow/example_dags/example_branch_operator_decorator.py
[2023-11-01T22:04:03.953-0500] {processor.py:839} INFO - DAG(s) dict_keys(['example_branch_python_operator_decorator']) retrieved from /Users/dimz/EconWizard/hermesvirtual/lib/python3.8/site-packages/airflow/example_dags/example_branch_operator_decorator.py
[2023-11-01T22:04:04.051-0500] {logging_mixin.py:151} INFO - [2023-11-01T22:04:04.051-0500] {dag.py:2941} INFO - Sync 1 DAGs
[2023-11-01T22:04:04.062-0500] {logging_mixin.py:151} INFO - [2023-11-01T22:04:04.061-0500] {dag.py:3722} INFO - Setting next_dagrun for example_branch_python_operator_decorator to 2023-11-01T00:00:00+00:00, run_after=2023-11-02T00:00:00+00:00
[2023-11-01T22:04:04.072-0500] {processor.py:179} INFO - Processing /Users/dimz/EconWizard/hermesvirtual/lib/python3.8/site-packages/airflow/example_dags/example_branch_operator_decorator.py took 0.160 seconds
[2023-11-01T22:05:57.308-0500] {processor.py:157} INFO - Started process (PID=90699) to work on /Users/dimz/EconWizard/hermesvirtual/lib/python3.8/site-packages/airflow/example_dags/example_branch_operator_decorator.py
[2023-11-01T22:05:57.314-0500] {processor.py:829} INFO - Processing file /Users/dimz/EconWizard/hermesvirtual/lib/python3.8/site-packages/airflow/example_dags/example_branch_operator_decorator.py for tasks to queue
[2023-11-01T22:05:57.314-0500] {logging_mixin.py:151} INFO - [2023-11-01T22:05:57.314-0500] {dagbag.py:536} INFO - Filling up the DagBag from /Users/dimz/EconWizard/hermesvirtual/lib/python3.8/site-packages/airflow/example_dags/example_branch_operator_decorator.py
[2023-11-01T22:05:57.352-0500] {processor.py:839} INFO - DAG(s) dict_keys(['example_branch_python_operator_decorator']) retrieved from /Users/dimz/EconWizard/hermesvirtual/lib/python3.8/site-packages/airflow/example_dags/example_branch_operator_decorator.py
[2023-11-01T22:05:57.458-0500] {logging_mixin.py:151} INFO - [2023-11-01T22:05:57.458-0500] {dag.py:2941} INFO - Sync 1 DAGs
[2023-11-01T22:05:57.470-0500] {logging_mixin.py:151} INFO - [2023-11-01T22:05:57.470-0500] {dag.py:3722} INFO - Setting next_dagrun for example_branch_python_operator_decorator to 2023-11-01T00:00:00+00:00, run_after=2023-11-02T00:00:00+00:00
[2023-11-01T22:05:57.482-0500] {processor.py:179} INFO - Processing /Users/dimz/EconWizard/hermesvirtual/lib/python3.8/site-packages/airflow/example_dags/example_branch_operator_decorator.py took 0.174 seconds
[2023-11-01T22:08:03.649-0500] {processor.py:157} INFO - Started process (PID=90926) to work on /Users/dimz/EconWizard/hermesvirtual/lib/python3.8/site-packages/airflow/example_dags/example_branch_operator_decorator.py
[2023-11-01T22:08:03.653-0500] {processor.py:829} INFO - Processing file /Users/dimz/EconWizard/hermesvirtual/lib/python3.8/site-packages/airflow/example_dags/example_branch_operator_decorator.py for tasks to queue
[2023-11-01T22:08:03.654-0500] {logging_mixin.py:151} INFO - [2023-11-01T22:08:03.654-0500] {dagbag.py:536} INFO - Filling up the DagBag from /Users/dimz/EconWizard/hermesvirtual/lib/python3.8/site-packages/airflow/example_dags/example_branch_operator_decorator.py
[2023-11-01T22:08:03.693-0500] {processor.py:839} INFO - DAG(s) dict_keys(['example_branch_python_operator_decorator']) retrieved from /Users/dimz/EconWizard/hermesvirtual/lib/python3.8/site-packages/airflow/example_dags/example_branch_operator_decorator.py
[2023-11-01T22:08:03.805-0500] {logging_mixin.py:151} INFO - [2023-11-01T22:08:03.805-0500] {dag.py:2941} INFO - Sync 1 DAGs
[2023-11-01T22:08:03.816-0500] {logging_mixin.py:151} INFO - [2023-11-01T22:08:03.816-0500] {dag.py:3722} INFO - Setting next_dagrun for example_branch_python_operator_decorator to 2023-11-01T00:00:00+00:00, run_after=2023-11-02T00:00:00+00:00
[2023-11-01T22:08:03.827-0500] {processor.py:179} INFO - Processing /Users/dimz/EconWizard/hermesvirtual/lib/python3.8/site-packages/airflow/example_dags/example_branch_operator_decorator.py took 0.179 seconds
[2023-11-01T22:14:44.565-0500] {processor.py:157} INFO - Started process (PID=91567) to work on /Users/dimz/EconWizard/hermesvirtual/lib/python3.8/site-packages/airflow/example_dags/example_branch_operator_decorator.py
[2023-11-01T22:14:44.569-0500] {processor.py:829} INFO - Processing file /Users/dimz/EconWizard/hermesvirtual/lib/python3.8/site-packages/airflow/example_dags/example_branch_operator_decorator.py for tasks to queue
[2023-11-01T22:14:44.570-0500] {logging_mixin.py:151} INFO - [2023-11-01T22:14:44.570-0500] {dagbag.py:536} INFO - Filling up the DagBag from /Users/dimz/EconWizard/hermesvirtual/lib/python3.8/site-packages/airflow/example_dags/example_branch_operator_decorator.py
[2023-11-01T22:14:44.606-0500] {processor.py:839} INFO - DAG(s) dict_keys(['example_branch_python_operator_decorator']) retrieved from /Users/dimz/EconWizard/hermesvirtual/lib/python3.8/site-packages/airflow/example_dags/example_branch_operator_decorator.py
[2023-11-01T22:14:44.973-0500] {logging_mixin.py:151} INFO - [2023-11-01T22:14:44.973-0500] {dag.py:2941} INFO - Sync 1 DAGs
[2023-11-01T22:14:44.985-0500] {logging_mixin.py:151} INFO - [2023-11-01T22:14:44.984-0500] {dag.py:3722} INFO - Setting next_dagrun for example_branch_python_operator_decorator to 2023-11-01T00:00:00+00:00, run_after=2023-11-02T00:00:00+00:00
[2023-11-01T22:14:44.999-0500] {processor.py:179} INFO - Processing /Users/dimz/EconWizard/hermesvirtual/lib/python3.8/site-packages/airflow/example_dags/example_branch_operator_decorator.py took 0.434 seconds
[2023-11-01T22:16:44.113-0500] {processor.py:157} INFO - Started process (PID=91782) to work on /Users/dimz/EconWizard/hermesvirtual/lib/python3.8/site-packages/airflow/example_dags/example_branch_operator_decorator.py
[2023-11-01T22:16:44.118-0500] {processor.py:829} INFO - Processing file /Users/dimz/EconWizard/hermesvirtual/lib/python3.8/site-packages/airflow/example_dags/example_branch_operator_decorator.py for tasks to queue
[2023-11-01T22:16:44.118-0500] {logging_mixin.py:151} INFO - [2023-11-01T22:16:44.118-0500] {dagbag.py:536} INFO - Filling up the DagBag from /Users/dimz/EconWizard/hermesvirtual/lib/python3.8/site-packages/airflow/example_dags/example_branch_operator_decorator.py
[2023-11-01T22:16:44.159-0500] {processor.py:839} INFO - DAG(s) dict_keys(['example_branch_python_operator_decorator']) retrieved from /Users/dimz/EconWizard/hermesvirtual/lib/python3.8/site-packages/airflow/example_dags/example_branch_operator_decorator.py
[2023-11-01T22:16:44.276-0500] {logging_mixin.py:151} INFO - [2023-11-01T22:16:44.276-0500] {dag.py:2941} INFO - Sync 1 DAGs
[2023-11-01T22:16:44.288-0500] {logging_mixin.py:151} INFO - [2023-11-01T22:16:44.288-0500] {dag.py:3722} INFO - Setting next_dagrun for example_branch_python_operator_decorator to 2023-11-01T00:00:00+00:00, run_after=2023-11-02T00:00:00+00:00
[2023-11-01T22:16:44.301-0500] {processor.py:179} INFO - Processing /Users/dimz/EconWizard/hermesvirtual/lib/python3.8/site-packages/airflow/example_dags/example_branch_operator_decorator.py took 0.189 seconds
[2023-11-01T22:18:43.882-0500] {processor.py:157} INFO - Started process (PID=92091) to work on /Users/dimz/EconWizard/hermesvirtual/lib/python3.8/site-packages/airflow/example_dags/example_branch_operator_decorator.py
[2023-11-01T22:18:43.887-0500] {processor.py:829} INFO - Processing file /Users/dimz/EconWizard/hermesvirtual/lib/python3.8/site-packages/airflow/example_dags/example_branch_operator_decorator.py for tasks to queue
[2023-11-01T22:18:43.887-0500] {logging_mixin.py:151} INFO - [2023-11-01T22:18:43.887-0500] {dagbag.py:536} INFO - Filling up the DagBag from /Users/dimz/EconWizard/hermesvirtual/lib/python3.8/site-packages/airflow/example_dags/example_branch_operator_decorator.py
[2023-11-01T22:18:43.924-0500] {processor.py:839} INFO - DAG(s) dict_keys(['example_branch_python_operator_decorator']) retrieved from /Users/dimz/EconWizard/hermesvirtual/lib/python3.8/site-packages/airflow/example_dags/example_branch_operator_decorator.py
[2023-11-01T22:18:44.028-0500] {logging_mixin.py:151} INFO - [2023-11-01T22:18:44.027-0500] {dag.py:2941} INFO - Sync 1 DAGs
[2023-11-01T22:18:44.038-0500] {logging_mixin.py:151} INFO - [2023-11-01T22:18:44.038-0500] {dag.py:3722} INFO - Setting next_dagrun for example_branch_python_operator_decorator to 2023-11-01T00:00:00+00:00, run_after=2023-11-02T00:00:00+00:00
[2023-11-01T22:18:44.049-0500] {processor.py:179} INFO - Processing /Users/dimz/EconWizard/hermesvirtual/lib/python3.8/site-packages/airflow/example_dags/example_branch_operator_decorator.py took 0.168 seconds
[2023-11-01T22:20:30.501-0500] {processor.py:157} INFO - Started process (PID=92341) to work on /Users/dimz/EconWizard/hermesvirtual/lib/python3.8/site-packages/airflow/example_dags/example_branch_operator_decorator.py
[2023-11-01T22:20:30.506-0500] {processor.py:829} INFO - Processing file /Users/dimz/EconWizard/hermesvirtual/lib/python3.8/site-packages/airflow/example_dags/example_branch_operator_decorator.py for tasks to queue
[2023-11-01T22:20:30.506-0500] {logging_mixin.py:151} INFO - [2023-11-01T22:20:30.506-0500] {dagbag.py:536} INFO - Filling up the DagBag from /Users/dimz/EconWizard/hermesvirtual/lib/python3.8/site-packages/airflow/example_dags/example_branch_operator_decorator.py
[2023-11-01T22:20:30.541-0500] {processor.py:839} INFO - DAG(s) dict_keys(['example_branch_python_operator_decorator']) retrieved from /Users/dimz/EconWizard/hermesvirtual/lib/python3.8/site-packages/airflow/example_dags/example_branch_operator_decorator.py
[2023-11-01T22:20:30.640-0500] {logging_mixin.py:151} INFO - [2023-11-01T22:20:30.640-0500] {dag.py:2941} INFO - Sync 1 DAGs
[2023-11-01T22:20:30.650-0500] {logging_mixin.py:151} INFO - [2023-11-01T22:20:30.650-0500] {dag.py:3722} INFO - Setting next_dagrun for example_branch_python_operator_decorator to 2023-11-01T00:00:00+00:00, run_after=2023-11-02T00:00:00+00:00
[2023-11-01T22:20:30.660-0500] {processor.py:179} INFO - Processing /Users/dimz/EconWizard/hermesvirtual/lib/python3.8/site-packages/airflow/example_dags/example_branch_operator_decorator.py took 0.160 seconds
[2023-11-01T22:22:28.362-0500] {processor.py:157} INFO - Started process (PID=92668) to work on /Users/dimz/EconWizard/hermesvirtual/lib/python3.8/site-packages/airflow/example_dags/example_branch_operator_decorator.py
[2023-11-01T22:22:28.367-0500] {processor.py:829} INFO - Processing file /Users/dimz/EconWizard/hermesvirtual/lib/python3.8/site-packages/airflow/example_dags/example_branch_operator_decorator.py for tasks to queue
[2023-11-01T22:22:28.368-0500] {logging_mixin.py:151} INFO - [2023-11-01T22:22:28.368-0500] {dagbag.py:536} INFO - Filling up the DagBag from /Users/dimz/EconWizard/hermesvirtual/lib/python3.8/site-packages/airflow/example_dags/example_branch_operator_decorator.py
[2023-11-01T22:22:28.411-0500] {processor.py:839} INFO - DAG(s) dict_keys(['example_branch_python_operator_decorator']) retrieved from /Users/dimz/EconWizard/hermesvirtual/lib/python3.8/site-packages/airflow/example_dags/example_branch_operator_decorator.py
[2023-11-01T22:22:28.521-0500] {logging_mixin.py:151} INFO - [2023-11-01T22:22:28.521-0500] {dag.py:2941} INFO - Sync 1 DAGs
[2023-11-01T22:22:28.532-0500] {logging_mixin.py:151} INFO - [2023-11-01T22:22:28.532-0500] {dag.py:3722} INFO - Setting next_dagrun for example_branch_python_operator_decorator to 2023-11-01T00:00:00+00:00, run_after=2023-11-02T00:00:00+00:00
[2023-11-01T22:22:28.543-0500] {processor.py:179} INFO - Processing /Users/dimz/EconWizard/hermesvirtual/lib/python3.8/site-packages/airflow/example_dags/example_branch_operator_decorator.py took 0.181 seconds
[2023-11-02T01:12:04.709-0500] {processor.py:157} INFO - Started process (PID=92988) to work on /Users/dimz/EconWizard/hermesvirtual/lib/python3.8/site-packages/airflow/example_dags/example_branch_operator_decorator.py
[2023-11-02T01:12:04.713-0500] {processor.py:829} INFO - Processing file /Users/dimz/EconWizard/hermesvirtual/lib/python3.8/site-packages/airflow/example_dags/example_branch_operator_decorator.py for tasks to queue
[2023-11-02T01:12:04.714-0500] {logging_mixin.py:151} INFO - [2023-11-02T01:12:04.713-0500] {dagbag.py:536} INFO - Filling up the DagBag from /Users/dimz/EconWizard/hermesvirtual/lib/python3.8/site-packages/airflow/example_dags/example_branch_operator_decorator.py
[2023-11-02T01:12:04.756-0500] {processor.py:839} INFO - DAG(s) dict_keys(['example_branch_python_operator_decorator']) retrieved from /Users/dimz/EconWizard/hermesvirtual/lib/python3.8/site-packages/airflow/example_dags/example_branch_operator_decorator.py
[2023-11-02T01:12:04.866-0500] {logging_mixin.py:151} INFO - [2023-11-02T01:12:04.866-0500] {dag.py:2941} INFO - Sync 1 DAGs
[2023-11-02T01:12:04.878-0500] {logging_mixin.py:151} INFO - [2023-11-02T01:12:04.878-0500] {dag.py:3722} INFO - Setting next_dagrun for example_branch_python_operator_decorator to 2023-11-01T00:00:00+00:00, run_after=2023-11-02T00:00:00+00:00
[2023-11-02T01:12:04.889-0500] {processor.py:179} INFO - Processing /Users/dimz/EconWizard/hermesvirtual/lib/python3.8/site-packages/airflow/example_dags/example_branch_operator_decorator.py took 0.181 seconds
[2023-11-02T07:11:25.221-0500] {processor.py:157} INFO - Started process (PID=93324) to work on /Users/dimz/EconWizard/hermesvirtual/lib/python3.8/site-packages/airflow/example_dags/example_branch_operator_decorator.py
[2023-11-02T07:11:25.226-0500] {processor.py:829} INFO - Processing file /Users/dimz/EconWizard/hermesvirtual/lib/python3.8/site-packages/airflow/example_dags/example_branch_operator_decorator.py for tasks to queue
[2023-11-02T07:11:25.226-0500] {logging_mixin.py:151} INFO - [2023-11-02T07:11:25.226-0500] {dagbag.py:536} INFO - Filling up the DagBag from /Users/dimz/EconWizard/hermesvirtual/lib/python3.8/site-packages/airflow/example_dags/example_branch_operator_decorator.py
[2023-11-02T07:11:25.263-0500] {processor.py:839} INFO - DAG(s) dict_keys(['example_branch_python_operator_decorator']) retrieved from /Users/dimz/EconWizard/hermesvirtual/lib/python3.8/site-packages/airflow/example_dags/example_branch_operator_decorator.py
[2023-11-02T07:11:25.371-0500] {logging_mixin.py:151} INFO - [2023-11-02T07:11:25.371-0500] {dag.py:2941} INFO - Sync 1 DAGs
[2023-11-02T07:11:25.381-0500] {logging_mixin.py:151} INFO - [2023-11-02T07:11:25.381-0500] {dag.py:3722} INFO - Setting next_dagrun for example_branch_python_operator_decorator to 2023-11-01T00:00:00+00:00, run_after=2023-11-02T00:00:00+00:00
[2023-11-02T07:11:25.392-0500] {processor.py:179} INFO - Processing /Users/dimz/EconWizard/hermesvirtual/lib/python3.8/site-packages/airflow/example_dags/example_branch_operator_decorator.py took 0.172 seconds
[2023-11-02T08:29:31.911-0500] {processor.py:157} INFO - Started process (PID=93435) to work on /Users/dimz/EconWizard/hermesvirtual/lib/python3.8/site-packages/airflow/example_dags/example_branch_operator_decorator.py
[2023-11-02T08:29:31.916-0500] {processor.py:829} INFO - Processing file /Users/dimz/EconWizard/hermesvirtual/lib/python3.8/site-packages/airflow/example_dags/example_branch_operator_decorator.py for tasks to queue
[2023-11-02T08:29:31.916-0500] {logging_mixin.py:151} INFO - [2023-11-02T08:29:31.916-0500] {dagbag.py:536} INFO - Filling up the DagBag from /Users/dimz/EconWizard/hermesvirtual/lib/python3.8/site-packages/airflow/example_dags/example_branch_operator_decorator.py
[2023-11-02T08:29:31.951-0500] {processor.py:839} INFO - DAG(s) dict_keys(['example_branch_python_operator_decorator']) retrieved from /Users/dimz/EconWizard/hermesvirtual/lib/python3.8/site-packages/airflow/example_dags/example_branch_operator_decorator.py
[2023-11-02T08:29:32.049-0500] {logging_mixin.py:151} INFO - [2023-11-02T08:29:32.049-0500] {dag.py:2941} INFO - Sync 1 DAGs
[2023-11-02T08:29:32.059-0500] {logging_mixin.py:151} INFO - [2023-11-02T08:29:32.059-0500] {dag.py:3722} INFO - Setting next_dagrun for example_branch_python_operator_decorator to 2023-11-01T00:00:00+00:00, run_after=2023-11-02T00:00:00+00:00
[2023-11-02T08:29:32.070-0500] {processor.py:179} INFO - Processing /Users/dimz/EconWizard/hermesvirtual/lib/python3.8/site-packages/airflow/example_dags/example_branch_operator_decorator.py took 0.159 seconds
[2023-11-02T09:03:39.202-0500] {processor.py:157} INFO - Started process (PID=93644) to work on /Users/dimz/EconWizard/hermesvirtual/lib/python3.8/site-packages/airflow/example_dags/example_branch_operator_decorator.py
[2023-11-02T09:03:39.207-0500] {processor.py:829} INFO - Processing file /Users/dimz/EconWizard/hermesvirtual/lib/python3.8/site-packages/airflow/example_dags/example_branch_operator_decorator.py for tasks to queue
[2023-11-02T09:03:39.208-0500] {logging_mixin.py:151} INFO - [2023-11-02T09:03:39.208-0500] {dagbag.py:536} INFO - Filling up the DagBag from /Users/dimz/EconWizard/hermesvirtual/lib/python3.8/site-packages/airflow/example_dags/example_branch_operator_decorator.py
[2023-11-02T09:03:39.243-0500] {processor.py:839} INFO - DAG(s) dict_keys(['example_branch_python_operator_decorator']) retrieved from /Users/dimz/EconWizard/hermesvirtual/lib/python3.8/site-packages/airflow/example_dags/example_branch_operator_decorator.py
[2023-11-02T09:03:39.342-0500] {logging_mixin.py:151} INFO - [2023-11-02T09:03:39.342-0500] {dag.py:2941} INFO - Sync 1 DAGs
[2023-11-02T09:03:39.352-0500] {logging_mixin.py:151} INFO - [2023-11-02T09:03:39.352-0500] {dag.py:3722} INFO - Setting next_dagrun for example_branch_python_operator_decorator to 2023-11-01T00:00:00+00:00, run_after=2023-11-02T00:00:00+00:00
[2023-11-02T09:03:39.363-0500] {processor.py:179} INFO - Processing /Users/dimz/EconWizard/hermesvirtual/lib/python3.8/site-packages/airflow/example_dags/example_branch_operator_decorator.py took 0.161 seconds
[2023-11-02T09:05:35.715-0500] {processor.py:157} INFO - Started process (PID=93815) to work on /Users/dimz/EconWizard/hermesvirtual/lib/python3.8/site-packages/airflow/example_dags/example_branch_operator_decorator.py
[2023-11-02T09:05:35.720-0500] {processor.py:829} INFO - Processing file /Users/dimz/EconWizard/hermesvirtual/lib/python3.8/site-packages/airflow/example_dags/example_branch_operator_decorator.py for tasks to queue
[2023-11-02T09:05:35.720-0500] {logging_mixin.py:151} INFO - [2023-11-02T09:05:35.720-0500] {dagbag.py:536} INFO - Filling up the DagBag from /Users/dimz/EconWizard/hermesvirtual/lib/python3.8/site-packages/airflow/example_dags/example_branch_operator_decorator.py
[2023-11-02T09:05:35.758-0500] {processor.py:839} INFO - DAG(s) dict_keys(['example_branch_python_operator_decorator']) retrieved from /Users/dimz/EconWizard/hermesvirtual/lib/python3.8/site-packages/airflow/example_dags/example_branch_operator_decorator.py
[2023-11-02T09:05:35.857-0500] {logging_mixin.py:151} INFO - [2023-11-02T09:05:35.857-0500] {dag.py:2941} INFO - Sync 1 DAGs
[2023-11-02T09:05:35.867-0500] {logging_mixin.py:151} INFO - [2023-11-02T09:05:35.867-0500] {dag.py:3722} INFO - Setting next_dagrun for example_branch_python_operator_decorator to 2023-11-01T00:00:00+00:00, run_after=2023-11-02T00:00:00+00:00
[2023-11-02T09:05:35.877-0500] {processor.py:179} INFO - Processing /Users/dimz/EconWizard/hermesvirtual/lib/python3.8/site-packages/airflow/example_dags/example_branch_operator_decorator.py took 0.163 seconds
[2023-11-02T09:07:39.577-0500] {processor.py:157} INFO - Started process (PID=93945) to work on /Users/dimz/EconWizard/hermesvirtual/lib/python3.8/site-packages/airflow/example_dags/example_branch_operator_decorator.py
[2023-11-02T09:07:39.583-0500] {processor.py:829} INFO - Processing file /Users/dimz/EconWizard/hermesvirtual/lib/python3.8/site-packages/airflow/example_dags/example_branch_operator_decorator.py for tasks to queue
[2023-11-02T09:07:39.583-0500] {logging_mixin.py:151} INFO - [2023-11-02T09:07:39.583-0500] {dagbag.py:536} INFO - Filling up the DagBag from /Users/dimz/EconWizard/hermesvirtual/lib/python3.8/site-packages/airflow/example_dags/example_branch_operator_decorator.py
[2023-11-02T09:07:39.618-0500] {processor.py:839} INFO - DAG(s) dict_keys(['example_branch_python_operator_decorator']) retrieved from /Users/dimz/EconWizard/hermesvirtual/lib/python3.8/site-packages/airflow/example_dags/example_branch_operator_decorator.py
[2023-11-02T09:07:39.718-0500] {logging_mixin.py:151} INFO - [2023-11-02T09:07:39.718-0500] {dag.py:2941} INFO - Sync 1 DAGs
[2023-11-02T09:07:39.728-0500] {logging_mixin.py:151} INFO - [2023-11-02T09:07:39.728-0500] {dag.py:3722} INFO - Setting next_dagrun for example_branch_python_operator_decorator to 2023-11-01T00:00:00+00:00, run_after=2023-11-02T00:00:00+00:00
[2023-11-02T09:07:39.739-0500] {processor.py:179} INFO - Processing /Users/dimz/EconWizard/hermesvirtual/lib/python3.8/site-packages/airflow/example_dags/example_branch_operator_decorator.py took 0.162 seconds
[2023-11-02T09:09:47.993-0500] {processor.py:157} INFO - Started process (PID=94243) to work on /Users/dimz/EconWizard/hermesvirtual/lib/python3.8/site-packages/airflow/example_dags/example_branch_operator_decorator.py
[2023-11-02T09:09:47.998-0500] {processor.py:829} INFO - Processing file /Users/dimz/EconWizard/hermesvirtual/lib/python3.8/site-packages/airflow/example_dags/example_branch_operator_decorator.py for tasks to queue
[2023-11-02T09:09:47.999-0500] {logging_mixin.py:151} INFO - [2023-11-02T09:09:47.999-0500] {dagbag.py:536} INFO - Filling up the DagBag from /Users/dimz/EconWizard/hermesvirtual/lib/python3.8/site-packages/airflow/example_dags/example_branch_operator_decorator.py
[2023-11-02T09:09:48.039-0500] {processor.py:839} INFO - DAG(s) dict_keys(['example_branch_python_operator_decorator']) retrieved from /Users/dimz/EconWizard/hermesvirtual/lib/python3.8/site-packages/airflow/example_dags/example_branch_operator_decorator.py
[2023-11-02T09:09:48.153-0500] {logging_mixin.py:151} INFO - [2023-11-02T09:09:48.153-0500] {dag.py:2941} INFO - Sync 1 DAGs
[2023-11-02T09:09:48.164-0500] {logging_mixin.py:151} INFO - [2023-11-02T09:09:48.164-0500] {dag.py:3722} INFO - Setting next_dagrun for example_branch_python_operator_decorator to 2023-11-01T00:00:00+00:00, run_after=2023-11-02T00:00:00+00:00
[2023-11-02T09:09:48.176-0500] {processor.py:179} INFO - Processing /Users/dimz/EconWizard/hermesvirtual/lib/python3.8/site-packages/airflow/example_dags/example_branch_operator_decorator.py took 0.184 seconds
[2023-11-02T09:11:55.271-0500] {processor.py:157} INFO - Started process (PID=94440) to work on /Users/dimz/EconWizard/hermesvirtual/lib/python3.8/site-packages/airflow/example_dags/example_branch_operator_decorator.py
[2023-11-02T09:11:55.276-0500] {processor.py:829} INFO - Processing file /Users/dimz/EconWizard/hermesvirtual/lib/python3.8/site-packages/airflow/example_dags/example_branch_operator_decorator.py for tasks to queue
[2023-11-02T09:11:55.276-0500] {logging_mixin.py:151} INFO - [2023-11-02T09:11:55.276-0500] {dagbag.py:536} INFO - Filling up the DagBag from /Users/dimz/EconWizard/hermesvirtual/lib/python3.8/site-packages/airflow/example_dags/example_branch_operator_decorator.py
[2023-11-02T09:11:55.312-0500] {processor.py:839} INFO - DAG(s) dict_keys(['example_branch_python_operator_decorator']) retrieved from /Users/dimz/EconWizard/hermesvirtual/lib/python3.8/site-packages/airflow/example_dags/example_branch_operator_decorator.py
[2023-11-02T09:11:55.416-0500] {logging_mixin.py:151} INFO - [2023-11-02T09:11:55.416-0500] {dag.py:2941} INFO - Sync 1 DAGs
[2023-11-02T09:11:55.427-0500] {logging_mixin.py:151} INFO - [2023-11-02T09:11:55.427-0500] {dag.py:3722} INFO - Setting next_dagrun for example_branch_python_operator_decorator to 2023-11-01T00:00:00+00:00, run_after=2023-11-02T00:00:00+00:00
[2023-11-02T09:11:55.438-0500] {processor.py:179} INFO - Processing /Users/dimz/EconWizard/hermesvirtual/lib/python3.8/site-packages/airflow/example_dags/example_branch_operator_decorator.py took 0.167 seconds
[2023-11-02T09:14:02.140-0500] {processor.py:157} INFO - Started process (PID=94579) to work on /Users/dimz/EconWizard/hermesvirtual/lib/python3.8/site-packages/airflow/example_dags/example_branch_operator_decorator.py
[2023-11-02T09:14:02.145-0500] {processor.py:829} INFO - Processing file /Users/dimz/EconWizard/hermesvirtual/lib/python3.8/site-packages/airflow/example_dags/example_branch_operator_decorator.py for tasks to queue
[2023-11-02T09:14:02.146-0500] {logging_mixin.py:151} INFO - [2023-11-02T09:14:02.146-0500] {dagbag.py:536} INFO - Filling up the DagBag from /Users/dimz/EconWizard/hermesvirtual/lib/python3.8/site-packages/airflow/example_dags/example_branch_operator_decorator.py
[2023-11-02T09:14:02.181-0500] {processor.py:839} INFO - DAG(s) dict_keys(['example_branch_python_operator_decorator']) retrieved from /Users/dimz/EconWizard/hermesvirtual/lib/python3.8/site-packages/airflow/example_dags/example_branch_operator_decorator.py
[2023-11-02T09:14:02.279-0500] {logging_mixin.py:151} INFO - [2023-11-02T09:14:02.279-0500] {dag.py:2941} INFO - Sync 1 DAGs
[2023-11-02T09:14:02.289-0500] {logging_mixin.py:151} INFO - [2023-11-02T09:14:02.289-0500] {dag.py:3722} INFO - Setting next_dagrun for example_branch_python_operator_decorator to 2023-11-01T00:00:00+00:00, run_after=2023-11-02T00:00:00+00:00
[2023-11-02T09:14:02.299-0500] {processor.py:179} INFO - Processing /Users/dimz/EconWizard/hermesvirtual/lib/python3.8/site-packages/airflow/example_dags/example_branch_operator_decorator.py took 0.159 seconds
[2023-11-02T09:16:08.429-0500] {processor.py:157} INFO - Started process (PID=94714) to work on /Users/dimz/EconWizard/hermesvirtual/lib/python3.8/site-packages/airflow/example_dags/example_branch_operator_decorator.py
[2023-11-02T09:16:08.433-0500] {processor.py:829} INFO - Processing file /Users/dimz/EconWizard/hermesvirtual/lib/python3.8/site-packages/airflow/example_dags/example_branch_operator_decorator.py for tasks to queue
[2023-11-02T09:16:08.433-0500] {logging_mixin.py:151} INFO - [2023-11-02T09:16:08.433-0500] {dagbag.py:536} INFO - Filling up the DagBag from /Users/dimz/EconWizard/hermesvirtual/lib/python3.8/site-packages/airflow/example_dags/example_branch_operator_decorator.py
[2023-11-02T09:16:08.469-0500] {processor.py:839} INFO - DAG(s) dict_keys(['example_branch_python_operator_decorator']) retrieved from /Users/dimz/EconWizard/hermesvirtual/lib/python3.8/site-packages/airflow/example_dags/example_branch_operator_decorator.py
[2023-11-02T09:16:08.572-0500] {logging_mixin.py:151} INFO - [2023-11-02T09:16:08.572-0500] {dag.py:2941} INFO - Sync 1 DAGs
[2023-11-02T09:16:08.582-0500] {logging_mixin.py:151} INFO - [2023-11-02T09:16:08.582-0500] {dag.py:3722} INFO - Setting next_dagrun for example_branch_python_operator_decorator to 2023-11-01T00:00:00+00:00, run_after=2023-11-02T00:00:00+00:00
[2023-11-02T09:16:08.593-0500] {processor.py:179} INFO - Processing /Users/dimz/EconWizard/hermesvirtual/lib/python3.8/site-packages/airflow/example_dags/example_branch_operator_decorator.py took 0.165 seconds
[2023-11-02T09:18:10.359-0500] {processor.py:157} INFO - Started process (PID=94849) to work on /Users/dimz/EconWizard/hermesvirtual/lib/python3.8/site-packages/airflow/example_dags/example_branch_operator_decorator.py
[2023-11-02T09:18:10.364-0500] {processor.py:829} INFO - Processing file /Users/dimz/EconWizard/hermesvirtual/lib/python3.8/site-packages/airflow/example_dags/example_branch_operator_decorator.py for tasks to queue
[2023-11-02T09:18:10.365-0500] {logging_mixin.py:151} INFO - [2023-11-02T09:18:10.364-0500] {dagbag.py:536} INFO - Filling up the DagBag from /Users/dimz/EconWizard/hermesvirtual/lib/python3.8/site-packages/airflow/example_dags/example_branch_operator_decorator.py
[2023-11-02T09:18:10.400-0500] {processor.py:839} INFO - DAG(s) dict_keys(['example_branch_python_operator_decorator']) retrieved from /Users/dimz/EconWizard/hermesvirtual/lib/python3.8/site-packages/airflow/example_dags/example_branch_operator_decorator.py
[2023-11-02T09:18:10.498-0500] {logging_mixin.py:151} INFO - [2023-11-02T09:18:10.498-0500] {dag.py:2941} INFO - Sync 1 DAGs
[2023-11-02T09:18:10.509-0500] {logging_mixin.py:151} INFO - [2023-11-02T09:18:10.509-0500] {dag.py:3722} INFO - Setting next_dagrun for example_branch_python_operator_decorator to 2023-11-01T00:00:00+00:00, run_after=2023-11-02T00:00:00+00:00
[2023-11-02T09:18:10.520-0500] {processor.py:179} INFO - Processing /Users/dimz/EconWizard/hermesvirtual/lib/python3.8/site-packages/airflow/example_dags/example_branch_operator_decorator.py took 0.161 seconds
[2023-11-02T09:20:18.955-0500] {processor.py:157} INFO - Started process (PID=95048) to work on /Users/dimz/EconWizard/hermesvirtual/lib/python3.8/site-packages/airflow/example_dags/example_branch_operator_decorator.py
[2023-11-02T09:20:18.960-0500] {processor.py:829} INFO - Processing file /Users/dimz/EconWizard/hermesvirtual/lib/python3.8/site-packages/airflow/example_dags/example_branch_operator_decorator.py for tasks to queue
[2023-11-02T09:20:18.961-0500] {logging_mixin.py:151} INFO - [2023-11-02T09:20:18.960-0500] {dagbag.py:536} INFO - Filling up the DagBag from /Users/dimz/EconWizard/hermesvirtual/lib/python3.8/site-packages/airflow/example_dags/example_branch_operator_decorator.py
[2023-11-02T09:20:18.996-0500] {processor.py:839} INFO - DAG(s) dict_keys(['example_branch_python_operator_decorator']) retrieved from /Users/dimz/EconWizard/hermesvirtual/lib/python3.8/site-packages/airflow/example_dags/example_branch_operator_decorator.py
[2023-11-02T09:20:19.097-0500] {logging_mixin.py:151} INFO - [2023-11-02T09:20:19.096-0500] {dag.py:2941} INFO - Sync 1 DAGs
[2023-11-02T09:20:19.107-0500] {logging_mixin.py:151} INFO - [2023-11-02T09:20:19.107-0500] {dag.py:3722} INFO - Setting next_dagrun for example_branch_python_operator_decorator to 2023-11-01T00:00:00+00:00, run_after=2023-11-02T00:00:00+00:00
[2023-11-02T09:20:19.117-0500] {processor.py:179} INFO - Processing /Users/dimz/EconWizard/hermesvirtual/lib/python3.8/site-packages/airflow/example_dags/example_branch_operator_decorator.py took 0.162 seconds
[2023-11-02T09:22:28.779-0500] {processor.py:157} INFO - Started process (PID=95201) to work on /Users/dimz/EconWizard/hermesvirtual/lib/python3.8/site-packages/airflow/example_dags/example_branch_operator_decorator.py
[2023-11-02T09:22:28.784-0500] {processor.py:829} INFO - Processing file /Users/dimz/EconWizard/hermesvirtual/lib/python3.8/site-packages/airflow/example_dags/example_branch_operator_decorator.py for tasks to queue
[2023-11-02T09:22:28.784-0500] {logging_mixin.py:151} INFO - [2023-11-02T09:22:28.784-0500] {dagbag.py:536} INFO - Filling up the DagBag from /Users/dimz/EconWizard/hermesvirtual/lib/python3.8/site-packages/airflow/example_dags/example_branch_operator_decorator.py
[2023-11-02T09:22:28.820-0500] {processor.py:839} INFO - DAG(s) dict_keys(['example_branch_python_operator_decorator']) retrieved from /Users/dimz/EconWizard/hermesvirtual/lib/python3.8/site-packages/airflow/example_dags/example_branch_operator_decorator.py
[2023-11-02T09:22:28.920-0500] {logging_mixin.py:151} INFO - [2023-11-02T09:22:28.920-0500] {dag.py:2941} INFO - Sync 1 DAGs
[2023-11-02T09:22:28.930-0500] {logging_mixin.py:151} INFO - [2023-11-02T09:22:28.930-0500] {dag.py:3722} INFO - Setting next_dagrun for example_branch_python_operator_decorator to 2023-11-01T00:00:00+00:00, run_after=2023-11-02T00:00:00+00:00
[2023-11-02T09:22:28.940-0500] {processor.py:179} INFO - Processing /Users/dimz/EconWizard/hermesvirtual/lib/python3.8/site-packages/airflow/example_dags/example_branch_operator_decorator.py took 0.162 seconds
[2023-11-02T09:24:35.654-0500] {processor.py:157} INFO - Started process (PID=95421) to work on /Users/dimz/EconWizard/hermesvirtual/lib/python3.8/site-packages/airflow/example_dags/example_branch_operator_decorator.py
[2023-11-02T09:24:35.660-0500] {processor.py:829} INFO - Processing file /Users/dimz/EconWizard/hermesvirtual/lib/python3.8/site-packages/airflow/example_dags/example_branch_operator_decorator.py for tasks to queue
[2023-11-02T09:24:35.660-0500] {logging_mixin.py:151} INFO - [2023-11-02T09:24:35.660-0500] {dagbag.py:536} INFO - Filling up the DagBag from /Users/dimz/EconWizard/hermesvirtual/lib/python3.8/site-packages/airflow/example_dags/example_branch_operator_decorator.py
[2023-11-02T09:24:35.714-0500] {processor.py:839} INFO - DAG(s) dict_keys(['example_branch_python_operator_decorator']) retrieved from /Users/dimz/EconWizard/hermesvirtual/lib/python3.8/site-packages/airflow/example_dags/example_branch_operator_decorator.py
[2023-11-02T09:24:35.824-0500] {logging_mixin.py:151} INFO - [2023-11-02T09:24:35.824-0500] {dag.py:2941} INFO - Sync 1 DAGs
[2023-11-02T09:24:35.835-0500] {logging_mixin.py:151} INFO - [2023-11-02T09:24:35.835-0500] {dag.py:3722} INFO - Setting next_dagrun for example_branch_python_operator_decorator to 2023-11-01T00:00:00+00:00, run_after=2023-11-02T00:00:00+00:00
[2023-11-02T09:24:35.845-0500] {processor.py:179} INFO - Processing /Users/dimz/EconWizard/hermesvirtual/lib/python3.8/site-packages/airflow/example_dags/example_branch_operator_decorator.py took 0.192 seconds
[2023-11-02T09:26:42.498-0500] {processor.py:157} INFO - Started process (PID=95646) to work on /Users/dimz/EconWizard/hermesvirtual/lib/python3.8/site-packages/airflow/example_dags/example_branch_operator_decorator.py
[2023-11-02T09:26:42.504-0500] {processor.py:829} INFO - Processing file /Users/dimz/EconWizard/hermesvirtual/lib/python3.8/site-packages/airflow/example_dags/example_branch_operator_decorator.py for tasks to queue
[2023-11-02T09:26:42.504-0500] {logging_mixin.py:151} INFO - [2023-11-02T09:26:42.504-0500] {dagbag.py:536} INFO - Filling up the DagBag from /Users/dimz/EconWizard/hermesvirtual/lib/python3.8/site-packages/airflow/example_dags/example_branch_operator_decorator.py
[2023-11-02T09:26:42.539-0500] {processor.py:839} INFO - DAG(s) dict_keys(['example_branch_python_operator_decorator']) retrieved from /Users/dimz/EconWizard/hermesvirtual/lib/python3.8/site-packages/airflow/example_dags/example_branch_operator_decorator.py
[2023-11-02T09:26:42.642-0500] {logging_mixin.py:151} INFO - [2023-11-02T09:26:42.641-0500] {dag.py:2941} INFO - Sync 1 DAGs
[2023-11-02T09:26:42.653-0500] {logging_mixin.py:151} INFO - [2023-11-02T09:26:42.653-0500] {dag.py:3722} INFO - Setting next_dagrun for example_branch_python_operator_decorator to 2023-11-01T00:00:00+00:00, run_after=2023-11-02T00:00:00+00:00
[2023-11-02T09:26:42.665-0500] {processor.py:179} INFO - Processing /Users/dimz/EconWizard/hermesvirtual/lib/python3.8/site-packages/airflow/example_dags/example_branch_operator_decorator.py took 0.167 seconds
[2023-11-02T09:29:37.694-0500] {processor.py:157} INFO - Started process (PID=95890) to work on /Users/dimz/EconWizard/hermesvirtual/lib/python3.8/site-packages/airflow/example_dags/example_branch_operator_decorator.py
[2023-11-02T09:29:37.699-0500] {processor.py:829} INFO - Processing file /Users/dimz/EconWizard/hermesvirtual/lib/python3.8/site-packages/airflow/example_dags/example_branch_operator_decorator.py for tasks to queue
[2023-11-02T09:29:37.700-0500] {logging_mixin.py:151} INFO - [2023-11-02T09:29:37.699-0500] {dagbag.py:536} INFO - Filling up the DagBag from /Users/dimz/EconWizard/hermesvirtual/lib/python3.8/site-packages/airflow/example_dags/example_branch_operator_decorator.py
[2023-11-02T09:29:37.736-0500] {processor.py:839} INFO - DAG(s) dict_keys(['example_branch_python_operator_decorator']) retrieved from /Users/dimz/EconWizard/hermesvirtual/lib/python3.8/site-packages/airflow/example_dags/example_branch_operator_decorator.py
[2023-11-02T09:29:37.837-0500] {logging_mixin.py:151} INFO - [2023-11-02T09:29:37.837-0500] {dag.py:2941} INFO - Sync 1 DAGs
[2023-11-02T09:29:37.847-0500] {logging_mixin.py:151} INFO - [2023-11-02T09:29:37.847-0500] {dag.py:3722} INFO - Setting next_dagrun for example_branch_python_operator_decorator to 2023-11-01T00:00:00+00:00, run_after=2023-11-02T00:00:00+00:00
[2023-11-02T09:29:37.858-0500] {processor.py:179} INFO - Processing /Users/dimz/EconWizard/hermesvirtual/lib/python3.8/site-packages/airflow/example_dags/example_branch_operator_decorator.py took 0.164 seconds
[2023-11-02T09:31:49.185-0500] {processor.py:157} INFO - Started process (PID=96052) to work on /Users/dimz/EconWizard/hermesvirtual/lib/python3.8/site-packages/airflow/example_dags/example_branch_operator_decorator.py
[2023-11-02T09:31:49.190-0500] {processor.py:829} INFO - Processing file /Users/dimz/EconWizard/hermesvirtual/lib/python3.8/site-packages/airflow/example_dags/example_branch_operator_decorator.py for tasks to queue
[2023-11-02T09:31:49.191-0500] {logging_mixin.py:151} INFO - [2023-11-02T09:31:49.191-0500] {dagbag.py:536} INFO - Filling up the DagBag from /Users/dimz/EconWizard/hermesvirtual/lib/python3.8/site-packages/airflow/example_dags/example_branch_operator_decorator.py
[2023-11-02T09:31:49.233-0500] {processor.py:839} INFO - DAG(s) dict_keys(['example_branch_python_operator_decorator']) retrieved from /Users/dimz/EconWizard/hermesvirtual/lib/python3.8/site-packages/airflow/example_dags/example_branch_operator_decorator.py
[2023-11-02T09:31:49.348-0500] {logging_mixin.py:151} INFO - [2023-11-02T09:31:49.347-0500] {dag.py:2941} INFO - Sync 1 DAGs
[2023-11-02T09:31:49.360-0500] {logging_mixin.py:151} INFO - [2023-11-02T09:31:49.360-0500] {dag.py:3722} INFO - Setting next_dagrun for example_branch_python_operator_decorator to 2023-11-01T00:00:00+00:00, run_after=2023-11-02T00:00:00+00:00
[2023-11-02T09:31:49.372-0500] {processor.py:179} INFO - Processing /Users/dimz/EconWizard/hermesvirtual/lib/python3.8/site-packages/airflow/example_dags/example_branch_operator_decorator.py took 0.188 seconds
[2023-11-02T10:13:58.621-0500] {processor.py:157} INFO - Started process (PID=97588) to work on /Users/dimz/EconWizard/hermesvirtual/lib/python3.8/site-packages/airflow/example_dags/example_branch_operator_decorator.py
[2023-11-02T10:13:58.626-0500] {processor.py:829} INFO - Processing file /Users/dimz/EconWizard/hermesvirtual/lib/python3.8/site-packages/airflow/example_dags/example_branch_operator_decorator.py for tasks to queue
[2023-11-02T10:13:58.626-0500] {logging_mixin.py:151} INFO - [2023-11-02T10:13:58.626-0500] {dagbag.py:536} INFO - Filling up the DagBag from /Users/dimz/EconWizard/hermesvirtual/lib/python3.8/site-packages/airflow/example_dags/example_branch_operator_decorator.py
[2023-11-02T10:13:58.662-0500] {processor.py:839} INFO - DAG(s) dict_keys(['example_branch_python_operator_decorator']) retrieved from /Users/dimz/EconWizard/hermesvirtual/lib/python3.8/site-packages/airflow/example_dags/example_branch_operator_decorator.py
[2023-11-02T10:13:58.763-0500] {logging_mixin.py:151} INFO - [2023-11-02T10:13:58.763-0500] {dag.py:2941} INFO - Sync 1 DAGs
[2023-11-02T10:13:58.773-0500] {logging_mixin.py:151} INFO - [2023-11-02T10:13:58.773-0500] {dag.py:3722} INFO - Setting next_dagrun for example_branch_python_operator_decorator to 2023-11-01T00:00:00+00:00, run_after=2023-11-02T00:00:00+00:00
[2023-11-02T10:13:58.784-0500] {processor.py:179} INFO - Processing /Users/dimz/EconWizard/hermesvirtual/lib/python3.8/site-packages/airflow/example_dags/example_branch_operator_decorator.py took 0.163 seconds
[2023-11-02T10:16:02.924-0500] {processor.py:157} INFO - Started process (PID=97809) to work on /Users/dimz/EconWizard/hermesvirtual/lib/python3.8/site-packages/airflow/example_dags/example_branch_operator_decorator.py
[2023-11-02T10:16:02.928-0500] {processor.py:829} INFO - Processing file /Users/dimz/EconWizard/hermesvirtual/lib/python3.8/site-packages/airflow/example_dags/example_branch_operator_decorator.py for tasks to queue
[2023-11-02T10:16:02.929-0500] {logging_mixin.py:151} INFO - [2023-11-02T10:16:02.929-0500] {dagbag.py:536} INFO - Filling up the DagBag from /Users/dimz/EconWizard/hermesvirtual/lib/python3.8/site-packages/airflow/example_dags/example_branch_operator_decorator.py
[2023-11-02T10:16:02.971-0500] {processor.py:839} INFO - DAG(s) dict_keys(['example_branch_python_operator_decorator']) retrieved from /Users/dimz/EconWizard/hermesvirtual/lib/python3.8/site-packages/airflow/example_dags/example_branch_operator_decorator.py
[2023-11-02T10:16:03.090-0500] {logging_mixin.py:151} INFO - [2023-11-02T10:16:03.089-0500] {dag.py:2941} INFO - Sync 1 DAGs
[2023-11-02T10:16:03.103-0500] {logging_mixin.py:151} INFO - [2023-11-02T10:16:03.103-0500] {dag.py:3722} INFO - Setting next_dagrun for example_branch_python_operator_decorator to 2023-11-01T00:00:00+00:00, run_after=2023-11-02T00:00:00+00:00
[2023-11-02T10:16:03.115-0500] {processor.py:179} INFO - Processing /Users/dimz/EconWizard/hermesvirtual/lib/python3.8/site-packages/airflow/example_dags/example_branch_operator_decorator.py took 0.192 seconds
[2023-11-02T10:39:46.137-0500] {processor.py:157} INFO - Started process (PID=99930) to work on /Users/dimz/EconWizard/hermesvirtual/lib/python3.8/site-packages/airflow/example_dags/example_branch_operator_decorator.py
[2023-11-02T10:39:46.143-0500] {processor.py:829} INFO - Processing file /Users/dimz/EconWizard/hermesvirtual/lib/python3.8/site-packages/airflow/example_dags/example_branch_operator_decorator.py for tasks to queue
[2023-11-02T10:39:46.143-0500] {logging_mixin.py:151} INFO - [2023-11-02T10:39:46.143-0500] {dagbag.py:536} INFO - Filling up the DagBag from /Users/dimz/EconWizard/hermesvirtual/lib/python3.8/site-packages/airflow/example_dags/example_branch_operator_decorator.py
[2023-11-02T10:39:46.183-0500] {processor.py:839} INFO - DAG(s) dict_keys(['example_branch_python_operator_decorator']) retrieved from /Users/dimz/EconWizard/hermesvirtual/lib/python3.8/site-packages/airflow/example_dags/example_branch_operator_decorator.py
[2023-11-02T10:39:46.298-0500] {logging_mixin.py:151} INFO - [2023-11-02T10:39:46.298-0500] {dag.py:2941} INFO - Sync 1 DAGs
[2023-11-02T10:39:46.311-0500] {logging_mixin.py:151} INFO - [2023-11-02T10:39:46.311-0500] {dag.py:3722} INFO - Setting next_dagrun for example_branch_python_operator_decorator to 2023-11-01T00:00:00+00:00, run_after=2023-11-02T00:00:00+00:00
[2023-11-02T10:39:46.324-0500] {processor.py:179} INFO - Processing /Users/dimz/EconWizard/hermesvirtual/lib/python3.8/site-packages/airflow/example_dags/example_branch_operator_decorator.py took 0.187 seconds
[2023-11-02T10:41:54.057-0500] {processor.py:157} INFO - Started process (PID=194) to work on /Users/dimz/EconWizard/hermesvirtual/lib/python3.8/site-packages/airflow/example_dags/example_branch_operator_decorator.py
[2023-11-02T10:41:54.062-0500] {processor.py:829} INFO - Processing file /Users/dimz/EconWizard/hermesvirtual/lib/python3.8/site-packages/airflow/example_dags/example_branch_operator_decorator.py for tasks to queue
[2023-11-02T10:41:54.062-0500] {logging_mixin.py:151} INFO - [2023-11-02T10:41:54.062-0500] {dagbag.py:536} INFO - Filling up the DagBag from /Users/dimz/EconWizard/hermesvirtual/lib/python3.8/site-packages/airflow/example_dags/example_branch_operator_decorator.py
[2023-11-02T10:41:54.098-0500] {processor.py:839} INFO - DAG(s) dict_keys(['example_branch_python_operator_decorator']) retrieved from /Users/dimz/EconWizard/hermesvirtual/lib/python3.8/site-packages/airflow/example_dags/example_branch_operator_decorator.py
[2023-11-02T10:41:54.202-0500] {logging_mixin.py:151} INFO - [2023-11-02T10:41:54.202-0500] {dag.py:2941} INFO - Sync 1 DAGs
[2023-11-02T10:41:54.213-0500] {logging_mixin.py:151} INFO - [2023-11-02T10:41:54.213-0500] {dag.py:3722} INFO - Setting next_dagrun for example_branch_python_operator_decorator to 2023-11-01T00:00:00+00:00, run_after=2023-11-02T00:00:00+00:00
[2023-11-02T10:41:54.224-0500] {processor.py:179} INFO - Processing /Users/dimz/EconWizard/hermesvirtual/lib/python3.8/site-packages/airflow/example_dags/example_branch_operator_decorator.py took 0.168 seconds
