[2023-11-01T21:35:54.219-0500] {processor.py:157} INFO - Started process (PID=87719) to work on /Users/dimz/EconWizard/hermesvirtual/lib/python3.8/site-packages/airflow/example_dags/example_python_operator.py
[2023-11-01T21:35:54.223-0500] {processor.py:829} INFO - Processing file /Users/dimz/EconWizard/hermesvirtual/lib/python3.8/site-packages/airflow/example_dags/example_python_operator.py for tasks to queue
[2023-11-01T21:35:54.223-0500] {logging_mixin.py:151} INFO - [2023-11-01T21:35:54.223-0500] {dagbag.py:536} INFO - Filling up the DagBag from /Users/dimz/EconWizard/hermesvirtual/lib/python3.8/site-packages/airflow/example_dags/example_python_operator.py
[2023-11-01T21:35:54.256-0500] {logging_mixin.py:151} INFO - [2023-11-01T21:35:54.256-0500] {example_python_operator.py:89} WARNING - The virtalenv_python example task requires virtualenv, please install it.
[2023-11-01T21:35:54.259-0500] {processor.py:839} INFO - DAG(s) dict_keys(['example_python_operator']) retrieved from /Users/dimz/EconWizard/hermesvirtual/lib/python3.8/site-packages/airflow/example_dags/example_python_operator.py
[2023-11-01T21:35:54.586-0500] {logging_mixin.py:151} INFO - [2023-11-01T21:35:54.586-0500] {manager.py:499} INFO - Created Permission View: %s
[2023-11-01T21:35:54.591-0500] {logging_mixin.py:151} INFO - [2023-11-01T21:35:54.591-0500] {manager.py:499} INFO - Created Permission View: %s
[2023-11-01T21:35:54.594-0500] {logging_mixin.py:151} INFO - [2023-11-01T21:35:54.593-0500] {manager.py:499} INFO - Created Permission View: %s
[2023-11-01T21:35:54.594-0500] {logging_mixin.py:151} INFO - [2023-11-01T21:35:54.594-0500] {dag.py:2941} INFO - Sync 1 DAGs
[2023-11-01T21:35:54.599-0500] {logging_mixin.py:151} INFO - [2023-11-01T21:35:54.599-0500] {dag.py:2963} INFO - Creating ORM DAG for example_python_operator
[2023-11-01T21:35:54.600-0500] {logging_mixin.py:151} INFO - [2023-11-01T21:35:54.599-0500] {dag.py:3722} INFO - Setting next_dagrun for example_python_operator to None, run_after=None
[2023-11-01T21:35:54.609-0500] {processor.py:179} INFO - Processing /Users/dimz/EconWizard/hermesvirtual/lib/python3.8/site-packages/airflow/example_dags/example_python_operator.py took 0.391 seconds
[2023-11-01T21:37:22.759-0500] {processor.py:157} INFO - Started process (PID=87875) to work on /Users/dimz/EconWizard/hermesvirtual/lib/python3.8/site-packages/airflow/example_dags/example_python_operator.py
[2023-11-01T21:37:22.764-0500] {processor.py:829} INFO - Processing file /Users/dimz/EconWizard/hermesvirtual/lib/python3.8/site-packages/airflow/example_dags/example_python_operator.py for tasks to queue
[2023-11-01T21:37:22.764-0500] {logging_mixin.py:151} INFO - [2023-11-01T21:37:22.764-0500] {dagbag.py:536} INFO - Filling up the DagBag from /Users/dimz/EconWizard/hermesvirtual/lib/python3.8/site-packages/airflow/example_dags/example_python_operator.py
[2023-11-01T21:37:22.796-0500] {logging_mixin.py:151} INFO - [2023-11-01T21:37:22.796-0500] {example_python_operator.py:89} WARNING - The virtalenv_python example task requires virtualenv, please install it.
[2023-11-01T21:37:22.800-0500] {processor.py:839} INFO - DAG(s) dict_keys(['example_python_operator']) retrieved from /Users/dimz/EconWizard/hermesvirtual/lib/python3.8/site-packages/airflow/example_dags/example_python_operator.py
[2023-11-01T21:37:22.908-0500] {logging_mixin.py:151} INFO - [2023-11-01T21:37:22.908-0500] {dag.py:2941} INFO - Sync 1 DAGs
[2023-11-01T21:37:22.913-0500] {logging_mixin.py:151} INFO - [2023-11-01T21:37:22.913-0500] {dag.py:3722} INFO - Setting next_dagrun for example_python_operator to None, run_after=None
[2023-11-01T21:37:22.924-0500] {processor.py:179} INFO - Processing /Users/dimz/EconWizard/hermesvirtual/lib/python3.8/site-packages/airflow/example_dags/example_python_operator.py took 0.165 seconds
[2023-11-01T21:39:14.707-0500] {processor.py:157} INFO - Started process (PID=88069) to work on /Users/dimz/EconWizard/hermesvirtual/lib/python3.8/site-packages/airflow/example_dags/example_python_operator.py
[2023-11-01T21:39:14.712-0500] {processor.py:829} INFO - Processing file /Users/dimz/EconWizard/hermesvirtual/lib/python3.8/site-packages/airflow/example_dags/example_python_operator.py for tasks to queue
[2023-11-01T21:39:14.713-0500] {logging_mixin.py:151} INFO - [2023-11-01T21:39:14.712-0500] {dagbag.py:536} INFO - Filling up the DagBag from /Users/dimz/EconWizard/hermesvirtual/lib/python3.8/site-packages/airflow/example_dags/example_python_operator.py
[2023-11-01T21:39:14.744-0500] {logging_mixin.py:151} INFO - [2023-11-01T21:39:14.744-0500] {example_python_operator.py:89} WARNING - The virtalenv_python example task requires virtualenv, please install it.
[2023-11-01T21:39:14.748-0500] {processor.py:839} INFO - DAG(s) dict_keys(['example_python_operator']) retrieved from /Users/dimz/EconWizard/hermesvirtual/lib/python3.8/site-packages/airflow/example_dags/example_python_operator.py
[2023-11-01T21:39:14.847-0500] {logging_mixin.py:151} INFO - [2023-11-01T21:39:14.847-0500] {dag.py:2941} INFO - Sync 1 DAGs
[2023-11-01T21:39:14.852-0500] {logging_mixin.py:151} INFO - [2023-11-01T21:39:14.852-0500] {dag.py:3722} INFO - Setting next_dagrun for example_python_operator to None, run_after=None
[2023-11-01T21:39:14.863-0500] {processor.py:179} INFO - Processing /Users/dimz/EconWizard/hermesvirtual/lib/python3.8/site-packages/airflow/example_dags/example_python_operator.py took 0.156 seconds
[2023-11-01T21:41:11.819-0500] {processor.py:157} INFO - Started process (PID=88345) to work on /Users/dimz/EconWizard/hermesvirtual/lib/python3.8/site-packages/airflow/example_dags/example_python_operator.py
[2023-11-01T21:41:11.824-0500] {processor.py:829} INFO - Processing file /Users/dimz/EconWizard/hermesvirtual/lib/python3.8/site-packages/airflow/example_dags/example_python_operator.py for tasks to queue
[2023-11-01T21:41:11.824-0500] {logging_mixin.py:151} INFO - [2023-11-01T21:41:11.824-0500] {dagbag.py:536} INFO - Filling up the DagBag from /Users/dimz/EconWizard/hermesvirtual/lib/python3.8/site-packages/airflow/example_dags/example_python_operator.py
[2023-11-01T21:41:11.857-0500] {logging_mixin.py:151} INFO - [2023-11-01T21:41:11.856-0500] {example_python_operator.py:89} WARNING - The virtalenv_python example task requires virtualenv, please install it.
[2023-11-01T21:41:11.860-0500] {processor.py:839} INFO - DAG(s) dict_keys(['example_python_operator']) retrieved from /Users/dimz/EconWizard/hermesvirtual/lib/python3.8/site-packages/airflow/example_dags/example_python_operator.py
[2023-11-01T21:41:11.960-0500] {logging_mixin.py:151} INFO - [2023-11-01T21:41:11.960-0500] {dag.py:2941} INFO - Sync 1 DAGs
[2023-11-01T21:41:11.965-0500] {logging_mixin.py:151} INFO - [2023-11-01T21:41:11.965-0500] {dag.py:3722} INFO - Setting next_dagrun for example_python_operator to None, run_after=None
[2023-11-01T21:41:11.977-0500] {processor.py:179} INFO - Processing /Users/dimz/EconWizard/hermesvirtual/lib/python3.8/site-packages/airflow/example_dags/example_python_operator.py took 0.158 seconds
[2023-11-01T21:43:06.744-0500] {processor.py:157} INFO - Started process (PID=88605) to work on /Users/dimz/EconWizard/hermesvirtual/lib/python3.8/site-packages/airflow/example_dags/example_python_operator.py
[2023-11-01T21:43:06.749-0500] {processor.py:829} INFO - Processing file /Users/dimz/EconWizard/hermesvirtual/lib/python3.8/site-packages/airflow/example_dags/example_python_operator.py for tasks to queue
[2023-11-01T21:43:06.750-0500] {logging_mixin.py:151} INFO - [2023-11-01T21:43:06.750-0500] {dagbag.py:536} INFO - Filling up the DagBag from /Users/dimz/EconWizard/hermesvirtual/lib/python3.8/site-packages/airflow/example_dags/example_python_operator.py
[2023-11-01T21:43:06.781-0500] {logging_mixin.py:151} INFO - [2023-11-01T21:43:06.781-0500] {example_python_operator.py:89} WARNING - The virtalenv_python example task requires virtualenv, please install it.
[2023-11-01T21:43:06.784-0500] {processor.py:839} INFO - DAG(s) dict_keys(['example_python_operator']) retrieved from /Users/dimz/EconWizard/hermesvirtual/lib/python3.8/site-packages/airflow/example_dags/example_python_operator.py
[2023-11-01T21:43:06.883-0500] {logging_mixin.py:151} INFO - [2023-11-01T21:43:06.882-0500] {dag.py:2941} INFO - Sync 1 DAGs
[2023-11-01T21:43:06.888-0500] {logging_mixin.py:151} INFO - [2023-11-01T21:43:06.888-0500] {dag.py:3722} INFO - Setting next_dagrun for example_python_operator to None, run_after=None
[2023-11-01T21:43:06.899-0500] {processor.py:179} INFO - Processing /Users/dimz/EconWizard/hermesvirtual/lib/python3.8/site-packages/airflow/example_dags/example_python_operator.py took 0.155 seconds
[2023-11-01T21:45:00.712-0500] {processor.py:157} INFO - Started process (PID=88758) to work on /Users/dimz/EconWizard/hermesvirtual/lib/python3.8/site-packages/airflow/example_dags/example_python_operator.py
[2023-11-01T21:45:00.717-0500] {processor.py:829} INFO - Processing file /Users/dimz/EconWizard/hermesvirtual/lib/python3.8/site-packages/airflow/example_dags/example_python_operator.py for tasks to queue
[2023-11-01T21:45:00.717-0500] {logging_mixin.py:151} INFO - [2023-11-01T21:45:00.717-0500] {dagbag.py:536} INFO - Filling up the DagBag from /Users/dimz/EconWizard/hermesvirtual/lib/python3.8/site-packages/airflow/example_dags/example_python_operator.py
[2023-11-01T21:45:00.750-0500] {logging_mixin.py:151} INFO - [2023-11-01T21:45:00.750-0500] {example_python_operator.py:89} WARNING - The virtalenv_python example task requires virtualenv, please install it.
[2023-11-01T21:45:00.754-0500] {processor.py:839} INFO - DAG(s) dict_keys(['example_python_operator']) retrieved from /Users/dimz/EconWizard/hermesvirtual/lib/python3.8/site-packages/airflow/example_dags/example_python_operator.py
[2023-11-01T21:45:00.853-0500] {logging_mixin.py:151} INFO - [2023-11-01T21:45:00.853-0500] {dag.py:2941} INFO - Sync 1 DAGs
[2023-11-01T21:45:00.858-0500] {logging_mixin.py:151} INFO - [2023-11-01T21:45:00.858-0500] {dag.py:3722} INFO - Setting next_dagrun for example_python_operator to None, run_after=None
[2023-11-01T21:45:00.869-0500] {processor.py:179} INFO - Processing /Users/dimz/EconWizard/hermesvirtual/lib/python3.8/site-packages/airflow/example_dags/example_python_operator.py took 0.158 seconds
[2023-11-01T21:47:05.301-0500] {processor.py:157} INFO - Started process (PID=89027) to work on /Users/dimz/EconWizard/hermesvirtual/lib/python3.8/site-packages/airflow/example_dags/example_python_operator.py
[2023-11-01T21:47:05.306-0500] {processor.py:829} INFO - Processing file /Users/dimz/EconWizard/hermesvirtual/lib/python3.8/site-packages/airflow/example_dags/example_python_operator.py for tasks to queue
[2023-11-01T21:47:05.306-0500] {logging_mixin.py:151} INFO - [2023-11-01T21:47:05.306-0500] {dagbag.py:536} INFO - Filling up the DagBag from /Users/dimz/EconWizard/hermesvirtual/lib/python3.8/site-packages/airflow/example_dags/example_python_operator.py
[2023-11-01T21:47:05.338-0500] {logging_mixin.py:151} INFO - [2023-11-01T21:47:05.338-0500] {example_python_operator.py:89} WARNING - The virtalenv_python example task requires virtualenv, please install it.
[2023-11-01T21:47:05.342-0500] {processor.py:839} INFO - DAG(s) dict_keys(['example_python_operator']) retrieved from /Users/dimz/EconWizard/hermesvirtual/lib/python3.8/site-packages/airflow/example_dags/example_python_operator.py
[2023-11-01T21:47:05.444-0500] {logging_mixin.py:151} INFO - [2023-11-01T21:47:05.444-0500] {dag.py:2941} INFO - Sync 1 DAGs
[2023-11-01T21:47:05.449-0500] {logging_mixin.py:151} INFO - [2023-11-01T21:47:05.449-0500] {dag.py:3722} INFO - Setting next_dagrun for example_python_operator to None, run_after=None
[2023-11-01T21:47:05.460-0500] {processor.py:179} INFO - Processing /Users/dimz/EconWizard/hermesvirtual/lib/python3.8/site-packages/airflow/example_dags/example_python_operator.py took 0.159 seconds
[2023-11-01T21:49:06.804-0500] {processor.py:157} INFO - Started process (PID=89178) to work on /Users/dimz/EconWizard/hermesvirtual/lib/python3.8/site-packages/airflow/example_dags/example_python_operator.py
[2023-11-01T21:49:06.809-0500] {processor.py:829} INFO - Processing file /Users/dimz/EconWizard/hermesvirtual/lib/python3.8/site-packages/airflow/example_dags/example_python_operator.py for tasks to queue
[2023-11-01T21:49:06.810-0500] {logging_mixin.py:151} INFO - [2023-11-01T21:49:06.809-0500] {dagbag.py:536} INFO - Filling up the DagBag from /Users/dimz/EconWizard/hermesvirtual/lib/python3.8/site-packages/airflow/example_dags/example_python_operator.py
[2023-11-01T21:49:06.842-0500] {logging_mixin.py:151} INFO - [2023-11-01T21:49:06.842-0500] {example_python_operator.py:89} WARNING - The virtalenv_python example task requires virtualenv, please install it.
[2023-11-01T21:49:06.845-0500] {processor.py:839} INFO - DAG(s) dict_keys(['example_python_operator']) retrieved from /Users/dimz/EconWizard/hermesvirtual/lib/python3.8/site-packages/airflow/example_dags/example_python_operator.py
[2023-11-01T21:49:06.945-0500] {logging_mixin.py:151} INFO - [2023-11-01T21:49:06.945-0500] {dag.py:2941} INFO - Sync 1 DAGs
[2023-11-01T21:49:06.950-0500] {logging_mixin.py:151} INFO - [2023-11-01T21:49:06.950-0500] {dag.py:3722} INFO - Setting next_dagrun for example_python_operator to None, run_after=None
[2023-11-01T21:49:06.961-0500] {processor.py:179} INFO - Processing /Users/dimz/EconWizard/hermesvirtual/lib/python3.8/site-packages/airflow/example_dags/example_python_operator.py took 0.157 seconds
[2023-11-01T21:51:05.655-0500] {processor.py:157} INFO - Started process (PID=89363) to work on /Users/dimz/EconWizard/hermesvirtual/lib/python3.8/site-packages/airflow/example_dags/example_python_operator.py
[2023-11-01T21:51:05.660-0500] {processor.py:829} INFO - Processing file /Users/dimz/EconWizard/hermesvirtual/lib/python3.8/site-packages/airflow/example_dags/example_python_operator.py for tasks to queue
[2023-11-01T21:51:05.661-0500] {logging_mixin.py:151} INFO - [2023-11-01T21:51:05.661-0500] {dagbag.py:536} INFO - Filling up the DagBag from /Users/dimz/EconWizard/hermesvirtual/lib/python3.8/site-packages/airflow/example_dags/example_python_operator.py
[2023-11-01T21:51:05.692-0500] {logging_mixin.py:151} INFO - [2023-11-01T21:51:05.692-0500] {example_python_operator.py:89} WARNING - The virtalenv_python example task requires virtualenv, please install it.
[2023-11-01T21:51:05.696-0500] {processor.py:839} INFO - DAG(s) dict_keys(['example_python_operator']) retrieved from /Users/dimz/EconWizard/hermesvirtual/lib/python3.8/site-packages/airflow/example_dags/example_python_operator.py
[2023-11-01T21:51:05.793-0500] {logging_mixin.py:151} INFO - [2023-11-01T21:51:05.793-0500] {dag.py:2941} INFO - Sync 1 DAGs
[2023-11-01T21:51:05.798-0500] {logging_mixin.py:151} INFO - [2023-11-01T21:51:05.798-0500] {dag.py:3722} INFO - Setting next_dagrun for example_python_operator to None, run_after=None
[2023-11-01T21:51:05.809-0500] {processor.py:179} INFO - Processing /Users/dimz/EconWizard/hermesvirtual/lib/python3.8/site-packages/airflow/example_dags/example_python_operator.py took 0.154 seconds
[2023-11-01T21:53:01.076-0500] {processor.py:157} INFO - Started process (PID=89522) to work on /Users/dimz/EconWizard/hermesvirtual/lib/python3.8/site-packages/airflow/example_dags/example_python_operator.py
[2023-11-01T21:53:01.081-0500] {processor.py:829} INFO - Processing file /Users/dimz/EconWizard/hermesvirtual/lib/python3.8/site-packages/airflow/example_dags/example_python_operator.py for tasks to queue
[2023-11-01T21:53:01.081-0500] {logging_mixin.py:151} INFO - [2023-11-01T21:53:01.081-0500] {dagbag.py:536} INFO - Filling up the DagBag from /Users/dimz/EconWizard/hermesvirtual/lib/python3.8/site-packages/airflow/example_dags/example_python_operator.py
[2023-11-01T21:53:01.114-0500] {logging_mixin.py:151} INFO - [2023-11-01T21:53:01.114-0500] {example_python_operator.py:89} WARNING - The virtalenv_python example task requires virtualenv, please install it.
[2023-11-01T21:53:01.118-0500] {processor.py:839} INFO - DAG(s) dict_keys(['example_python_operator']) retrieved from /Users/dimz/EconWizard/hermesvirtual/lib/python3.8/site-packages/airflow/example_dags/example_python_operator.py
[2023-11-01T21:53:01.219-0500] {logging_mixin.py:151} INFO - [2023-11-01T21:53:01.218-0500] {dag.py:2941} INFO - Sync 1 DAGs
[2023-11-01T21:53:01.225-0500] {logging_mixin.py:151} INFO - [2023-11-01T21:53:01.225-0500] {dag.py:3722} INFO - Setting next_dagrun for example_python_operator to None, run_after=None
[2023-11-01T21:53:01.235-0500] {processor.py:179} INFO - Processing /Users/dimz/EconWizard/hermesvirtual/lib/python3.8/site-packages/airflow/example_dags/example_python_operator.py took 0.160 seconds
[2023-11-01T21:55:02.884-0500] {processor.py:157} INFO - Started process (PID=89701) to work on /Users/dimz/EconWizard/hermesvirtual/lib/python3.8/site-packages/airflow/example_dags/example_python_operator.py
[2023-11-01T21:55:02.889-0500] {processor.py:829} INFO - Processing file /Users/dimz/EconWizard/hermesvirtual/lib/python3.8/site-packages/airflow/example_dags/example_python_operator.py for tasks to queue
[2023-11-01T21:55:02.889-0500] {logging_mixin.py:151} INFO - [2023-11-01T21:55:02.889-0500] {dagbag.py:536} INFO - Filling up the DagBag from /Users/dimz/EconWizard/hermesvirtual/lib/python3.8/site-packages/airflow/example_dags/example_python_operator.py
[2023-11-01T21:55:02.922-0500] {logging_mixin.py:151} INFO - [2023-11-01T21:55:02.921-0500] {example_python_operator.py:89} WARNING - The virtalenv_python example task requires virtualenv, please install it.
[2023-11-01T21:55:02.925-0500] {processor.py:839} INFO - DAG(s) dict_keys(['example_python_operator']) retrieved from /Users/dimz/EconWizard/hermesvirtual/lib/python3.8/site-packages/airflow/example_dags/example_python_operator.py
[2023-11-01T21:55:03.024-0500] {logging_mixin.py:151} INFO - [2023-11-01T21:55:03.024-0500] {dag.py:2941} INFO - Sync 1 DAGs
[2023-11-01T21:55:03.029-0500] {logging_mixin.py:151} INFO - [2023-11-01T21:55:03.029-0500] {dag.py:3722} INFO - Setting next_dagrun for example_python_operator to None, run_after=None
[2023-11-01T21:55:03.039-0500] {processor.py:179} INFO - Processing /Users/dimz/EconWizard/hermesvirtual/lib/python3.8/site-packages/airflow/example_dags/example_python_operator.py took 0.155 seconds
[2023-11-01T21:56:59.638-0500] {processor.py:157} INFO - Started process (PID=89874) to work on /Users/dimz/EconWizard/hermesvirtual/lib/python3.8/site-packages/airflow/example_dags/example_python_operator.py
[2023-11-01T21:56:59.643-0500] {processor.py:829} INFO - Processing file /Users/dimz/EconWizard/hermesvirtual/lib/python3.8/site-packages/airflow/example_dags/example_python_operator.py for tasks to queue
[2023-11-01T21:56:59.644-0500] {logging_mixin.py:151} INFO - [2023-11-01T21:56:59.643-0500] {dagbag.py:536} INFO - Filling up the DagBag from /Users/dimz/EconWizard/hermesvirtual/lib/python3.8/site-packages/airflow/example_dags/example_python_operator.py
[2023-11-01T21:56:59.676-0500] {logging_mixin.py:151} INFO - [2023-11-01T21:56:59.676-0500] {example_python_operator.py:89} WARNING - The virtalenv_python example task requires virtualenv, please install it.
[2023-11-01T21:56:59.679-0500] {processor.py:839} INFO - DAG(s) dict_keys(['example_python_operator']) retrieved from /Users/dimz/EconWizard/hermesvirtual/lib/python3.8/site-packages/airflow/example_dags/example_python_operator.py
[2023-11-01T21:56:59.784-0500] {logging_mixin.py:151} INFO - [2023-11-01T21:56:59.784-0500] {dag.py:2941} INFO - Sync 1 DAGs
[2023-11-01T21:56:59.789-0500] {logging_mixin.py:151} INFO - [2023-11-01T21:56:59.789-0500] {dag.py:3722} INFO - Setting next_dagrun for example_python_operator to None, run_after=None
[2023-11-01T21:56:59.801-0500] {processor.py:179} INFO - Processing /Users/dimz/EconWizard/hermesvirtual/lib/python3.8/site-packages/airflow/example_dags/example_python_operator.py took 0.163 seconds
[2023-11-01T21:59:02.298-0500] {processor.py:157} INFO - Started process (PID=90052) to work on /Users/dimz/EconWizard/hermesvirtual/lib/python3.8/site-packages/airflow/example_dags/example_python_operator.py
[2023-11-01T21:59:02.303-0500] {processor.py:829} INFO - Processing file /Users/dimz/EconWizard/hermesvirtual/lib/python3.8/site-packages/airflow/example_dags/example_python_operator.py for tasks to queue
[2023-11-01T21:59:02.304-0500] {logging_mixin.py:151} INFO - [2023-11-01T21:59:02.304-0500] {dagbag.py:536} INFO - Filling up the DagBag from /Users/dimz/EconWizard/hermesvirtual/lib/python3.8/site-packages/airflow/example_dags/example_python_operator.py
[2023-11-01T21:59:02.335-0500] {logging_mixin.py:151} INFO - [2023-11-01T21:59:02.335-0500] {example_python_operator.py:89} WARNING - The virtalenv_python example task requires virtualenv, please install it.
[2023-11-01T21:59:02.339-0500] {processor.py:839} INFO - DAG(s) dict_keys(['example_python_operator']) retrieved from /Users/dimz/EconWizard/hermesvirtual/lib/python3.8/site-packages/airflow/example_dags/example_python_operator.py
[2023-11-01T21:59:02.440-0500] {logging_mixin.py:151} INFO - [2023-11-01T21:59:02.440-0500] {dag.py:2941} INFO - Sync 1 DAGs
[2023-11-01T21:59:02.445-0500] {logging_mixin.py:151} INFO - [2023-11-01T21:59:02.445-0500] {dag.py:3722} INFO - Setting next_dagrun for example_python_operator to None, run_after=None
[2023-11-01T21:59:02.456-0500] {processor.py:179} INFO - Processing /Users/dimz/EconWizard/hermesvirtual/lib/python3.8/site-packages/airflow/example_dags/example_python_operator.py took 0.158 seconds
[2023-11-01T22:01:01.025-0500] {processor.py:157} INFO - Started process (PID=90221) to work on /Users/dimz/EconWizard/hermesvirtual/lib/python3.8/site-packages/airflow/example_dags/example_python_operator.py
[2023-11-01T22:01:01.030-0500] {processor.py:829} INFO - Processing file /Users/dimz/EconWizard/hermesvirtual/lib/python3.8/site-packages/airflow/example_dags/example_python_operator.py for tasks to queue
[2023-11-01T22:01:01.031-0500] {logging_mixin.py:151} INFO - [2023-11-01T22:01:01.030-0500] {dagbag.py:536} INFO - Filling up the DagBag from /Users/dimz/EconWizard/hermesvirtual/lib/python3.8/site-packages/airflow/example_dags/example_python_operator.py
[2023-11-01T22:01:01.062-0500] {logging_mixin.py:151} INFO - [2023-11-01T22:01:01.062-0500] {example_python_operator.py:89} WARNING - The virtalenv_python example task requires virtualenv, please install it.
[2023-11-01T22:01:01.066-0500] {processor.py:839} INFO - DAG(s) dict_keys(['example_python_operator']) retrieved from /Users/dimz/EconWizard/hermesvirtual/lib/python3.8/site-packages/airflow/example_dags/example_python_operator.py
[2023-11-01T22:01:01.164-0500] {logging_mixin.py:151} INFO - [2023-11-01T22:01:01.164-0500] {dag.py:2941} INFO - Sync 1 DAGs
[2023-11-01T22:01:01.169-0500] {logging_mixin.py:151} INFO - [2023-11-01T22:01:01.169-0500] {dag.py:3722} INFO - Setting next_dagrun for example_python_operator to None, run_after=None
[2023-11-01T22:01:01.180-0500] {processor.py:179} INFO - Processing /Users/dimz/EconWizard/hermesvirtual/lib/python3.8/site-packages/airflow/example_dags/example_python_operator.py took 0.155 seconds
[2023-11-01T22:03:02.977-0500] {processor.py:157} INFO - Started process (PID=90376) to work on /Users/dimz/EconWizard/hermesvirtual/lib/python3.8/site-packages/airflow/example_dags/example_python_operator.py
[2023-11-01T22:03:02.983-0500] {processor.py:829} INFO - Processing file /Users/dimz/EconWizard/hermesvirtual/lib/python3.8/site-packages/airflow/example_dags/example_python_operator.py for tasks to queue
[2023-11-01T22:03:02.983-0500] {logging_mixin.py:151} INFO - [2023-11-01T22:03:02.983-0500] {dagbag.py:536} INFO - Filling up the DagBag from /Users/dimz/EconWizard/hermesvirtual/lib/python3.8/site-packages/airflow/example_dags/example_python_operator.py
[2023-11-01T22:03:03.017-0500] {logging_mixin.py:151} INFO - [2023-11-01T22:03:03.017-0500] {example_python_operator.py:89} WARNING - The virtalenv_python example task requires virtualenv, please install it.
[2023-11-01T22:03:03.021-0500] {processor.py:839} INFO - DAG(s) dict_keys(['example_python_operator']) retrieved from /Users/dimz/EconWizard/hermesvirtual/lib/python3.8/site-packages/airflow/example_dags/example_python_operator.py
[2023-11-01T22:03:03.123-0500] {logging_mixin.py:151} INFO - [2023-11-01T22:03:03.123-0500] {dag.py:2941} INFO - Sync 1 DAGs
[2023-11-01T22:03:03.129-0500] {logging_mixin.py:151} INFO - [2023-11-01T22:03:03.128-0500] {dag.py:3722} INFO - Setting next_dagrun for example_python_operator to None, run_after=None
[2023-11-01T22:03:03.140-0500] {processor.py:179} INFO - Processing /Users/dimz/EconWizard/hermesvirtual/lib/python3.8/site-packages/airflow/example_dags/example_python_operator.py took 0.163 seconds
[2023-11-01T22:04:57.182-0500] {processor.py:157} INFO - Started process (PID=90580) to work on /Users/dimz/EconWizard/hermesvirtual/lib/python3.8/site-packages/airflow/example_dags/example_python_operator.py
[2023-11-01T22:04:57.187-0500] {processor.py:829} INFO - Processing file /Users/dimz/EconWizard/hermesvirtual/lib/python3.8/site-packages/airflow/example_dags/example_python_operator.py for tasks to queue
[2023-11-01T22:04:57.187-0500] {logging_mixin.py:151} INFO - [2023-11-01T22:04:57.187-0500] {dagbag.py:536} INFO - Filling up the DagBag from /Users/dimz/EconWizard/hermesvirtual/lib/python3.8/site-packages/airflow/example_dags/example_python_operator.py
[2023-11-01T22:04:57.219-0500] {logging_mixin.py:151} INFO - [2023-11-01T22:04:57.219-0500] {example_python_operator.py:89} WARNING - The virtalenv_python example task requires virtualenv, please install it.
[2023-11-01T22:04:57.223-0500] {processor.py:839} INFO - DAG(s) dict_keys(['example_python_operator']) retrieved from /Users/dimz/EconWizard/hermesvirtual/lib/python3.8/site-packages/airflow/example_dags/example_python_operator.py
[2023-11-01T22:04:57.327-0500] {logging_mixin.py:151} INFO - [2023-11-01T22:04:57.327-0500] {dag.py:2941} INFO - Sync 1 DAGs
[2023-11-01T22:04:57.333-0500] {logging_mixin.py:151} INFO - [2023-11-01T22:04:57.333-0500] {dag.py:3722} INFO - Setting next_dagrun for example_python_operator to None, run_after=None
[2023-11-01T22:04:57.346-0500] {processor.py:179} INFO - Processing /Users/dimz/EconWizard/hermesvirtual/lib/python3.8/site-packages/airflow/example_dags/example_python_operator.py took 0.164 seconds
[2023-11-01T22:06:58.366-0500] {processor.py:157} INFO - Started process (PID=90792) to work on /Users/dimz/EconWizard/hermesvirtual/lib/python3.8/site-packages/airflow/example_dags/example_python_operator.py
[2023-11-01T22:06:58.371-0500] {processor.py:829} INFO - Processing file /Users/dimz/EconWizard/hermesvirtual/lib/python3.8/site-packages/airflow/example_dags/example_python_operator.py for tasks to queue
[2023-11-01T22:06:58.371-0500] {logging_mixin.py:151} INFO - [2023-11-01T22:06:58.371-0500] {dagbag.py:536} INFO - Filling up the DagBag from /Users/dimz/EconWizard/hermesvirtual/lib/python3.8/site-packages/airflow/example_dags/example_python_operator.py
[2023-11-01T22:06:58.403-0500] {logging_mixin.py:151} INFO - [2023-11-01T22:06:58.402-0500] {example_python_operator.py:89} WARNING - The virtalenv_python example task requires virtualenv, please install it.
[2023-11-01T22:06:58.406-0500] {processor.py:839} INFO - DAG(s) dict_keys(['example_python_operator']) retrieved from /Users/dimz/EconWizard/hermesvirtual/lib/python3.8/site-packages/airflow/example_dags/example_python_operator.py
[2023-11-01T22:06:58.507-0500] {logging_mixin.py:151} INFO - [2023-11-01T22:06:58.507-0500] {dag.py:2941} INFO - Sync 1 DAGs
[2023-11-01T22:06:58.513-0500] {logging_mixin.py:151} INFO - [2023-11-01T22:06:58.512-0500] {dag.py:3722} INFO - Setting next_dagrun for example_python_operator to None, run_after=None
[2023-11-01T22:06:58.523-0500] {processor.py:179} INFO - Processing /Users/dimz/EconWizard/hermesvirtual/lib/python3.8/site-packages/airflow/example_dags/example_python_operator.py took 0.158 seconds
[2023-11-01T22:09:02.278-0500] {processor.py:157} INFO - Started process (PID=91024) to work on /Users/dimz/EconWizard/hermesvirtual/lib/python3.8/site-packages/airflow/example_dags/example_python_operator.py
[2023-11-01T22:09:02.283-0500] {processor.py:829} INFO - Processing file /Users/dimz/EconWizard/hermesvirtual/lib/python3.8/site-packages/airflow/example_dags/example_python_operator.py for tasks to queue
[2023-11-01T22:09:02.283-0500] {logging_mixin.py:151} INFO - [2023-11-01T22:09:02.283-0500] {dagbag.py:536} INFO - Filling up the DagBag from /Users/dimz/EconWizard/hermesvirtual/lib/python3.8/site-packages/airflow/example_dags/example_python_operator.py
[2023-11-01T22:09:02.317-0500] {logging_mixin.py:151} INFO - [2023-11-01T22:09:02.316-0500] {example_python_operator.py:89} WARNING - The virtalenv_python example task requires virtualenv, please install it.
[2023-11-01T22:09:02.321-0500] {processor.py:839} INFO - DAG(s) dict_keys(['example_python_operator']) retrieved from /Users/dimz/EconWizard/hermesvirtual/lib/python3.8/site-packages/airflow/example_dags/example_python_operator.py
[2023-11-01T22:09:02.425-0500] {logging_mixin.py:151} INFO - [2023-11-01T22:09:02.425-0500] {dag.py:2941} INFO - Sync 1 DAGs
[2023-11-01T22:09:02.431-0500] {logging_mixin.py:151} INFO - [2023-11-01T22:09:02.431-0500] {dag.py:3722} INFO - Setting next_dagrun for example_python_operator to None, run_after=None
[2023-11-01T22:09:02.442-0500] {processor.py:179} INFO - Processing /Users/dimz/EconWizard/hermesvirtual/lib/python3.8/site-packages/airflow/example_dags/example_python_operator.py took 0.165 seconds
[2023-11-01T22:14:30.134-0500] {processor.py:157} INFO - Started process (PID=91553) to work on /Users/dimz/EconWizard/hermesvirtual/lib/python3.8/site-packages/airflow/example_dags/example_python_operator.py
[2023-11-01T22:14:30.139-0500] {processor.py:829} INFO - Processing file /Users/dimz/EconWizard/hermesvirtual/lib/python3.8/site-packages/airflow/example_dags/example_python_operator.py for tasks to queue
[2023-11-01T22:14:30.139-0500] {logging_mixin.py:151} INFO - [2023-11-01T22:14:30.139-0500] {dagbag.py:536} INFO - Filling up the DagBag from /Users/dimz/EconWizard/hermesvirtual/lib/python3.8/site-packages/airflow/example_dags/example_python_operator.py
[2023-11-01T22:14:30.170-0500] {logging_mixin.py:151} INFO - [2023-11-01T22:14:30.170-0500] {example_python_operator.py:89} WARNING - The virtalenv_python example task requires virtualenv, please install it.
[2023-11-01T22:14:30.174-0500] {processor.py:839} INFO - DAG(s) dict_keys(['example_python_operator']) retrieved from /Users/dimz/EconWizard/hermesvirtual/lib/python3.8/site-packages/airflow/example_dags/example_python_operator.py
[2023-11-01T22:14:30.499-0500] {logging_mixin.py:151} INFO - [2023-11-01T22:14:30.499-0500] {dag.py:2941} INFO - Sync 1 DAGs
[2023-11-01T22:14:30.504-0500] {logging_mixin.py:151} INFO - [2023-11-01T22:14:30.504-0500] {dag.py:3722} INFO - Setting next_dagrun for example_python_operator to None, run_after=None
[2023-11-01T22:14:30.516-0500] {processor.py:179} INFO - Processing /Users/dimz/EconWizard/hermesvirtual/lib/python3.8/site-packages/airflow/example_dags/example_python_operator.py took 0.382 seconds
[2023-11-01T22:16:29.927-0500] {processor.py:157} INFO - Started process (PID=91746) to work on /Users/dimz/EconWizard/hermesvirtual/lib/python3.8/site-packages/airflow/example_dags/example_python_operator.py
[2023-11-01T22:16:29.932-0500] {processor.py:829} INFO - Processing file /Users/dimz/EconWizard/hermesvirtual/lib/python3.8/site-packages/airflow/example_dags/example_python_operator.py for tasks to queue
[2023-11-01T22:16:29.932-0500] {logging_mixin.py:151} INFO - [2023-11-01T22:16:29.932-0500] {dagbag.py:536} INFO - Filling up the DagBag from /Users/dimz/EconWizard/hermesvirtual/lib/python3.8/site-packages/airflow/example_dags/example_python_operator.py
[2023-11-01T22:16:29.976-0500] {logging_mixin.py:151} INFO - [2023-11-01T22:16:29.976-0500] {example_python_operator.py:89} WARNING - The virtalenv_python example task requires virtualenv, please install it.
[2023-11-01T22:16:29.981-0500] {processor.py:839} INFO - DAG(s) dict_keys(['example_python_operator']) retrieved from /Users/dimz/EconWizard/hermesvirtual/lib/python3.8/site-packages/airflow/example_dags/example_python_operator.py
[2023-11-01T22:16:30.084-0500] {logging_mixin.py:151} INFO - [2023-11-01T22:16:30.084-0500] {dag.py:2941} INFO - Sync 1 DAGs
[2023-11-01T22:16:30.089-0500] {logging_mixin.py:151} INFO - [2023-11-01T22:16:30.089-0500] {dag.py:3722} INFO - Setting next_dagrun for example_python_operator to None, run_after=None
[2023-11-01T22:16:30.100-0500] {processor.py:179} INFO - Processing /Users/dimz/EconWizard/hermesvirtual/lib/python3.8/site-packages/airflow/example_dags/example_python_operator.py took 0.174 seconds
[2023-11-01T22:18:29.374-0500] {processor.py:157} INFO - Started process (PID=92046) to work on /Users/dimz/EconWizard/hermesvirtual/lib/python3.8/site-packages/airflow/example_dags/example_python_operator.py
[2023-11-01T22:18:29.380-0500] {processor.py:829} INFO - Processing file /Users/dimz/EconWizard/hermesvirtual/lib/python3.8/site-packages/airflow/example_dags/example_python_operator.py for tasks to queue
[2023-11-01T22:18:29.380-0500] {logging_mixin.py:151} INFO - [2023-11-01T22:18:29.380-0500] {dagbag.py:536} INFO - Filling up the DagBag from /Users/dimz/EconWizard/hermesvirtual/lib/python3.8/site-packages/airflow/example_dags/example_python_operator.py
[2023-11-01T22:18:29.412-0500] {logging_mixin.py:151} INFO - [2023-11-01T22:18:29.412-0500] {example_python_operator.py:89} WARNING - The virtalenv_python example task requires virtualenv, please install it.
[2023-11-01T22:18:29.415-0500] {processor.py:839} INFO - DAG(s) dict_keys(['example_python_operator']) retrieved from /Users/dimz/EconWizard/hermesvirtual/lib/python3.8/site-packages/airflow/example_dags/example_python_operator.py
[2023-11-01T22:18:29.518-0500] {logging_mixin.py:151} INFO - [2023-11-01T22:18:29.517-0500] {dag.py:2941} INFO - Sync 1 DAGs
[2023-11-01T22:18:29.523-0500] {logging_mixin.py:151} INFO - [2023-11-01T22:18:29.523-0500] {dag.py:3722} INFO - Setting next_dagrun for example_python_operator to None, run_after=None
[2023-11-01T22:18:29.533-0500] {processor.py:179} INFO - Processing /Users/dimz/EconWizard/hermesvirtual/lib/python3.8/site-packages/airflow/example_dags/example_python_operator.py took 0.160 seconds
[2023-11-01T22:20:17.344-0500] {processor.py:157} INFO - Started process (PID=92305) to work on /Users/dimz/EconWizard/hermesvirtual/lib/python3.8/site-packages/airflow/example_dags/example_python_operator.py
[2023-11-01T22:20:17.349-0500] {processor.py:829} INFO - Processing file /Users/dimz/EconWizard/hermesvirtual/lib/python3.8/site-packages/airflow/example_dags/example_python_operator.py for tasks to queue
[2023-11-01T22:20:17.349-0500] {logging_mixin.py:151} INFO - [2023-11-01T22:20:17.349-0500] {dagbag.py:536} INFO - Filling up the DagBag from /Users/dimz/EconWizard/hermesvirtual/lib/python3.8/site-packages/airflow/example_dags/example_python_operator.py
[2023-11-01T22:20:17.380-0500] {logging_mixin.py:151} INFO - [2023-11-01T22:20:17.380-0500] {example_python_operator.py:89} WARNING - The virtalenv_python example task requires virtualenv, please install it.
[2023-11-01T22:20:17.384-0500] {processor.py:839} INFO - DAG(s) dict_keys(['example_python_operator']) retrieved from /Users/dimz/EconWizard/hermesvirtual/lib/python3.8/site-packages/airflow/example_dags/example_python_operator.py
[2023-11-01T22:20:17.484-0500] {logging_mixin.py:151} INFO - [2023-11-01T22:20:17.484-0500] {dag.py:2941} INFO - Sync 1 DAGs
[2023-11-01T22:20:17.489-0500] {logging_mixin.py:151} INFO - [2023-11-01T22:20:17.489-0500] {dag.py:3722} INFO - Setting next_dagrun for example_python_operator to None, run_after=None
[2023-11-01T22:20:17.502-0500] {processor.py:179} INFO - Processing /Users/dimz/EconWizard/hermesvirtual/lib/python3.8/site-packages/airflow/example_dags/example_python_operator.py took 0.159 seconds
[2023-11-01T22:22:14.398-0500] {processor.py:157} INFO - Started process (PID=92625) to work on /Users/dimz/EconWizard/hermesvirtual/lib/python3.8/site-packages/airflow/example_dags/example_python_operator.py
[2023-11-01T22:22:14.403-0500] {processor.py:829} INFO - Processing file /Users/dimz/EconWizard/hermesvirtual/lib/python3.8/site-packages/airflow/example_dags/example_python_operator.py for tasks to queue
[2023-11-01T22:22:14.403-0500] {logging_mixin.py:151} INFO - [2023-11-01T22:22:14.403-0500] {dagbag.py:536} INFO - Filling up the DagBag from /Users/dimz/EconWizard/hermesvirtual/lib/python3.8/site-packages/airflow/example_dags/example_python_operator.py
[2023-11-01T22:22:14.434-0500] {logging_mixin.py:151} INFO - [2023-11-01T22:22:14.434-0500] {example_python_operator.py:89} WARNING - The virtalenv_python example task requires virtualenv, please install it.
[2023-11-01T22:22:14.437-0500] {processor.py:839} INFO - DAG(s) dict_keys(['example_python_operator']) retrieved from /Users/dimz/EconWizard/hermesvirtual/lib/python3.8/site-packages/airflow/example_dags/example_python_operator.py
[2023-11-01T22:22:14.540-0500] {logging_mixin.py:151} INFO - [2023-11-01T22:22:14.540-0500] {dag.py:2941} INFO - Sync 1 DAGs
[2023-11-01T22:22:14.546-0500] {logging_mixin.py:151} INFO - [2023-11-01T22:22:14.546-0500] {dag.py:3722} INFO - Setting next_dagrun for example_python_operator to None, run_after=None
[2023-11-01T22:22:14.556-0500] {processor.py:179} INFO - Processing /Users/dimz/EconWizard/hermesvirtual/lib/python3.8/site-packages/airflow/example_dags/example_python_operator.py took 0.158 seconds
[2023-11-02T00:49:52.305-0500] {processor.py:157} INFO - Started process (PID=92953) to work on /Users/dimz/EconWizard/hermesvirtual/lib/python3.8/site-packages/airflow/example_dags/example_python_operator.py
[2023-11-02T00:49:52.310-0500] {processor.py:829} INFO - Processing file /Users/dimz/EconWizard/hermesvirtual/lib/python3.8/site-packages/airflow/example_dags/example_python_operator.py for tasks to queue
[2023-11-02T00:49:52.310-0500] {logging_mixin.py:151} INFO - [2023-11-02T00:49:52.310-0500] {dagbag.py:536} INFO - Filling up the DagBag from /Users/dimz/EconWizard/hermesvirtual/lib/python3.8/site-packages/airflow/example_dags/example_python_operator.py
[2023-11-02T00:49:52.344-0500] {logging_mixin.py:151} INFO - [2023-11-02T00:49:52.344-0500] {example_python_operator.py:89} WARNING - The virtalenv_python example task requires virtualenv, please install it.
[2023-11-02T00:49:52.348-0500] {processor.py:839} INFO - DAG(s) dict_keys(['example_python_operator']) retrieved from /Users/dimz/EconWizard/hermesvirtual/lib/python3.8/site-packages/airflow/example_dags/example_python_operator.py
[2023-11-02T00:49:52.451-0500] {logging_mixin.py:151} INFO - [2023-11-02T00:49:52.451-0500] {dag.py:2941} INFO - Sync 1 DAGs
[2023-11-02T00:49:52.457-0500] {logging_mixin.py:151} INFO - [2023-11-02T00:49:52.457-0500] {dag.py:3722} INFO - Setting next_dagrun for example_python_operator to None, run_after=None
[2023-11-02T00:49:52.469-0500] {processor.py:179} INFO - Processing /Users/dimz/EconWizard/hermesvirtual/lib/python3.8/site-packages/airflow/example_dags/example_python_operator.py took 0.164 seconds
[2023-11-02T03:28:12.190-0500] {processor.py:157} INFO - Started process (PID=93104) to work on /Users/dimz/EconWizard/hermesvirtual/lib/python3.8/site-packages/airflow/example_dags/example_python_operator.py
[2023-11-02T03:28:12.194-0500] {processor.py:829} INFO - Processing file /Users/dimz/EconWizard/hermesvirtual/lib/python3.8/site-packages/airflow/example_dags/example_python_operator.py for tasks to queue
[2023-11-02T03:28:12.195-0500] {logging_mixin.py:151} INFO - [2023-11-02T03:28:12.195-0500] {dagbag.py:536} INFO - Filling up the DagBag from /Users/dimz/EconWizard/hermesvirtual/lib/python3.8/site-packages/airflow/example_dags/example_python_operator.py
[2023-11-02T03:28:12.231-0500] {logging_mixin.py:151} INFO - [2023-11-02T03:28:12.231-0500] {example_python_operator.py:89} WARNING - The virtalenv_python example task requires virtualenv, please install it.
[2023-11-02T03:28:12.235-0500] {processor.py:839} INFO - DAG(s) dict_keys(['example_python_operator']) retrieved from /Users/dimz/EconWizard/hermesvirtual/lib/python3.8/site-packages/airflow/example_dags/example_python_operator.py
[2023-11-02T03:28:12.345-0500] {logging_mixin.py:151} INFO - [2023-11-02T03:28:12.345-0500] {dag.py:2941} INFO - Sync 1 DAGs
[2023-11-02T03:28:12.351-0500] {logging_mixin.py:151} INFO - [2023-11-02T03:28:12.351-0500] {dag.py:3722} INFO - Setting next_dagrun for example_python_operator to None, run_after=None
[2023-11-02T03:28:12.363-0500] {processor.py:179} INFO - Processing /Users/dimz/EconWizard/hermesvirtual/lib/python3.8/site-packages/airflow/example_dags/example_python_operator.py took 0.174 seconds
[2023-11-02T06:53:46.503-0500] {processor.py:157} INFO - Started process (PID=93288) to work on /Users/dimz/EconWizard/hermesvirtual/lib/python3.8/site-packages/airflow/example_dags/example_python_operator.py
[2023-11-02T06:53:46.508-0500] {processor.py:829} INFO - Processing file /Users/dimz/EconWizard/hermesvirtual/lib/python3.8/site-packages/airflow/example_dags/example_python_operator.py for tasks to queue
[2023-11-02T06:53:46.508-0500] {logging_mixin.py:151} INFO - [2023-11-02T06:53:46.508-0500] {dagbag.py:536} INFO - Filling up the DagBag from /Users/dimz/EconWizard/hermesvirtual/lib/python3.8/site-packages/airflow/example_dags/example_python_operator.py
[2023-11-02T06:53:46.539-0500] {logging_mixin.py:151} INFO - [2023-11-02T06:53:46.539-0500] {example_python_operator.py:89} WARNING - The virtalenv_python example task requires virtualenv, please install it.
[2023-11-02T06:53:46.543-0500] {processor.py:839} INFO - DAG(s) dict_keys(['example_python_operator']) retrieved from /Users/dimz/EconWizard/hermesvirtual/lib/python3.8/site-packages/airflow/example_dags/example_python_operator.py
[2023-11-02T06:53:46.642-0500] {logging_mixin.py:151} INFO - [2023-11-02T06:53:46.642-0500] {dag.py:2941} INFO - Sync 1 DAGs
[2023-11-02T06:53:46.647-0500] {logging_mixin.py:151} INFO - [2023-11-02T06:53:46.647-0500] {dag.py:3722} INFO - Setting next_dagrun for example_python_operator to None, run_after=None
[2023-11-02T06:53:46.658-0500] {processor.py:179} INFO - Processing /Users/dimz/EconWizard/hermesvirtual/lib/python3.8/site-packages/airflow/example_dags/example_python_operator.py took 0.155 seconds
[2023-11-02T08:28:58.563-0500] {processor.py:157} INFO - Started process (PID=93403) to work on /Users/dimz/EconWizard/hermesvirtual/lib/python3.8/site-packages/airflow/example_dags/example_python_operator.py
[2023-11-02T08:28:58.568-0500] {processor.py:829} INFO - Processing file /Users/dimz/EconWizard/hermesvirtual/lib/python3.8/site-packages/airflow/example_dags/example_python_operator.py for tasks to queue
[2023-11-02T08:28:58.569-0500] {logging_mixin.py:151} INFO - [2023-11-02T08:28:58.569-0500] {dagbag.py:536} INFO - Filling up the DagBag from /Users/dimz/EconWizard/hermesvirtual/lib/python3.8/site-packages/airflow/example_dags/example_python_operator.py
[2023-11-02T08:28:58.600-0500] {logging_mixin.py:151} INFO - [2023-11-02T08:28:58.600-0500] {example_python_operator.py:89} WARNING - The virtalenv_python example task requires virtualenv, please install it.
[2023-11-02T08:28:58.604-0500] {processor.py:839} INFO - DAG(s) dict_keys(['example_python_operator']) retrieved from /Users/dimz/EconWizard/hermesvirtual/lib/python3.8/site-packages/airflow/example_dags/example_python_operator.py
[2023-11-02T08:28:58.706-0500] {logging_mixin.py:151} INFO - [2023-11-02T08:28:58.706-0500] {dag.py:2941} INFO - Sync 1 DAGs
[2023-11-02T08:28:58.711-0500] {logging_mixin.py:151} INFO - [2023-11-02T08:28:58.711-0500] {dag.py:3722} INFO - Setting next_dagrun for example_python_operator to None, run_after=None
[2023-11-02T08:28:58.722-0500] {processor.py:179} INFO - Processing /Users/dimz/EconWizard/hermesvirtual/lib/python3.8/site-packages/airflow/example_dags/example_python_operator.py took 0.159 seconds
[2023-11-02T08:38:10.025-0500] {processor.py:157} INFO - Started process (PID=93499) to work on /Users/dimz/EconWizard/hermesvirtual/lib/python3.8/site-packages/airflow/example_dags/example_python_operator.py
[2023-11-02T08:38:10.030-0500] {processor.py:829} INFO - Processing file /Users/dimz/EconWizard/hermesvirtual/lib/python3.8/site-packages/airflow/example_dags/example_python_operator.py for tasks to queue
[2023-11-02T08:38:10.031-0500] {logging_mixin.py:151} INFO - [2023-11-02T08:38:10.031-0500] {dagbag.py:536} INFO - Filling up the DagBag from /Users/dimz/EconWizard/hermesvirtual/lib/python3.8/site-packages/airflow/example_dags/example_python_operator.py
[2023-11-02T08:38:10.062-0500] {logging_mixin.py:151} INFO - [2023-11-02T08:38:10.062-0500] {example_python_operator.py:89} WARNING - The virtalenv_python example task requires virtualenv, please install it.
[2023-11-02T08:38:10.066-0500] {processor.py:839} INFO - DAG(s) dict_keys(['example_python_operator']) retrieved from /Users/dimz/EconWizard/hermesvirtual/lib/python3.8/site-packages/airflow/example_dags/example_python_operator.py
[2023-11-02T08:38:10.164-0500] {logging_mixin.py:151} INFO - [2023-11-02T08:38:10.164-0500] {dag.py:2941} INFO - Sync 1 DAGs
[2023-11-02T08:38:10.169-0500] {logging_mixin.py:151} INFO - [2023-11-02T08:38:10.169-0500] {dag.py:3722} INFO - Setting next_dagrun for example_python_operator to None, run_after=None
[2023-11-02T08:38:10.180-0500] {processor.py:179} INFO - Processing /Users/dimz/EconWizard/hermesvirtual/lib/python3.8/site-packages/airflow/example_dags/example_python_operator.py took 0.155 seconds
[2023-11-02T09:03:10.989-0500] {processor.py:157} INFO - Started process (PID=93613) to work on /Users/dimz/EconWizard/hermesvirtual/lib/python3.8/site-packages/airflow/example_dags/example_python_operator.py
[2023-11-02T09:03:10.993-0500] {processor.py:829} INFO - Processing file /Users/dimz/EconWizard/hermesvirtual/lib/python3.8/site-packages/airflow/example_dags/example_python_operator.py for tasks to queue
[2023-11-02T09:03:10.994-0500] {logging_mixin.py:151} INFO - [2023-11-02T09:03:10.994-0500] {dagbag.py:536} INFO - Filling up the DagBag from /Users/dimz/EconWizard/hermesvirtual/lib/python3.8/site-packages/airflow/example_dags/example_python_operator.py
[2023-11-02T09:03:11.031-0500] {logging_mixin.py:151} INFO - [2023-11-02T09:03:11.031-0500] {example_python_operator.py:89} WARNING - The virtalenv_python example task requires virtualenv, please install it.
[2023-11-02T09:03:11.036-0500] {processor.py:839} INFO - DAG(s) dict_keys(['example_python_operator']) retrieved from /Users/dimz/EconWizard/hermesvirtual/lib/python3.8/site-packages/airflow/example_dags/example_python_operator.py
[2023-11-02T09:03:11.144-0500] {logging_mixin.py:151} INFO - [2023-11-02T09:03:11.144-0500] {dag.py:2941} INFO - Sync 1 DAGs
[2023-11-02T09:03:11.150-0500] {logging_mixin.py:151} INFO - [2023-11-02T09:03:11.150-0500] {dag.py:3722} INFO - Setting next_dagrun for example_python_operator to None, run_after=None
[2023-11-02T09:03:11.162-0500] {processor.py:179} INFO - Processing /Users/dimz/EconWizard/hermesvirtual/lib/python3.8/site-packages/airflow/example_dags/example_python_operator.py took 0.174 seconds
[2023-11-02T09:04:35.972-0500] {processor.py:157} INFO - Started process (PID=93730) to work on /Users/dimz/EconWizard/hermesvirtual/lib/python3.8/site-packages/airflow/example_dags/example_python_operator.py
[2023-11-02T09:04:35.977-0500] {processor.py:829} INFO - Processing file /Users/dimz/EconWizard/hermesvirtual/lib/python3.8/site-packages/airflow/example_dags/example_python_operator.py for tasks to queue
[2023-11-02T09:04:35.977-0500] {logging_mixin.py:151} INFO - [2023-11-02T09:04:35.977-0500] {dagbag.py:536} INFO - Filling up the DagBag from /Users/dimz/EconWizard/hermesvirtual/lib/python3.8/site-packages/airflow/example_dags/example_python_operator.py
[2023-11-02T09:04:36.010-0500] {logging_mixin.py:151} INFO - [2023-11-02T09:04:36.010-0500] {example_python_operator.py:89} WARNING - The virtalenv_python example task requires virtualenv, please install it.
[2023-11-02T09:04:36.014-0500] {processor.py:839} INFO - DAG(s) dict_keys(['example_python_operator']) retrieved from /Users/dimz/EconWizard/hermesvirtual/lib/python3.8/site-packages/airflow/example_dags/example_python_operator.py
[2023-11-02T09:04:36.119-0500] {logging_mixin.py:151} INFO - [2023-11-02T09:04:36.119-0500] {dag.py:2941} INFO - Sync 1 DAGs
[2023-11-02T09:04:36.125-0500] {logging_mixin.py:151} INFO - [2023-11-02T09:04:36.124-0500] {dag.py:3722} INFO - Setting next_dagrun for example_python_operator to None, run_after=None
[2023-11-02T09:04:36.136-0500] {processor.py:179} INFO - Processing /Users/dimz/EconWizard/hermesvirtual/lib/python3.8/site-packages/airflow/example_dags/example_python_operator.py took 0.165 seconds
[2023-11-02T09:06:32.628-0500] {processor.py:157} INFO - Started process (PID=93872) to work on /Users/dimz/EconWizard/hermesvirtual/lib/python3.8/site-packages/airflow/example_dags/example_python_operator.py
[2023-11-02T09:06:32.633-0500] {processor.py:829} INFO - Processing file /Users/dimz/EconWizard/hermesvirtual/lib/python3.8/site-packages/airflow/example_dags/example_python_operator.py for tasks to queue
[2023-11-02T09:06:32.633-0500] {logging_mixin.py:151} INFO - [2023-11-02T09:06:32.633-0500] {dagbag.py:536} INFO - Filling up the DagBag from /Users/dimz/EconWizard/hermesvirtual/lib/python3.8/site-packages/airflow/example_dags/example_python_operator.py
[2023-11-02T09:06:32.665-0500] {logging_mixin.py:151} INFO - [2023-11-02T09:06:32.665-0500] {example_python_operator.py:89} WARNING - The virtalenv_python example task requires virtualenv, please install it.
[2023-11-02T09:06:32.669-0500] {processor.py:839} INFO - DAG(s) dict_keys(['example_python_operator']) retrieved from /Users/dimz/EconWizard/hermesvirtual/lib/python3.8/site-packages/airflow/example_dags/example_python_operator.py
[2023-11-02T09:06:32.768-0500] {logging_mixin.py:151} INFO - [2023-11-02T09:06:32.768-0500] {dag.py:2941} INFO - Sync 1 DAGs
[2023-11-02T09:06:32.774-0500] {logging_mixin.py:151} INFO - [2023-11-02T09:06:32.773-0500] {dag.py:3722} INFO - Setting next_dagrun for example_python_operator to None, run_after=None
[2023-11-02T09:06:32.785-0500] {processor.py:179} INFO - Processing /Users/dimz/EconWizard/hermesvirtual/lib/python3.8/site-packages/airflow/example_dags/example_python_operator.py took 0.157 seconds
[2023-11-02T09:08:37.105-0500] {processor.py:157} INFO - Started process (PID=94032) to work on /Users/dimz/EconWizard/hermesvirtual/lib/python3.8/site-packages/airflow/example_dags/example_python_operator.py
[2023-11-02T09:08:37.110-0500] {processor.py:829} INFO - Processing file /Users/dimz/EconWizard/hermesvirtual/lib/python3.8/site-packages/airflow/example_dags/example_python_operator.py for tasks to queue
[2023-11-02T09:08:37.111-0500] {logging_mixin.py:151} INFO - [2023-11-02T09:08:37.111-0500] {dagbag.py:536} INFO - Filling up the DagBag from /Users/dimz/EconWizard/hermesvirtual/lib/python3.8/site-packages/airflow/example_dags/example_python_operator.py
[2023-11-02T09:08:37.147-0500] {logging_mixin.py:151} INFO - [2023-11-02T09:08:37.147-0500] {example_python_operator.py:89} WARNING - The virtalenv_python example task requires virtualenv, please install it.
[2023-11-02T09:08:37.152-0500] {processor.py:839} INFO - DAG(s) dict_keys(['example_python_operator']) retrieved from /Users/dimz/EconWizard/hermesvirtual/lib/python3.8/site-packages/airflow/example_dags/example_python_operator.py
[2023-11-02T09:08:37.274-0500] {logging_mixin.py:151} INFO - [2023-11-02T09:08:37.274-0500] {dag.py:2941} INFO - Sync 1 DAGs
[2023-11-02T09:08:37.280-0500] {logging_mixin.py:151} INFO - [2023-11-02T09:08:37.280-0500] {dag.py:3722} INFO - Setting next_dagrun for example_python_operator to None, run_after=None
[2023-11-02T09:08:37.293-0500] {processor.py:179} INFO - Processing /Users/dimz/EconWizard/hermesvirtual/lib/python3.8/site-packages/airflow/example_dags/example_python_operator.py took 0.188 seconds
[2023-11-02T09:10:44.600-0500] {processor.py:157} INFO - Started process (PID=94346) to work on /Users/dimz/EconWizard/hermesvirtual/lib/python3.8/site-packages/airflow/example_dags/example_python_operator.py
[2023-11-02T09:10:44.605-0500] {processor.py:829} INFO - Processing file /Users/dimz/EconWizard/hermesvirtual/lib/python3.8/site-packages/airflow/example_dags/example_python_operator.py for tasks to queue
[2023-11-02T09:10:44.605-0500] {logging_mixin.py:151} INFO - [2023-11-02T09:10:44.605-0500] {dagbag.py:536} INFO - Filling up the DagBag from /Users/dimz/EconWizard/hermesvirtual/lib/python3.8/site-packages/airflow/example_dags/example_python_operator.py
[2023-11-02T09:10:44.642-0500] {logging_mixin.py:151} INFO - [2023-11-02T09:10:44.642-0500] {example_python_operator.py:89} WARNING - The virtalenv_python example task requires virtualenv, please install it.
[2023-11-02T09:10:44.646-0500] {processor.py:839} INFO - DAG(s) dict_keys(['example_python_operator']) retrieved from /Users/dimz/EconWizard/hermesvirtual/lib/python3.8/site-packages/airflow/example_dags/example_python_operator.py
[2023-11-02T09:10:44.759-0500] {logging_mixin.py:151} INFO - [2023-11-02T09:10:44.758-0500] {dag.py:2941} INFO - Sync 1 DAGs
[2023-11-02T09:10:44.764-0500] {logging_mixin.py:151} INFO - [2023-11-02T09:10:44.764-0500] {dag.py:3722} INFO - Setting next_dagrun for example_python_operator to None, run_after=None
[2023-11-02T09:10:44.776-0500] {processor.py:179} INFO - Processing /Users/dimz/EconWizard/hermesvirtual/lib/python3.8/site-packages/airflow/example_dags/example_python_operator.py took 0.177 seconds
[2023-11-02T09:12:53.655-0500] {processor.py:157} INFO - Started process (PID=94504) to work on /Users/dimz/EconWizard/hermesvirtual/lib/python3.8/site-packages/airflow/example_dags/example_python_operator.py
[2023-11-02T09:12:53.660-0500] {processor.py:829} INFO - Processing file /Users/dimz/EconWizard/hermesvirtual/lib/python3.8/site-packages/airflow/example_dags/example_python_operator.py for tasks to queue
[2023-11-02T09:12:53.660-0500] {logging_mixin.py:151} INFO - [2023-11-02T09:12:53.660-0500] {dagbag.py:536} INFO - Filling up the DagBag from /Users/dimz/EconWizard/hermesvirtual/lib/python3.8/site-packages/airflow/example_dags/example_python_operator.py
[2023-11-02T09:12:53.696-0500] {logging_mixin.py:151} INFO - [2023-11-02T09:12:53.696-0500] {example_python_operator.py:89} WARNING - The virtalenv_python example task requires virtualenv, please install it.
[2023-11-02T09:12:53.700-0500] {processor.py:839} INFO - DAG(s) dict_keys(['example_python_operator']) retrieved from /Users/dimz/EconWizard/hermesvirtual/lib/python3.8/site-packages/airflow/example_dags/example_python_operator.py
[2023-11-02T09:12:53.810-0500] {logging_mixin.py:151} INFO - [2023-11-02T09:12:53.810-0500] {dag.py:2941} INFO - Sync 1 DAGs
[2023-11-02T09:12:53.816-0500] {logging_mixin.py:151} INFO - [2023-11-02T09:12:53.816-0500] {dag.py:3722} INFO - Setting next_dagrun for example_python_operator to None, run_after=None
[2023-11-02T09:12:53.829-0500] {processor.py:179} INFO - Processing /Users/dimz/EconWizard/hermesvirtual/lib/python3.8/site-packages/airflow/example_dags/example_python_operator.py took 0.175 seconds
[2023-11-02T09:15:00.548-0500] {processor.py:157} INFO - Started process (PID=94638) to work on /Users/dimz/EconWizard/hermesvirtual/lib/python3.8/site-packages/airflow/example_dags/example_python_operator.py
[2023-11-02T09:15:00.553-0500] {processor.py:829} INFO - Processing file /Users/dimz/EconWizard/hermesvirtual/lib/python3.8/site-packages/airflow/example_dags/example_python_operator.py for tasks to queue
[2023-11-02T09:15:00.554-0500] {logging_mixin.py:151} INFO - [2023-11-02T09:15:00.554-0500] {dagbag.py:536} INFO - Filling up the DagBag from /Users/dimz/EconWizard/hermesvirtual/lib/python3.8/site-packages/airflow/example_dags/example_python_operator.py
[2023-11-02T09:15:00.585-0500] {logging_mixin.py:151} INFO - [2023-11-02T09:15:00.585-0500] {example_python_operator.py:89} WARNING - The virtalenv_python example task requires virtualenv, please install it.
[2023-11-02T09:15:00.588-0500] {processor.py:839} INFO - DAG(s) dict_keys(['example_python_operator']) retrieved from /Users/dimz/EconWizard/hermesvirtual/lib/python3.8/site-packages/airflow/example_dags/example_python_operator.py
[2023-11-02T09:15:00.687-0500] {logging_mixin.py:151} INFO - [2023-11-02T09:15:00.686-0500] {dag.py:2941} INFO - Sync 1 DAGs
[2023-11-02T09:15:00.692-0500] {logging_mixin.py:151} INFO - [2023-11-02T09:15:00.691-0500] {dag.py:3722} INFO - Setting next_dagrun for example_python_operator to None, run_after=None
[2023-11-02T09:15:00.702-0500] {processor.py:179} INFO - Processing /Users/dimz/EconWizard/hermesvirtual/lib/python3.8/site-packages/airflow/example_dags/example_python_operator.py took 0.155 seconds
[2023-11-02T09:17:04.744-0500] {processor.py:157} INFO - Started process (PID=94778) to work on /Users/dimz/EconWizard/hermesvirtual/lib/python3.8/site-packages/airflow/example_dags/example_python_operator.py
[2023-11-02T09:17:04.749-0500] {processor.py:829} INFO - Processing file /Users/dimz/EconWizard/hermesvirtual/lib/python3.8/site-packages/airflow/example_dags/example_python_operator.py for tasks to queue
[2023-11-02T09:17:04.749-0500] {logging_mixin.py:151} INFO - [2023-11-02T09:17:04.749-0500] {dagbag.py:536} INFO - Filling up the DagBag from /Users/dimz/EconWizard/hermesvirtual/lib/python3.8/site-packages/airflow/example_dags/example_python_operator.py
[2023-11-02T09:17:04.782-0500] {logging_mixin.py:151} INFO - [2023-11-02T09:17:04.781-0500] {example_python_operator.py:89} WARNING - The virtalenv_python example task requires virtualenv, please install it.
[2023-11-02T09:17:04.785-0500] {processor.py:839} INFO - DAG(s) dict_keys(['example_python_operator']) retrieved from /Users/dimz/EconWizard/hermesvirtual/lib/python3.8/site-packages/airflow/example_dags/example_python_operator.py
[2023-11-02T09:17:04.885-0500] {logging_mixin.py:151} INFO - [2023-11-02T09:17:04.885-0500] {dag.py:2941} INFO - Sync 1 DAGs
[2023-11-02T09:17:04.890-0500] {logging_mixin.py:151} INFO - [2023-11-02T09:17:04.890-0500] {dag.py:3722} INFO - Setting next_dagrun for example_python_operator to None, run_after=None
[2023-11-02T09:17:04.901-0500] {processor.py:179} INFO - Processing /Users/dimz/EconWizard/hermesvirtual/lib/python3.8/site-packages/airflow/example_dags/example_python_operator.py took 0.158 seconds
[2023-11-02T09:19:09.201-0500] {processor.py:157} INFO - Started process (PID=94955) to work on /Users/dimz/EconWizard/hermesvirtual/lib/python3.8/site-packages/airflow/example_dags/example_python_operator.py
[2023-11-02T09:19:09.207-0500] {processor.py:829} INFO - Processing file /Users/dimz/EconWizard/hermesvirtual/lib/python3.8/site-packages/airflow/example_dags/example_python_operator.py for tasks to queue
[2023-11-02T09:19:09.207-0500] {logging_mixin.py:151} INFO - [2023-11-02T09:19:09.207-0500] {dagbag.py:536} INFO - Filling up the DagBag from /Users/dimz/EconWizard/hermesvirtual/lib/python3.8/site-packages/airflow/example_dags/example_python_operator.py
[2023-11-02T09:19:09.243-0500] {logging_mixin.py:151} INFO - [2023-11-02T09:19:09.243-0500] {example_python_operator.py:89} WARNING - The virtalenv_python example task requires virtualenv, please install it.
[2023-11-02T09:19:09.247-0500] {processor.py:839} INFO - DAG(s) dict_keys(['example_python_operator']) retrieved from /Users/dimz/EconWizard/hermesvirtual/lib/python3.8/site-packages/airflow/example_dags/example_python_operator.py
[2023-11-02T09:19:09.360-0500] {logging_mixin.py:151} INFO - [2023-11-02T09:19:09.360-0500] {dag.py:2941} INFO - Sync 1 DAGs
[2023-11-02T09:19:09.366-0500] {logging_mixin.py:151} INFO - [2023-11-02T09:19:09.366-0500] {dag.py:3722} INFO - Setting next_dagrun for example_python_operator to None, run_after=None
[2023-11-02T09:19:09.379-0500] {processor.py:179} INFO - Processing /Users/dimz/EconWizard/hermesvirtual/lib/python3.8/site-packages/airflow/example_dags/example_python_operator.py took 0.178 seconds
[2023-11-02T09:21:17.784-0500] {processor.py:157} INFO - Started process (PID=95108) to work on /Users/dimz/EconWizard/hermesvirtual/lib/python3.8/site-packages/airflow/example_dags/example_python_operator.py
[2023-11-02T09:21:17.790-0500] {processor.py:829} INFO - Processing file /Users/dimz/EconWizard/hermesvirtual/lib/python3.8/site-packages/airflow/example_dags/example_python_operator.py for tasks to queue
[2023-11-02T09:21:17.790-0500] {logging_mixin.py:151} INFO - [2023-11-02T09:21:17.790-0500] {dagbag.py:536} INFO - Filling up the DagBag from /Users/dimz/EconWizard/hermesvirtual/lib/python3.8/site-packages/airflow/example_dags/example_python_operator.py
[2023-11-02T09:21:17.827-0500] {logging_mixin.py:151} INFO - [2023-11-02T09:21:17.827-0500] {example_python_operator.py:89} WARNING - The virtalenv_python example task requires virtualenv, please install it.
[2023-11-02T09:21:17.831-0500] {processor.py:839} INFO - DAG(s) dict_keys(['example_python_operator']) retrieved from /Users/dimz/EconWizard/hermesvirtual/lib/python3.8/site-packages/airflow/example_dags/example_python_operator.py
[2023-11-02T09:21:17.942-0500] {logging_mixin.py:151} INFO - [2023-11-02T09:21:17.942-0500] {dag.py:2941} INFO - Sync 1 DAGs
[2023-11-02T09:21:17.948-0500] {logging_mixin.py:151} INFO - [2023-11-02T09:21:17.948-0500] {dag.py:3722} INFO - Setting next_dagrun for example_python_operator to None, run_after=None
[2023-11-02T09:21:17.961-0500] {processor.py:179} INFO - Processing /Users/dimz/EconWizard/hermesvirtual/lib/python3.8/site-packages/airflow/example_dags/example_python_operator.py took 0.178 seconds
[2023-11-02T09:23:26.617-0500] {processor.py:157} INFO - Started process (PID=95304) to work on /Users/dimz/EconWizard/hermesvirtual/lib/python3.8/site-packages/airflow/example_dags/example_python_operator.py
[2023-11-02T09:23:26.622-0500] {processor.py:829} INFO - Processing file /Users/dimz/EconWizard/hermesvirtual/lib/python3.8/site-packages/airflow/example_dags/example_python_operator.py for tasks to queue
[2023-11-02T09:23:26.622-0500] {logging_mixin.py:151} INFO - [2023-11-02T09:23:26.622-0500] {dagbag.py:536} INFO - Filling up the DagBag from /Users/dimz/EconWizard/hermesvirtual/lib/python3.8/site-packages/airflow/example_dags/example_python_operator.py
[2023-11-02T09:23:26.655-0500] {logging_mixin.py:151} INFO - [2023-11-02T09:23:26.655-0500] {example_python_operator.py:89} WARNING - The virtalenv_python example task requires virtualenv, please install it.
[2023-11-02T09:23:26.659-0500] {processor.py:839} INFO - DAG(s) dict_keys(['example_python_operator']) retrieved from /Users/dimz/EconWizard/hermesvirtual/lib/python3.8/site-packages/airflow/example_dags/example_python_operator.py
[2023-11-02T09:23:26.763-0500] {logging_mixin.py:151} INFO - [2023-11-02T09:23:26.763-0500] {dag.py:2941} INFO - Sync 1 DAGs
[2023-11-02T09:23:26.769-0500] {logging_mixin.py:151} INFO - [2023-11-02T09:23:26.769-0500] {dag.py:3722} INFO - Setting next_dagrun for example_python_operator to None, run_after=None
[2023-11-02T09:23:26.780-0500] {processor.py:179} INFO - Processing /Users/dimz/EconWizard/hermesvirtual/lib/python3.8/site-packages/airflow/example_dags/example_python_operator.py took 0.163 seconds
[2023-11-02T09:25:31.944-0500] {processor.py:157} INFO - Started process (PID=95549) to work on /Users/dimz/EconWizard/hermesvirtual/lib/python3.8/site-packages/airflow/example_dags/example_python_operator.py
[2023-11-02T09:25:31.949-0500] {processor.py:829} INFO - Processing file /Users/dimz/EconWizard/hermesvirtual/lib/python3.8/site-packages/airflow/example_dags/example_python_operator.py for tasks to queue
[2023-11-02T09:25:31.949-0500] {logging_mixin.py:151} INFO - [2023-11-02T09:25:31.949-0500] {dagbag.py:536} INFO - Filling up the DagBag from /Users/dimz/EconWizard/hermesvirtual/lib/python3.8/site-packages/airflow/example_dags/example_python_operator.py
[2023-11-02T09:25:31.981-0500] {logging_mixin.py:151} INFO - [2023-11-02T09:25:31.981-0500] {example_python_operator.py:89} WARNING - The virtalenv_python example task requires virtualenv, please install it.
[2023-11-02T09:25:31.985-0500] {processor.py:839} INFO - DAG(s) dict_keys(['example_python_operator']) retrieved from /Users/dimz/EconWizard/hermesvirtual/lib/python3.8/site-packages/airflow/example_dags/example_python_operator.py
[2023-11-02T09:25:32.083-0500] {logging_mixin.py:151} INFO - [2023-11-02T09:25:32.083-0500] {dag.py:2941} INFO - Sync 1 DAGs
[2023-11-02T09:25:32.088-0500] {logging_mixin.py:151} INFO - [2023-11-02T09:25:32.088-0500] {dag.py:3722} INFO - Setting next_dagrun for example_python_operator to None, run_after=None
[2023-11-02T09:25:32.099-0500] {processor.py:179} INFO - Processing /Users/dimz/EconWizard/hermesvirtual/lib/python3.8/site-packages/airflow/example_dags/example_python_operator.py took 0.155 seconds
[2023-11-02T09:28:20.122-0500] {processor.py:157} INFO - Started process (PID=95788) to work on /Users/dimz/EconWizard/hermesvirtual/lib/python3.8/site-packages/airflow/example_dags/example_python_operator.py
[2023-11-02T09:28:20.128-0500] {processor.py:829} INFO - Processing file /Users/dimz/EconWizard/hermesvirtual/lib/python3.8/site-packages/airflow/example_dags/example_python_operator.py for tasks to queue
[2023-11-02T09:28:20.128-0500] {logging_mixin.py:151} INFO - [2023-11-02T09:28:20.128-0500] {dagbag.py:536} INFO - Filling up the DagBag from /Users/dimz/EconWizard/hermesvirtual/lib/python3.8/site-packages/airflow/example_dags/example_python_operator.py
[2023-11-02T09:28:20.161-0500] {logging_mixin.py:151} INFO - [2023-11-02T09:28:20.161-0500] {example_python_operator.py:89} WARNING - The virtalenv_python example task requires virtualenv, please install it.
[2023-11-02T09:28:20.165-0500] {processor.py:839} INFO - DAG(s) dict_keys(['example_python_operator']) retrieved from /Users/dimz/EconWizard/hermesvirtual/lib/python3.8/site-packages/airflow/example_dags/example_python_operator.py
[2023-11-02T09:28:20.268-0500] {logging_mixin.py:151} INFO - [2023-11-02T09:28:20.268-0500] {dag.py:2941} INFO - Sync 1 DAGs
[2023-11-02T09:28:20.273-0500] {logging_mixin.py:151} INFO - [2023-11-02T09:28:20.273-0500] {dag.py:3722} INFO - Setting next_dagrun for example_python_operator to None, run_after=None
[2023-11-02T09:28:20.284-0500] {processor.py:179} INFO - Processing /Users/dimz/EconWizard/hermesvirtual/lib/python3.8/site-packages/airflow/example_dags/example_python_operator.py took 0.162 seconds
[2023-11-02T09:30:37.891-0500] {processor.py:157} INFO - Started process (PID=95973) to work on /Users/dimz/EconWizard/hermesvirtual/lib/python3.8/site-packages/airflow/example_dags/example_python_operator.py
[2023-11-02T09:30:37.896-0500] {processor.py:829} INFO - Processing file /Users/dimz/EconWizard/hermesvirtual/lib/python3.8/site-packages/airflow/example_dags/example_python_operator.py for tasks to queue
[2023-11-02T09:30:37.896-0500] {logging_mixin.py:151} INFO - [2023-11-02T09:30:37.896-0500] {dagbag.py:536} INFO - Filling up the DagBag from /Users/dimz/EconWizard/hermesvirtual/lib/python3.8/site-packages/airflow/example_dags/example_python_operator.py
[2023-11-02T09:30:37.929-0500] {logging_mixin.py:151} INFO - [2023-11-02T09:30:37.928-0500] {example_python_operator.py:89} WARNING - The virtalenv_python example task requires virtualenv, please install it.
[2023-11-02T09:30:37.932-0500] {processor.py:839} INFO - DAG(s) dict_keys(['example_python_operator']) retrieved from /Users/dimz/EconWizard/hermesvirtual/lib/python3.8/site-packages/airflow/example_dags/example_python_operator.py
[2023-11-02T09:30:38.032-0500] {logging_mixin.py:151} INFO - [2023-11-02T09:30:38.032-0500] {dag.py:2941} INFO - Sync 1 DAGs
[2023-11-02T09:30:38.037-0500] {logging_mixin.py:151} INFO - [2023-11-02T09:30:38.037-0500] {dag.py:3722} INFO - Setting next_dagrun for example_python_operator to None, run_after=None
[2023-11-02T09:30:38.047-0500] {processor.py:179} INFO - Processing /Users/dimz/EconWizard/hermesvirtual/lib/python3.8/site-packages/airflow/example_dags/example_python_operator.py took 0.157 seconds
[2023-11-02T10:13:28.238-0500] {processor.py:157} INFO - Started process (PID=97554) to work on /Users/dimz/EconWizard/hermesvirtual/lib/python3.8/site-packages/airflow/example_dags/example_python_operator.py
[2023-11-02T10:13:28.242-0500] {processor.py:829} INFO - Processing file /Users/dimz/EconWizard/hermesvirtual/lib/python3.8/site-packages/airflow/example_dags/example_python_operator.py for tasks to queue
[2023-11-02T10:13:28.242-0500] {logging_mixin.py:151} INFO - [2023-11-02T10:13:28.242-0500] {dagbag.py:536} INFO - Filling up the DagBag from /Users/dimz/EconWizard/hermesvirtual/lib/python3.8/site-packages/airflow/example_dags/example_python_operator.py
[2023-11-02T10:13:28.274-0500] {logging_mixin.py:151} INFO - [2023-11-02T10:13:28.274-0500] {example_python_operator.py:89} WARNING - The virtalenv_python example task requires virtualenv, please install it.
[2023-11-02T10:13:28.278-0500] {processor.py:839} INFO - DAG(s) dict_keys(['example_python_operator']) retrieved from /Users/dimz/EconWizard/hermesvirtual/lib/python3.8/site-packages/airflow/example_dags/example_python_operator.py
[2023-11-02T10:13:28.377-0500] {logging_mixin.py:151} INFO - [2023-11-02T10:13:28.376-0500] {dag.py:2941} INFO - Sync 1 DAGs
[2023-11-02T10:13:28.382-0500] {logging_mixin.py:151} INFO - [2023-11-02T10:13:28.382-0500] {dag.py:3722} INFO - Setting next_dagrun for example_python_operator to None, run_after=None
[2023-11-02T10:13:28.392-0500] {processor.py:179} INFO - Processing /Users/dimz/EconWizard/hermesvirtual/lib/python3.8/site-packages/airflow/example_dags/example_python_operator.py took 0.155 seconds
[2023-11-02T10:14:59.640-0500] {processor.py:157} INFO - Started process (PID=97651) to work on /Users/dimz/EconWizard/hermesvirtual/lib/python3.8/site-packages/airflow/example_dags/example_python_operator.py
[2023-11-02T10:14:59.645-0500] {processor.py:829} INFO - Processing file /Users/dimz/EconWizard/hermesvirtual/lib/python3.8/site-packages/airflow/example_dags/example_python_operator.py for tasks to queue
[2023-11-02T10:14:59.646-0500] {logging_mixin.py:151} INFO - [2023-11-02T10:14:59.646-0500] {dagbag.py:536} INFO - Filling up the DagBag from /Users/dimz/EconWizard/hermesvirtual/lib/python3.8/site-packages/airflow/example_dags/example_python_operator.py
[2023-11-02T10:14:59.678-0500] {logging_mixin.py:151} INFO - [2023-11-02T10:14:59.678-0500] {example_python_operator.py:89} WARNING - The virtalenv_python example task requires virtualenv, please install it.
[2023-11-02T10:14:59.682-0500] {processor.py:839} INFO - DAG(s) dict_keys(['example_python_operator']) retrieved from /Users/dimz/EconWizard/hermesvirtual/lib/python3.8/site-packages/airflow/example_dags/example_python_operator.py
[2023-11-02T10:14:59.782-0500] {logging_mixin.py:151} INFO - [2023-11-02T10:14:59.782-0500] {dag.py:2941} INFO - Sync 1 DAGs
[2023-11-02T10:14:59.787-0500] {logging_mixin.py:151} INFO - [2023-11-02T10:14:59.787-0500] {dag.py:3722} INFO - Setting next_dagrun for example_python_operator to None, run_after=None
[2023-11-02T10:14:59.798-0500] {processor.py:179} INFO - Processing /Users/dimz/EconWizard/hermesvirtual/lib/python3.8/site-packages/airflow/example_dags/example_python_operator.py took 0.158 seconds
[2023-11-02T10:39:15.574-0500] {processor.py:157} INFO - Started process (PID=99887) to work on /Users/dimz/EconWizard/hermesvirtual/lib/python3.8/site-packages/airflow/example_dags/example_python_operator.py
[2023-11-02T10:39:15.579-0500] {processor.py:829} INFO - Processing file /Users/dimz/EconWizard/hermesvirtual/lib/python3.8/site-packages/airflow/example_dags/example_python_operator.py for tasks to queue
[2023-11-02T10:39:15.579-0500] {logging_mixin.py:151} INFO - [2023-11-02T10:39:15.579-0500] {dagbag.py:536} INFO - Filling up the DagBag from /Users/dimz/EconWizard/hermesvirtual/lib/python3.8/site-packages/airflow/example_dags/example_python_operator.py
[2023-11-02T10:39:15.611-0500] {logging_mixin.py:151} INFO - [2023-11-02T10:39:15.611-0500] {example_python_operator.py:89} WARNING - The virtalenv_python example task requires virtualenv, please install it.
[2023-11-02T10:39:15.616-0500] {processor.py:839} INFO - DAG(s) dict_keys(['example_python_operator']) retrieved from /Users/dimz/EconWizard/hermesvirtual/lib/python3.8/site-packages/airflow/example_dags/example_python_operator.py
[2023-11-02T10:39:15.716-0500] {logging_mixin.py:151} INFO - [2023-11-02T10:39:15.716-0500] {dag.py:2941} INFO - Sync 1 DAGs
[2023-11-02T10:39:15.721-0500] {logging_mixin.py:151} INFO - [2023-11-02T10:39:15.721-0500] {dag.py:3722} INFO - Setting next_dagrun for example_python_operator to None, run_after=None
[2023-11-02T10:39:15.732-0500] {processor.py:179} INFO - Processing /Users/dimz/EconWizard/hermesvirtual/lib/python3.8/site-packages/airflow/example_dags/example_python_operator.py took 0.158 seconds
[2023-11-02T10:40:49.582-0500] {processor.py:157} INFO - Started process (PID=104) to work on /Users/dimz/EconWizard/hermesvirtual/lib/python3.8/site-packages/airflow/example_dags/example_python_operator.py
[2023-11-02T10:40:49.587-0500] {processor.py:829} INFO - Processing file /Users/dimz/EconWizard/hermesvirtual/lib/python3.8/site-packages/airflow/example_dags/example_python_operator.py for tasks to queue
[2023-11-02T10:40:49.587-0500] {logging_mixin.py:151} INFO - [2023-11-02T10:40:49.587-0500] {dagbag.py:536} INFO - Filling up the DagBag from /Users/dimz/EconWizard/hermesvirtual/lib/python3.8/site-packages/airflow/example_dags/example_python_operator.py
[2023-11-02T10:40:49.619-0500] {logging_mixin.py:151} INFO - [2023-11-02T10:40:49.619-0500] {example_python_operator.py:89} WARNING - The virtalenv_python example task requires virtualenv, please install it.
[2023-11-02T10:40:49.623-0500] {processor.py:839} INFO - DAG(s) dict_keys(['example_python_operator']) retrieved from /Users/dimz/EconWizard/hermesvirtual/lib/python3.8/site-packages/airflow/example_dags/example_python_operator.py
[2023-11-02T10:40:49.723-0500] {logging_mixin.py:151} INFO - [2023-11-02T10:40:49.723-0500] {dag.py:2941} INFO - Sync 1 DAGs
[2023-11-02T10:40:49.728-0500] {logging_mixin.py:151} INFO - [2023-11-02T10:40:49.728-0500] {dag.py:3722} INFO - Setting next_dagrun for example_python_operator to None, run_after=None
[2023-11-02T10:40:49.739-0500] {processor.py:179} INFO - Processing /Users/dimz/EconWizard/hermesvirtual/lib/python3.8/site-packages/airflow/example_dags/example_python_operator.py took 0.157 seconds
[2023-11-02T10:42:52.080-0500] {processor.py:157} INFO - Started process (PID=368) to work on /Users/dimz/EconWizard/hermesvirtual/lib/python3.8/site-packages/airflow/example_dags/example_python_operator.py
[2023-11-02T10:42:52.085-0500] {processor.py:829} INFO - Processing file /Users/dimz/EconWizard/hermesvirtual/lib/python3.8/site-packages/airflow/example_dags/example_python_operator.py for tasks to queue
[2023-11-02T10:42:52.085-0500] {logging_mixin.py:151} INFO - [2023-11-02T10:42:52.085-0500] {dagbag.py:536} INFO - Filling up the DagBag from /Users/dimz/EconWizard/hermesvirtual/lib/python3.8/site-packages/airflow/example_dags/example_python_operator.py
[2023-11-02T10:42:52.117-0500] {logging_mixin.py:151} INFO - [2023-11-02T10:42:52.116-0500] {example_python_operator.py:89} WARNING - The virtalenv_python example task requires virtualenv, please install it.
[2023-11-02T10:42:52.120-0500] {processor.py:839} INFO - DAG(s) dict_keys(['example_python_operator']) retrieved from /Users/dimz/EconWizard/hermesvirtual/lib/python3.8/site-packages/airflow/example_dags/example_python_operator.py
[2023-11-02T10:42:52.220-0500] {logging_mixin.py:151} INFO - [2023-11-02T10:42:52.220-0500] {dag.py:2941} INFO - Sync 1 DAGs
[2023-11-02T10:42:52.226-0500] {logging_mixin.py:151} INFO - [2023-11-02T10:42:52.226-0500] {dag.py:3722} INFO - Setting next_dagrun for example_python_operator to None, run_after=None
[2023-11-02T10:42:52.236-0500] {processor.py:179} INFO - Processing /Users/dimz/EconWizard/hermesvirtual/lib/python3.8/site-packages/airflow/example_dags/example_python_operator.py took 0.157 seconds
