[2023-11-01T21:36:14.274-0500] {processor.py:157} INFO - Started process (PID=87751) to work on /Users/dimz/EconWizard/hermesvirtual/lib/python3.8/site-packages/airflow/example_dags/example_dynamic_task_mapping_with_no_taskflow_operators.py
[2023-11-01T21:36:14.278-0500] {processor.py:829} INFO - Processing file /Users/dimz/EconWizard/hermesvirtual/lib/python3.8/site-packages/airflow/example_dags/example_dynamic_task_mapping_with_no_taskflow_operators.py for tasks to queue
[2023-11-01T21:36:14.279-0500] {logging_mixin.py:151} INFO - [2023-11-01T21:36:14.279-0500] {dagbag.py:536} INFO - Filling up the DagBag from /Users/dimz/EconWizard/hermesvirtual/lib/python3.8/site-packages/airflow/example_dags/example_dynamic_task_mapping_with_no_taskflow_operators.py
[2023-11-01T21:36:14.294-0500] {processor.py:839} INFO - DAG(s) dict_keys(['example_dynamic_task_mapping_with_no_taskflow_operators']) retrieved from /Users/dimz/EconWizard/hermesvirtual/lib/python3.8/site-packages/airflow/example_dags/example_dynamic_task_mapping_with_no_taskflow_operators.py
[2023-11-01T21:36:14.624-0500] {logging_mixin.py:151} INFO - [2023-11-01T21:36:14.623-0500] {manager.py:499} INFO - Created Permission View: %s
[2023-11-01T21:36:14.629-0500] {logging_mixin.py:151} INFO - [2023-11-01T21:36:14.628-0500] {manager.py:499} INFO - Created Permission View: %s
[2023-11-01T21:36:14.632-0500] {logging_mixin.py:151} INFO - [2023-11-01T21:36:14.631-0500] {manager.py:499} INFO - Created Permission View: %s
[2023-11-01T21:36:14.632-0500] {logging_mixin.py:151} INFO - [2023-11-01T21:36:14.632-0500] {dag.py:2941} INFO - Sync 1 DAGs
[2023-11-01T21:36:14.637-0500] {logging_mixin.py:151} INFO - [2023-11-01T21:36:14.637-0500] {dag.py:2963} INFO - Creating ORM DAG for example_dynamic_task_mapping_with_no_taskflow_operators
[2023-11-01T21:36:14.641-0500] {logging_mixin.py:151} INFO - [2023-11-01T21:36:14.641-0500] {dag.py:3722} INFO - Setting next_dagrun for example_dynamic_task_mapping_with_no_taskflow_operators to 2023-11-01T02:36:14.641755+00:00, run_after=2023-11-02T02:36:14.641755+00:00
[2023-11-01T21:36:14.650-0500] {processor.py:179} INFO - Processing /Users/dimz/EconWizard/hermesvirtual/lib/python3.8/site-packages/airflow/example_dags/example_dynamic_task_mapping_with_no_taskflow_operators.py took 0.376 seconds
[2023-11-01T21:38:07.726-0500] {processor.py:157} INFO - Started process (PID=87950) to work on /Users/dimz/EconWizard/hermesvirtual/lib/python3.8/site-packages/airflow/example_dags/example_dynamic_task_mapping_with_no_taskflow_operators.py
[2023-11-01T21:38:07.731-0500] {processor.py:829} INFO - Processing file /Users/dimz/EconWizard/hermesvirtual/lib/python3.8/site-packages/airflow/example_dags/example_dynamic_task_mapping_with_no_taskflow_operators.py for tasks to queue
[2023-11-01T21:38:07.731-0500] {logging_mixin.py:151} INFO - [2023-11-01T21:38:07.731-0500] {dagbag.py:536} INFO - Filling up the DagBag from /Users/dimz/EconWizard/hermesvirtual/lib/python3.8/site-packages/airflow/example_dags/example_dynamic_task_mapping_with_no_taskflow_operators.py
[2023-11-01T21:38:07.746-0500] {processor.py:839} INFO - DAG(s) dict_keys(['example_dynamic_task_mapping_with_no_taskflow_operators']) retrieved from /Users/dimz/EconWizard/hermesvirtual/lib/python3.8/site-packages/airflow/example_dags/example_dynamic_task_mapping_with_no_taskflow_operators.py
[2023-11-01T21:38:07.849-0500] {logging_mixin.py:151} INFO - [2023-11-01T21:38:07.849-0500] {dag.py:2941} INFO - Sync 1 DAGs
[2023-11-01T21:38:07.858-0500] {logging_mixin.py:151} INFO - [2023-11-01T21:38:07.858-0500] {dag.py:3722} INFO - Setting next_dagrun for example_dynamic_task_mapping_with_no_taskflow_operators to 2023-11-01T02:38:07.858056+00:00, run_after=2023-11-02T02:38:07.858056+00:00
[2023-11-01T21:38:07.868-0500] {processor.py:179} INFO - Processing /Users/dimz/EconWizard/hermesvirtual/lib/python3.8/site-packages/airflow/example_dags/example_dynamic_task_mapping_with_no_taskflow_operators.py took 0.142 seconds
[2023-11-01T21:40:03.077-0500] {processor.py:157} INFO - Started process (PID=88192) to work on /Users/dimz/EconWizard/hermesvirtual/lib/python3.8/site-packages/airflow/example_dags/example_dynamic_task_mapping_with_no_taskflow_operators.py
[2023-11-01T21:40:03.082-0500] {processor.py:829} INFO - Processing file /Users/dimz/EconWizard/hermesvirtual/lib/python3.8/site-packages/airflow/example_dags/example_dynamic_task_mapping_with_no_taskflow_operators.py for tasks to queue
[2023-11-01T21:40:03.082-0500] {logging_mixin.py:151} INFO - [2023-11-01T21:40:03.082-0500] {dagbag.py:536} INFO - Filling up the DagBag from /Users/dimz/EconWizard/hermesvirtual/lib/python3.8/site-packages/airflow/example_dags/example_dynamic_task_mapping_with_no_taskflow_operators.py
[2023-11-01T21:40:03.098-0500] {processor.py:839} INFO - DAG(s) dict_keys(['example_dynamic_task_mapping_with_no_taskflow_operators']) retrieved from /Users/dimz/EconWizard/hermesvirtual/lib/python3.8/site-packages/airflow/example_dags/example_dynamic_task_mapping_with_no_taskflow_operators.py
[2023-11-01T21:40:03.202-0500] {logging_mixin.py:151} INFO - [2023-11-01T21:40:03.202-0500] {dag.py:2941} INFO - Sync 1 DAGs
[2023-11-01T21:40:03.211-0500] {logging_mixin.py:151} INFO - [2023-11-01T21:40:03.211-0500] {dag.py:3722} INFO - Setting next_dagrun for example_dynamic_task_mapping_with_no_taskflow_operators to 2023-11-01T02:40:03.211595+00:00, run_after=2023-11-02T02:40:03.211595+00:00
[2023-11-01T21:40:03.222-0500] {processor.py:179} INFO - Processing /Users/dimz/EconWizard/hermesvirtual/lib/python3.8/site-packages/airflow/example_dags/example_dynamic_task_mapping_with_no_taskflow_operators.py took 0.145 seconds
[2023-11-01T21:42:00.080-0500] {processor.py:157} INFO - Started process (PID=88454) to work on /Users/dimz/EconWizard/hermesvirtual/lib/python3.8/site-packages/airflow/example_dags/example_dynamic_task_mapping_with_no_taskflow_operators.py
[2023-11-01T21:42:00.085-0500] {processor.py:829} INFO - Processing file /Users/dimz/EconWizard/hermesvirtual/lib/python3.8/site-packages/airflow/example_dags/example_dynamic_task_mapping_with_no_taskflow_operators.py for tasks to queue
[2023-11-01T21:42:00.085-0500] {logging_mixin.py:151} INFO - [2023-11-01T21:42:00.085-0500] {dagbag.py:536} INFO - Filling up the DagBag from /Users/dimz/EconWizard/hermesvirtual/lib/python3.8/site-packages/airflow/example_dags/example_dynamic_task_mapping_with_no_taskflow_operators.py
[2023-11-01T21:42:00.101-0500] {processor.py:839} INFO - DAG(s) dict_keys(['example_dynamic_task_mapping_with_no_taskflow_operators']) retrieved from /Users/dimz/EconWizard/hermesvirtual/lib/python3.8/site-packages/airflow/example_dags/example_dynamic_task_mapping_with_no_taskflow_operators.py
[2023-11-01T21:42:00.204-0500] {logging_mixin.py:151} INFO - [2023-11-01T21:42:00.203-0500] {dag.py:2941} INFO - Sync 1 DAGs
[2023-11-01T21:42:00.213-0500] {logging_mixin.py:151} INFO - [2023-11-01T21:42:00.212-0500] {dag.py:3722} INFO - Setting next_dagrun for example_dynamic_task_mapping_with_no_taskflow_operators to 2023-11-01T02:42:00.212859+00:00, run_after=2023-11-02T02:42:00.212859+00:00
[2023-11-01T21:42:00.223-0500] {processor.py:179} INFO - Processing /Users/dimz/EconWizard/hermesvirtual/lib/python3.8/site-packages/airflow/example_dags/example_dynamic_task_mapping_with_no_taskflow_operators.py took 0.143 seconds
[2023-11-01T21:43:51.363-0500] {processor.py:157} INFO - Started process (PID=88681) to work on /Users/dimz/EconWizard/hermesvirtual/lib/python3.8/site-packages/airflow/example_dags/example_dynamic_task_mapping_with_no_taskflow_operators.py
[2023-11-01T21:43:51.368-0500] {processor.py:829} INFO - Processing file /Users/dimz/EconWizard/hermesvirtual/lib/python3.8/site-packages/airflow/example_dags/example_dynamic_task_mapping_with_no_taskflow_operators.py for tasks to queue
[2023-11-01T21:43:51.368-0500] {logging_mixin.py:151} INFO - [2023-11-01T21:43:51.368-0500] {dagbag.py:536} INFO - Filling up the DagBag from /Users/dimz/EconWizard/hermesvirtual/lib/python3.8/site-packages/airflow/example_dags/example_dynamic_task_mapping_with_no_taskflow_operators.py
[2023-11-01T21:43:51.386-0500] {processor.py:839} INFO - DAG(s) dict_keys(['example_dynamic_task_mapping_with_no_taskflow_operators']) retrieved from /Users/dimz/EconWizard/hermesvirtual/lib/python3.8/site-packages/airflow/example_dags/example_dynamic_task_mapping_with_no_taskflow_operators.py
[2023-11-01T21:43:51.505-0500] {logging_mixin.py:151} INFO - [2023-11-01T21:43:51.505-0500] {dag.py:2941} INFO - Sync 1 DAGs
[2023-11-01T21:43:51.517-0500] {logging_mixin.py:151} INFO - [2023-11-01T21:43:51.516-0500] {dag.py:3722} INFO - Setting next_dagrun for example_dynamic_task_mapping_with_no_taskflow_operators to 2023-11-01T02:43:51.516760+00:00, run_after=2023-11-02T02:43:51.516760+00:00
[2023-11-01T21:43:51.532-0500] {processor.py:179} INFO - Processing /Users/dimz/EconWizard/hermesvirtual/lib/python3.8/site-packages/airflow/example_dags/example_dynamic_task_mapping_with_no_taskflow_operators.py took 0.170 seconds
[2023-11-01T21:45:53.796-0500] {processor.py:157} INFO - Started process (PID=88849) to work on /Users/dimz/EconWizard/hermesvirtual/lib/python3.8/site-packages/airflow/example_dags/example_dynamic_task_mapping_with_no_taskflow_operators.py
[2023-11-01T21:45:53.801-0500] {processor.py:829} INFO - Processing file /Users/dimz/EconWizard/hermesvirtual/lib/python3.8/site-packages/airflow/example_dags/example_dynamic_task_mapping_with_no_taskflow_operators.py for tasks to queue
[2023-11-01T21:45:53.802-0500] {logging_mixin.py:151} INFO - [2023-11-01T21:45:53.802-0500] {dagbag.py:536} INFO - Filling up the DagBag from /Users/dimz/EconWizard/hermesvirtual/lib/python3.8/site-packages/airflow/example_dags/example_dynamic_task_mapping_with_no_taskflow_operators.py
[2023-11-01T21:45:53.817-0500] {processor.py:839} INFO - DAG(s) dict_keys(['example_dynamic_task_mapping_with_no_taskflow_operators']) retrieved from /Users/dimz/EconWizard/hermesvirtual/lib/python3.8/site-packages/airflow/example_dags/example_dynamic_task_mapping_with_no_taskflow_operators.py
[2023-11-01T21:45:53.922-0500] {logging_mixin.py:151} INFO - [2023-11-01T21:45:53.922-0500] {dag.py:2941} INFO - Sync 1 DAGs
[2023-11-01T21:45:53.931-0500] {logging_mixin.py:151} INFO - [2023-11-01T21:45:53.931-0500] {dag.py:3722} INFO - Setting next_dagrun for example_dynamic_task_mapping_with_no_taskflow_operators to 2023-11-01T02:45:53.931328+00:00, run_after=2023-11-02T02:45:53.931328+00:00
[2023-11-01T21:45:53.941-0500] {processor.py:179} INFO - Processing /Users/dimz/EconWizard/hermesvirtual/lib/python3.8/site-packages/airflow/example_dags/example_dynamic_task_mapping_with_no_taskflow_operators.py took 0.145 seconds
[2023-11-01T21:47:56.297-0500] {processor.py:157} INFO - Started process (PID=89102) to work on /Users/dimz/EconWizard/hermesvirtual/lib/python3.8/site-packages/airflow/example_dags/example_dynamic_task_mapping_with_no_taskflow_operators.py
[2023-11-01T21:47:56.302-0500] {processor.py:829} INFO - Processing file /Users/dimz/EconWizard/hermesvirtual/lib/python3.8/site-packages/airflow/example_dags/example_dynamic_task_mapping_with_no_taskflow_operators.py for tasks to queue
[2023-11-01T21:47:56.303-0500] {logging_mixin.py:151} INFO - [2023-11-01T21:47:56.302-0500] {dagbag.py:536} INFO - Filling up the DagBag from /Users/dimz/EconWizard/hermesvirtual/lib/python3.8/site-packages/airflow/example_dags/example_dynamic_task_mapping_with_no_taskflow_operators.py
[2023-11-01T21:47:56.318-0500] {processor.py:839} INFO - DAG(s) dict_keys(['example_dynamic_task_mapping_with_no_taskflow_operators']) retrieved from /Users/dimz/EconWizard/hermesvirtual/lib/python3.8/site-packages/airflow/example_dags/example_dynamic_task_mapping_with_no_taskflow_operators.py
[2023-11-01T21:47:56.423-0500] {logging_mixin.py:151} INFO - [2023-11-01T21:47:56.423-0500] {dag.py:2941} INFO - Sync 1 DAGs
[2023-11-01T21:47:56.432-0500] {logging_mixin.py:151} INFO - [2023-11-01T21:47:56.432-0500] {dag.py:3722} INFO - Setting next_dagrun for example_dynamic_task_mapping_with_no_taskflow_operators to 2023-11-01T02:47:56.432482+00:00, run_after=2023-11-02T02:47:56.432482+00:00
[2023-11-01T21:47:56.442-0500] {processor.py:179} INFO - Processing /Users/dimz/EconWizard/hermesvirtual/lib/python3.8/site-packages/airflow/example_dags/example_dynamic_task_mapping_with_no_taskflow_operators.py took 0.145 seconds
[2023-11-01T21:49:55.865-0500] {processor.py:157} INFO - Started process (PID=89265) to work on /Users/dimz/EconWizard/hermesvirtual/lib/python3.8/site-packages/airflow/example_dags/example_dynamic_task_mapping_with_no_taskflow_operators.py
[2023-11-01T21:49:55.870-0500] {processor.py:829} INFO - Processing file /Users/dimz/EconWizard/hermesvirtual/lib/python3.8/site-packages/airflow/example_dags/example_dynamic_task_mapping_with_no_taskflow_operators.py for tasks to queue
[2023-11-01T21:49:55.871-0500] {logging_mixin.py:151} INFO - [2023-11-01T21:49:55.871-0500] {dagbag.py:536} INFO - Filling up the DagBag from /Users/dimz/EconWizard/hermesvirtual/lib/python3.8/site-packages/airflow/example_dags/example_dynamic_task_mapping_with_no_taskflow_operators.py
[2023-11-01T21:49:55.886-0500] {processor.py:839} INFO - DAG(s) dict_keys(['example_dynamic_task_mapping_with_no_taskflow_operators']) retrieved from /Users/dimz/EconWizard/hermesvirtual/lib/python3.8/site-packages/airflow/example_dags/example_dynamic_task_mapping_with_no_taskflow_operators.py
[2023-11-01T21:49:55.989-0500] {logging_mixin.py:151} INFO - [2023-11-01T21:49:55.988-0500] {dag.py:2941} INFO - Sync 1 DAGs
[2023-11-01T21:49:55.997-0500] {logging_mixin.py:151} INFO - [2023-11-01T21:49:55.997-0500] {dag.py:3722} INFO - Setting next_dagrun for example_dynamic_task_mapping_with_no_taskflow_operators to 2023-11-01T02:49:55.997723+00:00, run_after=2023-11-02T02:49:55.997723+00:00
[2023-11-01T21:49:56.007-0500] {processor.py:179} INFO - Processing /Users/dimz/EconWizard/hermesvirtual/lib/python3.8/site-packages/airflow/example_dags/example_dynamic_task_mapping_with_no_taskflow_operators.py took 0.143 seconds
[2023-11-01T21:51:54.691-0500] {processor.py:157} INFO - Started process (PID=89417) to work on /Users/dimz/EconWizard/hermesvirtual/lib/python3.8/site-packages/airflow/example_dags/example_dynamic_task_mapping_with_no_taskflow_operators.py
[2023-11-01T21:51:54.696-0500] {processor.py:829} INFO - Processing file /Users/dimz/EconWizard/hermesvirtual/lib/python3.8/site-packages/airflow/example_dags/example_dynamic_task_mapping_with_no_taskflow_operators.py for tasks to queue
[2023-11-01T21:51:54.696-0500] {logging_mixin.py:151} INFO - [2023-11-01T21:51:54.696-0500] {dagbag.py:536} INFO - Filling up the DagBag from /Users/dimz/EconWizard/hermesvirtual/lib/python3.8/site-packages/airflow/example_dags/example_dynamic_task_mapping_with_no_taskflow_operators.py
[2023-11-01T21:51:54.712-0500] {processor.py:839} INFO - DAG(s) dict_keys(['example_dynamic_task_mapping_with_no_taskflow_operators']) retrieved from /Users/dimz/EconWizard/hermesvirtual/lib/python3.8/site-packages/airflow/example_dags/example_dynamic_task_mapping_with_no_taskflow_operators.py
[2023-11-01T21:51:54.816-0500] {logging_mixin.py:151} INFO - [2023-11-01T21:51:54.816-0500] {dag.py:2941} INFO - Sync 1 DAGs
[2023-11-01T21:51:54.825-0500] {logging_mixin.py:151} INFO - [2023-11-01T21:51:54.825-0500] {dag.py:3722} INFO - Setting next_dagrun for example_dynamic_task_mapping_with_no_taskflow_operators to 2023-11-01T02:51:54.825648+00:00, run_after=2023-11-02T02:51:54.825648+00:00
[2023-11-01T21:51:54.836-0500] {processor.py:179} INFO - Processing /Users/dimz/EconWizard/hermesvirtual/lib/python3.8/site-packages/airflow/example_dags/example_dynamic_task_mapping_with_no_taskflow_operators.py took 0.145 seconds
[2023-11-01T21:53:50.802-0500] {processor.py:157} INFO - Started process (PID=89600) to work on /Users/dimz/EconWizard/hermesvirtual/lib/python3.8/site-packages/airflow/example_dags/example_dynamic_task_mapping_with_no_taskflow_operators.py
[2023-11-01T21:53:50.807-0500] {processor.py:829} INFO - Processing file /Users/dimz/EconWizard/hermesvirtual/lib/python3.8/site-packages/airflow/example_dags/example_dynamic_task_mapping_with_no_taskflow_operators.py for tasks to queue
[2023-11-01T21:53:50.808-0500] {logging_mixin.py:151} INFO - [2023-11-01T21:53:50.808-0500] {dagbag.py:536} INFO - Filling up the DagBag from /Users/dimz/EconWizard/hermesvirtual/lib/python3.8/site-packages/airflow/example_dags/example_dynamic_task_mapping_with_no_taskflow_operators.py
[2023-11-01T21:53:50.827-0500] {processor.py:839} INFO - DAG(s) dict_keys(['example_dynamic_task_mapping_with_no_taskflow_operators']) retrieved from /Users/dimz/EconWizard/hermesvirtual/lib/python3.8/site-packages/airflow/example_dags/example_dynamic_task_mapping_with_no_taskflow_operators.py
[2023-11-01T21:53:50.935-0500] {logging_mixin.py:151} INFO - [2023-11-01T21:53:50.935-0500] {dag.py:2941} INFO - Sync 1 DAGs
[2023-11-01T21:53:50.944-0500] {logging_mixin.py:151} INFO - [2023-11-01T21:53:50.944-0500] {dag.py:3722} INFO - Setting next_dagrun for example_dynamic_task_mapping_with_no_taskflow_operators to 2023-11-01T02:53:50.944481+00:00, run_after=2023-11-02T02:53:50.944481+00:00
[2023-11-01T21:53:50.955-0500] {processor.py:179} INFO - Processing /Users/dimz/EconWizard/hermesvirtual/lib/python3.8/site-packages/airflow/example_dags/example_dynamic_task_mapping_with_no_taskflow_operators.py took 0.154 seconds
[2023-11-01T21:55:52.774-0500] {processor.py:157} INFO - Started process (PID=89757) to work on /Users/dimz/EconWizard/hermesvirtual/lib/python3.8/site-packages/airflow/example_dags/example_dynamic_task_mapping_with_no_taskflow_operators.py
[2023-11-01T21:55:52.779-0500] {processor.py:829} INFO - Processing file /Users/dimz/EconWizard/hermesvirtual/lib/python3.8/site-packages/airflow/example_dags/example_dynamic_task_mapping_with_no_taskflow_operators.py for tasks to queue
[2023-11-01T21:55:52.779-0500] {logging_mixin.py:151} INFO - [2023-11-01T21:55:52.779-0500] {dagbag.py:536} INFO - Filling up the DagBag from /Users/dimz/EconWizard/hermesvirtual/lib/python3.8/site-packages/airflow/example_dags/example_dynamic_task_mapping_with_no_taskflow_operators.py
[2023-11-01T21:55:52.794-0500] {processor.py:839} INFO - DAG(s) dict_keys(['example_dynamic_task_mapping_with_no_taskflow_operators']) retrieved from /Users/dimz/EconWizard/hermesvirtual/lib/python3.8/site-packages/airflow/example_dags/example_dynamic_task_mapping_with_no_taskflow_operators.py
[2023-11-01T21:55:52.896-0500] {logging_mixin.py:151} INFO - [2023-11-01T21:55:52.896-0500] {dag.py:2941} INFO - Sync 1 DAGs
[2023-11-01T21:55:52.905-0500] {logging_mixin.py:151} INFO - [2023-11-01T21:55:52.905-0500] {dag.py:3722} INFO - Setting next_dagrun for example_dynamic_task_mapping_with_no_taskflow_operators to 2023-11-01T02:55:52.905279+00:00, run_after=2023-11-02T02:55:52.905279+00:00
[2023-11-01T21:55:52.915-0500] {processor.py:179} INFO - Processing /Users/dimz/EconWizard/hermesvirtual/lib/python3.8/site-packages/airflow/example_dags/example_dynamic_task_mapping_with_no_taskflow_operators.py took 0.142 seconds
[2023-11-01T21:57:48.507-0500] {processor.py:157} INFO - Started process (PID=89975) to work on /Users/dimz/EconWizard/hermesvirtual/lib/python3.8/site-packages/airflow/example_dags/example_dynamic_task_mapping_with_no_taskflow_operators.py
[2023-11-01T21:57:48.512-0500] {processor.py:829} INFO - Processing file /Users/dimz/EconWizard/hermesvirtual/lib/python3.8/site-packages/airflow/example_dags/example_dynamic_task_mapping_with_no_taskflow_operators.py for tasks to queue
[2023-11-01T21:57:48.513-0500] {logging_mixin.py:151} INFO - [2023-11-01T21:57:48.513-0500] {dagbag.py:536} INFO - Filling up the DagBag from /Users/dimz/EconWizard/hermesvirtual/lib/python3.8/site-packages/airflow/example_dags/example_dynamic_task_mapping_with_no_taskflow_operators.py
[2023-11-01T21:57:48.529-0500] {processor.py:839} INFO - DAG(s) dict_keys(['example_dynamic_task_mapping_with_no_taskflow_operators']) retrieved from /Users/dimz/EconWizard/hermesvirtual/lib/python3.8/site-packages/airflow/example_dags/example_dynamic_task_mapping_with_no_taskflow_operators.py
[2023-11-01T21:57:48.643-0500] {logging_mixin.py:151} INFO - [2023-11-01T21:57:48.643-0500] {dag.py:2941} INFO - Sync 1 DAGs
[2023-11-01T21:57:48.653-0500] {logging_mixin.py:151} INFO - [2023-11-01T21:57:48.653-0500] {dag.py:3722} INFO - Setting next_dagrun for example_dynamic_task_mapping_with_no_taskflow_operators to 2023-11-01T02:57:48.653027+00:00, run_after=2023-11-02T02:57:48.653027+00:00
[2023-11-01T21:57:48.664-0500] {processor.py:179} INFO - Processing /Users/dimz/EconWizard/hermesvirtual/lib/python3.8/site-packages/airflow/example_dags/example_dynamic_task_mapping_with_no_taskflow_operators.py took 0.157 seconds
[2023-11-01T21:59:49.201-0500] {processor.py:157} INFO - Started process (PID=90112) to work on /Users/dimz/EconWizard/hermesvirtual/lib/python3.8/site-packages/airflow/example_dags/example_dynamic_task_mapping_with_no_taskflow_operators.py
[2023-11-01T21:59:49.206-0500] {processor.py:829} INFO - Processing file /Users/dimz/EconWizard/hermesvirtual/lib/python3.8/site-packages/airflow/example_dags/example_dynamic_task_mapping_with_no_taskflow_operators.py for tasks to queue
[2023-11-01T21:59:49.206-0500] {logging_mixin.py:151} INFO - [2023-11-01T21:59:49.206-0500] {dagbag.py:536} INFO - Filling up the DagBag from /Users/dimz/EconWizard/hermesvirtual/lib/python3.8/site-packages/airflow/example_dags/example_dynamic_task_mapping_with_no_taskflow_operators.py
[2023-11-01T21:59:49.222-0500] {processor.py:839} INFO - DAG(s) dict_keys(['example_dynamic_task_mapping_with_no_taskflow_operators']) retrieved from /Users/dimz/EconWizard/hermesvirtual/lib/python3.8/site-packages/airflow/example_dags/example_dynamic_task_mapping_with_no_taskflow_operators.py
[2023-11-01T21:59:49.328-0500] {logging_mixin.py:151} INFO - [2023-11-01T21:59:49.328-0500] {dag.py:2941} INFO - Sync 1 DAGs
[2023-11-01T21:59:49.337-0500] {logging_mixin.py:151} INFO - [2023-11-01T21:59:49.337-0500] {dag.py:3722} INFO - Setting next_dagrun for example_dynamic_task_mapping_with_no_taskflow_operators to 2023-11-01T02:59:49.337701+00:00, run_after=2023-11-02T02:59:49.337701+00:00
[2023-11-01T21:59:49.349-0500] {processor.py:179} INFO - Processing /Users/dimz/EconWizard/hermesvirtual/lib/python3.8/site-packages/airflow/example_dags/example_dynamic_task_mapping_with_no_taskflow_operators.py took 0.148 seconds
[2023-11-01T22:01:52.342-0500] {processor.py:157} INFO - Started process (PID=90291) to work on /Users/dimz/EconWizard/hermesvirtual/lib/python3.8/site-packages/airflow/example_dags/example_dynamic_task_mapping_with_no_taskflow_operators.py
[2023-11-01T22:01:52.347-0500] {processor.py:829} INFO - Processing file /Users/dimz/EconWizard/hermesvirtual/lib/python3.8/site-packages/airflow/example_dags/example_dynamic_task_mapping_with_no_taskflow_operators.py for tasks to queue
[2023-11-01T22:01:52.347-0500] {logging_mixin.py:151} INFO - [2023-11-01T22:01:52.347-0500] {dagbag.py:536} INFO - Filling up the DagBag from /Users/dimz/EconWizard/hermesvirtual/lib/python3.8/site-packages/airflow/example_dags/example_dynamic_task_mapping_with_no_taskflow_operators.py
[2023-11-01T22:01:52.362-0500] {processor.py:839} INFO - DAG(s) dict_keys(['example_dynamic_task_mapping_with_no_taskflow_operators']) retrieved from /Users/dimz/EconWizard/hermesvirtual/lib/python3.8/site-packages/airflow/example_dags/example_dynamic_task_mapping_with_no_taskflow_operators.py
[2023-11-01T22:01:52.465-0500] {logging_mixin.py:151} INFO - [2023-11-01T22:01:52.465-0500] {dag.py:2941} INFO - Sync 1 DAGs
[2023-11-01T22:01:52.474-0500] {logging_mixin.py:151} INFO - [2023-11-01T22:01:52.474-0500] {dag.py:3722} INFO - Setting next_dagrun for example_dynamic_task_mapping_with_no_taskflow_operators to 2023-11-01T03:01:52.474251+00:00, run_after=2023-11-02T03:01:52.474251+00:00
[2023-11-01T22:01:52.484-0500] {processor.py:179} INFO - Processing /Users/dimz/EconWizard/hermesvirtual/lib/python3.8/site-packages/airflow/example_dags/example_dynamic_task_mapping_with_no_taskflow_operators.py took 0.143 seconds
[2023-11-01T22:03:52.915-0500] {processor.py:157} INFO - Started process (PID=90460) to work on /Users/dimz/EconWizard/hermesvirtual/lib/python3.8/site-packages/airflow/example_dags/example_dynamic_task_mapping_with_no_taskflow_operators.py
[2023-11-01T22:03:52.920-0500] {processor.py:829} INFO - Processing file /Users/dimz/EconWizard/hermesvirtual/lib/python3.8/site-packages/airflow/example_dags/example_dynamic_task_mapping_with_no_taskflow_operators.py for tasks to queue
[2023-11-01T22:03:52.921-0500] {logging_mixin.py:151} INFO - [2023-11-01T22:03:52.921-0500] {dagbag.py:536} INFO - Filling up the DagBag from /Users/dimz/EconWizard/hermesvirtual/lib/python3.8/site-packages/airflow/example_dags/example_dynamic_task_mapping_with_no_taskflow_operators.py
[2023-11-01T22:03:52.936-0500] {processor.py:839} INFO - DAG(s) dict_keys(['example_dynamic_task_mapping_with_no_taskflow_operators']) retrieved from /Users/dimz/EconWizard/hermesvirtual/lib/python3.8/site-packages/airflow/example_dags/example_dynamic_task_mapping_with_no_taskflow_operators.py
[2023-11-01T22:03:53.038-0500] {logging_mixin.py:151} INFO - [2023-11-01T22:03:53.038-0500] {dag.py:2941} INFO - Sync 1 DAGs
[2023-11-01T22:03:53.047-0500] {logging_mixin.py:151} INFO - [2023-11-01T22:03:53.047-0500] {dag.py:3722} INFO - Setting next_dagrun for example_dynamic_task_mapping_with_no_taskflow_operators to 2023-11-01T03:03:53.047582+00:00, run_after=2023-11-02T03:03:53.047582+00:00
[2023-11-01T22:03:53.058-0500] {processor.py:179} INFO - Processing /Users/dimz/EconWizard/hermesvirtual/lib/python3.8/site-packages/airflow/example_dags/example_dynamic_task_mapping_with_no_taskflow_operators.py took 0.143 seconds
[2023-11-01T22:05:44.855-0500] {processor.py:157} INFO - Started process (PID=90680) to work on /Users/dimz/EconWizard/hermesvirtual/lib/python3.8/site-packages/airflow/example_dags/example_dynamic_task_mapping_with_no_taskflow_operators.py
[2023-11-01T22:05:44.859-0500] {processor.py:829} INFO - Processing file /Users/dimz/EconWizard/hermesvirtual/lib/python3.8/site-packages/airflow/example_dags/example_dynamic_task_mapping_with_no_taskflow_operators.py for tasks to queue
[2023-11-01T22:05:44.860-0500] {logging_mixin.py:151} INFO - [2023-11-01T22:05:44.860-0500] {dagbag.py:536} INFO - Filling up the DagBag from /Users/dimz/EconWizard/hermesvirtual/lib/python3.8/site-packages/airflow/example_dags/example_dynamic_task_mapping_with_no_taskflow_operators.py
[2023-11-01T22:05:44.875-0500] {processor.py:839} INFO - DAG(s) dict_keys(['example_dynamic_task_mapping_with_no_taskflow_operators']) retrieved from /Users/dimz/EconWizard/hermesvirtual/lib/python3.8/site-packages/airflow/example_dags/example_dynamic_task_mapping_with_no_taskflow_operators.py
[2023-11-01T22:05:44.977-0500] {logging_mixin.py:151} INFO - [2023-11-01T22:05:44.977-0500] {dag.py:2941} INFO - Sync 1 DAGs
[2023-11-01T22:05:44.986-0500] {logging_mixin.py:151} INFO - [2023-11-01T22:05:44.986-0500] {dag.py:3722} INFO - Setting next_dagrun for example_dynamic_task_mapping_with_no_taskflow_operators to 2023-11-01T03:05:44.986062+00:00, run_after=2023-11-02T03:05:44.986062+00:00
[2023-11-01T22:05:44.995-0500] {processor.py:179} INFO - Processing /Users/dimz/EconWizard/hermesvirtual/lib/python3.8/site-packages/airflow/example_dags/example_dynamic_task_mapping_with_no_taskflow_operators.py took 0.141 seconds
[2023-11-01T22:07:51.761-0500] {processor.py:157} INFO - Started process (PID=90904) to work on /Users/dimz/EconWizard/hermesvirtual/lib/python3.8/site-packages/airflow/example_dags/example_dynamic_task_mapping_with_no_taskflow_operators.py
[2023-11-01T22:07:51.767-0500] {processor.py:829} INFO - Processing file /Users/dimz/EconWizard/hermesvirtual/lib/python3.8/site-packages/airflow/example_dags/example_dynamic_task_mapping_with_no_taskflow_operators.py for tasks to queue
[2023-11-01T22:07:51.768-0500] {logging_mixin.py:151} INFO - [2023-11-01T22:07:51.768-0500] {dagbag.py:536} INFO - Filling up the DagBag from /Users/dimz/EconWizard/hermesvirtual/lib/python3.8/site-packages/airflow/example_dags/example_dynamic_task_mapping_with_no_taskflow_operators.py
[2023-11-01T22:07:51.788-0500] {processor.py:839} INFO - DAG(s) dict_keys(['example_dynamic_task_mapping_with_no_taskflow_operators']) retrieved from /Users/dimz/EconWizard/hermesvirtual/lib/python3.8/site-packages/airflow/example_dags/example_dynamic_task_mapping_with_no_taskflow_operators.py
[2023-11-01T22:07:51.899-0500] {logging_mixin.py:151} INFO - [2023-11-01T22:07:51.899-0500] {dag.py:2941} INFO - Sync 1 DAGs
[2023-11-01T22:07:51.908-0500] {logging_mixin.py:151} INFO - [2023-11-01T22:07:51.908-0500] {dag.py:3722} INFO - Setting next_dagrun for example_dynamic_task_mapping_with_no_taskflow_operators to 2023-11-01T03:07:51.908484+00:00, run_after=2023-11-02T03:07:51.908484+00:00
[2023-11-01T22:07:51.919-0500] {processor.py:179} INFO - Processing /Users/dimz/EconWizard/hermesvirtual/lib/python3.8/site-packages/airflow/example_dags/example_dynamic_task_mapping_with_no_taskflow_operators.py took 0.158 seconds
[2023-11-01T22:13:43.455-0500] {processor.py:157} INFO - Started process (PID=91481) to work on /Users/dimz/EconWizard/hermesvirtual/lib/python3.8/site-packages/airflow/example_dags/example_dynamic_task_mapping_with_no_taskflow_operators.py
[2023-11-01T22:13:43.461-0500] {processor.py:829} INFO - Processing file /Users/dimz/EconWizard/hermesvirtual/lib/python3.8/site-packages/airflow/example_dags/example_dynamic_task_mapping_with_no_taskflow_operators.py for tasks to queue
[2023-11-01T22:13:43.461-0500] {logging_mixin.py:151} INFO - [2023-11-01T22:13:43.461-0500] {dagbag.py:536} INFO - Filling up the DagBag from /Users/dimz/EconWizard/hermesvirtual/lib/python3.8/site-packages/airflow/example_dags/example_dynamic_task_mapping_with_no_taskflow_operators.py
[2023-11-01T22:13:43.478-0500] {processor.py:839} INFO - DAG(s) dict_keys(['example_dynamic_task_mapping_with_no_taskflow_operators']) retrieved from /Users/dimz/EconWizard/hermesvirtual/lib/python3.8/site-packages/airflow/example_dags/example_dynamic_task_mapping_with_no_taskflow_operators.py
[2023-11-01T22:13:43.855-0500] {logging_mixin.py:151} INFO - [2023-11-01T22:13:43.854-0500] {dag.py:2941} INFO - Sync 1 DAGs
[2023-11-01T22:13:43.865-0500] {logging_mixin.py:151} INFO - [2023-11-01T22:13:43.865-0500] {dag.py:3722} INFO - Setting next_dagrun for example_dynamic_task_mapping_with_no_taskflow_operators to 2023-11-01T03:13:43.865027+00:00, run_after=2023-11-02T03:13:43.865027+00:00
[2023-11-01T22:13:43.878-0500] {processor.py:179} INFO - Processing /Users/dimz/EconWizard/hermesvirtual/lib/python3.8/site-packages/airflow/example_dags/example_dynamic_task_mapping_with_no_taskflow_operators.py took 0.423 seconds
[2023-11-01T22:15:46.132-0500] {processor.py:157} INFO - Started process (PID=91671) to work on /Users/dimz/EconWizard/hermesvirtual/lib/python3.8/site-packages/airflow/example_dags/example_dynamic_task_mapping_with_no_taskflow_operators.py
[2023-11-01T22:15:46.137-0500] {processor.py:829} INFO - Processing file /Users/dimz/EconWizard/hermesvirtual/lib/python3.8/site-packages/airflow/example_dags/example_dynamic_task_mapping_with_no_taskflow_operators.py for tasks to queue
[2023-11-01T22:15:46.137-0500] {logging_mixin.py:151} INFO - [2023-11-01T22:15:46.137-0500] {dagbag.py:536} INFO - Filling up the DagBag from /Users/dimz/EconWizard/hermesvirtual/lib/python3.8/site-packages/airflow/example_dags/example_dynamic_task_mapping_with_no_taskflow_operators.py
[2023-11-01T22:15:46.153-0500] {processor.py:839} INFO - DAG(s) dict_keys(['example_dynamic_task_mapping_with_no_taskflow_operators']) retrieved from /Users/dimz/EconWizard/hermesvirtual/lib/python3.8/site-packages/airflow/example_dags/example_dynamic_task_mapping_with_no_taskflow_operators.py
[2023-11-01T22:15:46.255-0500] {logging_mixin.py:151} INFO - [2023-11-01T22:15:46.254-0500] {dag.py:2941} INFO - Sync 1 DAGs
[2023-11-01T22:15:46.263-0500] {logging_mixin.py:151} INFO - [2023-11-01T22:15:46.263-0500] {dag.py:3722} INFO - Setting next_dagrun for example_dynamic_task_mapping_with_no_taskflow_operators to 2023-11-01T03:15:46.263715+00:00, run_after=2023-11-02T03:15:46.263715+00:00
[2023-11-01T22:15:46.274-0500] {processor.py:179} INFO - Processing /Users/dimz/EconWizard/hermesvirtual/lib/python3.8/site-packages/airflow/example_dags/example_dynamic_task_mapping_with_no_taskflow_operators.py took 0.142 seconds
[2023-11-01T22:17:45.154-0500] {processor.py:157} INFO - Started process (PID=91953) to work on /Users/dimz/EconWizard/hermesvirtual/lib/python3.8/site-packages/airflow/example_dags/example_dynamic_task_mapping_with_no_taskflow_operators.py
[2023-11-01T22:17:45.159-0500] {processor.py:829} INFO - Processing file /Users/dimz/EconWizard/hermesvirtual/lib/python3.8/site-packages/airflow/example_dags/example_dynamic_task_mapping_with_no_taskflow_operators.py for tasks to queue
[2023-11-01T22:17:45.160-0500] {logging_mixin.py:151} INFO - [2023-11-01T22:17:45.160-0500] {dagbag.py:536} INFO - Filling up the DagBag from /Users/dimz/EconWizard/hermesvirtual/lib/python3.8/site-packages/airflow/example_dags/example_dynamic_task_mapping_with_no_taskflow_operators.py
[2023-11-01T22:17:45.175-0500] {processor.py:839} INFO - DAG(s) dict_keys(['example_dynamic_task_mapping_with_no_taskflow_operators']) retrieved from /Users/dimz/EconWizard/hermesvirtual/lib/python3.8/site-packages/airflow/example_dags/example_dynamic_task_mapping_with_no_taskflow_operators.py
[2023-11-01T22:17:45.283-0500] {logging_mixin.py:151} INFO - [2023-11-01T22:17:45.283-0500] {dag.py:2941} INFO - Sync 1 DAGs
[2023-11-01T22:17:45.293-0500] {logging_mixin.py:151} INFO - [2023-11-01T22:17:45.293-0500] {dag.py:3722} INFO - Setting next_dagrun for example_dynamic_task_mapping_with_no_taskflow_operators to 2023-11-01T03:17:45.292960+00:00, run_after=2023-11-02T03:17:45.292960+00:00
[2023-11-01T22:17:45.303-0500] {processor.py:179} INFO - Processing /Users/dimz/EconWizard/hermesvirtual/lib/python3.8/site-packages/airflow/example_dags/example_dynamic_task_mapping_with_no_taskflow_operators.py took 0.150 seconds
[2023-11-01T22:19:40.251-0500] {processor.py:157} INFO - Started process (PID=92226) to work on /Users/dimz/EconWizard/hermesvirtual/lib/python3.8/site-packages/airflow/example_dags/example_dynamic_task_mapping_with_no_taskflow_operators.py
[2023-11-01T22:19:40.256-0500] {processor.py:829} INFO - Processing file /Users/dimz/EconWizard/hermesvirtual/lib/python3.8/site-packages/airflow/example_dags/example_dynamic_task_mapping_with_no_taskflow_operators.py for tasks to queue
[2023-11-01T22:19:40.256-0500] {logging_mixin.py:151} INFO - [2023-11-01T22:19:40.256-0500] {dagbag.py:536} INFO - Filling up the DagBag from /Users/dimz/EconWizard/hermesvirtual/lib/python3.8/site-packages/airflow/example_dags/example_dynamic_task_mapping_with_no_taskflow_operators.py
[2023-11-01T22:19:40.272-0500] {processor.py:839} INFO - DAG(s) dict_keys(['example_dynamic_task_mapping_with_no_taskflow_operators']) retrieved from /Users/dimz/EconWizard/hermesvirtual/lib/python3.8/site-packages/airflow/example_dags/example_dynamic_task_mapping_with_no_taskflow_operators.py
[2023-11-01T22:19:40.375-0500] {logging_mixin.py:151} INFO - [2023-11-01T22:19:40.375-0500] {dag.py:2941} INFO - Sync 1 DAGs
[2023-11-01T22:19:40.384-0500] {logging_mixin.py:151} INFO - [2023-11-01T22:19:40.384-0500] {dag.py:3722} INFO - Setting next_dagrun for example_dynamic_task_mapping_with_no_taskflow_operators to 2023-11-01T03:19:40.384211+00:00, run_after=2023-11-02T03:19:40.384211+00:00
[2023-11-01T22:19:40.394-0500] {processor.py:179} INFO - Processing /Users/dimz/EconWizard/hermesvirtual/lib/python3.8/site-packages/airflow/example_dags/example_dynamic_task_mapping_with_no_taskflow_operators.py took 0.144 seconds
[2023-11-01T22:21:28.983-0500] {processor.py:157} INFO - Started process (PID=92498) to work on /Users/dimz/EconWizard/hermesvirtual/lib/python3.8/site-packages/airflow/example_dags/example_dynamic_task_mapping_with_no_taskflow_operators.py
[2023-11-01T22:21:28.988-0500] {processor.py:829} INFO - Processing file /Users/dimz/EconWizard/hermesvirtual/lib/python3.8/site-packages/airflow/example_dags/example_dynamic_task_mapping_with_no_taskflow_operators.py for tasks to queue
[2023-11-01T22:21:28.988-0500] {logging_mixin.py:151} INFO - [2023-11-01T22:21:28.988-0500] {dagbag.py:536} INFO - Filling up the DagBag from /Users/dimz/EconWizard/hermesvirtual/lib/python3.8/site-packages/airflow/example_dags/example_dynamic_task_mapping_with_no_taskflow_operators.py
[2023-11-01T22:21:29.005-0500] {processor.py:839} INFO - DAG(s) dict_keys(['example_dynamic_task_mapping_with_no_taskflow_operators']) retrieved from /Users/dimz/EconWizard/hermesvirtual/lib/python3.8/site-packages/airflow/example_dags/example_dynamic_task_mapping_with_no_taskflow_operators.py
[2023-11-01T22:21:29.113-0500] {logging_mixin.py:151} INFO - [2023-11-01T22:21:29.113-0500] {dag.py:2941} INFO - Sync 1 DAGs
[2023-11-01T22:21:29.122-0500] {logging_mixin.py:151} INFO - [2023-11-01T22:21:29.122-0500] {dag.py:3722} INFO - Setting next_dagrun for example_dynamic_task_mapping_with_no_taskflow_operators to 2023-11-01T03:21:29.122781+00:00, run_after=2023-11-02T03:21:29.122781+00:00
[2023-11-01T22:21:29.133-0500] {processor.py:179} INFO - Processing /Users/dimz/EconWizard/hermesvirtual/lib/python3.8/site-packages/airflow/example_dags/example_dynamic_task_mapping_with_no_taskflow_operators.py took 0.150 seconds
[2023-11-01T22:23:29.286-0500] {processor.py:157} INFO - Started process (PID=92831) to work on /Users/dimz/EconWizard/hermesvirtual/lib/python3.8/site-packages/airflow/example_dags/example_dynamic_task_mapping_with_no_taskflow_operators.py
[2023-11-01T22:23:29.291-0500] {processor.py:829} INFO - Processing file /Users/dimz/EconWizard/hermesvirtual/lib/python3.8/site-packages/airflow/example_dags/example_dynamic_task_mapping_with_no_taskflow_operators.py for tasks to queue
[2023-11-01T22:23:29.292-0500] {logging_mixin.py:151} INFO - [2023-11-01T22:23:29.291-0500] {dagbag.py:536} INFO - Filling up the DagBag from /Users/dimz/EconWizard/hermesvirtual/lib/python3.8/site-packages/airflow/example_dags/example_dynamic_task_mapping_with_no_taskflow_operators.py
[2023-11-01T22:23:29.306-0500] {processor.py:839} INFO - DAG(s) dict_keys(['example_dynamic_task_mapping_with_no_taskflow_operators']) retrieved from /Users/dimz/EconWizard/hermesvirtual/lib/python3.8/site-packages/airflow/example_dags/example_dynamic_task_mapping_with_no_taskflow_operators.py
[2023-11-01T22:23:29.409-0500] {logging_mixin.py:151} INFO - [2023-11-01T22:23:29.408-0500] {dag.py:2941} INFO - Sync 1 DAGs
[2023-11-01T22:23:29.417-0500] {logging_mixin.py:151} INFO - [2023-11-01T22:23:29.417-0500] {dag.py:3722} INFO - Setting next_dagrun for example_dynamic_task_mapping_with_no_taskflow_operators to 2023-11-01T03:23:29.417702+00:00, run_after=2023-11-02T03:23:29.417702+00:00
[2023-11-01T22:23:29.427-0500] {processor.py:179} INFO - Processing /Users/dimz/EconWizard/hermesvirtual/lib/python3.8/site-packages/airflow/example_dags/example_dynamic_task_mapping_with_no_taskflow_operators.py took 0.142 seconds
[2023-11-02T04:35:52.758-0500] {processor.py:157} INFO - Started process (PID=93191) to work on /Users/dimz/EconWizard/hermesvirtual/lib/python3.8/site-packages/airflow/example_dags/example_dynamic_task_mapping_with_no_taskflow_operators.py
[2023-11-02T04:35:52.762-0500] {processor.py:829} INFO - Processing file /Users/dimz/EconWizard/hermesvirtual/lib/python3.8/site-packages/airflow/example_dags/example_dynamic_task_mapping_with_no_taskflow_operators.py for tasks to queue
[2023-11-02T04:35:52.763-0500] {logging_mixin.py:151} INFO - [2023-11-02T04:35:52.763-0500] {dagbag.py:536} INFO - Filling up the DagBag from /Users/dimz/EconWizard/hermesvirtual/lib/python3.8/site-packages/airflow/example_dags/example_dynamic_task_mapping_with_no_taskflow_operators.py
[2023-11-02T04:35:52.778-0500] {processor.py:839} INFO - DAG(s) dict_keys(['example_dynamic_task_mapping_with_no_taskflow_operators']) retrieved from /Users/dimz/EconWizard/hermesvirtual/lib/python3.8/site-packages/airflow/example_dags/example_dynamic_task_mapping_with_no_taskflow_operators.py
[2023-11-02T04:35:52.887-0500] {logging_mixin.py:151} INFO - [2023-11-02T04:35:52.887-0500] {dag.py:2941} INFO - Sync 1 DAGs
[2023-11-02T04:35:52.896-0500] {logging_mixin.py:151} INFO - [2023-11-02T04:35:52.896-0500] {dag.py:3722} INFO - Setting next_dagrun for example_dynamic_task_mapping_with_no_taskflow_operators to 2023-11-01T09:35:52.896713+00:00, run_after=2023-11-02T09:35:52.896713+00:00
[2023-11-02T04:35:52.908-0500] {processor.py:179} INFO - Processing /Users/dimz/EconWizard/hermesvirtual/lib/python3.8/site-packages/airflow/example_dags/example_dynamic_task_mapping_with_no_taskflow_operators.py took 0.151 seconds
[2023-11-02T06:54:04.401-0500] {processor.py:157} INFO - Started process (PID=93311) to work on /Users/dimz/EconWizard/hermesvirtual/lib/python3.8/site-packages/airflow/example_dags/example_dynamic_task_mapping_with_no_taskflow_operators.py
[2023-11-02T06:54:04.405-0500] {processor.py:829} INFO - Processing file /Users/dimz/EconWizard/hermesvirtual/lib/python3.8/site-packages/airflow/example_dags/example_dynamic_task_mapping_with_no_taskflow_operators.py for tasks to queue
[2023-11-02T06:54:04.405-0500] {logging_mixin.py:151} INFO - [2023-11-02T06:54:04.405-0500] {dagbag.py:536} INFO - Filling up the DagBag from /Users/dimz/EconWizard/hermesvirtual/lib/python3.8/site-packages/airflow/example_dags/example_dynamic_task_mapping_with_no_taskflow_operators.py
[2023-11-02T06:54:04.421-0500] {processor.py:839} INFO - DAG(s) dict_keys(['example_dynamic_task_mapping_with_no_taskflow_operators']) retrieved from /Users/dimz/EconWizard/hermesvirtual/lib/python3.8/site-packages/airflow/example_dags/example_dynamic_task_mapping_with_no_taskflow_operators.py
[2023-11-02T06:54:04.522-0500] {logging_mixin.py:151} INFO - [2023-11-02T06:54:04.521-0500] {dag.py:2941} INFO - Sync 1 DAGs
[2023-11-02T06:54:04.530-0500] {logging_mixin.py:151} INFO - [2023-11-02T06:54:04.530-0500] {dag.py:3722} INFO - Setting next_dagrun for example_dynamic_task_mapping_with_no_taskflow_operators to 2023-11-01T11:54:04.530644+00:00, run_after=2023-11-02T11:54:04.530644+00:00
[2023-11-02T06:54:04.540-0500] {processor.py:179} INFO - Processing /Users/dimz/EconWizard/hermesvirtual/lib/python3.8/site-packages/airflow/example_dags/example_dynamic_task_mapping_with_no_taskflow_operators.py took 0.139 seconds
[2023-11-02T08:29:20.410-0500] {processor.py:157} INFO - Started process (PID=93423) to work on /Users/dimz/EconWizard/hermesvirtual/lib/python3.8/site-packages/airflow/example_dags/example_dynamic_task_mapping_with_no_taskflow_operators.py
[2023-11-02T08:29:20.415-0500] {processor.py:829} INFO - Processing file /Users/dimz/EconWizard/hermesvirtual/lib/python3.8/site-packages/airflow/example_dags/example_dynamic_task_mapping_with_no_taskflow_operators.py for tasks to queue
[2023-11-02T08:29:20.415-0500] {logging_mixin.py:151} INFO - [2023-11-02T08:29:20.415-0500] {dagbag.py:536} INFO - Filling up the DagBag from /Users/dimz/EconWizard/hermesvirtual/lib/python3.8/site-packages/airflow/example_dags/example_dynamic_task_mapping_with_no_taskflow_operators.py
[2023-11-02T08:29:20.430-0500] {processor.py:839} INFO - DAG(s) dict_keys(['example_dynamic_task_mapping_with_no_taskflow_operators']) retrieved from /Users/dimz/EconWizard/hermesvirtual/lib/python3.8/site-packages/airflow/example_dags/example_dynamic_task_mapping_with_no_taskflow_operators.py
[2023-11-02T08:29:20.532-0500] {logging_mixin.py:151} INFO - [2023-11-02T08:29:20.532-0500] {dag.py:2941} INFO - Sync 1 DAGs
[2023-11-02T08:29:20.540-0500] {logging_mixin.py:151} INFO - [2023-11-02T08:29:20.540-0500] {dag.py:3722} INFO - Setting next_dagrun for example_dynamic_task_mapping_with_no_taskflow_operators to 2023-11-01T13:29:20.540778+00:00, run_after=2023-11-02T13:29:20.540778+00:00
[2023-11-02T08:29:20.551-0500] {processor.py:179} INFO - Processing /Users/dimz/EconWizard/hermesvirtual/lib/python3.8/site-packages/airflow/example_dags/example_dynamic_task_mapping_with_no_taskflow_operators.py took 0.141 seconds
[2023-11-02T09:03:28.037-0500] {processor.py:157} INFO - Started process (PID=93632) to work on /Users/dimz/EconWizard/hermesvirtual/lib/python3.8/site-packages/airflow/example_dags/example_dynamic_task_mapping_with_no_taskflow_operators.py
[2023-11-02T09:03:28.043-0500] {processor.py:829} INFO - Processing file /Users/dimz/EconWizard/hermesvirtual/lib/python3.8/site-packages/airflow/example_dags/example_dynamic_task_mapping_with_no_taskflow_operators.py for tasks to queue
[2023-11-02T09:03:28.043-0500] {logging_mixin.py:151} INFO - [2023-11-02T09:03:28.043-0500] {dagbag.py:536} INFO - Filling up the DagBag from /Users/dimz/EconWizard/hermesvirtual/lib/python3.8/site-packages/airflow/example_dags/example_dynamic_task_mapping_with_no_taskflow_operators.py
[2023-11-02T09:03:28.058-0500] {processor.py:839} INFO - DAG(s) dict_keys(['example_dynamic_task_mapping_with_no_taskflow_operators']) retrieved from /Users/dimz/EconWizard/hermesvirtual/lib/python3.8/site-packages/airflow/example_dags/example_dynamic_task_mapping_with_no_taskflow_operators.py
[2023-11-02T09:03:28.162-0500] {logging_mixin.py:151} INFO - [2023-11-02T09:03:28.162-0500] {dag.py:2941} INFO - Sync 1 DAGs
[2023-11-02T09:03:28.171-0500] {logging_mixin.py:151} INFO - [2023-11-02T09:03:28.171-0500] {dag.py:3722} INFO - Setting next_dagrun for example_dynamic_task_mapping_with_no_taskflow_operators to 2023-11-01T14:03:28.170982+00:00, run_after=2023-11-02T14:03:28.170982+00:00
[2023-11-02T09:03:28.181-0500] {processor.py:179} INFO - Processing /Users/dimz/EconWizard/hermesvirtual/lib/python3.8/site-packages/airflow/example_dags/example_dynamic_task_mapping_with_no_taskflow_operators.py took 0.144 seconds
[2023-11-02T09:05:24.678-0500] {processor.py:157} INFO - Started process (PID=93803) to work on /Users/dimz/EconWizard/hermesvirtual/lib/python3.8/site-packages/airflow/example_dags/example_dynamic_task_mapping_with_no_taskflow_operators.py
[2023-11-02T09:05:24.683-0500] {processor.py:829} INFO - Processing file /Users/dimz/EconWizard/hermesvirtual/lib/python3.8/site-packages/airflow/example_dags/example_dynamic_task_mapping_with_no_taskflow_operators.py for tasks to queue
[2023-11-02T09:05:24.684-0500] {logging_mixin.py:151} INFO - [2023-11-02T09:05:24.684-0500] {dagbag.py:536} INFO - Filling up the DagBag from /Users/dimz/EconWizard/hermesvirtual/lib/python3.8/site-packages/airflow/example_dags/example_dynamic_task_mapping_with_no_taskflow_operators.py
[2023-11-02T09:05:24.699-0500] {processor.py:839} INFO - DAG(s) dict_keys(['example_dynamic_task_mapping_with_no_taskflow_operators']) retrieved from /Users/dimz/EconWizard/hermesvirtual/lib/python3.8/site-packages/airflow/example_dags/example_dynamic_task_mapping_with_no_taskflow_operators.py
[2023-11-02T09:05:24.801-0500] {logging_mixin.py:151} INFO - [2023-11-02T09:05:24.801-0500] {dag.py:2941} INFO - Sync 1 DAGs
[2023-11-02T09:05:24.810-0500] {logging_mixin.py:151} INFO - [2023-11-02T09:05:24.810-0500] {dag.py:3722} INFO - Setting next_dagrun for example_dynamic_task_mapping_with_no_taskflow_operators to 2023-11-01T14:05:24.809997+00:00, run_after=2023-11-02T14:05:24.809997+00:00
[2023-11-02T09:05:24.820-0500] {processor.py:179} INFO - Processing /Users/dimz/EconWizard/hermesvirtual/lib/python3.8/site-packages/airflow/example_dags/example_dynamic_task_mapping_with_no_taskflow_operators.py took 0.142 seconds
[2023-11-02T09:07:29.151-0500] {processor.py:157} INFO - Started process (PID=93933) to work on /Users/dimz/EconWizard/hermesvirtual/lib/python3.8/site-packages/airflow/example_dags/example_dynamic_task_mapping_with_no_taskflow_operators.py
[2023-11-02T09:07:29.156-0500] {processor.py:829} INFO - Processing file /Users/dimz/EconWizard/hermesvirtual/lib/python3.8/site-packages/airflow/example_dags/example_dynamic_task_mapping_with_no_taskflow_operators.py for tasks to queue
[2023-11-02T09:07:29.156-0500] {logging_mixin.py:151} INFO - [2023-11-02T09:07:29.156-0500] {dagbag.py:536} INFO - Filling up the DagBag from /Users/dimz/EconWizard/hermesvirtual/lib/python3.8/site-packages/airflow/example_dags/example_dynamic_task_mapping_with_no_taskflow_operators.py
[2023-11-02T09:07:29.173-0500] {processor.py:839} INFO - DAG(s) dict_keys(['example_dynamic_task_mapping_with_no_taskflow_operators']) retrieved from /Users/dimz/EconWizard/hermesvirtual/lib/python3.8/site-packages/airflow/example_dags/example_dynamic_task_mapping_with_no_taskflow_operators.py
[2023-11-02T09:07:29.276-0500] {logging_mixin.py:151} INFO - [2023-11-02T09:07:29.276-0500] {dag.py:2941} INFO - Sync 1 DAGs
[2023-11-02T09:07:29.286-0500] {logging_mixin.py:151} INFO - [2023-11-02T09:07:29.286-0500] {dag.py:3722} INFO - Setting next_dagrun for example_dynamic_task_mapping_with_no_taskflow_operators to 2023-11-01T14:07:29.286244+00:00, run_after=2023-11-02T14:07:29.286244+00:00
[2023-11-02T09:07:29.298-0500] {processor.py:179} INFO - Processing /Users/dimz/EconWizard/hermesvirtual/lib/python3.8/site-packages/airflow/example_dags/example_dynamic_task_mapping_with_no_taskflow_operators.py took 0.148 seconds
[2023-11-02T09:09:35.929-0500] {processor.py:157} INFO - Started process (PID=94225) to work on /Users/dimz/EconWizard/hermesvirtual/lib/python3.8/site-packages/airflow/example_dags/example_dynamic_task_mapping_with_no_taskflow_operators.py
[2023-11-02T09:09:35.934-0500] {processor.py:829} INFO - Processing file /Users/dimz/EconWizard/hermesvirtual/lib/python3.8/site-packages/airflow/example_dags/example_dynamic_task_mapping_with_no_taskflow_operators.py for tasks to queue
[2023-11-02T09:09:35.935-0500] {logging_mixin.py:151} INFO - [2023-11-02T09:09:35.935-0500] {dagbag.py:536} INFO - Filling up the DagBag from /Users/dimz/EconWizard/hermesvirtual/lib/python3.8/site-packages/airflow/example_dags/example_dynamic_task_mapping_with_no_taskflow_operators.py
[2023-11-02T09:09:35.951-0500] {processor.py:839} INFO - DAG(s) dict_keys(['example_dynamic_task_mapping_with_no_taskflow_operators']) retrieved from /Users/dimz/EconWizard/hermesvirtual/lib/python3.8/site-packages/airflow/example_dags/example_dynamic_task_mapping_with_no_taskflow_operators.py
[2023-11-02T09:09:36.054-0500] {logging_mixin.py:151} INFO - [2023-11-02T09:09:36.054-0500] {dag.py:2941} INFO - Sync 1 DAGs
[2023-11-02T09:09:36.063-0500] {logging_mixin.py:151} INFO - [2023-11-02T09:09:36.063-0500] {dag.py:3722} INFO - Setting next_dagrun for example_dynamic_task_mapping_with_no_taskflow_operators to 2023-11-01T14:09:36.063220+00:00, run_after=2023-11-02T14:09:36.063220+00:00
[2023-11-02T09:09:36.073-0500] {processor.py:179} INFO - Processing /Users/dimz/EconWizard/hermesvirtual/lib/python3.8/site-packages/airflow/example_dags/example_dynamic_task_mapping_with_no_taskflow_operators.py took 0.144 seconds
[2023-11-02T09:11:44.060-0500] {processor.py:157} INFO - Started process (PID=94427) to work on /Users/dimz/EconWizard/hermesvirtual/lib/python3.8/site-packages/airflow/example_dags/example_dynamic_task_mapping_with_no_taskflow_operators.py
[2023-11-02T09:11:44.065-0500] {processor.py:829} INFO - Processing file /Users/dimz/EconWizard/hermesvirtual/lib/python3.8/site-packages/airflow/example_dags/example_dynamic_task_mapping_with_no_taskflow_operators.py for tasks to queue
[2023-11-02T09:11:44.066-0500] {logging_mixin.py:151} INFO - [2023-11-02T09:11:44.066-0500] {dagbag.py:536} INFO - Filling up the DagBag from /Users/dimz/EconWizard/hermesvirtual/lib/python3.8/site-packages/airflow/example_dags/example_dynamic_task_mapping_with_no_taskflow_operators.py
[2023-11-02T09:11:44.083-0500] {processor.py:839} INFO - DAG(s) dict_keys(['example_dynamic_task_mapping_with_no_taskflow_operators']) retrieved from /Users/dimz/EconWizard/hermesvirtual/lib/python3.8/site-packages/airflow/example_dags/example_dynamic_task_mapping_with_no_taskflow_operators.py
[2023-11-02T09:11:44.193-0500] {logging_mixin.py:151} INFO - [2023-11-02T09:11:44.193-0500] {dag.py:2941} INFO - Sync 1 DAGs
[2023-11-02T09:11:44.202-0500] {logging_mixin.py:151} INFO - [2023-11-02T09:11:44.202-0500] {dag.py:3722} INFO - Setting next_dagrun for example_dynamic_task_mapping_with_no_taskflow_operators to 2023-11-01T14:11:44.202525+00:00, run_after=2023-11-02T14:11:44.202525+00:00
[2023-11-02T09:11:44.213-0500] {processor.py:179} INFO - Processing /Users/dimz/EconWizard/hermesvirtual/lib/python3.8/site-packages/airflow/example_dags/example_dynamic_task_mapping_with_no_taskflow_operators.py took 0.154 seconds
[2023-11-02T09:13:50.261-0500] {processor.py:157} INFO - Started process (PID=94567) to work on /Users/dimz/EconWizard/hermesvirtual/lib/python3.8/site-packages/airflow/example_dags/example_dynamic_task_mapping_with_no_taskflow_operators.py
[2023-11-02T09:13:50.267-0500] {processor.py:829} INFO - Processing file /Users/dimz/EconWizard/hermesvirtual/lib/python3.8/site-packages/airflow/example_dags/example_dynamic_task_mapping_with_no_taskflow_operators.py for tasks to queue
[2023-11-02T09:13:50.267-0500] {logging_mixin.py:151} INFO - [2023-11-02T09:13:50.267-0500] {dagbag.py:536} INFO - Filling up the DagBag from /Users/dimz/EconWizard/hermesvirtual/lib/python3.8/site-packages/airflow/example_dags/example_dynamic_task_mapping_with_no_taskflow_operators.py
[2023-11-02T09:13:50.285-0500] {processor.py:839} INFO - DAG(s) dict_keys(['example_dynamic_task_mapping_with_no_taskflow_operators']) retrieved from /Users/dimz/EconWizard/hermesvirtual/lib/python3.8/site-packages/airflow/example_dags/example_dynamic_task_mapping_with_no_taskflow_operators.py
[2023-11-02T09:13:50.403-0500] {logging_mixin.py:151} INFO - [2023-11-02T09:13:50.403-0500] {dag.py:2941} INFO - Sync 1 DAGs
[2023-11-02T09:13:50.413-0500] {logging_mixin.py:151} INFO - [2023-11-02T09:13:50.413-0500] {dag.py:3722} INFO - Setting next_dagrun for example_dynamic_task_mapping_with_no_taskflow_operators to 2023-11-01T14:13:50.413259+00:00, run_after=2023-11-02T14:13:50.413259+00:00
[2023-11-02T09:13:50.425-0500] {processor.py:179} INFO - Processing /Users/dimz/EconWizard/hermesvirtual/lib/python3.8/site-packages/airflow/example_dags/example_dynamic_task_mapping_with_no_taskflow_operators.py took 0.164 seconds
[2023-11-02T09:15:58.457-0500] {processor.py:157} INFO - Started process (PID=94698) to work on /Users/dimz/EconWizard/hermesvirtual/lib/python3.8/site-packages/airflow/example_dags/example_dynamic_task_mapping_with_no_taskflow_operators.py
[2023-11-02T09:15:58.461-0500] {processor.py:829} INFO - Processing file /Users/dimz/EconWizard/hermesvirtual/lib/python3.8/site-packages/airflow/example_dags/example_dynamic_task_mapping_with_no_taskflow_operators.py for tasks to queue
[2023-11-02T09:15:58.461-0500] {logging_mixin.py:151} INFO - [2023-11-02T09:15:58.461-0500] {dagbag.py:536} INFO - Filling up the DagBag from /Users/dimz/EconWizard/hermesvirtual/lib/python3.8/site-packages/airflow/example_dags/example_dynamic_task_mapping_with_no_taskflow_operators.py
[2023-11-02T09:15:58.476-0500] {processor.py:839} INFO - DAG(s) dict_keys(['example_dynamic_task_mapping_with_no_taskflow_operators']) retrieved from /Users/dimz/EconWizard/hermesvirtual/lib/python3.8/site-packages/airflow/example_dags/example_dynamic_task_mapping_with_no_taskflow_operators.py
[2023-11-02T09:15:58.578-0500] {logging_mixin.py:151} INFO - [2023-11-02T09:15:58.578-0500] {dag.py:2941} INFO - Sync 1 DAGs
[2023-11-02T09:15:58.587-0500] {logging_mixin.py:151} INFO - [2023-11-02T09:15:58.587-0500] {dag.py:3722} INFO - Setting next_dagrun for example_dynamic_task_mapping_with_no_taskflow_operators to 2023-11-01T14:15:58.587527+00:00, run_after=2023-11-02T14:15:58.587527+00:00
[2023-11-02T09:15:58.597-0500] {processor.py:179} INFO - Processing /Users/dimz/EconWizard/hermesvirtual/lib/python3.8/site-packages/airflow/example_dags/example_dynamic_task_mapping_with_no_taskflow_operators.py took 0.141 seconds
[2023-11-02T09:17:58.119-0500] {processor.py:157} INFO - Started process (PID=94836) to work on /Users/dimz/EconWizard/hermesvirtual/lib/python3.8/site-packages/airflow/example_dags/example_dynamic_task_mapping_with_no_taskflow_operators.py
[2023-11-02T09:17:58.124-0500] {processor.py:829} INFO - Processing file /Users/dimz/EconWizard/hermesvirtual/lib/python3.8/site-packages/airflow/example_dags/example_dynamic_task_mapping_with_no_taskflow_operators.py for tasks to queue
[2023-11-02T09:17:58.124-0500] {logging_mixin.py:151} INFO - [2023-11-02T09:17:58.124-0500] {dagbag.py:536} INFO - Filling up the DagBag from /Users/dimz/EconWizard/hermesvirtual/lib/python3.8/site-packages/airflow/example_dags/example_dynamic_task_mapping_with_no_taskflow_operators.py
[2023-11-02T09:17:58.141-0500] {processor.py:839} INFO - DAG(s) dict_keys(['example_dynamic_task_mapping_with_no_taskflow_operators']) retrieved from /Users/dimz/EconWizard/hermesvirtual/lib/python3.8/site-packages/airflow/example_dags/example_dynamic_task_mapping_with_no_taskflow_operators.py
[2023-11-02T09:17:58.256-0500] {logging_mixin.py:151} INFO - [2023-11-02T09:17:58.255-0500] {dag.py:2941} INFO - Sync 1 DAGs
[2023-11-02T09:17:58.268-0500] {logging_mixin.py:151} INFO - [2023-11-02T09:17:58.267-0500] {dag.py:3722} INFO - Setting next_dagrun for example_dynamic_task_mapping_with_no_taskflow_operators to 2023-11-01T14:17:58.267870+00:00, run_after=2023-11-02T14:17:58.267870+00:00
[2023-11-02T09:17:58.283-0500] {processor.py:179} INFO - Processing /Users/dimz/EconWizard/hermesvirtual/lib/python3.8/site-packages/airflow/example_dags/example_dynamic_task_mapping_with_no_taskflow_operators.py took 0.164 seconds
[2023-11-02T09:20:06.906-0500] {processor.py:157} INFO - Started process (PID=95035) to work on /Users/dimz/EconWizard/hermesvirtual/lib/python3.8/site-packages/airflow/example_dags/example_dynamic_task_mapping_with_no_taskflow_operators.py
[2023-11-02T09:20:06.911-0500] {processor.py:829} INFO - Processing file /Users/dimz/EconWizard/hermesvirtual/lib/python3.8/site-packages/airflow/example_dags/example_dynamic_task_mapping_with_no_taskflow_operators.py for tasks to queue
[2023-11-02T09:20:06.911-0500] {logging_mixin.py:151} INFO - [2023-11-02T09:20:06.911-0500] {dagbag.py:536} INFO - Filling up the DagBag from /Users/dimz/EconWizard/hermesvirtual/lib/python3.8/site-packages/airflow/example_dags/example_dynamic_task_mapping_with_no_taskflow_operators.py
[2023-11-02T09:20:06.927-0500] {processor.py:839} INFO - DAG(s) dict_keys(['example_dynamic_task_mapping_with_no_taskflow_operators']) retrieved from /Users/dimz/EconWizard/hermesvirtual/lib/python3.8/site-packages/airflow/example_dags/example_dynamic_task_mapping_with_no_taskflow_operators.py
[2023-11-02T09:20:07.034-0500] {logging_mixin.py:151} INFO - [2023-11-02T09:20:07.034-0500] {dag.py:2941} INFO - Sync 1 DAGs
[2023-11-02T09:20:07.043-0500] {logging_mixin.py:151} INFO - [2023-11-02T09:20:07.043-0500] {dag.py:3722} INFO - Setting next_dagrun for example_dynamic_task_mapping_with_no_taskflow_operators to 2023-11-01T14:20:07.043357+00:00, run_after=2023-11-02T14:20:07.043357+00:00
[2023-11-02T09:20:07.053-0500] {processor.py:179} INFO - Processing /Users/dimz/EconWizard/hermesvirtual/lib/python3.8/site-packages/airflow/example_dags/example_dynamic_task_mapping_with_no_taskflow_operators.py took 0.148 seconds
[2023-11-02T09:22:16.709-0500] {processor.py:157} INFO - Started process (PID=95171) to work on /Users/dimz/EconWizard/hermesvirtual/lib/python3.8/site-packages/airflow/example_dags/example_dynamic_task_mapping_with_no_taskflow_operators.py
[2023-11-02T09:22:16.713-0500] {processor.py:829} INFO - Processing file /Users/dimz/EconWizard/hermesvirtual/lib/python3.8/site-packages/airflow/example_dags/example_dynamic_task_mapping_with_no_taskflow_operators.py for tasks to queue
[2023-11-02T09:22:16.714-0500] {logging_mixin.py:151} INFO - [2023-11-02T09:22:16.714-0500] {dagbag.py:536} INFO - Filling up the DagBag from /Users/dimz/EconWizard/hermesvirtual/lib/python3.8/site-packages/airflow/example_dags/example_dynamic_task_mapping_with_no_taskflow_operators.py
[2023-11-02T09:22:16.730-0500] {processor.py:839} INFO - DAG(s) dict_keys(['example_dynamic_task_mapping_with_no_taskflow_operators']) retrieved from /Users/dimz/EconWizard/hermesvirtual/lib/python3.8/site-packages/airflow/example_dags/example_dynamic_task_mapping_with_no_taskflow_operators.py
[2023-11-02T09:22:16.843-0500] {logging_mixin.py:151} INFO - [2023-11-02T09:22:16.843-0500] {dag.py:2941} INFO - Sync 1 DAGs
[2023-11-02T09:22:16.853-0500] {logging_mixin.py:151} INFO - [2023-11-02T09:22:16.853-0500] {dag.py:3722} INFO - Setting next_dagrun for example_dynamic_task_mapping_with_no_taskflow_operators to 2023-11-01T14:22:16.853070+00:00, run_after=2023-11-02T14:22:16.853070+00:00
[2023-11-02T09:22:16.864-0500] {processor.py:179} INFO - Processing /Users/dimz/EconWizard/hermesvirtual/lib/python3.8/site-packages/airflow/example_dags/example_dynamic_task_mapping_with_no_taskflow_operators.py took 0.155 seconds
[2023-11-02T09:24:23.360-0500] {processor.py:157} INFO - Started process (PID=95391) to work on /Users/dimz/EconWizard/hermesvirtual/lib/python3.8/site-packages/airflow/example_dags/example_dynamic_task_mapping_with_no_taskflow_operators.py
[2023-11-02T09:24:23.365-0500] {processor.py:829} INFO - Processing file /Users/dimz/EconWizard/hermesvirtual/lib/python3.8/site-packages/airflow/example_dags/example_dynamic_task_mapping_with_no_taskflow_operators.py for tasks to queue
[2023-11-02T09:24:23.366-0500] {logging_mixin.py:151} INFO - [2023-11-02T09:24:23.366-0500] {dagbag.py:536} INFO - Filling up the DagBag from /Users/dimz/EconWizard/hermesvirtual/lib/python3.8/site-packages/airflow/example_dags/example_dynamic_task_mapping_with_no_taskflow_operators.py
[2023-11-02T09:24:23.385-0500] {processor.py:839} INFO - DAG(s) dict_keys(['example_dynamic_task_mapping_with_no_taskflow_operators']) retrieved from /Users/dimz/EconWizard/hermesvirtual/lib/python3.8/site-packages/airflow/example_dags/example_dynamic_task_mapping_with_no_taskflow_operators.py
[2023-11-02T09:24:23.505-0500] {logging_mixin.py:151} INFO - [2023-11-02T09:24:23.504-0500] {dag.py:2941} INFO - Sync 1 DAGs
[2023-11-02T09:24:23.516-0500] {logging_mixin.py:151} INFO - [2023-11-02T09:24:23.515-0500] {dag.py:3722} INFO - Setting next_dagrun for example_dynamic_task_mapping_with_no_taskflow_operators to 2023-11-01T14:24:23.515730+00:00, run_after=2023-11-02T14:24:23.515730+00:00
[2023-11-02T09:24:23.529-0500] {processor.py:179} INFO - Processing /Users/dimz/EconWizard/hermesvirtual/lib/python3.8/site-packages/airflow/example_dags/example_dynamic_task_mapping_with_no_taskflow_operators.py took 0.169 seconds
[2023-11-02T09:26:30.350-0500] {processor.py:157} INFO - Started process (PID=95630) to work on /Users/dimz/EconWizard/hermesvirtual/lib/python3.8/site-packages/airflow/example_dags/example_dynamic_task_mapping_with_no_taskflow_operators.py
[2023-11-02T09:26:30.355-0500] {processor.py:829} INFO - Processing file /Users/dimz/EconWizard/hermesvirtual/lib/python3.8/site-packages/airflow/example_dags/example_dynamic_task_mapping_with_no_taskflow_operators.py for tasks to queue
[2023-11-02T09:26:30.355-0500] {logging_mixin.py:151} INFO - [2023-11-02T09:26:30.355-0500] {dagbag.py:536} INFO - Filling up the DagBag from /Users/dimz/EconWizard/hermesvirtual/lib/python3.8/site-packages/airflow/example_dags/example_dynamic_task_mapping_with_no_taskflow_operators.py
[2023-11-02T09:26:30.370-0500] {processor.py:839} INFO - DAG(s) dict_keys(['example_dynamic_task_mapping_with_no_taskflow_operators']) retrieved from /Users/dimz/EconWizard/hermesvirtual/lib/python3.8/site-packages/airflow/example_dags/example_dynamic_task_mapping_with_no_taskflow_operators.py
[2023-11-02T09:26:30.474-0500] {logging_mixin.py:151} INFO - [2023-11-02T09:26:30.474-0500] {dag.py:2941} INFO - Sync 1 DAGs
[2023-11-02T09:26:30.483-0500] {logging_mixin.py:151} INFO - [2023-11-02T09:26:30.483-0500] {dag.py:3722} INFO - Setting next_dagrun for example_dynamic_task_mapping_with_no_taskflow_operators to 2023-11-01T14:26:30.483069+00:00, run_after=2023-11-02T14:26:30.483069+00:00
[2023-11-02T09:26:30.493-0500] {processor.py:179} INFO - Processing /Users/dimz/EconWizard/hermesvirtual/lib/python3.8/site-packages/airflow/example_dags/example_dynamic_task_mapping_with_no_taskflow_operators.py took 0.144 seconds
[2023-11-02T09:29:26.727-0500] {processor.py:157} INFO - Started process (PID=95874) to work on /Users/dimz/EconWizard/hermesvirtual/lib/python3.8/site-packages/airflow/example_dags/example_dynamic_task_mapping_with_no_taskflow_operators.py
[2023-11-02T09:29:26.732-0500] {processor.py:829} INFO - Processing file /Users/dimz/EconWizard/hermesvirtual/lib/python3.8/site-packages/airflow/example_dags/example_dynamic_task_mapping_with_no_taskflow_operators.py for tasks to queue
[2023-11-02T09:29:26.733-0500] {logging_mixin.py:151} INFO - [2023-11-02T09:29:26.732-0500] {dagbag.py:536} INFO - Filling up the DagBag from /Users/dimz/EconWizard/hermesvirtual/lib/python3.8/site-packages/airflow/example_dags/example_dynamic_task_mapping_with_no_taskflow_operators.py
[2023-11-02T09:29:26.749-0500] {processor.py:839} INFO - DAG(s) dict_keys(['example_dynamic_task_mapping_with_no_taskflow_operators']) retrieved from /Users/dimz/EconWizard/hermesvirtual/lib/python3.8/site-packages/airflow/example_dags/example_dynamic_task_mapping_with_no_taskflow_operators.py
[2023-11-02T09:29:26.853-0500] {logging_mixin.py:151} INFO - [2023-11-02T09:29:26.853-0500] {dag.py:2941} INFO - Sync 1 DAGs
[2023-11-02T09:29:26.862-0500] {logging_mixin.py:151} INFO - [2023-11-02T09:29:26.862-0500] {dag.py:3722} INFO - Setting next_dagrun for example_dynamic_task_mapping_with_no_taskflow_operators to 2023-11-01T14:29:26.862648+00:00, run_after=2023-11-02T14:29:26.862648+00:00
[2023-11-02T09:29:26.873-0500] {processor.py:179} INFO - Processing /Users/dimz/EconWizard/hermesvirtual/lib/python3.8/site-packages/airflow/example_dags/example_dynamic_task_mapping_with_no_taskflow_operators.py took 0.146 seconds
[2023-11-02T09:31:38.045-0500] {processor.py:157} INFO - Started process (PID=96038) to work on /Users/dimz/EconWizard/hermesvirtual/lib/python3.8/site-packages/airflow/example_dags/example_dynamic_task_mapping_with_no_taskflow_operators.py
[2023-11-02T09:31:38.051-0500] {processor.py:829} INFO - Processing file /Users/dimz/EconWizard/hermesvirtual/lib/python3.8/site-packages/airflow/example_dags/example_dynamic_task_mapping_with_no_taskflow_operators.py for tasks to queue
[2023-11-02T09:31:38.051-0500] {logging_mixin.py:151} INFO - [2023-11-02T09:31:38.051-0500] {dagbag.py:536} INFO - Filling up the DagBag from /Users/dimz/EconWizard/hermesvirtual/lib/python3.8/site-packages/airflow/example_dags/example_dynamic_task_mapping_with_no_taskflow_operators.py
[2023-11-02T09:31:38.070-0500] {processor.py:839} INFO - DAG(s) dict_keys(['example_dynamic_task_mapping_with_no_taskflow_operators']) retrieved from /Users/dimz/EconWizard/hermesvirtual/lib/python3.8/site-packages/airflow/example_dags/example_dynamic_task_mapping_with_no_taskflow_operators.py
[2023-11-02T09:31:38.191-0500] {logging_mixin.py:151} INFO - [2023-11-02T09:31:38.191-0500] {dag.py:2941} INFO - Sync 1 DAGs
[2023-11-02T09:31:38.202-0500] {logging_mixin.py:151} INFO - [2023-11-02T09:31:38.202-0500] {dag.py:3722} INFO - Setting next_dagrun for example_dynamic_task_mapping_with_no_taskflow_operators to 2023-11-01T14:31:38.202453+00:00, run_after=2023-11-02T14:31:38.202453+00:00
[2023-11-02T09:31:38.215-0500] {processor.py:179} INFO - Processing /Users/dimz/EconWizard/hermesvirtual/lib/python3.8/site-packages/airflow/example_dags/example_dynamic_task_mapping_with_no_taskflow_operators.py took 0.171 seconds
[2023-11-02T10:13:47.186-0500] {processor.py:157} INFO - Started process (PID=97575) to work on /Users/dimz/EconWizard/hermesvirtual/lib/python3.8/site-packages/airflow/example_dags/example_dynamic_task_mapping_with_no_taskflow_operators.py
[2023-11-02T10:13:47.190-0500] {processor.py:829} INFO - Processing file /Users/dimz/EconWizard/hermesvirtual/lib/python3.8/site-packages/airflow/example_dags/example_dynamic_task_mapping_with_no_taskflow_operators.py for tasks to queue
[2023-11-02T10:13:47.190-0500] {logging_mixin.py:151} INFO - [2023-11-02T10:13:47.190-0500] {dagbag.py:536} INFO - Filling up the DagBag from /Users/dimz/EconWizard/hermesvirtual/lib/python3.8/site-packages/airflow/example_dags/example_dynamic_task_mapping_with_no_taskflow_operators.py
[2023-11-02T10:13:47.206-0500] {processor.py:839} INFO - DAG(s) dict_keys(['example_dynamic_task_mapping_with_no_taskflow_operators']) retrieved from /Users/dimz/EconWizard/hermesvirtual/lib/python3.8/site-packages/airflow/example_dags/example_dynamic_task_mapping_with_no_taskflow_operators.py
[2023-11-02T10:13:47.308-0500] {logging_mixin.py:151} INFO - [2023-11-02T10:13:47.307-0500] {dag.py:2941} INFO - Sync 1 DAGs
[2023-11-02T10:13:47.316-0500] {logging_mixin.py:151} INFO - [2023-11-02T10:13:47.316-0500] {dag.py:3722} INFO - Setting next_dagrun for example_dynamic_task_mapping_with_no_taskflow_operators to 2023-11-01T15:13:47.316728+00:00, run_after=2023-11-02T15:13:47.316728+00:00
[2023-11-02T10:13:47.327-0500] {processor.py:179} INFO - Processing /Users/dimz/EconWizard/hermesvirtual/lib/python3.8/site-packages/airflow/example_dags/example_dynamic_task_mapping_with_no_taskflow_operators.py took 0.142 seconds
[2023-11-02T10:15:50.825-0500] {processor.py:157} INFO - Started process (PID=97792) to work on /Users/dimz/EconWizard/hermesvirtual/lib/python3.8/site-packages/airflow/example_dags/example_dynamic_task_mapping_with_no_taskflow_operators.py
[2023-11-02T10:15:50.831-0500] {processor.py:829} INFO - Processing file /Users/dimz/EconWizard/hermesvirtual/lib/python3.8/site-packages/airflow/example_dags/example_dynamic_task_mapping_with_no_taskflow_operators.py for tasks to queue
[2023-11-02T10:15:50.831-0500] {logging_mixin.py:151} INFO - [2023-11-02T10:15:50.831-0500] {dagbag.py:536} INFO - Filling up the DagBag from /Users/dimz/EconWizard/hermesvirtual/lib/python3.8/site-packages/airflow/example_dags/example_dynamic_task_mapping_with_no_taskflow_operators.py
[2023-11-02T10:15:50.850-0500] {processor.py:839} INFO - DAG(s) dict_keys(['example_dynamic_task_mapping_with_no_taskflow_operators']) retrieved from /Users/dimz/EconWizard/hermesvirtual/lib/python3.8/site-packages/airflow/example_dags/example_dynamic_task_mapping_with_no_taskflow_operators.py
[2023-11-02T10:15:50.975-0500] {logging_mixin.py:151} INFO - [2023-11-02T10:15:50.975-0500] {dag.py:2941} INFO - Sync 1 DAGs
[2023-11-02T10:15:50.987-0500] {logging_mixin.py:151} INFO - [2023-11-02T10:15:50.986-0500] {dag.py:3722} INFO - Setting next_dagrun for example_dynamic_task_mapping_with_no_taskflow_operators to 2023-11-01T15:15:50.986742+00:00, run_after=2023-11-02T15:15:50.986742+00:00
[2023-11-02T10:15:50.998-0500] {processor.py:179} INFO - Processing /Users/dimz/EconWizard/hermesvirtual/lib/python3.8/site-packages/airflow/example_dags/example_dynamic_task_mapping_with_no_taskflow_operators.py took 0.174 seconds
[2023-11-02T10:39:33.619-0500] {processor.py:157} INFO - Started process (PID=99918) to work on /Users/dimz/EconWizard/hermesvirtual/lib/python3.8/site-packages/airflow/example_dags/example_dynamic_task_mapping_with_no_taskflow_operators.py
[2023-11-02T10:39:33.624-0500] {processor.py:829} INFO - Processing file /Users/dimz/EconWizard/hermesvirtual/lib/python3.8/site-packages/airflow/example_dags/example_dynamic_task_mapping_with_no_taskflow_operators.py for tasks to queue
[2023-11-02T10:39:33.624-0500] {logging_mixin.py:151} INFO - [2023-11-02T10:39:33.624-0500] {dagbag.py:536} INFO - Filling up the DagBag from /Users/dimz/EconWizard/hermesvirtual/lib/python3.8/site-packages/airflow/example_dags/example_dynamic_task_mapping_with_no_taskflow_operators.py
[2023-11-02T10:39:33.640-0500] {processor.py:839} INFO - DAG(s) dict_keys(['example_dynamic_task_mapping_with_no_taskflow_operators']) retrieved from /Users/dimz/EconWizard/hermesvirtual/lib/python3.8/site-packages/airflow/example_dags/example_dynamic_task_mapping_with_no_taskflow_operators.py
[2023-11-02T10:39:33.743-0500] {logging_mixin.py:151} INFO - [2023-11-02T10:39:33.743-0500] {dag.py:2941} INFO - Sync 1 DAGs
[2023-11-02T10:39:33.752-0500] {logging_mixin.py:151} INFO - [2023-11-02T10:39:33.752-0500] {dag.py:3722} INFO - Setting next_dagrun for example_dynamic_task_mapping_with_no_taskflow_operators to 2023-11-01T15:39:33.752307+00:00, run_after=2023-11-02T15:39:33.752307+00:00
[2023-11-02T10:39:33.762-0500] {processor.py:179} INFO - Processing /Users/dimz/EconWizard/hermesvirtual/lib/python3.8/site-packages/airflow/example_dags/example_dynamic_task_mapping_with_no_taskflow_operators.py took 0.144 seconds
[2023-11-02T10:41:41.967-0500] {processor.py:157} INFO - Started process (PID=172) to work on /Users/dimz/EconWizard/hermesvirtual/lib/python3.8/site-packages/airflow/example_dags/example_dynamic_task_mapping_with_no_taskflow_operators.py
[2023-11-02T10:41:41.972-0500] {processor.py:829} INFO - Processing file /Users/dimz/EconWizard/hermesvirtual/lib/python3.8/site-packages/airflow/example_dags/example_dynamic_task_mapping_with_no_taskflow_operators.py for tasks to queue
[2023-11-02T10:41:41.973-0500] {logging_mixin.py:151} INFO - [2023-11-02T10:41:41.973-0500] {dagbag.py:536} INFO - Filling up the DagBag from /Users/dimz/EconWizard/hermesvirtual/lib/python3.8/site-packages/airflow/example_dags/example_dynamic_task_mapping_with_no_taskflow_operators.py
[2023-11-02T10:41:41.989-0500] {processor.py:839} INFO - DAG(s) dict_keys(['example_dynamic_task_mapping_with_no_taskflow_operators']) retrieved from /Users/dimz/EconWizard/hermesvirtual/lib/python3.8/site-packages/airflow/example_dags/example_dynamic_task_mapping_with_no_taskflow_operators.py
[2023-11-02T10:41:42.099-0500] {logging_mixin.py:151} INFO - [2023-11-02T10:41:42.099-0500] {dag.py:2941} INFO - Sync 1 DAGs
[2023-11-02T10:41:42.109-0500] {logging_mixin.py:151} INFO - [2023-11-02T10:41:42.108-0500] {dag.py:3722} INFO - Setting next_dagrun for example_dynamic_task_mapping_with_no_taskflow_operators to 2023-11-01T15:41:42.108786+00:00, run_after=2023-11-02T15:41:42.108786+00:00
[2023-11-02T10:41:42.119-0500] {processor.py:179} INFO - Processing /Users/dimz/EconWizard/hermesvirtual/lib/python3.8/site-packages/airflow/example_dags/example_dynamic_task_mapping_with_no_taskflow_operators.py took 0.152 seconds
