[2023-11-01T21:35:58.215-0500] {processor.py:157} INFO - Started process (PID=87726) to work on /Users/dimz/EconWizard/hermesvirtual/lib/python3.8/site-packages/airflow/example_dags/example_params_ui_tutorial.py
[2023-11-01T21:35:58.219-0500] {processor.py:829} INFO - Processing file /Users/dimz/EconWizard/hermesvirtual/lib/python3.8/site-packages/airflow/example_dags/example_params_ui_tutorial.py for tasks to queue
[2023-11-01T21:35:58.220-0500] {logging_mixin.py:151} INFO - [2023-11-01T21:35:58.220-0500] {dagbag.py:536} INFO - Filling up the DagBag from /Users/dimz/EconWizard/hermesvirtual/lib/python3.8/site-packages/airflow/example_dags/example_params_ui_tutorial.py
[2023-11-01T21:35:58.293-0500] {processor.py:839} INFO - DAG(s) dict_keys(['example_params_ui_tutorial']) retrieved from /Users/dimz/EconWizard/hermesvirtual/lib/python3.8/site-packages/airflow/example_dags/example_params_ui_tutorial.py
[2023-11-01T21:35:58.616-0500] {logging_mixin.py:151} INFO - [2023-11-01T21:35:58.616-0500] {manager.py:499} INFO - Created Permission View: %s
[2023-11-01T21:35:58.621-0500] {logging_mixin.py:151} INFO - [2023-11-01T21:35:58.621-0500] {manager.py:499} INFO - Created Permission View: %s
[2023-11-01T21:35:58.624-0500] {logging_mixin.py:151} INFO - [2023-11-01T21:35:58.624-0500] {manager.py:499} INFO - Created Permission View: %s
[2023-11-01T21:35:58.624-0500] {logging_mixin.py:151} INFO - [2023-11-01T21:35:58.624-0500] {dag.py:2941} INFO - Sync 1 DAGs
[2023-11-01T21:35:58.630-0500] {logging_mixin.py:151} INFO - [2023-11-01T21:35:58.630-0500] {dag.py:2963} INFO - Creating ORM DAG for example_params_ui_tutorial
[2023-11-01T21:35:58.631-0500] {logging_mixin.py:151} INFO - [2023-11-01T21:35:58.630-0500] {dag.py:3722} INFO - Setting next_dagrun for example_params_ui_tutorial to None, run_after=None
[2023-11-01T21:35:58.640-0500] {processor.py:179} INFO - Processing /Users/dimz/EconWizard/hermesvirtual/lib/python3.8/site-packages/airflow/example_dags/example_params_ui_tutorial.py took 0.425 seconds
[2023-11-01T21:37:26.747-0500] {processor.py:157} INFO - Started process (PID=87882) to work on /Users/dimz/EconWizard/hermesvirtual/lib/python3.8/site-packages/airflow/example_dags/example_params_ui_tutorial.py
[2023-11-01T21:37:26.752-0500] {processor.py:829} INFO - Processing file /Users/dimz/EconWizard/hermesvirtual/lib/python3.8/site-packages/airflow/example_dags/example_params_ui_tutorial.py for tasks to queue
[2023-11-01T21:37:26.752-0500] {logging_mixin.py:151} INFO - [2023-11-01T21:37:26.752-0500] {dagbag.py:536} INFO - Filling up the DagBag from /Users/dimz/EconWizard/hermesvirtual/lib/python3.8/site-packages/airflow/example_dags/example_params_ui_tutorial.py
[2023-11-01T21:37:26.824-0500] {processor.py:839} INFO - DAG(s) dict_keys(['example_params_ui_tutorial']) retrieved from /Users/dimz/EconWizard/hermesvirtual/lib/python3.8/site-packages/airflow/example_dags/example_params_ui_tutorial.py
[2023-11-01T21:37:26.918-0500] {logging_mixin.py:151} INFO - [2023-11-01T21:37:26.917-0500] {dag.py:2941} INFO - Sync 1 DAGs
[2023-11-01T21:37:26.923-0500] {logging_mixin.py:151} INFO - [2023-11-01T21:37:26.923-0500] {dag.py:3722} INFO - Setting next_dagrun for example_params_ui_tutorial to None, run_after=None
[2023-11-01T21:37:26.934-0500] {processor.py:179} INFO - Processing /Users/dimz/EconWizard/hermesvirtual/lib/python3.8/site-packages/airflow/example_dags/example_params_ui_tutorial.py took 0.187 seconds
[2023-11-01T21:39:18.687-0500] {processor.py:157} INFO - Started process (PID=88076) to work on /Users/dimz/EconWizard/hermesvirtual/lib/python3.8/site-packages/airflow/example_dags/example_params_ui_tutorial.py
[2023-11-01T21:39:18.691-0500] {processor.py:829} INFO - Processing file /Users/dimz/EconWizard/hermesvirtual/lib/python3.8/site-packages/airflow/example_dags/example_params_ui_tutorial.py for tasks to queue
[2023-11-01T21:39:18.692-0500] {logging_mixin.py:151} INFO - [2023-11-01T21:39:18.691-0500] {dagbag.py:536} INFO - Filling up the DagBag from /Users/dimz/EconWizard/hermesvirtual/lib/python3.8/site-packages/airflow/example_dags/example_params_ui_tutorial.py
[2023-11-01T21:39:18.765-0500] {processor.py:839} INFO - DAG(s) dict_keys(['example_params_ui_tutorial']) retrieved from /Users/dimz/EconWizard/hermesvirtual/lib/python3.8/site-packages/airflow/example_dags/example_params_ui_tutorial.py
[2023-11-01T21:39:18.861-0500] {logging_mixin.py:151} INFO - [2023-11-01T21:39:18.860-0500] {dag.py:2941} INFO - Sync 1 DAGs
[2023-11-01T21:39:18.866-0500] {logging_mixin.py:151} INFO - [2023-11-01T21:39:18.866-0500] {dag.py:3722} INFO - Setting next_dagrun for example_params_ui_tutorial to None, run_after=None
[2023-11-01T21:39:18.877-0500] {processor.py:179} INFO - Processing /Users/dimz/EconWizard/hermesvirtual/lib/python3.8/site-packages/airflow/example_dags/example_params_ui_tutorial.py took 0.191 seconds
[2023-11-01T21:41:15.867-0500] {processor.py:157} INFO - Started process (PID=88357) to work on /Users/dimz/EconWizard/hermesvirtual/lib/python3.8/site-packages/airflow/example_dags/example_params_ui_tutorial.py
[2023-11-01T21:41:15.872-0500] {processor.py:829} INFO - Processing file /Users/dimz/EconWizard/hermesvirtual/lib/python3.8/site-packages/airflow/example_dags/example_params_ui_tutorial.py for tasks to queue
[2023-11-01T21:41:15.872-0500] {logging_mixin.py:151} INFO - [2023-11-01T21:41:15.872-0500] {dagbag.py:536} INFO - Filling up the DagBag from /Users/dimz/EconWizard/hermesvirtual/lib/python3.8/site-packages/airflow/example_dags/example_params_ui_tutorial.py
[2023-11-01T21:41:15.950-0500] {processor.py:839} INFO - DAG(s) dict_keys(['example_params_ui_tutorial']) retrieved from /Users/dimz/EconWizard/hermesvirtual/lib/python3.8/site-packages/airflow/example_dags/example_params_ui_tutorial.py
[2023-11-01T21:41:16.051-0500] {logging_mixin.py:151} INFO - [2023-11-01T21:41:16.051-0500] {dag.py:2941} INFO - Sync 1 DAGs
[2023-11-01T21:41:16.057-0500] {logging_mixin.py:151} INFO - [2023-11-01T21:41:16.057-0500] {dag.py:3722} INFO - Setting next_dagrun for example_params_ui_tutorial to None, run_after=None
[2023-11-01T21:41:16.069-0500] {processor.py:179} INFO - Processing /Users/dimz/EconWizard/hermesvirtual/lib/python3.8/site-packages/airflow/example_dags/example_params_ui_tutorial.py took 0.203 seconds
[2023-11-01T21:43:10.119-0500] {processor.py:157} INFO - Started process (PID=88609) to work on /Users/dimz/EconWizard/hermesvirtual/lib/python3.8/site-packages/airflow/example_dags/example_params_ui_tutorial.py
[2023-11-01T21:43:10.124-0500] {processor.py:829} INFO - Processing file /Users/dimz/EconWizard/hermesvirtual/lib/python3.8/site-packages/airflow/example_dags/example_params_ui_tutorial.py for tasks to queue
[2023-11-01T21:43:10.124-0500] {logging_mixin.py:151} INFO - [2023-11-01T21:43:10.124-0500] {dagbag.py:536} INFO - Filling up the DagBag from /Users/dimz/EconWizard/hermesvirtual/lib/python3.8/site-packages/airflow/example_dags/example_params_ui_tutorial.py
[2023-11-01T21:43:10.200-0500] {processor.py:839} INFO - DAG(s) dict_keys(['example_params_ui_tutorial']) retrieved from /Users/dimz/EconWizard/hermesvirtual/lib/python3.8/site-packages/airflow/example_dags/example_params_ui_tutorial.py
[2023-11-01T21:43:10.303-0500] {logging_mixin.py:151} INFO - [2023-11-01T21:43:10.303-0500] {dag.py:2941} INFO - Sync 1 DAGs
[2023-11-01T21:43:10.310-0500] {logging_mixin.py:151} INFO - [2023-11-01T21:43:10.310-0500] {dag.py:3722} INFO - Setting next_dagrun for example_params_ui_tutorial to None, run_after=None
[2023-11-01T21:43:10.322-0500] {processor.py:179} INFO - Processing /Users/dimz/EconWizard/hermesvirtual/lib/python3.8/site-packages/airflow/example_dags/example_params_ui_tutorial.py took 0.204 seconds
[2023-11-01T21:45:04.093-0500] {processor.py:157} INFO - Started process (PID=88762) to work on /Users/dimz/EconWizard/hermesvirtual/lib/python3.8/site-packages/airflow/example_dags/example_params_ui_tutorial.py
[2023-11-01T21:45:04.098-0500] {processor.py:829} INFO - Processing file /Users/dimz/EconWizard/hermesvirtual/lib/python3.8/site-packages/airflow/example_dags/example_params_ui_tutorial.py for tasks to queue
[2023-11-01T21:45:04.098-0500] {logging_mixin.py:151} INFO - [2023-11-01T21:45:04.098-0500] {dagbag.py:536} INFO - Filling up the DagBag from /Users/dimz/EconWizard/hermesvirtual/lib/python3.8/site-packages/airflow/example_dags/example_params_ui_tutorial.py
[2023-11-01T21:45:04.170-0500] {processor.py:839} INFO - DAG(s) dict_keys(['example_params_ui_tutorial']) retrieved from /Users/dimz/EconWizard/hermesvirtual/lib/python3.8/site-packages/airflow/example_dags/example_params_ui_tutorial.py
[2023-11-01T21:45:04.269-0500] {logging_mixin.py:151} INFO - [2023-11-01T21:45:04.269-0500] {dag.py:2941} INFO - Sync 1 DAGs
[2023-11-01T21:45:04.275-0500] {logging_mixin.py:151} INFO - [2023-11-01T21:45:04.275-0500] {dag.py:3722} INFO - Setting next_dagrun for example_params_ui_tutorial to None, run_after=None
[2023-11-01T21:45:04.286-0500] {processor.py:179} INFO - Processing /Users/dimz/EconWizard/hermesvirtual/lib/python3.8/site-packages/airflow/example_dags/example_params_ui_tutorial.py took 0.193 seconds
[2023-11-01T21:47:08.291-0500] {processor.py:157} INFO - Started process (PID=89036) to work on /Users/dimz/EconWizard/hermesvirtual/lib/python3.8/site-packages/airflow/example_dags/example_params_ui_tutorial.py
[2023-11-01T21:47:08.296-0500] {processor.py:829} INFO - Processing file /Users/dimz/EconWizard/hermesvirtual/lib/python3.8/site-packages/airflow/example_dags/example_params_ui_tutorial.py for tasks to queue
[2023-11-01T21:47:08.296-0500] {logging_mixin.py:151} INFO - [2023-11-01T21:47:08.296-0500] {dagbag.py:536} INFO - Filling up the DagBag from /Users/dimz/EconWizard/hermesvirtual/lib/python3.8/site-packages/airflow/example_dags/example_params_ui_tutorial.py
[2023-11-01T21:47:08.372-0500] {processor.py:839} INFO - DAG(s) dict_keys(['example_params_ui_tutorial']) retrieved from /Users/dimz/EconWizard/hermesvirtual/lib/python3.8/site-packages/airflow/example_dags/example_params_ui_tutorial.py
[2023-11-01T21:47:08.467-0500] {logging_mixin.py:151} INFO - [2023-11-01T21:47:08.467-0500] {dag.py:2941} INFO - Sync 1 DAGs
[2023-11-01T21:47:08.472-0500] {logging_mixin.py:151} INFO - [2023-11-01T21:47:08.472-0500] {dag.py:3722} INFO - Setting next_dagrun for example_params_ui_tutorial to None, run_after=None
[2023-11-01T21:47:08.483-0500] {processor.py:179} INFO - Processing /Users/dimz/EconWizard/hermesvirtual/lib/python3.8/site-packages/airflow/example_dags/example_params_ui_tutorial.py took 0.193 seconds
[2023-11-01T21:49:10.982-0500] {processor.py:157} INFO - Started process (PID=89182) to work on /Users/dimz/EconWizard/hermesvirtual/lib/python3.8/site-packages/airflow/example_dags/example_params_ui_tutorial.py
[2023-11-01T21:49:10.987-0500] {processor.py:829} INFO - Processing file /Users/dimz/EconWizard/hermesvirtual/lib/python3.8/site-packages/airflow/example_dags/example_params_ui_tutorial.py for tasks to queue
[2023-11-01T21:49:10.987-0500] {logging_mixin.py:151} INFO - [2023-11-01T21:49:10.987-0500] {dagbag.py:536} INFO - Filling up the DagBag from /Users/dimz/EconWizard/hermesvirtual/lib/python3.8/site-packages/airflow/example_dags/example_params_ui_tutorial.py
[2023-11-01T21:49:11.069-0500] {processor.py:839} INFO - DAG(s) dict_keys(['example_params_ui_tutorial']) retrieved from /Users/dimz/EconWizard/hermesvirtual/lib/python3.8/site-packages/airflow/example_dags/example_params_ui_tutorial.py
[2023-11-01T21:49:11.175-0500] {logging_mixin.py:151} INFO - [2023-11-01T21:49:11.175-0500] {dag.py:2941} INFO - Sync 1 DAGs
[2023-11-01T21:49:11.181-0500] {logging_mixin.py:151} INFO - [2023-11-01T21:49:11.181-0500] {dag.py:3722} INFO - Setting next_dagrun for example_params_ui_tutorial to None, run_after=None
[2023-11-01T21:49:11.192-0500] {processor.py:179} INFO - Processing /Users/dimz/EconWizard/hermesvirtual/lib/python3.8/site-packages/airflow/example_dags/example_params_ui_tutorial.py took 0.210 seconds
[2023-11-01T21:51:09.691-0500] {processor.py:157} INFO - Started process (PID=89367) to work on /Users/dimz/EconWizard/hermesvirtual/lib/python3.8/site-packages/airflow/example_dags/example_params_ui_tutorial.py
[2023-11-01T21:51:09.696-0500] {processor.py:829} INFO - Processing file /Users/dimz/EconWizard/hermesvirtual/lib/python3.8/site-packages/airflow/example_dags/example_params_ui_tutorial.py for tasks to queue
[2023-11-01T21:51:09.696-0500] {logging_mixin.py:151} INFO - [2023-11-01T21:51:09.696-0500] {dagbag.py:536} INFO - Filling up the DagBag from /Users/dimz/EconWizard/hermesvirtual/lib/python3.8/site-packages/airflow/example_dags/example_params_ui_tutorial.py
[2023-11-01T21:51:09.770-0500] {processor.py:839} INFO - DAG(s) dict_keys(['example_params_ui_tutorial']) retrieved from /Users/dimz/EconWizard/hermesvirtual/lib/python3.8/site-packages/airflow/example_dags/example_params_ui_tutorial.py
[2023-11-01T21:51:09.864-0500] {logging_mixin.py:151} INFO - [2023-11-01T21:51:09.864-0500] {dag.py:2941} INFO - Sync 1 DAGs
[2023-11-01T21:51:09.869-0500] {logging_mixin.py:151} INFO - [2023-11-01T21:51:09.869-0500] {dag.py:3722} INFO - Setting next_dagrun for example_params_ui_tutorial to None, run_after=None
[2023-11-01T21:51:09.880-0500] {processor.py:179} INFO - Processing /Users/dimz/EconWizard/hermesvirtual/lib/python3.8/site-packages/airflow/example_dags/example_params_ui_tutorial.py took 0.189 seconds
[2023-11-01T21:53:05.136-0500] {processor.py:157} INFO - Started process (PID=89528) to work on /Users/dimz/EconWizard/hermesvirtual/lib/python3.8/site-packages/airflow/example_dags/example_params_ui_tutorial.py
[2023-11-01T21:53:05.141-0500] {processor.py:829} INFO - Processing file /Users/dimz/EconWizard/hermesvirtual/lib/python3.8/site-packages/airflow/example_dags/example_params_ui_tutorial.py for tasks to queue
[2023-11-01T21:53:05.141-0500] {logging_mixin.py:151} INFO - [2023-11-01T21:53:05.141-0500] {dagbag.py:536} INFO - Filling up the DagBag from /Users/dimz/EconWizard/hermesvirtual/lib/python3.8/site-packages/airflow/example_dags/example_params_ui_tutorial.py
[2023-11-01T21:53:05.214-0500] {processor.py:839} INFO - DAG(s) dict_keys(['example_params_ui_tutorial']) retrieved from /Users/dimz/EconWizard/hermesvirtual/lib/python3.8/site-packages/airflow/example_dags/example_params_ui_tutorial.py
[2023-11-01T21:53:05.308-0500] {logging_mixin.py:151} INFO - [2023-11-01T21:53:05.308-0500] {dag.py:2941} INFO - Sync 1 DAGs
[2023-11-01T21:53:05.314-0500] {logging_mixin.py:151} INFO - [2023-11-01T21:53:05.314-0500] {dag.py:3722} INFO - Setting next_dagrun for example_params_ui_tutorial to None, run_after=None
[2023-11-01T21:53:05.324-0500] {processor.py:179} INFO - Processing /Users/dimz/EconWizard/hermesvirtual/lib/python3.8/site-packages/airflow/example_dags/example_params_ui_tutorial.py took 0.189 seconds
[2023-11-01T21:55:07.002-0500] {processor.py:157} INFO - Started process (PID=89705) to work on /Users/dimz/EconWizard/hermesvirtual/lib/python3.8/site-packages/airflow/example_dags/example_params_ui_tutorial.py
[2023-11-01T21:55:07.007-0500] {processor.py:829} INFO - Processing file /Users/dimz/EconWizard/hermesvirtual/lib/python3.8/site-packages/airflow/example_dags/example_params_ui_tutorial.py for tasks to queue
[2023-11-01T21:55:07.008-0500] {logging_mixin.py:151} INFO - [2023-11-01T21:55:07.008-0500] {dagbag.py:536} INFO - Filling up the DagBag from /Users/dimz/EconWizard/hermesvirtual/lib/python3.8/site-packages/airflow/example_dags/example_params_ui_tutorial.py
[2023-11-01T21:55:07.082-0500] {processor.py:839} INFO - DAG(s) dict_keys(['example_params_ui_tutorial']) retrieved from /Users/dimz/EconWizard/hermesvirtual/lib/python3.8/site-packages/airflow/example_dags/example_params_ui_tutorial.py
[2023-11-01T21:55:07.180-0500] {logging_mixin.py:151} INFO - [2023-11-01T21:55:07.180-0500] {dag.py:2941} INFO - Sync 1 DAGs
[2023-11-01T21:55:07.186-0500] {logging_mixin.py:151} INFO - [2023-11-01T21:55:07.186-0500] {dag.py:3722} INFO - Setting next_dagrun for example_params_ui_tutorial to None, run_after=None
[2023-11-01T21:55:07.198-0500] {processor.py:179} INFO - Processing /Users/dimz/EconWizard/hermesvirtual/lib/python3.8/site-packages/airflow/example_dags/example_params_ui_tutorial.py took 0.196 seconds
[2023-11-01T21:57:02.743-0500] {processor.py:157} INFO - Started process (PID=89883) to work on /Users/dimz/EconWizard/hermesvirtual/lib/python3.8/site-packages/airflow/example_dags/example_params_ui_tutorial.py
[2023-11-01T21:57:02.749-0500] {processor.py:829} INFO - Processing file /Users/dimz/EconWizard/hermesvirtual/lib/python3.8/site-packages/airflow/example_dags/example_params_ui_tutorial.py for tasks to queue
[2023-11-01T21:57:02.749-0500] {logging_mixin.py:151} INFO - [2023-11-01T21:57:02.749-0500] {dagbag.py:536} INFO - Filling up the DagBag from /Users/dimz/EconWizard/hermesvirtual/lib/python3.8/site-packages/airflow/example_dags/example_params_ui_tutorial.py
[2023-11-01T21:57:02.825-0500] {processor.py:839} INFO - DAG(s) dict_keys(['example_params_ui_tutorial']) retrieved from /Users/dimz/EconWizard/hermesvirtual/lib/python3.8/site-packages/airflow/example_dags/example_params_ui_tutorial.py
[2023-11-01T21:57:02.922-0500] {logging_mixin.py:151} INFO - [2023-11-01T21:57:02.921-0500] {dag.py:2941} INFO - Sync 1 DAGs
[2023-11-01T21:57:02.927-0500] {logging_mixin.py:151} INFO - [2023-11-01T21:57:02.927-0500] {dag.py:3722} INFO - Setting next_dagrun for example_params_ui_tutorial to None, run_after=None
[2023-11-01T21:57:02.938-0500] {processor.py:179} INFO - Processing /Users/dimz/EconWizard/hermesvirtual/lib/python3.8/site-packages/airflow/example_dags/example_params_ui_tutorial.py took 0.195 seconds
[2023-11-01T21:59:05.283-0500] {processor.py:157} INFO - Started process (PID=90056) to work on /Users/dimz/EconWizard/hermesvirtual/lib/python3.8/site-packages/airflow/example_dags/example_params_ui_tutorial.py
[2023-11-01T21:59:05.288-0500] {processor.py:829} INFO - Processing file /Users/dimz/EconWizard/hermesvirtual/lib/python3.8/site-packages/airflow/example_dags/example_params_ui_tutorial.py for tasks to queue
[2023-11-01T21:59:05.288-0500] {logging_mixin.py:151} INFO - [2023-11-01T21:59:05.288-0500] {dagbag.py:536} INFO - Filling up the DagBag from /Users/dimz/EconWizard/hermesvirtual/lib/python3.8/site-packages/airflow/example_dags/example_params_ui_tutorial.py
[2023-11-01T21:59:05.361-0500] {processor.py:839} INFO - DAG(s) dict_keys(['example_params_ui_tutorial']) retrieved from /Users/dimz/EconWizard/hermesvirtual/lib/python3.8/site-packages/airflow/example_dags/example_params_ui_tutorial.py
[2023-11-01T21:59:05.454-0500] {logging_mixin.py:151} INFO - [2023-11-01T21:59:05.454-0500] {dag.py:2941} INFO - Sync 1 DAGs
[2023-11-01T21:59:05.459-0500] {logging_mixin.py:151} INFO - [2023-11-01T21:59:05.459-0500] {dag.py:3722} INFO - Setting next_dagrun for example_params_ui_tutorial to None, run_after=None
[2023-11-01T21:59:05.470-0500] {processor.py:179} INFO - Processing /Users/dimz/EconWizard/hermesvirtual/lib/python3.8/site-packages/airflow/example_dags/example_params_ui_tutorial.py took 0.187 seconds
[2023-11-01T22:01:04.961-0500] {processor.py:157} INFO - Started process (PID=90225) to work on /Users/dimz/EconWizard/hermesvirtual/lib/python3.8/site-packages/airflow/example_dags/example_params_ui_tutorial.py
[2023-11-01T22:01:04.966-0500] {processor.py:829} INFO - Processing file /Users/dimz/EconWizard/hermesvirtual/lib/python3.8/site-packages/airflow/example_dags/example_params_ui_tutorial.py for tasks to queue
[2023-11-01T22:01:04.967-0500] {logging_mixin.py:151} INFO - [2023-11-01T22:01:04.967-0500] {dagbag.py:536} INFO - Filling up the DagBag from /Users/dimz/EconWizard/hermesvirtual/lib/python3.8/site-packages/airflow/example_dags/example_params_ui_tutorial.py
[2023-11-01T22:01:05.039-0500] {processor.py:839} INFO - DAG(s) dict_keys(['example_params_ui_tutorial']) retrieved from /Users/dimz/EconWizard/hermesvirtual/lib/python3.8/site-packages/airflow/example_dags/example_params_ui_tutorial.py
[2023-11-01T22:01:05.132-0500] {logging_mixin.py:151} INFO - [2023-11-01T22:01:05.132-0500] {dag.py:2941} INFO - Sync 1 DAGs
[2023-11-01T22:01:05.137-0500] {logging_mixin.py:151} INFO - [2023-11-01T22:01:05.137-0500] {dag.py:3722} INFO - Setting next_dagrun for example_params_ui_tutorial to None, run_after=None
[2023-11-01T22:01:05.148-0500] {processor.py:179} INFO - Processing /Users/dimz/EconWizard/hermesvirtual/lib/python3.8/site-packages/airflow/example_dags/example_params_ui_tutorial.py took 0.187 seconds
[2023-11-01T22:03:06.941-0500] {processor.py:157} INFO - Started process (PID=90380) to work on /Users/dimz/EconWizard/hermesvirtual/lib/python3.8/site-packages/airflow/example_dags/example_params_ui_tutorial.py
[2023-11-01T22:03:06.946-0500] {processor.py:829} INFO - Processing file /Users/dimz/EconWizard/hermesvirtual/lib/python3.8/site-packages/airflow/example_dags/example_params_ui_tutorial.py for tasks to queue
[2023-11-01T22:03:06.946-0500] {logging_mixin.py:151} INFO - [2023-11-01T22:03:06.946-0500] {dagbag.py:536} INFO - Filling up the DagBag from /Users/dimz/EconWizard/hermesvirtual/lib/python3.8/site-packages/airflow/example_dags/example_params_ui_tutorial.py
[2023-11-01T22:03:07.020-0500] {processor.py:839} INFO - DAG(s) dict_keys(['example_params_ui_tutorial']) retrieved from /Users/dimz/EconWizard/hermesvirtual/lib/python3.8/site-packages/airflow/example_dags/example_params_ui_tutorial.py
[2023-11-01T22:03:07.114-0500] {logging_mixin.py:151} INFO - [2023-11-01T22:03:07.114-0500] {dag.py:2941} INFO - Sync 1 DAGs
[2023-11-01T22:03:07.120-0500] {logging_mixin.py:151} INFO - [2023-11-01T22:03:07.119-0500] {dag.py:3722} INFO - Setting next_dagrun for example_params_ui_tutorial to None, run_after=None
[2023-11-01T22:03:07.130-0500] {processor.py:179} INFO - Processing /Users/dimz/EconWizard/hermesvirtual/lib/python3.8/site-packages/airflow/example_dags/example_params_ui_tutorial.py took 0.190 seconds
[2023-11-01T22:05:00.939-0500] {processor.py:157} INFO - Started process (PID=90596) to work on /Users/dimz/EconWizard/hermesvirtual/lib/python3.8/site-packages/airflow/example_dags/example_params_ui_tutorial.py
[2023-11-01T22:05:00.944-0500] {processor.py:829} INFO - Processing file /Users/dimz/EconWizard/hermesvirtual/lib/python3.8/site-packages/airflow/example_dags/example_params_ui_tutorial.py for tasks to queue
[2023-11-01T22:05:00.944-0500] {logging_mixin.py:151} INFO - [2023-11-01T22:05:00.944-0500] {dagbag.py:536} INFO - Filling up the DagBag from /Users/dimz/EconWizard/hermesvirtual/lib/python3.8/site-packages/airflow/example_dags/example_params_ui_tutorial.py
[2023-11-01T22:05:01.017-0500] {processor.py:839} INFO - DAG(s) dict_keys(['example_params_ui_tutorial']) retrieved from /Users/dimz/EconWizard/hermesvirtual/lib/python3.8/site-packages/airflow/example_dags/example_params_ui_tutorial.py
[2023-11-01T22:05:01.110-0500] {logging_mixin.py:151} INFO - [2023-11-01T22:05:01.110-0500] {dag.py:2941} INFO - Sync 1 DAGs
[2023-11-01T22:05:01.116-0500] {logging_mixin.py:151} INFO - [2023-11-01T22:05:01.115-0500] {dag.py:3722} INFO - Setting next_dagrun for example_params_ui_tutorial to None, run_after=None
[2023-11-01T22:05:01.126-0500] {processor.py:179} INFO - Processing /Users/dimz/EconWizard/hermesvirtual/lib/python3.8/site-packages/airflow/example_dags/example_params_ui_tutorial.py took 0.188 seconds
[2023-11-01T22:07:02.419-0500] {processor.py:157} INFO - Started process (PID=90796) to work on /Users/dimz/EconWizard/hermesvirtual/lib/python3.8/site-packages/airflow/example_dags/example_params_ui_tutorial.py
[2023-11-01T22:07:02.424-0500] {processor.py:829} INFO - Processing file /Users/dimz/EconWizard/hermesvirtual/lib/python3.8/site-packages/airflow/example_dags/example_params_ui_tutorial.py for tasks to queue
[2023-11-01T22:07:02.424-0500] {logging_mixin.py:151} INFO - [2023-11-01T22:07:02.424-0500] {dagbag.py:536} INFO - Filling up the DagBag from /Users/dimz/EconWizard/hermesvirtual/lib/python3.8/site-packages/airflow/example_dags/example_params_ui_tutorial.py
[2023-11-01T22:07:02.518-0500] {processor.py:839} INFO - DAG(s) dict_keys(['example_params_ui_tutorial']) retrieved from /Users/dimz/EconWizard/hermesvirtual/lib/python3.8/site-packages/airflow/example_dags/example_params_ui_tutorial.py
[2023-11-01T22:07:02.625-0500] {logging_mixin.py:151} INFO - [2023-11-01T22:07:02.625-0500] {dag.py:2941} INFO - Sync 1 DAGs
[2023-11-01T22:07:02.631-0500] {logging_mixin.py:151} INFO - [2023-11-01T22:07:02.631-0500] {dag.py:3722} INFO - Setting next_dagrun for example_params_ui_tutorial to None, run_after=None
[2023-11-01T22:07:02.642-0500] {processor.py:179} INFO - Processing /Users/dimz/EconWizard/hermesvirtual/lib/python3.8/site-packages/airflow/example_dags/example_params_ui_tutorial.py took 0.223 seconds
[2023-11-01T22:09:06.300-0500] {processor.py:157} INFO - Started process (PID=91031) to work on /Users/dimz/EconWizard/hermesvirtual/lib/python3.8/site-packages/airflow/example_dags/example_params_ui_tutorial.py
[2023-11-01T22:09:06.305-0500] {processor.py:829} INFO - Processing file /Users/dimz/EconWizard/hermesvirtual/lib/python3.8/site-packages/airflow/example_dags/example_params_ui_tutorial.py for tasks to queue
[2023-11-01T22:09:06.306-0500] {logging_mixin.py:151} INFO - [2023-11-01T22:09:06.305-0500] {dagbag.py:536} INFO - Filling up the DagBag from /Users/dimz/EconWizard/hermesvirtual/lib/python3.8/site-packages/airflow/example_dags/example_params_ui_tutorial.py
[2023-11-01T22:09:06.378-0500] {processor.py:839} INFO - DAG(s) dict_keys(['example_params_ui_tutorial']) retrieved from /Users/dimz/EconWizard/hermesvirtual/lib/python3.8/site-packages/airflow/example_dags/example_params_ui_tutorial.py
[2023-11-01T22:09:06.471-0500] {logging_mixin.py:151} INFO - [2023-11-01T22:09:06.470-0500] {dag.py:2941} INFO - Sync 1 DAGs
[2023-11-01T22:09:06.476-0500] {logging_mixin.py:151} INFO - [2023-11-01T22:09:06.476-0500] {dag.py:3722} INFO - Setting next_dagrun for example_params_ui_tutorial to None, run_after=None
[2023-11-01T22:09:06.487-0500] {processor.py:179} INFO - Processing /Users/dimz/EconWizard/hermesvirtual/lib/python3.8/site-packages/airflow/example_dags/example_params_ui_tutorial.py took 0.188 seconds
[2023-11-01T22:13:27.264-0500] {processor.py:157} INFO - Started process (PID=91444) to work on /Users/dimz/EconWizard/hermesvirtual/lib/python3.8/site-packages/airflow/example_dags/example_params_ui_tutorial.py
[2023-11-01T22:13:27.269-0500] {processor.py:829} INFO - Processing file /Users/dimz/EconWizard/hermesvirtual/lib/python3.8/site-packages/airflow/example_dags/example_params_ui_tutorial.py for tasks to queue
[2023-11-01T22:13:27.270-0500] {logging_mixin.py:151} INFO - [2023-11-01T22:13:27.270-0500] {dagbag.py:536} INFO - Filling up the DagBag from /Users/dimz/EconWizard/hermesvirtual/lib/python3.8/site-packages/airflow/example_dags/example_params_ui_tutorial.py
[2023-11-01T22:13:27.347-0500] {processor.py:839} INFO - DAG(s) dict_keys(['example_params_ui_tutorial']) retrieved from /Users/dimz/EconWizard/hermesvirtual/lib/python3.8/site-packages/airflow/example_dags/example_params_ui_tutorial.py
[2023-11-01T22:13:27.669-0500] {logging_mixin.py:151} INFO - [2023-11-01T22:13:27.669-0500] {dag.py:2941} INFO - Sync 1 DAGs
[2023-11-01T22:13:27.674-0500] {logging_mixin.py:151} INFO - [2023-11-01T22:13:27.674-0500] {dag.py:3722} INFO - Setting next_dagrun for example_params_ui_tutorial to None, run_after=None
[2023-11-01T22:13:27.686-0500] {processor.py:179} INFO - Processing /Users/dimz/EconWizard/hermesvirtual/lib/python3.8/site-packages/airflow/example_dags/example_params_ui_tutorial.py took 0.422 seconds
[2023-11-01T22:15:31.082-0500] {processor.py:157} INFO - Started process (PID=91645) to work on /Users/dimz/EconWizard/hermesvirtual/lib/python3.8/site-packages/airflow/example_dags/example_params_ui_tutorial.py
[2023-11-01T22:15:31.087-0500] {processor.py:829} INFO - Processing file /Users/dimz/EconWizard/hermesvirtual/lib/python3.8/site-packages/airflow/example_dags/example_params_ui_tutorial.py for tasks to queue
[2023-11-01T22:15:31.088-0500] {logging_mixin.py:151} INFO - [2023-11-01T22:15:31.088-0500] {dagbag.py:536} INFO - Filling up the DagBag from /Users/dimz/EconWizard/hermesvirtual/lib/python3.8/site-packages/airflow/example_dags/example_params_ui_tutorial.py
[2023-11-01T22:15:31.159-0500] {processor.py:839} INFO - DAG(s) dict_keys(['example_params_ui_tutorial']) retrieved from /Users/dimz/EconWizard/hermesvirtual/lib/python3.8/site-packages/airflow/example_dags/example_params_ui_tutorial.py
[2023-11-01T22:15:31.253-0500] {logging_mixin.py:151} INFO - [2023-11-01T22:15:31.253-0500] {dag.py:2941} INFO - Sync 1 DAGs
[2023-11-01T22:15:31.258-0500] {logging_mixin.py:151} INFO - [2023-11-01T22:15:31.258-0500] {dag.py:3722} INFO - Setting next_dagrun for example_params_ui_tutorial to None, run_after=None
[2023-11-01T22:15:31.269-0500] {processor.py:179} INFO - Processing /Users/dimz/EconWizard/hermesvirtual/lib/python3.8/site-packages/airflow/example_dags/example_params_ui_tutorial.py took 0.187 seconds
[2023-11-01T22:17:30.948-0500] {processor.py:157} INFO - Started process (PID=91914) to work on /Users/dimz/EconWizard/hermesvirtual/lib/python3.8/site-packages/airflow/example_dags/example_params_ui_tutorial.py
[2023-11-01T22:17:30.954-0500] {processor.py:829} INFO - Processing file /Users/dimz/EconWizard/hermesvirtual/lib/python3.8/site-packages/airflow/example_dags/example_params_ui_tutorial.py for tasks to queue
[2023-11-01T22:17:30.954-0500] {logging_mixin.py:151} INFO - [2023-11-01T22:17:30.954-0500] {dagbag.py:536} INFO - Filling up the DagBag from /Users/dimz/EconWizard/hermesvirtual/lib/python3.8/site-packages/airflow/example_dags/example_params_ui_tutorial.py
[2023-11-01T22:17:31.034-0500] {processor.py:839} INFO - DAG(s) dict_keys(['example_params_ui_tutorial']) retrieved from /Users/dimz/EconWizard/hermesvirtual/lib/python3.8/site-packages/airflow/example_dags/example_params_ui_tutorial.py
[2023-11-01T22:17:31.135-0500] {logging_mixin.py:151} INFO - [2023-11-01T22:17:31.135-0500] {dag.py:2941} INFO - Sync 1 DAGs
[2023-11-01T22:17:31.141-0500] {logging_mixin.py:151} INFO - [2023-11-01T22:17:31.141-0500] {dag.py:3722} INFO - Setting next_dagrun for example_params_ui_tutorial to None, run_after=None
[2023-11-01T22:17:31.153-0500] {processor.py:179} INFO - Processing /Users/dimz/EconWizard/hermesvirtual/lib/python3.8/site-packages/airflow/example_dags/example_params_ui_tutorial.py took 0.205 seconds
[2023-11-01T22:19:24.340-0500] {processor.py:157} INFO - Started process (PID=92201) to work on /Users/dimz/EconWizard/hermesvirtual/lib/python3.8/site-packages/airflow/example_dags/example_params_ui_tutorial.py
[2023-11-01T22:19:24.345-0500] {processor.py:829} INFO - Processing file /Users/dimz/EconWizard/hermesvirtual/lib/python3.8/site-packages/airflow/example_dags/example_params_ui_tutorial.py for tasks to queue
[2023-11-01T22:19:24.346-0500] {logging_mixin.py:151} INFO - [2023-11-01T22:19:24.345-0500] {dagbag.py:536} INFO - Filling up the DagBag from /Users/dimz/EconWizard/hermesvirtual/lib/python3.8/site-packages/airflow/example_dags/example_params_ui_tutorial.py
[2023-11-01T22:19:24.418-0500] {processor.py:839} INFO - DAG(s) dict_keys(['example_params_ui_tutorial']) retrieved from /Users/dimz/EconWizard/hermesvirtual/lib/python3.8/site-packages/airflow/example_dags/example_params_ui_tutorial.py
[2023-11-01T22:19:24.512-0500] {logging_mixin.py:151} INFO - [2023-11-01T22:19:24.512-0500] {dag.py:2941} INFO - Sync 1 DAGs
[2023-11-01T22:19:24.517-0500] {logging_mixin.py:151} INFO - [2023-11-01T22:19:24.517-0500] {dag.py:3722} INFO - Setting next_dagrun for example_params_ui_tutorial to None, run_after=None
[2023-11-01T22:19:24.528-0500] {processor.py:179} INFO - Processing /Users/dimz/EconWizard/hermesvirtual/lib/python3.8/site-packages/airflow/example_dags/example_params_ui_tutorial.py took 0.188 seconds
[2023-11-01T22:21:13.844-0500] {processor.py:157} INFO - Started process (PID=92461) to work on /Users/dimz/EconWizard/hermesvirtual/lib/python3.8/site-packages/airflow/example_dags/example_params_ui_tutorial.py
[2023-11-01T22:21:13.849-0500] {processor.py:829} INFO - Processing file /Users/dimz/EconWizard/hermesvirtual/lib/python3.8/site-packages/airflow/example_dags/example_params_ui_tutorial.py for tasks to queue
[2023-11-01T22:21:13.849-0500] {logging_mixin.py:151} INFO - [2023-11-01T22:21:13.849-0500] {dagbag.py:536} INFO - Filling up the DagBag from /Users/dimz/EconWizard/hermesvirtual/lib/python3.8/site-packages/airflow/example_dags/example_params_ui_tutorial.py
[2023-11-01T22:21:13.928-0500] {processor.py:839} INFO - DAG(s) dict_keys(['example_params_ui_tutorial']) retrieved from /Users/dimz/EconWizard/hermesvirtual/lib/python3.8/site-packages/airflow/example_dags/example_params_ui_tutorial.py
[2023-11-01T22:21:14.030-0500] {logging_mixin.py:151} INFO - [2023-11-01T22:21:14.030-0500] {dag.py:2941} INFO - Sync 1 DAGs
[2023-11-01T22:21:14.036-0500] {logging_mixin.py:151} INFO - [2023-11-01T22:21:14.036-0500] {dag.py:3722} INFO - Setting next_dagrun for example_params_ui_tutorial to None, run_after=None
[2023-11-01T22:21:14.047-0500] {processor.py:179} INFO - Processing /Users/dimz/EconWizard/hermesvirtual/lib/python3.8/site-packages/airflow/example_dags/example_params_ui_tutorial.py took 0.203 seconds
[2023-11-01T22:23:14.210-0500] {processor.py:157} INFO - Started process (PID=92804) to work on /Users/dimz/EconWizard/hermesvirtual/lib/python3.8/site-packages/airflow/example_dags/example_params_ui_tutorial.py
[2023-11-01T22:23:14.215-0500] {processor.py:829} INFO - Processing file /Users/dimz/EconWizard/hermesvirtual/lib/python3.8/site-packages/airflow/example_dags/example_params_ui_tutorial.py for tasks to queue
[2023-11-01T22:23:14.215-0500] {logging_mixin.py:151} INFO - [2023-11-01T22:23:14.215-0500] {dagbag.py:536} INFO - Filling up the DagBag from /Users/dimz/EconWizard/hermesvirtual/lib/python3.8/site-packages/airflow/example_dags/example_params_ui_tutorial.py
[2023-11-01T22:23:14.290-0500] {processor.py:839} INFO - DAG(s) dict_keys(['example_params_ui_tutorial']) retrieved from /Users/dimz/EconWizard/hermesvirtual/lib/python3.8/site-packages/airflow/example_dags/example_params_ui_tutorial.py
[2023-11-01T22:23:14.388-0500] {logging_mixin.py:151} INFO - [2023-11-01T22:23:14.388-0500] {dag.py:2941} INFO - Sync 1 DAGs
[2023-11-01T22:23:14.395-0500] {logging_mixin.py:151} INFO - [2023-11-01T22:23:14.395-0500] {dag.py:3722} INFO - Setting next_dagrun for example_params_ui_tutorial to None, run_after=None
[2023-11-01T22:23:14.408-0500] {processor.py:179} INFO - Processing /Users/dimz/EconWizard/hermesvirtual/lib/python3.8/site-packages/airflow/example_dags/example_params_ui_tutorial.py took 0.198 seconds
[2023-11-02T03:45:32.983-0500] {processor.py:157} INFO - Started process (PID=93157) to work on /Users/dimz/EconWizard/hermesvirtual/lib/python3.8/site-packages/airflow/example_dags/example_params_ui_tutorial.py
[2023-11-02T03:45:32.988-0500] {processor.py:829} INFO - Processing file /Users/dimz/EconWizard/hermesvirtual/lib/python3.8/site-packages/airflow/example_dags/example_params_ui_tutorial.py for tasks to queue
[2023-11-02T03:45:32.988-0500] {logging_mixin.py:151} INFO - [2023-11-02T03:45:32.988-0500] {dagbag.py:536} INFO - Filling up the DagBag from /Users/dimz/EconWizard/hermesvirtual/lib/python3.8/site-packages/airflow/example_dags/example_params_ui_tutorial.py
[2023-11-02T03:45:33.064-0500] {processor.py:839} INFO - DAG(s) dict_keys(['example_params_ui_tutorial']) retrieved from /Users/dimz/EconWizard/hermesvirtual/lib/python3.8/site-packages/airflow/example_dags/example_params_ui_tutorial.py
[2023-11-02T03:45:33.481-0500] {logging_mixin.py:151} INFO - [2023-11-02T03:45:33.480-0500] {dag.py:2941} INFO - Sync 1 DAGs
[2023-11-02T03:45:33.485-0500] {logging_mixin.py:151} INFO - [2023-11-02T03:45:33.485-0500] {dag.py:3722} INFO - Setting next_dagrun for example_params_ui_tutorial to None, run_after=None
[2023-11-02T03:45:33.497-0500] {processor.py:179} INFO - Processing /Users/dimz/EconWizard/hermesvirtual/lib/python3.8/site-packages/airflow/example_dags/example_params_ui_tutorial.py took 0.514 seconds
[2023-11-02T06:53:50.500-0500] {processor.py:157} INFO - Started process (PID=93293) to work on /Users/dimz/EconWizard/hermesvirtual/lib/python3.8/site-packages/airflow/example_dags/example_params_ui_tutorial.py
[2023-11-02T06:53:50.505-0500] {processor.py:829} INFO - Processing file /Users/dimz/EconWizard/hermesvirtual/lib/python3.8/site-packages/airflow/example_dags/example_params_ui_tutorial.py for tasks to queue
[2023-11-02T06:53:50.505-0500] {logging_mixin.py:151} INFO - [2023-11-02T06:53:50.505-0500] {dagbag.py:536} INFO - Filling up the DagBag from /Users/dimz/EconWizard/hermesvirtual/lib/python3.8/site-packages/airflow/example_dags/example_params_ui_tutorial.py
[2023-11-02T06:53:50.579-0500] {processor.py:839} INFO - DAG(s) dict_keys(['example_params_ui_tutorial']) retrieved from /Users/dimz/EconWizard/hermesvirtual/lib/python3.8/site-packages/airflow/example_dags/example_params_ui_tutorial.py
[2023-11-02T06:53:50.674-0500] {logging_mixin.py:151} INFO - [2023-11-02T06:53:50.674-0500] {dag.py:2941} INFO - Sync 1 DAGs
[2023-11-02T06:53:50.680-0500] {logging_mixin.py:151} INFO - [2023-11-02T06:53:50.680-0500] {dag.py:3722} INFO - Setting next_dagrun for example_params_ui_tutorial to None, run_after=None
[2023-11-02T06:53:50.689-0500] {processor.py:179} INFO - Processing /Users/dimz/EconWizard/hermesvirtual/lib/python3.8/site-packages/airflow/example_dags/example_params_ui_tutorial.py took 0.189 seconds
[2023-11-02T08:29:02.558-0500] {processor.py:157} INFO - Started process (PID=93407) to work on /Users/dimz/EconWizard/hermesvirtual/lib/python3.8/site-packages/airflow/example_dags/example_params_ui_tutorial.py
[2023-11-02T08:29:02.563-0500] {processor.py:829} INFO - Processing file /Users/dimz/EconWizard/hermesvirtual/lib/python3.8/site-packages/airflow/example_dags/example_params_ui_tutorial.py for tasks to queue
[2023-11-02T08:29:02.564-0500] {logging_mixin.py:151} INFO - [2023-11-02T08:29:02.564-0500] {dagbag.py:536} INFO - Filling up the DagBag from /Users/dimz/EconWizard/hermesvirtual/lib/python3.8/site-packages/airflow/example_dags/example_params_ui_tutorial.py
[2023-11-02T08:29:02.636-0500] {processor.py:839} INFO - DAG(s) dict_keys(['example_params_ui_tutorial']) retrieved from /Users/dimz/EconWizard/hermesvirtual/lib/python3.8/site-packages/airflow/example_dags/example_params_ui_tutorial.py
[2023-11-02T08:29:02.730-0500] {logging_mixin.py:151} INFO - [2023-11-02T08:29:02.729-0500] {dag.py:2941} INFO - Sync 1 DAGs
[2023-11-02T08:29:02.735-0500] {logging_mixin.py:151} INFO - [2023-11-02T08:29:02.735-0500] {dag.py:3722} INFO - Setting next_dagrun for example_params_ui_tutorial to None, run_after=None
[2023-11-02T08:29:02.745-0500] {processor.py:179} INFO - Processing /Users/dimz/EconWizard/hermesvirtual/lib/python3.8/site-packages/airflow/example_dags/example_params_ui_tutorial.py took 0.187 seconds
[2023-11-02T08:38:13.103-0500] {processor.py:157} INFO - Started process (PID=93504) to work on /Users/dimz/EconWizard/hermesvirtual/lib/python3.8/site-packages/airflow/example_dags/example_params_ui_tutorial.py
[2023-11-02T08:38:13.108-0500] {processor.py:829} INFO - Processing file /Users/dimz/EconWizard/hermesvirtual/lib/python3.8/site-packages/airflow/example_dags/example_params_ui_tutorial.py for tasks to queue
[2023-11-02T08:38:13.109-0500] {logging_mixin.py:151} INFO - [2023-11-02T08:38:13.108-0500] {dagbag.py:536} INFO - Filling up the DagBag from /Users/dimz/EconWizard/hermesvirtual/lib/python3.8/site-packages/airflow/example_dags/example_params_ui_tutorial.py
[2023-11-02T08:38:13.185-0500] {processor.py:839} INFO - DAG(s) dict_keys(['example_params_ui_tutorial']) retrieved from /Users/dimz/EconWizard/hermesvirtual/lib/python3.8/site-packages/airflow/example_dags/example_params_ui_tutorial.py
[2023-11-02T08:38:13.285-0500] {logging_mixin.py:151} INFO - [2023-11-02T08:38:13.285-0500] {dag.py:2941} INFO - Sync 1 DAGs
[2023-11-02T08:38:13.291-0500] {logging_mixin.py:151} INFO - [2023-11-02T08:38:13.291-0500] {dag.py:3722} INFO - Setting next_dagrun for example_params_ui_tutorial to None, run_after=None
[2023-11-02T08:38:13.301-0500] {processor.py:179} INFO - Processing /Users/dimz/EconWizard/hermesvirtual/lib/python3.8/site-packages/airflow/example_dags/example_params_ui_tutorial.py took 0.199 seconds
[2023-11-02T09:03:14.925-0500] {processor.py:157} INFO - Started process (PID=93617) to work on /Users/dimz/EconWizard/hermesvirtual/lib/python3.8/site-packages/airflow/example_dags/example_params_ui_tutorial.py
[2023-11-02T09:03:14.929-0500] {processor.py:829} INFO - Processing file /Users/dimz/EconWizard/hermesvirtual/lib/python3.8/site-packages/airflow/example_dags/example_params_ui_tutorial.py for tasks to queue
[2023-11-02T09:03:14.930-0500] {logging_mixin.py:151} INFO - [2023-11-02T09:03:14.929-0500] {dagbag.py:536} INFO - Filling up the DagBag from /Users/dimz/EconWizard/hermesvirtual/lib/python3.8/site-packages/airflow/example_dags/example_params_ui_tutorial.py
[2023-11-02T09:03:15.005-0500] {processor.py:839} INFO - DAG(s) dict_keys(['example_params_ui_tutorial']) retrieved from /Users/dimz/EconWizard/hermesvirtual/lib/python3.8/site-packages/airflow/example_dags/example_params_ui_tutorial.py
[2023-11-02T09:03:15.099-0500] {logging_mixin.py:151} INFO - [2023-11-02T09:03:15.099-0500] {dag.py:2941} INFO - Sync 1 DAGs
[2023-11-02T09:03:15.104-0500] {logging_mixin.py:151} INFO - [2023-11-02T09:03:15.104-0500] {dag.py:3722} INFO - Setting next_dagrun for example_params_ui_tutorial to None, run_after=None
[2023-11-02T09:03:15.115-0500] {processor.py:179} INFO - Processing /Users/dimz/EconWizard/hermesvirtual/lib/python3.8/site-packages/airflow/example_dags/example_params_ui_tutorial.py took 0.190 seconds
[2023-11-02T09:04:39.911-0500] {processor.py:157} INFO - Started process (PID=93737) to work on /Users/dimz/EconWizard/hermesvirtual/lib/python3.8/site-packages/airflow/example_dags/example_params_ui_tutorial.py
[2023-11-02T09:04:39.915-0500] {processor.py:829} INFO - Processing file /Users/dimz/EconWizard/hermesvirtual/lib/python3.8/site-packages/airflow/example_dags/example_params_ui_tutorial.py for tasks to queue
[2023-11-02T09:04:39.915-0500] {logging_mixin.py:151} INFO - [2023-11-02T09:04:39.915-0500] {dagbag.py:536} INFO - Filling up the DagBag from /Users/dimz/EconWizard/hermesvirtual/lib/python3.8/site-packages/airflow/example_dags/example_params_ui_tutorial.py
[2023-11-02T09:04:39.993-0500] {processor.py:839} INFO - DAG(s) dict_keys(['example_params_ui_tutorial']) retrieved from /Users/dimz/EconWizard/hermesvirtual/lib/python3.8/site-packages/airflow/example_dags/example_params_ui_tutorial.py
[2023-11-02T09:04:40.091-0500] {logging_mixin.py:151} INFO - [2023-11-02T09:04:40.091-0500] {dag.py:2941} INFO - Sync 1 DAGs
[2023-11-02T09:04:40.096-0500] {logging_mixin.py:151} INFO - [2023-11-02T09:04:40.096-0500] {dag.py:3722} INFO - Setting next_dagrun for example_params_ui_tutorial to None, run_after=None
[2023-11-02T09:04:40.107-0500] {processor.py:179} INFO - Processing /Users/dimz/EconWizard/hermesvirtual/lib/python3.8/site-packages/airflow/example_dags/example_params_ui_tutorial.py took 0.196 seconds
[2023-11-02T09:06:36.753-0500] {processor.py:157} INFO - Started process (PID=93877) to work on /Users/dimz/EconWizard/hermesvirtual/lib/python3.8/site-packages/airflow/example_dags/example_params_ui_tutorial.py
[2023-11-02T09:06:36.757-0500] {processor.py:829} INFO - Processing file /Users/dimz/EconWizard/hermesvirtual/lib/python3.8/site-packages/airflow/example_dags/example_params_ui_tutorial.py for tasks to queue
[2023-11-02T09:06:36.758-0500] {logging_mixin.py:151} INFO - [2023-11-02T09:06:36.758-0500] {dagbag.py:536} INFO - Filling up the DagBag from /Users/dimz/EconWizard/hermesvirtual/lib/python3.8/site-packages/airflow/example_dags/example_params_ui_tutorial.py
[2023-11-02T09:06:36.838-0500] {processor.py:839} INFO - DAG(s) dict_keys(['example_params_ui_tutorial']) retrieved from /Users/dimz/EconWizard/hermesvirtual/lib/python3.8/site-packages/airflow/example_dags/example_params_ui_tutorial.py
[2023-11-02T09:06:36.939-0500] {logging_mixin.py:151} INFO - [2023-11-02T09:06:36.939-0500] {dag.py:2941} INFO - Sync 1 DAGs
[2023-11-02T09:06:36.945-0500] {logging_mixin.py:151} INFO - [2023-11-02T09:06:36.945-0500] {dag.py:3722} INFO - Setting next_dagrun for example_params_ui_tutorial to None, run_after=None
[2023-11-02T09:06:36.955-0500] {processor.py:179} INFO - Processing /Users/dimz/EconWizard/hermesvirtual/lib/python3.8/site-packages/airflow/example_dags/example_params_ui_tutorial.py took 0.203 seconds
[2023-11-02T09:08:41.470-0500] {processor.py:157} INFO - Started process (PID=94047) to work on /Users/dimz/EconWizard/hermesvirtual/lib/python3.8/site-packages/airflow/example_dags/example_params_ui_tutorial.py
[2023-11-02T09:08:41.475-0500] {processor.py:829} INFO - Processing file /Users/dimz/EconWizard/hermesvirtual/lib/python3.8/site-packages/airflow/example_dags/example_params_ui_tutorial.py for tasks to queue
[2023-11-02T09:08:41.476-0500] {logging_mixin.py:151} INFO - [2023-11-02T09:08:41.475-0500] {dagbag.py:536} INFO - Filling up the DagBag from /Users/dimz/EconWizard/hermesvirtual/lib/python3.8/site-packages/airflow/example_dags/example_params_ui_tutorial.py
[2023-11-02T09:08:41.558-0500] {processor.py:839} INFO - DAG(s) dict_keys(['example_params_ui_tutorial']) retrieved from /Users/dimz/EconWizard/hermesvirtual/lib/python3.8/site-packages/airflow/example_dags/example_params_ui_tutorial.py
[2023-11-02T09:08:41.667-0500] {logging_mixin.py:151} INFO - [2023-11-02T09:08:41.667-0500] {dag.py:2941} INFO - Sync 1 DAGs
[2023-11-02T09:08:41.674-0500] {logging_mixin.py:151} INFO - [2023-11-02T09:08:41.674-0500] {dag.py:3722} INFO - Setting next_dagrun for example_params_ui_tutorial to None, run_after=None
[2023-11-02T09:08:41.687-0500] {processor.py:179} INFO - Processing /Users/dimz/EconWizard/hermesvirtual/lib/python3.8/site-packages/airflow/example_dags/example_params_ui_tutorial.py took 0.217 seconds
[2023-11-02T09:10:48.605-0500] {processor.py:157} INFO - Started process (PID=94351) to work on /Users/dimz/EconWizard/hermesvirtual/lib/python3.8/site-packages/airflow/example_dags/example_params_ui_tutorial.py
[2023-11-02T09:10:48.610-0500] {processor.py:829} INFO - Processing file /Users/dimz/EconWizard/hermesvirtual/lib/python3.8/site-packages/airflow/example_dags/example_params_ui_tutorial.py for tasks to queue
[2023-11-02T09:10:48.611-0500] {logging_mixin.py:151} INFO - [2023-11-02T09:10:48.610-0500] {dagbag.py:536} INFO - Filling up the DagBag from /Users/dimz/EconWizard/hermesvirtual/lib/python3.8/site-packages/airflow/example_dags/example_params_ui_tutorial.py
[2023-11-02T09:10:48.687-0500] {processor.py:839} INFO - DAG(s) dict_keys(['example_params_ui_tutorial']) retrieved from /Users/dimz/EconWizard/hermesvirtual/lib/python3.8/site-packages/airflow/example_dags/example_params_ui_tutorial.py
[2023-11-02T09:10:48.787-0500] {logging_mixin.py:151} INFO - [2023-11-02T09:10:48.787-0500] {dag.py:2941} INFO - Sync 1 DAGs
[2023-11-02T09:10:48.793-0500] {logging_mixin.py:151} INFO - [2023-11-02T09:10:48.792-0500] {dag.py:3722} INFO - Setting next_dagrun for example_params_ui_tutorial to None, run_after=None
[2023-11-02T09:10:48.803-0500] {processor.py:179} INFO - Processing /Users/dimz/EconWizard/hermesvirtual/lib/python3.8/site-packages/airflow/example_dags/example_params_ui_tutorial.py took 0.198 seconds
[2023-11-02T09:12:57.595-0500] {processor.py:157} INFO - Started process (PID=94508) to work on /Users/dimz/EconWizard/hermesvirtual/lib/python3.8/site-packages/airflow/example_dags/example_params_ui_tutorial.py
[2023-11-02T09:12:57.600-0500] {processor.py:829} INFO - Processing file /Users/dimz/EconWizard/hermesvirtual/lib/python3.8/site-packages/airflow/example_dags/example_params_ui_tutorial.py for tasks to queue
[2023-11-02T09:12:57.601-0500] {logging_mixin.py:151} INFO - [2023-11-02T09:12:57.601-0500] {dagbag.py:536} INFO - Filling up the DagBag from /Users/dimz/EconWizard/hermesvirtual/lib/python3.8/site-packages/airflow/example_dags/example_params_ui_tutorial.py
[2023-11-02T09:12:57.682-0500] {processor.py:839} INFO - DAG(s) dict_keys(['example_params_ui_tutorial']) retrieved from /Users/dimz/EconWizard/hermesvirtual/lib/python3.8/site-packages/airflow/example_dags/example_params_ui_tutorial.py
[2023-11-02T09:12:57.785-0500] {logging_mixin.py:151} INFO - [2023-11-02T09:12:57.785-0500] {dag.py:2941} INFO - Sync 1 DAGs
[2023-11-02T09:12:57.792-0500] {logging_mixin.py:151} INFO - [2023-11-02T09:12:57.792-0500] {dag.py:3722} INFO - Setting next_dagrun for example_params_ui_tutorial to None, run_after=None
[2023-11-02T09:12:57.804-0500] {processor.py:179} INFO - Processing /Users/dimz/EconWizard/hermesvirtual/lib/python3.8/site-packages/airflow/example_dags/example_params_ui_tutorial.py took 0.209 seconds
[2023-11-02T09:15:04.491-0500] {processor.py:157} INFO - Started process (PID=94642) to work on /Users/dimz/EconWizard/hermesvirtual/lib/python3.8/site-packages/airflow/example_dags/example_params_ui_tutorial.py
[2023-11-02T09:15:04.496-0500] {processor.py:829} INFO - Processing file /Users/dimz/EconWizard/hermesvirtual/lib/python3.8/site-packages/airflow/example_dags/example_params_ui_tutorial.py for tasks to queue
[2023-11-02T09:15:04.496-0500] {logging_mixin.py:151} INFO - [2023-11-02T09:15:04.496-0500] {dagbag.py:536} INFO - Filling up the DagBag from /Users/dimz/EconWizard/hermesvirtual/lib/python3.8/site-packages/airflow/example_dags/example_params_ui_tutorial.py
[2023-11-02T09:15:04.570-0500] {processor.py:839} INFO - DAG(s) dict_keys(['example_params_ui_tutorial']) retrieved from /Users/dimz/EconWizard/hermesvirtual/lib/python3.8/site-packages/airflow/example_dags/example_params_ui_tutorial.py
[2023-11-02T09:15:04.663-0500] {logging_mixin.py:151} INFO - [2023-11-02T09:15:04.663-0500] {dag.py:2941} INFO - Sync 1 DAGs
[2023-11-02T09:15:04.669-0500] {logging_mixin.py:151} INFO - [2023-11-02T09:15:04.668-0500] {dag.py:3722} INFO - Setting next_dagrun for example_params_ui_tutorial to None, run_after=None
[2023-11-02T09:15:04.679-0500] {processor.py:179} INFO - Processing /Users/dimz/EconWizard/hermesvirtual/lib/python3.8/site-packages/airflow/example_dags/example_params_ui_tutorial.py took 0.188 seconds
[2023-11-02T09:17:08.745-0500] {processor.py:157} INFO - Started process (PID=94782) to work on /Users/dimz/EconWizard/hermesvirtual/lib/python3.8/site-packages/airflow/example_dags/example_params_ui_tutorial.py
[2023-11-02T09:17:08.750-0500] {processor.py:829} INFO - Processing file /Users/dimz/EconWizard/hermesvirtual/lib/python3.8/site-packages/airflow/example_dags/example_params_ui_tutorial.py for tasks to queue
[2023-11-02T09:17:08.751-0500] {logging_mixin.py:151} INFO - [2023-11-02T09:17:08.751-0500] {dagbag.py:536} INFO - Filling up the DagBag from /Users/dimz/EconWizard/hermesvirtual/lib/python3.8/site-packages/airflow/example_dags/example_params_ui_tutorial.py
[2023-11-02T09:17:08.828-0500] {processor.py:839} INFO - DAG(s) dict_keys(['example_params_ui_tutorial']) retrieved from /Users/dimz/EconWizard/hermesvirtual/lib/python3.8/site-packages/airflow/example_dags/example_params_ui_tutorial.py
[2023-11-02T09:17:08.924-0500] {logging_mixin.py:151} INFO - [2023-11-02T09:17:08.924-0500] {dag.py:2941} INFO - Sync 1 DAGs
[2023-11-02T09:17:08.930-0500] {logging_mixin.py:151} INFO - [2023-11-02T09:17:08.930-0500] {dag.py:3722} INFO - Setting next_dagrun for example_params_ui_tutorial to None, run_after=None
[2023-11-02T09:17:08.941-0500] {processor.py:179} INFO - Processing /Users/dimz/EconWizard/hermesvirtual/lib/python3.8/site-packages/airflow/example_dags/example_params_ui_tutorial.py took 0.196 seconds
[2023-11-02T09:19:13.171-0500] {processor.py:157} INFO - Started process (PID=94959) to work on /Users/dimz/EconWizard/hermesvirtual/lib/python3.8/site-packages/airflow/example_dags/example_params_ui_tutorial.py
[2023-11-02T09:19:13.176-0500] {processor.py:829} INFO - Processing file /Users/dimz/EconWizard/hermesvirtual/lib/python3.8/site-packages/airflow/example_dags/example_params_ui_tutorial.py for tasks to queue
[2023-11-02T09:19:13.177-0500] {logging_mixin.py:151} INFO - [2023-11-02T09:19:13.177-0500] {dagbag.py:536} INFO - Filling up the DagBag from /Users/dimz/EconWizard/hermesvirtual/lib/python3.8/site-packages/airflow/example_dags/example_params_ui_tutorial.py
[2023-11-02T09:19:13.258-0500] {processor.py:839} INFO - DAG(s) dict_keys(['example_params_ui_tutorial']) retrieved from /Users/dimz/EconWizard/hermesvirtual/lib/python3.8/site-packages/airflow/example_dags/example_params_ui_tutorial.py
[2023-11-02T09:19:13.366-0500] {logging_mixin.py:151} INFO - [2023-11-02T09:19:13.365-0500] {dag.py:2941} INFO - Sync 1 DAGs
[2023-11-02T09:19:13.372-0500] {logging_mixin.py:151} INFO - [2023-11-02T09:19:13.372-0500] {dag.py:3722} INFO - Setting next_dagrun for example_params_ui_tutorial to None, run_after=None
[2023-11-02T09:19:13.384-0500] {processor.py:179} INFO - Processing /Users/dimz/EconWizard/hermesvirtual/lib/python3.8/site-packages/airflow/example_dags/example_params_ui_tutorial.py took 0.214 seconds
[2023-11-02T09:21:21.682-0500] {processor.py:157} INFO - Started process (PID=95112) to work on /Users/dimz/EconWizard/hermesvirtual/lib/python3.8/site-packages/airflow/example_dags/example_params_ui_tutorial.py
[2023-11-02T09:21:21.688-0500] {processor.py:829} INFO - Processing file /Users/dimz/EconWizard/hermesvirtual/lib/python3.8/site-packages/airflow/example_dags/example_params_ui_tutorial.py for tasks to queue
[2023-11-02T09:21:21.688-0500] {logging_mixin.py:151} INFO - [2023-11-02T09:21:21.688-0500] {dagbag.py:536} INFO - Filling up the DagBag from /Users/dimz/EconWizard/hermesvirtual/lib/python3.8/site-packages/airflow/example_dags/example_params_ui_tutorial.py
[2023-11-02T09:21:21.770-0500] {processor.py:839} INFO - DAG(s) dict_keys(['example_params_ui_tutorial']) retrieved from /Users/dimz/EconWizard/hermesvirtual/lib/python3.8/site-packages/airflow/example_dags/example_params_ui_tutorial.py
[2023-11-02T09:21:21.879-0500] {logging_mixin.py:151} INFO - [2023-11-02T09:21:21.879-0500] {dag.py:2941} INFO - Sync 1 DAGs
[2023-11-02T09:21:21.886-0500] {logging_mixin.py:151} INFO - [2023-11-02T09:21:21.886-0500] {dag.py:3722} INFO - Setting next_dagrun for example_params_ui_tutorial to None, run_after=None
[2023-11-02T09:21:21.898-0500] {processor.py:179} INFO - Processing /Users/dimz/EconWizard/hermesvirtual/lib/python3.8/site-packages/airflow/example_dags/example_params_ui_tutorial.py took 0.217 seconds
[2023-11-02T09:23:30.645-0500] {processor.py:157} INFO - Started process (PID=95311) to work on /Users/dimz/EconWizard/hermesvirtual/lib/python3.8/site-packages/airflow/example_dags/example_params_ui_tutorial.py
[2023-11-02T09:23:30.650-0500] {processor.py:829} INFO - Processing file /Users/dimz/EconWizard/hermesvirtual/lib/python3.8/site-packages/airflow/example_dags/example_params_ui_tutorial.py for tasks to queue
[2023-11-02T09:23:30.651-0500] {logging_mixin.py:151} INFO - [2023-11-02T09:23:30.651-0500] {dagbag.py:536} INFO - Filling up the DagBag from /Users/dimz/EconWizard/hermesvirtual/lib/python3.8/site-packages/airflow/example_dags/example_params_ui_tutorial.py
[2023-11-02T09:23:30.729-0500] {processor.py:839} INFO - DAG(s) dict_keys(['example_params_ui_tutorial']) retrieved from /Users/dimz/EconWizard/hermesvirtual/lib/python3.8/site-packages/airflow/example_dags/example_params_ui_tutorial.py
[2023-11-02T09:23:30.829-0500] {logging_mixin.py:151} INFO - [2023-11-02T09:23:30.828-0500] {dag.py:2941} INFO - Sync 1 DAGs
[2023-11-02T09:23:30.835-0500] {logging_mixin.py:151} INFO - [2023-11-02T09:23:30.835-0500] {dag.py:3722} INFO - Setting next_dagrun for example_params_ui_tutorial to None, run_after=None
[2023-11-02T09:23:30.846-0500] {processor.py:179} INFO - Processing /Users/dimz/EconWizard/hermesvirtual/lib/python3.8/site-packages/airflow/example_dags/example_params_ui_tutorial.py took 0.201 seconds
[2023-11-02T09:25:35.891-0500] {processor.py:157} INFO - Started process (PID=95553) to work on /Users/dimz/EconWizard/hermesvirtual/lib/python3.8/site-packages/airflow/example_dags/example_params_ui_tutorial.py
[2023-11-02T09:25:35.896-0500] {processor.py:829} INFO - Processing file /Users/dimz/EconWizard/hermesvirtual/lib/python3.8/site-packages/airflow/example_dags/example_params_ui_tutorial.py for tasks to queue
[2023-11-02T09:25:35.896-0500] {logging_mixin.py:151} INFO - [2023-11-02T09:25:35.896-0500] {dagbag.py:536} INFO - Filling up the DagBag from /Users/dimz/EconWizard/hermesvirtual/lib/python3.8/site-packages/airflow/example_dags/example_params_ui_tutorial.py
[2023-11-02T09:25:35.973-0500] {processor.py:839} INFO - DAG(s) dict_keys(['example_params_ui_tutorial']) retrieved from /Users/dimz/EconWizard/hermesvirtual/lib/python3.8/site-packages/airflow/example_dags/example_params_ui_tutorial.py
[2023-11-02T09:25:36.070-0500] {logging_mixin.py:151} INFO - [2023-11-02T09:25:36.070-0500] {dag.py:2941} INFO - Sync 1 DAGs
[2023-11-02T09:25:36.077-0500] {logging_mixin.py:151} INFO - [2023-11-02T09:25:36.076-0500] {dag.py:3722} INFO - Setting next_dagrun for example_params_ui_tutorial to None, run_after=None
[2023-11-02T09:25:36.087-0500] {processor.py:179} INFO - Processing /Users/dimz/EconWizard/hermesvirtual/lib/python3.8/site-packages/airflow/example_dags/example_params_ui_tutorial.py took 0.196 seconds
[2023-11-02T09:28:23.988-0500] {processor.py:157} INFO - Started process (PID=95792) to work on /Users/dimz/EconWizard/hermesvirtual/lib/python3.8/site-packages/airflow/example_dags/example_params_ui_tutorial.py
[2023-11-02T09:28:23.993-0500] {processor.py:829} INFO - Processing file /Users/dimz/EconWizard/hermesvirtual/lib/python3.8/site-packages/airflow/example_dags/example_params_ui_tutorial.py for tasks to queue
[2023-11-02T09:28:23.994-0500] {logging_mixin.py:151} INFO - [2023-11-02T09:28:23.994-0500] {dagbag.py:536} INFO - Filling up the DagBag from /Users/dimz/EconWizard/hermesvirtual/lib/python3.8/site-packages/airflow/example_dags/example_params_ui_tutorial.py
[2023-11-02T09:28:24.067-0500] {processor.py:839} INFO - DAG(s) dict_keys(['example_params_ui_tutorial']) retrieved from /Users/dimz/EconWizard/hermesvirtual/lib/python3.8/site-packages/airflow/example_dags/example_params_ui_tutorial.py
[2023-11-02T09:28:24.164-0500] {logging_mixin.py:151} INFO - [2023-11-02T09:28:24.164-0500] {dag.py:2941} INFO - Sync 1 DAGs
[2023-11-02T09:28:24.170-0500] {logging_mixin.py:151} INFO - [2023-11-02T09:28:24.170-0500] {dag.py:3722} INFO - Setting next_dagrun for example_params_ui_tutorial to None, run_after=None
[2023-11-02T09:28:24.182-0500] {processor.py:179} INFO - Processing /Users/dimz/EconWizard/hermesvirtual/lib/python3.8/site-packages/airflow/example_dags/example_params_ui_tutorial.py took 0.194 seconds
[2023-11-02T09:30:41.875-0500] {processor.py:157} INFO - Started process (PID=95977) to work on /Users/dimz/EconWizard/hermesvirtual/lib/python3.8/site-packages/airflow/example_dags/example_params_ui_tutorial.py
[2023-11-02T09:30:41.880-0500] {processor.py:829} INFO - Processing file /Users/dimz/EconWizard/hermesvirtual/lib/python3.8/site-packages/airflow/example_dags/example_params_ui_tutorial.py for tasks to queue
[2023-11-02T09:30:41.881-0500] {logging_mixin.py:151} INFO - [2023-11-02T09:30:41.881-0500] {dagbag.py:536} INFO - Filling up the DagBag from /Users/dimz/EconWizard/hermesvirtual/lib/python3.8/site-packages/airflow/example_dags/example_params_ui_tutorial.py
[2023-11-02T09:30:41.960-0500] {processor.py:839} INFO - DAG(s) dict_keys(['example_params_ui_tutorial']) retrieved from /Users/dimz/EconWizard/hermesvirtual/lib/python3.8/site-packages/airflow/example_dags/example_params_ui_tutorial.py
[2023-11-02T09:30:42.054-0500] {logging_mixin.py:151} INFO - [2023-11-02T09:30:42.054-0500] {dag.py:2941} INFO - Sync 1 DAGs
[2023-11-02T09:30:42.060-0500] {logging_mixin.py:151} INFO - [2023-11-02T09:30:42.059-0500] {dag.py:3722} INFO - Setting next_dagrun for example_params_ui_tutorial to None, run_after=None
[2023-11-02T09:30:42.070-0500] {processor.py:179} INFO - Processing /Users/dimz/EconWizard/hermesvirtual/lib/python3.8/site-packages/airflow/example_dags/example_params_ui_tutorial.py took 0.195 seconds
[2023-11-02T10:13:31.226-0500] {processor.py:157} INFO - Started process (PID=97558) to work on /Users/dimz/EconWizard/hermesvirtual/lib/python3.8/site-packages/airflow/example_dags/example_params_ui_tutorial.py
[2023-11-02T10:13:31.232-0500] {processor.py:829} INFO - Processing file /Users/dimz/EconWizard/hermesvirtual/lib/python3.8/site-packages/airflow/example_dags/example_params_ui_tutorial.py for tasks to queue
[2023-11-02T10:13:31.232-0500] {logging_mixin.py:151} INFO - [2023-11-02T10:13:31.232-0500] {dagbag.py:536} INFO - Filling up the DagBag from /Users/dimz/EconWizard/hermesvirtual/lib/python3.8/site-packages/airflow/example_dags/example_params_ui_tutorial.py
[2023-11-02T10:13:31.305-0500] {processor.py:839} INFO - DAG(s) dict_keys(['example_params_ui_tutorial']) retrieved from /Users/dimz/EconWizard/hermesvirtual/lib/python3.8/site-packages/airflow/example_dags/example_params_ui_tutorial.py
[2023-11-02T10:13:31.399-0500] {logging_mixin.py:151} INFO - [2023-11-02T10:13:31.399-0500] {dag.py:2941} INFO - Sync 1 DAGs
[2023-11-02T10:13:31.405-0500] {logging_mixin.py:151} INFO - [2023-11-02T10:13:31.405-0500] {dag.py:3722} INFO - Setting next_dagrun for example_params_ui_tutorial to None, run_after=None
[2023-11-02T10:13:31.415-0500] {processor.py:179} INFO - Processing /Users/dimz/EconWizard/hermesvirtual/lib/python3.8/site-packages/airflow/example_dags/example_params_ui_tutorial.py took 0.189 seconds
[2023-11-02T10:15:03.778-0500] {processor.py:157} INFO - Started process (PID=97655) to work on /Users/dimz/EconWizard/hermesvirtual/lib/python3.8/site-packages/airflow/example_dags/example_params_ui_tutorial.py
[2023-11-02T10:15:03.782-0500] {processor.py:829} INFO - Processing file /Users/dimz/EconWizard/hermesvirtual/lib/python3.8/site-packages/airflow/example_dags/example_params_ui_tutorial.py for tasks to queue
[2023-11-02T10:15:03.783-0500] {logging_mixin.py:151} INFO - [2023-11-02T10:15:03.783-0500] {dagbag.py:536} INFO - Filling up the DagBag from /Users/dimz/EconWizard/hermesvirtual/lib/python3.8/site-packages/airflow/example_dags/example_params_ui_tutorial.py
[2023-11-02T10:15:03.861-0500] {processor.py:839} INFO - DAG(s) dict_keys(['example_params_ui_tutorial']) retrieved from /Users/dimz/EconWizard/hermesvirtual/lib/python3.8/site-packages/airflow/example_dags/example_params_ui_tutorial.py
[2023-11-02T10:15:03.956-0500] {logging_mixin.py:151} INFO - [2023-11-02T10:15:03.955-0500] {dag.py:2941} INFO - Sync 1 DAGs
[2023-11-02T10:15:03.961-0500] {logging_mixin.py:151} INFO - [2023-11-02T10:15:03.961-0500] {dag.py:3722} INFO - Setting next_dagrun for example_params_ui_tutorial to None, run_after=None
[2023-11-02T10:15:03.971-0500] {processor.py:179} INFO - Processing /Users/dimz/EconWizard/hermesvirtual/lib/python3.8/site-packages/airflow/example_dags/example_params_ui_tutorial.py took 0.194 seconds
[2023-11-02T10:39:19.674-0500] {processor.py:157} INFO - Started process (PID=99891) to work on /Users/dimz/EconWizard/hermesvirtual/lib/python3.8/site-packages/airflow/example_dags/example_params_ui_tutorial.py
[2023-11-02T10:39:19.680-0500] {processor.py:829} INFO - Processing file /Users/dimz/EconWizard/hermesvirtual/lib/python3.8/site-packages/airflow/example_dags/example_params_ui_tutorial.py for tasks to queue
[2023-11-02T10:39:19.680-0500] {logging_mixin.py:151} INFO - [2023-11-02T10:39:19.680-0500] {dagbag.py:536} INFO - Filling up the DagBag from /Users/dimz/EconWizard/hermesvirtual/lib/python3.8/site-packages/airflow/example_dags/example_params_ui_tutorial.py
[2023-11-02T10:39:19.760-0500] {processor.py:839} INFO - DAG(s) dict_keys(['example_params_ui_tutorial']) retrieved from /Users/dimz/EconWizard/hermesvirtual/lib/python3.8/site-packages/airflow/example_dags/example_params_ui_tutorial.py
[2023-11-02T10:39:19.860-0500] {logging_mixin.py:151} INFO - [2023-11-02T10:39:19.860-0500] {dag.py:2941} INFO - Sync 1 DAGs
[2023-11-02T10:39:19.866-0500] {logging_mixin.py:151} INFO - [2023-11-02T10:39:19.866-0500] {dag.py:3722} INFO - Setting next_dagrun for example_params_ui_tutorial to None, run_after=None
[2023-11-02T10:39:19.877-0500] {processor.py:179} INFO - Processing /Users/dimz/EconWizard/hermesvirtual/lib/python3.8/site-packages/airflow/example_dags/example_params_ui_tutorial.py took 0.204 seconds
[2023-11-02T10:40:53.596-0500] {processor.py:157} INFO - Started process (PID=109) to work on /Users/dimz/EconWizard/hermesvirtual/lib/python3.8/site-packages/airflow/example_dags/example_params_ui_tutorial.py
[2023-11-02T10:40:53.602-0500] {processor.py:829} INFO - Processing file /Users/dimz/EconWizard/hermesvirtual/lib/python3.8/site-packages/airflow/example_dags/example_params_ui_tutorial.py for tasks to queue
[2023-11-02T10:40:53.602-0500] {logging_mixin.py:151} INFO - [2023-11-02T10:40:53.602-0500] {dagbag.py:536} INFO - Filling up the DagBag from /Users/dimz/EconWizard/hermesvirtual/lib/python3.8/site-packages/airflow/example_dags/example_params_ui_tutorial.py
[2023-11-02T10:40:53.677-0500] {processor.py:839} INFO - DAG(s) dict_keys(['example_params_ui_tutorial']) retrieved from /Users/dimz/EconWizard/hermesvirtual/lib/python3.8/site-packages/airflow/example_dags/example_params_ui_tutorial.py
[2023-11-02T10:40:53.773-0500] {logging_mixin.py:151} INFO - [2023-11-02T10:40:53.773-0500] {dag.py:2941} INFO - Sync 1 DAGs
[2023-11-02T10:40:53.779-0500] {logging_mixin.py:151} INFO - [2023-11-02T10:40:53.779-0500] {dag.py:3722} INFO - Setting next_dagrun for example_params_ui_tutorial to None, run_after=None
[2023-11-02T10:40:53.789-0500] {processor.py:179} INFO - Processing /Users/dimz/EconWizard/hermesvirtual/lib/python3.8/site-packages/airflow/example_dags/example_params_ui_tutorial.py took 0.193 seconds
[2023-11-02T10:42:56.121-0500] {processor.py:157} INFO - Started process (PID=386) to work on /Users/dimz/EconWizard/hermesvirtual/lib/python3.8/site-packages/airflow/example_dags/example_params_ui_tutorial.py
[2023-11-02T10:42:56.126-0500] {processor.py:829} INFO - Processing file /Users/dimz/EconWizard/hermesvirtual/lib/python3.8/site-packages/airflow/example_dags/example_params_ui_tutorial.py for tasks to queue
[2023-11-02T10:42:56.126-0500] {logging_mixin.py:151} INFO - [2023-11-02T10:42:56.126-0500] {dagbag.py:536} INFO - Filling up the DagBag from /Users/dimz/EconWizard/hermesvirtual/lib/python3.8/site-packages/airflow/example_dags/example_params_ui_tutorial.py
[2023-11-02T10:42:56.211-0500] {processor.py:839} INFO - DAG(s) dict_keys(['example_params_ui_tutorial']) retrieved from /Users/dimz/EconWizard/hermesvirtual/lib/python3.8/site-packages/airflow/example_dags/example_params_ui_tutorial.py
[2023-11-02T10:42:56.319-0500] {logging_mixin.py:151} INFO - [2023-11-02T10:42:56.318-0500] {dag.py:2941} INFO - Sync 1 DAGs
[2023-11-02T10:42:56.325-0500] {logging_mixin.py:151} INFO - [2023-11-02T10:42:56.325-0500] {dag.py:3722} INFO - Setting next_dagrun for example_params_ui_tutorial to None, run_after=None
[2023-11-02T10:42:56.338-0500] {processor.py:179} INFO - Processing /Users/dimz/EconWizard/hermesvirtual/lib/python3.8/site-packages/airflow/example_dags/example_params_ui_tutorial.py took 0.218 seconds
