[2023-11-01T21:36:34.757-0500] {processor.py:157} INFO - Started process (PID=87783) to work on /Users/dimz/EconWizard/hermesvirtual/lib/python3.8/site-packages/airflow/example_dags/example_branch_datetime_operator.py
[2023-11-01T21:36:34.761-0500] {processor.py:829} INFO - Processing file /Users/dimz/EconWizard/hermesvirtual/lib/python3.8/site-packages/airflow/example_dags/example_branch_datetime_operator.py for tasks to queue
[2023-11-01T21:36:34.761-0500] {logging_mixin.py:151} INFO - [2023-11-01T21:36:34.761-0500] {dagbag.py:536} INFO - Filling up the DagBag from /Users/dimz/EconWizard/hermesvirtual/lib/python3.8/site-packages/airflow/example_dags/example_branch_datetime_operator.py
[2023-11-01T21:36:34.779-0500] {processor.py:839} INFO - DAG(s) dict_keys(['example_branch_datetime_operator', 'example_branch_datetime_operator_2', 'example_branch_datetime_operator_3']) retrieved from /Users/dimz/EconWizard/hermesvirtual/lib/python3.8/site-packages/airflow/example_dags/example_branch_datetime_operator.py
[2023-11-01T21:36:35.131-0500] {logging_mixin.py:151} INFO - [2023-11-01T21:36:35.130-0500] {manager.py:499} INFO - Created Permission View: %s
[2023-11-01T21:36:35.136-0500] {logging_mixin.py:151} INFO - [2023-11-01T21:36:35.135-0500] {manager.py:499} INFO - Created Permission View: %s
[2023-11-01T21:36:35.139-0500] {logging_mixin.py:151} INFO - [2023-11-01T21:36:35.138-0500] {manager.py:499} INFO - Created Permission View: %s
[2023-11-01T21:36:35.145-0500] {logging_mixin.py:151} INFO - [2023-11-01T21:36:35.145-0500] {manager.py:499} INFO - Created Permission View: %s
[2023-11-01T21:36:35.148-0500] {logging_mixin.py:151} INFO - [2023-11-01T21:36:35.148-0500] {manager.py:499} INFO - Created Permission View: %s
[2023-11-01T21:36:35.151-0500] {logging_mixin.py:151} INFO - [2023-11-01T21:36:35.151-0500] {manager.py:499} INFO - Created Permission View: %s
[2023-11-01T21:36:35.157-0500] {logging_mixin.py:151} INFO - [2023-11-01T21:36:35.157-0500] {manager.py:499} INFO - Created Permission View: %s
[2023-11-01T21:36:35.160-0500] {logging_mixin.py:151} INFO - [2023-11-01T21:36:35.159-0500] {manager.py:499} INFO - Created Permission View: %s
[2023-11-01T21:36:35.162-0500] {logging_mixin.py:151} INFO - [2023-11-01T21:36:35.162-0500] {manager.py:499} INFO - Created Permission View: %s
[2023-11-01T21:36:35.163-0500] {logging_mixin.py:151} INFO - [2023-11-01T21:36:35.162-0500] {dag.py:2941} INFO - Sync 3 DAGs
[2023-11-01T21:36:35.168-0500] {logging_mixin.py:151} INFO - [2023-11-01T21:36:35.168-0500] {dag.py:2963} INFO - Creating ORM DAG for example_branch_datetime_operator
[2023-11-01T21:36:35.168-0500] {logging_mixin.py:151} INFO - [2023-11-01T21:36:35.168-0500] {dag.py:2963} INFO - Creating ORM DAG for example_branch_datetime_operator_2
[2023-11-01T21:36:35.169-0500] {logging_mixin.py:151} INFO - [2023-11-01T21:36:35.169-0500] {dag.py:2963} INFO - Creating ORM DAG for example_branch_datetime_operator_3
[2023-11-01T21:36:35.174-0500] {logging_mixin.py:151} INFO - [2023-11-01T21:36:35.174-0500] {dag.py:3722} INFO - Setting next_dagrun for example_branch_datetime_operator to 2023-11-01T00:00:00+00:00, run_after=2023-11-02T00:00:00+00:00
[2023-11-01T21:36:35.175-0500] {logging_mixin.py:151} INFO - [2023-11-01T21:36:35.175-0500] {dag.py:3722} INFO - Setting next_dagrun for example_branch_datetime_operator_2 to 2023-11-01T00:00:00+00:00, run_after=2023-11-02T00:00:00+00:00
[2023-11-01T21:36:35.176-0500] {logging_mixin.py:151} INFO - [2023-11-01T21:36:35.176-0500] {dag.py:3722} INFO - Setting next_dagrun for example_branch_datetime_operator_3 to 2023-11-01T00:00:00+00:00, run_after=2023-11-02T00:00:00+00:00
[2023-11-01T21:36:35.186-0500] {processor.py:179} INFO - Processing /Users/dimz/EconWizard/hermesvirtual/lib/python3.8/site-packages/airflow/example_dags/example_branch_datetime_operator.py took 0.429 seconds
[2023-11-01T21:38:27.737-0500] {processor.py:157} INFO - Started process (PID=87984) to work on /Users/dimz/EconWizard/hermesvirtual/lib/python3.8/site-packages/airflow/example_dags/example_branch_datetime_operator.py
[2023-11-01T21:38:27.742-0500] {processor.py:829} INFO - Processing file /Users/dimz/EconWizard/hermesvirtual/lib/python3.8/site-packages/airflow/example_dags/example_branch_datetime_operator.py for tasks to queue
[2023-11-01T21:38:27.743-0500] {logging_mixin.py:151} INFO - [2023-11-01T21:38:27.742-0500] {dagbag.py:536} INFO - Filling up the DagBag from /Users/dimz/EconWizard/hermesvirtual/lib/python3.8/site-packages/airflow/example_dags/example_branch_datetime_operator.py
[2023-11-01T21:38:27.761-0500] {processor.py:839} INFO - DAG(s) dict_keys(['example_branch_datetime_operator', 'example_branch_datetime_operator_3', 'example_branch_datetime_operator_2']) retrieved from /Users/dimz/EconWizard/hermesvirtual/lib/python3.8/site-packages/airflow/example_dags/example_branch_datetime_operator.py
[2023-11-01T21:38:27.868-0500] {logging_mixin.py:151} INFO - [2023-11-01T21:38:27.867-0500] {dag.py:2941} INFO - Sync 3 DAGs
[2023-11-01T21:38:27.878-0500] {logging_mixin.py:151} INFO - [2023-11-01T21:38:27.877-0500] {dag.py:3722} INFO - Setting next_dagrun for example_branch_datetime_operator to 2023-11-01T00:00:00+00:00, run_after=2023-11-02T00:00:00+00:00
[2023-11-01T21:38:27.880-0500] {logging_mixin.py:151} INFO - [2023-11-01T21:38:27.880-0500] {dag.py:3722} INFO - Setting next_dagrun for example_branch_datetime_operator_2 to 2023-11-01T00:00:00+00:00, run_after=2023-11-02T00:00:00+00:00
[2023-11-01T21:38:27.881-0500] {logging_mixin.py:151} INFO - [2023-11-01T21:38:27.881-0500] {dag.py:3722} INFO - Setting next_dagrun for example_branch_datetime_operator_3 to 2023-11-01T00:00:00+00:00, run_after=2023-11-02T00:00:00+00:00
[2023-11-01T21:38:27.891-0500] {processor.py:179} INFO - Processing /Users/dimz/EconWizard/hermesvirtual/lib/python3.8/site-packages/airflow/example_dags/example_branch_datetime_operator.py took 0.154 seconds
[2023-11-01T21:40:22.579-0500] {processor.py:157} INFO - Started process (PID=88222) to work on /Users/dimz/EconWizard/hermesvirtual/lib/python3.8/site-packages/airflow/example_dags/example_branch_datetime_operator.py
[2023-11-01T21:40:22.584-0500] {processor.py:829} INFO - Processing file /Users/dimz/EconWizard/hermesvirtual/lib/python3.8/site-packages/airflow/example_dags/example_branch_datetime_operator.py for tasks to queue
[2023-11-01T21:40:22.585-0500] {logging_mixin.py:151} INFO - [2023-11-01T21:40:22.585-0500] {dagbag.py:536} INFO - Filling up the DagBag from /Users/dimz/EconWizard/hermesvirtual/lib/python3.8/site-packages/airflow/example_dags/example_branch_datetime_operator.py
[2023-11-01T21:40:22.603-0500] {processor.py:839} INFO - DAG(s) dict_keys(['example_branch_datetime_operator', 'example_branch_datetime_operator_3', 'example_branch_datetime_operator_2']) retrieved from /Users/dimz/EconWizard/hermesvirtual/lib/python3.8/site-packages/airflow/example_dags/example_branch_datetime_operator.py
[2023-11-01T21:40:22.708-0500] {logging_mixin.py:151} INFO - [2023-11-01T21:40:22.708-0500] {dag.py:2941} INFO - Sync 3 DAGs
[2023-11-01T21:40:22.718-0500] {logging_mixin.py:151} INFO - [2023-11-01T21:40:22.718-0500] {dag.py:3722} INFO - Setting next_dagrun for example_branch_datetime_operator to 2023-11-01T00:00:00+00:00, run_after=2023-11-02T00:00:00+00:00
[2023-11-01T21:40:22.721-0500] {logging_mixin.py:151} INFO - [2023-11-01T21:40:22.721-0500] {dag.py:3722} INFO - Setting next_dagrun for example_branch_datetime_operator_2 to 2023-11-01T00:00:00+00:00, run_after=2023-11-02T00:00:00+00:00
[2023-11-01T21:40:22.722-0500] {logging_mixin.py:151} INFO - [2023-11-01T21:40:22.722-0500] {dag.py:3722} INFO - Setting next_dagrun for example_branch_datetime_operator_3 to 2023-11-01T00:00:00+00:00, run_after=2023-11-02T00:00:00+00:00
[2023-11-01T21:40:22.731-0500] {processor.py:179} INFO - Processing /Users/dimz/EconWizard/hermesvirtual/lib/python3.8/site-packages/airflow/example_dags/example_branch_datetime_operator.py took 0.152 seconds
[2023-11-01T21:42:19.225-0500] {processor.py:157} INFO - Started process (PID=88497) to work on /Users/dimz/EconWizard/hermesvirtual/lib/python3.8/site-packages/airflow/example_dags/example_branch_datetime_operator.py
[2023-11-01T21:42:19.230-0500] {processor.py:829} INFO - Processing file /Users/dimz/EconWizard/hermesvirtual/lib/python3.8/site-packages/airflow/example_dags/example_branch_datetime_operator.py for tasks to queue
[2023-11-01T21:42:19.231-0500] {logging_mixin.py:151} INFO - [2023-11-01T21:42:19.231-0500] {dagbag.py:536} INFO - Filling up the DagBag from /Users/dimz/EconWizard/hermesvirtual/lib/python3.8/site-packages/airflow/example_dags/example_branch_datetime_operator.py
[2023-11-01T21:42:19.252-0500] {processor.py:839} INFO - DAG(s) dict_keys(['example_branch_datetime_operator_3', 'example_branch_datetime_operator', 'example_branch_datetime_operator_2']) retrieved from /Users/dimz/EconWizard/hermesvirtual/lib/python3.8/site-packages/airflow/example_dags/example_branch_datetime_operator.py
[2023-11-01T21:42:19.372-0500] {logging_mixin.py:151} INFO - [2023-11-01T21:42:19.371-0500] {dag.py:2941} INFO - Sync 3 DAGs
[2023-11-01T21:42:19.383-0500] {logging_mixin.py:151} INFO - [2023-11-01T21:42:19.383-0500] {dag.py:3722} INFO - Setting next_dagrun for example_branch_datetime_operator to 2023-11-01T00:00:00+00:00, run_after=2023-11-02T00:00:00+00:00
[2023-11-01T21:42:19.386-0500] {logging_mixin.py:151} INFO - [2023-11-01T21:42:19.385-0500] {dag.py:3722} INFO - Setting next_dagrun for example_branch_datetime_operator_2 to 2023-11-01T00:00:00+00:00, run_after=2023-11-02T00:00:00+00:00
[2023-11-01T21:42:19.387-0500] {logging_mixin.py:151} INFO - [2023-11-01T21:42:19.387-0500] {dag.py:3722} INFO - Setting next_dagrun for example_branch_datetime_operator_3 to 2023-11-01T00:00:00+00:00, run_after=2023-11-02T00:00:00+00:00
[2023-11-01T21:42:19.398-0500] {processor.py:179} INFO - Processing /Users/dimz/EconWizard/hermesvirtual/lib/python3.8/site-packages/airflow/example_dags/example_branch_datetime_operator.py took 0.174 seconds
[2023-11-01T21:44:11.117-0500] {processor.py:157} INFO - Started process (PID=88708) to work on /Users/dimz/EconWizard/hermesvirtual/lib/python3.8/site-packages/airflow/example_dags/example_branch_datetime_operator.py
[2023-11-01T21:44:11.122-0500] {processor.py:829} INFO - Processing file /Users/dimz/EconWizard/hermesvirtual/lib/python3.8/site-packages/airflow/example_dags/example_branch_datetime_operator.py for tasks to queue
[2023-11-01T21:44:11.122-0500] {logging_mixin.py:151} INFO - [2023-11-01T21:44:11.122-0500] {dagbag.py:536} INFO - Filling up the DagBag from /Users/dimz/EconWizard/hermesvirtual/lib/python3.8/site-packages/airflow/example_dags/example_branch_datetime_operator.py
[2023-11-01T21:44:11.141-0500] {processor.py:839} INFO - DAG(s) dict_keys(['example_branch_datetime_operator', 'example_branch_datetime_operator_2', 'example_branch_datetime_operator_3']) retrieved from /Users/dimz/EconWizard/hermesvirtual/lib/python3.8/site-packages/airflow/example_dags/example_branch_datetime_operator.py
[2023-11-01T21:44:11.249-0500] {logging_mixin.py:151} INFO - [2023-11-01T21:44:11.249-0500] {dag.py:2941} INFO - Sync 3 DAGs
[2023-11-01T21:44:11.259-0500] {logging_mixin.py:151} INFO - [2023-11-01T21:44:11.259-0500] {dag.py:3722} INFO - Setting next_dagrun for example_branch_datetime_operator to 2023-11-01T00:00:00+00:00, run_after=2023-11-02T00:00:00+00:00
[2023-11-01T21:44:11.261-0500] {logging_mixin.py:151} INFO - [2023-11-01T21:44:11.261-0500] {dag.py:3722} INFO - Setting next_dagrun for example_branch_datetime_operator_2 to 2023-11-01T00:00:00+00:00, run_after=2023-11-02T00:00:00+00:00
[2023-11-01T21:44:11.262-0500] {logging_mixin.py:151} INFO - [2023-11-01T21:44:11.262-0500] {dag.py:3722} INFO - Setting next_dagrun for example_branch_datetime_operator_3 to 2023-11-01T00:00:00+00:00, run_after=2023-11-02T00:00:00+00:00
[2023-11-01T21:44:11.272-0500] {processor.py:179} INFO - Processing /Users/dimz/EconWizard/hermesvirtual/lib/python3.8/site-packages/airflow/example_dags/example_branch_datetime_operator.py took 0.155 seconds
[2023-11-01T21:46:13.412-0500] {processor.py:157} INFO - Started process (PID=88894) to work on /Users/dimz/EconWizard/hermesvirtual/lib/python3.8/site-packages/airflow/example_dags/example_branch_datetime_operator.py
[2023-11-01T21:46:13.417-0500] {processor.py:829} INFO - Processing file /Users/dimz/EconWizard/hermesvirtual/lib/python3.8/site-packages/airflow/example_dags/example_branch_datetime_operator.py for tasks to queue
[2023-11-01T21:46:13.417-0500] {logging_mixin.py:151} INFO - [2023-11-01T21:46:13.417-0500] {dagbag.py:536} INFO - Filling up the DagBag from /Users/dimz/EconWizard/hermesvirtual/lib/python3.8/site-packages/airflow/example_dags/example_branch_datetime_operator.py
[2023-11-01T21:46:13.437-0500] {processor.py:839} INFO - DAG(s) dict_keys(['example_branch_datetime_operator_2', 'example_branch_datetime_operator_3', 'example_branch_datetime_operator']) retrieved from /Users/dimz/EconWizard/hermesvirtual/lib/python3.8/site-packages/airflow/example_dags/example_branch_datetime_operator.py
[2023-11-01T21:46:13.555-0500] {logging_mixin.py:151} INFO - [2023-11-01T21:46:13.555-0500] {dag.py:2941} INFO - Sync 3 DAGs
[2023-11-01T21:46:13.565-0500] {logging_mixin.py:151} INFO - [2023-11-01T21:46:13.565-0500] {dag.py:3722} INFO - Setting next_dagrun for example_branch_datetime_operator to 2023-11-01T00:00:00+00:00, run_after=2023-11-02T00:00:00+00:00
[2023-11-01T21:46:13.568-0500] {logging_mixin.py:151} INFO - [2023-11-01T21:46:13.568-0500] {dag.py:3722} INFO - Setting next_dagrun for example_branch_datetime_operator_2 to 2023-11-01T00:00:00+00:00, run_after=2023-11-02T00:00:00+00:00
[2023-11-01T21:46:13.569-0500] {logging_mixin.py:151} INFO - [2023-11-01T21:46:13.569-0500] {dag.py:3722} INFO - Setting next_dagrun for example_branch_datetime_operator_3 to 2023-11-01T00:00:00+00:00, run_after=2023-11-02T00:00:00+00:00
[2023-11-01T21:46:13.578-0500] {processor.py:179} INFO - Processing /Users/dimz/EconWizard/hermesvirtual/lib/python3.8/site-packages/airflow/example_dags/example_branch_datetime_operator.py took 0.167 seconds
[2023-11-01T21:48:15.388-0500] {processor.py:157} INFO - Started process (PID=89123) to work on /Users/dimz/EconWizard/hermesvirtual/lib/python3.8/site-packages/airflow/example_dags/example_branch_datetime_operator.py
[2023-11-01T21:48:15.393-0500] {processor.py:829} INFO - Processing file /Users/dimz/EconWizard/hermesvirtual/lib/python3.8/site-packages/airflow/example_dags/example_branch_datetime_operator.py for tasks to queue
[2023-11-01T21:48:15.394-0500] {logging_mixin.py:151} INFO - [2023-11-01T21:48:15.393-0500] {dagbag.py:536} INFO - Filling up the DagBag from /Users/dimz/EconWizard/hermesvirtual/lib/python3.8/site-packages/airflow/example_dags/example_branch_datetime_operator.py
[2023-11-01T21:48:15.412-0500] {processor.py:839} INFO - DAG(s) dict_keys(['example_branch_datetime_operator', 'example_branch_datetime_operator_3', 'example_branch_datetime_operator_2']) retrieved from /Users/dimz/EconWizard/hermesvirtual/lib/python3.8/site-packages/airflow/example_dags/example_branch_datetime_operator.py
[2023-11-01T21:48:15.518-0500] {logging_mixin.py:151} INFO - [2023-11-01T21:48:15.518-0500] {dag.py:2941} INFO - Sync 3 DAGs
[2023-11-01T21:48:15.528-0500] {logging_mixin.py:151} INFO - [2023-11-01T21:48:15.528-0500] {dag.py:3722} INFO - Setting next_dagrun for example_branch_datetime_operator to 2023-11-01T00:00:00+00:00, run_after=2023-11-02T00:00:00+00:00
[2023-11-01T21:48:15.530-0500] {logging_mixin.py:151} INFO - [2023-11-01T21:48:15.530-0500] {dag.py:3722} INFO - Setting next_dagrun for example_branch_datetime_operator_2 to 2023-11-01T00:00:00+00:00, run_after=2023-11-02T00:00:00+00:00
[2023-11-01T21:48:15.531-0500] {logging_mixin.py:151} INFO - [2023-11-01T21:48:15.531-0500] {dag.py:3722} INFO - Setting next_dagrun for example_branch_datetime_operator_3 to 2023-11-01T00:00:00+00:00, run_after=2023-11-02T00:00:00+00:00
[2023-11-01T21:48:15.541-0500] {processor.py:179} INFO - Processing /Users/dimz/EconWizard/hermesvirtual/lib/python3.8/site-packages/airflow/example_dags/example_branch_datetime_operator.py took 0.153 seconds
[2023-11-01T21:50:14.997-0500] {processor.py:157} INFO - Started process (PID=89296) to work on /Users/dimz/EconWizard/hermesvirtual/lib/python3.8/site-packages/airflow/example_dags/example_branch_datetime_operator.py
[2023-11-01T21:50:15.002-0500] {processor.py:829} INFO - Processing file /Users/dimz/EconWizard/hermesvirtual/lib/python3.8/site-packages/airflow/example_dags/example_branch_datetime_operator.py for tasks to queue
[2023-11-01T21:50:15.003-0500] {logging_mixin.py:151} INFO - [2023-11-01T21:50:15.002-0500] {dagbag.py:536} INFO - Filling up the DagBag from /Users/dimz/EconWizard/hermesvirtual/lib/python3.8/site-packages/airflow/example_dags/example_branch_datetime_operator.py
[2023-11-01T21:50:15.024-0500] {processor.py:839} INFO - DAG(s) dict_keys(['example_branch_datetime_operator_3', 'example_branch_datetime_operator', 'example_branch_datetime_operator_2']) retrieved from /Users/dimz/EconWizard/hermesvirtual/lib/python3.8/site-packages/airflow/example_dags/example_branch_datetime_operator.py
[2023-11-01T21:50:15.148-0500] {logging_mixin.py:151} INFO - [2023-11-01T21:50:15.147-0500] {dag.py:2941} INFO - Sync 3 DAGs
[2023-11-01T21:50:15.159-0500] {logging_mixin.py:151} INFO - [2023-11-01T21:50:15.159-0500] {dag.py:3722} INFO - Setting next_dagrun for example_branch_datetime_operator to 2023-11-01T00:00:00+00:00, run_after=2023-11-02T00:00:00+00:00
[2023-11-01T21:50:15.162-0500] {logging_mixin.py:151} INFO - [2023-11-01T21:50:15.162-0500] {dag.py:3722} INFO - Setting next_dagrun for example_branch_datetime_operator_2 to 2023-11-01T00:00:00+00:00, run_after=2023-11-02T00:00:00+00:00
[2023-11-01T21:50:15.163-0500] {logging_mixin.py:151} INFO - [2023-11-01T21:50:15.163-0500] {dag.py:3722} INFO - Setting next_dagrun for example_branch_datetime_operator_3 to 2023-11-01T00:00:00+00:00, run_after=2023-11-02T00:00:00+00:00
[2023-11-01T21:50:15.174-0500] {processor.py:179} INFO - Processing /Users/dimz/EconWizard/hermesvirtual/lib/python3.8/site-packages/airflow/example_dags/example_branch_datetime_operator.py took 0.178 seconds
[2023-11-01T21:52:13.812-0500] {processor.py:157} INFO - Started process (PID=89444) to work on /Users/dimz/EconWizard/hermesvirtual/lib/python3.8/site-packages/airflow/example_dags/example_branch_datetime_operator.py
[2023-11-01T21:52:13.817-0500] {processor.py:829} INFO - Processing file /Users/dimz/EconWizard/hermesvirtual/lib/python3.8/site-packages/airflow/example_dags/example_branch_datetime_operator.py for tasks to queue
[2023-11-01T21:52:13.818-0500] {logging_mixin.py:151} INFO - [2023-11-01T21:52:13.818-0500] {dagbag.py:536} INFO - Filling up the DagBag from /Users/dimz/EconWizard/hermesvirtual/lib/python3.8/site-packages/airflow/example_dags/example_branch_datetime_operator.py
[2023-11-01T21:52:13.837-0500] {processor.py:839} INFO - DAG(s) dict_keys(['example_branch_datetime_operator_2', 'example_branch_datetime_operator', 'example_branch_datetime_operator_3']) retrieved from /Users/dimz/EconWizard/hermesvirtual/lib/python3.8/site-packages/airflow/example_dags/example_branch_datetime_operator.py
[2023-11-01T21:52:13.944-0500] {logging_mixin.py:151} INFO - [2023-11-01T21:52:13.944-0500] {dag.py:2941} INFO - Sync 3 DAGs
[2023-11-01T21:52:13.954-0500] {logging_mixin.py:151} INFO - [2023-11-01T21:52:13.954-0500] {dag.py:3722} INFO - Setting next_dagrun for example_branch_datetime_operator to 2023-11-01T00:00:00+00:00, run_after=2023-11-02T00:00:00+00:00
[2023-11-01T21:52:13.956-0500] {logging_mixin.py:151} INFO - [2023-11-01T21:52:13.956-0500] {dag.py:3722} INFO - Setting next_dagrun for example_branch_datetime_operator_2 to 2023-11-01T00:00:00+00:00, run_after=2023-11-02T00:00:00+00:00
[2023-11-01T21:52:13.957-0500] {logging_mixin.py:151} INFO - [2023-11-01T21:52:13.957-0500] {dag.py:3722} INFO - Setting next_dagrun for example_branch_datetime_operator_3 to 2023-11-01T00:00:00+00:00, run_after=2023-11-02T00:00:00+00:00
[2023-11-01T21:52:13.967-0500] {processor.py:179} INFO - Processing /Users/dimz/EconWizard/hermesvirtual/lib/python3.8/site-packages/airflow/example_dags/example_branch_datetime_operator.py took 0.155 seconds
[2023-11-01T21:54:10.189-0500] {processor.py:157} INFO - Started process (PID=89621) to work on /Users/dimz/EconWizard/hermesvirtual/lib/python3.8/site-packages/airflow/example_dags/example_branch_datetime_operator.py
[2023-11-01T21:54:10.194-0500] {processor.py:829} INFO - Processing file /Users/dimz/EconWizard/hermesvirtual/lib/python3.8/site-packages/airflow/example_dags/example_branch_datetime_operator.py for tasks to queue
[2023-11-01T21:54:10.195-0500] {logging_mixin.py:151} INFO - [2023-11-01T21:54:10.194-0500] {dagbag.py:536} INFO - Filling up the DagBag from /Users/dimz/EconWizard/hermesvirtual/lib/python3.8/site-packages/airflow/example_dags/example_branch_datetime_operator.py
[2023-11-01T21:54:10.216-0500] {processor.py:839} INFO - DAG(s) dict_keys(['example_branch_datetime_operator_3', 'example_branch_datetime_operator_2', 'example_branch_datetime_operator']) retrieved from /Users/dimz/EconWizard/hermesvirtual/lib/python3.8/site-packages/airflow/example_dags/example_branch_datetime_operator.py
[2023-11-01T21:54:10.339-0500] {logging_mixin.py:151} INFO - [2023-11-01T21:54:10.339-0500] {dag.py:2941} INFO - Sync 3 DAGs
[2023-11-01T21:54:10.352-0500] {logging_mixin.py:151} INFO - [2023-11-01T21:54:10.352-0500] {dag.py:3722} INFO - Setting next_dagrun for example_branch_datetime_operator to 2023-11-01T00:00:00+00:00, run_after=2023-11-02T00:00:00+00:00
[2023-11-01T21:54:10.355-0500] {logging_mixin.py:151} INFO - [2023-11-01T21:54:10.355-0500] {dag.py:3722} INFO - Setting next_dagrun for example_branch_datetime_operator_2 to 2023-11-01T00:00:00+00:00, run_after=2023-11-02T00:00:00+00:00
[2023-11-01T21:54:10.356-0500] {logging_mixin.py:151} INFO - [2023-11-01T21:54:10.356-0500] {dag.py:3722} INFO - Setting next_dagrun for example_branch_datetime_operator_3 to 2023-11-01T00:00:00+00:00, run_after=2023-11-02T00:00:00+00:00
[2023-11-01T21:54:10.368-0500] {processor.py:179} INFO - Processing /Users/dimz/EconWizard/hermesvirtual/lib/python3.8/site-packages/airflow/example_dags/example_branch_datetime_operator.py took 0.179 seconds
[2023-11-01T21:56:10.722-0500] {processor.py:157} INFO - Started process (PID=89777) to work on /Users/dimz/EconWizard/hermesvirtual/lib/python3.8/site-packages/airflow/example_dags/example_branch_datetime_operator.py
[2023-11-01T21:56:10.727-0500] {processor.py:829} INFO - Processing file /Users/dimz/EconWizard/hermesvirtual/lib/python3.8/site-packages/airflow/example_dags/example_branch_datetime_operator.py for tasks to queue
[2023-11-01T21:56:10.728-0500] {logging_mixin.py:151} INFO - [2023-11-01T21:56:10.728-0500] {dagbag.py:536} INFO - Filling up the DagBag from /Users/dimz/EconWizard/hermesvirtual/lib/python3.8/site-packages/airflow/example_dags/example_branch_datetime_operator.py
[2023-11-01T21:56:10.746-0500] {processor.py:839} INFO - DAG(s) dict_keys(['example_branch_datetime_operator', 'example_branch_datetime_operator_3', 'example_branch_datetime_operator_2']) retrieved from /Users/dimz/EconWizard/hermesvirtual/lib/python3.8/site-packages/airflow/example_dags/example_branch_datetime_operator.py
[2023-11-01T21:56:10.853-0500] {logging_mixin.py:151} INFO - [2023-11-01T21:56:10.853-0500] {dag.py:2941} INFO - Sync 3 DAGs
[2023-11-01T21:56:10.863-0500] {logging_mixin.py:151} INFO - [2023-11-01T21:56:10.863-0500] {dag.py:3722} INFO - Setting next_dagrun for example_branch_datetime_operator to 2023-11-01T00:00:00+00:00, run_after=2023-11-02T00:00:00+00:00
[2023-11-01T21:56:10.865-0500] {logging_mixin.py:151} INFO - [2023-11-01T21:56:10.865-0500] {dag.py:3722} INFO - Setting next_dagrun for example_branch_datetime_operator_2 to 2023-11-01T00:00:00+00:00, run_after=2023-11-02T00:00:00+00:00
[2023-11-01T21:56:10.867-0500] {logging_mixin.py:151} INFO - [2023-11-01T21:56:10.867-0500] {dag.py:3722} INFO - Setting next_dagrun for example_branch_datetime_operator_3 to 2023-11-01T00:00:00+00:00, run_after=2023-11-02T00:00:00+00:00
[2023-11-01T21:56:10.876-0500] {processor.py:179} INFO - Processing /Users/dimz/EconWizard/hermesvirtual/lib/python3.8/site-packages/airflow/example_dags/example_branch_datetime_operator.py took 0.154 seconds
[2023-11-01T21:58:09.117-0500] {processor.py:157} INFO - Started process (PID=89996) to work on /Users/dimz/EconWizard/hermesvirtual/lib/python3.8/site-packages/airflow/example_dags/example_branch_datetime_operator.py
[2023-11-01T21:58:09.122-0500] {processor.py:829} INFO - Processing file /Users/dimz/EconWizard/hermesvirtual/lib/python3.8/site-packages/airflow/example_dags/example_branch_datetime_operator.py for tasks to queue
[2023-11-01T21:58:09.122-0500] {logging_mixin.py:151} INFO - [2023-11-01T21:58:09.122-0500] {dagbag.py:536} INFO - Filling up the DagBag from /Users/dimz/EconWizard/hermesvirtual/lib/python3.8/site-packages/airflow/example_dags/example_branch_datetime_operator.py
[2023-11-01T21:58:09.141-0500] {processor.py:839} INFO - DAG(s) dict_keys(['example_branch_datetime_operator_3', 'example_branch_datetime_operator_2', 'example_branch_datetime_operator']) retrieved from /Users/dimz/EconWizard/hermesvirtual/lib/python3.8/site-packages/airflow/example_dags/example_branch_datetime_operator.py
[2023-11-01T21:58:09.251-0500] {logging_mixin.py:151} INFO - [2023-11-01T21:58:09.250-0500] {dag.py:2941} INFO - Sync 3 DAGs
[2023-11-01T21:58:09.261-0500] {logging_mixin.py:151} INFO - [2023-11-01T21:58:09.260-0500] {dag.py:3722} INFO - Setting next_dagrun for example_branch_datetime_operator to 2023-11-01T00:00:00+00:00, run_after=2023-11-02T00:00:00+00:00
[2023-11-01T21:58:09.263-0500] {logging_mixin.py:151} INFO - [2023-11-01T21:58:09.263-0500] {dag.py:3722} INFO - Setting next_dagrun for example_branch_datetime_operator_2 to 2023-11-01T00:00:00+00:00, run_after=2023-11-02T00:00:00+00:00
[2023-11-01T21:58:09.264-0500] {logging_mixin.py:151} INFO - [2023-11-01T21:58:09.264-0500] {dag.py:3722} INFO - Setting next_dagrun for example_branch_datetime_operator_3 to 2023-11-01T00:00:00+00:00, run_after=2023-11-02T00:00:00+00:00
[2023-11-01T21:58:09.274-0500] {processor.py:179} INFO - Processing /Users/dimz/EconWizard/hermesvirtual/lib/python3.8/site-packages/airflow/example_dags/example_branch_datetime_operator.py took 0.157 seconds
[2023-11-01T22:00:09.368-0500] {processor.py:157} INFO - Started process (PID=90145) to work on /Users/dimz/EconWizard/hermesvirtual/lib/python3.8/site-packages/airflow/example_dags/example_branch_datetime_operator.py
[2023-11-01T22:00:09.373-0500] {processor.py:829} INFO - Processing file /Users/dimz/EconWizard/hermesvirtual/lib/python3.8/site-packages/airflow/example_dags/example_branch_datetime_operator.py for tasks to queue
[2023-11-01T22:00:09.373-0500] {logging_mixin.py:151} INFO - [2023-11-01T22:00:09.373-0500] {dagbag.py:536} INFO - Filling up the DagBag from /Users/dimz/EconWizard/hermesvirtual/lib/python3.8/site-packages/airflow/example_dags/example_branch_datetime_operator.py
[2023-11-01T22:00:09.393-0500] {processor.py:839} INFO - DAG(s) dict_keys(['example_branch_datetime_operator_3', 'example_branch_datetime_operator_2', 'example_branch_datetime_operator']) retrieved from /Users/dimz/EconWizard/hermesvirtual/lib/python3.8/site-packages/airflow/example_dags/example_branch_datetime_operator.py
[2023-11-01T22:00:09.500-0500] {logging_mixin.py:151} INFO - [2023-11-01T22:00:09.500-0500] {dag.py:2941} INFO - Sync 3 DAGs
[2023-11-01T22:00:09.510-0500] {logging_mixin.py:151} INFO - [2023-11-01T22:00:09.510-0500] {dag.py:3722} INFO - Setting next_dagrun for example_branch_datetime_operator to 2023-11-01T00:00:00+00:00, run_after=2023-11-02T00:00:00+00:00
[2023-11-01T22:00:09.512-0500] {logging_mixin.py:151} INFO - [2023-11-01T22:00:09.512-0500] {dag.py:3722} INFO - Setting next_dagrun for example_branch_datetime_operator_2 to 2023-11-01T00:00:00+00:00, run_after=2023-11-02T00:00:00+00:00
[2023-11-01T22:00:09.514-0500] {logging_mixin.py:151} INFO - [2023-11-01T22:00:09.513-0500] {dag.py:3722} INFO - Setting next_dagrun for example_branch_datetime_operator_3 to 2023-11-01T00:00:00+00:00, run_after=2023-11-02T00:00:00+00:00
[2023-11-01T22:00:09.523-0500] {processor.py:179} INFO - Processing /Users/dimz/EconWizard/hermesvirtual/lib/python3.8/site-packages/airflow/example_dags/example_branch_datetime_operator.py took 0.156 seconds
[2023-11-01T22:02:11.657-0500] {processor.py:157} INFO - Started process (PID=90315) to work on /Users/dimz/EconWizard/hermesvirtual/lib/python3.8/site-packages/airflow/example_dags/example_branch_datetime_operator.py
[2023-11-01T22:02:11.662-0500] {processor.py:829} INFO - Processing file /Users/dimz/EconWizard/hermesvirtual/lib/python3.8/site-packages/airflow/example_dags/example_branch_datetime_operator.py for tasks to queue
[2023-11-01T22:02:11.663-0500] {logging_mixin.py:151} INFO - [2023-11-01T22:02:11.663-0500] {dagbag.py:536} INFO - Filling up the DagBag from /Users/dimz/EconWizard/hermesvirtual/lib/python3.8/site-packages/airflow/example_dags/example_branch_datetime_operator.py
[2023-11-01T22:02:11.685-0500] {processor.py:839} INFO - DAG(s) dict_keys(['example_branch_datetime_operator_3', 'example_branch_datetime_operator_2', 'example_branch_datetime_operator']) retrieved from /Users/dimz/EconWizard/hermesvirtual/lib/python3.8/site-packages/airflow/example_dags/example_branch_datetime_operator.py
[2023-11-01T22:02:11.805-0500] {logging_mixin.py:151} INFO - [2023-11-01T22:02:11.805-0500] {dag.py:2941} INFO - Sync 3 DAGs
[2023-11-01T22:02:11.817-0500] {logging_mixin.py:151} INFO - [2023-11-01T22:02:11.817-0500] {dag.py:3722} INFO - Setting next_dagrun for example_branch_datetime_operator to 2023-11-01T00:00:00+00:00, run_after=2023-11-02T00:00:00+00:00
[2023-11-01T22:02:11.820-0500] {logging_mixin.py:151} INFO - [2023-11-01T22:02:11.819-0500] {dag.py:3722} INFO - Setting next_dagrun for example_branch_datetime_operator_2 to 2023-11-01T00:00:00+00:00, run_after=2023-11-02T00:00:00+00:00
[2023-11-01T22:02:11.821-0500] {logging_mixin.py:151} INFO - [2023-11-01T22:02:11.821-0500] {dag.py:3722} INFO - Setting next_dagrun for example_branch_datetime_operator_3 to 2023-11-01T00:00:00+00:00, run_after=2023-11-02T00:00:00+00:00
[2023-11-01T22:02:11.832-0500] {processor.py:179} INFO - Processing /Users/dimz/EconWizard/hermesvirtual/lib/python3.8/site-packages/airflow/example_dags/example_branch_datetime_operator.py took 0.176 seconds
[2023-11-01T22:04:11.869-0500] {processor.py:157} INFO - Started process (PID=90490) to work on /Users/dimz/EconWizard/hermesvirtual/lib/python3.8/site-packages/airflow/example_dags/example_branch_datetime_operator.py
[2023-11-01T22:04:11.875-0500] {processor.py:829} INFO - Processing file /Users/dimz/EconWizard/hermesvirtual/lib/python3.8/site-packages/airflow/example_dags/example_branch_datetime_operator.py for tasks to queue
[2023-11-01T22:04:11.875-0500] {logging_mixin.py:151} INFO - [2023-11-01T22:04:11.875-0500] {dagbag.py:536} INFO - Filling up the DagBag from /Users/dimz/EconWizard/hermesvirtual/lib/python3.8/site-packages/airflow/example_dags/example_branch_datetime_operator.py
[2023-11-01T22:04:11.894-0500] {processor.py:839} INFO - DAG(s) dict_keys(['example_branch_datetime_operator', 'example_branch_datetime_operator_2', 'example_branch_datetime_operator_3']) retrieved from /Users/dimz/EconWizard/hermesvirtual/lib/python3.8/site-packages/airflow/example_dags/example_branch_datetime_operator.py
[2023-11-01T22:04:11.999-0500] {logging_mixin.py:151} INFO - [2023-11-01T22:04:11.999-0500] {dag.py:2941} INFO - Sync 3 DAGs
[2023-11-01T22:04:12.009-0500] {logging_mixin.py:151} INFO - [2023-11-01T22:04:12.009-0500] {dag.py:3722} INFO - Setting next_dagrun for example_branch_datetime_operator to 2023-11-01T00:00:00+00:00, run_after=2023-11-02T00:00:00+00:00
[2023-11-01T22:04:12.012-0500] {logging_mixin.py:151} INFO - [2023-11-01T22:04:12.011-0500] {dag.py:3722} INFO - Setting next_dagrun for example_branch_datetime_operator_2 to 2023-11-01T00:00:00+00:00, run_after=2023-11-02T00:00:00+00:00
[2023-11-01T22:04:12.013-0500] {logging_mixin.py:151} INFO - [2023-11-01T22:04:12.013-0500] {dag.py:3722} INFO - Setting next_dagrun for example_branch_datetime_operator_3 to 2023-11-01T00:00:00+00:00, run_after=2023-11-02T00:00:00+00:00
[2023-11-01T22:04:12.022-0500] {processor.py:179} INFO - Processing /Users/dimz/EconWizard/hermesvirtual/lib/python3.8/site-packages/airflow/example_dags/example_branch_datetime_operator.py took 0.153 seconds
[2023-11-01T22:06:04.906-0500] {processor.py:157} INFO - Started process (PID=90714) to work on /Users/dimz/EconWizard/hermesvirtual/lib/python3.8/site-packages/airflow/example_dags/example_branch_datetime_operator.py
[2023-11-01T22:06:04.911-0500] {processor.py:829} INFO - Processing file /Users/dimz/EconWizard/hermesvirtual/lib/python3.8/site-packages/airflow/example_dags/example_branch_datetime_operator.py for tasks to queue
[2023-11-01T22:06:04.911-0500] {logging_mixin.py:151} INFO - [2023-11-01T22:06:04.911-0500] {dagbag.py:536} INFO - Filling up the DagBag from /Users/dimz/EconWizard/hermesvirtual/lib/python3.8/site-packages/airflow/example_dags/example_branch_datetime_operator.py
[2023-11-01T22:06:04.931-0500] {processor.py:839} INFO - DAG(s) dict_keys(['example_branch_datetime_operator_2', 'example_branch_datetime_operator', 'example_branch_datetime_operator_3']) retrieved from /Users/dimz/EconWizard/hermesvirtual/lib/python3.8/site-packages/airflow/example_dags/example_branch_datetime_operator.py
[2023-11-01T22:06:05.046-0500] {logging_mixin.py:151} INFO - [2023-11-01T22:06:05.046-0500] {dag.py:2941} INFO - Sync 3 DAGs
[2023-11-01T22:06:05.056-0500] {logging_mixin.py:151} INFO - [2023-11-01T22:06:05.056-0500] {dag.py:3722} INFO - Setting next_dagrun for example_branch_datetime_operator to 2023-11-01T00:00:00+00:00, run_after=2023-11-02T00:00:00+00:00
[2023-11-01T22:06:05.059-0500] {logging_mixin.py:151} INFO - [2023-11-01T22:06:05.058-0500] {dag.py:3722} INFO - Setting next_dagrun for example_branch_datetime_operator_2 to 2023-11-01T00:00:00+00:00, run_after=2023-11-02T00:00:00+00:00
[2023-11-01T22:06:05.060-0500] {logging_mixin.py:151} INFO - [2023-11-01T22:06:05.060-0500] {dag.py:3722} INFO - Setting next_dagrun for example_branch_datetime_operator_3 to 2023-11-01T00:00:00+00:00, run_after=2023-11-02T00:00:00+00:00
[2023-11-01T22:06:05.069-0500] {processor.py:179} INFO - Processing /Users/dimz/EconWizard/hermesvirtual/lib/python3.8/site-packages/airflow/example_dags/example_branch_datetime_operator.py took 0.164 seconds
[2023-11-01T22:08:10.830-0500] {processor.py:157} INFO - Started process (PID=90938) to work on /Users/dimz/EconWizard/hermesvirtual/lib/python3.8/site-packages/airflow/example_dags/example_branch_datetime_operator.py
[2023-11-01T22:08:10.835-0500] {processor.py:829} INFO - Processing file /Users/dimz/EconWizard/hermesvirtual/lib/python3.8/site-packages/airflow/example_dags/example_branch_datetime_operator.py for tasks to queue
[2023-11-01T22:08:10.836-0500] {logging_mixin.py:151} INFO - [2023-11-01T22:08:10.836-0500] {dagbag.py:536} INFO - Filling up the DagBag from /Users/dimz/EconWizard/hermesvirtual/lib/python3.8/site-packages/airflow/example_dags/example_branch_datetime_operator.py
[2023-11-01T22:08:10.855-0500] {processor.py:839} INFO - DAG(s) dict_keys(['example_branch_datetime_operator', 'example_branch_datetime_operator_3', 'example_branch_datetime_operator_2']) retrieved from /Users/dimz/EconWizard/hermesvirtual/lib/python3.8/site-packages/airflow/example_dags/example_branch_datetime_operator.py
[2023-11-01T22:08:10.961-0500] {logging_mixin.py:151} INFO - [2023-11-01T22:08:10.961-0500] {dag.py:2941} INFO - Sync 3 DAGs
[2023-11-01T22:08:10.971-0500] {logging_mixin.py:151} INFO - [2023-11-01T22:08:10.971-0500] {dag.py:3722} INFO - Setting next_dagrun for example_branch_datetime_operator to 2023-11-01T00:00:00+00:00, run_after=2023-11-02T00:00:00+00:00
[2023-11-01T22:08:10.973-0500] {logging_mixin.py:151} INFO - [2023-11-01T22:08:10.973-0500] {dag.py:3722} INFO - Setting next_dagrun for example_branch_datetime_operator_2 to 2023-11-01T00:00:00+00:00, run_after=2023-11-02T00:00:00+00:00
[2023-11-01T22:08:10.975-0500] {logging_mixin.py:151} INFO - [2023-11-01T22:08:10.975-0500] {dag.py:3722} INFO - Setting next_dagrun for example_branch_datetime_operator_3 to 2023-11-01T00:00:00+00:00, run_after=2023-11-02T00:00:00+00:00
[2023-11-01T22:08:10.984-0500] {processor.py:179} INFO - Processing /Users/dimz/EconWizard/hermesvirtual/lib/python3.8/site-packages/airflow/example_dags/example_branch_datetime_operator.py took 0.155 seconds
[2023-11-01T22:13:45.167-0500] {processor.py:157} INFO - Started process (PID=91486) to work on /Users/dimz/EconWizard/hermesvirtual/lib/python3.8/site-packages/airflow/example_dags/example_branch_datetime_operator.py
[2023-11-01T22:13:45.172-0500] {processor.py:829} INFO - Processing file /Users/dimz/EconWizard/hermesvirtual/lib/python3.8/site-packages/airflow/example_dags/example_branch_datetime_operator.py for tasks to queue
[2023-11-01T22:13:45.172-0500] {logging_mixin.py:151} INFO - [2023-11-01T22:13:45.172-0500] {dagbag.py:536} INFO - Filling up the DagBag from /Users/dimz/EconWizard/hermesvirtual/lib/python3.8/site-packages/airflow/example_dags/example_branch_datetime_operator.py
[2023-11-01T22:13:45.190-0500] {processor.py:839} INFO - DAG(s) dict_keys(['example_branch_datetime_operator', 'example_branch_datetime_operator_3', 'example_branch_datetime_operator_2']) retrieved from /Users/dimz/EconWizard/hermesvirtual/lib/python3.8/site-packages/airflow/example_dags/example_branch_datetime_operator.py
[2023-11-01T22:13:45.534-0500] {logging_mixin.py:151} INFO - [2023-11-01T22:13:45.534-0500] {dag.py:2941} INFO - Sync 3 DAGs
[2023-11-01T22:13:45.545-0500] {logging_mixin.py:151} INFO - [2023-11-01T22:13:45.545-0500] {dag.py:3722} INFO - Setting next_dagrun for example_branch_datetime_operator to 2023-11-01T00:00:00+00:00, run_after=2023-11-02T00:00:00+00:00
[2023-11-01T22:13:45.547-0500] {logging_mixin.py:151} INFO - [2023-11-01T22:13:45.547-0500] {dag.py:3722} INFO - Setting next_dagrun for example_branch_datetime_operator_2 to 2023-11-01T00:00:00+00:00, run_after=2023-11-02T00:00:00+00:00
[2023-11-01T22:13:45.549-0500] {logging_mixin.py:151} INFO - [2023-11-01T22:13:45.549-0500] {dag.py:3722} INFO - Setting next_dagrun for example_branch_datetime_operator_3 to 2023-11-01T00:00:00+00:00, run_after=2023-11-02T00:00:00+00:00
[2023-11-01T22:13:45.560-0500] {processor.py:179} INFO - Processing /Users/dimz/EconWizard/hermesvirtual/lib/python3.8/site-packages/airflow/example_dags/example_branch_datetime_operator.py took 0.394 seconds
[2023-11-01T22:15:47.743-0500] {processor.py:157} INFO - Started process (PID=91676) to work on /Users/dimz/EconWizard/hermesvirtual/lib/python3.8/site-packages/airflow/example_dags/example_branch_datetime_operator.py
[2023-11-01T22:15:47.748-0500] {processor.py:829} INFO - Processing file /Users/dimz/EconWizard/hermesvirtual/lib/python3.8/site-packages/airflow/example_dags/example_branch_datetime_operator.py for tasks to queue
[2023-11-01T22:15:47.748-0500] {logging_mixin.py:151} INFO - [2023-11-01T22:15:47.748-0500] {dagbag.py:536} INFO - Filling up the DagBag from /Users/dimz/EconWizard/hermesvirtual/lib/python3.8/site-packages/airflow/example_dags/example_branch_datetime_operator.py
[2023-11-01T22:15:47.767-0500] {processor.py:839} INFO - DAG(s) dict_keys(['example_branch_datetime_operator_3', 'example_branch_datetime_operator_2', 'example_branch_datetime_operator']) retrieved from /Users/dimz/EconWizard/hermesvirtual/lib/python3.8/site-packages/airflow/example_dags/example_branch_datetime_operator.py
[2023-11-01T22:15:47.873-0500] {logging_mixin.py:151} INFO - [2023-11-01T22:15:47.873-0500] {dag.py:2941} INFO - Sync 3 DAGs
[2023-11-01T22:15:47.883-0500] {logging_mixin.py:151} INFO - [2023-11-01T22:15:47.883-0500] {dag.py:3722} INFO - Setting next_dagrun for example_branch_datetime_operator to 2023-11-01T00:00:00+00:00, run_after=2023-11-02T00:00:00+00:00
[2023-11-01T22:15:47.885-0500] {logging_mixin.py:151} INFO - [2023-11-01T22:15:47.885-0500] {dag.py:3722} INFO - Setting next_dagrun for example_branch_datetime_operator_2 to 2023-11-01T00:00:00+00:00, run_after=2023-11-02T00:00:00+00:00
[2023-11-01T22:15:47.887-0500] {logging_mixin.py:151} INFO - [2023-11-01T22:15:47.887-0500] {dag.py:3722} INFO - Setting next_dagrun for example_branch_datetime_operator_3 to 2023-11-01T00:00:00+00:00, run_after=2023-11-02T00:00:00+00:00
[2023-11-01T22:15:47.897-0500] {processor.py:179} INFO - Processing /Users/dimz/EconWizard/hermesvirtual/lib/python3.8/site-packages/airflow/example_dags/example_branch_datetime_operator.py took 0.154 seconds
[2023-11-01T22:17:47.190-0500] {processor.py:157} INFO - Started process (PID=91958) to work on /Users/dimz/EconWizard/hermesvirtual/lib/python3.8/site-packages/airflow/example_dags/example_branch_datetime_operator.py
[2023-11-01T22:17:47.195-0500] {processor.py:829} INFO - Processing file /Users/dimz/EconWizard/hermesvirtual/lib/python3.8/site-packages/airflow/example_dags/example_branch_datetime_operator.py for tasks to queue
[2023-11-01T22:17:47.196-0500] {logging_mixin.py:151} INFO - [2023-11-01T22:17:47.195-0500] {dagbag.py:536} INFO - Filling up the DagBag from /Users/dimz/EconWizard/hermesvirtual/lib/python3.8/site-packages/airflow/example_dags/example_branch_datetime_operator.py
[2023-11-01T22:17:47.216-0500] {processor.py:839} INFO - DAG(s) dict_keys(['example_branch_datetime_operator', 'example_branch_datetime_operator_2', 'example_branch_datetime_operator_3']) retrieved from /Users/dimz/EconWizard/hermesvirtual/lib/python3.8/site-packages/airflow/example_dags/example_branch_datetime_operator.py
[2023-11-01T22:17:47.331-0500] {logging_mixin.py:151} INFO - [2023-11-01T22:17:47.331-0500] {dag.py:2941} INFO - Sync 3 DAGs
[2023-11-01T22:17:47.343-0500] {logging_mixin.py:151} INFO - [2023-11-01T22:17:47.343-0500] {dag.py:3722} INFO - Setting next_dagrun for example_branch_datetime_operator to 2023-11-01T00:00:00+00:00, run_after=2023-11-02T00:00:00+00:00
[2023-11-01T22:17:47.346-0500] {logging_mixin.py:151} INFO - [2023-11-01T22:17:47.346-0500] {dag.py:3722} INFO - Setting next_dagrun for example_branch_datetime_operator_2 to 2023-11-01T00:00:00+00:00, run_after=2023-11-02T00:00:00+00:00
[2023-11-01T22:17:47.348-0500] {logging_mixin.py:151} INFO - [2023-11-01T22:17:47.348-0500] {dag.py:3722} INFO - Setting next_dagrun for example_branch_datetime_operator_3 to 2023-11-01T00:00:00+00:00, run_after=2023-11-02T00:00:00+00:00
[2023-11-01T22:17:47.359-0500] {processor.py:179} INFO - Processing /Users/dimz/EconWizard/hermesvirtual/lib/python3.8/site-packages/airflow/example_dags/example_branch_datetime_operator.py took 0.170 seconds
[2023-11-01T22:19:41.384-0500] {processor.py:157} INFO - Started process (PID=92228) to work on /Users/dimz/EconWizard/hermesvirtual/lib/python3.8/site-packages/airflow/example_dags/example_branch_datetime_operator.py
[2023-11-01T22:19:41.389-0500] {processor.py:829} INFO - Processing file /Users/dimz/EconWizard/hermesvirtual/lib/python3.8/site-packages/airflow/example_dags/example_branch_datetime_operator.py for tasks to queue
[2023-11-01T22:19:41.390-0500] {logging_mixin.py:151} INFO - [2023-11-01T22:19:41.390-0500] {dagbag.py:536} INFO - Filling up the DagBag from /Users/dimz/EconWizard/hermesvirtual/lib/python3.8/site-packages/airflow/example_dags/example_branch_datetime_operator.py
[2023-11-01T22:19:41.409-0500] {processor.py:839} INFO - DAG(s) dict_keys(['example_branch_datetime_operator_2', 'example_branch_datetime_operator', 'example_branch_datetime_operator_3']) retrieved from /Users/dimz/EconWizard/hermesvirtual/lib/python3.8/site-packages/airflow/example_dags/example_branch_datetime_operator.py
[2023-11-01T22:19:41.521-0500] {logging_mixin.py:151} INFO - [2023-11-01T22:19:41.521-0500] {dag.py:2941} INFO - Sync 3 DAGs
[2023-11-01T22:19:41.532-0500] {logging_mixin.py:151} INFO - [2023-11-01T22:19:41.532-0500] {dag.py:3722} INFO - Setting next_dagrun for example_branch_datetime_operator to 2023-11-01T00:00:00+00:00, run_after=2023-11-02T00:00:00+00:00
[2023-11-01T22:19:41.534-0500] {logging_mixin.py:151} INFO - [2023-11-01T22:19:41.534-0500] {dag.py:3722} INFO - Setting next_dagrun for example_branch_datetime_operator_2 to 2023-11-01T00:00:00+00:00, run_after=2023-11-02T00:00:00+00:00
[2023-11-01T22:19:41.536-0500] {logging_mixin.py:151} INFO - [2023-11-01T22:19:41.536-0500] {dag.py:3722} INFO - Setting next_dagrun for example_branch_datetime_operator_3 to 2023-11-01T00:00:00+00:00, run_after=2023-11-02T00:00:00+00:00
[2023-11-01T22:19:41.546-0500] {processor.py:179} INFO - Processing /Users/dimz/EconWizard/hermesvirtual/lib/python3.8/site-packages/airflow/example_dags/example_branch_datetime_operator.py took 0.162 seconds
[2023-11-01T22:21:30.979-0500] {processor.py:157} INFO - Started process (PID=92503) to work on /Users/dimz/EconWizard/hermesvirtual/lib/python3.8/site-packages/airflow/example_dags/example_branch_datetime_operator.py
[2023-11-01T22:21:30.984-0500] {processor.py:829} INFO - Processing file /Users/dimz/EconWizard/hermesvirtual/lib/python3.8/site-packages/airflow/example_dags/example_branch_datetime_operator.py for tasks to queue
[2023-11-01T22:21:30.985-0500] {logging_mixin.py:151} INFO - [2023-11-01T22:21:30.985-0500] {dagbag.py:536} INFO - Filling up the DagBag from /Users/dimz/EconWizard/hermesvirtual/lib/python3.8/site-packages/airflow/example_dags/example_branch_datetime_operator.py
[2023-11-01T22:21:31.005-0500] {processor.py:839} INFO - DAG(s) dict_keys(['example_branch_datetime_operator_2', 'example_branch_datetime_operator_3', 'example_branch_datetime_operator']) retrieved from /Users/dimz/EconWizard/hermesvirtual/lib/python3.8/site-packages/airflow/example_dags/example_branch_datetime_operator.py
[2023-11-01T22:21:31.119-0500] {logging_mixin.py:151} INFO - [2023-11-01T22:21:31.119-0500] {dag.py:2941} INFO - Sync 3 DAGs
[2023-11-01T22:21:31.130-0500] {logging_mixin.py:151} INFO - [2023-11-01T22:21:31.129-0500] {dag.py:3722} INFO - Setting next_dagrun for example_branch_datetime_operator to 2023-11-01T00:00:00+00:00, run_after=2023-11-02T00:00:00+00:00
[2023-11-01T22:21:31.134-0500] {logging_mixin.py:151} INFO - [2023-11-01T22:21:31.134-0500] {dag.py:3722} INFO - Setting next_dagrun for example_branch_datetime_operator_2 to 2023-11-01T00:00:00+00:00, run_after=2023-11-02T00:00:00+00:00
[2023-11-01T22:21:31.138-0500] {logging_mixin.py:151} INFO - [2023-11-01T22:21:31.137-0500] {dag.py:3722} INFO - Setting next_dagrun for example_branch_datetime_operator_3 to 2023-11-01T00:00:00+00:00, run_after=2023-11-02T00:00:00+00:00
[2023-11-01T22:21:31.149-0500] {processor.py:179} INFO - Processing /Users/dimz/EconWizard/hermesvirtual/lib/python3.8/site-packages/airflow/example_dags/example_branch_datetime_operator.py took 0.171 seconds
[2023-11-01T22:23:30.237-0500] {processor.py:157} INFO - Started process (PID=92833) to work on /Users/dimz/EconWizard/hermesvirtual/lib/python3.8/site-packages/airflow/example_dags/example_branch_datetime_operator.py
[2023-11-01T22:23:30.243-0500] {processor.py:829} INFO - Processing file /Users/dimz/EconWizard/hermesvirtual/lib/python3.8/site-packages/airflow/example_dags/example_branch_datetime_operator.py for tasks to queue
[2023-11-01T22:23:30.243-0500] {logging_mixin.py:151} INFO - [2023-11-01T22:23:30.243-0500] {dagbag.py:536} INFO - Filling up the DagBag from /Users/dimz/EconWizard/hermesvirtual/lib/python3.8/site-packages/airflow/example_dags/example_branch_datetime_operator.py
[2023-11-01T22:23:30.261-0500] {processor.py:839} INFO - DAG(s) dict_keys(['example_branch_datetime_operator_2', 'example_branch_datetime_operator', 'example_branch_datetime_operator_3']) retrieved from /Users/dimz/EconWizard/hermesvirtual/lib/python3.8/site-packages/airflow/example_dags/example_branch_datetime_operator.py
[2023-11-01T22:23:30.367-0500] {logging_mixin.py:151} INFO - [2023-11-01T22:23:30.367-0500] {dag.py:2941} INFO - Sync 3 DAGs
[2023-11-01T22:23:30.377-0500] {logging_mixin.py:151} INFO - [2023-11-01T22:23:30.376-0500] {dag.py:3722} INFO - Setting next_dagrun for example_branch_datetime_operator to 2023-11-01T00:00:00+00:00, run_after=2023-11-02T00:00:00+00:00
[2023-11-01T22:23:30.379-0500] {logging_mixin.py:151} INFO - [2023-11-01T22:23:30.379-0500] {dag.py:3722} INFO - Setting next_dagrun for example_branch_datetime_operator_2 to 2023-11-01T00:00:00+00:00, run_after=2023-11-02T00:00:00+00:00
[2023-11-01T22:23:30.380-0500] {logging_mixin.py:151} INFO - [2023-11-01T22:23:30.380-0500] {dag.py:3722} INFO - Setting next_dagrun for example_branch_datetime_operator_3 to 2023-11-01T00:00:00+00:00, run_after=2023-11-02T00:00:00+00:00
[2023-11-01T22:23:30.390-0500] {processor.py:179} INFO - Processing /Users/dimz/EconWizard/hermesvirtual/lib/python3.8/site-packages/airflow/example_dags/example_branch_datetime_operator.py took 0.153 seconds
[2023-11-02T05:09:13.101-0500] {processor.py:157} INFO - Started process (PID=93207) to work on /Users/dimz/EconWizard/hermesvirtual/lib/python3.8/site-packages/airflow/example_dags/example_branch_datetime_operator.py
[2023-11-02T05:09:13.105-0500] {processor.py:829} INFO - Processing file /Users/dimz/EconWizard/hermesvirtual/lib/python3.8/site-packages/airflow/example_dags/example_branch_datetime_operator.py for tasks to queue
[2023-11-02T05:09:13.106-0500] {logging_mixin.py:151} INFO - [2023-11-02T05:09:13.105-0500] {dagbag.py:536} INFO - Filling up the DagBag from /Users/dimz/EconWizard/hermesvirtual/lib/python3.8/site-packages/airflow/example_dags/example_branch_datetime_operator.py
[2023-11-02T05:09:13.125-0500] {processor.py:839} INFO - DAG(s) dict_keys(['example_branch_datetime_operator_3', 'example_branch_datetime_operator_2', 'example_branch_datetime_operator']) retrieved from /Users/dimz/EconWizard/hermesvirtual/lib/python3.8/site-packages/airflow/example_dags/example_branch_datetime_operator.py
[2023-11-02T05:09:13.233-0500] {logging_mixin.py:151} INFO - [2023-11-02T05:09:13.233-0500] {dag.py:2941} INFO - Sync 3 DAGs
[2023-11-02T05:09:13.244-0500] {logging_mixin.py:151} INFO - [2023-11-02T05:09:13.243-0500] {dag.py:3722} INFO - Setting next_dagrun for example_branch_datetime_operator to 2023-11-01T00:00:00+00:00, run_after=2023-11-02T00:00:00+00:00
[2023-11-02T05:09:13.246-0500] {logging_mixin.py:151} INFO - [2023-11-02T05:09:13.246-0500] {dag.py:3722} INFO - Setting next_dagrun for example_branch_datetime_operator_2 to 2023-11-01T00:00:00+00:00, run_after=2023-11-02T00:00:00+00:00
[2023-11-02T05:09:13.248-0500] {logging_mixin.py:151} INFO - [2023-11-02T05:09:13.248-0500] {dag.py:3722} INFO - Setting next_dagrun for example_branch_datetime_operator_3 to 2023-11-01T00:00:00+00:00, run_after=2023-11-02T00:00:00+00:00
[2023-11-02T05:09:13.257-0500] {processor.py:179} INFO - Processing /Users/dimz/EconWizard/hermesvirtual/lib/python3.8/site-packages/airflow/example_dags/example_branch_datetime_operator.py took 0.156 seconds
[2023-11-02T08:29:35.894-0500] {processor.py:157} INFO - Started process (PID=93439) to work on /Users/dimz/EconWizard/hermesvirtual/lib/python3.8/site-packages/airflow/example_dags/example_branch_datetime_operator.py
[2023-11-02T08:29:35.899-0500] {processor.py:829} INFO - Processing file /Users/dimz/EconWizard/hermesvirtual/lib/python3.8/site-packages/airflow/example_dags/example_branch_datetime_operator.py for tasks to queue
[2023-11-02T08:29:35.900-0500] {logging_mixin.py:151} INFO - [2023-11-02T08:29:35.899-0500] {dagbag.py:536} INFO - Filling up the DagBag from /Users/dimz/EconWizard/hermesvirtual/lib/python3.8/site-packages/airflow/example_dags/example_branch_datetime_operator.py
[2023-11-02T08:29:35.918-0500] {processor.py:839} INFO - DAG(s) dict_keys(['example_branch_datetime_operator_2', 'example_branch_datetime_operator', 'example_branch_datetime_operator_3']) retrieved from /Users/dimz/EconWizard/hermesvirtual/lib/python3.8/site-packages/airflow/example_dags/example_branch_datetime_operator.py
[2023-11-02T08:29:36.023-0500] {logging_mixin.py:151} INFO - [2023-11-02T08:29:36.023-0500] {dag.py:2941} INFO - Sync 3 DAGs
[2023-11-02T08:29:36.033-0500] {logging_mixin.py:151} INFO - [2023-11-02T08:29:36.033-0500] {dag.py:3722} INFO - Setting next_dagrun for example_branch_datetime_operator to 2023-11-01T00:00:00+00:00, run_after=2023-11-02T00:00:00+00:00
[2023-11-02T08:29:36.036-0500] {logging_mixin.py:151} INFO - [2023-11-02T08:29:36.036-0500] {dag.py:3722} INFO - Setting next_dagrun for example_branch_datetime_operator_2 to 2023-11-01T00:00:00+00:00, run_after=2023-11-02T00:00:00+00:00
[2023-11-02T08:29:36.037-0500] {logging_mixin.py:151} INFO - [2023-11-02T08:29:36.037-0500] {dag.py:3722} INFO - Setting next_dagrun for example_branch_datetime_operator_3 to 2023-11-01T00:00:00+00:00, run_after=2023-11-02T00:00:00+00:00
[2023-11-02T08:29:36.047-0500] {processor.py:179} INFO - Processing /Users/dimz/EconWizard/hermesvirtual/lib/python3.8/site-packages/airflow/example_dags/example_branch_datetime_operator.py took 0.153 seconds
[2023-11-02T09:03:43.191-0500] {processor.py:157} INFO - Started process (PID=93648) to work on /Users/dimz/EconWizard/hermesvirtual/lib/python3.8/site-packages/airflow/example_dags/example_branch_datetime_operator.py
[2023-11-02T09:03:43.196-0500] {processor.py:829} INFO - Processing file /Users/dimz/EconWizard/hermesvirtual/lib/python3.8/site-packages/airflow/example_dags/example_branch_datetime_operator.py for tasks to queue
[2023-11-02T09:03:43.197-0500] {logging_mixin.py:151} INFO - [2023-11-02T09:03:43.197-0500] {dagbag.py:536} INFO - Filling up the DagBag from /Users/dimz/EconWizard/hermesvirtual/lib/python3.8/site-packages/airflow/example_dags/example_branch_datetime_operator.py
[2023-11-02T09:03:43.218-0500] {processor.py:839} INFO - DAG(s) dict_keys(['example_branch_datetime_operator', 'example_branch_datetime_operator_3', 'example_branch_datetime_operator_2']) retrieved from /Users/dimz/EconWizard/hermesvirtual/lib/python3.8/site-packages/airflow/example_dags/example_branch_datetime_operator.py
[2023-11-02T09:03:43.329-0500] {logging_mixin.py:151} INFO - [2023-11-02T09:03:43.329-0500] {dag.py:2941} INFO - Sync 3 DAGs
[2023-11-02T09:03:43.339-0500] {logging_mixin.py:151} INFO - [2023-11-02T09:03:43.339-0500] {dag.py:3722} INFO - Setting next_dagrun for example_branch_datetime_operator to 2023-11-01T00:00:00+00:00, run_after=2023-11-02T00:00:00+00:00
[2023-11-02T09:03:43.341-0500] {logging_mixin.py:151} INFO - [2023-11-02T09:03:43.341-0500] {dag.py:3722} INFO - Setting next_dagrun for example_branch_datetime_operator_2 to 2023-11-01T00:00:00+00:00, run_after=2023-11-02T00:00:00+00:00
[2023-11-02T09:03:43.342-0500] {logging_mixin.py:151} INFO - [2023-11-02T09:03:43.342-0500] {dag.py:3722} INFO - Setting next_dagrun for example_branch_datetime_operator_3 to 2023-11-01T00:00:00+00:00, run_after=2023-11-02T00:00:00+00:00
[2023-11-02T09:03:43.352-0500] {processor.py:179} INFO - Processing /Users/dimz/EconWizard/hermesvirtual/lib/python3.8/site-packages/airflow/example_dags/example_branch_datetime_operator.py took 0.161 seconds
[2023-11-02T09:05:39.617-0500] {processor.py:157} INFO - Started process (PID=93819) to work on /Users/dimz/EconWizard/hermesvirtual/lib/python3.8/site-packages/airflow/example_dags/example_branch_datetime_operator.py
[2023-11-02T09:05:39.622-0500] {processor.py:829} INFO - Processing file /Users/dimz/EconWizard/hermesvirtual/lib/python3.8/site-packages/airflow/example_dags/example_branch_datetime_operator.py for tasks to queue
[2023-11-02T09:05:39.623-0500] {logging_mixin.py:151} INFO - [2023-11-02T09:05:39.622-0500] {dagbag.py:536} INFO - Filling up the DagBag from /Users/dimz/EconWizard/hermesvirtual/lib/python3.8/site-packages/airflow/example_dags/example_branch_datetime_operator.py
[2023-11-02T09:05:39.641-0500] {processor.py:839} INFO - DAG(s) dict_keys(['example_branch_datetime_operator_2', 'example_branch_datetime_operator', 'example_branch_datetime_operator_3']) retrieved from /Users/dimz/EconWizard/hermesvirtual/lib/python3.8/site-packages/airflow/example_dags/example_branch_datetime_operator.py
[2023-11-02T09:05:39.748-0500] {logging_mixin.py:151} INFO - [2023-11-02T09:05:39.748-0500] {dag.py:2941} INFO - Sync 3 DAGs
[2023-11-02T09:05:39.758-0500] {logging_mixin.py:151} INFO - [2023-11-02T09:05:39.758-0500] {dag.py:3722} INFO - Setting next_dagrun for example_branch_datetime_operator to 2023-11-01T00:00:00+00:00, run_after=2023-11-02T00:00:00+00:00
[2023-11-02T09:05:39.760-0500] {logging_mixin.py:151} INFO - [2023-11-02T09:05:39.760-0500] {dag.py:3722} INFO - Setting next_dagrun for example_branch_datetime_operator_2 to 2023-11-01T00:00:00+00:00, run_after=2023-11-02T00:00:00+00:00
[2023-11-02T09:05:39.761-0500] {logging_mixin.py:151} INFO - [2023-11-02T09:05:39.761-0500] {dag.py:3722} INFO - Setting next_dagrun for example_branch_datetime_operator_3 to 2023-11-01T00:00:00+00:00, run_after=2023-11-02T00:00:00+00:00
[2023-11-02T09:05:39.771-0500] {processor.py:179} INFO - Processing /Users/dimz/EconWizard/hermesvirtual/lib/python3.8/site-packages/airflow/example_dags/example_branch_datetime_operator.py took 0.154 seconds
[2023-11-02T09:07:43.158-0500] {processor.py:157} INFO - Started process (PID=93949) to work on /Users/dimz/EconWizard/hermesvirtual/lib/python3.8/site-packages/airflow/example_dags/example_branch_datetime_operator.py
[2023-11-02T09:07:43.163-0500] {processor.py:829} INFO - Processing file /Users/dimz/EconWizard/hermesvirtual/lib/python3.8/site-packages/airflow/example_dags/example_branch_datetime_operator.py for tasks to queue
[2023-11-02T09:07:43.163-0500] {logging_mixin.py:151} INFO - [2023-11-02T09:07:43.163-0500] {dagbag.py:536} INFO - Filling up the DagBag from /Users/dimz/EconWizard/hermesvirtual/lib/python3.8/site-packages/airflow/example_dags/example_branch_datetime_operator.py
[2023-11-02T09:07:43.182-0500] {processor.py:839} INFO - DAG(s) dict_keys(['example_branch_datetime_operator_3', 'example_branch_datetime_operator_2', 'example_branch_datetime_operator']) retrieved from /Users/dimz/EconWizard/hermesvirtual/lib/python3.8/site-packages/airflow/example_dags/example_branch_datetime_operator.py
[2023-11-02T09:07:43.287-0500] {logging_mixin.py:151} INFO - [2023-11-02T09:07:43.287-0500] {dag.py:2941} INFO - Sync 3 DAGs
[2023-11-02T09:07:43.297-0500] {logging_mixin.py:151} INFO - [2023-11-02T09:07:43.297-0500] {dag.py:3722} INFO - Setting next_dagrun for example_branch_datetime_operator to 2023-11-01T00:00:00+00:00, run_after=2023-11-02T00:00:00+00:00
[2023-11-02T09:07:43.299-0500] {logging_mixin.py:151} INFO - [2023-11-02T09:07:43.299-0500] {dag.py:3722} INFO - Setting next_dagrun for example_branch_datetime_operator_2 to 2023-11-01T00:00:00+00:00, run_after=2023-11-02T00:00:00+00:00
[2023-11-02T09:07:43.301-0500] {logging_mixin.py:151} INFO - [2023-11-02T09:07:43.301-0500] {dag.py:3722} INFO - Setting next_dagrun for example_branch_datetime_operator_3 to 2023-11-01T00:00:00+00:00, run_after=2023-11-02T00:00:00+00:00
[2023-11-02T09:07:43.310-0500] {processor.py:179} INFO - Processing /Users/dimz/EconWizard/hermesvirtual/lib/python3.8/site-packages/airflow/example_dags/example_branch_datetime_operator.py took 0.153 seconds
[2023-11-02T09:09:51.148-0500] {processor.py:157} INFO - Started process (PID=94250) to work on /Users/dimz/EconWizard/hermesvirtual/lib/python3.8/site-packages/airflow/example_dags/example_branch_datetime_operator.py
[2023-11-02T09:09:51.153-0500] {processor.py:829} INFO - Processing file /Users/dimz/EconWizard/hermesvirtual/lib/python3.8/site-packages/airflow/example_dags/example_branch_datetime_operator.py for tasks to queue
[2023-11-02T09:09:51.153-0500] {logging_mixin.py:151} INFO - [2023-11-02T09:09:51.153-0500] {dagbag.py:536} INFO - Filling up the DagBag from /Users/dimz/EconWizard/hermesvirtual/lib/python3.8/site-packages/airflow/example_dags/example_branch_datetime_operator.py
[2023-11-02T09:09:51.173-0500] {processor.py:839} INFO - DAG(s) dict_keys(['example_branch_datetime_operator_3', 'example_branch_datetime_operator_2', 'example_branch_datetime_operator']) retrieved from /Users/dimz/EconWizard/hermesvirtual/lib/python3.8/site-packages/airflow/example_dags/example_branch_datetime_operator.py
[2023-11-02T09:09:51.287-0500] {logging_mixin.py:151} INFO - [2023-11-02T09:09:51.287-0500] {dag.py:2941} INFO - Sync 3 DAGs
[2023-11-02T09:09:51.298-0500] {logging_mixin.py:151} INFO - [2023-11-02T09:09:51.297-0500] {dag.py:3722} INFO - Setting next_dagrun for example_branch_datetime_operator to 2023-11-01T00:00:00+00:00, run_after=2023-11-02T00:00:00+00:00
[2023-11-02T09:09:51.300-0500] {logging_mixin.py:151} INFO - [2023-11-02T09:09:51.300-0500] {dag.py:3722} INFO - Setting next_dagrun for example_branch_datetime_operator_2 to 2023-11-01T00:00:00+00:00, run_after=2023-11-02T00:00:00+00:00
[2023-11-02T09:09:51.302-0500] {logging_mixin.py:151} INFO - [2023-11-02T09:09:51.301-0500] {dag.py:3722} INFO - Setting next_dagrun for example_branch_datetime_operator_3 to 2023-11-01T00:00:00+00:00, run_after=2023-11-02T00:00:00+00:00
[2023-11-02T09:09:51.311-0500] {processor.py:179} INFO - Processing /Users/dimz/EconWizard/hermesvirtual/lib/python3.8/site-packages/airflow/example_dags/example_branch_datetime_operator.py took 0.163 seconds
[2023-11-02T09:11:59.288-0500] {processor.py:157} INFO - Started process (PID=94444) to work on /Users/dimz/EconWizard/hermesvirtual/lib/python3.8/site-packages/airflow/example_dags/example_branch_datetime_operator.py
[2023-11-02T09:11:59.294-0500] {processor.py:829} INFO - Processing file /Users/dimz/EconWizard/hermesvirtual/lib/python3.8/site-packages/airflow/example_dags/example_branch_datetime_operator.py for tasks to queue
[2023-11-02T09:11:59.295-0500] {logging_mixin.py:151} INFO - [2023-11-02T09:11:59.294-0500] {dagbag.py:536} INFO - Filling up the DagBag from /Users/dimz/EconWizard/hermesvirtual/lib/python3.8/site-packages/airflow/example_dags/example_branch_datetime_operator.py
[2023-11-02T09:11:59.323-0500] {processor.py:839} INFO - DAG(s) dict_keys(['example_branch_datetime_operator_2', 'example_branch_datetime_operator_3', 'example_branch_datetime_operator']) retrieved from /Users/dimz/EconWizard/hermesvirtual/lib/python3.8/site-packages/airflow/example_dags/example_branch_datetime_operator.py
[2023-11-02T09:11:59.446-0500] {logging_mixin.py:151} INFO - [2023-11-02T09:11:59.446-0500] {dag.py:2941} INFO - Sync 3 DAGs
[2023-11-02T09:11:59.457-0500] {logging_mixin.py:151} INFO - [2023-11-02T09:11:59.457-0500] {dag.py:3722} INFO - Setting next_dagrun for example_branch_datetime_operator to 2023-11-01T00:00:00+00:00, run_after=2023-11-02T00:00:00+00:00
[2023-11-02T09:11:59.460-0500] {logging_mixin.py:151} INFO - [2023-11-02T09:11:59.460-0500] {dag.py:3722} INFO - Setting next_dagrun for example_branch_datetime_operator_2 to 2023-11-01T00:00:00+00:00, run_after=2023-11-02T00:00:00+00:00
[2023-11-02T09:11:59.461-0500] {logging_mixin.py:151} INFO - [2023-11-02T09:11:59.461-0500] {dag.py:3722} INFO - Setting next_dagrun for example_branch_datetime_operator_3 to 2023-11-01T00:00:00+00:00, run_after=2023-11-02T00:00:00+00:00
[2023-11-02T09:11:59.472-0500] {processor.py:179} INFO - Processing /Users/dimz/EconWizard/hermesvirtual/lib/python3.8/site-packages/airflow/example_dags/example_branch_datetime_operator.py took 0.185 seconds
[2023-11-02T09:14:06.248-0500] {processor.py:157} INFO - Started process (PID=94583) to work on /Users/dimz/EconWizard/hermesvirtual/lib/python3.8/site-packages/airflow/example_dags/example_branch_datetime_operator.py
[2023-11-02T09:14:06.254-0500] {processor.py:829} INFO - Processing file /Users/dimz/EconWizard/hermesvirtual/lib/python3.8/site-packages/airflow/example_dags/example_branch_datetime_operator.py for tasks to queue
[2023-11-02T09:14:06.254-0500] {logging_mixin.py:151} INFO - [2023-11-02T09:14:06.254-0500] {dagbag.py:536} INFO - Filling up the DagBag from /Users/dimz/EconWizard/hermesvirtual/lib/python3.8/site-packages/airflow/example_dags/example_branch_datetime_operator.py
[2023-11-02T09:14:06.276-0500] {processor.py:839} INFO - DAG(s) dict_keys(['example_branch_datetime_operator', 'example_branch_datetime_operator_2', 'example_branch_datetime_operator_3']) retrieved from /Users/dimz/EconWizard/hermesvirtual/lib/python3.8/site-packages/airflow/example_dags/example_branch_datetime_operator.py
[2023-11-02T09:14:06.398-0500] {logging_mixin.py:151} INFO - [2023-11-02T09:14:06.398-0500] {dag.py:2941} INFO - Sync 3 DAGs
[2023-11-02T09:14:06.409-0500] {logging_mixin.py:151} INFO - [2023-11-02T09:14:06.409-0500] {dag.py:3722} INFO - Setting next_dagrun for example_branch_datetime_operator to 2023-11-01T00:00:00+00:00, run_after=2023-11-02T00:00:00+00:00
[2023-11-02T09:14:06.412-0500] {logging_mixin.py:151} INFO - [2023-11-02T09:14:06.411-0500] {dag.py:3722} INFO - Setting next_dagrun for example_branch_datetime_operator_2 to 2023-11-01T00:00:00+00:00, run_after=2023-11-02T00:00:00+00:00
[2023-11-02T09:14:06.413-0500] {logging_mixin.py:151} INFO - [2023-11-02T09:14:06.413-0500] {dag.py:3722} INFO - Setting next_dagrun for example_branch_datetime_operator_3 to 2023-11-01T00:00:00+00:00, run_after=2023-11-02T00:00:00+00:00
[2023-11-02T09:14:06.423-0500] {processor.py:179} INFO - Processing /Users/dimz/EconWizard/hermesvirtual/lib/python3.8/site-packages/airflow/example_dags/example_branch_datetime_operator.py took 0.175 seconds
[2023-11-02T09:16:12.564-0500] {processor.py:157} INFO - Started process (PID=94719) to work on /Users/dimz/EconWizard/hermesvirtual/lib/python3.8/site-packages/airflow/example_dags/example_branch_datetime_operator.py
[2023-11-02T09:16:12.569-0500] {processor.py:829} INFO - Processing file /Users/dimz/EconWizard/hermesvirtual/lib/python3.8/site-packages/airflow/example_dags/example_branch_datetime_operator.py for tasks to queue
[2023-11-02T09:16:12.569-0500] {logging_mixin.py:151} INFO - [2023-11-02T09:16:12.569-0500] {dagbag.py:536} INFO - Filling up the DagBag from /Users/dimz/EconWizard/hermesvirtual/lib/python3.8/site-packages/airflow/example_dags/example_branch_datetime_operator.py
[2023-11-02T09:16:12.589-0500] {processor.py:839} INFO - DAG(s) dict_keys(['example_branch_datetime_operator_3', 'example_branch_datetime_operator', 'example_branch_datetime_operator_2']) retrieved from /Users/dimz/EconWizard/hermesvirtual/lib/python3.8/site-packages/airflow/example_dags/example_branch_datetime_operator.py
[2023-11-02T09:16:12.700-0500] {logging_mixin.py:151} INFO - [2023-11-02T09:16:12.700-0500] {dag.py:2941} INFO - Sync 3 DAGs
[2023-11-02T09:16:12.710-0500] {logging_mixin.py:151} INFO - [2023-11-02T09:16:12.710-0500] {dag.py:3722} INFO - Setting next_dagrun for example_branch_datetime_operator to 2023-11-01T00:00:00+00:00, run_after=2023-11-02T00:00:00+00:00
[2023-11-02T09:16:12.712-0500] {logging_mixin.py:151} INFO - [2023-11-02T09:16:12.712-0500] {dag.py:3722} INFO - Setting next_dagrun for example_branch_datetime_operator_2 to 2023-11-01T00:00:00+00:00, run_after=2023-11-02T00:00:00+00:00
[2023-11-02T09:16:12.714-0500] {logging_mixin.py:151} INFO - [2023-11-02T09:16:12.714-0500] {dag.py:3722} INFO - Setting next_dagrun for example_branch_datetime_operator_3 to 2023-11-01T00:00:00+00:00, run_after=2023-11-02T00:00:00+00:00
[2023-11-02T09:16:12.724-0500] {processor.py:179} INFO - Processing /Users/dimz/EconWizard/hermesvirtual/lib/python3.8/site-packages/airflow/example_dags/example_branch_datetime_operator.py took 0.161 seconds
[2023-11-02T09:18:14.189-0500] {processor.py:157} INFO - Started process (PID=94855) to work on /Users/dimz/EconWizard/hermesvirtual/lib/python3.8/site-packages/airflow/example_dags/example_branch_datetime_operator.py
[2023-11-02T09:18:14.193-0500] {processor.py:829} INFO - Processing file /Users/dimz/EconWizard/hermesvirtual/lib/python3.8/site-packages/airflow/example_dags/example_branch_datetime_operator.py for tasks to queue
[2023-11-02T09:18:14.194-0500] {logging_mixin.py:151} INFO - [2023-11-02T09:18:14.194-0500] {dagbag.py:536} INFO - Filling up the DagBag from /Users/dimz/EconWizard/hermesvirtual/lib/python3.8/site-packages/airflow/example_dags/example_branch_datetime_operator.py
[2023-11-02T09:18:14.215-0500] {processor.py:839} INFO - DAG(s) dict_keys(['example_branch_datetime_operator', 'example_branch_datetime_operator_3', 'example_branch_datetime_operator_2']) retrieved from /Users/dimz/EconWizard/hermesvirtual/lib/python3.8/site-packages/airflow/example_dags/example_branch_datetime_operator.py
[2023-11-02T09:18:14.335-0500] {logging_mixin.py:151} INFO - [2023-11-02T09:18:14.335-0500] {dag.py:2941} INFO - Sync 3 DAGs
[2023-11-02T09:18:14.346-0500] {logging_mixin.py:151} INFO - [2023-11-02T09:18:14.346-0500] {dag.py:3722} INFO - Setting next_dagrun for example_branch_datetime_operator to 2023-11-01T00:00:00+00:00, run_after=2023-11-02T00:00:00+00:00
[2023-11-02T09:18:14.349-0500] {logging_mixin.py:151} INFO - [2023-11-02T09:18:14.349-0500] {dag.py:3722} INFO - Setting next_dagrun for example_branch_datetime_operator_2 to 2023-11-01T00:00:00+00:00, run_after=2023-11-02T00:00:00+00:00
[2023-11-02T09:18:14.350-0500] {logging_mixin.py:151} INFO - [2023-11-02T09:18:14.350-0500] {dag.py:3722} INFO - Setting next_dagrun for example_branch_datetime_operator_3 to 2023-11-01T00:00:00+00:00, run_after=2023-11-02T00:00:00+00:00
[2023-11-02T09:18:14.361-0500] {processor.py:179} INFO - Processing /Users/dimz/EconWizard/hermesvirtual/lib/python3.8/site-packages/airflow/example_dags/example_branch_datetime_operator.py took 0.173 seconds
[2023-11-02T09:20:22.936-0500] {processor.py:157} INFO - Started process (PID=95052) to work on /Users/dimz/EconWizard/hermesvirtual/lib/python3.8/site-packages/airflow/example_dags/example_branch_datetime_operator.py
[2023-11-02T09:20:22.941-0500] {processor.py:829} INFO - Processing file /Users/dimz/EconWizard/hermesvirtual/lib/python3.8/site-packages/airflow/example_dags/example_branch_datetime_operator.py for tasks to queue
[2023-11-02T09:20:22.942-0500] {logging_mixin.py:151} INFO - [2023-11-02T09:20:22.942-0500] {dagbag.py:536} INFO - Filling up the DagBag from /Users/dimz/EconWizard/hermesvirtual/lib/python3.8/site-packages/airflow/example_dags/example_branch_datetime_operator.py
[2023-11-02T09:20:22.963-0500] {processor.py:839} INFO - DAG(s) dict_keys(['example_branch_datetime_operator', 'example_branch_datetime_operator_2', 'example_branch_datetime_operator_3']) retrieved from /Users/dimz/EconWizard/hermesvirtual/lib/python3.8/site-packages/airflow/example_dags/example_branch_datetime_operator.py
[2023-11-02T09:20:23.080-0500] {logging_mixin.py:151} INFO - [2023-11-02T09:20:23.080-0500] {dag.py:2941} INFO - Sync 3 DAGs
[2023-11-02T09:20:23.091-0500] {logging_mixin.py:151} INFO - [2023-11-02T09:20:23.091-0500] {dag.py:3722} INFO - Setting next_dagrun for example_branch_datetime_operator to 2023-11-01T00:00:00+00:00, run_after=2023-11-02T00:00:00+00:00
[2023-11-02T09:20:23.093-0500] {logging_mixin.py:151} INFO - [2023-11-02T09:20:23.093-0500] {dag.py:3722} INFO - Setting next_dagrun for example_branch_datetime_operator_2 to 2023-11-01T00:00:00+00:00, run_after=2023-11-02T00:00:00+00:00
[2023-11-02T09:20:23.095-0500] {logging_mixin.py:151} INFO - [2023-11-02T09:20:23.095-0500] {dag.py:3722} INFO - Setting next_dagrun for example_branch_datetime_operator_3 to 2023-11-01T00:00:00+00:00, run_after=2023-11-02T00:00:00+00:00
[2023-11-02T09:20:23.106-0500] {processor.py:179} INFO - Processing /Users/dimz/EconWizard/hermesvirtual/lib/python3.8/site-packages/airflow/example_dags/example_branch_datetime_operator.py took 0.170 seconds
[2023-11-02T09:22:32.777-0500] {processor.py:157} INFO - Started process (PID=95208) to work on /Users/dimz/EconWizard/hermesvirtual/lib/python3.8/site-packages/airflow/example_dags/example_branch_datetime_operator.py
[2023-11-02T09:22:32.782-0500] {processor.py:829} INFO - Processing file /Users/dimz/EconWizard/hermesvirtual/lib/python3.8/site-packages/airflow/example_dags/example_branch_datetime_operator.py for tasks to queue
[2023-11-02T09:22:32.782-0500] {logging_mixin.py:151} INFO - [2023-11-02T09:22:32.782-0500] {dagbag.py:536} INFO - Filling up the DagBag from /Users/dimz/EconWizard/hermesvirtual/lib/python3.8/site-packages/airflow/example_dags/example_branch_datetime_operator.py
[2023-11-02T09:22:32.801-0500] {processor.py:839} INFO - DAG(s) dict_keys(['example_branch_datetime_operator_2', 'example_branch_datetime_operator', 'example_branch_datetime_operator_3']) retrieved from /Users/dimz/EconWizard/hermesvirtual/lib/python3.8/site-packages/airflow/example_dags/example_branch_datetime_operator.py
[2023-11-02T09:22:32.908-0500] {logging_mixin.py:151} INFO - [2023-11-02T09:22:32.908-0500] {dag.py:2941} INFO - Sync 3 DAGs
[2023-11-02T09:22:32.918-0500] {logging_mixin.py:151} INFO - [2023-11-02T09:22:32.918-0500] {dag.py:3722} INFO - Setting next_dagrun for example_branch_datetime_operator to 2023-11-01T00:00:00+00:00, run_after=2023-11-02T00:00:00+00:00
[2023-11-02T09:22:32.921-0500] {logging_mixin.py:151} INFO - [2023-11-02T09:22:32.921-0500] {dag.py:3722} INFO - Setting next_dagrun for example_branch_datetime_operator_2 to 2023-11-01T00:00:00+00:00, run_after=2023-11-02T00:00:00+00:00
[2023-11-02T09:22:32.922-0500] {logging_mixin.py:151} INFO - [2023-11-02T09:22:32.922-0500] {dag.py:3722} INFO - Setting next_dagrun for example_branch_datetime_operator_3 to 2023-11-01T00:00:00+00:00, run_after=2023-11-02T00:00:00+00:00
[2023-11-02T09:22:32.932-0500] {processor.py:179} INFO - Processing /Users/dimz/EconWizard/hermesvirtual/lib/python3.8/site-packages/airflow/example_dags/example_branch_datetime_operator.py took 0.155 seconds
[2023-11-02T09:24:39.690-0500] {processor.py:157} INFO - Started process (PID=95428) to work on /Users/dimz/EconWizard/hermesvirtual/lib/python3.8/site-packages/airflow/example_dags/example_branch_datetime_operator.py
[2023-11-02T09:24:39.695-0500] {processor.py:829} INFO - Processing file /Users/dimz/EconWizard/hermesvirtual/lib/python3.8/site-packages/airflow/example_dags/example_branch_datetime_operator.py for tasks to queue
[2023-11-02T09:24:39.696-0500] {logging_mixin.py:151} INFO - [2023-11-02T09:24:39.696-0500] {dagbag.py:536} INFO - Filling up the DagBag from /Users/dimz/EconWizard/hermesvirtual/lib/python3.8/site-packages/airflow/example_dags/example_branch_datetime_operator.py
[2023-11-02T09:24:39.716-0500] {processor.py:839} INFO - DAG(s) dict_keys(['example_branch_datetime_operator_2', 'example_branch_datetime_operator_3', 'example_branch_datetime_operator']) retrieved from /Users/dimz/EconWizard/hermesvirtual/lib/python3.8/site-packages/airflow/example_dags/example_branch_datetime_operator.py
[2023-11-02T09:24:39.828-0500] {logging_mixin.py:151} INFO - [2023-11-02T09:24:39.828-0500] {dag.py:2941} INFO - Sync 3 DAGs
[2023-11-02T09:24:39.839-0500] {logging_mixin.py:151} INFO - [2023-11-02T09:24:39.839-0500] {dag.py:3722} INFO - Setting next_dagrun for example_branch_datetime_operator to 2023-11-01T00:00:00+00:00, run_after=2023-11-02T00:00:00+00:00
[2023-11-02T09:24:39.842-0500] {logging_mixin.py:151} INFO - [2023-11-02T09:24:39.842-0500] {dag.py:3722} INFO - Setting next_dagrun for example_branch_datetime_operator_2 to 2023-11-01T00:00:00+00:00, run_after=2023-11-02T00:00:00+00:00
[2023-11-02T09:24:39.843-0500] {logging_mixin.py:151} INFO - [2023-11-02T09:24:39.843-0500] {dag.py:3722} INFO - Setting next_dagrun for example_branch_datetime_operator_3 to 2023-11-01T00:00:00+00:00, run_after=2023-11-02T00:00:00+00:00
[2023-11-02T09:24:39.853-0500] {processor.py:179} INFO - Processing /Users/dimz/EconWizard/hermesvirtual/lib/python3.8/site-packages/airflow/example_dags/example_branch_datetime_operator.py took 0.164 seconds
[2023-11-02T09:26:46.596-0500] {processor.py:157} INFO - Started process (PID=95652) to work on /Users/dimz/EconWizard/hermesvirtual/lib/python3.8/site-packages/airflow/example_dags/example_branch_datetime_operator.py
[2023-11-02T09:26:46.601-0500] {processor.py:829} INFO - Processing file /Users/dimz/EconWizard/hermesvirtual/lib/python3.8/site-packages/airflow/example_dags/example_branch_datetime_operator.py for tasks to queue
[2023-11-02T09:26:46.602-0500] {logging_mixin.py:151} INFO - [2023-11-02T09:26:46.602-0500] {dagbag.py:536} INFO - Filling up the DagBag from /Users/dimz/EconWizard/hermesvirtual/lib/python3.8/site-packages/airflow/example_dags/example_branch_datetime_operator.py
[2023-11-02T09:26:46.625-0500] {processor.py:839} INFO - DAG(s) dict_keys(['example_branch_datetime_operator', 'example_branch_datetime_operator_3', 'example_branch_datetime_operator_2']) retrieved from /Users/dimz/EconWizard/hermesvirtual/lib/python3.8/site-packages/airflow/example_dags/example_branch_datetime_operator.py
[2023-11-02T09:26:46.753-0500] {logging_mixin.py:151} INFO - [2023-11-02T09:26:46.753-0500] {dag.py:2941} INFO - Sync 3 DAGs
[2023-11-02T09:26:46.765-0500] {logging_mixin.py:151} INFO - [2023-11-02T09:26:46.765-0500] {dag.py:3722} INFO - Setting next_dagrun for example_branch_datetime_operator to 2023-11-01T00:00:00+00:00, run_after=2023-11-02T00:00:00+00:00
[2023-11-02T09:26:46.768-0500] {logging_mixin.py:151} INFO - [2023-11-02T09:26:46.768-0500] {dag.py:3722} INFO - Setting next_dagrun for example_branch_datetime_operator_2 to 2023-11-01T00:00:00+00:00, run_after=2023-11-02T00:00:00+00:00
[2023-11-02T09:26:46.770-0500] {logging_mixin.py:151} INFO - [2023-11-02T09:26:46.769-0500] {dag.py:3722} INFO - Setting next_dagrun for example_branch_datetime_operator_3 to 2023-11-01T00:00:00+00:00, run_after=2023-11-02T00:00:00+00:00
[2023-11-02T09:26:46.781-0500] {processor.py:179} INFO - Processing /Users/dimz/EconWizard/hermesvirtual/lib/python3.8/site-packages/airflow/example_dags/example_branch_datetime_operator.py took 0.185 seconds
[2023-11-02T09:29:41.876-0500] {processor.py:157} INFO - Started process (PID=95896) to work on /Users/dimz/EconWizard/hermesvirtual/lib/python3.8/site-packages/airflow/example_dags/example_branch_datetime_operator.py
[2023-11-02T09:29:41.881-0500] {processor.py:829} INFO - Processing file /Users/dimz/EconWizard/hermesvirtual/lib/python3.8/site-packages/airflow/example_dags/example_branch_datetime_operator.py for tasks to queue
[2023-11-02T09:29:41.882-0500] {logging_mixin.py:151} INFO - [2023-11-02T09:29:41.881-0500] {dagbag.py:536} INFO - Filling up the DagBag from /Users/dimz/EconWizard/hermesvirtual/lib/python3.8/site-packages/airflow/example_dags/example_branch_datetime_operator.py
[2023-11-02T09:29:41.902-0500] {processor.py:839} INFO - DAG(s) dict_keys(['example_branch_datetime_operator_2', 'example_branch_datetime_operator', 'example_branch_datetime_operator_3']) retrieved from /Users/dimz/EconWizard/hermesvirtual/lib/python3.8/site-packages/airflow/example_dags/example_branch_datetime_operator.py
[2023-11-02T09:29:42.013-0500] {logging_mixin.py:151} INFO - [2023-11-02T09:29:42.013-0500] {dag.py:2941} INFO - Sync 3 DAGs
[2023-11-02T09:29:42.024-0500] {logging_mixin.py:151} INFO - [2023-11-02T09:29:42.023-0500] {dag.py:3722} INFO - Setting next_dagrun for example_branch_datetime_operator to 2023-11-01T00:00:00+00:00, run_after=2023-11-02T00:00:00+00:00
[2023-11-02T09:29:42.026-0500] {logging_mixin.py:151} INFO - [2023-11-02T09:29:42.026-0500] {dag.py:3722} INFO - Setting next_dagrun for example_branch_datetime_operator_2 to 2023-11-01T00:00:00+00:00, run_after=2023-11-02T00:00:00+00:00
[2023-11-02T09:29:42.028-0500] {logging_mixin.py:151} INFO - [2023-11-02T09:29:42.027-0500] {dag.py:3722} INFO - Setting next_dagrun for example_branch_datetime_operator_3 to 2023-11-01T00:00:00+00:00, run_after=2023-11-02T00:00:00+00:00
[2023-11-02T09:29:42.038-0500] {processor.py:179} INFO - Processing /Users/dimz/EconWizard/hermesvirtual/lib/python3.8/site-packages/airflow/example_dags/example_branch_datetime_operator.py took 0.162 seconds
[2023-11-02T09:31:53.362-0500] {processor.py:157} INFO - Started process (PID=96056) to work on /Users/dimz/EconWizard/hermesvirtual/lib/python3.8/site-packages/airflow/example_dags/example_branch_datetime_operator.py
[2023-11-02T09:31:53.367-0500] {processor.py:829} INFO - Processing file /Users/dimz/EconWizard/hermesvirtual/lib/python3.8/site-packages/airflow/example_dags/example_branch_datetime_operator.py for tasks to queue
[2023-11-02T09:31:53.367-0500] {logging_mixin.py:151} INFO - [2023-11-02T09:31:53.367-0500] {dagbag.py:536} INFO - Filling up the DagBag from /Users/dimz/EconWizard/hermesvirtual/lib/python3.8/site-packages/airflow/example_dags/example_branch_datetime_operator.py
[2023-11-02T09:31:53.386-0500] {processor.py:839} INFO - DAG(s) dict_keys(['example_branch_datetime_operator_2', 'example_branch_datetime_operator', 'example_branch_datetime_operator_3']) retrieved from /Users/dimz/EconWizard/hermesvirtual/lib/python3.8/site-packages/airflow/example_dags/example_branch_datetime_operator.py
[2023-11-02T09:31:53.492-0500] {logging_mixin.py:151} INFO - [2023-11-02T09:31:53.491-0500] {dag.py:2941} INFO - Sync 3 DAGs
[2023-11-02T09:31:53.501-0500] {logging_mixin.py:151} INFO - [2023-11-02T09:31:53.501-0500] {dag.py:3722} INFO - Setting next_dagrun for example_branch_datetime_operator to 2023-11-01T00:00:00+00:00, run_after=2023-11-02T00:00:00+00:00
[2023-11-02T09:31:53.504-0500] {logging_mixin.py:151} INFO - [2023-11-02T09:31:53.504-0500] {dag.py:3722} INFO - Setting next_dagrun for example_branch_datetime_operator_2 to 2023-11-01T00:00:00+00:00, run_after=2023-11-02T00:00:00+00:00
[2023-11-02T09:31:53.505-0500] {logging_mixin.py:151} INFO - [2023-11-02T09:31:53.505-0500] {dag.py:3722} INFO - Setting next_dagrun for example_branch_datetime_operator_3 to 2023-11-01T00:00:00+00:00, run_after=2023-11-02T00:00:00+00:00
[2023-11-02T09:31:53.514-0500] {processor.py:179} INFO - Processing /Users/dimz/EconWizard/hermesvirtual/lib/python3.8/site-packages/airflow/example_dags/example_branch_datetime_operator.py took 0.153 seconds
[2023-11-02T10:14:06.711-0500] {processor.py:157} INFO - Started process (PID=97596) to work on /Users/dimz/EconWizard/hermesvirtual/lib/python3.8/site-packages/airflow/example_dags/example_branch_datetime_operator.py
[2023-11-02T10:14:06.716-0500] {processor.py:829} INFO - Processing file /Users/dimz/EconWizard/hermesvirtual/lib/python3.8/site-packages/airflow/example_dags/example_branch_datetime_operator.py for tasks to queue
[2023-11-02T10:14:06.716-0500] {logging_mixin.py:151} INFO - [2023-11-02T10:14:06.716-0500] {dagbag.py:536} INFO - Filling up the DagBag from /Users/dimz/EconWizard/hermesvirtual/lib/python3.8/site-packages/airflow/example_dags/example_branch_datetime_operator.py
[2023-11-02T10:14:06.734-0500] {processor.py:839} INFO - DAG(s) dict_keys(['example_branch_datetime_operator_3', 'example_branch_datetime_operator', 'example_branch_datetime_operator_2']) retrieved from /Users/dimz/EconWizard/hermesvirtual/lib/python3.8/site-packages/airflow/example_dags/example_branch_datetime_operator.py
[2023-11-02T10:14:06.840-0500] {logging_mixin.py:151} INFO - [2023-11-02T10:14:06.840-0500] {dag.py:2941} INFO - Sync 3 DAGs
[2023-11-02T10:14:06.850-0500] {logging_mixin.py:151} INFO - [2023-11-02T10:14:06.850-0500] {dag.py:3722} INFO - Setting next_dagrun for example_branch_datetime_operator to 2023-11-01T00:00:00+00:00, run_after=2023-11-02T00:00:00+00:00
[2023-11-02T10:14:06.852-0500] {logging_mixin.py:151} INFO - [2023-11-02T10:14:06.852-0500] {dag.py:3722} INFO - Setting next_dagrun for example_branch_datetime_operator_2 to 2023-11-01T00:00:00+00:00, run_after=2023-11-02T00:00:00+00:00
[2023-11-02T10:14:06.854-0500] {logging_mixin.py:151} INFO - [2023-11-02T10:14:06.854-0500] {dag.py:3722} INFO - Setting next_dagrun for example_branch_datetime_operator_3 to 2023-11-01T00:00:00+00:00, run_after=2023-11-02T00:00:00+00:00
[2023-11-02T10:14:06.863-0500] {processor.py:179} INFO - Processing /Users/dimz/EconWizard/hermesvirtual/lib/python3.8/site-packages/airflow/example_dags/example_branch_datetime_operator.py took 0.152 seconds
[2023-11-02T10:16:11.112-0500] {processor.py:157} INFO - Started process (PID=97822) to work on /Users/dimz/EconWizard/hermesvirtual/lib/python3.8/site-packages/airflow/example_dags/example_branch_datetime_operator.py
[2023-11-02T10:16:11.118-0500] {processor.py:829} INFO - Processing file /Users/dimz/EconWizard/hermesvirtual/lib/python3.8/site-packages/airflow/example_dags/example_branch_datetime_operator.py for tasks to queue
[2023-11-02T10:16:11.118-0500] {logging_mixin.py:151} INFO - [2023-11-02T10:16:11.118-0500] {dagbag.py:536} INFO - Filling up the DagBag from /Users/dimz/EconWizard/hermesvirtual/lib/python3.8/site-packages/airflow/example_dags/example_branch_datetime_operator.py
[2023-11-02T10:16:11.137-0500] {processor.py:839} INFO - DAG(s) dict_keys(['example_branch_datetime_operator_2', 'example_branch_datetime_operator_3', 'example_branch_datetime_operator']) retrieved from /Users/dimz/EconWizard/hermesvirtual/lib/python3.8/site-packages/airflow/example_dags/example_branch_datetime_operator.py
[2023-11-02T10:16:11.244-0500] {logging_mixin.py:151} INFO - [2023-11-02T10:16:11.243-0500] {dag.py:2941} INFO - Sync 3 DAGs
[2023-11-02T10:16:11.254-0500] {logging_mixin.py:151} INFO - [2023-11-02T10:16:11.253-0500] {dag.py:3722} INFO - Setting next_dagrun for example_branch_datetime_operator to 2023-11-01T00:00:00+00:00, run_after=2023-11-02T00:00:00+00:00
[2023-11-02T10:16:11.256-0500] {logging_mixin.py:151} INFO - [2023-11-02T10:16:11.256-0500] {dag.py:3722} INFO - Setting next_dagrun for example_branch_datetime_operator_2 to 2023-11-01T00:00:00+00:00, run_after=2023-11-02T00:00:00+00:00
[2023-11-02T10:16:11.257-0500] {logging_mixin.py:151} INFO - [2023-11-02T10:16:11.257-0500] {dag.py:3722} INFO - Setting next_dagrun for example_branch_datetime_operator_3 to 2023-11-01T00:00:00+00:00, run_after=2023-11-02T00:00:00+00:00
[2023-11-02T10:16:11.267-0500] {processor.py:179} INFO - Processing /Users/dimz/EconWizard/hermesvirtual/lib/python3.8/site-packages/airflow/example_dags/example_branch_datetime_operator.py took 0.155 seconds
[2023-11-02T10:39:54.446-0500] {processor.py:157} INFO - Started process (PID=99941) to work on /Users/dimz/EconWizard/hermesvirtual/lib/python3.8/site-packages/airflow/example_dags/example_branch_datetime_operator.py
[2023-11-02T10:39:54.453-0500] {processor.py:829} INFO - Processing file /Users/dimz/EconWizard/hermesvirtual/lib/python3.8/site-packages/airflow/example_dags/example_branch_datetime_operator.py for tasks to queue
[2023-11-02T10:39:54.453-0500] {logging_mixin.py:151} INFO - [2023-11-02T10:39:54.453-0500] {dagbag.py:536} INFO - Filling up the DagBag from /Users/dimz/EconWizard/hermesvirtual/lib/python3.8/site-packages/airflow/example_dags/example_branch_datetime_operator.py
[2023-11-02T10:39:54.477-0500] {processor.py:839} INFO - DAG(s) dict_keys(['example_branch_datetime_operator_2', 'example_branch_datetime_operator_3', 'example_branch_datetime_operator']) retrieved from /Users/dimz/EconWizard/hermesvirtual/lib/python3.8/site-packages/airflow/example_dags/example_branch_datetime_operator.py
[2023-11-02T10:39:54.612-0500] {logging_mixin.py:151} INFO - [2023-11-02T10:39:54.612-0500] {dag.py:2941} INFO - Sync 3 DAGs
[2023-11-02T10:39:54.623-0500] {logging_mixin.py:151} INFO - [2023-11-02T10:39:54.623-0500] {dag.py:3722} INFO - Setting next_dagrun for example_branch_datetime_operator to 2023-11-01T00:00:00+00:00, run_after=2023-11-02T00:00:00+00:00
[2023-11-02T10:39:54.627-0500] {logging_mixin.py:151} INFO - [2023-11-02T10:39:54.627-0500] {dag.py:3722} INFO - Setting next_dagrun for example_branch_datetime_operator_2 to 2023-11-01T00:00:00+00:00, run_after=2023-11-02T00:00:00+00:00
[2023-11-02T10:39:54.629-0500] {logging_mixin.py:151} INFO - [2023-11-02T10:39:54.629-0500] {dag.py:3722} INFO - Setting next_dagrun for example_branch_datetime_operator_3 to 2023-11-01T00:00:00+00:00, run_after=2023-11-02T00:00:00+00:00
[2023-11-02T10:39:54.640-0500] {processor.py:179} INFO - Processing /Users/dimz/EconWizard/hermesvirtual/lib/python3.8/site-packages/airflow/example_dags/example_branch_datetime_operator.py took 0.195 seconds
[2023-11-02T10:42:02.051-0500] {processor.py:157} INFO - Started process (PID=205) to work on /Users/dimz/EconWizard/hermesvirtual/lib/python3.8/site-packages/airflow/example_dags/example_branch_datetime_operator.py
[2023-11-02T10:42:02.055-0500] {processor.py:829} INFO - Processing file /Users/dimz/EconWizard/hermesvirtual/lib/python3.8/site-packages/airflow/example_dags/example_branch_datetime_operator.py for tasks to queue
[2023-11-02T10:42:02.056-0500] {logging_mixin.py:151} INFO - [2023-11-02T10:42:02.055-0500] {dagbag.py:536} INFO - Filling up the DagBag from /Users/dimz/EconWizard/hermesvirtual/lib/python3.8/site-packages/airflow/example_dags/example_branch_datetime_operator.py
[2023-11-02T10:42:02.074-0500] {processor.py:839} INFO - DAG(s) dict_keys(['example_branch_datetime_operator_2', 'example_branch_datetime_operator_3', 'example_branch_datetime_operator']) retrieved from /Users/dimz/EconWizard/hermesvirtual/lib/python3.8/site-packages/airflow/example_dags/example_branch_datetime_operator.py
[2023-11-02T10:42:02.183-0500] {logging_mixin.py:151} INFO - [2023-11-02T10:42:02.183-0500] {dag.py:2941} INFO - Sync 3 DAGs
[2023-11-02T10:42:02.193-0500] {logging_mixin.py:151} INFO - [2023-11-02T10:42:02.193-0500] {dag.py:3722} INFO - Setting next_dagrun for example_branch_datetime_operator to 2023-11-01T00:00:00+00:00, run_after=2023-11-02T00:00:00+00:00
[2023-11-02T10:42:02.196-0500] {logging_mixin.py:151} INFO - [2023-11-02T10:42:02.195-0500] {dag.py:3722} INFO - Setting next_dagrun for example_branch_datetime_operator_2 to 2023-11-01T00:00:00+00:00, run_after=2023-11-02T00:00:00+00:00
[2023-11-02T10:42:02.197-0500] {logging_mixin.py:151} INFO - [2023-11-02T10:42:02.197-0500] {dag.py:3722} INFO - Setting next_dagrun for example_branch_datetime_operator_3 to 2023-11-01T00:00:00+00:00, run_after=2023-11-02T00:00:00+00:00
[2023-11-02T10:42:02.206-0500] {processor.py:179} INFO - Processing /Users/dimz/EconWizard/hermesvirtual/lib/python3.8/site-packages/airflow/example_dags/example_branch_datetime_operator.py took 0.156 seconds
