[2023-11-01T21:36:32.977-0500] {processor.py:157} INFO - Started process (PID=87781) to work on /Users/dimz/EconWizard/hermesvirtual/lib/python3.8/site-packages/airflow/example_dags/example_branch_day_of_week_operator.py
[2023-11-01T21:36:32.981-0500] {processor.py:829} INFO - Processing file /Users/dimz/EconWizard/hermesvirtual/lib/python3.8/site-packages/airflow/example_dags/example_branch_day_of_week_operator.py for tasks to queue
[2023-11-01T21:36:32.982-0500] {logging_mixin.py:151} INFO - [2023-11-01T21:36:32.982-0500] {dagbag.py:536} INFO - Filling up the DagBag from /Users/dimz/EconWizard/hermesvirtual/lib/python3.8/site-packages/airflow/example_dags/example_branch_day_of_week_operator.py
[2023-11-01T21:36:32.999-0500] {processor.py:839} INFO - DAG(s) dict_keys(['example_weekday_branch_operator']) retrieved from /Users/dimz/EconWizard/hermesvirtual/lib/python3.8/site-packages/airflow/example_dags/example_branch_day_of_week_operator.py
[2023-11-01T21:36:33.335-0500] {logging_mixin.py:151} INFO - [2023-11-01T21:36:33.335-0500] {manager.py:499} INFO - Created Permission View: %s
[2023-11-01T21:36:33.340-0500] {logging_mixin.py:151} INFO - [2023-11-01T21:36:33.340-0500] {manager.py:499} INFO - Created Permission View: %s
[2023-11-01T21:36:33.343-0500] {logging_mixin.py:151} INFO - [2023-11-01T21:36:33.343-0500] {manager.py:499} INFO - Created Permission View: %s
[2023-11-01T21:36:33.343-0500] {logging_mixin.py:151} INFO - [2023-11-01T21:36:33.343-0500] {dag.py:2941} INFO - Sync 1 DAGs
[2023-11-01T21:36:33.350-0500] {logging_mixin.py:151} INFO - [2023-11-01T21:36:33.349-0500] {dag.py:2963} INFO - Creating ORM DAG for example_weekday_branch_operator
[2023-11-01T21:36:33.355-0500] {logging_mixin.py:151} INFO - [2023-11-01T21:36:33.355-0500] {dag.py:3722} INFO - Setting next_dagrun for example_weekday_branch_operator to 2023-11-01T00:00:00+00:00, run_after=2023-11-02T00:00:00+00:00
[2023-11-01T21:36:33.366-0500] {processor.py:179} INFO - Processing /Users/dimz/EconWizard/hermesvirtual/lib/python3.8/site-packages/airflow/example_dags/example_branch_day_of_week_operator.py took 0.388 seconds
[2023-11-01T21:38:25.800-0500] {processor.py:157} INFO - Started process (PID=87975) to work on /Users/dimz/EconWizard/hermesvirtual/lib/python3.8/site-packages/airflow/example_dags/example_branch_day_of_week_operator.py
[2023-11-01T21:38:25.805-0500] {processor.py:829} INFO - Processing file /Users/dimz/EconWizard/hermesvirtual/lib/python3.8/site-packages/airflow/example_dags/example_branch_day_of_week_operator.py for tasks to queue
[2023-11-01T21:38:25.806-0500] {logging_mixin.py:151} INFO - [2023-11-01T21:38:25.806-0500] {dagbag.py:536} INFO - Filling up the DagBag from /Users/dimz/EconWizard/hermesvirtual/lib/python3.8/site-packages/airflow/example_dags/example_branch_day_of_week_operator.py
[2023-11-01T21:38:25.828-0500] {processor.py:839} INFO - DAG(s) dict_keys(['example_weekday_branch_operator']) retrieved from /Users/dimz/EconWizard/hermesvirtual/lib/python3.8/site-packages/airflow/example_dags/example_branch_day_of_week_operator.py
[2023-11-01T21:38:25.949-0500] {logging_mixin.py:151} INFO - [2023-11-01T21:38:25.949-0500] {dag.py:2941} INFO - Sync 1 DAGs
[2023-11-01T21:38:25.960-0500] {logging_mixin.py:151} INFO - [2023-11-01T21:38:25.960-0500] {dag.py:3722} INFO - Setting next_dagrun for example_weekday_branch_operator to 2023-11-01T00:00:00+00:00, run_after=2023-11-02T00:00:00+00:00
[2023-11-01T21:38:25.972-0500] {processor.py:179} INFO - Processing /Users/dimz/EconWizard/hermesvirtual/lib/python3.8/site-packages/airflow/example_dags/example_branch_day_of_week_operator.py took 0.172 seconds
[2023-11-01T21:40:20.552-0500] {processor.py:157} INFO - Started process (PID=88220) to work on /Users/dimz/EconWizard/hermesvirtual/lib/python3.8/site-packages/airflow/example_dags/example_branch_day_of_week_operator.py
[2023-11-01T21:40:20.557-0500] {processor.py:829} INFO - Processing file /Users/dimz/EconWizard/hermesvirtual/lib/python3.8/site-packages/airflow/example_dags/example_branch_day_of_week_operator.py for tasks to queue
[2023-11-01T21:40:20.557-0500] {logging_mixin.py:151} INFO - [2023-11-01T21:40:20.557-0500] {dagbag.py:536} INFO - Filling up the DagBag from /Users/dimz/EconWizard/hermesvirtual/lib/python3.8/site-packages/airflow/example_dags/example_branch_day_of_week_operator.py
[2023-11-01T21:40:20.575-0500] {processor.py:839} INFO - DAG(s) dict_keys(['example_weekday_branch_operator']) retrieved from /Users/dimz/EconWizard/hermesvirtual/lib/python3.8/site-packages/airflow/example_dags/example_branch_day_of_week_operator.py
[2023-11-01T21:40:20.684-0500] {logging_mixin.py:151} INFO - [2023-11-01T21:40:20.684-0500] {dag.py:2941} INFO - Sync 1 DAGs
[2023-11-01T21:40:20.696-0500] {logging_mixin.py:151} INFO - [2023-11-01T21:40:20.695-0500] {dag.py:3722} INFO - Setting next_dagrun for example_weekday_branch_operator to 2023-11-01T00:00:00+00:00, run_after=2023-11-02T00:00:00+00:00
[2023-11-01T21:40:20.707-0500] {processor.py:179} INFO - Processing /Users/dimz/EconWizard/hermesvirtual/lib/python3.8/site-packages/airflow/example_dags/example_branch_day_of_week_operator.py took 0.156 seconds
[2023-11-01T21:42:17.196-0500] {processor.py:157} INFO - Started process (PID=88486) to work on /Users/dimz/EconWizard/hermesvirtual/lib/python3.8/site-packages/airflow/example_dags/example_branch_day_of_week_operator.py
[2023-11-01T21:42:17.201-0500] {processor.py:829} INFO - Processing file /Users/dimz/EconWizard/hermesvirtual/lib/python3.8/site-packages/airflow/example_dags/example_branch_day_of_week_operator.py for tasks to queue
[2023-11-01T21:42:17.201-0500] {logging_mixin.py:151} INFO - [2023-11-01T21:42:17.201-0500] {dagbag.py:536} INFO - Filling up the DagBag from /Users/dimz/EconWizard/hermesvirtual/lib/python3.8/site-packages/airflow/example_dags/example_branch_day_of_week_operator.py
[2023-11-01T21:42:17.220-0500] {processor.py:839} INFO - DAG(s) dict_keys(['example_weekday_branch_operator']) retrieved from /Users/dimz/EconWizard/hermesvirtual/lib/python3.8/site-packages/airflow/example_dags/example_branch_day_of_week_operator.py
[2023-11-01T21:42:17.335-0500] {logging_mixin.py:151} INFO - [2023-11-01T21:42:17.335-0500] {dag.py:2941} INFO - Sync 1 DAGs
[2023-11-01T21:42:17.346-0500] {logging_mixin.py:151} INFO - [2023-11-01T21:42:17.346-0500] {dag.py:3722} INFO - Setting next_dagrun for example_weekday_branch_operator to 2023-11-01T00:00:00+00:00, run_after=2023-11-02T00:00:00+00:00
[2023-11-01T21:42:17.358-0500] {processor.py:179} INFO - Processing /Users/dimz/EconWizard/hermesvirtual/lib/python3.8/site-packages/airflow/example_dags/example_branch_day_of_week_operator.py took 0.162 seconds
[2023-11-01T21:44:09.079-0500] {processor.py:157} INFO - Started process (PID=88706) to work on /Users/dimz/EconWizard/hermesvirtual/lib/python3.8/site-packages/airflow/example_dags/example_branch_day_of_week_operator.py
[2023-11-01T21:44:09.084-0500] {processor.py:829} INFO - Processing file /Users/dimz/EconWizard/hermesvirtual/lib/python3.8/site-packages/airflow/example_dags/example_branch_day_of_week_operator.py for tasks to queue
[2023-11-01T21:44:09.084-0500] {logging_mixin.py:151} INFO - [2023-11-01T21:44:09.084-0500] {dagbag.py:536} INFO - Filling up the DagBag from /Users/dimz/EconWizard/hermesvirtual/lib/python3.8/site-packages/airflow/example_dags/example_branch_day_of_week_operator.py
[2023-11-01T21:44:09.103-0500] {processor.py:839} INFO - DAG(s) dict_keys(['example_weekday_branch_operator']) retrieved from /Users/dimz/EconWizard/hermesvirtual/lib/python3.8/site-packages/airflow/example_dags/example_branch_day_of_week_operator.py
[2023-11-01T21:44:09.213-0500] {logging_mixin.py:151} INFO - [2023-11-01T21:44:09.213-0500] {dag.py:2941} INFO - Sync 1 DAGs
[2023-11-01T21:44:09.223-0500] {logging_mixin.py:151} INFO - [2023-11-01T21:44:09.223-0500] {dag.py:3722} INFO - Setting next_dagrun for example_weekday_branch_operator to 2023-11-01T00:00:00+00:00, run_after=2023-11-02T00:00:00+00:00
[2023-11-01T21:44:09.234-0500] {processor.py:179} INFO - Processing /Users/dimz/EconWizard/hermesvirtual/lib/python3.8/site-packages/airflow/example_dags/example_branch_day_of_week_operator.py took 0.155 seconds
[2023-11-01T21:46:11.937-0500] {processor.py:157} INFO - Started process (PID=88890) to work on /Users/dimz/EconWizard/hermesvirtual/lib/python3.8/site-packages/airflow/example_dags/example_branch_day_of_week_operator.py
[2023-11-01T21:46:11.943-0500] {processor.py:829} INFO - Processing file /Users/dimz/EconWizard/hermesvirtual/lib/python3.8/site-packages/airflow/example_dags/example_branch_day_of_week_operator.py for tasks to queue
[2023-11-01T21:46:11.943-0500] {logging_mixin.py:151} INFO - [2023-11-01T21:46:11.943-0500] {dagbag.py:536} INFO - Filling up the DagBag from /Users/dimz/EconWizard/hermesvirtual/lib/python3.8/site-packages/airflow/example_dags/example_branch_day_of_week_operator.py
[2023-11-01T21:46:11.964-0500] {processor.py:839} INFO - DAG(s) dict_keys(['example_weekday_branch_operator']) retrieved from /Users/dimz/EconWizard/hermesvirtual/lib/python3.8/site-packages/airflow/example_dags/example_branch_day_of_week_operator.py
[2023-11-01T21:46:12.074-0500] {logging_mixin.py:151} INFO - [2023-11-01T21:46:12.074-0500] {dag.py:2941} INFO - Sync 1 DAGs
[2023-11-01T21:46:12.085-0500] {logging_mixin.py:151} INFO - [2023-11-01T21:46:12.084-0500] {dag.py:3722} INFO - Setting next_dagrun for example_weekday_branch_operator to 2023-11-01T00:00:00+00:00, run_after=2023-11-02T00:00:00+00:00
[2023-11-01T21:46:12.095-0500] {processor.py:179} INFO - Processing /Users/dimz/EconWizard/hermesvirtual/lib/python3.8/site-packages/airflow/example_dags/example_branch_day_of_week_operator.py took 0.158 seconds
[2023-11-01T21:48:13.388-0500] {processor.py:157} INFO - Started process (PID=89121) to work on /Users/dimz/EconWizard/hermesvirtual/lib/python3.8/site-packages/airflow/example_dags/example_branch_day_of_week_operator.py
[2023-11-01T21:48:13.393-0500] {processor.py:829} INFO - Processing file /Users/dimz/EconWizard/hermesvirtual/lib/python3.8/site-packages/airflow/example_dags/example_branch_day_of_week_operator.py for tasks to queue
[2023-11-01T21:48:13.394-0500] {logging_mixin.py:151} INFO - [2023-11-01T21:48:13.393-0500] {dagbag.py:536} INFO - Filling up the DagBag from /Users/dimz/EconWizard/hermesvirtual/lib/python3.8/site-packages/airflow/example_dags/example_branch_day_of_week_operator.py
[2023-11-01T21:48:13.411-0500] {processor.py:839} INFO - DAG(s) dict_keys(['example_weekday_branch_operator']) retrieved from /Users/dimz/EconWizard/hermesvirtual/lib/python3.8/site-packages/airflow/example_dags/example_branch_day_of_week_operator.py
[2023-11-01T21:48:13.516-0500] {logging_mixin.py:151} INFO - [2023-11-01T21:48:13.516-0500] {dag.py:2941} INFO - Sync 1 DAGs
[2023-11-01T21:48:13.526-0500] {logging_mixin.py:151} INFO - [2023-11-01T21:48:13.526-0500] {dag.py:3722} INFO - Setting next_dagrun for example_weekday_branch_operator to 2023-11-01T00:00:00+00:00, run_after=2023-11-02T00:00:00+00:00
[2023-11-01T21:48:13.536-0500] {processor.py:179} INFO - Processing /Users/dimz/EconWizard/hermesvirtual/lib/python3.8/site-packages/airflow/example_dags/example_branch_day_of_week_operator.py took 0.149 seconds
[2023-11-01T21:50:12.969-0500] {processor.py:157} INFO - Started process (PID=89294) to work on /Users/dimz/EconWizard/hermesvirtual/lib/python3.8/site-packages/airflow/example_dags/example_branch_day_of_week_operator.py
[2023-11-01T21:50:12.974-0500] {processor.py:829} INFO - Processing file /Users/dimz/EconWizard/hermesvirtual/lib/python3.8/site-packages/airflow/example_dags/example_branch_day_of_week_operator.py for tasks to queue
[2023-11-01T21:50:12.974-0500] {logging_mixin.py:151} INFO - [2023-11-01T21:50:12.974-0500] {dagbag.py:536} INFO - Filling up the DagBag from /Users/dimz/EconWizard/hermesvirtual/lib/python3.8/site-packages/airflow/example_dags/example_branch_day_of_week_operator.py
[2023-11-01T21:50:12.993-0500] {processor.py:839} INFO - DAG(s) dict_keys(['example_weekday_branch_operator']) retrieved from /Users/dimz/EconWizard/hermesvirtual/lib/python3.8/site-packages/airflow/example_dags/example_branch_day_of_week_operator.py
[2023-11-01T21:50:13.110-0500] {logging_mixin.py:151} INFO - [2023-11-01T21:50:13.110-0500] {dag.py:2941} INFO - Sync 1 DAGs
[2023-11-01T21:50:13.120-0500] {logging_mixin.py:151} INFO - [2023-11-01T21:50:13.120-0500] {dag.py:3722} INFO - Setting next_dagrun for example_weekday_branch_operator to 2023-11-01T00:00:00+00:00, run_after=2023-11-02T00:00:00+00:00
[2023-11-01T21:50:13.132-0500] {processor.py:179} INFO - Processing /Users/dimz/EconWizard/hermesvirtual/lib/python3.8/site-packages/airflow/example_dags/example_branch_day_of_week_operator.py took 0.163 seconds
[2023-11-01T21:52:11.874-0500] {processor.py:157} INFO - Started process (PID=89439) to work on /Users/dimz/EconWizard/hermesvirtual/lib/python3.8/site-packages/airflow/example_dags/example_branch_day_of_week_operator.py
[2023-11-01T21:52:11.879-0500] {processor.py:829} INFO - Processing file /Users/dimz/EconWizard/hermesvirtual/lib/python3.8/site-packages/airflow/example_dags/example_branch_day_of_week_operator.py for tasks to queue
[2023-11-01T21:52:11.879-0500] {logging_mixin.py:151} INFO - [2023-11-01T21:52:11.879-0500] {dagbag.py:536} INFO - Filling up the DagBag from /Users/dimz/EconWizard/hermesvirtual/lib/python3.8/site-packages/airflow/example_dags/example_branch_day_of_week_operator.py
[2023-11-01T21:52:11.900-0500] {processor.py:839} INFO - DAG(s) dict_keys(['example_weekday_branch_operator']) retrieved from /Users/dimz/EconWizard/hermesvirtual/lib/python3.8/site-packages/airflow/example_dags/example_branch_day_of_week_operator.py
[2023-11-01T21:52:12.014-0500] {logging_mixin.py:151} INFO - [2023-11-01T21:52:12.014-0500] {dag.py:2941} INFO - Sync 1 DAGs
[2023-11-01T21:52:12.024-0500] {logging_mixin.py:151} INFO - [2023-11-01T21:52:12.024-0500] {dag.py:3722} INFO - Setting next_dagrun for example_weekday_branch_operator to 2023-11-01T00:00:00+00:00, run_after=2023-11-02T00:00:00+00:00
[2023-11-01T21:52:12.035-0500] {processor.py:179} INFO - Processing /Users/dimz/EconWizard/hermesvirtual/lib/python3.8/site-packages/airflow/example_dags/example_branch_day_of_week_operator.py took 0.162 seconds
[2023-11-01T21:54:08.032-0500] {processor.py:157} INFO - Started process (PID=89619) to work on /Users/dimz/EconWizard/hermesvirtual/lib/python3.8/site-packages/airflow/example_dags/example_branch_day_of_week_operator.py
[2023-11-01T21:54:08.037-0500] {processor.py:829} INFO - Processing file /Users/dimz/EconWizard/hermesvirtual/lib/python3.8/site-packages/airflow/example_dags/example_branch_day_of_week_operator.py for tasks to queue
[2023-11-01T21:54:08.038-0500] {logging_mixin.py:151} INFO - [2023-11-01T21:54:08.038-0500] {dagbag.py:536} INFO - Filling up the DagBag from /Users/dimz/EconWizard/hermesvirtual/lib/python3.8/site-packages/airflow/example_dags/example_branch_day_of_week_operator.py
[2023-11-01T21:54:08.060-0500] {processor.py:839} INFO - DAG(s) dict_keys(['example_weekday_branch_operator']) retrieved from /Users/dimz/EconWizard/hermesvirtual/lib/python3.8/site-packages/airflow/example_dags/example_branch_day_of_week_operator.py
[2023-11-01T21:54:08.182-0500] {logging_mixin.py:151} INFO - [2023-11-01T21:54:08.181-0500] {dag.py:2941} INFO - Sync 1 DAGs
[2023-11-01T21:54:08.194-0500] {logging_mixin.py:151} INFO - [2023-11-01T21:54:08.194-0500] {dag.py:3722} INFO - Setting next_dagrun for example_weekday_branch_operator to 2023-11-01T00:00:00+00:00, run_after=2023-11-02T00:00:00+00:00
[2023-11-01T21:54:08.207-0500] {processor.py:179} INFO - Processing /Users/dimz/EconWizard/hermesvirtual/lib/python3.8/site-packages/airflow/example_dags/example_branch_day_of_week_operator.py took 0.176 seconds
[2023-11-01T21:56:09.744-0500] {processor.py:157} INFO - Started process (PID=89775) to work on /Users/dimz/EconWizard/hermesvirtual/lib/python3.8/site-packages/airflow/example_dags/example_branch_day_of_week_operator.py
[2023-11-01T21:56:09.749-0500] {processor.py:829} INFO - Processing file /Users/dimz/EconWizard/hermesvirtual/lib/python3.8/site-packages/airflow/example_dags/example_branch_day_of_week_operator.py for tasks to queue
[2023-11-01T21:56:09.750-0500] {logging_mixin.py:151} INFO - [2023-11-01T21:56:09.750-0500] {dagbag.py:536} INFO - Filling up the DagBag from /Users/dimz/EconWizard/hermesvirtual/lib/python3.8/site-packages/airflow/example_dags/example_branch_day_of_week_operator.py
[2023-11-01T21:56:09.768-0500] {processor.py:839} INFO - DAG(s) dict_keys(['example_weekday_branch_operator']) retrieved from /Users/dimz/EconWizard/hermesvirtual/lib/python3.8/site-packages/airflow/example_dags/example_branch_day_of_week_operator.py
[2023-11-01T21:56:09.871-0500] {logging_mixin.py:151} INFO - [2023-11-01T21:56:09.871-0500] {dag.py:2941} INFO - Sync 1 DAGs
[2023-11-01T21:56:09.881-0500] {logging_mixin.py:151} INFO - [2023-11-01T21:56:09.881-0500] {dag.py:3722} INFO - Setting next_dagrun for example_weekday_branch_operator to 2023-11-01T00:00:00+00:00, run_after=2023-11-02T00:00:00+00:00
[2023-11-01T21:56:09.891-0500] {processor.py:179} INFO - Processing /Users/dimz/EconWizard/hermesvirtual/lib/python3.8/site-packages/airflow/example_dags/example_branch_day_of_week_operator.py took 0.147 seconds
[2023-11-01T21:58:07.054-0500] {processor.py:157} INFO - Started process (PID=89994) to work on /Users/dimz/EconWizard/hermesvirtual/lib/python3.8/site-packages/airflow/example_dags/example_branch_day_of_week_operator.py
[2023-11-01T21:58:07.059-0500] {processor.py:829} INFO - Processing file /Users/dimz/EconWizard/hermesvirtual/lib/python3.8/site-packages/airflow/example_dags/example_branch_day_of_week_operator.py for tasks to queue
[2023-11-01T21:58:07.059-0500] {logging_mixin.py:151} INFO - [2023-11-01T21:58:07.059-0500] {dagbag.py:536} INFO - Filling up the DagBag from /Users/dimz/EconWizard/hermesvirtual/lib/python3.8/site-packages/airflow/example_dags/example_branch_day_of_week_operator.py
[2023-11-01T21:58:07.077-0500] {processor.py:839} INFO - DAG(s) dict_keys(['example_weekday_branch_operator']) retrieved from /Users/dimz/EconWizard/hermesvirtual/lib/python3.8/site-packages/airflow/example_dags/example_branch_day_of_week_operator.py
[2023-11-01T21:58:07.190-0500] {logging_mixin.py:151} INFO - [2023-11-01T21:58:07.190-0500] {dag.py:2941} INFO - Sync 1 DAGs
[2023-11-01T21:58:07.202-0500] {logging_mixin.py:151} INFO - [2023-11-01T21:58:07.202-0500] {dag.py:3722} INFO - Setting next_dagrun for example_weekday_branch_operator to 2023-11-01T00:00:00+00:00, run_after=2023-11-02T00:00:00+00:00
[2023-11-01T21:58:07.215-0500] {processor.py:179} INFO - Processing /Users/dimz/EconWizard/hermesvirtual/lib/python3.8/site-packages/airflow/example_dags/example_branch_day_of_week_operator.py took 0.162 seconds
[2023-11-01T22:00:07.474-0500] {processor.py:157} INFO - Started process (PID=90140) to work on /Users/dimz/EconWizard/hermesvirtual/lib/python3.8/site-packages/airflow/example_dags/example_branch_day_of_week_operator.py
[2023-11-01T22:00:07.478-0500] {processor.py:829} INFO - Processing file /Users/dimz/EconWizard/hermesvirtual/lib/python3.8/site-packages/airflow/example_dags/example_branch_day_of_week_operator.py for tasks to queue
[2023-11-01T22:00:07.479-0500] {logging_mixin.py:151} INFO - [2023-11-01T22:00:07.479-0500] {dagbag.py:536} INFO - Filling up the DagBag from /Users/dimz/EconWizard/hermesvirtual/lib/python3.8/site-packages/airflow/example_dags/example_branch_day_of_week_operator.py
[2023-11-01T22:00:07.498-0500] {processor.py:839} INFO - DAG(s) dict_keys(['example_weekday_branch_operator']) retrieved from /Users/dimz/EconWizard/hermesvirtual/lib/python3.8/site-packages/airflow/example_dags/example_branch_day_of_week_operator.py
[2023-11-01T22:00:07.609-0500] {logging_mixin.py:151} INFO - [2023-11-01T22:00:07.609-0500] {dag.py:2941} INFO - Sync 1 DAGs
[2023-11-01T22:00:07.620-0500] {logging_mixin.py:151} INFO - [2023-11-01T22:00:07.620-0500] {dag.py:3722} INFO - Setting next_dagrun for example_weekday_branch_operator to 2023-11-01T00:00:00+00:00, run_after=2023-11-02T00:00:00+00:00
[2023-11-01T22:00:07.634-0500] {processor.py:179} INFO - Processing /Users/dimz/EconWizard/hermesvirtual/lib/python3.8/site-packages/airflow/example_dags/example_branch_day_of_week_operator.py took 0.160 seconds
[2023-11-01T22:02:09.639-0500] {processor.py:157} INFO - Started process (PID=90313) to work on /Users/dimz/EconWizard/hermesvirtual/lib/python3.8/site-packages/airflow/example_dags/example_branch_day_of_week_operator.py
[2023-11-01T22:02:09.644-0500] {processor.py:829} INFO - Processing file /Users/dimz/EconWizard/hermesvirtual/lib/python3.8/site-packages/airflow/example_dags/example_branch_day_of_week_operator.py for tasks to queue
[2023-11-01T22:02:09.644-0500] {logging_mixin.py:151} INFO - [2023-11-01T22:02:09.644-0500] {dagbag.py:536} INFO - Filling up the DagBag from /Users/dimz/EconWizard/hermesvirtual/lib/python3.8/site-packages/airflow/example_dags/example_branch_day_of_week_operator.py
[2023-11-01T22:02:09.663-0500] {processor.py:839} INFO - DAG(s) dict_keys(['example_weekday_branch_operator']) retrieved from /Users/dimz/EconWizard/hermesvirtual/lib/python3.8/site-packages/airflow/example_dags/example_branch_day_of_week_operator.py
[2023-11-01T22:02:09.773-0500] {logging_mixin.py:151} INFO - [2023-11-01T22:02:09.773-0500] {dag.py:2941} INFO - Sync 1 DAGs
[2023-11-01T22:02:09.785-0500] {logging_mixin.py:151} INFO - [2023-11-01T22:02:09.785-0500] {dag.py:3722} INFO - Setting next_dagrun for example_weekday_branch_operator to 2023-11-01T00:00:00+00:00, run_after=2023-11-02T00:00:00+00:00
[2023-11-01T22:02:09.797-0500] {processor.py:179} INFO - Processing /Users/dimz/EconWizard/hermesvirtual/lib/python3.8/site-packages/airflow/example_dags/example_branch_day_of_week_operator.py took 0.159 seconds
[2023-11-01T22:04:09.873-0500] {processor.py:157} INFO - Started process (PID=90488) to work on /Users/dimz/EconWizard/hermesvirtual/lib/python3.8/site-packages/airflow/example_dags/example_branch_day_of_week_operator.py
[2023-11-01T22:04:09.878-0500] {processor.py:829} INFO - Processing file /Users/dimz/EconWizard/hermesvirtual/lib/python3.8/site-packages/airflow/example_dags/example_branch_day_of_week_operator.py for tasks to queue
[2023-11-01T22:04:09.878-0500] {logging_mixin.py:151} INFO - [2023-11-01T22:04:09.878-0500] {dagbag.py:536} INFO - Filling up the DagBag from /Users/dimz/EconWizard/hermesvirtual/lib/python3.8/site-packages/airflow/example_dags/example_branch_day_of_week_operator.py
[2023-11-01T22:04:09.895-0500] {processor.py:839} INFO - DAG(s) dict_keys(['example_weekday_branch_operator']) retrieved from /Users/dimz/EconWizard/hermesvirtual/lib/python3.8/site-packages/airflow/example_dags/example_branch_day_of_week_operator.py
[2023-11-01T22:04:09.998-0500] {logging_mixin.py:151} INFO - [2023-11-01T22:04:09.998-0500] {dag.py:2941} INFO - Sync 1 DAGs
[2023-11-01T22:04:10.008-0500] {logging_mixin.py:151} INFO - [2023-11-01T22:04:10.008-0500] {dag.py:3722} INFO - Setting next_dagrun for example_weekday_branch_operator to 2023-11-01T00:00:00+00:00, run_after=2023-11-02T00:00:00+00:00
[2023-11-01T22:04:10.018-0500] {processor.py:179} INFO - Processing /Users/dimz/EconWizard/hermesvirtual/lib/python3.8/site-packages/airflow/example_dags/example_branch_day_of_week_operator.py took 0.146 seconds
[2023-11-01T22:06:03.366-0500] {processor.py:157} INFO - Started process (PID=90708) to work on /Users/dimz/EconWizard/hermesvirtual/lib/python3.8/site-packages/airflow/example_dags/example_branch_day_of_week_operator.py
[2023-11-01T22:06:03.371-0500] {processor.py:829} INFO - Processing file /Users/dimz/EconWizard/hermesvirtual/lib/python3.8/site-packages/airflow/example_dags/example_branch_day_of_week_operator.py for tasks to queue
[2023-11-01T22:06:03.372-0500] {logging_mixin.py:151} INFO - [2023-11-01T22:06:03.371-0500] {dagbag.py:536} INFO - Filling up the DagBag from /Users/dimz/EconWizard/hermesvirtual/lib/python3.8/site-packages/airflow/example_dags/example_branch_day_of_week_operator.py
[2023-11-01T22:06:03.392-0500] {processor.py:839} INFO - DAG(s) dict_keys(['example_weekday_branch_operator']) retrieved from /Users/dimz/EconWizard/hermesvirtual/lib/python3.8/site-packages/airflow/example_dags/example_branch_day_of_week_operator.py
[2023-11-01T22:06:03.501-0500] {logging_mixin.py:151} INFO - [2023-11-01T22:06:03.501-0500] {dag.py:2941} INFO - Sync 1 DAGs
[2023-11-01T22:06:03.511-0500] {logging_mixin.py:151} INFO - [2023-11-01T22:06:03.511-0500] {dag.py:3722} INFO - Setting next_dagrun for example_weekday_branch_operator to 2023-11-01T00:00:00+00:00, run_after=2023-11-02T00:00:00+00:00
[2023-11-01T22:06:03.523-0500] {processor.py:179} INFO - Processing /Users/dimz/EconWizard/hermesvirtual/lib/python3.8/site-packages/airflow/example_dags/example_branch_day_of_week_operator.py took 0.158 seconds
[2023-11-01T22:08:08.814-0500] {processor.py:157} INFO - Started process (PID=90936) to work on /Users/dimz/EconWizard/hermesvirtual/lib/python3.8/site-packages/airflow/example_dags/example_branch_day_of_week_operator.py
[2023-11-01T22:08:08.819-0500] {processor.py:829} INFO - Processing file /Users/dimz/EconWizard/hermesvirtual/lib/python3.8/site-packages/airflow/example_dags/example_branch_day_of_week_operator.py for tasks to queue
[2023-11-01T22:08:08.819-0500] {logging_mixin.py:151} INFO - [2023-11-01T22:08:08.819-0500] {dagbag.py:536} INFO - Filling up the DagBag from /Users/dimz/EconWizard/hermesvirtual/lib/python3.8/site-packages/airflow/example_dags/example_branch_day_of_week_operator.py
[2023-11-01T22:08:08.838-0500] {processor.py:839} INFO - DAG(s) dict_keys(['example_weekday_branch_operator']) retrieved from /Users/dimz/EconWizard/hermesvirtual/lib/python3.8/site-packages/airflow/example_dags/example_branch_day_of_week_operator.py
[2023-11-01T22:08:08.944-0500] {logging_mixin.py:151} INFO - [2023-11-01T22:08:08.944-0500] {dag.py:2941} INFO - Sync 1 DAGs
[2023-11-01T22:08:08.954-0500] {logging_mixin.py:151} INFO - [2023-11-01T22:08:08.954-0500] {dag.py:3722} INFO - Setting next_dagrun for example_weekday_branch_operator to 2023-11-01T00:00:00+00:00, run_after=2023-11-02T00:00:00+00:00
[2023-11-01T22:08:08.964-0500] {processor.py:179} INFO - Processing /Users/dimz/EconWizard/hermesvirtual/lib/python3.8/site-packages/airflow/example_dags/example_branch_day_of_week_operator.py took 0.151 seconds
[2023-11-01T22:13:01.477-0500] {processor.py:157} INFO - Started process (PID=91369) to work on /Users/dimz/EconWizard/hermesvirtual/lib/python3.8/site-packages/airflow/example_dags/example_branch_day_of_week_operator.py
[2023-11-01T22:13:01.482-0500] {processor.py:829} INFO - Processing file /Users/dimz/EconWizard/hermesvirtual/lib/python3.8/site-packages/airflow/example_dags/example_branch_day_of_week_operator.py for tasks to queue
[2023-11-01T22:13:01.482-0500] {logging_mixin.py:151} INFO - [2023-11-01T22:13:01.482-0500] {dagbag.py:536} INFO - Filling up the DagBag from /Users/dimz/EconWizard/hermesvirtual/lib/python3.8/site-packages/airflow/example_dags/example_branch_day_of_week_operator.py
[2023-11-01T22:13:01.500-0500] {processor.py:839} INFO - DAG(s) dict_keys(['example_weekday_branch_operator']) retrieved from /Users/dimz/EconWizard/hermesvirtual/lib/python3.8/site-packages/airflow/example_dags/example_branch_day_of_week_operator.py
[2023-11-01T22:13:01.833-0500] {logging_mixin.py:151} INFO - [2023-11-01T22:13:01.833-0500] {dag.py:2941} INFO - Sync 1 DAGs
[2023-11-01T22:13:01.843-0500] {logging_mixin.py:151} INFO - [2023-11-01T22:13:01.843-0500] {dag.py:3722} INFO - Setting next_dagrun for example_weekday_branch_operator to 2023-11-01T00:00:00+00:00, run_after=2023-11-02T00:00:00+00:00
[2023-11-01T22:13:01.855-0500] {processor.py:179} INFO - Processing /Users/dimz/EconWizard/hermesvirtual/lib/python3.8/site-packages/airflow/example_dags/example_branch_day_of_week_operator.py took 0.378 seconds
[2023-11-01T22:14:50.846-0500] {processor.py:157} INFO - Started process (PID=91573) to work on /Users/dimz/EconWizard/hermesvirtual/lib/python3.8/site-packages/airflow/example_dags/example_branch_day_of_week_operator.py
[2023-11-01T22:14:50.851-0500] {processor.py:829} INFO - Processing file /Users/dimz/EconWizard/hermesvirtual/lib/python3.8/site-packages/airflow/example_dags/example_branch_day_of_week_operator.py for tasks to queue
[2023-11-01T22:14:50.852-0500] {logging_mixin.py:151} INFO - [2023-11-01T22:14:50.852-0500] {dagbag.py:536} INFO - Filling up the DagBag from /Users/dimz/EconWizard/hermesvirtual/lib/python3.8/site-packages/airflow/example_dags/example_branch_day_of_week_operator.py
[2023-11-01T22:14:50.872-0500] {processor.py:839} INFO - DAG(s) dict_keys(['example_weekday_branch_operator']) retrieved from /Users/dimz/EconWizard/hermesvirtual/lib/python3.8/site-packages/airflow/example_dags/example_branch_day_of_week_operator.py
[2023-11-01T22:14:50.990-0500] {logging_mixin.py:151} INFO - [2023-11-01T22:14:50.990-0500] {dag.py:2941} INFO - Sync 1 DAGs
[2023-11-01T22:14:51.001-0500] {logging_mixin.py:151} INFO - [2023-11-01T22:14:51.001-0500] {dag.py:3722} INFO - Setting next_dagrun for example_weekday_branch_operator to 2023-11-01T00:00:00+00:00, run_after=2023-11-02T00:00:00+00:00
[2023-11-01T22:14:51.013-0500] {processor.py:179} INFO - Processing /Users/dimz/EconWizard/hermesvirtual/lib/python3.8/site-packages/airflow/example_dags/example_branch_day_of_week_operator.py took 0.167 seconds
[2023-11-01T22:16:50.143-0500] {processor.py:157} INFO - Started process (PID=91793) to work on /Users/dimz/EconWizard/hermesvirtual/lib/python3.8/site-packages/airflow/example_dags/example_branch_day_of_week_operator.py
[2023-11-01T22:16:50.148-0500] {processor.py:829} INFO - Processing file /Users/dimz/EconWizard/hermesvirtual/lib/python3.8/site-packages/airflow/example_dags/example_branch_day_of_week_operator.py for tasks to queue
[2023-11-01T22:16:50.149-0500] {logging_mixin.py:151} INFO - [2023-11-01T22:16:50.149-0500] {dagbag.py:536} INFO - Filling up the DagBag from /Users/dimz/EconWizard/hermesvirtual/lib/python3.8/site-packages/airflow/example_dags/example_branch_day_of_week_operator.py
[2023-11-01T22:16:50.167-0500] {processor.py:839} INFO - DAG(s) dict_keys(['example_weekday_branch_operator']) retrieved from /Users/dimz/EconWizard/hermesvirtual/lib/python3.8/site-packages/airflow/example_dags/example_branch_day_of_week_operator.py
[2023-11-01T22:16:50.272-0500] {logging_mixin.py:151} INFO - [2023-11-01T22:16:50.271-0500] {dag.py:2941} INFO - Sync 1 DAGs
[2023-11-01T22:16:50.281-0500] {logging_mixin.py:151} INFO - [2023-11-01T22:16:50.281-0500] {dag.py:3722} INFO - Setting next_dagrun for example_weekday_branch_operator to 2023-11-01T00:00:00+00:00, run_after=2023-11-02T00:00:00+00:00
[2023-11-01T22:16:50.292-0500] {processor.py:179} INFO - Processing /Users/dimz/EconWizard/hermesvirtual/lib/python3.8/site-packages/airflow/example_dags/example_branch_day_of_week_operator.py took 0.149 seconds
[2023-11-01T22:18:48.552-0500] {processor.py:157} INFO - Started process (PID=92109) to work on /Users/dimz/EconWizard/hermesvirtual/lib/python3.8/site-packages/airflow/example_dags/example_branch_day_of_week_operator.py
[2023-11-01T22:18:48.557-0500] {processor.py:829} INFO - Processing file /Users/dimz/EconWizard/hermesvirtual/lib/python3.8/site-packages/airflow/example_dags/example_branch_day_of_week_operator.py for tasks to queue
[2023-11-01T22:18:48.557-0500] {logging_mixin.py:151} INFO - [2023-11-01T22:18:48.557-0500] {dagbag.py:536} INFO - Filling up the DagBag from /Users/dimz/EconWizard/hermesvirtual/lib/python3.8/site-packages/airflow/example_dags/example_branch_day_of_week_operator.py
[2023-11-01T22:18:48.576-0500] {processor.py:839} INFO - DAG(s) dict_keys(['example_weekday_branch_operator']) retrieved from /Users/dimz/EconWizard/hermesvirtual/lib/python3.8/site-packages/airflow/example_dags/example_branch_day_of_week_operator.py
[2023-11-01T22:18:48.680-0500] {logging_mixin.py:151} INFO - [2023-11-01T22:18:48.680-0500] {dag.py:2941} INFO - Sync 1 DAGs
[2023-11-01T22:18:48.690-0500] {logging_mixin.py:151} INFO - [2023-11-01T22:18:48.690-0500] {dag.py:3722} INFO - Setting next_dagrun for example_weekday_branch_operator to 2023-11-01T00:00:00+00:00, run_after=2023-11-02T00:00:00+00:00
[2023-11-01T22:18:48.700-0500] {processor.py:179} INFO - Processing /Users/dimz/EconWizard/hermesvirtual/lib/python3.8/site-packages/airflow/example_dags/example_branch_day_of_week_operator.py took 0.149 seconds
[2023-11-01T22:20:35.877-0500] {processor.py:157} INFO - Started process (PID=92351) to work on /Users/dimz/EconWizard/hermesvirtual/lib/python3.8/site-packages/airflow/example_dags/example_branch_day_of_week_operator.py
[2023-11-01T22:20:35.881-0500] {processor.py:829} INFO - Processing file /Users/dimz/EconWizard/hermesvirtual/lib/python3.8/site-packages/airflow/example_dags/example_branch_day_of_week_operator.py for tasks to queue
[2023-11-01T22:20:35.881-0500] {logging_mixin.py:151} INFO - [2023-11-01T22:20:35.881-0500] {dagbag.py:536} INFO - Filling up the DagBag from /Users/dimz/EconWizard/hermesvirtual/lib/python3.8/site-packages/airflow/example_dags/example_branch_day_of_week_operator.py
[2023-11-01T22:20:35.899-0500] {processor.py:839} INFO - DAG(s) dict_keys(['example_weekday_branch_operator']) retrieved from /Users/dimz/EconWizard/hermesvirtual/lib/python3.8/site-packages/airflow/example_dags/example_branch_day_of_week_operator.py
[2023-11-01T22:20:36.003-0500] {logging_mixin.py:151} INFO - [2023-11-01T22:20:36.002-0500] {dag.py:2941} INFO - Sync 1 DAGs
[2023-11-01T22:20:36.013-0500] {logging_mixin.py:151} INFO - [2023-11-01T22:20:36.013-0500] {dag.py:3722} INFO - Setting next_dagrun for example_weekday_branch_operator to 2023-11-01T00:00:00+00:00, run_after=2023-11-02T00:00:00+00:00
[2023-11-01T22:20:36.023-0500] {processor.py:179} INFO - Processing /Users/dimz/EconWizard/hermesvirtual/lib/python3.8/site-packages/airflow/example_dags/example_branch_day_of_week_operator.py took 0.147 seconds
[2023-11-01T22:22:33.659-0500] {processor.py:157} INFO - Started process (PID=92677) to work on /Users/dimz/EconWizard/hermesvirtual/lib/python3.8/site-packages/airflow/example_dags/example_branch_day_of_week_operator.py
[2023-11-01T22:22:33.664-0500] {processor.py:829} INFO - Processing file /Users/dimz/EconWizard/hermesvirtual/lib/python3.8/site-packages/airflow/example_dags/example_branch_day_of_week_operator.py for tasks to queue
[2023-11-01T22:22:33.664-0500] {logging_mixin.py:151} INFO - [2023-11-01T22:22:33.664-0500] {dagbag.py:536} INFO - Filling up the DagBag from /Users/dimz/EconWizard/hermesvirtual/lib/python3.8/site-packages/airflow/example_dags/example_branch_day_of_week_operator.py
[2023-11-01T22:22:33.681-0500] {processor.py:839} INFO - DAG(s) dict_keys(['example_weekday_branch_operator']) retrieved from /Users/dimz/EconWizard/hermesvirtual/lib/python3.8/site-packages/airflow/example_dags/example_branch_day_of_week_operator.py
[2023-11-01T22:22:33.790-0500] {logging_mixin.py:151} INFO - [2023-11-01T22:22:33.790-0500] {dag.py:2941} INFO - Sync 1 DAGs
[2023-11-01T22:22:33.801-0500] {logging_mixin.py:151} INFO - [2023-11-01T22:22:33.801-0500] {dag.py:3722} INFO - Setting next_dagrun for example_weekday_branch_operator to 2023-11-01T00:00:00+00:00, run_after=2023-11-02T00:00:00+00:00
[2023-11-01T22:22:33.812-0500] {processor.py:179} INFO - Processing /Users/dimz/EconWizard/hermesvirtual/lib/python3.8/site-packages/airflow/example_dags/example_branch_day_of_week_operator.py took 0.154 seconds
[2023-11-02T01:12:10.761-0500] {processor.py:157} INFO - Started process (PID=92998) to work on /Users/dimz/EconWizard/hermesvirtual/lib/python3.8/site-packages/airflow/example_dags/example_branch_day_of_week_operator.py
[2023-11-02T01:12:10.765-0500] {processor.py:829} INFO - Processing file /Users/dimz/EconWizard/hermesvirtual/lib/python3.8/site-packages/airflow/example_dags/example_branch_day_of_week_operator.py for tasks to queue
[2023-11-02T01:12:10.765-0500] {logging_mixin.py:151} INFO - [2023-11-02T01:12:10.765-0500] {dagbag.py:536} INFO - Filling up the DagBag from /Users/dimz/EconWizard/hermesvirtual/lib/python3.8/site-packages/airflow/example_dags/example_branch_day_of_week_operator.py
[2023-11-02T01:12:10.783-0500] {processor.py:839} INFO - DAG(s) dict_keys(['example_weekday_branch_operator']) retrieved from /Users/dimz/EconWizard/hermesvirtual/lib/python3.8/site-packages/airflow/example_dags/example_branch_day_of_week_operator.py
[2023-11-02T01:12:10.887-0500] {logging_mixin.py:151} INFO - [2023-11-02T01:12:10.887-0500] {dag.py:2941} INFO - Sync 1 DAGs
[2023-11-02T01:12:10.897-0500] {logging_mixin.py:151} INFO - [2023-11-02T01:12:10.897-0500] {dag.py:3722} INFO - Setting next_dagrun for example_weekday_branch_operator to 2023-11-01T00:00:00+00:00, run_after=2023-11-02T00:00:00+00:00
[2023-11-02T01:12:10.907-0500] {processor.py:179} INFO - Processing /Users/dimz/EconWizard/hermesvirtual/lib/python3.8/site-packages/airflow/example_dags/example_branch_day_of_week_operator.py took 0.147 seconds
[2023-11-02T07:28:27.891-0500] {processor.py:157} INFO - Started process (PID=93333) to work on /Users/dimz/EconWizard/hermesvirtual/lib/python3.8/site-packages/airflow/example_dags/example_branch_day_of_week_operator.py
[2023-11-02T07:28:27.896-0500] {processor.py:829} INFO - Processing file /Users/dimz/EconWizard/hermesvirtual/lib/python3.8/site-packages/airflow/example_dags/example_branch_day_of_week_operator.py for tasks to queue
[2023-11-02T07:28:27.897-0500] {logging_mixin.py:151} INFO - [2023-11-02T07:28:27.896-0500] {dagbag.py:536} INFO - Filling up the DagBag from /Users/dimz/EconWizard/hermesvirtual/lib/python3.8/site-packages/airflow/example_dags/example_branch_day_of_week_operator.py
[2023-11-02T07:28:27.920-0500] {processor.py:839} INFO - DAG(s) dict_keys(['example_weekday_branch_operator']) retrieved from /Users/dimz/EconWizard/hermesvirtual/lib/python3.8/site-packages/airflow/example_dags/example_branch_day_of_week_operator.py
[2023-11-02T07:28:28.036-0500] {logging_mixin.py:151} INFO - [2023-11-02T07:28:28.035-0500] {dag.py:2941} INFO - Sync 1 DAGs
[2023-11-02T07:28:28.047-0500] {logging_mixin.py:151} INFO - [2023-11-02T07:28:28.047-0500] {dag.py:3722} INFO - Setting next_dagrun for example_weekday_branch_operator to 2023-11-01T00:00:00+00:00, run_after=2023-11-02T00:00:00+00:00
[2023-11-02T07:28:28.058-0500] {processor.py:179} INFO - Processing /Users/dimz/EconWizard/hermesvirtual/lib/python3.8/site-packages/airflow/example_dags/example_branch_day_of_week_operator.py took 0.168 seconds
[2023-11-02T08:48:09.117-0500] {processor.py:157} INFO - Started process (PID=93516) to work on /Users/dimz/EconWizard/hermesvirtual/lib/python3.8/site-packages/airflow/example_dags/example_branch_day_of_week_operator.py
[2023-11-02T08:48:09.122-0500] {processor.py:829} INFO - Processing file /Users/dimz/EconWizard/hermesvirtual/lib/python3.8/site-packages/airflow/example_dags/example_branch_day_of_week_operator.py for tasks to queue
[2023-11-02T08:48:09.123-0500] {logging_mixin.py:151} INFO - [2023-11-02T08:48:09.122-0500] {dagbag.py:536} INFO - Filling up the DagBag from /Users/dimz/EconWizard/hermesvirtual/lib/python3.8/site-packages/airflow/example_dags/example_branch_day_of_week_operator.py
[2023-11-02T08:48:09.140-0500] {processor.py:839} INFO - DAG(s) dict_keys(['example_weekday_branch_operator']) retrieved from /Users/dimz/EconWizard/hermesvirtual/lib/python3.8/site-packages/airflow/example_dags/example_branch_day_of_week_operator.py
[2023-11-02T08:48:09.244-0500] {logging_mixin.py:151} INFO - [2023-11-02T08:48:09.244-0500] {dag.py:2941} INFO - Sync 1 DAGs
[2023-11-02T08:48:09.254-0500] {logging_mixin.py:151} INFO - [2023-11-02T08:48:09.254-0500] {dag.py:3722} INFO - Setting next_dagrun for example_weekday_branch_operator to 2023-11-01T00:00:00+00:00, run_after=2023-11-02T00:00:00+00:00
[2023-11-02T08:48:09.265-0500] {processor.py:179} INFO - Processing /Users/dimz/EconWizard/hermesvirtual/lib/python3.8/site-packages/airflow/example_dags/example_branch_day_of_week_operator.py took 0.149 seconds
[2023-11-02T09:04:45.967-0500] {processor.py:157} INFO - Started process (PID=93746) to work on /Users/dimz/EconWizard/hermesvirtual/lib/python3.8/site-packages/airflow/example_dags/example_branch_day_of_week_operator.py
[2023-11-02T09:04:45.972-0500] {processor.py:829} INFO - Processing file /Users/dimz/EconWizard/hermesvirtual/lib/python3.8/site-packages/airflow/example_dags/example_branch_day_of_week_operator.py for tasks to queue
[2023-11-02T09:04:45.972-0500] {logging_mixin.py:151} INFO - [2023-11-02T09:04:45.972-0500] {dagbag.py:536} INFO - Filling up the DagBag from /Users/dimz/EconWizard/hermesvirtual/lib/python3.8/site-packages/airflow/example_dags/example_branch_day_of_week_operator.py
[2023-11-02T09:04:45.991-0500] {processor.py:839} INFO - DAG(s) dict_keys(['example_weekday_branch_operator']) retrieved from /Users/dimz/EconWizard/hermesvirtual/lib/python3.8/site-packages/airflow/example_dags/example_branch_day_of_week_operator.py
[2023-11-02T09:04:46.094-0500] {logging_mixin.py:151} INFO - [2023-11-02T09:04:46.094-0500] {dag.py:2941} INFO - Sync 1 DAGs
[2023-11-02T09:04:46.104-0500] {logging_mixin.py:151} INFO - [2023-11-02T09:04:46.104-0500] {dag.py:3722} INFO - Setting next_dagrun for example_weekday_branch_operator to 2023-11-01T00:00:00+00:00, run_after=2023-11-02T00:00:00+00:00
[2023-11-02T09:04:46.114-0500] {processor.py:179} INFO - Processing /Users/dimz/EconWizard/hermesvirtual/lib/python3.8/site-packages/airflow/example_dags/example_branch_day_of_week_operator.py took 0.148 seconds
[2023-11-02T09:06:42.602-0500] {processor.py:157} INFO - Started process (PID=93883) to work on /Users/dimz/EconWizard/hermesvirtual/lib/python3.8/site-packages/airflow/example_dags/example_branch_day_of_week_operator.py
[2023-11-02T09:06:42.607-0500] {processor.py:829} INFO - Processing file /Users/dimz/EconWizard/hermesvirtual/lib/python3.8/site-packages/airflow/example_dags/example_branch_day_of_week_operator.py for tasks to queue
[2023-11-02T09:06:42.608-0500] {logging_mixin.py:151} INFO - [2023-11-02T09:06:42.607-0500] {dagbag.py:536} INFO - Filling up the DagBag from /Users/dimz/EconWizard/hermesvirtual/lib/python3.8/site-packages/airflow/example_dags/example_branch_day_of_week_operator.py
[2023-11-02T09:06:42.629-0500] {processor.py:839} INFO - DAG(s) dict_keys(['example_weekday_branch_operator']) retrieved from /Users/dimz/EconWizard/hermesvirtual/lib/python3.8/site-packages/airflow/example_dags/example_branch_day_of_week_operator.py
[2023-11-02T09:06:42.742-0500] {logging_mixin.py:151} INFO - [2023-11-02T09:06:42.742-0500] {dag.py:2941} INFO - Sync 1 DAGs
[2023-11-02T09:06:42.752-0500] {logging_mixin.py:151} INFO - [2023-11-02T09:06:42.752-0500] {dag.py:3722} INFO - Setting next_dagrun for example_weekday_branch_operator to 2023-11-01T00:00:00+00:00, run_after=2023-11-02T00:00:00+00:00
[2023-11-02T09:06:42.763-0500] {processor.py:179} INFO - Processing /Users/dimz/EconWizard/hermesvirtual/lib/python3.8/site-packages/airflow/example_dags/example_branch_day_of_week_operator.py took 0.161 seconds
[2023-11-02T09:08:47.829-0500] {processor.py:157} INFO - Started process (PID=94095) to work on /Users/dimz/EconWizard/hermesvirtual/lib/python3.8/site-packages/airflow/example_dags/example_branch_day_of_week_operator.py
[2023-11-02T09:08:47.833-0500] {processor.py:829} INFO - Processing file /Users/dimz/EconWizard/hermesvirtual/lib/python3.8/site-packages/airflow/example_dags/example_branch_day_of_week_operator.py for tasks to queue
[2023-11-02T09:08:47.834-0500] {logging_mixin.py:151} INFO - [2023-11-02T09:08:47.834-0500] {dagbag.py:536} INFO - Filling up the DagBag from /Users/dimz/EconWizard/hermesvirtual/lib/python3.8/site-packages/airflow/example_dags/example_branch_day_of_week_operator.py
[2023-11-02T09:08:47.854-0500] {processor.py:839} INFO - DAG(s) dict_keys(['example_weekday_branch_operator']) retrieved from /Users/dimz/EconWizard/hermesvirtual/lib/python3.8/site-packages/airflow/example_dags/example_branch_day_of_week_operator.py
[2023-11-02T09:08:47.979-0500] {logging_mixin.py:151} INFO - [2023-11-02T09:08:47.978-0500] {dag.py:2941} INFO - Sync 1 DAGs
[2023-11-02T09:08:47.989-0500] {logging_mixin.py:151} INFO - [2023-11-02T09:08:47.989-0500] {dag.py:3722} INFO - Setting next_dagrun for example_weekday_branch_operator to 2023-11-01T00:00:00+00:00, run_after=2023-11-02T00:00:00+00:00
[2023-11-02T09:08:48.001-0500] {processor.py:179} INFO - Processing /Users/dimz/EconWizard/hermesvirtual/lib/python3.8/site-packages/airflow/example_dags/example_branch_day_of_week_operator.py took 0.173 seconds
[2023-11-02T09:10:56.726-0500] {processor.py:157} INFO - Started process (PID=94369) to work on /Users/dimz/EconWizard/hermesvirtual/lib/python3.8/site-packages/airflow/example_dags/example_branch_day_of_week_operator.py
[2023-11-02T09:10:56.731-0500] {processor.py:829} INFO - Processing file /Users/dimz/EconWizard/hermesvirtual/lib/python3.8/site-packages/airflow/example_dags/example_branch_day_of_week_operator.py for tasks to queue
[2023-11-02T09:10:56.731-0500] {logging_mixin.py:151} INFO - [2023-11-02T09:10:56.731-0500] {dagbag.py:536} INFO - Filling up the DagBag from /Users/dimz/EconWizard/hermesvirtual/lib/python3.8/site-packages/airflow/example_dags/example_branch_day_of_week_operator.py
[2023-11-02T09:10:56.750-0500] {processor.py:839} INFO - DAG(s) dict_keys(['example_weekday_branch_operator']) retrieved from /Users/dimz/EconWizard/hermesvirtual/lib/python3.8/site-packages/airflow/example_dags/example_branch_day_of_week_operator.py
[2023-11-02T09:10:56.854-0500] {logging_mixin.py:151} INFO - [2023-11-02T09:10:56.854-0500] {dag.py:2941} INFO - Sync 1 DAGs
[2023-11-02T09:10:56.864-0500] {logging_mixin.py:151} INFO - [2023-11-02T09:10:56.864-0500] {dag.py:3722} INFO - Setting next_dagrun for example_weekday_branch_operator to 2023-11-01T00:00:00+00:00, run_after=2023-11-02T00:00:00+00:00
[2023-11-02T09:10:56.874-0500] {processor.py:179} INFO - Processing /Users/dimz/EconWizard/hermesvirtual/lib/python3.8/site-packages/airflow/example_dags/example_branch_day_of_week_operator.py took 0.149 seconds
[2023-11-02T09:13:05.853-0500] {processor.py:157} INFO - Started process (PID=94516) to work on /Users/dimz/EconWizard/hermesvirtual/lib/python3.8/site-packages/airflow/example_dags/example_branch_day_of_week_operator.py
[2023-11-02T09:13:05.858-0500] {processor.py:829} INFO - Processing file /Users/dimz/EconWizard/hermesvirtual/lib/python3.8/site-packages/airflow/example_dags/example_branch_day_of_week_operator.py for tasks to queue
[2023-11-02T09:13:05.858-0500] {logging_mixin.py:151} INFO - [2023-11-02T09:13:05.858-0500] {dagbag.py:536} INFO - Filling up the DagBag from /Users/dimz/EconWizard/hermesvirtual/lib/python3.8/site-packages/airflow/example_dags/example_branch_day_of_week_operator.py
[2023-11-02T09:13:05.876-0500] {processor.py:839} INFO - DAG(s) dict_keys(['example_weekday_branch_operator']) retrieved from /Users/dimz/EconWizard/hermesvirtual/lib/python3.8/site-packages/airflow/example_dags/example_branch_day_of_week_operator.py
[2023-11-02T09:13:05.979-0500] {logging_mixin.py:151} INFO - [2023-11-02T09:13:05.979-0500] {dag.py:2941} INFO - Sync 1 DAGs
[2023-11-02T09:13:05.988-0500] {logging_mixin.py:151} INFO - [2023-11-02T09:13:05.988-0500] {dag.py:3722} INFO - Setting next_dagrun for example_weekday_branch_operator to 2023-11-01T00:00:00+00:00, run_after=2023-11-02T00:00:00+00:00
[2023-11-02T09:13:05.999-0500] {processor.py:179} INFO - Processing /Users/dimz/EconWizard/hermesvirtual/lib/python3.8/site-packages/airflow/example_dags/example_branch_day_of_week_operator.py took 0.146 seconds
[2023-11-02T09:15:12.554-0500] {processor.py:157} INFO - Started process (PID=94650) to work on /Users/dimz/EconWizard/hermesvirtual/lib/python3.8/site-packages/airflow/example_dags/example_branch_day_of_week_operator.py
[2023-11-02T09:15:12.559-0500] {processor.py:829} INFO - Processing file /Users/dimz/EconWizard/hermesvirtual/lib/python3.8/site-packages/airflow/example_dags/example_branch_day_of_week_operator.py for tasks to queue
[2023-11-02T09:15:12.560-0500] {logging_mixin.py:151} INFO - [2023-11-02T09:15:12.560-0500] {dagbag.py:536} INFO - Filling up the DagBag from /Users/dimz/EconWizard/hermesvirtual/lib/python3.8/site-packages/airflow/example_dags/example_branch_day_of_week_operator.py
[2023-11-02T09:15:12.578-0500] {processor.py:839} INFO - DAG(s) dict_keys(['example_weekday_branch_operator']) retrieved from /Users/dimz/EconWizard/hermesvirtual/lib/python3.8/site-packages/airflow/example_dags/example_branch_day_of_week_operator.py
[2023-11-02T09:15:12.681-0500] {logging_mixin.py:151} INFO - [2023-11-02T09:15:12.680-0500] {dag.py:2941} INFO - Sync 1 DAGs
[2023-11-02T09:15:12.690-0500] {logging_mixin.py:151} INFO - [2023-11-02T09:15:12.690-0500] {dag.py:3722} INFO - Setting next_dagrun for example_weekday_branch_operator to 2023-11-01T00:00:00+00:00, run_after=2023-11-02T00:00:00+00:00
[2023-11-02T09:15:12.700-0500] {processor.py:179} INFO - Processing /Users/dimz/EconWizard/hermesvirtual/lib/python3.8/site-packages/airflow/example_dags/example_branch_day_of_week_operator.py took 0.147 seconds
[2023-11-02T09:17:14.750-0500] {processor.py:157} INFO - Started process (PID=94790) to work on /Users/dimz/EconWizard/hermesvirtual/lib/python3.8/site-packages/airflow/example_dags/example_branch_day_of_week_operator.py
[2023-11-02T09:17:14.755-0500] {processor.py:829} INFO - Processing file /Users/dimz/EconWizard/hermesvirtual/lib/python3.8/site-packages/airflow/example_dags/example_branch_day_of_week_operator.py for tasks to queue
[2023-11-02T09:17:14.756-0500] {logging_mixin.py:151} INFO - [2023-11-02T09:17:14.756-0500] {dagbag.py:536} INFO - Filling up the DagBag from /Users/dimz/EconWizard/hermesvirtual/lib/python3.8/site-packages/airflow/example_dags/example_branch_day_of_week_operator.py
[2023-11-02T09:17:14.774-0500] {processor.py:839} INFO - DAG(s) dict_keys(['example_weekday_branch_operator']) retrieved from /Users/dimz/EconWizard/hermesvirtual/lib/python3.8/site-packages/airflow/example_dags/example_branch_day_of_week_operator.py
[2023-11-02T09:17:14.878-0500] {logging_mixin.py:151} INFO - [2023-11-02T09:17:14.878-0500] {dag.py:2941} INFO - Sync 1 DAGs
[2023-11-02T09:17:14.887-0500] {logging_mixin.py:151} INFO - [2023-11-02T09:17:14.887-0500] {dag.py:3722} INFO - Setting next_dagrun for example_weekday_branch_operator to 2023-11-01T00:00:00+00:00, run_after=2023-11-02T00:00:00+00:00
[2023-11-02T09:17:14.898-0500] {processor.py:179} INFO - Processing /Users/dimz/EconWizard/hermesvirtual/lib/python3.8/site-packages/airflow/example_dags/example_branch_day_of_week_operator.py took 0.148 seconds
[2023-11-02T09:19:21.269-0500] {processor.py:157} INFO - Started process (PID=94973) to work on /Users/dimz/EconWizard/hermesvirtual/lib/python3.8/site-packages/airflow/example_dags/example_branch_day_of_week_operator.py
[2023-11-02T09:19:21.274-0500] {processor.py:829} INFO - Processing file /Users/dimz/EconWizard/hermesvirtual/lib/python3.8/site-packages/airflow/example_dags/example_branch_day_of_week_operator.py for tasks to queue
[2023-11-02T09:19:21.275-0500] {logging_mixin.py:151} INFO - [2023-11-02T09:19:21.274-0500] {dagbag.py:536} INFO - Filling up the DagBag from /Users/dimz/EconWizard/hermesvirtual/lib/python3.8/site-packages/airflow/example_dags/example_branch_day_of_week_operator.py
[2023-11-02T09:19:21.293-0500] {processor.py:839} INFO - DAG(s) dict_keys(['example_weekday_branch_operator']) retrieved from /Users/dimz/EconWizard/hermesvirtual/lib/python3.8/site-packages/airflow/example_dags/example_branch_day_of_week_operator.py
[2023-11-02T09:19:21.410-0500] {logging_mixin.py:151} INFO - [2023-11-02T09:19:21.409-0500] {dag.py:2941} INFO - Sync 1 DAGs
[2023-11-02T09:19:21.423-0500] {logging_mixin.py:151} INFO - [2023-11-02T09:19:21.423-0500] {dag.py:3722} INFO - Setting next_dagrun for example_weekday_branch_operator to 2023-11-01T00:00:00+00:00, run_after=2023-11-02T00:00:00+00:00
[2023-11-02T09:19:21.437-0500] {processor.py:179} INFO - Processing /Users/dimz/EconWizard/hermesvirtual/lib/python3.8/site-packages/airflow/example_dags/example_branch_day_of_week_operator.py took 0.168 seconds
[2023-11-02T09:21:29.822-0500] {processor.py:157} INFO - Started process (PID=95120) to work on /Users/dimz/EconWizard/hermesvirtual/lib/python3.8/site-packages/airflow/example_dags/example_branch_day_of_week_operator.py
[2023-11-02T09:21:29.827-0500] {processor.py:829} INFO - Processing file /Users/dimz/EconWizard/hermesvirtual/lib/python3.8/site-packages/airflow/example_dags/example_branch_day_of_week_operator.py for tasks to queue
[2023-11-02T09:21:29.827-0500] {logging_mixin.py:151} INFO - [2023-11-02T09:21:29.827-0500] {dagbag.py:536} INFO - Filling up the DagBag from /Users/dimz/EconWizard/hermesvirtual/lib/python3.8/site-packages/airflow/example_dags/example_branch_day_of_week_operator.py
[2023-11-02T09:21:29.845-0500] {processor.py:839} INFO - DAG(s) dict_keys(['example_weekday_branch_operator']) retrieved from /Users/dimz/EconWizard/hermesvirtual/lib/python3.8/site-packages/airflow/example_dags/example_branch_day_of_week_operator.py
[2023-11-02T09:21:29.948-0500] {logging_mixin.py:151} INFO - [2023-11-02T09:21:29.947-0500] {dag.py:2941} INFO - Sync 1 DAGs
[2023-11-02T09:21:29.957-0500] {logging_mixin.py:151} INFO - [2023-11-02T09:21:29.957-0500] {dag.py:3722} INFO - Setting next_dagrun for example_weekday_branch_operator to 2023-11-01T00:00:00+00:00, run_after=2023-11-02T00:00:00+00:00
[2023-11-02T09:21:29.967-0500] {processor.py:179} INFO - Processing /Users/dimz/EconWizard/hermesvirtual/lib/python3.8/site-packages/airflow/example_dags/example_branch_day_of_week_operator.py took 0.145 seconds
[2023-11-02T09:23:37.922-0500] {processor.py:157} INFO - Started process (PID=95323) to work on /Users/dimz/EconWizard/hermesvirtual/lib/python3.8/site-packages/airflow/example_dags/example_branch_day_of_week_operator.py
[2023-11-02T09:23:37.927-0500] {processor.py:829} INFO - Processing file /Users/dimz/EconWizard/hermesvirtual/lib/python3.8/site-packages/airflow/example_dags/example_branch_day_of_week_operator.py for tasks to queue
[2023-11-02T09:23:37.928-0500] {logging_mixin.py:151} INFO - [2023-11-02T09:23:37.928-0500] {dagbag.py:536} INFO - Filling up the DagBag from /Users/dimz/EconWizard/hermesvirtual/lib/python3.8/site-packages/airflow/example_dags/example_branch_day_of_week_operator.py
[2023-11-02T09:23:37.948-0500] {processor.py:839} INFO - DAG(s) dict_keys(['example_weekday_branch_operator']) retrieved from /Users/dimz/EconWizard/hermesvirtual/lib/python3.8/site-packages/airflow/example_dags/example_branch_day_of_week_operator.py
[2023-11-02T09:23:38.059-0500] {logging_mixin.py:151} INFO - [2023-11-02T09:23:38.059-0500] {dag.py:2941} INFO - Sync 1 DAGs
[2023-11-02T09:23:38.069-0500] {logging_mixin.py:151} INFO - [2023-11-02T09:23:38.069-0500] {dag.py:3722} INFO - Setting next_dagrun for example_weekday_branch_operator to 2023-11-01T00:00:00+00:00, run_after=2023-11-02T00:00:00+00:00
[2023-11-02T09:23:38.080-0500] {processor.py:179} INFO - Processing /Users/dimz/EconWizard/hermesvirtual/lib/python3.8/site-packages/airflow/example_dags/example_branch_day_of_week_operator.py took 0.159 seconds
[2023-11-02T09:25:44.003-0500] {processor.py:157} INFO - Started process (PID=95561) to work on /Users/dimz/EconWizard/hermesvirtual/lib/python3.8/site-packages/airflow/example_dags/example_branch_day_of_week_operator.py
[2023-11-02T09:25:44.008-0500] {processor.py:829} INFO - Processing file /Users/dimz/EconWizard/hermesvirtual/lib/python3.8/site-packages/airflow/example_dags/example_branch_day_of_week_operator.py for tasks to queue
[2023-11-02T09:25:44.008-0500] {logging_mixin.py:151} INFO - [2023-11-02T09:25:44.008-0500] {dagbag.py:536} INFO - Filling up the DagBag from /Users/dimz/EconWizard/hermesvirtual/lib/python3.8/site-packages/airflow/example_dags/example_branch_day_of_week_operator.py
[2023-11-02T09:25:44.030-0500] {processor.py:839} INFO - DAG(s) dict_keys(['example_weekday_branch_operator']) retrieved from /Users/dimz/EconWizard/hermesvirtual/lib/python3.8/site-packages/airflow/example_dags/example_branch_day_of_week_operator.py
[2023-11-02T09:25:44.143-0500] {logging_mixin.py:151} INFO - [2023-11-02T09:25:44.143-0500] {dag.py:2941} INFO - Sync 1 DAGs
[2023-11-02T09:25:44.153-0500] {logging_mixin.py:151} INFO - [2023-11-02T09:25:44.153-0500] {dag.py:3722} INFO - Setting next_dagrun for example_weekday_branch_operator to 2023-11-01T00:00:00+00:00, run_after=2023-11-02T00:00:00+00:00
[2023-11-02T09:25:44.164-0500] {processor.py:179} INFO - Processing /Users/dimz/EconWizard/hermesvirtual/lib/python3.8/site-packages/airflow/example_dags/example_branch_day_of_week_operator.py took 0.162 seconds
[2023-11-02T09:28:32.151-0500] {processor.py:157} INFO - Started process (PID=95801) to work on /Users/dimz/EconWizard/hermesvirtual/lib/python3.8/site-packages/airflow/example_dags/example_branch_day_of_week_operator.py
[2023-11-02T09:28:32.156-0500] {processor.py:829} INFO - Processing file /Users/dimz/EconWizard/hermesvirtual/lib/python3.8/site-packages/airflow/example_dags/example_branch_day_of_week_operator.py for tasks to queue
[2023-11-02T09:28:32.157-0500] {logging_mixin.py:151} INFO - [2023-11-02T09:28:32.157-0500] {dagbag.py:536} INFO - Filling up the DagBag from /Users/dimz/EconWizard/hermesvirtual/lib/python3.8/site-packages/airflow/example_dags/example_branch_day_of_week_operator.py
[2023-11-02T09:28:32.175-0500] {processor.py:839} INFO - DAG(s) dict_keys(['example_weekday_branch_operator']) retrieved from /Users/dimz/EconWizard/hermesvirtual/lib/python3.8/site-packages/airflow/example_dags/example_branch_day_of_week_operator.py
[2023-11-02T09:28:32.278-0500] {logging_mixin.py:151} INFO - [2023-11-02T09:28:32.278-0500] {dag.py:2941} INFO - Sync 1 DAGs
[2023-11-02T09:28:32.288-0500] {logging_mixin.py:151} INFO - [2023-11-02T09:28:32.288-0500] {dag.py:3722} INFO - Setting next_dagrun for example_weekday_branch_operator to 2023-11-01T00:00:00+00:00, run_after=2023-11-02T00:00:00+00:00
[2023-11-02T09:28:32.299-0500] {processor.py:179} INFO - Processing /Users/dimz/EconWizard/hermesvirtual/lib/python3.8/site-packages/airflow/example_dags/example_branch_day_of_week_operator.py took 0.148 seconds
[2023-11-02T09:30:50.031-0500] {processor.py:157} INFO - Started process (PID=95985) to work on /Users/dimz/EconWizard/hermesvirtual/lib/python3.8/site-packages/airflow/example_dags/example_branch_day_of_week_operator.py
[2023-11-02T09:30:50.036-0500] {processor.py:829} INFO - Processing file /Users/dimz/EconWizard/hermesvirtual/lib/python3.8/site-packages/airflow/example_dags/example_branch_day_of_week_operator.py for tasks to queue
[2023-11-02T09:30:50.036-0500] {logging_mixin.py:151} INFO - [2023-11-02T09:30:50.036-0500] {dagbag.py:536} INFO - Filling up the DagBag from /Users/dimz/EconWizard/hermesvirtual/lib/python3.8/site-packages/airflow/example_dags/example_branch_day_of_week_operator.py
[2023-11-02T09:30:50.054-0500] {processor.py:839} INFO - DAG(s) dict_keys(['example_weekday_branch_operator']) retrieved from /Users/dimz/EconWizard/hermesvirtual/lib/python3.8/site-packages/airflow/example_dags/example_branch_day_of_week_operator.py
[2023-11-02T09:30:50.158-0500] {logging_mixin.py:151} INFO - [2023-11-02T09:30:50.157-0500] {dag.py:2941} INFO - Sync 1 DAGs
[2023-11-02T09:30:50.168-0500] {logging_mixin.py:151} INFO - [2023-11-02T09:30:50.168-0500] {dag.py:3722} INFO - Setting next_dagrun for example_weekday_branch_operator to 2023-11-01T00:00:00+00:00, run_after=2023-11-02T00:00:00+00:00
[2023-11-02T09:30:50.178-0500] {processor.py:179} INFO - Processing /Users/dimz/EconWizard/hermesvirtual/lib/python3.8/site-packages/airflow/example_dags/example_branch_day_of_week_operator.py took 0.148 seconds
[2023-11-02T10:14:04.629-0500] {processor.py:157} INFO - Started process (PID=97594) to work on /Users/dimz/EconWizard/hermesvirtual/lib/python3.8/site-packages/airflow/example_dags/example_branch_day_of_week_operator.py
[2023-11-02T10:14:04.633-0500] {processor.py:829} INFO - Processing file /Users/dimz/EconWizard/hermesvirtual/lib/python3.8/site-packages/airflow/example_dags/example_branch_day_of_week_operator.py for tasks to queue
[2023-11-02T10:14:04.634-0500] {logging_mixin.py:151} INFO - [2023-11-02T10:14:04.633-0500] {dagbag.py:536} INFO - Filling up the DagBag from /Users/dimz/EconWizard/hermesvirtual/lib/python3.8/site-packages/airflow/example_dags/example_branch_day_of_week_operator.py
[2023-11-02T10:14:04.653-0500] {processor.py:839} INFO - DAG(s) dict_keys(['example_weekday_branch_operator']) retrieved from /Users/dimz/EconWizard/hermesvirtual/lib/python3.8/site-packages/airflow/example_dags/example_branch_day_of_week_operator.py
[2023-11-02T10:14:04.762-0500] {logging_mixin.py:151} INFO - [2023-11-02T10:14:04.762-0500] {dag.py:2941} INFO - Sync 1 DAGs
[2023-11-02T10:14:04.772-0500] {logging_mixin.py:151} INFO - [2023-11-02T10:14:04.772-0500] {dag.py:3722} INFO - Setting next_dagrun for example_weekday_branch_operator to 2023-11-01T00:00:00+00:00, run_after=2023-11-02T00:00:00+00:00
[2023-11-02T10:14:04.782-0500] {processor.py:179} INFO - Processing /Users/dimz/EconWizard/hermesvirtual/lib/python3.8/site-packages/airflow/example_dags/example_branch_day_of_week_operator.py took 0.154 seconds
[2023-11-02T10:16:09.141-0500] {processor.py:157} INFO - Started process (PID=97817) to work on /Users/dimz/EconWizard/hermesvirtual/lib/python3.8/site-packages/airflow/example_dags/example_branch_day_of_week_operator.py
[2023-11-02T10:16:09.146-0500] {processor.py:829} INFO - Processing file /Users/dimz/EconWizard/hermesvirtual/lib/python3.8/site-packages/airflow/example_dags/example_branch_day_of_week_operator.py for tasks to queue
[2023-11-02T10:16:09.146-0500] {logging_mixin.py:151} INFO - [2023-11-02T10:16:09.146-0500] {dagbag.py:536} INFO - Filling up the DagBag from /Users/dimz/EconWizard/hermesvirtual/lib/python3.8/site-packages/airflow/example_dags/example_branch_day_of_week_operator.py
[2023-11-02T10:16:09.167-0500] {processor.py:839} INFO - DAG(s) dict_keys(['example_weekday_branch_operator']) retrieved from /Users/dimz/EconWizard/hermesvirtual/lib/python3.8/site-packages/airflow/example_dags/example_branch_day_of_week_operator.py
[2023-11-02T10:16:09.285-0500] {logging_mixin.py:151} INFO - [2023-11-02T10:16:09.285-0500] {dag.py:2941} INFO - Sync 1 DAGs
[2023-11-02T10:16:09.295-0500] {logging_mixin.py:151} INFO - [2023-11-02T10:16:09.295-0500] {dag.py:3722} INFO - Setting next_dagrun for example_weekday_branch_operator to 2023-11-01T00:00:00+00:00, run_after=2023-11-02T00:00:00+00:00
[2023-11-02T10:16:09.307-0500] {processor.py:179} INFO - Processing /Users/dimz/EconWizard/hermesvirtual/lib/python3.8/site-packages/airflow/example_dags/example_branch_day_of_week_operator.py took 0.167 seconds
[2023-11-02T10:39:52.279-0500] {processor.py:157} INFO - Started process (PID=99939) to work on /Users/dimz/EconWizard/hermesvirtual/lib/python3.8/site-packages/airflow/example_dags/example_branch_day_of_week_operator.py
[2023-11-02T10:39:52.284-0500] {processor.py:829} INFO - Processing file /Users/dimz/EconWizard/hermesvirtual/lib/python3.8/site-packages/airflow/example_dags/example_branch_day_of_week_operator.py for tasks to queue
[2023-11-02T10:39:52.285-0500] {logging_mixin.py:151} INFO - [2023-11-02T10:39:52.285-0500] {dagbag.py:536} INFO - Filling up the DagBag from /Users/dimz/EconWizard/hermesvirtual/lib/python3.8/site-packages/airflow/example_dags/example_branch_day_of_week_operator.py
[2023-11-02T10:39:52.306-0500] {processor.py:839} INFO - DAG(s) dict_keys(['example_weekday_branch_operator']) retrieved from /Users/dimz/EconWizard/hermesvirtual/lib/python3.8/site-packages/airflow/example_dags/example_branch_day_of_week_operator.py
[2023-11-02T10:39:52.427-0500] {logging_mixin.py:151} INFO - [2023-11-02T10:39:52.426-0500] {dag.py:2941} INFO - Sync 1 DAGs
[2023-11-02T10:39:52.438-0500] {logging_mixin.py:151} INFO - [2023-11-02T10:39:52.437-0500] {dag.py:3722} INFO - Setting next_dagrun for example_weekday_branch_operator to 2023-11-01T00:00:00+00:00, run_after=2023-11-02T00:00:00+00:00
[2023-11-02T10:39:52.451-0500] {processor.py:179} INFO - Processing /Users/dimz/EconWizard/hermesvirtual/lib/python3.8/site-packages/airflow/example_dags/example_branch_day_of_week_operator.py took 0.173 seconds
[2023-11-02T10:42:00.102-0500] {processor.py:157} INFO - Started process (PID=203) to work on /Users/dimz/EconWizard/hermesvirtual/lib/python3.8/site-packages/airflow/example_dags/example_branch_day_of_week_operator.py
[2023-11-02T10:42:00.107-0500] {processor.py:829} INFO - Processing file /Users/dimz/EconWizard/hermesvirtual/lib/python3.8/site-packages/airflow/example_dags/example_branch_day_of_week_operator.py for tasks to queue
[2023-11-02T10:42:00.107-0500] {logging_mixin.py:151} INFO - [2023-11-02T10:42:00.107-0500] {dagbag.py:536} INFO - Filling up the DagBag from /Users/dimz/EconWizard/hermesvirtual/lib/python3.8/site-packages/airflow/example_dags/example_branch_day_of_week_operator.py
[2023-11-02T10:42:00.125-0500] {processor.py:839} INFO - DAG(s) dict_keys(['example_weekday_branch_operator']) retrieved from /Users/dimz/EconWizard/hermesvirtual/lib/python3.8/site-packages/airflow/example_dags/example_branch_day_of_week_operator.py
[2023-11-02T10:42:00.228-0500] {logging_mixin.py:151} INFO - [2023-11-02T10:42:00.228-0500] {dag.py:2941} INFO - Sync 1 DAGs
[2023-11-02T10:42:00.238-0500] {logging_mixin.py:151} INFO - [2023-11-02T10:42:00.238-0500] {dag.py:3722} INFO - Setting next_dagrun for example_weekday_branch_operator to 2023-11-01T00:00:00+00:00, run_after=2023-11-02T00:00:00+00:00
[2023-11-02T10:42:00.248-0500] {processor.py:179} INFO - Processing /Users/dimz/EconWizard/hermesvirtual/lib/python3.8/site-packages/airflow/example_dags/example_branch_day_of_week_operator.py took 0.147 seconds
