[2023-11-01T21:36:37.047-0500] {processor.py:157} INFO - Started process (PID=87785) to work on /Users/dimz/EconWizard/hermesvirtual/lib/python3.8/site-packages/airflow/example_dags/example_bash_operator.py
[2023-11-01T21:36:37.051-0500] {processor.py:829} INFO - Processing file /Users/dimz/EconWizard/hermesvirtual/lib/python3.8/site-packages/airflow/example_dags/example_bash_operator.py for tasks to queue
[2023-11-01T21:36:37.052-0500] {logging_mixin.py:151} INFO - [2023-11-01T21:36:37.051-0500] {dagbag.py:536} INFO - Filling up the DagBag from /Users/dimz/EconWizard/hermesvirtual/lib/python3.8/site-packages/airflow/example_dags/example_bash_operator.py
[2023-11-01T21:36:37.096-0500] {processor.py:839} INFO - DAG(s) dict_keys(['example_bash_operator']) retrieved from /Users/dimz/EconWizard/hermesvirtual/lib/python3.8/site-packages/airflow/example_dags/example_bash_operator.py
[2023-11-01T21:36:37.422-0500] {logging_mixin.py:151} INFO - [2023-11-01T21:36:37.421-0500] {manager.py:499} INFO - Created Permission View: %s
[2023-11-01T21:36:37.426-0500] {logging_mixin.py:151} INFO - [2023-11-01T21:36:37.426-0500] {manager.py:499} INFO - Created Permission View: %s
[2023-11-01T21:36:37.429-0500] {logging_mixin.py:151} INFO - [2023-11-01T21:36:37.429-0500] {manager.py:499} INFO - Created Permission View: %s
[2023-11-01T21:36:37.429-0500] {logging_mixin.py:151} INFO - [2023-11-01T21:36:37.429-0500] {dag.py:2941} INFO - Sync 1 DAGs
[2023-11-01T21:36:37.435-0500] {logging_mixin.py:151} INFO - [2023-11-01T21:36:37.435-0500] {dag.py:2963} INFO - Creating ORM DAG for example_bash_operator
[2023-11-01T21:36:37.440-0500] {logging_mixin.py:151} INFO - [2023-11-01T21:36:37.440-0500] {dag.py:3722} INFO - Setting next_dagrun for example_bash_operator to 2023-11-01T00:00:00+00:00, run_after=2023-11-02T00:00:00+00:00
[2023-11-01T21:36:37.449-0500] {processor.py:179} INFO - Processing /Users/dimz/EconWizard/hermesvirtual/lib/python3.8/site-packages/airflow/example_dags/example_bash_operator.py took 0.403 seconds
[2023-11-01T21:38:29.738-0500] {processor.py:157} INFO - Started process (PID=87986) to work on /Users/dimz/EconWizard/hermesvirtual/lib/python3.8/site-packages/airflow/example_dags/example_bash_operator.py
[2023-11-01T21:38:29.743-0500] {processor.py:829} INFO - Processing file /Users/dimz/EconWizard/hermesvirtual/lib/python3.8/site-packages/airflow/example_dags/example_bash_operator.py for tasks to queue
[2023-11-01T21:38:29.744-0500] {logging_mixin.py:151} INFO - [2023-11-01T21:38:29.744-0500] {dagbag.py:536} INFO - Filling up the DagBag from /Users/dimz/EconWizard/hermesvirtual/lib/python3.8/site-packages/airflow/example_dags/example_bash_operator.py
[2023-11-01T21:38:29.803-0500] {processor.py:839} INFO - DAG(s) dict_keys(['example_bash_operator']) retrieved from /Users/dimz/EconWizard/hermesvirtual/lib/python3.8/site-packages/airflow/example_dags/example_bash_operator.py
[2023-11-01T21:38:29.891-0500] {logging_mixin.py:151} INFO - [2023-11-01T21:38:29.890-0500] {dag.py:2941} INFO - Sync 1 DAGs
[2023-11-01T21:38:29.900-0500] {logging_mixin.py:151} INFO - [2023-11-01T21:38:29.900-0500] {dag.py:3722} INFO - Setting next_dagrun for example_bash_operator to 2023-11-01T00:00:00+00:00, run_after=2023-11-02T00:00:00+00:00
[2023-11-01T21:38:29.911-0500] {processor.py:179} INFO - Processing /Users/dimz/EconWizard/hermesvirtual/lib/python3.8/site-packages/airflow/example_dags/example_bash_operator.py took 0.173 seconds
[2023-11-01T21:40:24.587-0500] {processor.py:157} INFO - Started process (PID=88224) to work on /Users/dimz/EconWizard/hermesvirtual/lib/python3.8/site-packages/airflow/example_dags/example_bash_operator.py
[2023-11-01T21:40:24.592-0500] {processor.py:829} INFO - Processing file /Users/dimz/EconWizard/hermesvirtual/lib/python3.8/site-packages/airflow/example_dags/example_bash_operator.py for tasks to queue
[2023-11-01T21:40:24.592-0500] {logging_mixin.py:151} INFO - [2023-11-01T21:40:24.592-0500] {dagbag.py:536} INFO - Filling up the DagBag from /Users/dimz/EconWizard/hermesvirtual/lib/python3.8/site-packages/airflow/example_dags/example_bash_operator.py
[2023-11-01T21:40:24.637-0500] {processor.py:839} INFO - DAG(s) dict_keys(['example_bash_operator']) retrieved from /Users/dimz/EconWizard/hermesvirtual/lib/python3.8/site-packages/airflow/example_dags/example_bash_operator.py
[2023-11-01T21:40:24.719-0500] {logging_mixin.py:151} INFO - [2023-11-01T21:40:24.719-0500] {dag.py:2941} INFO - Sync 1 DAGs
[2023-11-01T21:40:24.728-0500] {logging_mixin.py:151} INFO - [2023-11-01T21:40:24.728-0500] {dag.py:3722} INFO - Setting next_dagrun for example_bash_operator to 2023-11-01T00:00:00+00:00, run_after=2023-11-02T00:00:00+00:00
[2023-11-01T21:40:24.738-0500] {processor.py:179} INFO - Processing /Users/dimz/EconWizard/hermesvirtual/lib/python3.8/site-packages/airflow/example_dags/example_bash_operator.py took 0.152 seconds
[2023-11-01T21:42:21.264-0500] {processor.py:157} INFO - Started process (PID=88502) to work on /Users/dimz/EconWizard/hermesvirtual/lib/python3.8/site-packages/airflow/example_dags/example_bash_operator.py
[2023-11-01T21:42:21.269-0500] {processor.py:829} INFO - Processing file /Users/dimz/EconWizard/hermesvirtual/lib/python3.8/site-packages/airflow/example_dags/example_bash_operator.py for tasks to queue
[2023-11-01T21:42:21.270-0500] {logging_mixin.py:151} INFO - [2023-11-01T21:42:21.270-0500] {dagbag.py:536} INFO - Filling up the DagBag from /Users/dimz/EconWizard/hermesvirtual/lib/python3.8/site-packages/airflow/example_dags/example_bash_operator.py
[2023-11-01T21:42:21.322-0500] {processor.py:839} INFO - DAG(s) dict_keys(['example_bash_operator']) retrieved from /Users/dimz/EconWizard/hermesvirtual/lib/python3.8/site-packages/airflow/example_dags/example_bash_operator.py
[2023-11-01T21:42:21.407-0500] {logging_mixin.py:151} INFO - [2023-11-01T21:42:21.407-0500] {dag.py:2941} INFO - Sync 1 DAGs
[2023-11-01T21:42:21.417-0500] {logging_mixin.py:151} INFO - [2023-11-01T21:42:21.417-0500] {dag.py:3722} INFO - Setting next_dagrun for example_bash_operator to 2023-11-01T00:00:00+00:00, run_after=2023-11-02T00:00:00+00:00
[2023-11-01T21:42:21.428-0500] {processor.py:179} INFO - Processing /Users/dimz/EconWizard/hermesvirtual/lib/python3.8/site-packages/airflow/example_dags/example_bash_operator.py took 0.164 seconds
[2023-11-01T21:44:13.154-0500] {processor.py:157} INFO - Started process (PID=88710) to work on /Users/dimz/EconWizard/hermesvirtual/lib/python3.8/site-packages/airflow/example_dags/example_bash_operator.py
[2023-11-01T21:44:13.159-0500] {processor.py:829} INFO - Processing file /Users/dimz/EconWizard/hermesvirtual/lib/python3.8/site-packages/airflow/example_dags/example_bash_operator.py for tasks to queue
[2023-11-01T21:44:13.159-0500] {logging_mixin.py:151} INFO - [2023-11-01T21:44:13.159-0500] {dagbag.py:536} INFO - Filling up the DagBag from /Users/dimz/EconWizard/hermesvirtual/lib/python3.8/site-packages/airflow/example_dags/example_bash_operator.py
[2023-11-01T21:44:13.208-0500] {processor.py:839} INFO - DAG(s) dict_keys(['example_bash_operator']) retrieved from /Users/dimz/EconWizard/hermesvirtual/lib/python3.8/site-packages/airflow/example_dags/example_bash_operator.py
[2023-11-01T21:44:13.293-0500] {logging_mixin.py:151} INFO - [2023-11-01T21:44:13.292-0500] {dag.py:2941} INFO - Sync 1 DAGs
[2023-11-01T21:44:13.302-0500] {logging_mixin.py:151} INFO - [2023-11-01T21:44:13.302-0500] {dag.py:3722} INFO - Setting next_dagrun for example_bash_operator to 2023-11-01T00:00:00+00:00, run_after=2023-11-02T00:00:00+00:00
[2023-11-01T21:44:13.313-0500] {processor.py:179} INFO - Processing /Users/dimz/EconWizard/hermesvirtual/lib/python3.8/site-packages/airflow/example_dags/example_bash_operator.py took 0.159 seconds
[2023-11-01T21:46:15.438-0500] {processor.py:157} INFO - Started process (PID=88898) to work on /Users/dimz/EconWizard/hermesvirtual/lib/python3.8/site-packages/airflow/example_dags/example_bash_operator.py
[2023-11-01T21:46:15.444-0500] {processor.py:829} INFO - Processing file /Users/dimz/EconWizard/hermesvirtual/lib/python3.8/site-packages/airflow/example_dags/example_bash_operator.py for tasks to queue
[2023-11-01T21:46:15.444-0500] {logging_mixin.py:151} INFO - [2023-11-01T21:46:15.444-0500] {dagbag.py:536} INFO - Filling up the DagBag from /Users/dimz/EconWizard/hermesvirtual/lib/python3.8/site-packages/airflow/example_dags/example_bash_operator.py
[2023-11-01T21:46:15.497-0500] {processor.py:839} INFO - DAG(s) dict_keys(['example_bash_operator']) retrieved from /Users/dimz/EconWizard/hermesvirtual/lib/python3.8/site-packages/airflow/example_dags/example_bash_operator.py
[2023-11-01T21:46:15.590-0500] {logging_mixin.py:151} INFO - [2023-11-01T21:46:15.590-0500] {dag.py:2941} INFO - Sync 1 DAGs
[2023-11-01T21:46:15.602-0500] {logging_mixin.py:151} INFO - [2023-11-01T21:46:15.602-0500] {dag.py:3722} INFO - Setting next_dagrun for example_bash_operator to 2023-11-01T00:00:00+00:00, run_after=2023-11-02T00:00:00+00:00
[2023-11-01T21:46:15.615-0500] {processor.py:179} INFO - Processing /Users/dimz/EconWizard/hermesvirtual/lib/python3.8/site-packages/airflow/example_dags/example_bash_operator.py took 0.177 seconds
[2023-11-01T21:48:17.428-0500] {processor.py:157} INFO - Started process (PID=89125) to work on /Users/dimz/EconWizard/hermesvirtual/lib/python3.8/site-packages/airflow/example_dags/example_bash_operator.py
[2023-11-01T21:48:17.433-0500] {processor.py:829} INFO - Processing file /Users/dimz/EconWizard/hermesvirtual/lib/python3.8/site-packages/airflow/example_dags/example_bash_operator.py for tasks to queue
[2023-11-01T21:48:17.434-0500] {logging_mixin.py:151} INFO - [2023-11-01T21:48:17.434-0500] {dagbag.py:536} INFO - Filling up the DagBag from /Users/dimz/EconWizard/hermesvirtual/lib/python3.8/site-packages/airflow/example_dags/example_bash_operator.py
[2023-11-01T21:48:17.479-0500] {processor.py:839} INFO - DAG(s) dict_keys(['example_bash_operator']) retrieved from /Users/dimz/EconWizard/hermesvirtual/lib/python3.8/site-packages/airflow/example_dags/example_bash_operator.py
[2023-11-01T21:48:17.561-0500] {logging_mixin.py:151} INFO - [2023-11-01T21:48:17.561-0500] {dag.py:2941} INFO - Sync 1 DAGs
[2023-11-01T21:48:17.570-0500] {logging_mixin.py:151} INFO - [2023-11-01T21:48:17.570-0500] {dag.py:3722} INFO - Setting next_dagrun for example_bash_operator to 2023-11-01T00:00:00+00:00, run_after=2023-11-02T00:00:00+00:00
[2023-11-01T21:48:17.581-0500] {processor.py:179} INFO - Processing /Users/dimz/EconWizard/hermesvirtual/lib/python3.8/site-packages/airflow/example_dags/example_bash_operator.py took 0.153 seconds
[2023-11-01T21:50:16.908-0500] {processor.py:157} INFO - Started process (PID=89301) to work on /Users/dimz/EconWizard/hermesvirtual/lib/python3.8/site-packages/airflow/example_dags/example_bash_operator.py
[2023-11-01T21:50:16.913-0500] {processor.py:829} INFO - Processing file /Users/dimz/EconWizard/hermesvirtual/lib/python3.8/site-packages/airflow/example_dags/example_bash_operator.py for tasks to queue
[2023-11-01T21:50:16.914-0500] {logging_mixin.py:151} INFO - [2023-11-01T21:50:16.914-0500] {dagbag.py:536} INFO - Filling up the DagBag from /Users/dimz/EconWizard/hermesvirtual/lib/python3.8/site-packages/airflow/example_dags/example_bash_operator.py
[2023-11-01T21:50:16.966-0500] {processor.py:839} INFO - DAG(s) dict_keys(['example_bash_operator']) retrieved from /Users/dimz/EconWizard/hermesvirtual/lib/python3.8/site-packages/airflow/example_dags/example_bash_operator.py
[2023-11-01T21:50:17.067-0500] {logging_mixin.py:151} INFO - [2023-11-01T21:50:17.067-0500] {dag.py:2941} INFO - Sync 1 DAGs
[2023-11-01T21:50:17.080-0500] {logging_mixin.py:151} INFO - [2023-11-01T21:50:17.080-0500] {dag.py:3722} INFO - Setting next_dagrun for example_bash_operator to 2023-11-01T00:00:00+00:00, run_after=2023-11-02T00:00:00+00:00
[2023-11-01T21:50:17.094-0500] {processor.py:179} INFO - Processing /Users/dimz/EconWizard/hermesvirtual/lib/python3.8/site-packages/airflow/example_dags/example_bash_operator.py took 0.186 seconds
[2023-11-01T21:52:14.789-0500] {processor.py:157} INFO - Started process (PID=89446) to work on /Users/dimz/EconWizard/hermesvirtual/lib/python3.8/site-packages/airflow/example_dags/example_bash_operator.py
[2023-11-01T21:52:14.794-0500] {processor.py:829} INFO - Processing file /Users/dimz/EconWizard/hermesvirtual/lib/python3.8/site-packages/airflow/example_dags/example_bash_operator.py for tasks to queue
[2023-11-01T21:52:14.795-0500] {logging_mixin.py:151} INFO - [2023-11-01T21:52:14.795-0500] {dagbag.py:536} INFO - Filling up the DagBag from /Users/dimz/EconWizard/hermesvirtual/lib/python3.8/site-packages/airflow/example_dags/example_bash_operator.py
[2023-11-01T21:52:14.841-0500] {processor.py:839} INFO - DAG(s) dict_keys(['example_bash_operator']) retrieved from /Users/dimz/EconWizard/hermesvirtual/lib/python3.8/site-packages/airflow/example_dags/example_bash_operator.py
[2023-11-01T21:52:14.924-0500] {logging_mixin.py:151} INFO - [2023-11-01T21:52:14.924-0500] {dag.py:2941} INFO - Sync 1 DAGs
[2023-11-01T21:52:14.933-0500] {logging_mixin.py:151} INFO - [2023-11-01T21:52:14.933-0500] {dag.py:3722} INFO - Setting next_dagrun for example_bash_operator to 2023-11-01T00:00:00+00:00, run_after=2023-11-02T00:00:00+00:00
[2023-11-01T21:52:14.944-0500] {processor.py:179} INFO - Processing /Users/dimz/EconWizard/hermesvirtual/lib/python3.8/site-packages/airflow/example_dags/example_bash_operator.py took 0.155 seconds
[2023-11-01T21:54:11.957-0500] {processor.py:157} INFO - Started process (PID=89623) to work on /Users/dimz/EconWizard/hermesvirtual/lib/python3.8/site-packages/airflow/example_dags/example_bash_operator.py
[2023-11-01T21:54:11.962-0500] {processor.py:829} INFO - Processing file /Users/dimz/EconWizard/hermesvirtual/lib/python3.8/site-packages/airflow/example_dags/example_bash_operator.py for tasks to queue
[2023-11-01T21:54:11.963-0500] {logging_mixin.py:151} INFO - [2023-11-01T21:54:11.962-0500] {dagbag.py:536} INFO - Filling up the DagBag from /Users/dimz/EconWizard/hermesvirtual/lib/python3.8/site-packages/airflow/example_dags/example_bash_operator.py
[2023-11-01T21:54:12.014-0500] {processor.py:839} INFO - DAG(s) dict_keys(['example_bash_operator']) retrieved from /Users/dimz/EconWizard/hermesvirtual/lib/python3.8/site-packages/airflow/example_dags/example_bash_operator.py
[2023-11-01T21:54:12.107-0500] {logging_mixin.py:151} INFO - [2023-11-01T21:54:12.107-0500] {dag.py:2941} INFO - Sync 1 DAGs
[2023-11-01T21:54:12.119-0500] {logging_mixin.py:151} INFO - [2023-11-01T21:54:12.118-0500] {dag.py:3722} INFO - Setting next_dagrun for example_bash_operator to 2023-11-01T00:00:00+00:00, run_after=2023-11-02T00:00:00+00:00
[2023-11-01T21:54:12.130-0500] {processor.py:179} INFO - Processing /Users/dimz/EconWizard/hermesvirtual/lib/python3.8/site-packages/airflow/example_dags/example_bash_operator.py took 0.173 seconds
[2023-11-01T21:56:12.764-0500] {processor.py:157} INFO - Started process (PID=89779) to work on /Users/dimz/EconWizard/hermesvirtual/lib/python3.8/site-packages/airflow/example_dags/example_bash_operator.py
[2023-11-01T21:56:12.769-0500] {processor.py:829} INFO - Processing file /Users/dimz/EconWizard/hermesvirtual/lib/python3.8/site-packages/airflow/example_dags/example_bash_operator.py for tasks to queue
[2023-11-01T21:56:12.769-0500] {logging_mixin.py:151} INFO - [2023-11-01T21:56:12.769-0500] {dagbag.py:536} INFO - Filling up the DagBag from /Users/dimz/EconWizard/hermesvirtual/lib/python3.8/site-packages/airflow/example_dags/example_bash_operator.py
[2023-11-01T21:56:12.814-0500] {processor.py:839} INFO - DAG(s) dict_keys(['example_bash_operator']) retrieved from /Users/dimz/EconWizard/hermesvirtual/lib/python3.8/site-packages/airflow/example_dags/example_bash_operator.py
[2023-11-01T21:56:12.897-0500] {logging_mixin.py:151} INFO - [2023-11-01T21:56:12.897-0500] {dag.py:2941} INFO - Sync 1 DAGs
[2023-11-01T21:56:12.906-0500] {logging_mixin.py:151} INFO - [2023-11-01T21:56:12.906-0500] {dag.py:3722} INFO - Setting next_dagrun for example_bash_operator to 2023-11-01T00:00:00+00:00, run_after=2023-11-02T00:00:00+00:00
[2023-11-01T21:56:12.917-0500] {processor.py:179} INFO - Processing /Users/dimz/EconWizard/hermesvirtual/lib/python3.8/site-packages/airflow/example_dags/example_bash_operator.py took 0.153 seconds
[2023-11-01T21:58:10.984-0500] {processor.py:157} INFO - Started process (PID=89998) to work on /Users/dimz/EconWizard/hermesvirtual/lib/python3.8/site-packages/airflow/example_dags/example_bash_operator.py
[2023-11-01T21:58:10.989-0500] {processor.py:829} INFO - Processing file /Users/dimz/EconWizard/hermesvirtual/lib/python3.8/site-packages/airflow/example_dags/example_bash_operator.py for tasks to queue
[2023-11-01T21:58:10.989-0500] {logging_mixin.py:151} INFO - [2023-11-01T21:58:10.989-0500] {dagbag.py:536} INFO - Filling up the DagBag from /Users/dimz/EconWizard/hermesvirtual/lib/python3.8/site-packages/airflow/example_dags/example_bash_operator.py
[2023-11-01T21:58:11.035-0500] {processor.py:839} INFO - DAG(s) dict_keys(['example_bash_operator']) retrieved from /Users/dimz/EconWizard/hermesvirtual/lib/python3.8/site-packages/airflow/example_dags/example_bash_operator.py
[2023-11-01T21:58:11.117-0500] {logging_mixin.py:151} INFO - [2023-11-01T21:58:11.117-0500] {dag.py:2941} INFO - Sync 1 DAGs
[2023-11-01T21:58:11.126-0500] {logging_mixin.py:151} INFO - [2023-11-01T21:58:11.126-0500] {dag.py:3722} INFO - Setting next_dagrun for example_bash_operator to 2023-11-01T00:00:00+00:00, run_after=2023-11-02T00:00:00+00:00
[2023-11-01T21:58:11.137-0500] {processor.py:179} INFO - Processing /Users/dimz/EconWizard/hermesvirtual/lib/python3.8/site-packages/airflow/example_dags/example_bash_operator.py took 0.153 seconds
[2023-11-01T22:00:11.343-0500] {processor.py:157} INFO - Started process (PID=90147) to work on /Users/dimz/EconWizard/hermesvirtual/lib/python3.8/site-packages/airflow/example_dags/example_bash_operator.py
[2023-11-01T22:00:11.348-0500] {processor.py:829} INFO - Processing file /Users/dimz/EconWizard/hermesvirtual/lib/python3.8/site-packages/airflow/example_dags/example_bash_operator.py for tasks to queue
[2023-11-01T22:00:11.348-0500] {logging_mixin.py:151} INFO - [2023-11-01T22:00:11.348-0500] {dagbag.py:536} INFO - Filling up the DagBag from /Users/dimz/EconWizard/hermesvirtual/lib/python3.8/site-packages/airflow/example_dags/example_bash_operator.py
[2023-11-01T22:00:11.394-0500] {processor.py:839} INFO - DAG(s) dict_keys(['example_bash_operator']) retrieved from /Users/dimz/EconWizard/hermesvirtual/lib/python3.8/site-packages/airflow/example_dags/example_bash_operator.py
[2023-11-01T22:00:11.476-0500] {logging_mixin.py:151} INFO - [2023-11-01T22:00:11.476-0500] {dag.py:2941} INFO - Sync 1 DAGs
[2023-11-01T22:00:11.486-0500] {logging_mixin.py:151} INFO - [2023-11-01T22:00:11.485-0500] {dag.py:3722} INFO - Setting next_dagrun for example_bash_operator to 2023-11-01T00:00:00+00:00, run_after=2023-11-02T00:00:00+00:00
[2023-11-01T22:00:11.496-0500] {processor.py:179} INFO - Processing /Users/dimz/EconWizard/hermesvirtual/lib/python3.8/site-packages/airflow/example_dags/example_bash_operator.py took 0.154 seconds
[2023-11-01T22:02:13.682-0500] {processor.py:157} INFO - Started process (PID=90317) to work on /Users/dimz/EconWizard/hermesvirtual/lib/python3.8/site-packages/airflow/example_dags/example_bash_operator.py
[2023-11-01T22:02:13.687-0500] {processor.py:829} INFO - Processing file /Users/dimz/EconWizard/hermesvirtual/lib/python3.8/site-packages/airflow/example_dags/example_bash_operator.py for tasks to queue
[2023-11-01T22:02:13.688-0500] {logging_mixin.py:151} INFO - [2023-11-01T22:02:13.688-0500] {dagbag.py:536} INFO - Filling up the DagBag from /Users/dimz/EconWizard/hermesvirtual/lib/python3.8/site-packages/airflow/example_dags/example_bash_operator.py
[2023-11-01T22:02:13.737-0500] {processor.py:839} INFO - DAG(s) dict_keys(['example_bash_operator']) retrieved from /Users/dimz/EconWizard/hermesvirtual/lib/python3.8/site-packages/airflow/example_dags/example_bash_operator.py
[2023-11-01T22:02:13.822-0500] {logging_mixin.py:151} INFO - [2023-11-01T22:02:13.822-0500] {dag.py:2941} INFO - Sync 1 DAGs
[2023-11-01T22:02:13.832-0500] {logging_mixin.py:151} INFO - [2023-11-01T22:02:13.832-0500] {dag.py:3722} INFO - Setting next_dagrun for example_bash_operator to 2023-11-01T00:00:00+00:00, run_after=2023-11-02T00:00:00+00:00
[2023-11-01T22:02:13.842-0500] {processor.py:179} INFO - Processing /Users/dimz/EconWizard/hermesvirtual/lib/python3.8/site-packages/airflow/example_dags/example_bash_operator.py took 0.160 seconds
[2023-11-01T22:04:12.905-0500] {processor.py:157} INFO - Started process (PID=90495) to work on /Users/dimz/EconWizard/hermesvirtual/lib/python3.8/site-packages/airflow/example_dags/example_bash_operator.py
[2023-11-01T22:04:12.910-0500] {processor.py:829} INFO - Processing file /Users/dimz/EconWizard/hermesvirtual/lib/python3.8/site-packages/airflow/example_dags/example_bash_operator.py for tasks to queue
[2023-11-01T22:04:12.910-0500] {logging_mixin.py:151} INFO - [2023-11-01T22:04:12.910-0500] {dagbag.py:536} INFO - Filling up the DagBag from /Users/dimz/EconWizard/hermesvirtual/lib/python3.8/site-packages/airflow/example_dags/example_bash_operator.py
[2023-11-01T22:04:12.957-0500] {processor.py:839} INFO - DAG(s) dict_keys(['example_bash_operator']) retrieved from /Users/dimz/EconWizard/hermesvirtual/lib/python3.8/site-packages/airflow/example_dags/example_bash_operator.py
[2023-11-01T22:04:13.039-0500] {logging_mixin.py:151} INFO - [2023-11-01T22:04:13.039-0500] {dag.py:2941} INFO - Sync 1 DAGs
[2023-11-01T22:04:13.049-0500] {logging_mixin.py:151} INFO - [2023-11-01T22:04:13.049-0500] {dag.py:3722} INFO - Setting next_dagrun for example_bash_operator to 2023-11-01T00:00:00+00:00, run_after=2023-11-02T00:00:00+00:00
[2023-11-01T22:04:13.059-0500] {processor.py:179} INFO - Processing /Users/dimz/EconWizard/hermesvirtual/lib/python3.8/site-packages/airflow/example_dags/example_bash_operator.py took 0.155 seconds
[2023-11-01T22:06:06.952-0500] {processor.py:157} INFO - Started process (PID=90716) to work on /Users/dimz/EconWizard/hermesvirtual/lib/python3.8/site-packages/airflow/example_dags/example_bash_operator.py
[2023-11-01T22:06:06.957-0500] {processor.py:829} INFO - Processing file /Users/dimz/EconWizard/hermesvirtual/lib/python3.8/site-packages/airflow/example_dags/example_bash_operator.py for tasks to queue
[2023-11-01T22:06:06.957-0500] {logging_mixin.py:151} INFO - [2023-11-01T22:06:06.957-0500] {dagbag.py:536} INFO - Filling up the DagBag from /Users/dimz/EconWizard/hermesvirtual/lib/python3.8/site-packages/airflow/example_dags/example_bash_operator.py
[2023-11-01T22:06:07.004-0500] {processor.py:839} INFO - DAG(s) dict_keys(['example_bash_operator']) retrieved from /Users/dimz/EconWizard/hermesvirtual/lib/python3.8/site-packages/airflow/example_dags/example_bash_operator.py
[2023-11-01T22:06:07.089-0500] {logging_mixin.py:151} INFO - [2023-11-01T22:06:07.089-0500] {dag.py:2941} INFO - Sync 1 DAGs
[2023-11-01T22:06:07.099-0500] {logging_mixin.py:151} INFO - [2023-11-01T22:06:07.099-0500] {dag.py:3722} INFO - Setting next_dagrun for example_bash_operator to 2023-11-01T00:00:00+00:00, run_after=2023-11-02T00:00:00+00:00
[2023-11-01T22:06:07.109-0500] {processor.py:179} INFO - Processing /Users/dimz/EconWizard/hermesvirtual/lib/python3.8/site-packages/airflow/example_dags/example_bash_operator.py took 0.158 seconds
[2023-11-01T22:08:12.819-0500] {processor.py:157} INFO - Started process (PID=90940) to work on /Users/dimz/EconWizard/hermesvirtual/lib/python3.8/site-packages/airflow/example_dags/example_bash_operator.py
[2023-11-01T22:08:12.825-0500] {processor.py:829} INFO - Processing file /Users/dimz/EconWizard/hermesvirtual/lib/python3.8/site-packages/airflow/example_dags/example_bash_operator.py for tasks to queue
[2023-11-01T22:08:12.825-0500] {logging_mixin.py:151} INFO - [2023-11-01T22:08:12.825-0500] {dagbag.py:536} INFO - Filling up the DagBag from /Users/dimz/EconWizard/hermesvirtual/lib/python3.8/site-packages/airflow/example_dags/example_bash_operator.py
[2023-11-01T22:08:12.878-0500] {processor.py:839} INFO - DAG(s) dict_keys(['example_bash_operator']) retrieved from /Users/dimz/EconWizard/hermesvirtual/lib/python3.8/site-packages/airflow/example_dags/example_bash_operator.py
[2023-11-01T22:08:12.967-0500] {logging_mixin.py:151} INFO - [2023-11-01T22:08:12.967-0500] {dag.py:2941} INFO - Sync 1 DAGs
[2023-11-01T22:08:12.978-0500] {logging_mixin.py:151} INFO - [2023-11-01T22:08:12.977-0500] {dag.py:3722} INFO - Setting next_dagrun for example_bash_operator to 2023-11-01T00:00:00+00:00, run_after=2023-11-02T00:00:00+00:00
[2023-11-01T22:08:12.990-0500] {processor.py:179} INFO - Processing /Users/dimz/EconWizard/hermesvirtual/lib/python3.8/site-packages/airflow/example_dags/example_bash_operator.py took 0.171 seconds
[2023-11-01T22:13:47.446-0500] {processor.py:157} INFO - Started process (PID=91493) to work on /Users/dimz/EconWizard/hermesvirtual/lib/python3.8/site-packages/airflow/example_dags/example_bash_operator.py
[2023-11-01T22:13:47.452-0500] {processor.py:829} INFO - Processing file /Users/dimz/EconWizard/hermesvirtual/lib/python3.8/site-packages/airflow/example_dags/example_bash_operator.py for tasks to queue
[2023-11-01T22:13:47.452-0500] {logging_mixin.py:151} INFO - [2023-11-01T22:13:47.452-0500] {dagbag.py:536} INFO - Filling up the DagBag from /Users/dimz/EconWizard/hermesvirtual/lib/python3.8/site-packages/airflow/example_dags/example_bash_operator.py
[2023-11-01T22:13:47.500-0500] {processor.py:839} INFO - DAG(s) dict_keys(['example_bash_operator']) retrieved from /Users/dimz/EconWizard/hermesvirtual/lib/python3.8/site-packages/airflow/example_dags/example_bash_operator.py
[2023-11-01T22:13:47.860-0500] {logging_mixin.py:151} INFO - [2023-11-01T22:13:47.860-0500] {dag.py:2941} INFO - Sync 1 DAGs
[2023-11-01T22:13:47.873-0500] {logging_mixin.py:151} INFO - [2023-11-01T22:13:47.872-0500] {dag.py:3722} INFO - Setting next_dagrun for example_bash_operator to 2023-11-01T00:00:00+00:00, run_after=2023-11-02T00:00:00+00:00
[2023-11-01T22:13:47.888-0500] {processor.py:179} INFO - Processing /Users/dimz/EconWizard/hermesvirtual/lib/python3.8/site-packages/airflow/example_dags/example_bash_operator.py took 0.442 seconds
[2023-11-01T22:15:49.733-0500] {processor.py:157} INFO - Started process (PID=91678) to work on /Users/dimz/EconWizard/hermesvirtual/lib/python3.8/site-packages/airflow/example_dags/example_bash_operator.py
[2023-11-01T22:15:49.738-0500] {processor.py:829} INFO - Processing file /Users/dimz/EconWizard/hermesvirtual/lib/python3.8/site-packages/airflow/example_dags/example_bash_operator.py for tasks to queue
[2023-11-01T22:15:49.739-0500] {logging_mixin.py:151} INFO - [2023-11-01T22:15:49.738-0500] {dagbag.py:536} INFO - Filling up the DagBag from /Users/dimz/EconWizard/hermesvirtual/lib/python3.8/site-packages/airflow/example_dags/example_bash_operator.py
[2023-11-01T22:15:49.785-0500] {processor.py:839} INFO - DAG(s) dict_keys(['example_bash_operator']) retrieved from /Users/dimz/EconWizard/hermesvirtual/lib/python3.8/site-packages/airflow/example_dags/example_bash_operator.py
[2023-11-01T22:15:49.866-0500] {logging_mixin.py:151} INFO - [2023-11-01T22:15:49.866-0500] {dag.py:2941} INFO - Sync 1 DAGs
[2023-11-01T22:15:49.876-0500] {logging_mixin.py:151} INFO - [2023-11-01T22:15:49.876-0500] {dag.py:3722} INFO - Setting next_dagrun for example_bash_operator to 2023-11-01T00:00:00+00:00, run_after=2023-11-02T00:00:00+00:00
[2023-11-01T22:15:49.886-0500] {processor.py:179} INFO - Processing /Users/dimz/EconWizard/hermesvirtual/lib/python3.8/site-packages/airflow/example_dags/example_bash_operator.py took 0.153 seconds
[2023-11-01T22:17:49.228-0500] {processor.py:157} INFO - Started process (PID=91960) to work on /Users/dimz/EconWizard/hermesvirtual/lib/python3.8/site-packages/airflow/example_dags/example_bash_operator.py
[2023-11-01T22:17:49.234-0500] {processor.py:829} INFO - Processing file /Users/dimz/EconWizard/hermesvirtual/lib/python3.8/site-packages/airflow/example_dags/example_bash_operator.py for tasks to queue
[2023-11-01T22:17:49.234-0500] {logging_mixin.py:151} INFO - [2023-11-01T22:17:49.234-0500] {dagbag.py:536} INFO - Filling up the DagBag from /Users/dimz/EconWizard/hermesvirtual/lib/python3.8/site-packages/airflow/example_dags/example_bash_operator.py
[2023-11-01T22:17:49.284-0500] {processor.py:839} INFO - DAG(s) dict_keys(['example_bash_operator']) retrieved from /Users/dimz/EconWizard/hermesvirtual/lib/python3.8/site-packages/airflow/example_dags/example_bash_operator.py
[2023-11-01T22:17:49.372-0500] {logging_mixin.py:151} INFO - [2023-11-01T22:17:49.372-0500] {dag.py:2941} INFO - Sync 1 DAGs
[2023-11-01T22:17:49.382-0500] {logging_mixin.py:151} INFO - [2023-11-01T22:17:49.382-0500] {dag.py:3722} INFO - Setting next_dagrun for example_bash_operator to 2023-11-01T00:00:00+00:00, run_after=2023-11-02T00:00:00+00:00
[2023-11-01T22:17:49.393-0500] {processor.py:179} INFO - Processing /Users/dimz/EconWizard/hermesvirtual/lib/python3.8/site-packages/airflow/example_dags/example_bash_operator.py took 0.166 seconds
[2023-11-01T22:19:43.399-0500] {processor.py:157} INFO - Started process (PID=92233) to work on /Users/dimz/EconWizard/hermesvirtual/lib/python3.8/site-packages/airflow/example_dags/example_bash_operator.py
[2023-11-01T22:19:43.405-0500] {processor.py:829} INFO - Processing file /Users/dimz/EconWizard/hermesvirtual/lib/python3.8/site-packages/airflow/example_dags/example_bash_operator.py for tasks to queue
[2023-11-01T22:19:43.405-0500] {logging_mixin.py:151} INFO - [2023-11-01T22:19:43.405-0500] {dagbag.py:536} INFO - Filling up the DagBag from /Users/dimz/EconWizard/hermesvirtual/lib/python3.8/site-packages/airflow/example_dags/example_bash_operator.py
[2023-11-01T22:19:43.452-0500] {processor.py:839} INFO - DAG(s) dict_keys(['example_bash_operator']) retrieved from /Users/dimz/EconWizard/hermesvirtual/lib/python3.8/site-packages/airflow/example_dags/example_bash_operator.py
[2023-11-01T22:19:43.538-0500] {logging_mixin.py:151} INFO - [2023-11-01T22:19:43.537-0500] {dag.py:2941} INFO - Sync 1 DAGs
[2023-11-01T22:19:43.547-0500] {logging_mixin.py:151} INFO - [2023-11-01T22:19:43.547-0500] {dag.py:3722} INFO - Setting next_dagrun for example_bash_operator to 2023-11-01T00:00:00+00:00, run_after=2023-11-02T00:00:00+00:00
[2023-11-01T22:19:43.558-0500] {processor.py:179} INFO - Processing /Users/dimz/EconWizard/hermesvirtual/lib/python3.8/site-packages/airflow/example_dags/example_bash_operator.py took 0.159 seconds
[2023-11-01T22:21:33.075-0500] {processor.py:157} INFO - Started process (PID=92506) to work on /Users/dimz/EconWizard/hermesvirtual/lib/python3.8/site-packages/airflow/example_dags/example_bash_operator.py
[2023-11-01T22:21:33.081-0500] {processor.py:829} INFO - Processing file /Users/dimz/EconWizard/hermesvirtual/lib/python3.8/site-packages/airflow/example_dags/example_bash_operator.py for tasks to queue
[2023-11-01T22:21:33.081-0500] {logging_mixin.py:151} INFO - [2023-11-01T22:21:33.081-0500] {dagbag.py:536} INFO - Filling up the DagBag from /Users/dimz/EconWizard/hermesvirtual/lib/python3.8/site-packages/airflow/example_dags/example_bash_operator.py
[2023-11-01T22:21:33.134-0500] {processor.py:839} INFO - DAG(s) dict_keys(['example_bash_operator']) retrieved from /Users/dimz/EconWizard/hermesvirtual/lib/python3.8/site-packages/airflow/example_dags/example_bash_operator.py
[2023-11-01T22:21:33.231-0500] {logging_mixin.py:151} INFO - [2023-11-01T22:21:33.231-0500] {dag.py:2941} INFO - Sync 1 DAGs
[2023-11-01T22:21:33.243-0500] {logging_mixin.py:151} INFO - [2023-11-01T22:21:33.242-0500] {dag.py:3722} INFO - Setting next_dagrun for example_bash_operator to 2023-11-01T00:00:00+00:00, run_after=2023-11-02T00:00:00+00:00
[2023-11-01T22:21:33.254-0500] {processor.py:179} INFO - Processing /Users/dimz/EconWizard/hermesvirtual/lib/python3.8/site-packages/airflow/example_dags/example_bash_operator.py took 0.179 seconds
[2023-11-01T22:23:32.393-0500] {processor.py:157} INFO - Started process (PID=92849) to work on /Users/dimz/EconWizard/hermesvirtual/lib/python3.8/site-packages/airflow/example_dags/example_bash_operator.py
[2023-11-01T22:23:32.398-0500] {processor.py:829} INFO - Processing file /Users/dimz/EconWizard/hermesvirtual/lib/python3.8/site-packages/airflow/example_dags/example_bash_operator.py for tasks to queue
[2023-11-01T22:23:32.398-0500] {logging_mixin.py:151} INFO - [2023-11-01T22:23:32.398-0500] {dagbag.py:536} INFO - Filling up the DagBag from /Users/dimz/EconWizard/hermesvirtual/lib/python3.8/site-packages/airflow/example_dags/example_bash_operator.py
[2023-11-01T22:23:32.447-0500] {processor.py:839} INFO - DAG(s) dict_keys(['example_bash_operator']) retrieved from /Users/dimz/EconWizard/hermesvirtual/lib/python3.8/site-packages/airflow/example_dags/example_bash_operator.py
[2023-11-01T22:23:32.535-0500] {logging_mixin.py:151} INFO - [2023-11-01T22:23:32.535-0500] {dag.py:2941} INFO - Sync 1 DAGs
[2023-11-01T22:23:32.546-0500] {logging_mixin.py:151} INFO - [2023-11-01T22:23:32.546-0500] {dag.py:3722} INFO - Setting next_dagrun for example_bash_operator to 2023-11-01T00:00:00+00:00, run_after=2023-11-02T00:00:00+00:00
[2023-11-01T22:23:32.558-0500] {processor.py:179} INFO - Processing /Users/dimz/EconWizard/hermesvirtual/lib/python3.8/site-packages/airflow/example_dags/example_bash_operator.py took 0.166 seconds
[2023-11-02T05:09:14.564-0500] {processor.py:157} INFO - Started process (PID=93209) to work on /Users/dimz/EconWizard/hermesvirtual/lib/python3.8/site-packages/airflow/example_dags/example_bash_operator.py
[2023-11-02T05:09:14.569-0500] {processor.py:829} INFO - Processing file /Users/dimz/EconWizard/hermesvirtual/lib/python3.8/site-packages/airflow/example_dags/example_bash_operator.py for tasks to queue
[2023-11-02T05:09:14.569-0500] {logging_mixin.py:151} INFO - [2023-11-02T05:09:14.569-0500] {dagbag.py:536} INFO - Filling up the DagBag from /Users/dimz/EconWizard/hermesvirtual/lib/python3.8/site-packages/airflow/example_dags/example_bash_operator.py
[2023-11-02T05:09:14.618-0500] {processor.py:839} INFO - DAG(s) dict_keys(['example_bash_operator']) retrieved from /Users/dimz/EconWizard/hermesvirtual/lib/python3.8/site-packages/airflow/example_dags/example_bash_operator.py
[2023-11-02T05:09:14.707-0500] {logging_mixin.py:151} INFO - [2023-11-02T05:09:14.707-0500] {dag.py:2941} INFO - Sync 1 DAGs
[2023-11-02T05:09:14.718-0500] {logging_mixin.py:151} INFO - [2023-11-02T05:09:14.718-0500] {dag.py:3722} INFO - Setting next_dagrun for example_bash_operator to 2023-11-01T00:00:00+00:00, run_after=2023-11-02T00:00:00+00:00
[2023-11-02T05:09:14.729-0500] {processor.py:179} INFO - Processing /Users/dimz/EconWizard/hermesvirtual/lib/python3.8/site-packages/airflow/example_dags/example_bash_operator.py took 0.165 seconds
[2023-11-02T08:29:36.865-0500] {processor.py:157} INFO - Started process (PID=93441) to work on /Users/dimz/EconWizard/hermesvirtual/lib/python3.8/site-packages/airflow/example_dags/example_bash_operator.py
[2023-11-02T08:29:36.871-0500] {processor.py:829} INFO - Processing file /Users/dimz/EconWizard/hermesvirtual/lib/python3.8/site-packages/airflow/example_dags/example_bash_operator.py for tasks to queue
[2023-11-02T08:29:36.871-0500] {logging_mixin.py:151} INFO - [2023-11-02T08:29:36.871-0500] {dagbag.py:536} INFO - Filling up the DagBag from /Users/dimz/EconWizard/hermesvirtual/lib/python3.8/site-packages/airflow/example_dags/example_bash_operator.py
[2023-11-02T08:29:36.918-0500] {processor.py:839} INFO - DAG(s) dict_keys(['example_bash_operator']) retrieved from /Users/dimz/EconWizard/hermesvirtual/lib/python3.8/site-packages/airflow/example_dags/example_bash_operator.py
[2023-11-02T08:29:37.001-0500] {logging_mixin.py:151} INFO - [2023-11-02T08:29:37.001-0500] {dag.py:2941} INFO - Sync 1 DAGs
[2023-11-02T08:29:37.011-0500] {logging_mixin.py:151} INFO - [2023-11-02T08:29:37.011-0500] {dag.py:3722} INFO - Setting next_dagrun for example_bash_operator to 2023-11-01T00:00:00+00:00, run_after=2023-11-02T00:00:00+00:00
[2023-11-02T08:29:37.021-0500] {processor.py:179} INFO - Processing /Users/dimz/EconWizard/hermesvirtual/lib/python3.8/site-packages/airflow/example_dags/example_bash_operator.py took 0.157 seconds
[2023-11-02T09:03:44.516-0500] {processor.py:157} INFO - Started process (PID=93650) to work on /Users/dimz/EconWizard/hermesvirtual/lib/python3.8/site-packages/airflow/example_dags/example_bash_operator.py
[2023-11-02T09:03:44.521-0500] {processor.py:829} INFO - Processing file /Users/dimz/EconWizard/hermesvirtual/lib/python3.8/site-packages/airflow/example_dags/example_bash_operator.py for tasks to queue
[2023-11-02T09:03:44.522-0500] {logging_mixin.py:151} INFO - [2023-11-02T09:03:44.522-0500] {dagbag.py:536} INFO - Filling up the DagBag from /Users/dimz/EconWizard/hermesvirtual/lib/python3.8/site-packages/airflow/example_dags/example_bash_operator.py
[2023-11-02T09:03:44.566-0500] {processor.py:839} INFO - DAG(s) dict_keys(['example_bash_operator']) retrieved from /Users/dimz/EconWizard/hermesvirtual/lib/python3.8/site-packages/airflow/example_dags/example_bash_operator.py
[2023-11-02T09:03:44.648-0500] {logging_mixin.py:151} INFO - [2023-11-02T09:03:44.648-0500] {dag.py:2941} INFO - Sync 1 DAGs
[2023-11-02T09:03:44.658-0500] {logging_mixin.py:151} INFO - [2023-11-02T09:03:44.658-0500] {dag.py:3722} INFO - Setting next_dagrun for example_bash_operator to 2023-11-01T00:00:00+00:00, run_after=2023-11-02T00:00:00+00:00
[2023-11-02T09:03:44.668-0500] {processor.py:179} INFO - Processing /Users/dimz/EconWizard/hermesvirtual/lib/python3.8/site-packages/airflow/example_dags/example_bash_operator.py took 0.153 seconds
[2023-11-02T09:05:41.634-0500] {processor.py:157} INFO - Started process (PID=93821) to work on /Users/dimz/EconWizard/hermesvirtual/lib/python3.8/site-packages/airflow/example_dags/example_bash_operator.py
[2023-11-02T09:05:41.639-0500] {processor.py:829} INFO - Processing file /Users/dimz/EconWizard/hermesvirtual/lib/python3.8/site-packages/airflow/example_dags/example_bash_operator.py for tasks to queue
[2023-11-02T09:05:41.639-0500] {logging_mixin.py:151} INFO - [2023-11-02T09:05:41.639-0500] {dagbag.py:536} INFO - Filling up the DagBag from /Users/dimz/EconWizard/hermesvirtual/lib/python3.8/site-packages/airflow/example_dags/example_bash_operator.py
[2023-11-02T09:05:41.685-0500] {processor.py:839} INFO - DAG(s) dict_keys(['example_bash_operator']) retrieved from /Users/dimz/EconWizard/hermesvirtual/lib/python3.8/site-packages/airflow/example_dags/example_bash_operator.py
[2023-11-02T09:05:41.767-0500] {logging_mixin.py:151} INFO - [2023-11-02T09:05:41.767-0500] {dag.py:2941} INFO - Sync 1 DAGs
[2023-11-02T09:05:41.776-0500] {logging_mixin.py:151} INFO - [2023-11-02T09:05:41.776-0500] {dag.py:3722} INFO - Setting next_dagrun for example_bash_operator to 2023-11-01T00:00:00+00:00, run_after=2023-11-02T00:00:00+00:00
[2023-11-02T09:05:41.787-0500] {processor.py:179} INFO - Processing /Users/dimz/EconWizard/hermesvirtual/lib/python3.8/site-packages/airflow/example_dags/example_bash_operator.py took 0.153 seconds
[2023-11-02T09:07:45.165-0500] {processor.py:157} INFO - Started process (PID=93951) to work on /Users/dimz/EconWizard/hermesvirtual/lib/python3.8/site-packages/airflow/example_dags/example_bash_operator.py
[2023-11-02T09:07:45.170-0500] {processor.py:829} INFO - Processing file /Users/dimz/EconWizard/hermesvirtual/lib/python3.8/site-packages/airflow/example_dags/example_bash_operator.py for tasks to queue
[2023-11-02T09:07:45.170-0500] {logging_mixin.py:151} INFO - [2023-11-02T09:07:45.170-0500] {dagbag.py:536} INFO - Filling up the DagBag from /Users/dimz/EconWizard/hermesvirtual/lib/python3.8/site-packages/airflow/example_dags/example_bash_operator.py
[2023-11-02T09:07:45.215-0500] {processor.py:839} INFO - DAG(s) dict_keys(['example_bash_operator']) retrieved from /Users/dimz/EconWizard/hermesvirtual/lib/python3.8/site-packages/airflow/example_dags/example_bash_operator.py
[2023-11-02T09:07:45.296-0500] {logging_mixin.py:151} INFO - [2023-11-02T09:07:45.296-0500] {dag.py:2941} INFO - Sync 1 DAGs
[2023-11-02T09:07:45.305-0500] {logging_mixin.py:151} INFO - [2023-11-02T09:07:45.305-0500] {dag.py:3722} INFO - Setting next_dagrun for example_bash_operator to 2023-11-01T00:00:00+00:00, run_after=2023-11-02T00:00:00+00:00
[2023-11-02T09:07:45.315-0500] {processor.py:179} INFO - Processing /Users/dimz/EconWizard/hermesvirtual/lib/python3.8/site-packages/airflow/example_dags/example_bash_operator.py took 0.151 seconds
[2023-11-02T09:09:53.178-0500] {processor.py:157} INFO - Started process (PID=94252) to work on /Users/dimz/EconWizard/hermesvirtual/lib/python3.8/site-packages/airflow/example_dags/example_bash_operator.py
[2023-11-02T09:09:53.183-0500] {processor.py:829} INFO - Processing file /Users/dimz/EconWizard/hermesvirtual/lib/python3.8/site-packages/airflow/example_dags/example_bash_operator.py for tasks to queue
[2023-11-02T09:09:53.184-0500] {logging_mixin.py:151} INFO - [2023-11-02T09:09:53.184-0500] {dagbag.py:536} INFO - Filling up the DagBag from /Users/dimz/EconWizard/hermesvirtual/lib/python3.8/site-packages/airflow/example_dags/example_bash_operator.py
[2023-11-02T09:09:53.232-0500] {processor.py:839} INFO - DAG(s) dict_keys(['example_bash_operator']) retrieved from /Users/dimz/EconWizard/hermesvirtual/lib/python3.8/site-packages/airflow/example_dags/example_bash_operator.py
[2023-11-02T09:09:53.317-0500] {logging_mixin.py:151} INFO - [2023-11-02T09:09:53.317-0500] {dag.py:2941} INFO - Sync 1 DAGs
[2023-11-02T09:09:53.327-0500] {logging_mixin.py:151} INFO - [2023-11-02T09:09:53.327-0500] {dag.py:3722} INFO - Setting next_dagrun for example_bash_operator to 2023-11-01T00:00:00+00:00, run_after=2023-11-02T00:00:00+00:00
[2023-11-02T09:09:53.337-0500] {processor.py:179} INFO - Processing /Users/dimz/EconWizard/hermesvirtual/lib/python3.8/site-packages/airflow/example_dags/example_bash_operator.py took 0.159 seconds
[2023-11-02T09:12:01.406-0500] {processor.py:157} INFO - Started process (PID=94446) to work on /Users/dimz/EconWizard/hermesvirtual/lib/python3.8/site-packages/airflow/example_dags/example_bash_operator.py
[2023-11-02T09:12:01.412-0500] {processor.py:829} INFO - Processing file /Users/dimz/EconWizard/hermesvirtual/lib/python3.8/site-packages/airflow/example_dags/example_bash_operator.py for tasks to queue
[2023-11-02T09:12:01.412-0500] {logging_mixin.py:151} INFO - [2023-11-02T09:12:01.412-0500] {dagbag.py:536} INFO - Filling up the DagBag from /Users/dimz/EconWizard/hermesvirtual/lib/python3.8/site-packages/airflow/example_dags/example_bash_operator.py
[2023-11-02T09:12:01.463-0500] {processor.py:839} INFO - DAG(s) dict_keys(['example_bash_operator']) retrieved from /Users/dimz/EconWizard/hermesvirtual/lib/python3.8/site-packages/airflow/example_dags/example_bash_operator.py
[2023-11-02T09:12:01.558-0500] {logging_mixin.py:151} INFO - [2023-11-02T09:12:01.558-0500] {dag.py:2941} INFO - Sync 1 DAGs
[2023-11-02T09:12:01.569-0500] {logging_mixin.py:151} INFO - [2023-11-02T09:12:01.569-0500] {dag.py:3722} INFO - Setting next_dagrun for example_bash_operator to 2023-11-01T00:00:00+00:00, run_after=2023-11-02T00:00:00+00:00
[2023-11-02T09:12:01.582-0500] {processor.py:179} INFO - Processing /Users/dimz/EconWizard/hermesvirtual/lib/python3.8/site-packages/airflow/example_dags/example_bash_operator.py took 0.176 seconds
[2023-11-02T09:14:08.285-0500] {processor.py:157} INFO - Started process (PID=94585) to work on /Users/dimz/EconWizard/hermesvirtual/lib/python3.8/site-packages/airflow/example_dags/example_bash_operator.py
[2023-11-02T09:14:08.290-0500] {processor.py:829} INFO - Processing file /Users/dimz/EconWizard/hermesvirtual/lib/python3.8/site-packages/airflow/example_dags/example_bash_operator.py for tasks to queue
[2023-11-02T09:14:08.291-0500] {logging_mixin.py:151} INFO - [2023-11-02T09:14:08.291-0500] {dagbag.py:536} INFO - Filling up the DagBag from /Users/dimz/EconWizard/hermesvirtual/lib/python3.8/site-packages/airflow/example_dags/example_bash_operator.py
[2023-11-02T09:14:08.336-0500] {processor.py:839} INFO - DAG(s) dict_keys(['example_bash_operator']) retrieved from /Users/dimz/EconWizard/hermesvirtual/lib/python3.8/site-packages/airflow/example_dags/example_bash_operator.py
[2023-11-02T09:14:08.419-0500] {logging_mixin.py:151} INFO - [2023-11-02T09:14:08.418-0500] {dag.py:2941} INFO - Sync 1 DAGs
[2023-11-02T09:14:08.428-0500] {logging_mixin.py:151} INFO - [2023-11-02T09:14:08.428-0500] {dag.py:3722} INFO - Setting next_dagrun for example_bash_operator to 2023-11-01T00:00:00+00:00, run_after=2023-11-02T00:00:00+00:00
[2023-11-02T09:14:08.438-0500] {processor.py:179} INFO - Processing /Users/dimz/EconWizard/hermesvirtual/lib/python3.8/site-packages/airflow/example_dags/example_bash_operator.py took 0.153 seconds
[2023-11-02T09:16:14.468-0500] {processor.py:157} INFO - Started process (PID=94724) to work on /Users/dimz/EconWizard/hermesvirtual/lib/python3.8/site-packages/airflow/example_dags/example_bash_operator.py
[2023-11-02T09:16:14.474-0500] {processor.py:829} INFO - Processing file /Users/dimz/EconWizard/hermesvirtual/lib/python3.8/site-packages/airflow/example_dags/example_bash_operator.py for tasks to queue
[2023-11-02T09:16:14.474-0500] {logging_mixin.py:151} INFO - [2023-11-02T09:16:14.474-0500] {dagbag.py:536} INFO - Filling up the DagBag from /Users/dimz/EconWizard/hermesvirtual/lib/python3.8/site-packages/airflow/example_dags/example_bash_operator.py
[2023-11-02T09:16:14.521-0500] {processor.py:839} INFO - DAG(s) dict_keys(['example_bash_operator']) retrieved from /Users/dimz/EconWizard/hermesvirtual/lib/python3.8/site-packages/airflow/example_dags/example_bash_operator.py
[2023-11-02T09:16:14.609-0500] {logging_mixin.py:151} INFO - [2023-11-02T09:16:14.609-0500] {dag.py:2941} INFO - Sync 1 DAGs
[2023-11-02T09:16:14.620-0500] {logging_mixin.py:151} INFO - [2023-11-02T09:16:14.620-0500] {dag.py:3722} INFO - Setting next_dagrun for example_bash_operator to 2023-11-01T00:00:00+00:00, run_after=2023-11-02T00:00:00+00:00
[2023-11-02T09:16:14.631-0500] {processor.py:179} INFO - Processing /Users/dimz/EconWizard/hermesvirtual/lib/python3.8/site-packages/airflow/example_dags/example_bash_operator.py took 0.163 seconds
[2023-11-02T09:18:15.805-0500] {processor.py:157} INFO - Started process (PID=94857) to work on /Users/dimz/EconWizard/hermesvirtual/lib/python3.8/site-packages/airflow/example_dags/example_bash_operator.py
[2023-11-02T09:18:15.810-0500] {processor.py:829} INFO - Processing file /Users/dimz/EconWizard/hermesvirtual/lib/python3.8/site-packages/airflow/example_dags/example_bash_operator.py for tasks to queue
[2023-11-02T09:18:15.810-0500] {logging_mixin.py:151} INFO - [2023-11-02T09:18:15.810-0500] {dagbag.py:536} INFO - Filling up the DagBag from /Users/dimz/EconWizard/hermesvirtual/lib/python3.8/site-packages/airflow/example_dags/example_bash_operator.py
[2023-11-02T09:18:15.855-0500] {processor.py:839} INFO - DAG(s) dict_keys(['example_bash_operator']) retrieved from /Users/dimz/EconWizard/hermesvirtual/lib/python3.8/site-packages/airflow/example_dags/example_bash_operator.py
[2023-11-02T09:18:15.937-0500] {logging_mixin.py:151} INFO - [2023-11-02T09:18:15.937-0500] {dag.py:2941} INFO - Sync 1 DAGs
[2023-11-02T09:18:15.947-0500] {logging_mixin.py:151} INFO - [2023-11-02T09:18:15.947-0500] {dag.py:3722} INFO - Setting next_dagrun for example_bash_operator to 2023-11-01T00:00:00+00:00, run_after=2023-11-02T00:00:00+00:00
[2023-11-02T09:18:15.957-0500] {processor.py:179} INFO - Processing /Users/dimz/EconWizard/hermesvirtual/lib/python3.8/site-packages/airflow/example_dags/example_bash_operator.py took 0.152 seconds
[2023-11-02T09:20:24.963-0500] {processor.py:157} INFO - Started process (PID=95054) to work on /Users/dimz/EconWizard/hermesvirtual/lib/python3.8/site-packages/airflow/example_dags/example_bash_operator.py
[2023-11-02T09:20:24.968-0500] {processor.py:829} INFO - Processing file /Users/dimz/EconWizard/hermesvirtual/lib/python3.8/site-packages/airflow/example_dags/example_bash_operator.py for tasks to queue
[2023-11-02T09:20:24.968-0500] {logging_mixin.py:151} INFO - [2023-11-02T09:20:24.968-0500] {dagbag.py:536} INFO - Filling up the DagBag from /Users/dimz/EconWizard/hermesvirtual/lib/python3.8/site-packages/airflow/example_dags/example_bash_operator.py
[2023-11-02T09:20:25.013-0500] {processor.py:839} INFO - DAG(s) dict_keys(['example_bash_operator']) retrieved from /Users/dimz/EconWizard/hermesvirtual/lib/python3.8/site-packages/airflow/example_dags/example_bash_operator.py
[2023-11-02T09:20:25.099-0500] {logging_mixin.py:151} INFO - [2023-11-02T09:20:25.098-0500] {dag.py:2941} INFO - Sync 1 DAGs
[2023-11-02T09:20:25.108-0500] {logging_mixin.py:151} INFO - [2023-11-02T09:20:25.108-0500] {dag.py:3722} INFO - Setting next_dagrun for example_bash_operator to 2023-11-01T00:00:00+00:00, run_after=2023-11-02T00:00:00+00:00
[2023-11-02T09:20:25.119-0500] {processor.py:179} INFO - Processing /Users/dimz/EconWizard/hermesvirtual/lib/python3.8/site-packages/airflow/example_dags/example_bash_operator.py took 0.157 seconds
[2023-11-02T09:22:34.809-0500] {processor.py:157} INFO - Started process (PID=95210) to work on /Users/dimz/EconWizard/hermesvirtual/lib/python3.8/site-packages/airflow/example_dags/example_bash_operator.py
[2023-11-02T09:22:34.814-0500] {processor.py:829} INFO - Processing file /Users/dimz/EconWizard/hermesvirtual/lib/python3.8/site-packages/airflow/example_dags/example_bash_operator.py for tasks to queue
[2023-11-02T09:22:34.814-0500] {logging_mixin.py:151} INFO - [2023-11-02T09:22:34.814-0500] {dagbag.py:536} INFO - Filling up the DagBag from /Users/dimz/EconWizard/hermesvirtual/lib/python3.8/site-packages/airflow/example_dags/example_bash_operator.py
[2023-11-02T09:22:34.863-0500] {processor.py:839} INFO - DAG(s) dict_keys(['example_bash_operator']) retrieved from /Users/dimz/EconWizard/hermesvirtual/lib/python3.8/site-packages/airflow/example_dags/example_bash_operator.py
[2023-11-02T09:22:34.952-0500] {logging_mixin.py:151} INFO - [2023-11-02T09:22:34.952-0500] {dag.py:2941} INFO - Sync 1 DAGs
[2023-11-02T09:22:34.963-0500] {logging_mixin.py:151} INFO - [2023-11-02T09:22:34.963-0500] {dag.py:3722} INFO - Setting next_dagrun for example_bash_operator to 2023-11-01T00:00:00+00:00, run_after=2023-11-02T00:00:00+00:00
[2023-11-02T09:22:34.974-0500] {processor.py:179} INFO - Processing /Users/dimz/EconWizard/hermesvirtual/lib/python3.8/site-packages/airflow/example_dags/example_bash_operator.py took 0.166 seconds
[2023-11-02T09:24:41.695-0500] {processor.py:157} INFO - Started process (PID=95432) to work on /Users/dimz/EconWizard/hermesvirtual/lib/python3.8/site-packages/airflow/example_dags/example_bash_operator.py
[2023-11-02T09:24:41.700-0500] {processor.py:829} INFO - Processing file /Users/dimz/EconWizard/hermesvirtual/lib/python3.8/site-packages/airflow/example_dags/example_bash_operator.py for tasks to queue
[2023-11-02T09:24:41.701-0500] {logging_mixin.py:151} INFO - [2023-11-02T09:24:41.701-0500] {dagbag.py:536} INFO - Filling up the DagBag from /Users/dimz/EconWizard/hermesvirtual/lib/python3.8/site-packages/airflow/example_dags/example_bash_operator.py
[2023-11-02T09:24:41.747-0500] {processor.py:839} INFO - DAG(s) dict_keys(['example_bash_operator']) retrieved from /Users/dimz/EconWizard/hermesvirtual/lib/python3.8/site-packages/airflow/example_dags/example_bash_operator.py
[2023-11-02T09:24:41.833-0500] {logging_mixin.py:151} INFO - [2023-11-02T09:24:41.833-0500] {dag.py:2941} INFO - Sync 1 DAGs
[2023-11-02T09:24:41.843-0500] {logging_mixin.py:151} INFO - [2023-11-02T09:24:41.843-0500] {dag.py:3722} INFO - Setting next_dagrun for example_bash_operator to 2023-11-01T00:00:00+00:00, run_after=2023-11-02T00:00:00+00:00
[2023-11-02T09:24:41.854-0500] {processor.py:179} INFO - Processing /Users/dimz/EconWizard/hermesvirtual/lib/python3.8/site-packages/airflow/example_dags/example_bash_operator.py took 0.159 seconds
[2023-11-02T09:26:48.707-0500] {processor.py:157} INFO - Started process (PID=95656) to work on /Users/dimz/EconWizard/hermesvirtual/lib/python3.8/site-packages/airflow/example_dags/example_bash_operator.py
[2023-11-02T09:26:48.712-0500] {processor.py:829} INFO - Processing file /Users/dimz/EconWizard/hermesvirtual/lib/python3.8/site-packages/airflow/example_dags/example_bash_operator.py for tasks to queue
[2023-11-02T09:26:48.713-0500] {logging_mixin.py:151} INFO - [2023-11-02T09:26:48.713-0500] {dagbag.py:536} INFO - Filling up the DagBag from /Users/dimz/EconWizard/hermesvirtual/lib/python3.8/site-packages/airflow/example_dags/example_bash_operator.py
[2023-11-02T09:26:48.765-0500] {processor.py:839} INFO - DAG(s) dict_keys(['example_bash_operator']) retrieved from /Users/dimz/EconWizard/hermesvirtual/lib/python3.8/site-packages/airflow/example_dags/example_bash_operator.py
[2023-11-02T09:26:48.857-0500] {logging_mixin.py:151} INFO - [2023-11-02T09:26:48.857-0500] {dag.py:2941} INFO - Sync 1 DAGs
[2023-11-02T09:26:48.868-0500] {logging_mixin.py:151} INFO - [2023-11-02T09:26:48.868-0500] {dag.py:3722} INFO - Setting next_dagrun for example_bash_operator to 2023-11-01T00:00:00+00:00, run_after=2023-11-02T00:00:00+00:00
[2023-11-02T09:26:48.879-0500] {processor.py:179} INFO - Processing /Users/dimz/EconWizard/hermesvirtual/lib/python3.8/site-packages/airflow/example_dags/example_bash_operator.py took 0.173 seconds
[2023-11-02T09:29:43.994-0500] {processor.py:157} INFO - Started process (PID=95898) to work on /Users/dimz/EconWizard/hermesvirtual/lib/python3.8/site-packages/airflow/example_dags/example_bash_operator.py
[2023-11-02T09:29:43.999-0500] {processor.py:829} INFO - Processing file /Users/dimz/EconWizard/hermesvirtual/lib/python3.8/site-packages/airflow/example_dags/example_bash_operator.py for tasks to queue
[2023-11-02T09:29:43.999-0500] {logging_mixin.py:151} INFO - [2023-11-02T09:29:43.999-0500] {dagbag.py:536} INFO - Filling up the DagBag from /Users/dimz/EconWizard/hermesvirtual/lib/python3.8/site-packages/airflow/example_dags/example_bash_operator.py
[2023-11-02T09:29:44.050-0500] {processor.py:839} INFO - DAG(s) dict_keys(['example_bash_operator']) retrieved from /Users/dimz/EconWizard/hermesvirtual/lib/python3.8/site-packages/airflow/example_dags/example_bash_operator.py
[2023-11-02T09:29:44.142-0500] {logging_mixin.py:151} INFO - [2023-11-02T09:29:44.142-0500] {dag.py:2941} INFO - Sync 1 DAGs
[2023-11-02T09:29:44.152-0500] {logging_mixin.py:151} INFO - [2023-11-02T09:29:44.152-0500] {dag.py:3722} INFO - Setting next_dagrun for example_bash_operator to 2023-11-01T00:00:00+00:00, run_after=2023-11-02T00:00:00+00:00
[2023-11-02T09:29:44.162-0500] {processor.py:179} INFO - Processing /Users/dimz/EconWizard/hermesvirtual/lib/python3.8/site-packages/airflow/example_dags/example_bash_operator.py took 0.169 seconds
[2023-11-02T09:31:55.407-0500] {processor.py:157} INFO - Started process (PID=96058) to work on /Users/dimz/EconWizard/hermesvirtual/lib/python3.8/site-packages/airflow/example_dags/example_bash_operator.py
[2023-11-02T09:31:55.412-0500] {processor.py:829} INFO - Processing file /Users/dimz/EconWizard/hermesvirtual/lib/python3.8/site-packages/airflow/example_dags/example_bash_operator.py for tasks to queue
[2023-11-02T09:31:55.412-0500] {logging_mixin.py:151} INFO - [2023-11-02T09:31:55.412-0500] {dagbag.py:536} INFO - Filling up the DagBag from /Users/dimz/EconWizard/hermesvirtual/lib/python3.8/site-packages/airflow/example_dags/example_bash_operator.py
[2023-11-02T09:31:55.458-0500] {processor.py:839} INFO - DAG(s) dict_keys(['example_bash_operator']) retrieved from /Users/dimz/EconWizard/hermesvirtual/lib/python3.8/site-packages/airflow/example_dags/example_bash_operator.py
[2023-11-02T09:31:55.540-0500] {logging_mixin.py:151} INFO - [2023-11-02T09:31:55.540-0500] {dag.py:2941} INFO - Sync 1 DAGs
[2023-11-02T09:31:55.550-0500] {logging_mixin.py:151} INFO - [2023-11-02T09:31:55.550-0500] {dag.py:3722} INFO - Setting next_dagrun for example_bash_operator to 2023-11-01T00:00:00+00:00, run_after=2023-11-02T00:00:00+00:00
[2023-11-02T09:31:55.560-0500] {processor.py:179} INFO - Processing /Users/dimz/EconWizard/hermesvirtual/lib/python3.8/site-packages/airflow/example_dags/example_bash_operator.py took 0.153 seconds
[2023-11-02T10:14:08.717-0500] {processor.py:157} INFO - Started process (PID=97598) to work on /Users/dimz/EconWizard/hermesvirtual/lib/python3.8/site-packages/airflow/example_dags/example_bash_operator.py
[2023-11-02T10:14:08.722-0500] {processor.py:829} INFO - Processing file /Users/dimz/EconWizard/hermesvirtual/lib/python3.8/site-packages/airflow/example_dags/example_bash_operator.py for tasks to queue
[2023-11-02T10:14:08.722-0500] {logging_mixin.py:151} INFO - [2023-11-02T10:14:08.722-0500] {dagbag.py:536} INFO - Filling up the DagBag from /Users/dimz/EconWizard/hermesvirtual/lib/python3.8/site-packages/airflow/example_dags/example_bash_operator.py
[2023-11-02T10:14:08.768-0500] {processor.py:839} INFO - DAG(s) dict_keys(['example_bash_operator']) retrieved from /Users/dimz/EconWizard/hermesvirtual/lib/python3.8/site-packages/airflow/example_dags/example_bash_operator.py
[2023-11-02T10:14:08.850-0500] {logging_mixin.py:151} INFO - [2023-11-02T10:14:08.850-0500] {dag.py:2941} INFO - Sync 1 DAGs
[2023-11-02T10:14:08.860-0500] {logging_mixin.py:151} INFO - [2023-11-02T10:14:08.860-0500] {dag.py:3722} INFO - Setting next_dagrun for example_bash_operator to 2023-11-01T00:00:00+00:00, run_after=2023-11-02T00:00:00+00:00
[2023-11-02T10:14:08.874-0500] {processor.py:179} INFO - Processing /Users/dimz/EconWizard/hermesvirtual/lib/python3.8/site-packages/airflow/example_dags/example_bash_operator.py took 0.157 seconds
[2023-11-02T10:39:56.213-0500] {processor.py:157} INFO - Started process (PID=99943) to work on /Users/dimz/EconWizard/hermesvirtual/lib/python3.8/site-packages/airflow/example_dags/example_bash_operator.py
[2023-11-02T10:39:56.217-0500] {processor.py:829} INFO - Processing file /Users/dimz/EconWizard/hermesvirtual/lib/python3.8/site-packages/airflow/example_dags/example_bash_operator.py for tasks to queue
[2023-11-02T10:39:56.218-0500] {logging_mixin.py:151} INFO - [2023-11-02T10:39:56.218-0500] {dagbag.py:536} INFO - Filling up the DagBag from /Users/dimz/EconWizard/hermesvirtual/lib/python3.8/site-packages/airflow/example_dags/example_bash_operator.py
[2023-11-02T10:39:56.269-0500] {processor.py:839} INFO - DAG(s) dict_keys(['example_bash_operator']) retrieved from /Users/dimz/EconWizard/hermesvirtual/lib/python3.8/site-packages/airflow/example_dags/example_bash_operator.py
[2023-11-02T10:39:56.358-0500] {logging_mixin.py:151} INFO - [2023-11-02T10:39:56.358-0500] {dag.py:2941} INFO - Sync 1 DAGs
[2023-11-02T10:39:56.370-0500] {logging_mixin.py:151} INFO - [2023-11-02T10:39:56.370-0500] {dag.py:3722} INFO - Setting next_dagrun for example_bash_operator to 2023-11-01T00:00:00+00:00, run_after=2023-11-02T00:00:00+00:00
[2023-11-02T10:39:56.381-0500] {processor.py:179} INFO - Processing /Users/dimz/EconWizard/hermesvirtual/lib/python3.8/site-packages/airflow/example_dags/example_bash_operator.py took 0.169 seconds
[2023-11-02T10:42:03.021-0500] {processor.py:157} INFO - Started process (PID=210) to work on /Users/dimz/EconWizard/hermesvirtual/lib/python3.8/site-packages/airflow/example_dags/example_bash_operator.py
[2023-11-02T10:42:03.026-0500] {processor.py:829} INFO - Processing file /Users/dimz/EconWizard/hermesvirtual/lib/python3.8/site-packages/airflow/example_dags/example_bash_operator.py for tasks to queue
[2023-11-02T10:42:03.026-0500] {logging_mixin.py:151} INFO - [2023-11-02T10:42:03.026-0500] {dagbag.py:536} INFO - Filling up the DagBag from /Users/dimz/EconWizard/hermesvirtual/lib/python3.8/site-packages/airflow/example_dags/example_bash_operator.py
[2023-11-02T10:42:03.071-0500] {processor.py:839} INFO - DAG(s) dict_keys(['example_bash_operator']) retrieved from /Users/dimz/EconWizard/hermesvirtual/lib/python3.8/site-packages/airflow/example_dags/example_bash_operator.py
[2023-11-02T10:42:03.153-0500] {logging_mixin.py:151} INFO - [2023-11-02T10:42:03.152-0500] {dag.py:2941} INFO - Sync 1 DAGs
[2023-11-02T10:42:03.162-0500] {logging_mixin.py:151} INFO - [2023-11-02T10:42:03.162-0500] {dag.py:3722} INFO - Setting next_dagrun for example_bash_operator to 2023-11-01T00:00:00+00:00, run_after=2023-11-02T00:00:00+00:00
[2023-11-02T10:42:03.172-0500] {processor.py:179} INFO - Processing /Users/dimz/EconWizard/hermesvirtual/lib/python3.8/site-packages/airflow/example_dags/example_bash_operator.py took 0.152 seconds
