[2023-11-01T21:36:11.956-0500] {processor.py:157} INFO - Started process (PID=87746) to work on /Users/dimz/EconWizard/hermesvirtual/lib/python3.8/site-packages/airflow/example_dags/example_external_task_marker_dag.py
[2023-11-01T21:36:11.960-0500] {processor.py:829} INFO - Processing file /Users/dimz/EconWizard/hermesvirtual/lib/python3.8/site-packages/airflow/example_dags/example_external_task_marker_dag.py for tasks to queue
[2023-11-01T21:36:11.961-0500] {logging_mixin.py:151} INFO - [2023-11-01T21:36:11.960-0500] {dagbag.py:536} INFO - Filling up the DagBag from /Users/dimz/EconWizard/hermesvirtual/lib/python3.8/site-packages/airflow/example_dags/example_external_task_marker_dag.py
[2023-11-01T21:36:11.982-0500] {processor.py:839} INFO - DAG(s) dict_keys(['example_external_task_marker_parent', 'example_external_task_marker_child']) retrieved from /Users/dimz/EconWizard/hermesvirtual/lib/python3.8/site-packages/airflow/example_dags/example_external_task_marker_dag.py
[2023-11-01T21:36:12.346-0500] {logging_mixin.py:151} INFO - [2023-11-01T21:36:12.346-0500] {manager.py:499} INFO - Created Permission View: %s
[2023-11-01T21:36:12.351-0500] {logging_mixin.py:151} INFO - [2023-11-01T21:36:12.351-0500] {manager.py:499} INFO - Created Permission View: %s
[2023-11-01T21:36:12.355-0500] {logging_mixin.py:151} INFO - [2023-11-01T21:36:12.355-0500] {manager.py:499} INFO - Created Permission View: %s
[2023-11-01T21:36:12.368-0500] {logging_mixin.py:151} INFO - [2023-11-01T21:36:12.367-0500] {manager.py:499} INFO - Created Permission View: %s
[2023-11-01T21:36:12.371-0500] {logging_mixin.py:151} INFO - [2023-11-01T21:36:12.371-0500] {manager.py:499} INFO - Created Permission View: %s
[2023-11-01T21:36:12.374-0500] {logging_mixin.py:151} INFO - [2023-11-01T21:36:12.374-0500] {manager.py:499} INFO - Created Permission View: %s
[2023-11-01T21:36:12.374-0500] {logging_mixin.py:151} INFO - [2023-11-01T21:36:12.374-0500] {dag.py:2941} INFO - Sync 2 DAGs
[2023-11-01T21:36:12.380-0500] {logging_mixin.py:151} INFO - [2023-11-01T21:36:12.380-0500] {dag.py:2963} INFO - Creating ORM DAG for example_external_task_marker_child
[2023-11-01T21:36:12.381-0500] {logging_mixin.py:151} INFO - [2023-11-01T21:36:12.381-0500] {dag.py:2963} INFO - Creating ORM DAG for example_external_task_marker_parent
[2023-11-01T21:36:12.381-0500] {logging_mixin.py:151} INFO - [2023-11-01T21:36:12.381-0500] {dag.py:3722} INFO - Setting next_dagrun for example_external_task_marker_child to None, run_after=None
[2023-11-01T21:36:12.381-0500] {logging_mixin.py:151} INFO - [2023-11-01T21:36:12.381-0500] {dag.py:3722} INFO - Setting next_dagrun for example_external_task_marker_parent to None, run_after=None
[2023-11-01T21:36:12.392-0500] {processor.py:179} INFO - Processing /Users/dimz/EconWizard/hermesvirtual/lib/python3.8/site-packages/airflow/example_dags/example_external_task_marker_dag.py took 0.436 seconds
[2023-11-01T21:38:06.725-0500] {processor.py:157} INFO - Started process (PID=87948) to work on /Users/dimz/EconWizard/hermesvirtual/lib/python3.8/site-packages/airflow/example_dags/example_external_task_marker_dag.py
[2023-11-01T21:38:06.729-0500] {processor.py:829} INFO - Processing file /Users/dimz/EconWizard/hermesvirtual/lib/python3.8/site-packages/airflow/example_dags/example_external_task_marker_dag.py for tasks to queue
[2023-11-01T21:38:06.730-0500] {logging_mixin.py:151} INFO - [2023-11-01T21:38:06.730-0500] {dagbag.py:536} INFO - Filling up the DagBag from /Users/dimz/EconWizard/hermesvirtual/lib/python3.8/site-packages/airflow/example_dags/example_external_task_marker_dag.py
[2023-11-01T21:38:06.747-0500] {processor.py:839} INFO - DAG(s) dict_keys(['example_external_task_marker_child', 'example_external_task_marker_parent']) retrieved from /Users/dimz/EconWizard/hermesvirtual/lib/python3.8/site-packages/airflow/example_dags/example_external_task_marker_dag.py
[2023-11-01T21:38:06.856-0500] {logging_mixin.py:151} INFO - [2023-11-01T21:38:06.856-0500] {dag.py:2941} INFO - Sync 2 DAGs
[2023-11-01T21:38:06.862-0500] {logging_mixin.py:151} INFO - [2023-11-01T21:38:06.862-0500] {dag.py:3722} INFO - Setting next_dagrun for example_external_task_marker_child to None, run_after=None
[2023-11-01T21:38:06.863-0500] {logging_mixin.py:151} INFO - [2023-11-01T21:38:06.863-0500] {dag.py:3722} INFO - Setting next_dagrun for example_external_task_marker_parent to None, run_after=None
[2023-11-01T21:38:06.873-0500] {processor.py:179} INFO - Processing /Users/dimz/EconWizard/hermesvirtual/lib/python3.8/site-packages/airflow/example_dags/example_external_task_marker_dag.py took 0.149 seconds
[2023-11-01T21:40:01.071-0500] {processor.py:157} INFO - Started process (PID=88190) to work on /Users/dimz/EconWizard/hermesvirtual/lib/python3.8/site-packages/airflow/example_dags/example_external_task_marker_dag.py
[2023-11-01T21:40:01.076-0500] {processor.py:829} INFO - Processing file /Users/dimz/EconWizard/hermesvirtual/lib/python3.8/site-packages/airflow/example_dags/example_external_task_marker_dag.py for tasks to queue
[2023-11-01T21:40:01.077-0500] {logging_mixin.py:151} INFO - [2023-11-01T21:40:01.077-0500] {dagbag.py:536} INFO - Filling up the DagBag from /Users/dimz/EconWizard/hermesvirtual/lib/python3.8/site-packages/airflow/example_dags/example_external_task_marker_dag.py
[2023-11-01T21:40:01.094-0500] {processor.py:839} INFO - DAG(s) dict_keys(['example_external_task_marker_child', 'example_external_task_marker_parent']) retrieved from /Users/dimz/EconWizard/hermesvirtual/lib/python3.8/site-packages/airflow/example_dags/example_external_task_marker_dag.py
[2023-11-01T21:40:01.208-0500] {logging_mixin.py:151} INFO - [2023-11-01T21:40:01.208-0500] {dag.py:2941} INFO - Sync 2 DAGs
[2023-11-01T21:40:01.214-0500] {logging_mixin.py:151} INFO - [2023-11-01T21:40:01.214-0500] {dag.py:3722} INFO - Setting next_dagrun for example_external_task_marker_child to None, run_after=None
[2023-11-01T21:40:01.215-0500] {logging_mixin.py:151} INFO - [2023-11-01T21:40:01.215-0500] {dag.py:3722} INFO - Setting next_dagrun for example_external_task_marker_parent to None, run_after=None
[2023-11-01T21:40:01.226-0500] {processor.py:179} INFO - Processing /Users/dimz/EconWizard/hermesvirtual/lib/python3.8/site-packages/airflow/example_dags/example_external_task_marker_dag.py took 0.155 seconds
[2023-11-01T21:41:59.082-0500] {processor.py:157} INFO - Started process (PID=88449) to work on /Users/dimz/EconWizard/hermesvirtual/lib/python3.8/site-packages/airflow/example_dags/example_external_task_marker_dag.py
[2023-11-01T21:41:59.086-0500] {processor.py:829} INFO - Processing file /Users/dimz/EconWizard/hermesvirtual/lib/python3.8/site-packages/airflow/example_dags/example_external_task_marker_dag.py for tasks to queue
[2023-11-01T21:41:59.087-0500] {logging_mixin.py:151} INFO - [2023-11-01T21:41:59.087-0500] {dagbag.py:536} INFO - Filling up the DagBag from /Users/dimz/EconWizard/hermesvirtual/lib/python3.8/site-packages/airflow/example_dags/example_external_task_marker_dag.py
[2023-11-01T21:41:59.104-0500] {processor.py:839} INFO - DAG(s) dict_keys(['example_external_task_marker_child', 'example_external_task_marker_parent']) retrieved from /Users/dimz/EconWizard/hermesvirtual/lib/python3.8/site-packages/airflow/example_dags/example_external_task_marker_dag.py
[2023-11-01T21:41:59.212-0500] {logging_mixin.py:151} INFO - [2023-11-01T21:41:59.212-0500] {dag.py:2941} INFO - Sync 2 DAGs
[2023-11-01T21:41:59.217-0500] {logging_mixin.py:151} INFO - [2023-11-01T21:41:59.217-0500] {dag.py:3722} INFO - Setting next_dagrun for example_external_task_marker_child to None, run_after=None
[2023-11-01T21:41:59.219-0500] {logging_mixin.py:151} INFO - [2023-11-01T21:41:59.219-0500] {dag.py:3722} INFO - Setting next_dagrun for example_external_task_marker_parent to None, run_after=None
[2023-11-01T21:41:59.228-0500] {processor.py:179} INFO - Processing /Users/dimz/EconWizard/hermesvirtual/lib/python3.8/site-packages/airflow/example_dags/example_external_task_marker_dag.py took 0.147 seconds
[2023-11-01T21:43:49.350-0500] {processor.py:157} INFO - Started process (PID=88676) to work on /Users/dimz/EconWizard/hermesvirtual/lib/python3.8/site-packages/airflow/example_dags/example_external_task_marker_dag.py
[2023-11-01T21:43:49.356-0500] {processor.py:829} INFO - Processing file /Users/dimz/EconWizard/hermesvirtual/lib/python3.8/site-packages/airflow/example_dags/example_external_task_marker_dag.py for tasks to queue
[2023-11-01T21:43:49.356-0500] {logging_mixin.py:151} INFO - [2023-11-01T21:43:49.356-0500] {dagbag.py:536} INFO - Filling up the DagBag from /Users/dimz/EconWizard/hermesvirtual/lib/python3.8/site-packages/airflow/example_dags/example_external_task_marker_dag.py
[2023-11-01T21:43:49.374-0500] {processor.py:839} INFO - DAG(s) dict_keys(['example_external_task_marker_parent', 'example_external_task_marker_child']) retrieved from /Users/dimz/EconWizard/hermesvirtual/lib/python3.8/site-packages/airflow/example_dags/example_external_task_marker_dag.py
[2023-11-01T21:43:49.485-0500] {logging_mixin.py:151} INFO - [2023-11-01T21:43:49.484-0500] {dag.py:2941} INFO - Sync 2 DAGs
[2023-11-01T21:43:49.490-0500] {logging_mixin.py:151} INFO - [2023-11-01T21:43:49.490-0500] {dag.py:3722} INFO - Setting next_dagrun for example_external_task_marker_child to None, run_after=None
[2023-11-01T21:43:49.491-0500] {logging_mixin.py:151} INFO - [2023-11-01T21:43:49.491-0500] {dag.py:3722} INFO - Setting next_dagrun for example_external_task_marker_parent to None, run_after=None
[2023-11-01T21:43:49.501-0500] {processor.py:179} INFO - Processing /Users/dimz/EconWizard/hermesvirtual/lib/python3.8/site-packages/airflow/example_dags/example_external_task_marker_dag.py took 0.151 seconds
[2023-11-01T21:45:51.760-0500] {processor.py:157} INFO - Started process (PID=88842) to work on /Users/dimz/EconWizard/hermesvirtual/lib/python3.8/site-packages/airflow/example_dags/example_external_task_marker_dag.py
[2023-11-01T21:45:51.765-0500] {processor.py:829} INFO - Processing file /Users/dimz/EconWizard/hermesvirtual/lib/python3.8/site-packages/airflow/example_dags/example_external_task_marker_dag.py for tasks to queue
[2023-11-01T21:45:51.766-0500] {logging_mixin.py:151} INFO - [2023-11-01T21:45:51.765-0500] {dagbag.py:536} INFO - Filling up the DagBag from /Users/dimz/EconWizard/hermesvirtual/lib/python3.8/site-packages/airflow/example_dags/example_external_task_marker_dag.py
[2023-11-01T21:45:51.786-0500] {processor.py:839} INFO - DAG(s) dict_keys(['example_external_task_marker_parent', 'example_external_task_marker_child']) retrieved from /Users/dimz/EconWizard/hermesvirtual/lib/python3.8/site-packages/airflow/example_dags/example_external_task_marker_dag.py
[2023-11-01T21:45:51.909-0500] {logging_mixin.py:151} INFO - [2023-11-01T21:45:51.909-0500] {dag.py:2941} INFO - Sync 2 DAGs
[2023-11-01T21:45:51.915-0500] {logging_mixin.py:151} INFO - [2023-11-01T21:45:51.915-0500] {dag.py:3722} INFO - Setting next_dagrun for example_external_task_marker_child to None, run_after=None
[2023-11-01T21:45:51.918-0500] {logging_mixin.py:151} INFO - [2023-11-01T21:45:51.918-0500] {dag.py:3722} INFO - Setting next_dagrun for example_external_task_marker_parent to None, run_after=None
[2023-11-01T21:45:51.929-0500] {processor.py:179} INFO - Processing /Users/dimz/EconWizard/hermesvirtual/lib/python3.8/site-packages/airflow/example_dags/example_external_task_marker_dag.py took 0.170 seconds
[2023-11-01T21:47:54.280-0500] {processor.py:157} INFO - Started process (PID=89100) to work on /Users/dimz/EconWizard/hermesvirtual/lib/python3.8/site-packages/airflow/example_dags/example_external_task_marker_dag.py
[2023-11-01T21:47:54.285-0500] {processor.py:829} INFO - Processing file /Users/dimz/EconWizard/hermesvirtual/lib/python3.8/site-packages/airflow/example_dags/example_external_task_marker_dag.py for tasks to queue
[2023-11-01T21:47:54.285-0500] {logging_mixin.py:151} INFO - [2023-11-01T21:47:54.285-0500] {dagbag.py:536} INFO - Filling up the DagBag from /Users/dimz/EconWizard/hermesvirtual/lib/python3.8/site-packages/airflow/example_dags/example_external_task_marker_dag.py
[2023-11-01T21:47:54.303-0500] {processor.py:839} INFO - DAG(s) dict_keys(['example_external_task_marker_parent', 'example_external_task_marker_child']) retrieved from /Users/dimz/EconWizard/hermesvirtual/lib/python3.8/site-packages/airflow/example_dags/example_external_task_marker_dag.py
[2023-11-01T21:47:54.412-0500] {logging_mixin.py:151} INFO - [2023-11-01T21:47:54.412-0500] {dag.py:2941} INFO - Sync 2 DAGs
[2023-11-01T21:47:54.417-0500] {logging_mixin.py:151} INFO - [2023-11-01T21:47:54.417-0500] {dag.py:3722} INFO - Setting next_dagrun for example_external_task_marker_child to None, run_after=None
[2023-11-01T21:47:54.419-0500] {logging_mixin.py:151} INFO - [2023-11-01T21:47:54.418-0500] {dag.py:3722} INFO - Setting next_dagrun for example_external_task_marker_parent to None, run_after=None
[2023-11-01T21:47:54.428-0500] {processor.py:179} INFO - Processing /Users/dimz/EconWizard/hermesvirtual/lib/python3.8/site-packages/airflow/example_dags/example_external_task_marker_dag.py took 0.148 seconds
[2023-11-01T21:49:54.881-0500] {processor.py:157} INFO - Started process (PID=89260) to work on /Users/dimz/EconWizard/hermesvirtual/lib/python3.8/site-packages/airflow/example_dags/example_external_task_marker_dag.py
[2023-11-01T21:49:54.886-0500] {processor.py:829} INFO - Processing file /Users/dimz/EconWizard/hermesvirtual/lib/python3.8/site-packages/airflow/example_dags/example_external_task_marker_dag.py for tasks to queue
[2023-11-01T21:49:54.886-0500] {logging_mixin.py:151} INFO - [2023-11-01T21:49:54.886-0500] {dagbag.py:536} INFO - Filling up the DagBag from /Users/dimz/EconWizard/hermesvirtual/lib/python3.8/site-packages/airflow/example_dags/example_external_task_marker_dag.py
[2023-11-01T21:49:54.905-0500] {processor.py:839} INFO - DAG(s) dict_keys(['example_external_task_marker_child', 'example_external_task_marker_parent']) retrieved from /Users/dimz/EconWizard/hermesvirtual/lib/python3.8/site-packages/airflow/example_dags/example_external_task_marker_dag.py
[2023-11-01T21:49:55.018-0500] {logging_mixin.py:151} INFO - [2023-11-01T21:49:55.017-0500] {dag.py:2941} INFO - Sync 2 DAGs
[2023-11-01T21:49:55.023-0500] {logging_mixin.py:151} INFO - [2023-11-01T21:49:55.023-0500] {dag.py:3722} INFO - Setting next_dagrun for example_external_task_marker_child to None, run_after=None
[2023-11-01T21:49:55.024-0500] {logging_mixin.py:151} INFO - [2023-11-01T21:49:55.024-0500] {dag.py:3722} INFO - Setting next_dagrun for example_external_task_marker_parent to None, run_after=None
[2023-11-01T21:49:55.034-0500] {processor.py:179} INFO - Processing /Users/dimz/EconWizard/hermesvirtual/lib/python3.8/site-packages/airflow/example_dags/example_external_task_marker_dag.py took 0.153 seconds
[2023-11-01T21:51:52.664-0500] {processor.py:157} INFO - Started process (PID=89415) to work on /Users/dimz/EconWizard/hermesvirtual/lib/python3.8/site-packages/airflow/example_dags/example_external_task_marker_dag.py
[2023-11-01T21:51:52.669-0500] {processor.py:829} INFO - Processing file /Users/dimz/EconWizard/hermesvirtual/lib/python3.8/site-packages/airflow/example_dags/example_external_task_marker_dag.py for tasks to queue
[2023-11-01T21:51:52.669-0500] {logging_mixin.py:151} INFO - [2023-11-01T21:51:52.669-0500] {dagbag.py:536} INFO - Filling up the DagBag from /Users/dimz/EconWizard/hermesvirtual/lib/python3.8/site-packages/airflow/example_dags/example_external_task_marker_dag.py
[2023-11-01T21:51:52.687-0500] {processor.py:839} INFO - DAG(s) dict_keys(['example_external_task_marker_parent', 'example_external_task_marker_child']) retrieved from /Users/dimz/EconWizard/hermesvirtual/lib/python3.8/site-packages/airflow/example_dags/example_external_task_marker_dag.py
[2023-11-01T21:51:52.800-0500] {logging_mixin.py:151} INFO - [2023-11-01T21:51:52.800-0500] {dag.py:2941} INFO - Sync 2 DAGs
[2023-11-01T21:51:52.806-0500] {logging_mixin.py:151} INFO - [2023-11-01T21:51:52.805-0500] {dag.py:3722} INFO - Setting next_dagrun for example_external_task_marker_child to None, run_after=None
[2023-11-01T21:51:52.807-0500] {logging_mixin.py:151} INFO - [2023-11-01T21:51:52.807-0500] {dag.py:3722} INFO - Setting next_dagrun for example_external_task_marker_parent to None, run_after=None
[2023-11-01T21:51:52.818-0500] {processor.py:179} INFO - Processing /Users/dimz/EconWizard/hermesvirtual/lib/python3.8/site-packages/airflow/example_dags/example_external_task_marker_dag.py took 0.154 seconds
[2023-11-01T21:53:48.709-0500] {processor.py:157} INFO - Started process (PID=89598) to work on /Users/dimz/EconWizard/hermesvirtual/lib/python3.8/site-packages/airflow/example_dags/example_external_task_marker_dag.py
[2023-11-01T21:53:48.714-0500] {processor.py:829} INFO - Processing file /Users/dimz/EconWizard/hermesvirtual/lib/python3.8/site-packages/airflow/example_dags/example_external_task_marker_dag.py for tasks to queue
[2023-11-01T21:53:48.714-0500] {logging_mixin.py:151} INFO - [2023-11-01T21:53:48.714-0500] {dagbag.py:536} INFO - Filling up the DagBag from /Users/dimz/EconWizard/hermesvirtual/lib/python3.8/site-packages/airflow/example_dags/example_external_task_marker_dag.py
[2023-11-01T21:53:48.734-0500] {processor.py:839} INFO - DAG(s) dict_keys(['example_external_task_marker_parent', 'example_external_task_marker_child']) retrieved from /Users/dimz/EconWizard/hermesvirtual/lib/python3.8/site-packages/airflow/example_dags/example_external_task_marker_dag.py
[2023-11-01T21:53:48.859-0500] {logging_mixin.py:151} INFO - [2023-11-01T21:53:48.859-0500] {dag.py:2941} INFO - Sync 2 DAGs
[2023-11-01T21:53:48.864-0500] {logging_mixin.py:151} INFO - [2023-11-01T21:53:48.864-0500] {dag.py:3722} INFO - Setting next_dagrun for example_external_task_marker_child to None, run_after=None
[2023-11-01T21:53:48.866-0500] {logging_mixin.py:151} INFO - [2023-11-01T21:53:48.866-0500] {dag.py:3722} INFO - Setting next_dagrun for example_external_task_marker_parent to None, run_after=None
[2023-11-01T21:53:48.876-0500] {processor.py:179} INFO - Processing /Users/dimz/EconWizard/hermesvirtual/lib/python3.8/site-packages/airflow/example_dags/example_external_task_marker_dag.py took 0.168 seconds
[2023-11-01T21:55:50.762-0500] {processor.py:157} INFO - Started process (PID=89755) to work on /Users/dimz/EconWizard/hermesvirtual/lib/python3.8/site-packages/airflow/example_dags/example_external_task_marker_dag.py
[2023-11-01T21:55:50.767-0500] {processor.py:829} INFO - Processing file /Users/dimz/EconWizard/hermesvirtual/lib/python3.8/site-packages/airflow/example_dags/example_external_task_marker_dag.py for tasks to queue
[2023-11-01T21:55:50.767-0500] {logging_mixin.py:151} INFO - [2023-11-01T21:55:50.767-0500] {dagbag.py:536} INFO - Filling up the DagBag from /Users/dimz/EconWizard/hermesvirtual/lib/python3.8/site-packages/airflow/example_dags/example_external_task_marker_dag.py
[2023-11-01T21:55:50.786-0500] {processor.py:839} INFO - DAG(s) dict_keys(['example_external_task_marker_parent', 'example_external_task_marker_child']) retrieved from /Users/dimz/EconWizard/hermesvirtual/lib/python3.8/site-packages/airflow/example_dags/example_external_task_marker_dag.py
[2023-11-01T21:55:50.899-0500] {logging_mixin.py:151} INFO - [2023-11-01T21:55:50.899-0500] {dag.py:2941} INFO - Sync 2 DAGs
[2023-11-01T21:55:50.905-0500] {logging_mixin.py:151} INFO - [2023-11-01T21:55:50.905-0500] {dag.py:3722} INFO - Setting next_dagrun for example_external_task_marker_child to None, run_after=None
[2023-11-01T21:55:50.906-0500] {logging_mixin.py:151} INFO - [2023-11-01T21:55:50.906-0500] {dag.py:3722} INFO - Setting next_dagrun for example_external_task_marker_parent to None, run_after=None
[2023-11-01T21:55:50.916-0500] {processor.py:179} INFO - Processing /Users/dimz/EconWizard/hermesvirtual/lib/python3.8/site-packages/airflow/example_dags/example_external_task_marker_dag.py took 0.154 seconds
[2023-11-01T21:57:46.513-0500] {processor.py:157} INFO - Started process (PID=89973) to work on /Users/dimz/EconWizard/hermesvirtual/lib/python3.8/site-packages/airflow/example_dags/example_external_task_marker_dag.py
[2023-11-01T21:57:46.518-0500] {processor.py:829} INFO - Processing file /Users/dimz/EconWizard/hermesvirtual/lib/python3.8/site-packages/airflow/example_dags/example_external_task_marker_dag.py for tasks to queue
[2023-11-01T21:57:46.519-0500] {logging_mixin.py:151} INFO - [2023-11-01T21:57:46.518-0500] {dagbag.py:536} INFO - Filling up the DagBag from /Users/dimz/EconWizard/hermesvirtual/lib/python3.8/site-packages/airflow/example_dags/example_external_task_marker_dag.py
[2023-11-01T21:57:46.538-0500] {processor.py:839} INFO - DAG(s) dict_keys(['example_external_task_marker_child', 'example_external_task_marker_parent']) retrieved from /Users/dimz/EconWizard/hermesvirtual/lib/python3.8/site-packages/airflow/example_dags/example_external_task_marker_dag.py
[2023-11-01T21:57:46.661-0500] {logging_mixin.py:151} INFO - [2023-11-01T21:57:46.661-0500] {dag.py:2941} INFO - Sync 2 DAGs
[2023-11-01T21:57:46.667-0500] {logging_mixin.py:151} INFO - [2023-11-01T21:57:46.667-0500] {dag.py:3722} INFO - Setting next_dagrun for example_external_task_marker_child to None, run_after=None
[2023-11-01T21:57:46.669-0500] {logging_mixin.py:151} INFO - [2023-11-01T21:57:46.669-0500] {dag.py:3722} INFO - Setting next_dagrun for example_external_task_marker_parent to None, run_after=None
[2023-11-01T21:57:46.679-0500] {processor.py:179} INFO - Processing /Users/dimz/EconWizard/hermesvirtual/lib/python3.8/site-packages/airflow/example_dags/example_external_task_marker_dag.py took 0.167 seconds
[2023-11-01T21:59:48.182-0500] {processor.py:157} INFO - Started process (PID=90110) to work on /Users/dimz/EconWizard/hermesvirtual/lib/python3.8/site-packages/airflow/example_dags/example_external_task_marker_dag.py
[2023-11-01T21:59:48.187-0500] {processor.py:829} INFO - Processing file /Users/dimz/EconWizard/hermesvirtual/lib/python3.8/site-packages/airflow/example_dags/example_external_task_marker_dag.py for tasks to queue
[2023-11-01T21:59:48.188-0500] {logging_mixin.py:151} INFO - [2023-11-01T21:59:48.187-0500] {dagbag.py:536} INFO - Filling up the DagBag from /Users/dimz/EconWizard/hermesvirtual/lib/python3.8/site-packages/airflow/example_dags/example_external_task_marker_dag.py
[2023-11-01T21:59:48.206-0500] {processor.py:839} INFO - DAG(s) dict_keys(['example_external_task_marker_parent', 'example_external_task_marker_child']) retrieved from /Users/dimz/EconWizard/hermesvirtual/lib/python3.8/site-packages/airflow/example_dags/example_external_task_marker_dag.py
[2023-11-01T21:59:48.320-0500] {logging_mixin.py:151} INFO - [2023-11-01T21:59:48.319-0500] {dag.py:2941} INFO - Sync 2 DAGs
[2023-11-01T21:59:48.325-0500] {logging_mixin.py:151} INFO - [2023-11-01T21:59:48.325-0500] {dag.py:3722} INFO - Setting next_dagrun for example_external_task_marker_child to None, run_after=None
[2023-11-01T21:59:48.326-0500] {logging_mixin.py:151} INFO - [2023-11-01T21:59:48.326-0500] {dag.py:3722} INFO - Setting next_dagrun for example_external_task_marker_parent to None, run_after=None
[2023-11-01T21:59:48.337-0500] {processor.py:179} INFO - Processing /Users/dimz/EconWizard/hermesvirtual/lib/python3.8/site-packages/airflow/example_dags/example_external_task_marker_dag.py took 0.155 seconds
[2023-11-01T22:01:50.403-0500] {processor.py:157} INFO - Started process (PID=90289) to work on /Users/dimz/EconWizard/hermesvirtual/lib/python3.8/site-packages/airflow/example_dags/example_external_task_marker_dag.py
[2023-11-01T22:01:50.408-0500] {processor.py:829} INFO - Processing file /Users/dimz/EconWizard/hermesvirtual/lib/python3.8/site-packages/airflow/example_dags/example_external_task_marker_dag.py for tasks to queue
[2023-11-01T22:01:50.409-0500] {logging_mixin.py:151} INFO - [2023-11-01T22:01:50.409-0500] {dagbag.py:536} INFO - Filling up the DagBag from /Users/dimz/EconWizard/hermesvirtual/lib/python3.8/site-packages/airflow/example_dags/example_external_task_marker_dag.py
[2023-11-01T22:01:50.426-0500] {processor.py:839} INFO - DAG(s) dict_keys(['example_external_task_marker_parent', 'example_external_task_marker_child']) retrieved from /Users/dimz/EconWizard/hermesvirtual/lib/python3.8/site-packages/airflow/example_dags/example_external_task_marker_dag.py
[2023-11-01T22:01:50.540-0500] {logging_mixin.py:151} INFO - [2023-11-01T22:01:50.540-0500] {dag.py:2941} INFO - Sync 2 DAGs
[2023-11-01T22:01:50.546-0500] {logging_mixin.py:151} INFO - [2023-11-01T22:01:50.545-0500] {dag.py:3722} INFO - Setting next_dagrun for example_external_task_marker_child to None, run_after=None
[2023-11-01T22:01:50.547-0500] {logging_mixin.py:151} INFO - [2023-11-01T22:01:50.547-0500] {dag.py:3722} INFO - Setting next_dagrun for example_external_task_marker_parent to None, run_after=None
[2023-11-01T22:01:50.557-0500] {processor.py:179} INFO - Processing /Users/dimz/EconWizard/hermesvirtual/lib/python3.8/site-packages/airflow/example_dags/example_external_task_marker_dag.py took 0.155 seconds
[2023-11-01T22:03:50.930-0500] {processor.py:157} INFO - Started process (PID=90455) to work on /Users/dimz/EconWizard/hermesvirtual/lib/python3.8/site-packages/airflow/example_dags/example_external_task_marker_dag.py
[2023-11-01T22:03:50.935-0500] {processor.py:829} INFO - Processing file /Users/dimz/EconWizard/hermesvirtual/lib/python3.8/site-packages/airflow/example_dags/example_external_task_marker_dag.py for tasks to queue
[2023-11-01T22:03:50.935-0500] {logging_mixin.py:151} INFO - [2023-11-01T22:03:50.935-0500] {dagbag.py:536} INFO - Filling up the DagBag from /Users/dimz/EconWizard/hermesvirtual/lib/python3.8/site-packages/airflow/example_dags/example_external_task_marker_dag.py
[2023-11-01T22:03:50.953-0500] {processor.py:839} INFO - DAG(s) dict_keys(['example_external_task_marker_child', 'example_external_task_marker_parent']) retrieved from /Users/dimz/EconWizard/hermesvirtual/lib/python3.8/site-packages/airflow/example_dags/example_external_task_marker_dag.py
[2023-11-01T22:03:51.064-0500] {logging_mixin.py:151} INFO - [2023-11-01T22:03:51.064-0500] {dag.py:2941} INFO - Sync 2 DAGs
[2023-11-01T22:03:51.069-0500] {logging_mixin.py:151} INFO - [2023-11-01T22:03:51.069-0500] {dag.py:3722} INFO - Setting next_dagrun for example_external_task_marker_child to None, run_after=None
[2023-11-01T22:03:51.071-0500] {logging_mixin.py:151} INFO - [2023-11-01T22:03:51.071-0500] {dag.py:3722} INFO - Setting next_dagrun for example_external_task_marker_parent to None, run_after=None
[2023-11-01T22:03:51.080-0500] {processor.py:179} INFO - Processing /Users/dimz/EconWizard/hermesvirtual/lib/python3.8/site-packages/airflow/example_dags/example_external_task_marker_dag.py took 0.151 seconds
[2023-11-01T22:05:42.878-0500] {processor.py:157} INFO - Started process (PID=90675) to work on /Users/dimz/EconWizard/hermesvirtual/lib/python3.8/site-packages/airflow/example_dags/example_external_task_marker_dag.py
[2023-11-01T22:05:42.882-0500] {processor.py:829} INFO - Processing file /Users/dimz/EconWizard/hermesvirtual/lib/python3.8/site-packages/airflow/example_dags/example_external_task_marker_dag.py for tasks to queue
[2023-11-01T22:05:42.883-0500] {logging_mixin.py:151} INFO - [2023-11-01T22:05:42.883-0500] {dagbag.py:536} INFO - Filling up the DagBag from /Users/dimz/EconWizard/hermesvirtual/lib/python3.8/site-packages/airflow/example_dags/example_external_task_marker_dag.py
[2023-11-01T22:05:42.901-0500] {processor.py:839} INFO - DAG(s) dict_keys(['example_external_task_marker_child', 'example_external_task_marker_parent']) retrieved from /Users/dimz/EconWizard/hermesvirtual/lib/python3.8/site-packages/airflow/example_dags/example_external_task_marker_dag.py
[2023-11-01T22:05:43.009-0500] {logging_mixin.py:151} INFO - [2023-11-01T22:05:43.009-0500] {dag.py:2941} INFO - Sync 2 DAGs
[2023-11-01T22:05:43.015-0500] {logging_mixin.py:151} INFO - [2023-11-01T22:05:43.014-0500] {dag.py:3722} INFO - Setting next_dagrun for example_external_task_marker_child to None, run_after=None
[2023-11-01T22:05:43.016-0500] {logging_mixin.py:151} INFO - [2023-11-01T22:05:43.016-0500] {dag.py:3722} INFO - Setting next_dagrun for example_external_task_marker_parent to None, run_after=None
[2023-11-01T22:05:43.025-0500] {processor.py:179} INFO - Processing /Users/dimz/EconWizard/hermesvirtual/lib/python3.8/site-packages/airflow/example_dags/example_external_task_marker_dag.py took 0.148 seconds
[2023-11-01T22:07:49.696-0500] {processor.py:157} INFO - Started process (PID=90902) to work on /Users/dimz/EconWizard/hermesvirtual/lib/python3.8/site-packages/airflow/example_dags/example_external_task_marker_dag.py
[2023-11-01T22:07:49.701-0500] {processor.py:829} INFO - Processing file /Users/dimz/EconWizard/hermesvirtual/lib/python3.8/site-packages/airflow/example_dags/example_external_task_marker_dag.py for tasks to queue
[2023-11-01T22:07:49.702-0500] {logging_mixin.py:151} INFO - [2023-11-01T22:07:49.702-0500] {dagbag.py:536} INFO - Filling up the DagBag from /Users/dimz/EconWizard/hermesvirtual/lib/python3.8/site-packages/airflow/example_dags/example_external_task_marker_dag.py
[2023-11-01T22:07:49.720-0500] {processor.py:839} INFO - DAG(s) dict_keys(['example_external_task_marker_parent', 'example_external_task_marker_child']) retrieved from /Users/dimz/EconWizard/hermesvirtual/lib/python3.8/site-packages/airflow/example_dags/example_external_task_marker_dag.py
[2023-11-01T22:07:49.834-0500] {logging_mixin.py:151} INFO - [2023-11-01T22:07:49.834-0500] {dag.py:2941} INFO - Sync 2 DAGs
[2023-11-01T22:07:49.840-0500] {logging_mixin.py:151} INFO - [2023-11-01T22:07:49.839-0500] {dag.py:3722} INFO - Setting next_dagrun for example_external_task_marker_child to None, run_after=None
[2023-11-01T22:07:49.841-0500] {logging_mixin.py:151} INFO - [2023-11-01T22:07:49.841-0500] {dag.py:3722} INFO - Setting next_dagrun for example_external_task_marker_parent to None, run_after=None
[2023-11-01T22:07:49.851-0500] {processor.py:179} INFO - Processing /Users/dimz/EconWizard/hermesvirtual/lib/python3.8/site-packages/airflow/example_dags/example_external_task_marker_dag.py took 0.155 seconds
[2023-11-01T22:13:41.155-0500] {processor.py:157} INFO - Started process (PID=91479) to work on /Users/dimz/EconWizard/hermesvirtual/lib/python3.8/site-packages/airflow/example_dags/example_external_task_marker_dag.py
[2023-11-01T22:13:41.161-0500] {processor.py:829} INFO - Processing file /Users/dimz/EconWizard/hermesvirtual/lib/python3.8/site-packages/airflow/example_dags/example_external_task_marker_dag.py for tasks to queue
[2023-11-01T22:13:41.161-0500] {logging_mixin.py:151} INFO - [2023-11-01T22:13:41.161-0500] {dagbag.py:536} INFO - Filling up the DagBag from /Users/dimz/EconWizard/hermesvirtual/lib/python3.8/site-packages/airflow/example_dags/example_external_task_marker_dag.py
[2023-11-01T22:13:41.180-0500] {processor.py:839} INFO - DAG(s) dict_keys(['example_external_task_marker_child', 'example_external_task_marker_parent']) retrieved from /Users/dimz/EconWizard/hermesvirtual/lib/python3.8/site-packages/airflow/example_dags/example_external_task_marker_dag.py
[2023-11-01T22:13:41.523-0500] {logging_mixin.py:151} INFO - [2023-11-01T22:13:41.523-0500] {dag.py:2941} INFO - Sync 2 DAGs
[2023-11-01T22:13:41.529-0500] {logging_mixin.py:151} INFO - [2023-11-01T22:13:41.528-0500] {dag.py:3722} INFO - Setting next_dagrun for example_external_task_marker_child to None, run_after=None
[2023-11-01T22:13:41.530-0500] {logging_mixin.py:151} INFO - [2023-11-01T22:13:41.530-0500] {dag.py:3722} INFO - Setting next_dagrun for example_external_task_marker_parent to None, run_after=None
[2023-11-01T22:13:41.540-0500] {processor.py:179} INFO - Processing /Users/dimz/EconWizard/hermesvirtual/lib/python3.8/site-packages/airflow/example_dags/example_external_task_marker_dag.py took 0.385 seconds
[2023-11-01T22:15:44.145-0500] {processor.py:157} INFO - Started process (PID=91669) to work on /Users/dimz/EconWizard/hermesvirtual/lib/python3.8/site-packages/airflow/example_dags/example_external_task_marker_dag.py
[2023-11-01T22:15:44.150-0500] {processor.py:829} INFO - Processing file /Users/dimz/EconWizard/hermesvirtual/lib/python3.8/site-packages/airflow/example_dags/example_external_task_marker_dag.py for tasks to queue
[2023-11-01T22:15:44.150-0500] {logging_mixin.py:151} INFO - [2023-11-01T22:15:44.150-0500] {dagbag.py:536} INFO - Filling up the DagBag from /Users/dimz/EconWizard/hermesvirtual/lib/python3.8/site-packages/airflow/example_dags/example_external_task_marker_dag.py
[2023-11-01T22:15:44.168-0500] {processor.py:839} INFO - DAG(s) dict_keys(['example_external_task_marker_child', 'example_external_task_marker_parent']) retrieved from /Users/dimz/EconWizard/hermesvirtual/lib/python3.8/site-packages/airflow/example_dags/example_external_task_marker_dag.py
[2023-11-01T22:15:44.277-0500] {logging_mixin.py:151} INFO - [2023-11-01T22:15:44.277-0500] {dag.py:2941} INFO - Sync 2 DAGs
[2023-11-01T22:15:44.282-0500] {logging_mixin.py:151} INFO - [2023-11-01T22:15:44.282-0500] {dag.py:3722} INFO - Setting next_dagrun for example_external_task_marker_child to None, run_after=None
[2023-11-01T22:15:44.283-0500] {logging_mixin.py:151} INFO - [2023-11-01T22:15:44.283-0500] {dag.py:3722} INFO - Setting next_dagrun for example_external_task_marker_parent to None, run_after=None
[2023-11-01T22:15:44.293-0500] {processor.py:179} INFO - Processing /Users/dimz/EconWizard/hermesvirtual/lib/python3.8/site-packages/airflow/example_dags/example_external_task_marker_dag.py took 0.148 seconds
[2023-11-01T22:17:43.154-0500] {processor.py:157} INFO - Started process (PID=91951) to work on /Users/dimz/EconWizard/hermesvirtual/lib/python3.8/site-packages/airflow/example_dags/example_external_task_marker_dag.py
[2023-11-01T22:17:43.159-0500] {processor.py:829} INFO - Processing file /Users/dimz/EconWizard/hermesvirtual/lib/python3.8/site-packages/airflow/example_dags/example_external_task_marker_dag.py for tasks to queue
[2023-11-01T22:17:43.160-0500] {logging_mixin.py:151} INFO - [2023-11-01T22:17:43.160-0500] {dagbag.py:536} INFO - Filling up the DagBag from /Users/dimz/EconWizard/hermesvirtual/lib/python3.8/site-packages/airflow/example_dags/example_external_task_marker_dag.py
[2023-11-01T22:17:43.177-0500] {processor.py:839} INFO - DAG(s) dict_keys(['example_external_task_marker_child', 'example_external_task_marker_parent']) retrieved from /Users/dimz/EconWizard/hermesvirtual/lib/python3.8/site-packages/airflow/example_dags/example_external_task_marker_dag.py
[2023-11-01T22:17:43.288-0500] {logging_mixin.py:151} INFO - [2023-11-01T22:17:43.287-0500] {dag.py:2941} INFO - Sync 2 DAGs
[2023-11-01T22:17:43.293-0500] {logging_mixin.py:151} INFO - [2023-11-01T22:17:43.293-0500] {dag.py:3722} INFO - Setting next_dagrun for example_external_task_marker_child to None, run_after=None
[2023-11-01T22:17:43.294-0500] {logging_mixin.py:151} INFO - [2023-11-01T22:17:43.294-0500] {dag.py:3722} INFO - Setting next_dagrun for example_external_task_marker_parent to None, run_after=None
[2023-11-01T22:17:43.304-0500] {processor.py:179} INFO - Processing /Users/dimz/EconWizard/hermesvirtual/lib/python3.8/site-packages/airflow/example_dags/example_external_task_marker_dag.py took 0.150 seconds
[2023-11-01T22:19:38.250-0500] {processor.py:157} INFO - Started process (PID=92224) to work on /Users/dimz/EconWizard/hermesvirtual/lib/python3.8/site-packages/airflow/example_dags/example_external_task_marker_dag.py
[2023-11-01T22:19:38.255-0500] {processor.py:829} INFO - Processing file /Users/dimz/EconWizard/hermesvirtual/lib/python3.8/site-packages/airflow/example_dags/example_external_task_marker_dag.py for tasks to queue
[2023-11-01T22:19:38.255-0500] {logging_mixin.py:151} INFO - [2023-11-01T22:19:38.255-0500] {dagbag.py:536} INFO - Filling up the DagBag from /Users/dimz/EconWizard/hermesvirtual/lib/python3.8/site-packages/airflow/example_dags/example_external_task_marker_dag.py
[2023-11-01T22:19:38.273-0500] {processor.py:839} INFO - DAG(s) dict_keys(['example_external_task_marker_child', 'example_external_task_marker_parent']) retrieved from /Users/dimz/EconWizard/hermesvirtual/lib/python3.8/site-packages/airflow/example_dags/example_external_task_marker_dag.py
[2023-11-01T22:19:38.382-0500] {logging_mixin.py:151} INFO - [2023-11-01T22:19:38.381-0500] {dag.py:2941} INFO - Sync 2 DAGs
[2023-11-01T22:19:38.387-0500] {logging_mixin.py:151} INFO - [2023-11-01T22:19:38.387-0500] {dag.py:3722} INFO - Setting next_dagrun for example_external_task_marker_child to None, run_after=None
[2023-11-01T22:19:38.388-0500] {logging_mixin.py:151} INFO - [2023-11-01T22:19:38.388-0500] {dag.py:3722} INFO - Setting next_dagrun for example_external_task_marker_parent to None, run_after=None
[2023-11-01T22:19:38.398-0500] {processor.py:179} INFO - Processing /Users/dimz/EconWizard/hermesvirtual/lib/python3.8/site-packages/airflow/example_dags/example_external_task_marker_dag.py took 0.148 seconds
[2023-11-01T22:21:27.756-0500] {processor.py:157} INFO - Started process (PID=92496) to work on /Users/dimz/EconWizard/hermesvirtual/lib/python3.8/site-packages/airflow/example_dags/example_external_task_marker_dag.py
[2023-11-01T22:21:27.761-0500] {processor.py:829} INFO - Processing file /Users/dimz/EconWizard/hermesvirtual/lib/python3.8/site-packages/airflow/example_dags/example_external_task_marker_dag.py for tasks to queue
[2023-11-01T22:21:27.762-0500] {logging_mixin.py:151} INFO - [2023-11-01T22:21:27.761-0500] {dagbag.py:536} INFO - Filling up the DagBag from /Users/dimz/EconWizard/hermesvirtual/lib/python3.8/site-packages/airflow/example_dags/example_external_task_marker_dag.py
[2023-11-01T22:21:27.779-0500] {processor.py:839} INFO - DAG(s) dict_keys(['example_external_task_marker_parent', 'example_external_task_marker_child']) retrieved from /Users/dimz/EconWizard/hermesvirtual/lib/python3.8/site-packages/airflow/example_dags/example_external_task_marker_dag.py
[2023-11-01T22:21:27.890-0500] {logging_mixin.py:151} INFO - [2023-11-01T22:21:27.889-0500] {dag.py:2941} INFO - Sync 2 DAGs
[2023-11-01T22:21:27.895-0500] {logging_mixin.py:151} INFO - [2023-11-01T22:21:27.895-0500] {dag.py:3722} INFO - Setting next_dagrun for example_external_task_marker_child to None, run_after=None
[2023-11-01T22:21:27.896-0500] {logging_mixin.py:151} INFO - [2023-11-01T22:21:27.896-0500] {dag.py:3722} INFO - Setting next_dagrun for example_external_task_marker_parent to None, run_after=None
[2023-11-01T22:21:27.906-0500] {processor.py:179} INFO - Processing /Users/dimz/EconWizard/hermesvirtual/lib/python3.8/site-packages/airflow/example_dags/example_external_task_marker_dag.py took 0.151 seconds
[2023-11-01T22:23:27.327-0500] {processor.py:157} INFO - Started process (PID=92829) to work on /Users/dimz/EconWizard/hermesvirtual/lib/python3.8/site-packages/airflow/example_dags/example_external_task_marker_dag.py
[2023-11-01T22:23:27.332-0500] {processor.py:829} INFO - Processing file /Users/dimz/EconWizard/hermesvirtual/lib/python3.8/site-packages/airflow/example_dags/example_external_task_marker_dag.py for tasks to queue
[2023-11-01T22:23:27.332-0500] {logging_mixin.py:151} INFO - [2023-11-01T22:23:27.332-0500] {dagbag.py:536} INFO - Filling up the DagBag from /Users/dimz/EconWizard/hermesvirtual/lib/python3.8/site-packages/airflow/example_dags/example_external_task_marker_dag.py
[2023-11-01T22:23:27.350-0500] {processor.py:839} INFO - DAG(s) dict_keys(['example_external_task_marker_parent', 'example_external_task_marker_child']) retrieved from /Users/dimz/EconWizard/hermesvirtual/lib/python3.8/site-packages/airflow/example_dags/example_external_task_marker_dag.py
[2023-11-01T22:23:27.459-0500] {logging_mixin.py:151} INFO - [2023-11-01T22:23:27.459-0500] {dag.py:2941} INFO - Sync 2 DAGs
[2023-11-01T22:23:27.464-0500] {logging_mixin.py:151} INFO - [2023-11-01T22:23:27.464-0500] {dag.py:3722} INFO - Setting next_dagrun for example_external_task_marker_child to None, run_after=None
[2023-11-01T22:23:27.465-0500] {logging_mixin.py:151} INFO - [2023-11-01T22:23:27.465-0500] {dag.py:3722} INFO - Setting next_dagrun for example_external_task_marker_parent to None, run_after=None
[2023-11-01T22:23:27.475-0500] {processor.py:179} INFO - Processing /Users/dimz/EconWizard/hermesvirtual/lib/python3.8/site-packages/airflow/example_dags/example_external_task_marker_dag.py took 0.148 seconds
[2023-11-02T04:35:50.698-0500] {processor.py:157} INFO - Started process (PID=93185) to work on /Users/dimz/EconWizard/hermesvirtual/lib/python3.8/site-packages/airflow/example_dags/example_external_task_marker_dag.py
[2023-11-02T04:35:50.703-0500] {processor.py:829} INFO - Processing file /Users/dimz/EconWizard/hermesvirtual/lib/python3.8/site-packages/airflow/example_dags/example_external_task_marker_dag.py for tasks to queue
[2023-11-02T04:35:50.704-0500] {logging_mixin.py:151} INFO - [2023-11-02T04:35:50.704-0500] {dagbag.py:536} INFO - Filling up the DagBag from /Users/dimz/EconWizard/hermesvirtual/lib/python3.8/site-packages/airflow/example_dags/example_external_task_marker_dag.py
[2023-11-02T04:35:50.725-0500] {processor.py:839} INFO - DAG(s) dict_keys(['example_external_task_marker_parent', 'example_external_task_marker_child']) retrieved from /Users/dimz/EconWizard/hermesvirtual/lib/python3.8/site-packages/airflow/example_dags/example_external_task_marker_dag.py
[2023-11-02T04:35:50.849-0500] {logging_mixin.py:151} INFO - [2023-11-02T04:35:50.849-0500] {dag.py:2941} INFO - Sync 2 DAGs
[2023-11-02T04:35:50.855-0500] {logging_mixin.py:151} INFO - [2023-11-02T04:35:50.855-0500] {dag.py:3722} INFO - Setting next_dagrun for example_external_task_marker_child to None, run_after=None
[2023-11-02T04:35:50.857-0500] {logging_mixin.py:151} INFO - [2023-11-02T04:35:50.857-0500] {dag.py:3722} INFO - Setting next_dagrun for example_external_task_marker_parent to None, run_after=None
[2023-11-02T04:35:50.868-0500] {processor.py:179} INFO - Processing /Users/dimz/EconWizard/hermesvirtual/lib/python3.8/site-packages/airflow/example_dags/example_external_task_marker_dag.py took 0.171 seconds
[2023-11-02T06:54:02.432-0500] {processor.py:157} INFO - Started process (PID=93309) to work on /Users/dimz/EconWizard/hermesvirtual/lib/python3.8/site-packages/airflow/example_dags/example_external_task_marker_dag.py
[2023-11-02T06:54:02.437-0500] {processor.py:829} INFO - Processing file /Users/dimz/EconWizard/hermesvirtual/lib/python3.8/site-packages/airflow/example_dags/example_external_task_marker_dag.py for tasks to queue
[2023-11-02T06:54:02.437-0500] {logging_mixin.py:151} INFO - [2023-11-02T06:54:02.437-0500] {dagbag.py:536} INFO - Filling up the DagBag from /Users/dimz/EconWizard/hermesvirtual/lib/python3.8/site-packages/airflow/example_dags/example_external_task_marker_dag.py
[2023-11-02T06:54:02.455-0500] {processor.py:839} INFO - DAG(s) dict_keys(['example_external_task_marker_parent', 'example_external_task_marker_child']) retrieved from /Users/dimz/EconWizard/hermesvirtual/lib/python3.8/site-packages/airflow/example_dags/example_external_task_marker_dag.py
[2023-11-02T06:54:02.563-0500] {logging_mixin.py:151} INFO - [2023-11-02T06:54:02.562-0500] {dag.py:2941} INFO - Sync 2 DAGs
[2023-11-02T06:54:02.568-0500] {logging_mixin.py:151} INFO - [2023-11-02T06:54:02.568-0500] {dag.py:3722} INFO - Setting next_dagrun for example_external_task_marker_child to None, run_after=None
[2023-11-02T06:54:02.569-0500] {logging_mixin.py:151} INFO - [2023-11-02T06:54:02.569-0500] {dag.py:3722} INFO - Setting next_dagrun for example_external_task_marker_parent to None, run_after=None
[2023-11-02T06:54:02.578-0500] {processor.py:179} INFO - Processing /Users/dimz/EconWizard/hermesvirtual/lib/python3.8/site-packages/airflow/example_dags/example_external_task_marker_dag.py took 0.147 seconds
[2023-11-02T08:29:18.385-0500] {processor.py:157} INFO - Started process (PID=93421) to work on /Users/dimz/EconWizard/hermesvirtual/lib/python3.8/site-packages/airflow/example_dags/example_external_task_marker_dag.py
[2023-11-02T08:29:18.390-0500] {processor.py:829} INFO - Processing file /Users/dimz/EconWizard/hermesvirtual/lib/python3.8/site-packages/airflow/example_dags/example_external_task_marker_dag.py for tasks to queue
[2023-11-02T08:29:18.391-0500] {logging_mixin.py:151} INFO - [2023-11-02T08:29:18.391-0500] {dagbag.py:536} INFO - Filling up the DagBag from /Users/dimz/EconWizard/hermesvirtual/lib/python3.8/site-packages/airflow/example_dags/example_external_task_marker_dag.py
[2023-11-02T08:29:18.409-0500] {processor.py:839} INFO - DAG(s) dict_keys(['example_external_task_marker_parent', 'example_external_task_marker_child']) retrieved from /Users/dimz/EconWizard/hermesvirtual/lib/python3.8/site-packages/airflow/example_dags/example_external_task_marker_dag.py
[2023-11-02T08:29:18.517-0500] {logging_mixin.py:151} INFO - [2023-11-02T08:29:18.517-0500] {dag.py:2941} INFO - Sync 2 DAGs
[2023-11-02T08:29:18.523-0500] {logging_mixin.py:151} INFO - [2023-11-02T08:29:18.522-0500] {dag.py:3722} INFO - Setting next_dagrun for example_external_task_marker_child to None, run_after=None
[2023-11-02T08:29:18.524-0500] {logging_mixin.py:151} INFO - [2023-11-02T08:29:18.524-0500] {dag.py:3722} INFO - Setting next_dagrun for example_external_task_marker_parent to None, run_after=None
[2023-11-02T08:29:18.534-0500] {processor.py:179} INFO - Processing /Users/dimz/EconWizard/hermesvirtual/lib/python3.8/site-packages/airflow/example_dags/example_external_task_marker_dag.py took 0.149 seconds
[2023-11-02T09:03:26.050-0500] {processor.py:157} INFO - Started process (PID=93630) to work on /Users/dimz/EconWizard/hermesvirtual/lib/python3.8/site-packages/airflow/example_dags/example_external_task_marker_dag.py
[2023-11-02T09:03:26.055-0500] {processor.py:829} INFO - Processing file /Users/dimz/EconWizard/hermesvirtual/lib/python3.8/site-packages/airflow/example_dags/example_external_task_marker_dag.py for tasks to queue
[2023-11-02T09:03:26.055-0500] {logging_mixin.py:151} INFO - [2023-11-02T09:03:26.055-0500] {dagbag.py:536} INFO - Filling up the DagBag from /Users/dimz/EconWizard/hermesvirtual/lib/python3.8/site-packages/airflow/example_dags/example_external_task_marker_dag.py
[2023-11-02T09:03:26.074-0500] {processor.py:839} INFO - DAG(s) dict_keys(['example_external_task_marker_child', 'example_external_task_marker_parent']) retrieved from /Users/dimz/EconWizard/hermesvirtual/lib/python3.8/site-packages/airflow/example_dags/example_external_task_marker_dag.py
[2023-11-02T09:03:26.187-0500] {logging_mixin.py:151} INFO - [2023-11-02T09:03:26.187-0500] {dag.py:2941} INFO - Sync 2 DAGs
[2023-11-02T09:03:26.192-0500] {logging_mixin.py:151} INFO - [2023-11-02T09:03:26.192-0500] {dag.py:3722} INFO - Setting next_dagrun for example_external_task_marker_child to None, run_after=None
[2023-11-02T09:03:26.194-0500] {logging_mixin.py:151} INFO - [2023-11-02T09:03:26.194-0500] {dag.py:3722} INFO - Setting next_dagrun for example_external_task_marker_parent to None, run_after=None
[2023-11-02T09:03:26.203-0500] {processor.py:179} INFO - Processing /Users/dimz/EconWizard/hermesvirtual/lib/python3.8/site-packages/airflow/example_dags/example_external_task_marker_dag.py took 0.153 seconds
[2023-11-02T09:05:22.689-0500] {processor.py:157} INFO - Started process (PID=93801) to work on /Users/dimz/EconWizard/hermesvirtual/lib/python3.8/site-packages/airflow/example_dags/example_external_task_marker_dag.py
[2023-11-02T09:05:22.694-0500] {processor.py:829} INFO - Processing file /Users/dimz/EconWizard/hermesvirtual/lib/python3.8/site-packages/airflow/example_dags/example_external_task_marker_dag.py for tasks to queue
[2023-11-02T09:05:22.695-0500] {logging_mixin.py:151} INFO - [2023-11-02T09:05:22.695-0500] {dagbag.py:536} INFO - Filling up the DagBag from /Users/dimz/EconWizard/hermesvirtual/lib/python3.8/site-packages/airflow/example_dags/example_external_task_marker_dag.py
[2023-11-02T09:05:22.713-0500] {processor.py:839} INFO - DAG(s) dict_keys(['example_external_task_marker_child', 'example_external_task_marker_parent']) retrieved from /Users/dimz/EconWizard/hermesvirtual/lib/python3.8/site-packages/airflow/example_dags/example_external_task_marker_dag.py
[2023-11-02T09:05:22.821-0500] {logging_mixin.py:151} INFO - [2023-11-02T09:05:22.820-0500] {dag.py:2941} INFO - Sync 2 DAGs
[2023-11-02T09:05:22.826-0500] {logging_mixin.py:151} INFO - [2023-11-02T09:05:22.826-0500] {dag.py:3722} INFO - Setting next_dagrun for example_external_task_marker_child to None, run_after=None
[2023-11-02T09:05:22.827-0500] {logging_mixin.py:151} INFO - [2023-11-02T09:05:22.827-0500] {dag.py:3722} INFO - Setting next_dagrun for example_external_task_marker_parent to None, run_after=None
[2023-11-02T09:05:22.836-0500] {processor.py:179} INFO - Processing /Users/dimz/EconWizard/hermesvirtual/lib/python3.8/site-packages/airflow/example_dags/example_external_task_marker_dag.py took 0.148 seconds
[2023-11-02T09:07:27.134-0500] {processor.py:157} INFO - Started process (PID=93931) to work on /Users/dimz/EconWizard/hermesvirtual/lib/python3.8/site-packages/airflow/example_dags/example_external_task_marker_dag.py
[2023-11-02T09:07:27.138-0500] {processor.py:829} INFO - Processing file /Users/dimz/EconWizard/hermesvirtual/lib/python3.8/site-packages/airflow/example_dags/example_external_task_marker_dag.py for tasks to queue
[2023-11-02T09:07:27.139-0500] {logging_mixin.py:151} INFO - [2023-11-02T09:07:27.139-0500] {dagbag.py:536} INFO - Filling up the DagBag from /Users/dimz/EconWizard/hermesvirtual/lib/python3.8/site-packages/airflow/example_dags/example_external_task_marker_dag.py
[2023-11-02T09:07:27.157-0500] {processor.py:839} INFO - DAG(s) dict_keys(['example_external_task_marker_child', 'example_external_task_marker_parent']) retrieved from /Users/dimz/EconWizard/hermesvirtual/lib/python3.8/site-packages/airflow/example_dags/example_external_task_marker_dag.py
[2023-11-02T09:07:27.265-0500] {logging_mixin.py:151} INFO - [2023-11-02T09:07:27.265-0500] {dag.py:2941} INFO - Sync 2 DAGs
[2023-11-02T09:07:27.271-0500] {logging_mixin.py:151} INFO - [2023-11-02T09:07:27.270-0500] {dag.py:3722} INFO - Setting next_dagrun for example_external_task_marker_child to None, run_after=None
[2023-11-02T09:07:27.272-0500] {logging_mixin.py:151} INFO - [2023-11-02T09:07:27.272-0500] {dag.py:3722} INFO - Setting next_dagrun for example_external_task_marker_parent to None, run_after=None
[2023-11-02T09:07:27.281-0500] {processor.py:179} INFO - Processing /Users/dimz/EconWizard/hermesvirtual/lib/python3.8/site-packages/airflow/example_dags/example_external_task_marker_dag.py took 0.147 seconds
[2023-11-02T09:09:33.890-0500] {processor.py:157} INFO - Started process (PID=94223) to work on /Users/dimz/EconWizard/hermesvirtual/lib/python3.8/site-packages/airflow/example_dags/example_external_task_marker_dag.py
[2023-11-02T09:09:33.895-0500] {processor.py:829} INFO - Processing file /Users/dimz/EconWizard/hermesvirtual/lib/python3.8/site-packages/airflow/example_dags/example_external_task_marker_dag.py for tasks to queue
[2023-11-02T09:09:33.895-0500] {logging_mixin.py:151} INFO - [2023-11-02T09:09:33.895-0500] {dagbag.py:536} INFO - Filling up the DagBag from /Users/dimz/EconWizard/hermesvirtual/lib/python3.8/site-packages/airflow/example_dags/example_external_task_marker_dag.py
[2023-11-02T09:09:33.913-0500] {processor.py:839} INFO - DAG(s) dict_keys(['example_external_task_marker_child', 'example_external_task_marker_parent']) retrieved from /Users/dimz/EconWizard/hermesvirtual/lib/python3.8/site-packages/airflow/example_dags/example_external_task_marker_dag.py
[2023-11-02T09:09:34.024-0500] {logging_mixin.py:151} INFO - [2023-11-02T09:09:34.023-0500] {dag.py:2941} INFO - Sync 2 DAGs
[2023-11-02T09:09:34.029-0500] {logging_mixin.py:151} INFO - [2023-11-02T09:09:34.029-0500] {dag.py:3722} INFO - Setting next_dagrun for example_external_task_marker_child to None, run_after=None
[2023-11-02T09:09:34.030-0500] {logging_mixin.py:151} INFO - [2023-11-02T09:09:34.030-0500] {dag.py:3722} INFO - Setting next_dagrun for example_external_task_marker_parent to None, run_after=None
[2023-11-02T09:09:34.041-0500] {processor.py:179} INFO - Processing /Users/dimz/EconWizard/hermesvirtual/lib/python3.8/site-packages/airflow/example_dags/example_external_task_marker_dag.py took 0.151 seconds
[2023-11-02T09:11:42.025-0500] {processor.py:157} INFO - Started process (PID=94425) to work on /Users/dimz/EconWizard/hermesvirtual/lib/python3.8/site-packages/airflow/example_dags/example_external_task_marker_dag.py
[2023-11-02T09:11:42.030-0500] {processor.py:829} INFO - Processing file /Users/dimz/EconWizard/hermesvirtual/lib/python3.8/site-packages/airflow/example_dags/example_external_task_marker_dag.py for tasks to queue
[2023-11-02T09:11:42.031-0500] {logging_mixin.py:151} INFO - [2023-11-02T09:11:42.031-0500] {dagbag.py:536} INFO - Filling up the DagBag from /Users/dimz/EconWizard/hermesvirtual/lib/python3.8/site-packages/airflow/example_dags/example_external_task_marker_dag.py
[2023-11-02T09:11:42.049-0500] {processor.py:839} INFO - DAG(s) dict_keys(['example_external_task_marker_child', 'example_external_task_marker_parent']) retrieved from /Users/dimz/EconWizard/hermesvirtual/lib/python3.8/site-packages/airflow/example_dags/example_external_task_marker_dag.py
[2023-11-02T09:11:42.166-0500] {logging_mixin.py:151} INFO - [2023-11-02T09:11:42.166-0500] {dag.py:2941} INFO - Sync 2 DAGs
[2023-11-02T09:11:42.171-0500] {logging_mixin.py:151} INFO - [2023-11-02T09:11:42.171-0500] {dag.py:3722} INFO - Setting next_dagrun for example_external_task_marker_child to None, run_after=None
[2023-11-02T09:11:42.173-0500] {logging_mixin.py:151} INFO - [2023-11-02T09:11:42.173-0500] {dag.py:3722} INFO - Setting next_dagrun for example_external_task_marker_parent to None, run_after=None
[2023-11-02T09:11:42.183-0500] {processor.py:179} INFO - Processing /Users/dimz/EconWizard/hermesvirtual/lib/python3.8/site-packages/airflow/example_dags/example_external_task_marker_dag.py took 0.158 seconds
[2023-11-02T09:13:48.159-0500] {processor.py:157} INFO - Started process (PID=94565) to work on /Users/dimz/EconWizard/hermesvirtual/lib/python3.8/site-packages/airflow/example_dags/example_external_task_marker_dag.py
[2023-11-02T09:13:48.164-0500] {processor.py:829} INFO - Processing file /Users/dimz/EconWizard/hermesvirtual/lib/python3.8/site-packages/airflow/example_dags/example_external_task_marker_dag.py for tasks to queue
[2023-11-02T09:13:48.165-0500] {logging_mixin.py:151} INFO - [2023-11-02T09:13:48.165-0500] {dagbag.py:536} INFO - Filling up the DagBag from /Users/dimz/EconWizard/hermesvirtual/lib/python3.8/site-packages/airflow/example_dags/example_external_task_marker_dag.py
[2023-11-02T09:13:48.185-0500] {processor.py:839} INFO - DAG(s) dict_keys(['example_external_task_marker_parent', 'example_external_task_marker_child']) retrieved from /Users/dimz/EconWizard/hermesvirtual/lib/python3.8/site-packages/airflow/example_dags/example_external_task_marker_dag.py
[2023-11-02T09:13:48.313-0500] {logging_mixin.py:151} INFO - [2023-11-02T09:13:48.313-0500] {dag.py:2941} INFO - Sync 2 DAGs
[2023-11-02T09:13:48.319-0500] {logging_mixin.py:151} INFO - [2023-11-02T09:13:48.319-0500] {dag.py:3722} INFO - Setting next_dagrun for example_external_task_marker_child to None, run_after=None
[2023-11-02T09:13:48.321-0500] {logging_mixin.py:151} INFO - [2023-11-02T09:13:48.321-0500] {dag.py:3722} INFO - Setting next_dagrun for example_external_task_marker_parent to None, run_after=None
[2023-11-02T09:13:48.332-0500] {processor.py:179} INFO - Processing /Users/dimz/EconWizard/hermesvirtual/lib/python3.8/site-packages/airflow/example_dags/example_external_task_marker_dag.py took 0.174 seconds
[2023-11-02T09:15:57.448-0500] {processor.py:157} INFO - Started process (PID=94696) to work on /Users/dimz/EconWizard/hermesvirtual/lib/python3.8/site-packages/airflow/example_dags/example_external_task_marker_dag.py
[2023-11-02T09:15:57.452-0500] {processor.py:829} INFO - Processing file /Users/dimz/EconWizard/hermesvirtual/lib/python3.8/site-packages/airflow/example_dags/example_external_task_marker_dag.py for tasks to queue
[2023-11-02T09:15:57.452-0500] {logging_mixin.py:151} INFO - [2023-11-02T09:15:57.452-0500] {dagbag.py:536} INFO - Filling up the DagBag from /Users/dimz/EconWizard/hermesvirtual/lib/python3.8/site-packages/airflow/example_dags/example_external_task_marker_dag.py
[2023-11-02T09:15:57.470-0500] {processor.py:839} INFO - DAG(s) dict_keys(['example_external_task_marker_parent', 'example_external_task_marker_child']) retrieved from /Users/dimz/EconWizard/hermesvirtual/lib/python3.8/site-packages/airflow/example_dags/example_external_task_marker_dag.py
[2023-11-02T09:15:57.585-0500] {logging_mixin.py:151} INFO - [2023-11-02T09:15:57.585-0500] {dag.py:2941} INFO - Sync 2 DAGs
[2023-11-02T09:15:57.590-0500] {logging_mixin.py:151} INFO - [2023-11-02T09:15:57.590-0500] {dag.py:3722} INFO - Setting next_dagrun for example_external_task_marker_child to None, run_after=None
[2023-11-02T09:15:57.592-0500] {logging_mixin.py:151} INFO - [2023-11-02T09:15:57.592-0500] {dag.py:3722} INFO - Setting next_dagrun for example_external_task_marker_parent to None, run_after=None
[2023-11-02T09:15:57.602-0500] {processor.py:179} INFO - Processing /Users/dimz/EconWizard/hermesvirtual/lib/python3.8/site-packages/airflow/example_dags/example_external_task_marker_dag.py took 0.154 seconds
[2023-11-02T09:17:56.226-0500] {processor.py:157} INFO - Started process (PID=94834) to work on /Users/dimz/EconWizard/hermesvirtual/lib/python3.8/site-packages/airflow/example_dags/example_external_task_marker_dag.py
[2023-11-02T09:17:56.231-0500] {processor.py:829} INFO - Processing file /Users/dimz/EconWizard/hermesvirtual/lib/python3.8/site-packages/airflow/example_dags/example_external_task_marker_dag.py for tasks to queue
[2023-11-02T09:17:56.231-0500] {logging_mixin.py:151} INFO - [2023-11-02T09:17:56.231-0500] {dagbag.py:536} INFO - Filling up the DagBag from /Users/dimz/EconWizard/hermesvirtual/lib/python3.8/site-packages/airflow/example_dags/example_external_task_marker_dag.py
[2023-11-02T09:17:56.250-0500] {processor.py:839} INFO - DAG(s) dict_keys(['example_external_task_marker_child', 'example_external_task_marker_parent']) retrieved from /Users/dimz/EconWizard/hermesvirtual/lib/python3.8/site-packages/airflow/example_dags/example_external_task_marker_dag.py
[2023-11-02T09:17:56.364-0500] {logging_mixin.py:151} INFO - [2023-11-02T09:17:56.364-0500] {dag.py:2941} INFO - Sync 2 DAGs
[2023-11-02T09:17:56.369-0500] {logging_mixin.py:151} INFO - [2023-11-02T09:17:56.369-0500] {dag.py:3722} INFO - Setting next_dagrun for example_external_task_marker_child to None, run_after=None
[2023-11-02T09:17:56.371-0500] {logging_mixin.py:151} INFO - [2023-11-02T09:17:56.371-0500] {dag.py:3722} INFO - Setting next_dagrun for example_external_task_marker_parent to None, run_after=None
[2023-11-02T09:17:56.381-0500] {processor.py:179} INFO - Processing /Users/dimz/EconWizard/hermesvirtual/lib/python3.8/site-packages/airflow/example_dags/example_external_task_marker_dag.py took 0.155 seconds
[2023-11-02T09:20:05.843-0500] {processor.py:157} INFO - Started process (PID=95033) to work on /Users/dimz/EconWizard/hermesvirtual/lib/python3.8/site-packages/airflow/example_dags/example_external_task_marker_dag.py
[2023-11-02T09:20:05.848-0500] {processor.py:829} INFO - Processing file /Users/dimz/EconWizard/hermesvirtual/lib/python3.8/site-packages/airflow/example_dags/example_external_task_marker_dag.py for tasks to queue
[2023-11-02T09:20:05.849-0500] {logging_mixin.py:151} INFO - [2023-11-02T09:20:05.849-0500] {dagbag.py:536} INFO - Filling up the DagBag from /Users/dimz/EconWizard/hermesvirtual/lib/python3.8/site-packages/airflow/example_dags/example_external_task_marker_dag.py
[2023-11-02T09:20:05.868-0500] {processor.py:839} INFO - DAG(s) dict_keys(['example_external_task_marker_child', 'example_external_task_marker_parent']) retrieved from /Users/dimz/EconWizard/hermesvirtual/lib/python3.8/site-packages/airflow/example_dags/example_external_task_marker_dag.py
[2023-11-02T09:20:05.981-0500] {logging_mixin.py:151} INFO - [2023-11-02T09:20:05.981-0500] {dag.py:2941} INFO - Sync 2 DAGs
[2023-11-02T09:20:05.986-0500] {logging_mixin.py:151} INFO - [2023-11-02T09:20:05.986-0500] {dag.py:3722} INFO - Setting next_dagrun for example_external_task_marker_child to None, run_after=None
[2023-11-02T09:20:05.988-0500] {logging_mixin.py:151} INFO - [2023-11-02T09:20:05.987-0500] {dag.py:3722} INFO - Setting next_dagrun for example_external_task_marker_parent to None, run_after=None
[2023-11-02T09:20:05.997-0500] {processor.py:179} INFO - Processing /Users/dimz/EconWizard/hermesvirtual/lib/python3.8/site-packages/airflow/example_dags/example_external_task_marker_dag.py took 0.155 seconds
[2023-11-02T09:22:15.723-0500] {processor.py:157} INFO - Started process (PID=95169) to work on /Users/dimz/EconWizard/hermesvirtual/lib/python3.8/site-packages/airflow/example_dags/example_external_task_marker_dag.py
[2023-11-02T09:22:15.727-0500] {processor.py:829} INFO - Processing file /Users/dimz/EconWizard/hermesvirtual/lib/python3.8/site-packages/airflow/example_dags/example_external_task_marker_dag.py for tasks to queue
[2023-11-02T09:22:15.728-0500] {logging_mixin.py:151} INFO - [2023-11-02T09:22:15.728-0500] {dagbag.py:536} INFO - Filling up the DagBag from /Users/dimz/EconWizard/hermesvirtual/lib/python3.8/site-packages/airflow/example_dags/example_external_task_marker_dag.py
[2023-11-02T09:22:15.747-0500] {processor.py:839} INFO - DAG(s) dict_keys(['example_external_task_marker_parent', 'example_external_task_marker_child']) retrieved from /Users/dimz/EconWizard/hermesvirtual/lib/python3.8/site-packages/airflow/example_dags/example_external_task_marker_dag.py
[2023-11-02T09:22:15.858-0500] {logging_mixin.py:151} INFO - [2023-11-02T09:22:15.858-0500] {dag.py:2941} INFO - Sync 2 DAGs
[2023-11-02T09:22:15.863-0500] {logging_mixin.py:151} INFO - [2023-11-02T09:22:15.863-0500] {dag.py:3722} INFO - Setting next_dagrun for example_external_task_marker_child to None, run_after=None
[2023-11-02T09:22:15.865-0500] {logging_mixin.py:151} INFO - [2023-11-02T09:22:15.865-0500] {dag.py:3722} INFO - Setting next_dagrun for example_external_task_marker_parent to None, run_after=None
[2023-11-02T09:22:15.874-0500] {processor.py:179} INFO - Processing /Users/dimz/EconWizard/hermesvirtual/lib/python3.8/site-packages/airflow/example_dags/example_external_task_marker_dag.py took 0.151 seconds
[2023-11-02T09:24:21.254-0500] {processor.py:157} INFO - Started process (PID=95389) to work on /Users/dimz/EconWizard/hermesvirtual/lib/python3.8/site-packages/airflow/example_dags/example_external_task_marker_dag.py
[2023-11-02T09:24:21.259-0500] {processor.py:829} INFO - Processing file /Users/dimz/EconWizard/hermesvirtual/lib/python3.8/site-packages/airflow/example_dags/example_external_task_marker_dag.py for tasks to queue
[2023-11-02T09:24:21.259-0500] {logging_mixin.py:151} INFO - [2023-11-02T09:24:21.259-0500] {dagbag.py:536} INFO - Filling up the DagBag from /Users/dimz/EconWizard/hermesvirtual/lib/python3.8/site-packages/airflow/example_dags/example_external_task_marker_dag.py
[2023-11-02T09:24:21.277-0500] {processor.py:839} INFO - DAG(s) dict_keys(['example_external_task_marker_child', 'example_external_task_marker_parent']) retrieved from /Users/dimz/EconWizard/hermesvirtual/lib/python3.8/site-packages/airflow/example_dags/example_external_task_marker_dag.py
[2023-11-02T09:24:21.390-0500] {logging_mixin.py:151} INFO - [2023-11-02T09:24:21.390-0500] {dag.py:2941} INFO - Sync 2 DAGs
[2023-11-02T09:24:21.395-0500] {logging_mixin.py:151} INFO - [2023-11-02T09:24:21.395-0500] {dag.py:3722} INFO - Setting next_dagrun for example_external_task_marker_child to None, run_after=None
[2023-11-02T09:24:21.397-0500] {logging_mixin.py:151} INFO - [2023-11-02T09:24:21.397-0500] {dag.py:3722} INFO - Setting next_dagrun for example_external_task_marker_parent to None, run_after=None
[2023-11-02T09:24:21.406-0500] {processor.py:179} INFO - Processing /Users/dimz/EconWizard/hermesvirtual/lib/python3.8/site-packages/airflow/example_dags/example_external_task_marker_dag.py took 0.153 seconds
[2023-11-02T09:26:28.279-0500] {processor.py:157} INFO - Started process (PID=95628) to work on /Users/dimz/EconWizard/hermesvirtual/lib/python3.8/site-packages/airflow/example_dags/example_external_task_marker_dag.py
[2023-11-02T09:26:28.285-0500] {processor.py:829} INFO - Processing file /Users/dimz/EconWizard/hermesvirtual/lib/python3.8/site-packages/airflow/example_dags/example_external_task_marker_dag.py for tasks to queue
[2023-11-02T09:26:28.285-0500] {logging_mixin.py:151} INFO - [2023-11-02T09:26:28.285-0500] {dagbag.py:536} INFO - Filling up the DagBag from /Users/dimz/EconWizard/hermesvirtual/lib/python3.8/site-packages/airflow/example_dags/example_external_task_marker_dag.py
[2023-11-02T09:26:28.304-0500] {processor.py:839} INFO - DAG(s) dict_keys(['example_external_task_marker_parent', 'example_external_task_marker_child']) retrieved from /Users/dimz/EconWizard/hermesvirtual/lib/python3.8/site-packages/airflow/example_dags/example_external_task_marker_dag.py
[2023-11-02T09:26:28.420-0500] {logging_mixin.py:151} INFO - [2023-11-02T09:26:28.420-0500] {dag.py:2941} INFO - Sync 2 DAGs
[2023-11-02T09:26:28.426-0500] {logging_mixin.py:151} INFO - [2023-11-02T09:26:28.425-0500] {dag.py:3722} INFO - Setting next_dagrun for example_external_task_marker_child to None, run_after=None
[2023-11-02T09:26:28.427-0500] {logging_mixin.py:151} INFO - [2023-11-02T09:26:28.427-0500] {dag.py:3722} INFO - Setting next_dagrun for example_external_task_marker_parent to None, run_after=None
[2023-11-02T09:26:28.437-0500] {processor.py:179} INFO - Processing /Users/dimz/EconWizard/hermesvirtual/lib/python3.8/site-packages/airflow/example_dags/example_external_task_marker_dag.py took 0.158 seconds
[2023-11-02T09:29:24.565-0500] {processor.py:157} INFO - Started process (PID=95870) to work on /Users/dimz/EconWizard/hermesvirtual/lib/python3.8/site-packages/airflow/example_dags/example_external_task_marker_dag.py
[2023-11-02T09:29:24.570-0500] {processor.py:829} INFO - Processing file /Users/dimz/EconWizard/hermesvirtual/lib/python3.8/site-packages/airflow/example_dags/example_external_task_marker_dag.py for tasks to queue
[2023-11-02T09:29:24.570-0500] {logging_mixin.py:151} INFO - [2023-11-02T09:29:24.570-0500] {dagbag.py:536} INFO - Filling up the DagBag from /Users/dimz/EconWizard/hermesvirtual/lib/python3.8/site-packages/airflow/example_dags/example_external_task_marker_dag.py
[2023-11-02T09:29:24.591-0500] {processor.py:839} INFO - DAG(s) dict_keys(['example_external_task_marker_child', 'example_external_task_marker_parent']) retrieved from /Users/dimz/EconWizard/hermesvirtual/lib/python3.8/site-packages/airflow/example_dags/example_external_task_marker_dag.py
[2023-11-02T09:29:24.718-0500] {logging_mixin.py:151} INFO - [2023-11-02T09:29:24.717-0500] {dag.py:2941} INFO - Sync 2 DAGs
[2023-11-02T09:29:24.724-0500] {logging_mixin.py:151} INFO - [2023-11-02T09:29:24.724-0500] {dag.py:3722} INFO - Setting next_dagrun for example_external_task_marker_child to None, run_after=None
[2023-11-02T09:29:24.726-0500] {logging_mixin.py:151} INFO - [2023-11-02T09:29:24.726-0500] {dag.py:3722} INFO - Setting next_dagrun for example_external_task_marker_parent to None, run_after=None
[2023-11-02T09:29:24.738-0500] {processor.py:179} INFO - Processing /Users/dimz/EconWizard/hermesvirtual/lib/python3.8/site-packages/airflow/example_dags/example_external_task_marker_dag.py took 0.174 seconds
[2023-11-02T09:31:35.843-0500] {processor.py:157} INFO - Started process (PID=96034) to work on /Users/dimz/EconWizard/hermesvirtual/lib/python3.8/site-packages/airflow/example_dags/example_external_task_marker_dag.py
[2023-11-02T09:31:35.850-0500] {processor.py:829} INFO - Processing file /Users/dimz/EconWizard/hermesvirtual/lib/python3.8/site-packages/airflow/example_dags/example_external_task_marker_dag.py for tasks to queue
[2023-11-02T09:31:35.851-0500] {logging_mixin.py:151} INFO - [2023-11-02T09:31:35.851-0500] {dagbag.py:536} INFO - Filling up the DagBag from /Users/dimz/EconWizard/hermesvirtual/lib/python3.8/site-packages/airflow/example_dags/example_external_task_marker_dag.py
[2023-11-02T09:31:35.885-0500] {processor.py:839} INFO - DAG(s) dict_keys(['example_external_task_marker_child', 'example_external_task_marker_parent']) retrieved from /Users/dimz/EconWizard/hermesvirtual/lib/python3.8/site-packages/airflow/example_dags/example_external_task_marker_dag.py
[2023-11-02T09:31:36.026-0500] {logging_mixin.py:151} INFO - [2023-11-02T09:31:36.026-0500] {dag.py:2941} INFO - Sync 2 DAGs
[2023-11-02T09:31:36.033-0500] {logging_mixin.py:151} INFO - [2023-11-02T09:31:36.033-0500] {dag.py:3722} INFO - Setting next_dagrun for example_external_task_marker_child to None, run_after=None
[2023-11-02T09:31:36.035-0500] {logging_mixin.py:151} INFO - [2023-11-02T09:31:36.035-0500] {dag.py:3722} INFO - Setting next_dagrun for example_external_task_marker_parent to None, run_after=None
[2023-11-02T09:31:36.048-0500] {processor.py:179} INFO - Processing /Users/dimz/EconWizard/hermesvirtual/lib/python3.8/site-packages/airflow/example_dags/example_external_task_marker_dag.py took 0.206 seconds
[2023-11-02T10:13:45.178-0500] {processor.py:157} INFO - Started process (PID=97573) to work on /Users/dimz/EconWizard/hermesvirtual/lib/python3.8/site-packages/airflow/example_dags/example_external_task_marker_dag.py
[2023-11-02T10:13:45.183-0500] {processor.py:829} INFO - Processing file /Users/dimz/EconWizard/hermesvirtual/lib/python3.8/site-packages/airflow/example_dags/example_external_task_marker_dag.py for tasks to queue
[2023-11-02T10:13:45.184-0500] {logging_mixin.py:151} INFO - [2023-11-02T10:13:45.184-0500] {dagbag.py:536} INFO - Filling up the DagBag from /Users/dimz/EconWizard/hermesvirtual/lib/python3.8/site-packages/airflow/example_dags/example_external_task_marker_dag.py
[2023-11-02T10:13:45.201-0500] {processor.py:839} INFO - DAG(s) dict_keys(['example_external_task_marker_parent', 'example_external_task_marker_child']) retrieved from /Users/dimz/EconWizard/hermesvirtual/lib/python3.8/site-packages/airflow/example_dags/example_external_task_marker_dag.py
[2023-11-02T10:13:45.310-0500] {logging_mixin.py:151} INFO - [2023-11-02T10:13:45.310-0500] {dag.py:2941} INFO - Sync 2 DAGs
[2023-11-02T10:13:45.315-0500] {logging_mixin.py:151} INFO - [2023-11-02T10:13:45.315-0500] {dag.py:3722} INFO - Setting next_dagrun for example_external_task_marker_child to None, run_after=None
[2023-11-02T10:13:45.317-0500] {logging_mixin.py:151} INFO - [2023-11-02T10:13:45.317-0500] {dag.py:3722} INFO - Setting next_dagrun for example_external_task_marker_parent to None, run_after=None
[2023-11-02T10:13:45.326-0500] {processor.py:179} INFO - Processing /Users/dimz/EconWizard/hermesvirtual/lib/python3.8/site-packages/airflow/example_dags/example_external_task_marker_dag.py took 0.148 seconds
[2023-11-02T10:15:48.809-0500] {processor.py:157} INFO - Started process (PID=97781) to work on /Users/dimz/EconWizard/hermesvirtual/lib/python3.8/site-packages/airflow/example_dags/example_external_task_marker_dag.py
[2023-11-02T10:15:48.814-0500] {processor.py:829} INFO - Processing file /Users/dimz/EconWizard/hermesvirtual/lib/python3.8/site-packages/airflow/example_dags/example_external_task_marker_dag.py for tasks to queue
[2023-11-02T10:15:48.814-0500] {logging_mixin.py:151} INFO - [2023-11-02T10:15:48.814-0500] {dagbag.py:536} INFO - Filling up the DagBag from /Users/dimz/EconWizard/hermesvirtual/lib/python3.8/site-packages/airflow/example_dags/example_external_task_marker_dag.py
[2023-11-02T10:15:48.833-0500] {processor.py:839} INFO - DAG(s) dict_keys(['example_external_task_marker_child', 'example_external_task_marker_parent']) retrieved from /Users/dimz/EconWizard/hermesvirtual/lib/python3.8/site-packages/airflow/example_dags/example_external_task_marker_dag.py
[2023-11-02T10:15:48.952-0500] {logging_mixin.py:151} INFO - [2023-11-02T10:15:48.952-0500] {dag.py:2941} INFO - Sync 2 DAGs
[2023-11-02T10:15:48.958-0500] {logging_mixin.py:151} INFO - [2023-11-02T10:15:48.958-0500] {dag.py:3722} INFO - Setting next_dagrun for example_external_task_marker_child to None, run_after=None
[2023-11-02T10:15:48.959-0500] {logging_mixin.py:151} INFO - [2023-11-02T10:15:48.959-0500] {dag.py:3722} INFO - Setting next_dagrun for example_external_task_marker_parent to None, run_after=None
[2023-11-02T10:15:48.970-0500] {processor.py:179} INFO - Processing /Users/dimz/EconWizard/hermesvirtual/lib/python3.8/site-packages/airflow/example_dags/example_external_task_marker_dag.py took 0.162 seconds
[2023-11-02T10:39:31.594-0500] {processor.py:157} INFO - Started process (PID=99916) to work on /Users/dimz/EconWizard/hermesvirtual/lib/python3.8/site-packages/airflow/example_dags/example_external_task_marker_dag.py
[2023-11-02T10:39:31.599-0500] {processor.py:829} INFO - Processing file /Users/dimz/EconWizard/hermesvirtual/lib/python3.8/site-packages/airflow/example_dags/example_external_task_marker_dag.py for tasks to queue
[2023-11-02T10:39:31.599-0500] {logging_mixin.py:151} INFO - [2023-11-02T10:39:31.599-0500] {dagbag.py:536} INFO - Filling up the DagBag from /Users/dimz/EconWizard/hermesvirtual/lib/python3.8/site-packages/airflow/example_dags/example_external_task_marker_dag.py
[2023-11-02T10:39:31.617-0500] {processor.py:839} INFO - DAG(s) dict_keys(['example_external_task_marker_parent', 'example_external_task_marker_child']) retrieved from /Users/dimz/EconWizard/hermesvirtual/lib/python3.8/site-packages/airflow/example_dags/example_external_task_marker_dag.py
[2023-11-02T10:39:31.728-0500] {logging_mixin.py:151} INFO - [2023-11-02T10:39:31.728-0500] {dag.py:2941} INFO - Sync 2 DAGs
[2023-11-02T10:39:31.734-0500] {logging_mixin.py:151} INFO - [2023-11-02T10:39:31.734-0500] {dag.py:3722} INFO - Setting next_dagrun for example_external_task_marker_child to None, run_after=None
[2023-11-02T10:39:31.735-0500] {logging_mixin.py:151} INFO - [2023-11-02T10:39:31.735-0500] {dag.py:3722} INFO - Setting next_dagrun for example_external_task_marker_parent to None, run_after=None
[2023-11-02T10:39:31.746-0500] {processor.py:179} INFO - Processing /Users/dimz/EconWizard/hermesvirtual/lib/python3.8/site-packages/airflow/example_dags/example_external_task_marker_dag.py took 0.152 seconds
[2023-11-02T10:41:40.950-0500] {processor.py:157} INFO - Started process (PID=170) to work on /Users/dimz/EconWizard/hermesvirtual/lib/python3.8/site-packages/airflow/example_dags/example_external_task_marker_dag.py
[2023-11-02T10:41:40.956-0500] {processor.py:829} INFO - Processing file /Users/dimz/EconWizard/hermesvirtual/lib/python3.8/site-packages/airflow/example_dags/example_external_task_marker_dag.py for tasks to queue
[2023-11-02T10:41:40.956-0500] {logging_mixin.py:151} INFO - [2023-11-02T10:41:40.956-0500] {dagbag.py:536} INFO - Filling up the DagBag from /Users/dimz/EconWizard/hermesvirtual/lib/python3.8/site-packages/airflow/example_dags/example_external_task_marker_dag.py
[2023-11-02T10:41:40.974-0500] {processor.py:839} INFO - DAG(s) dict_keys(['example_external_task_marker_parent', 'example_external_task_marker_child']) retrieved from /Users/dimz/EconWizard/hermesvirtual/lib/python3.8/site-packages/airflow/example_dags/example_external_task_marker_dag.py
[2023-11-02T10:41:41.083-0500] {logging_mixin.py:151} INFO - [2023-11-02T10:41:41.083-0500] {dag.py:2941} INFO - Sync 2 DAGs
[2023-11-02T10:41:41.088-0500] {logging_mixin.py:151} INFO - [2023-11-02T10:41:41.088-0500] {dag.py:3722} INFO - Setting next_dagrun for example_external_task_marker_child to None, run_after=None
[2023-11-02T10:41:41.089-0500] {logging_mixin.py:151} INFO - [2023-11-02T10:41:41.089-0500] {dag.py:3722} INFO - Setting next_dagrun for example_external_task_marker_parent to None, run_after=None
[2023-11-02T10:41:41.100-0500] {processor.py:179} INFO - Processing /Users/dimz/EconWizard/hermesvirtual/lib/python3.8/site-packages/airflow/example_dags/example_external_task_marker_dag.py took 0.150 seconds
