[2023-11-01T21:36:20.569-0500] {processor.py:157} INFO - Started process (PID=87760) to work on /Users/dimz/EconWizard/hermesvirtual/lib/python3.8/site-packages/airflow/example_dags/example_dag_decorator.py
[2023-11-01T21:36:20.573-0500] {processor.py:829} INFO - Processing file /Users/dimz/EconWizard/hermesvirtual/lib/python3.8/site-packages/airflow/example_dags/example_dag_decorator.py for tasks to queue
[2023-11-01T21:36:20.573-0500] {logging_mixin.py:151} INFO - [2023-11-01T21:36:20.573-0500] {dagbag.py:536} INFO - Filling up the DagBag from /Users/dimz/EconWizard/hermesvirtual/lib/python3.8/site-packages/airflow/example_dags/example_dag_decorator.py
[2023-11-01T21:36:20.704-0500] {processor.py:839} INFO - DAG(s) dict_keys(['example_dag_decorator']) retrieved from /Users/dimz/EconWizard/hermesvirtual/lib/python3.8/site-packages/airflow/example_dags/example_dag_decorator.py
[2023-11-01T21:36:20.994-0500] {logging_mixin.py:151} INFO - [2023-11-01T21:36:20.994-0500] {manager.py:499} INFO - Created Permission View: %s
[2023-11-01T21:36:20.998-0500] {logging_mixin.py:151} INFO - [2023-11-01T21:36:20.998-0500] {manager.py:499} INFO - Created Permission View: %s
[2023-11-01T21:36:21.001-0500] {logging_mixin.py:151} INFO - [2023-11-01T21:36:21.001-0500] {manager.py:499} INFO - Created Permission View: %s
[2023-11-01T21:36:21.002-0500] {logging_mixin.py:151} INFO - [2023-11-01T21:36:21.001-0500] {dag.py:2941} INFO - Sync 1 DAGs
[2023-11-01T21:36:21.007-0500] {logging_mixin.py:151} INFO - [2023-11-01T21:36:21.007-0500] {dag.py:2963} INFO - Creating ORM DAG for example_dag_decorator
[2023-11-01T21:36:21.007-0500] {logging_mixin.py:151} INFO - [2023-11-01T21:36:21.007-0500] {dag.py:3722} INFO - Setting next_dagrun for example_dag_decorator to None, run_after=None
[2023-11-01T21:36:21.017-0500] {processor.py:179} INFO - Processing /Users/dimz/EconWizard/hermesvirtual/lib/python3.8/site-packages/airflow/example_dags/example_dag_decorator.py took 0.448 seconds
[2023-11-01T21:38:13.757-0500] {processor.py:157} INFO - Started process (PID=87956) to work on /Users/dimz/EconWizard/hermesvirtual/lib/python3.8/site-packages/airflow/example_dags/example_dag_decorator.py
[2023-11-01T21:38:13.762-0500] {processor.py:829} INFO - Processing file /Users/dimz/EconWizard/hermesvirtual/lib/python3.8/site-packages/airflow/example_dags/example_dag_decorator.py for tasks to queue
[2023-11-01T21:38:13.763-0500] {logging_mixin.py:151} INFO - [2023-11-01T21:38:13.763-0500] {dagbag.py:536} INFO - Filling up the DagBag from /Users/dimz/EconWizard/hermesvirtual/lib/python3.8/site-packages/airflow/example_dags/example_dag_decorator.py
[2023-11-01T21:38:13.902-0500] {processor.py:839} INFO - DAG(s) dict_keys(['example_dag_decorator']) retrieved from /Users/dimz/EconWizard/hermesvirtual/lib/python3.8/site-packages/airflow/example_dags/example_dag_decorator.py
[2023-11-01T21:38:14.230-0500] {logging_mixin.py:151} INFO - [2023-11-01T21:38:14.230-0500] {dag.py:2941} INFO - Sync 1 DAGs
[2023-11-01T21:38:14.235-0500] {logging_mixin.py:151} INFO - [2023-11-01T21:38:14.235-0500] {dag.py:3722} INFO - Setting next_dagrun for example_dag_decorator to None, run_after=None
[2023-11-01T21:38:14.246-0500] {processor.py:179} INFO - Processing /Users/dimz/EconWizard/hermesvirtual/lib/python3.8/site-packages/airflow/example_dags/example_dag_decorator.py took 0.489 seconds
[2023-11-01T21:40:07.890-0500] {processor.py:157} INFO - Started process (PID=88202) to work on /Users/dimz/EconWizard/hermesvirtual/lib/python3.8/site-packages/airflow/example_dags/example_dag_decorator.py
[2023-11-01T21:40:07.895-0500] {processor.py:829} INFO - Processing file /Users/dimz/EconWizard/hermesvirtual/lib/python3.8/site-packages/airflow/example_dags/example_dag_decorator.py for tasks to queue
[2023-11-01T21:40:07.895-0500] {logging_mixin.py:151} INFO - [2023-11-01T21:40:07.895-0500] {dagbag.py:536} INFO - Filling up the DagBag from /Users/dimz/EconWizard/hermesvirtual/lib/python3.8/site-packages/airflow/example_dags/example_dag_decorator.py
[2023-11-01T21:40:08.038-0500] {processor.py:839} INFO - DAG(s) dict_keys(['example_dag_decorator']) retrieved from /Users/dimz/EconWizard/hermesvirtual/lib/python3.8/site-packages/airflow/example_dags/example_dag_decorator.py
[2023-11-01T21:40:08.389-0500] {logging_mixin.py:151} INFO - [2023-11-01T21:40:08.389-0500] {dag.py:2941} INFO - Sync 1 DAGs
[2023-11-01T21:40:08.396-0500] {logging_mixin.py:151} INFO - [2023-11-01T21:40:08.395-0500] {dag.py:3722} INFO - Setting next_dagrun for example_dag_decorator to None, run_after=None
[2023-11-01T21:40:08.410-0500] {processor.py:179} INFO - Processing /Users/dimz/EconWizard/hermesvirtual/lib/python3.8/site-packages/airflow/example_dags/example_dag_decorator.py took 0.521 seconds
[2023-11-01T21:42:05.050-0500] {processor.py:157} INFO - Started process (PID=88464) to work on /Users/dimz/EconWizard/hermesvirtual/lib/python3.8/site-packages/airflow/example_dags/example_dag_decorator.py
[2023-11-01T21:42:05.055-0500] {processor.py:829} INFO - Processing file /Users/dimz/EconWizard/hermesvirtual/lib/python3.8/site-packages/airflow/example_dags/example_dag_decorator.py for tasks to queue
[2023-11-01T21:42:05.056-0500] {logging_mixin.py:151} INFO - [2023-11-01T21:42:05.055-0500] {dagbag.py:536} INFO - Filling up the DagBag from /Users/dimz/EconWizard/hermesvirtual/lib/python3.8/site-packages/airflow/example_dags/example_dag_decorator.py
[2023-11-01T21:42:05.188-0500] {processor.py:839} INFO - DAG(s) dict_keys(['example_dag_decorator']) retrieved from /Users/dimz/EconWizard/hermesvirtual/lib/python3.8/site-packages/airflow/example_dags/example_dag_decorator.py
[2023-11-01T21:42:05.485-0500] {logging_mixin.py:151} INFO - [2023-11-01T21:42:05.484-0500] {dag.py:2941} INFO - Sync 1 DAGs
[2023-11-01T21:42:05.489-0500] {logging_mixin.py:151} INFO - [2023-11-01T21:42:05.489-0500] {dag.py:3722} INFO - Setting next_dagrun for example_dag_decorator to None, run_after=None
[2023-11-01T21:42:05.500-0500] {processor.py:179} INFO - Processing /Users/dimz/EconWizard/hermesvirtual/lib/python3.8/site-packages/airflow/example_dags/example_dag_decorator.py took 0.450 seconds
[2023-11-01T21:43:57.406-0500] {processor.py:157} INFO - Started process (PID=88688) to work on /Users/dimz/EconWizard/hermesvirtual/lib/python3.8/site-packages/airflow/example_dags/example_dag_decorator.py
[2023-11-01T21:43:57.410-0500] {processor.py:829} INFO - Processing file /Users/dimz/EconWizard/hermesvirtual/lib/python3.8/site-packages/airflow/example_dags/example_dag_decorator.py for tasks to queue
[2023-11-01T21:43:57.410-0500] {logging_mixin.py:151} INFO - [2023-11-01T21:43:57.410-0500] {dagbag.py:536} INFO - Filling up the DagBag from /Users/dimz/EconWizard/hermesvirtual/lib/python3.8/site-packages/airflow/example_dags/example_dag_decorator.py
[2023-11-01T21:43:57.564-0500] {processor.py:839} INFO - DAG(s) dict_keys(['example_dag_decorator']) retrieved from /Users/dimz/EconWizard/hermesvirtual/lib/python3.8/site-packages/airflow/example_dags/example_dag_decorator.py
[2023-11-01T21:43:57.938-0500] {logging_mixin.py:151} INFO - [2023-11-01T21:43:57.938-0500] {dag.py:2941} INFO - Sync 1 DAGs
[2023-11-01T21:43:57.944-0500] {logging_mixin.py:151} INFO - [2023-11-01T21:43:57.944-0500] {dag.py:3722} INFO - Setting next_dagrun for example_dag_decorator to None, run_after=None
[2023-11-01T21:43:57.955-0500] {processor.py:179} INFO - Processing /Users/dimz/EconWizard/hermesvirtual/lib/python3.8/site-packages/airflow/example_dags/example_dag_decorator.py took 0.550 seconds
[2023-11-01T21:45:59.884-0500] {processor.py:157} INFO - Started process (PID=88856) to work on /Users/dimz/EconWizard/hermesvirtual/lib/python3.8/site-packages/airflow/example_dags/example_dag_decorator.py
[2023-11-01T21:45:59.889-0500] {processor.py:829} INFO - Processing file /Users/dimz/EconWizard/hermesvirtual/lib/python3.8/site-packages/airflow/example_dags/example_dag_decorator.py for tasks to queue
[2023-11-01T21:45:59.890-0500] {logging_mixin.py:151} INFO - [2023-11-01T21:45:59.890-0500] {dagbag.py:536} INFO - Filling up the DagBag from /Users/dimz/EconWizard/hermesvirtual/lib/python3.8/site-packages/airflow/example_dags/example_dag_decorator.py
[2023-11-01T21:46:00.054-0500] {processor.py:839} INFO - DAG(s) dict_keys(['example_dag_decorator']) retrieved from /Users/dimz/EconWizard/hermesvirtual/lib/python3.8/site-packages/airflow/example_dags/example_dag_decorator.py
[2023-11-01T21:46:00.393-0500] {logging_mixin.py:151} INFO - [2023-11-01T21:46:00.392-0500] {dag.py:2941} INFO - Sync 1 DAGs
[2023-11-01T21:46:00.398-0500] {logging_mixin.py:151} INFO - [2023-11-01T21:46:00.398-0500] {dag.py:3722} INFO - Setting next_dagrun for example_dag_decorator to None, run_after=None
[2023-11-01T21:46:00.411-0500] {processor.py:179} INFO - Processing /Users/dimz/EconWizard/hermesvirtual/lib/python3.8/site-packages/airflow/example_dags/example_dag_decorator.py took 0.527 seconds
[2023-11-01T21:48:01.297-0500] {processor.py:157} INFO - Started process (PID=89108) to work on /Users/dimz/EconWizard/hermesvirtual/lib/python3.8/site-packages/airflow/example_dags/example_dag_decorator.py
[2023-11-01T21:48:01.302-0500] {processor.py:829} INFO - Processing file /Users/dimz/EconWizard/hermesvirtual/lib/python3.8/site-packages/airflow/example_dags/example_dag_decorator.py for tasks to queue
[2023-11-01T21:48:01.302-0500] {logging_mixin.py:151} INFO - [2023-11-01T21:48:01.302-0500] {dagbag.py:536} INFO - Filling up the DagBag from /Users/dimz/EconWizard/hermesvirtual/lib/python3.8/site-packages/airflow/example_dags/example_dag_decorator.py
[2023-11-01T21:48:01.447-0500] {processor.py:839} INFO - DAG(s) dict_keys(['example_dag_decorator']) retrieved from /Users/dimz/EconWizard/hermesvirtual/lib/python3.8/site-packages/airflow/example_dags/example_dag_decorator.py
[2023-11-01T21:48:01.786-0500] {logging_mixin.py:151} INFO - [2023-11-01T21:48:01.786-0500] {dag.py:2941} INFO - Sync 1 DAGs
[2023-11-01T21:48:01.791-0500] {logging_mixin.py:151} INFO - [2023-11-01T21:48:01.791-0500] {dag.py:3722} INFO - Setting next_dagrun for example_dag_decorator to None, run_after=None
[2023-11-01T21:48:01.801-0500] {processor.py:179} INFO - Processing /Users/dimz/EconWizard/hermesvirtual/lib/python3.8/site-packages/airflow/example_dags/example_dag_decorator.py took 0.505 seconds
[2023-11-01T21:50:00.944-0500] {processor.py:157} INFO - Started process (PID=89274) to work on /Users/dimz/EconWizard/hermesvirtual/lib/python3.8/site-packages/airflow/example_dags/example_dag_decorator.py
[2023-11-01T21:50:00.949-0500] {processor.py:829} INFO - Processing file /Users/dimz/EconWizard/hermesvirtual/lib/python3.8/site-packages/airflow/example_dags/example_dag_decorator.py for tasks to queue
[2023-11-01T21:50:00.949-0500] {logging_mixin.py:151} INFO - [2023-11-01T21:50:00.949-0500] {dagbag.py:536} INFO - Filling up the DagBag from /Users/dimz/EconWizard/hermesvirtual/lib/python3.8/site-packages/airflow/example_dags/example_dag_decorator.py
[2023-11-01T21:50:01.105-0500] {processor.py:839} INFO - DAG(s) dict_keys(['example_dag_decorator']) retrieved from /Users/dimz/EconWizard/hermesvirtual/lib/python3.8/site-packages/airflow/example_dags/example_dag_decorator.py
[2023-11-01T21:50:01.463-0500] {logging_mixin.py:151} INFO - [2023-11-01T21:50:01.463-0500] {dag.py:2941} INFO - Sync 1 DAGs
[2023-11-01T21:50:01.469-0500] {logging_mixin.py:151} INFO - [2023-11-01T21:50:01.469-0500] {dag.py:3722} INFO - Setting next_dagrun for example_dag_decorator to None, run_after=None
[2023-11-01T21:50:01.481-0500] {processor.py:179} INFO - Processing /Users/dimz/EconWizard/hermesvirtual/lib/python3.8/site-packages/airflow/example_dags/example_dag_decorator.py took 0.538 seconds
[2023-11-01T21:51:59.788-0500] {processor.py:157} INFO - Started process (PID=89423) to work on /Users/dimz/EconWizard/hermesvirtual/lib/python3.8/site-packages/airflow/example_dags/example_dag_decorator.py
[2023-11-01T21:51:59.792-0500] {processor.py:829} INFO - Processing file /Users/dimz/EconWizard/hermesvirtual/lib/python3.8/site-packages/airflow/example_dags/example_dag_decorator.py for tasks to queue
[2023-11-01T21:51:59.793-0500] {logging_mixin.py:151} INFO - [2023-11-01T21:51:59.793-0500] {dagbag.py:536} INFO - Filling up the DagBag from /Users/dimz/EconWizard/hermesvirtual/lib/python3.8/site-packages/airflow/example_dags/example_dag_decorator.py
[2023-11-01T21:51:59.939-0500] {processor.py:839} INFO - DAG(s) dict_keys(['example_dag_decorator']) retrieved from /Users/dimz/EconWizard/hermesvirtual/lib/python3.8/site-packages/airflow/example_dags/example_dag_decorator.py
[2023-11-01T21:52:00.322-0500] {logging_mixin.py:151} INFO - [2023-11-01T21:52:00.322-0500] {dag.py:2941} INFO - Sync 1 DAGs
[2023-11-01T21:52:00.328-0500] {logging_mixin.py:151} INFO - [2023-11-01T21:52:00.328-0500] {dag.py:3722} INFO - Setting next_dagrun for example_dag_decorator to None, run_after=None
[2023-11-01T21:52:00.342-0500] {processor.py:179} INFO - Processing /Users/dimz/EconWizard/hermesvirtual/lib/python3.8/site-packages/airflow/example_dags/example_dag_decorator.py took 0.554 seconds
[2023-11-01T21:53:56.818-0500] {processor.py:157} INFO - Started process (PID=89606) to work on /Users/dimz/EconWizard/hermesvirtual/lib/python3.8/site-packages/airflow/example_dags/example_dag_decorator.py
[2023-11-01T21:53:56.823-0500] {processor.py:829} INFO - Processing file /Users/dimz/EconWizard/hermesvirtual/lib/python3.8/site-packages/airflow/example_dags/example_dag_decorator.py for tasks to queue
[2023-11-01T21:53:56.823-0500] {logging_mixin.py:151} INFO - [2023-11-01T21:53:56.823-0500] {dagbag.py:536} INFO - Filling up the DagBag from /Users/dimz/EconWizard/hermesvirtual/lib/python3.8/site-packages/airflow/example_dags/example_dag_decorator.py
[2023-11-01T21:53:56.975-0500] {processor.py:839} INFO - DAG(s) dict_keys(['example_dag_decorator']) retrieved from /Users/dimz/EconWizard/hermesvirtual/lib/python3.8/site-packages/airflow/example_dags/example_dag_decorator.py
[2023-11-01T21:53:57.378-0500] {logging_mixin.py:151} INFO - [2023-11-01T21:53:57.378-0500] {dag.py:2941} INFO - Sync 1 DAGs
[2023-11-01T21:53:57.384-0500] {logging_mixin.py:151} INFO - [2023-11-01T21:53:57.384-0500] {dag.py:3722} INFO - Setting next_dagrun for example_dag_decorator to None, run_after=None
[2023-11-01T21:53:57.397-0500] {processor.py:179} INFO - Processing /Users/dimz/EconWizard/hermesvirtual/lib/python3.8/site-packages/airflow/example_dags/example_dag_decorator.py took 0.579 seconds
[2023-11-01T21:55:58.815-0500] {processor.py:157} INFO - Started process (PID=89763) to work on /Users/dimz/EconWizard/hermesvirtual/lib/python3.8/site-packages/airflow/example_dags/example_dag_decorator.py
[2023-11-01T21:55:58.820-0500] {processor.py:829} INFO - Processing file /Users/dimz/EconWizard/hermesvirtual/lib/python3.8/site-packages/airflow/example_dags/example_dag_decorator.py for tasks to queue
[2023-11-01T21:55:58.820-0500] {logging_mixin.py:151} INFO - [2023-11-01T21:55:58.820-0500] {dagbag.py:536} INFO - Filling up the DagBag from /Users/dimz/EconWizard/hermesvirtual/lib/python3.8/site-packages/airflow/example_dags/example_dag_decorator.py
[2023-11-01T21:55:58.966-0500] {processor.py:839} INFO - DAG(s) dict_keys(['example_dag_decorator']) retrieved from /Users/dimz/EconWizard/hermesvirtual/lib/python3.8/site-packages/airflow/example_dags/example_dag_decorator.py
[2023-11-01T21:55:59.331-0500] {logging_mixin.py:151} INFO - [2023-11-01T21:55:59.331-0500] {dag.py:2941} INFO - Sync 1 DAGs
[2023-11-01T21:55:59.336-0500] {logging_mixin.py:151} INFO - [2023-11-01T21:55:59.336-0500] {dag.py:3722} INFO - Setting next_dagrun for example_dag_decorator to None, run_after=None
[2023-11-01T21:55:59.347-0500] {processor.py:179} INFO - Processing /Users/dimz/EconWizard/hermesvirtual/lib/python3.8/site-packages/airflow/example_dags/example_dag_decorator.py took 0.533 seconds
[2023-11-01T21:57:54.491-0500] {processor.py:157} INFO - Started process (PID=89981) to work on /Users/dimz/EconWizard/hermesvirtual/lib/python3.8/site-packages/airflow/example_dags/example_dag_decorator.py
[2023-11-01T21:57:54.496-0500] {processor.py:829} INFO - Processing file /Users/dimz/EconWizard/hermesvirtual/lib/python3.8/site-packages/airflow/example_dags/example_dag_decorator.py for tasks to queue
[2023-11-01T21:57:54.497-0500] {logging_mixin.py:151} INFO - [2023-11-01T21:57:54.497-0500] {dagbag.py:536} INFO - Filling up the DagBag from /Users/dimz/EconWizard/hermesvirtual/lib/python3.8/site-packages/airflow/example_dags/example_dag_decorator.py
[2023-11-01T21:57:54.657-0500] {processor.py:839} INFO - DAG(s) dict_keys(['example_dag_decorator']) retrieved from /Users/dimz/EconWizard/hermesvirtual/lib/python3.8/site-packages/airflow/example_dags/example_dag_decorator.py
[2023-11-01T21:57:55.032-0500] {logging_mixin.py:151} INFO - [2023-11-01T21:57:55.032-0500] {dag.py:2941} INFO - Sync 1 DAGs
[2023-11-01T21:57:55.038-0500] {logging_mixin.py:151} INFO - [2023-11-01T21:57:55.038-0500] {dag.py:3722} INFO - Setting next_dagrun for example_dag_decorator to None, run_after=None
[2023-11-01T21:57:55.050-0500] {processor.py:179} INFO - Processing /Users/dimz/EconWizard/hermesvirtual/lib/python3.8/site-packages/airflow/example_dags/example_dag_decorator.py took 0.560 seconds
[2023-11-01T21:59:55.368-0500] {processor.py:157} INFO - Started process (PID=90121) to work on /Users/dimz/EconWizard/hermesvirtual/lib/python3.8/site-packages/airflow/example_dags/example_dag_decorator.py
[2023-11-01T21:59:55.372-0500] {processor.py:829} INFO - Processing file /Users/dimz/EconWizard/hermesvirtual/lib/python3.8/site-packages/airflow/example_dags/example_dag_decorator.py for tasks to queue
[2023-11-01T21:59:55.373-0500] {logging_mixin.py:151} INFO - [2023-11-01T21:59:55.373-0500] {dagbag.py:536} INFO - Filling up the DagBag from /Users/dimz/EconWizard/hermesvirtual/lib/python3.8/site-packages/airflow/example_dags/example_dag_decorator.py
[2023-11-01T21:59:55.528-0500] {processor.py:839} INFO - DAG(s) dict_keys(['example_dag_decorator']) retrieved from /Users/dimz/EconWizard/hermesvirtual/lib/python3.8/site-packages/airflow/example_dags/example_dag_decorator.py
[2023-11-01T21:59:55.959-0500] {logging_mixin.py:151} INFO - [2023-11-01T21:59:55.959-0500] {dag.py:2941} INFO - Sync 1 DAGs
[2023-11-01T21:59:55.965-0500] {logging_mixin.py:151} INFO - [2023-11-01T21:59:55.965-0500] {dag.py:3722} INFO - Setting next_dagrun for example_dag_decorator to None, run_after=None
[2023-11-01T21:59:55.979-0500] {processor.py:179} INFO - Processing /Users/dimz/EconWizard/hermesvirtual/lib/python3.8/site-packages/airflow/example_dags/example_dag_decorator.py took 0.612 seconds
[2023-11-01T22:01:57.515-0500] {processor.py:157} INFO - Started process (PID=90298) to work on /Users/dimz/EconWizard/hermesvirtual/lib/python3.8/site-packages/airflow/example_dags/example_dag_decorator.py
[2023-11-01T22:01:57.520-0500] {processor.py:829} INFO - Processing file /Users/dimz/EconWizard/hermesvirtual/lib/python3.8/site-packages/airflow/example_dags/example_dag_decorator.py for tasks to queue
[2023-11-01T22:01:57.520-0500] {logging_mixin.py:151} INFO - [2023-11-01T22:01:57.520-0500] {dagbag.py:536} INFO - Filling up the DagBag from /Users/dimz/EconWizard/hermesvirtual/lib/python3.8/site-packages/airflow/example_dags/example_dag_decorator.py
[2023-11-01T22:01:57.677-0500] {processor.py:839} INFO - DAG(s) dict_keys(['example_dag_decorator']) retrieved from /Users/dimz/EconWizard/hermesvirtual/lib/python3.8/site-packages/airflow/example_dags/example_dag_decorator.py
[2023-11-01T22:01:58.050-0500] {logging_mixin.py:151} INFO - [2023-11-01T22:01:58.050-0500] {dag.py:2941} INFO - Sync 1 DAGs
[2023-11-01T22:01:58.055-0500] {logging_mixin.py:151} INFO - [2023-11-01T22:01:58.055-0500] {dag.py:3722} INFO - Setting next_dagrun for example_dag_decorator to None, run_after=None
[2023-11-01T22:01:58.066-0500] {processor.py:179} INFO - Processing /Users/dimz/EconWizard/hermesvirtual/lib/python3.8/site-packages/airflow/example_dags/example_dag_decorator.py took 0.552 seconds
[2023-11-01T22:03:57.896-0500] {processor.py:157} INFO - Started process (PID=90470) to work on /Users/dimz/EconWizard/hermesvirtual/lib/python3.8/site-packages/airflow/example_dags/example_dag_decorator.py
[2023-11-01T22:03:57.901-0500] {processor.py:829} INFO - Processing file /Users/dimz/EconWizard/hermesvirtual/lib/python3.8/site-packages/airflow/example_dags/example_dag_decorator.py for tasks to queue
[2023-11-01T22:03:57.901-0500] {logging_mixin.py:151} INFO - [2023-11-01T22:03:57.901-0500] {dagbag.py:536} INFO - Filling up the DagBag from /Users/dimz/EconWizard/hermesvirtual/lib/python3.8/site-packages/airflow/example_dags/example_dag_decorator.py
[2023-11-01T22:03:58.050-0500] {processor.py:839} INFO - DAG(s) dict_keys(['example_dag_decorator']) retrieved from /Users/dimz/EconWizard/hermesvirtual/lib/python3.8/site-packages/airflow/example_dags/example_dag_decorator.py
[2023-11-01T22:03:58.405-0500] {logging_mixin.py:151} INFO - [2023-11-01T22:03:58.405-0500] {dag.py:2941} INFO - Sync 1 DAGs
[2023-11-01T22:03:58.410-0500] {logging_mixin.py:151} INFO - [2023-11-01T22:03:58.410-0500] {dag.py:3722} INFO - Setting next_dagrun for example_dag_decorator to None, run_after=None
[2023-11-01T22:03:58.420-0500] {processor.py:179} INFO - Processing /Users/dimz/EconWizard/hermesvirtual/lib/python3.8/site-packages/airflow/example_dags/example_dag_decorator.py took 0.525 seconds
[2023-11-01T22:05:50.848-0500] {processor.py:157} INFO - Started process (PID=90689) to work on /Users/dimz/EconWizard/hermesvirtual/lib/python3.8/site-packages/airflow/example_dags/example_dag_decorator.py
[2023-11-01T22:05:50.853-0500] {processor.py:829} INFO - Processing file /Users/dimz/EconWizard/hermesvirtual/lib/python3.8/site-packages/airflow/example_dags/example_dag_decorator.py for tasks to queue
[2023-11-01T22:05:50.853-0500] {logging_mixin.py:151} INFO - [2023-11-01T22:05:50.853-0500] {dagbag.py:536} INFO - Filling up the DagBag from /Users/dimz/EconWizard/hermesvirtual/lib/python3.8/site-packages/airflow/example_dags/example_dag_decorator.py
[2023-11-01T22:05:50.999-0500] {processor.py:839} INFO - DAG(s) dict_keys(['example_dag_decorator']) retrieved from /Users/dimz/EconWizard/hermesvirtual/lib/python3.8/site-packages/airflow/example_dags/example_dag_decorator.py
[2023-11-01T22:05:51.357-0500] {logging_mixin.py:151} INFO - [2023-11-01T22:05:51.357-0500] {dag.py:2941} INFO - Sync 1 DAGs
[2023-11-01T22:05:51.363-0500] {logging_mixin.py:151} INFO - [2023-11-01T22:05:51.362-0500] {dag.py:3722} INFO - Setting next_dagrun for example_dag_decorator to None, run_after=None
[2023-11-01T22:05:51.375-0500] {processor.py:179} INFO - Processing /Users/dimz/EconWizard/hermesvirtual/lib/python3.8/site-packages/airflow/example_dags/example_dag_decorator.py took 0.528 seconds
[2023-11-01T22:07:57.519-0500] {processor.py:157} INFO - Started process (PID=90913) to work on /Users/dimz/EconWizard/hermesvirtual/lib/python3.8/site-packages/airflow/example_dags/example_dag_decorator.py
[2023-11-01T22:07:57.524-0500] {processor.py:829} INFO - Processing file /Users/dimz/EconWizard/hermesvirtual/lib/python3.8/site-packages/airflow/example_dags/example_dag_decorator.py for tasks to queue
[2023-11-01T22:07:57.524-0500] {logging_mixin.py:151} INFO - [2023-11-01T22:07:57.524-0500] {dagbag.py:536} INFO - Filling up the DagBag from /Users/dimz/EconWizard/hermesvirtual/lib/python3.8/site-packages/airflow/example_dags/example_dag_decorator.py
[2023-11-01T22:07:57.700-0500] {processor.py:839} INFO - DAG(s) dict_keys(['example_dag_decorator']) retrieved from /Users/dimz/EconWizard/hermesvirtual/lib/python3.8/site-packages/airflow/example_dags/example_dag_decorator.py
[2023-11-01T22:07:58.094-0500] {logging_mixin.py:151} INFO - [2023-11-01T22:07:58.094-0500] {dag.py:2941} INFO - Sync 1 DAGs
[2023-11-01T22:07:58.100-0500] {logging_mixin.py:151} INFO - [2023-11-01T22:07:58.099-0500] {dag.py:3722} INFO - Setting next_dagrun for example_dag_decorator to None, run_after=None
[2023-11-01T22:07:58.112-0500] {processor.py:179} INFO - Processing /Users/dimz/EconWizard/hermesvirtual/lib/python3.8/site-packages/airflow/example_dags/example_dag_decorator.py took 0.594 seconds
[2023-11-01T22:14:37.525-0500] {processor.py:157} INFO - Started process (PID=91561) to work on /Users/dimz/EconWizard/hermesvirtual/lib/python3.8/site-packages/airflow/example_dags/example_dag_decorator.py
[2023-11-01T22:14:37.530-0500] {processor.py:829} INFO - Processing file /Users/dimz/EconWizard/hermesvirtual/lib/python3.8/site-packages/airflow/example_dags/example_dag_decorator.py for tasks to queue
[2023-11-01T22:14:37.530-0500] {logging_mixin.py:151} INFO - [2023-11-01T22:14:37.530-0500] {dagbag.py:536} INFO - Filling up the DagBag from /Users/dimz/EconWizard/hermesvirtual/lib/python3.8/site-packages/airflow/example_dags/example_dag_decorator.py
[2023-11-01T22:14:37.677-0500] {processor.py:839} INFO - DAG(s) dict_keys(['example_dag_decorator']) retrieved from /Users/dimz/EconWizard/hermesvirtual/lib/python3.8/site-packages/airflow/example_dags/example_dag_decorator.py
[2023-11-01T22:14:37.976-0500] {logging_mixin.py:151} INFO - [2023-11-01T22:14:37.976-0500] {dag.py:2941} INFO - Sync 1 DAGs
[2023-11-01T22:14:37.981-0500] {logging_mixin.py:151} INFO - [2023-11-01T22:14:37.981-0500] {dag.py:3722} INFO - Setting next_dagrun for example_dag_decorator to None, run_after=None
[2023-11-01T22:14:37.993-0500] {processor.py:179} INFO - Processing /Users/dimz/EconWizard/hermesvirtual/lib/python3.8/site-packages/airflow/example_dags/example_dag_decorator.py took 0.468 seconds
[2023-11-01T22:16:38.055-0500] {processor.py:157} INFO - Started process (PID=91762) to work on /Users/dimz/EconWizard/hermesvirtual/lib/python3.8/site-packages/airflow/example_dags/example_dag_decorator.py
[2023-11-01T22:16:38.060-0500] {processor.py:829} INFO - Processing file /Users/dimz/EconWizard/hermesvirtual/lib/python3.8/site-packages/airflow/example_dags/example_dag_decorator.py for tasks to queue
[2023-11-01T22:16:38.060-0500] {logging_mixin.py:151} INFO - [2023-11-01T22:16:38.060-0500] {dagbag.py:536} INFO - Filling up the DagBag from /Users/dimz/EconWizard/hermesvirtual/lib/python3.8/site-packages/airflow/example_dags/example_dag_decorator.py
[2023-11-01T22:16:38.203-0500] {processor.py:839} INFO - DAG(s) dict_keys(['example_dag_decorator']) retrieved from /Users/dimz/EconWizard/hermesvirtual/lib/python3.8/site-packages/airflow/example_dags/example_dag_decorator.py
[2023-11-01T22:16:38.552-0500] {logging_mixin.py:151} INFO - [2023-11-01T22:16:38.552-0500] {dag.py:2941} INFO - Sync 1 DAGs
[2023-11-01T22:16:38.557-0500] {logging_mixin.py:151} INFO - [2023-11-01T22:16:38.557-0500] {dag.py:3722} INFO - Setting next_dagrun for example_dag_decorator to None, run_after=None
[2023-11-01T22:16:38.568-0500] {processor.py:179} INFO - Processing /Users/dimz/EconWizard/hermesvirtual/lib/python3.8/site-packages/airflow/example_dags/example_dag_decorator.py took 0.513 seconds
[2023-11-01T22:18:37.464-0500] {processor.py:157} INFO - Started process (PID=92076) to work on /Users/dimz/EconWizard/hermesvirtual/lib/python3.8/site-packages/airflow/example_dags/example_dag_decorator.py
[2023-11-01T22:18:37.468-0500] {processor.py:829} INFO - Processing file /Users/dimz/EconWizard/hermesvirtual/lib/python3.8/site-packages/airflow/example_dags/example_dag_decorator.py for tasks to queue
[2023-11-01T22:18:37.468-0500] {logging_mixin.py:151} INFO - [2023-11-01T22:18:37.468-0500] {dagbag.py:536} INFO - Filling up the DagBag from /Users/dimz/EconWizard/hermesvirtual/lib/python3.8/site-packages/airflow/example_dags/example_dag_decorator.py
[2023-11-01T22:18:37.621-0500] {processor.py:839} INFO - DAG(s) dict_keys(['example_dag_decorator']) retrieved from /Users/dimz/EconWizard/hermesvirtual/lib/python3.8/site-packages/airflow/example_dags/example_dag_decorator.py
[2023-11-01T22:18:37.952-0500] {logging_mixin.py:151} INFO - [2023-11-01T22:18:37.951-0500] {dag.py:2941} INFO - Sync 1 DAGs
[2023-11-01T22:18:37.957-0500] {logging_mixin.py:151} INFO - [2023-11-01T22:18:37.957-0500] {dag.py:3722} INFO - Setting next_dagrun for example_dag_decorator to None, run_after=None
[2023-11-01T22:18:37.971-0500] {processor.py:179} INFO - Processing /Users/dimz/EconWizard/hermesvirtual/lib/python3.8/site-packages/airflow/example_dags/example_dag_decorator.py took 0.508 seconds
[2023-11-01T22:20:24.513-0500] {processor.py:157} INFO - Started process (PID=92331) to work on /Users/dimz/EconWizard/hermesvirtual/lib/python3.8/site-packages/airflow/example_dags/example_dag_decorator.py
[2023-11-01T22:20:24.518-0500] {processor.py:829} INFO - Processing file /Users/dimz/EconWizard/hermesvirtual/lib/python3.8/site-packages/airflow/example_dags/example_dag_decorator.py for tasks to queue
[2023-11-01T22:20:24.518-0500] {logging_mixin.py:151} INFO - [2023-11-01T22:20:24.518-0500] {dagbag.py:536} INFO - Filling up the DagBag from /Users/dimz/EconWizard/hermesvirtual/lib/python3.8/site-packages/airflow/example_dags/example_dag_decorator.py
[2023-11-01T22:20:24.657-0500] {processor.py:839} INFO - DAG(s) dict_keys(['example_dag_decorator']) retrieved from /Users/dimz/EconWizard/hermesvirtual/lib/python3.8/site-packages/airflow/example_dags/example_dag_decorator.py
[2023-11-01T22:20:24.974-0500] {logging_mixin.py:151} INFO - [2023-11-01T22:20:24.973-0500] {dag.py:2941} INFO - Sync 1 DAGs
[2023-11-01T22:20:24.979-0500] {logging_mixin.py:151} INFO - [2023-11-01T22:20:24.978-0500] {dag.py:3722} INFO - Setting next_dagrun for example_dag_decorator to None, run_after=None
[2023-11-01T22:20:24.989-0500] {processor.py:179} INFO - Processing /Users/dimz/EconWizard/hermesvirtual/lib/python3.8/site-packages/airflow/example_dags/example_dag_decorator.py took 0.476 seconds
[2023-11-01T22:22:22.321-0500] {processor.py:157} INFO - Started process (PID=92657) to work on /Users/dimz/EconWizard/hermesvirtual/lib/python3.8/site-packages/airflow/example_dags/example_dag_decorator.py
[2023-11-01T22:22:22.326-0500] {processor.py:829} INFO - Processing file /Users/dimz/EconWizard/hermesvirtual/lib/python3.8/site-packages/airflow/example_dags/example_dag_decorator.py for tasks to queue
[2023-11-01T22:22:22.327-0500] {logging_mixin.py:151} INFO - [2023-11-01T22:22:22.327-0500] {dagbag.py:536} INFO - Filling up the DagBag from /Users/dimz/EconWizard/hermesvirtual/lib/python3.8/site-packages/airflow/example_dags/example_dag_decorator.py
[2023-11-01T22:22:22.458-0500] {processor.py:839} INFO - DAG(s) dict_keys(['example_dag_decorator']) retrieved from /Users/dimz/EconWizard/hermesvirtual/lib/python3.8/site-packages/airflow/example_dags/example_dag_decorator.py
[2023-11-01T22:22:22.751-0500] {logging_mixin.py:151} INFO - [2023-11-01T22:22:22.751-0500] {dag.py:2941} INFO - Sync 1 DAGs
[2023-11-01T22:22:22.756-0500] {logging_mixin.py:151} INFO - [2023-11-01T22:22:22.756-0500] {dag.py:3722} INFO - Setting next_dagrun for example_dag_decorator to None, run_after=None
[2023-11-01T22:22:22.767-0500] {processor.py:179} INFO - Processing /Users/dimz/EconWizard/hermesvirtual/lib/python3.8/site-packages/airflow/example_dags/example_dag_decorator.py took 0.446 seconds
[2023-11-02T01:07:47.501-0500] {processor.py:157} INFO - Started process (PID=92967) to work on /Users/dimz/EconWizard/hermesvirtual/lib/python3.8/site-packages/airflow/example_dags/example_dag_decorator.py
[2023-11-02T01:07:47.506-0500] {processor.py:829} INFO - Processing file /Users/dimz/EconWizard/hermesvirtual/lib/python3.8/site-packages/airflow/example_dags/example_dag_decorator.py for tasks to queue
[2023-11-02T01:07:47.506-0500] {logging_mixin.py:151} INFO - [2023-11-02T01:07:47.506-0500] {dagbag.py:536} INFO - Filling up the DagBag from /Users/dimz/EconWizard/hermesvirtual/lib/python3.8/site-packages/airflow/example_dags/example_dag_decorator.py
[2023-11-02T01:07:47.682-0500] {processor.py:839} INFO - DAG(s) dict_keys(['example_dag_decorator']) retrieved from /Users/dimz/EconWizard/hermesvirtual/lib/python3.8/site-packages/airflow/example_dags/example_dag_decorator.py
[2023-11-02T01:07:48.048-0500] {logging_mixin.py:151} INFO - [2023-11-02T01:07:48.048-0500] {dag.py:2941} INFO - Sync 1 DAGs
[2023-11-02T01:07:48.053-0500] {logging_mixin.py:151} INFO - [2023-11-02T01:07:48.053-0500] {dag.py:3722} INFO - Setting next_dagrun for example_dag_decorator to None, run_after=None
[2023-11-02T01:07:48.065-0500] {processor.py:179} INFO - Processing /Users/dimz/EconWizard/hermesvirtual/lib/python3.8/site-packages/airflow/example_dags/example_dag_decorator.py took 0.565 seconds
[2023-11-02T04:52:53.399-0500] {processor.py:157} INFO - Started process (PID=93200) to work on /Users/dimz/EconWizard/hermesvirtual/lib/python3.8/site-packages/airflow/example_dags/example_dag_decorator.py
[2023-11-02T04:52:53.404-0500] {processor.py:829} INFO - Processing file /Users/dimz/EconWizard/hermesvirtual/lib/python3.8/site-packages/airflow/example_dags/example_dag_decorator.py for tasks to queue
[2023-11-02T04:52:53.404-0500] {logging_mixin.py:151} INFO - [2023-11-02T04:52:53.404-0500] {dagbag.py:536} INFO - Filling up the DagBag from /Users/dimz/EconWizard/hermesvirtual/lib/python3.8/site-packages/airflow/example_dags/example_dag_decorator.py
[2023-11-02T04:52:53.550-0500] {processor.py:839} INFO - DAG(s) dict_keys(['example_dag_decorator']) retrieved from /Users/dimz/EconWizard/hermesvirtual/lib/python3.8/site-packages/airflow/example_dags/example_dag_decorator.py
[2023-11-02T04:52:53.887-0500] {logging_mixin.py:151} INFO - [2023-11-02T04:52:53.887-0500] {dag.py:2941} INFO - Sync 1 DAGs
[2023-11-02T04:52:53.892-0500] {logging_mixin.py:151} INFO - [2023-11-02T04:52:53.892-0500] {dag.py:3722} INFO - Setting next_dagrun for example_dag_decorator to None, run_after=None
[2023-11-02T04:52:53.902-0500] {processor.py:179} INFO - Processing /Users/dimz/EconWizard/hermesvirtual/lib/python3.8/site-packages/airflow/example_dags/example_dag_decorator.py took 0.503 seconds
[2023-11-02T06:54:10.412-0500] {processor.py:157} INFO - Started process (PID=93318) to work on /Users/dimz/EconWizard/hermesvirtual/lib/python3.8/site-packages/airflow/example_dags/example_dag_decorator.py
[2023-11-02T06:54:10.417-0500] {processor.py:829} INFO - Processing file /Users/dimz/EconWizard/hermesvirtual/lib/python3.8/site-packages/airflow/example_dags/example_dag_decorator.py for tasks to queue
[2023-11-02T06:54:10.417-0500] {logging_mixin.py:151} INFO - [2023-11-02T06:54:10.417-0500] {dagbag.py:536} INFO - Filling up the DagBag from /Users/dimz/EconWizard/hermesvirtual/lib/python3.8/site-packages/airflow/example_dags/example_dag_decorator.py
[2023-11-02T06:54:10.558-0500] {processor.py:839} INFO - DAG(s) dict_keys(['example_dag_decorator']) retrieved from /Users/dimz/EconWizard/hermesvirtual/lib/python3.8/site-packages/airflow/example_dags/example_dag_decorator.py
[2023-11-02T06:54:10.889-0500] {logging_mixin.py:151} INFO - [2023-11-02T06:54:10.889-0500] {dag.py:2941} INFO - Sync 1 DAGs
[2023-11-02T06:54:10.894-0500] {logging_mixin.py:151} INFO - [2023-11-02T06:54:10.894-0500] {dag.py:3722} INFO - Setting next_dagrun for example_dag_decorator to None, run_after=None
[2023-11-02T06:54:10.905-0500] {processor.py:179} INFO - Processing /Users/dimz/EconWizard/hermesvirtual/lib/python3.8/site-packages/airflow/example_dags/example_dag_decorator.py took 0.493 seconds
[2023-11-02T08:29:25.496-0500] {processor.py:157} INFO - Started process (PID=93429) to work on /Users/dimz/EconWizard/hermesvirtual/lib/python3.8/site-packages/airflow/example_dags/example_dag_decorator.py
[2023-11-02T08:29:25.501-0500] {processor.py:829} INFO - Processing file /Users/dimz/EconWizard/hermesvirtual/lib/python3.8/site-packages/airflow/example_dags/example_dag_decorator.py for tasks to queue
[2023-11-02T08:29:25.502-0500] {logging_mixin.py:151} INFO - [2023-11-02T08:29:25.502-0500] {dagbag.py:536} INFO - Filling up the DagBag from /Users/dimz/EconWizard/hermesvirtual/lib/python3.8/site-packages/airflow/example_dags/example_dag_decorator.py
[2023-11-02T08:29:25.651-0500] {processor.py:839} INFO - DAG(s) dict_keys(['example_dag_decorator']) retrieved from /Users/dimz/EconWizard/hermesvirtual/lib/python3.8/site-packages/airflow/example_dags/example_dag_decorator.py
[2023-11-02T08:29:26.004-0500] {logging_mixin.py:151} INFO - [2023-11-02T08:29:26.004-0500] {dag.py:2941} INFO - Sync 1 DAGs
[2023-11-02T08:29:26.009-0500] {logging_mixin.py:151} INFO - [2023-11-02T08:29:26.009-0500] {dag.py:3722} INFO - Setting next_dagrun for example_dag_decorator to None, run_after=None
[2023-11-02T08:29:26.019-0500] {processor.py:179} INFO - Processing /Users/dimz/EconWizard/hermesvirtual/lib/python3.8/site-packages/airflow/example_dags/example_dag_decorator.py took 0.523 seconds
[2023-11-02T09:03:33.087-0500] {processor.py:157} INFO - Started process (PID=93638) to work on /Users/dimz/EconWizard/hermesvirtual/lib/python3.8/site-packages/airflow/example_dags/example_dag_decorator.py
[2023-11-02T09:03:33.092-0500] {processor.py:829} INFO - Processing file /Users/dimz/EconWizard/hermesvirtual/lib/python3.8/site-packages/airflow/example_dags/example_dag_decorator.py for tasks to queue
[2023-11-02T09:03:33.093-0500] {logging_mixin.py:151} INFO - [2023-11-02T09:03:33.092-0500] {dagbag.py:536} INFO - Filling up the DagBag from /Users/dimz/EconWizard/hermesvirtual/lib/python3.8/site-packages/airflow/example_dags/example_dag_decorator.py
[2023-11-02T09:03:33.246-0500] {processor.py:839} INFO - DAG(s) dict_keys(['example_dag_decorator']) retrieved from /Users/dimz/EconWizard/hermesvirtual/lib/python3.8/site-packages/airflow/example_dags/example_dag_decorator.py
[2023-11-02T09:03:33.617-0500] {logging_mixin.py:151} INFO - [2023-11-02T09:03:33.617-0500] {dag.py:2941} INFO - Sync 1 DAGs
[2023-11-02T09:03:33.622-0500] {logging_mixin.py:151} INFO - [2023-11-02T09:03:33.622-0500] {dag.py:3722} INFO - Setting next_dagrun for example_dag_decorator to None, run_after=None
[2023-11-02T09:03:33.633-0500] {processor.py:179} INFO - Processing /Users/dimz/EconWizard/hermesvirtual/lib/python3.8/site-packages/airflow/example_dags/example_dag_decorator.py took 0.546 seconds
[2023-11-02T09:05:30.044-0500] {processor.py:157} INFO - Started process (PID=93809) to work on /Users/dimz/EconWizard/hermesvirtual/lib/python3.8/site-packages/airflow/example_dags/example_dag_decorator.py
[2023-11-02T09:05:30.049-0500] {processor.py:829} INFO - Processing file /Users/dimz/EconWizard/hermesvirtual/lib/python3.8/site-packages/airflow/example_dags/example_dag_decorator.py for tasks to queue
[2023-11-02T09:05:30.050-0500] {logging_mixin.py:151} INFO - [2023-11-02T09:05:30.050-0500] {dagbag.py:536} INFO - Filling up the DagBag from /Users/dimz/EconWizard/hermesvirtual/lib/python3.8/site-packages/airflow/example_dags/example_dag_decorator.py
[2023-11-02T09:05:30.193-0500] {processor.py:839} INFO - DAG(s) dict_keys(['example_dag_decorator']) retrieved from /Users/dimz/EconWizard/hermesvirtual/lib/python3.8/site-packages/airflow/example_dags/example_dag_decorator.py
[2023-11-02T09:05:30.546-0500] {logging_mixin.py:151} INFO - [2023-11-02T09:05:30.545-0500] {dag.py:2941} INFO - Sync 1 DAGs
[2023-11-02T09:05:30.550-0500] {logging_mixin.py:151} INFO - [2023-11-02T09:05:30.550-0500] {dag.py:3722} INFO - Setting next_dagrun for example_dag_decorator to None, run_after=None
[2023-11-02T09:05:30.561-0500] {processor.py:179} INFO - Processing /Users/dimz/EconWizard/hermesvirtual/lib/python3.8/site-packages/airflow/example_dags/example_dag_decorator.py took 0.517 seconds
[2023-11-02T09:07:33.150-0500] {processor.py:157} INFO - Started process (PID=93939) to work on /Users/dimz/EconWizard/hermesvirtual/lib/python3.8/site-packages/airflow/example_dags/example_dag_decorator.py
[2023-11-02T09:07:33.155-0500] {processor.py:829} INFO - Processing file /Users/dimz/EconWizard/hermesvirtual/lib/python3.8/site-packages/airflow/example_dags/example_dag_decorator.py for tasks to queue
[2023-11-02T09:07:33.156-0500] {logging_mixin.py:151} INFO - [2023-11-02T09:07:33.156-0500] {dagbag.py:536} INFO - Filling up the DagBag from /Users/dimz/EconWizard/hermesvirtual/lib/python3.8/site-packages/airflow/example_dags/example_dag_decorator.py
[2023-11-02T09:07:33.298-0500] {processor.py:839} INFO - DAG(s) dict_keys(['example_dag_decorator']) retrieved from /Users/dimz/EconWizard/hermesvirtual/lib/python3.8/site-packages/airflow/example_dags/example_dag_decorator.py
[2023-11-02T09:07:33.639-0500] {logging_mixin.py:151} INFO - [2023-11-02T09:07:33.639-0500] {dag.py:2941} INFO - Sync 1 DAGs
[2023-11-02T09:07:33.644-0500] {logging_mixin.py:151} INFO - [2023-11-02T09:07:33.644-0500] {dag.py:3722} INFO - Setting next_dagrun for example_dag_decorator to None, run_after=None
[2023-11-02T09:07:33.654-0500] {processor.py:179} INFO - Processing /Users/dimz/EconWizard/hermesvirtual/lib/python3.8/site-packages/airflow/example_dags/example_dag_decorator.py took 0.504 seconds
[2023-11-02T09:09:41.912-0500] {processor.py:157} INFO - Started process (PID=94234) to work on /Users/dimz/EconWizard/hermesvirtual/lib/python3.8/site-packages/airflow/example_dags/example_dag_decorator.py
[2023-11-02T09:09:41.917-0500] {processor.py:829} INFO - Processing file /Users/dimz/EconWizard/hermesvirtual/lib/python3.8/site-packages/airflow/example_dags/example_dag_decorator.py for tasks to queue
[2023-11-02T09:09:41.917-0500] {logging_mixin.py:151} INFO - [2023-11-02T09:09:41.917-0500] {dagbag.py:536} INFO - Filling up the DagBag from /Users/dimz/EconWizard/hermesvirtual/lib/python3.8/site-packages/airflow/example_dags/example_dag_decorator.py
[2023-11-02T09:09:42.067-0500] {processor.py:839} INFO - DAG(s) dict_keys(['example_dag_decorator']) retrieved from /Users/dimz/EconWizard/hermesvirtual/lib/python3.8/site-packages/airflow/example_dags/example_dag_decorator.py
[2023-11-02T09:09:42.465-0500] {logging_mixin.py:151} INFO - [2023-11-02T09:09:42.465-0500] {dag.py:2941} INFO - Sync 1 DAGs
[2023-11-02T09:09:42.471-0500] {logging_mixin.py:151} INFO - [2023-11-02T09:09:42.471-0500] {dag.py:3722} INFO - Setting next_dagrun for example_dag_decorator to None, run_after=None
[2023-11-02T09:09:42.484-0500] {processor.py:179} INFO - Processing /Users/dimz/EconWizard/hermesvirtual/lib/python3.8/site-packages/airflow/example_dags/example_dag_decorator.py took 0.572 seconds
[2023-11-02T09:11:49.236-0500] {processor.py:157} INFO - Started process (PID=94434) to work on /Users/dimz/EconWizard/hermesvirtual/lib/python3.8/site-packages/airflow/example_dags/example_dag_decorator.py
[2023-11-02T09:11:49.241-0500] {processor.py:829} INFO - Processing file /Users/dimz/EconWizard/hermesvirtual/lib/python3.8/site-packages/airflow/example_dags/example_dag_decorator.py for tasks to queue
[2023-11-02T09:11:49.242-0500] {logging_mixin.py:151} INFO - [2023-11-02T09:11:49.241-0500] {dagbag.py:536} INFO - Filling up the DagBag from /Users/dimz/EconWizard/hermesvirtual/lib/python3.8/site-packages/airflow/example_dags/example_dag_decorator.py
[2023-11-02T09:11:49.396-0500] {processor.py:839} INFO - DAG(s) dict_keys(['example_dag_decorator']) retrieved from /Users/dimz/EconWizard/hermesvirtual/lib/python3.8/site-packages/airflow/example_dags/example_dag_decorator.py
[2023-11-02T09:11:49.756-0500] {logging_mixin.py:151} INFO - [2023-11-02T09:11:49.756-0500] {dag.py:2941} INFO - Sync 1 DAGs
[2023-11-02T09:11:49.761-0500] {logging_mixin.py:151} INFO - [2023-11-02T09:11:49.761-0500] {dag.py:3722} INFO - Setting next_dagrun for example_dag_decorator to None, run_after=None
[2023-11-02T09:11:49.772-0500] {processor.py:179} INFO - Processing /Users/dimz/EconWizard/hermesvirtual/lib/python3.8/site-packages/airflow/example_dags/example_dag_decorator.py took 0.537 seconds
[2023-11-02T09:13:56.069-0500] {processor.py:157} INFO - Started process (PID=94573) to work on /Users/dimz/EconWizard/hermesvirtual/lib/python3.8/site-packages/airflow/example_dags/example_dag_decorator.py
[2023-11-02T09:13:56.074-0500] {processor.py:829} INFO - Processing file /Users/dimz/EconWizard/hermesvirtual/lib/python3.8/site-packages/airflow/example_dags/example_dag_decorator.py for tasks to queue
[2023-11-02T09:13:56.075-0500] {logging_mixin.py:151} INFO - [2023-11-02T09:13:56.075-0500] {dagbag.py:536} INFO - Filling up the DagBag from /Users/dimz/EconWizard/hermesvirtual/lib/python3.8/site-packages/airflow/example_dags/example_dag_decorator.py
[2023-11-02T09:13:56.220-0500] {processor.py:839} INFO - DAG(s) dict_keys(['example_dag_decorator']) retrieved from /Users/dimz/EconWizard/hermesvirtual/lib/python3.8/site-packages/airflow/example_dags/example_dag_decorator.py
[2023-11-02T09:13:56.622-0500] {logging_mixin.py:151} INFO - [2023-11-02T09:13:56.621-0500] {dag.py:2941} INFO - Sync 1 DAGs
[2023-11-02T09:13:56.628-0500] {logging_mixin.py:151} INFO - [2023-11-02T09:13:56.628-0500] {dag.py:3722} INFO - Setting next_dagrun for example_dag_decorator to None, run_after=None
[2023-11-02T09:13:56.640-0500] {processor.py:179} INFO - Processing /Users/dimz/EconWizard/hermesvirtual/lib/python3.8/site-packages/airflow/example_dags/example_dag_decorator.py took 0.572 seconds
[2023-11-02T09:16:03.553-0500] {processor.py:157} INFO - Started process (PID=94705) to work on /Users/dimz/EconWizard/hermesvirtual/lib/python3.8/site-packages/airflow/example_dags/example_dag_decorator.py
[2023-11-02T09:16:03.557-0500] {processor.py:829} INFO - Processing file /Users/dimz/EconWizard/hermesvirtual/lib/python3.8/site-packages/airflow/example_dags/example_dag_decorator.py for tasks to queue
[2023-11-02T09:16:03.557-0500] {logging_mixin.py:151} INFO - [2023-11-02T09:16:03.557-0500] {dagbag.py:536} INFO - Filling up the DagBag from /Users/dimz/EconWizard/hermesvirtual/lib/python3.8/site-packages/airflow/example_dags/example_dag_decorator.py
[2023-11-02T09:16:03.695-0500] {processor.py:839} INFO - DAG(s) dict_keys(['example_dag_decorator']) retrieved from /Users/dimz/EconWizard/hermesvirtual/lib/python3.8/site-packages/airflow/example_dags/example_dag_decorator.py
[2023-11-02T09:16:04.011-0500] {logging_mixin.py:151} INFO - [2023-11-02T09:16:04.011-0500] {dag.py:2941} INFO - Sync 1 DAGs
[2023-11-02T09:16:04.016-0500] {logging_mixin.py:151} INFO - [2023-11-02T09:16:04.016-0500] {dag.py:3722} INFO - Setting next_dagrun for example_dag_decorator to None, run_after=None
[2023-11-02T09:16:04.028-0500] {processor.py:179} INFO - Processing /Users/dimz/EconWizard/hermesvirtual/lib/python3.8/site-packages/airflow/example_dags/example_dag_decorator.py took 0.475 seconds
[2023-11-02T09:18:04.287-0500] {processor.py:157} INFO - Started process (PID=94842) to work on /Users/dimz/EconWizard/hermesvirtual/lib/python3.8/site-packages/airflow/example_dags/example_dag_decorator.py
[2023-11-02T09:18:04.292-0500] {processor.py:829} INFO - Processing file /Users/dimz/EconWizard/hermesvirtual/lib/python3.8/site-packages/airflow/example_dags/example_dag_decorator.py for tasks to queue
[2023-11-02T09:18:04.292-0500] {logging_mixin.py:151} INFO - [2023-11-02T09:18:04.292-0500] {dagbag.py:536} INFO - Filling up the DagBag from /Users/dimz/EconWizard/hermesvirtual/lib/python3.8/site-packages/airflow/example_dags/example_dag_decorator.py
[2023-11-02T09:18:04.444-0500] {processor.py:839} INFO - DAG(s) dict_keys(['example_dag_decorator']) retrieved from /Users/dimz/EconWizard/hermesvirtual/lib/python3.8/site-packages/airflow/example_dags/example_dag_decorator.py
[2023-11-02T09:18:04.818-0500] {logging_mixin.py:151} INFO - [2023-11-02T09:18:04.818-0500] {dag.py:2941} INFO - Sync 1 DAGs
[2023-11-02T09:18:04.824-0500] {logging_mixin.py:151} INFO - [2023-11-02T09:18:04.823-0500] {dag.py:3722} INFO - Setting next_dagrun for example_dag_decorator to None, run_after=None
[2023-11-02T09:18:04.836-0500] {processor.py:179} INFO - Processing /Users/dimz/EconWizard/hermesvirtual/lib/python3.8/site-packages/airflow/example_dags/example_dag_decorator.py took 0.550 seconds
[2023-11-02T09:20:12.895-0500] {processor.py:157} INFO - Started process (PID=95042) to work on /Users/dimz/EconWizard/hermesvirtual/lib/python3.8/site-packages/airflow/example_dags/example_dag_decorator.py
[2023-11-02T09:20:12.900-0500] {processor.py:829} INFO - Processing file /Users/dimz/EconWizard/hermesvirtual/lib/python3.8/site-packages/airflow/example_dags/example_dag_decorator.py for tasks to queue
[2023-11-02T09:20:12.901-0500] {logging_mixin.py:151} INFO - [2023-11-02T09:20:12.900-0500] {dagbag.py:536} INFO - Filling up the DagBag from /Users/dimz/EconWizard/hermesvirtual/lib/python3.8/site-packages/airflow/example_dags/example_dag_decorator.py
[2023-11-02T09:20:13.049-0500] {processor.py:839} INFO - DAG(s) dict_keys(['example_dag_decorator']) retrieved from /Users/dimz/EconWizard/hermesvirtual/lib/python3.8/site-packages/airflow/example_dags/example_dag_decorator.py
[2023-11-02T09:20:13.407-0500] {logging_mixin.py:151} INFO - [2023-11-02T09:20:13.406-0500] {dag.py:2941} INFO - Sync 1 DAGs
[2023-11-02T09:20:13.411-0500] {logging_mixin.py:151} INFO - [2023-11-02T09:20:13.411-0500] {dag.py:3722} INFO - Setting next_dagrun for example_dag_decorator to None, run_after=None
[2023-11-02T09:20:13.422-0500] {processor.py:179} INFO - Processing /Users/dimz/EconWizard/hermesvirtual/lib/python3.8/site-packages/airflow/example_dags/example_dag_decorator.py took 0.527 seconds
[2023-11-02T09:22:22.730-0500] {processor.py:157} INFO - Started process (PID=95192) to work on /Users/dimz/EconWizard/hermesvirtual/lib/python3.8/site-packages/airflow/example_dags/example_dag_decorator.py
[2023-11-02T09:22:22.735-0500] {processor.py:829} INFO - Processing file /Users/dimz/EconWizard/hermesvirtual/lib/python3.8/site-packages/airflow/example_dags/example_dag_decorator.py for tasks to queue
[2023-11-02T09:22:22.735-0500] {logging_mixin.py:151} INFO - [2023-11-02T09:22:22.735-0500] {dagbag.py:536} INFO - Filling up the DagBag from /Users/dimz/EconWizard/hermesvirtual/lib/python3.8/site-packages/airflow/example_dags/example_dag_decorator.py
[2023-11-02T09:22:22.868-0500] {processor.py:839} INFO - DAG(s) dict_keys(['example_dag_decorator']) retrieved from /Users/dimz/EconWizard/hermesvirtual/lib/python3.8/site-packages/airflow/example_dags/example_dag_decorator.py
[2023-11-02T09:22:23.174-0500] {logging_mixin.py:151} INFO - [2023-11-02T09:22:23.174-0500] {dag.py:2941} INFO - Sync 1 DAGs
[2023-11-02T09:22:23.179-0500] {logging_mixin.py:151} INFO - [2023-11-02T09:22:23.179-0500] {dag.py:3722} INFO - Setting next_dagrun for example_dag_decorator to None, run_after=None
[2023-11-02T09:22:23.190-0500] {processor.py:179} INFO - Processing /Users/dimz/EconWizard/hermesvirtual/lib/python3.8/site-packages/airflow/example_dags/example_dag_decorator.py took 0.460 seconds
[2023-11-02T09:24:29.250-0500] {processor.py:157} INFO - Started process (PID=95406) to work on /Users/dimz/EconWizard/hermesvirtual/lib/python3.8/site-packages/airflow/example_dags/example_dag_decorator.py
[2023-11-02T09:24:29.255-0500] {processor.py:829} INFO - Processing file /Users/dimz/EconWizard/hermesvirtual/lib/python3.8/site-packages/airflow/example_dags/example_dag_decorator.py for tasks to queue
[2023-11-02T09:24:29.255-0500] {logging_mixin.py:151} INFO - [2023-11-02T09:24:29.255-0500] {dagbag.py:536} INFO - Filling up the DagBag from /Users/dimz/EconWizard/hermesvirtual/lib/python3.8/site-packages/airflow/example_dags/example_dag_decorator.py
[2023-11-02T09:24:29.395-0500] {processor.py:839} INFO - DAG(s) dict_keys(['example_dag_decorator']) retrieved from /Users/dimz/EconWizard/hermesvirtual/lib/python3.8/site-packages/airflow/example_dags/example_dag_decorator.py
[2023-11-02T09:24:29.695-0500] {logging_mixin.py:151} INFO - [2023-11-02T09:24:29.695-0500] {dag.py:2941} INFO - Sync 1 DAGs
[2023-11-02T09:24:29.700-0500] {logging_mixin.py:151} INFO - [2023-11-02T09:24:29.700-0500] {dag.py:3722} INFO - Setting next_dagrun for example_dag_decorator to None, run_after=None
[2023-11-02T09:24:29.711-0500] {processor.py:179} INFO - Processing /Users/dimz/EconWizard/hermesvirtual/lib/python3.8/site-packages/airflow/example_dags/example_dag_decorator.py took 0.461 seconds
[2023-11-02T09:26:36.297-0500] {processor.py:157} INFO - Started process (PID=95638) to work on /Users/dimz/EconWizard/hermesvirtual/lib/python3.8/site-packages/airflow/example_dags/example_dag_decorator.py
[2023-11-02T09:26:36.302-0500] {processor.py:829} INFO - Processing file /Users/dimz/EconWizard/hermesvirtual/lib/python3.8/site-packages/airflow/example_dags/example_dag_decorator.py for tasks to queue
[2023-11-02T09:26:36.302-0500] {logging_mixin.py:151} INFO - [2023-11-02T09:26:36.302-0500] {dagbag.py:536} INFO - Filling up the DagBag from /Users/dimz/EconWizard/hermesvirtual/lib/python3.8/site-packages/airflow/example_dags/example_dag_decorator.py
[2023-11-02T09:26:36.457-0500] {processor.py:839} INFO - DAG(s) dict_keys(['example_dag_decorator']) retrieved from /Users/dimz/EconWizard/hermesvirtual/lib/python3.8/site-packages/airflow/example_dags/example_dag_decorator.py
[2023-11-02T09:26:36.823-0500] {logging_mixin.py:151} INFO - [2023-11-02T09:26:36.823-0500] {dag.py:2941} INFO - Sync 1 DAGs
[2023-11-02T09:26:36.828-0500] {logging_mixin.py:151} INFO - [2023-11-02T09:26:36.828-0500] {dag.py:3722} INFO - Setting next_dagrun for example_dag_decorator to None, run_after=None
[2023-11-02T09:26:36.839-0500] {processor.py:179} INFO - Processing /Users/dimz/EconWizard/hermesvirtual/lib/python3.8/site-packages/airflow/example_dags/example_dag_decorator.py took 0.542 seconds
[2023-11-02T09:29:32.501-0500] {processor.py:157} INFO - Started process (PID=95882) to work on /Users/dimz/EconWizard/hermesvirtual/lib/python3.8/site-packages/airflow/example_dags/example_dag_decorator.py
[2023-11-02T09:29:32.506-0500] {processor.py:829} INFO - Processing file /Users/dimz/EconWizard/hermesvirtual/lib/python3.8/site-packages/airflow/example_dags/example_dag_decorator.py for tasks to queue
[2023-11-02T09:29:32.506-0500] {logging_mixin.py:151} INFO - [2023-11-02T09:29:32.506-0500] {dagbag.py:536} INFO - Filling up the DagBag from /Users/dimz/EconWizard/hermesvirtual/lib/python3.8/site-packages/airflow/example_dags/example_dag_decorator.py
[2023-11-02T09:29:32.659-0500] {processor.py:839} INFO - DAG(s) dict_keys(['example_dag_decorator']) retrieved from /Users/dimz/EconWizard/hermesvirtual/lib/python3.8/site-packages/airflow/example_dags/example_dag_decorator.py
[2023-11-02T09:29:33.040-0500] {logging_mixin.py:151} INFO - [2023-11-02T09:29:33.040-0500] {dag.py:2941} INFO - Sync 1 DAGs
[2023-11-02T09:29:33.046-0500] {logging_mixin.py:151} INFO - [2023-11-02T09:29:33.046-0500] {dag.py:3722} INFO - Setting next_dagrun for example_dag_decorator to None, run_after=None
[2023-11-02T09:29:33.058-0500] {processor.py:179} INFO - Processing /Users/dimz/EconWizard/hermesvirtual/lib/python3.8/site-packages/airflow/example_dags/example_dag_decorator.py took 0.557 seconds
[2023-11-02T09:31:43.868-0500] {processor.py:157} INFO - Started process (PID=96046) to work on /Users/dimz/EconWizard/hermesvirtual/lib/python3.8/site-packages/airflow/example_dags/example_dag_decorator.py
[2023-11-02T09:31:43.874-0500] {processor.py:829} INFO - Processing file /Users/dimz/EconWizard/hermesvirtual/lib/python3.8/site-packages/airflow/example_dags/example_dag_decorator.py for tasks to queue
[2023-11-02T09:31:43.874-0500] {logging_mixin.py:151} INFO - [2023-11-02T09:31:43.874-0500] {dagbag.py:536} INFO - Filling up the DagBag from /Users/dimz/EconWizard/hermesvirtual/lib/python3.8/site-packages/airflow/example_dags/example_dag_decorator.py
[2023-11-02T09:31:44.046-0500] {processor.py:839} INFO - DAG(s) dict_keys(['example_dag_decorator']) retrieved from /Users/dimz/EconWizard/hermesvirtual/lib/python3.8/site-packages/airflow/example_dags/example_dag_decorator.py
[2023-11-02T09:31:44.443-0500] {logging_mixin.py:151} INFO - [2023-11-02T09:31:44.442-0500] {dag.py:2941} INFO - Sync 1 DAGs
[2023-11-02T09:31:44.448-0500] {logging_mixin.py:151} INFO - [2023-11-02T09:31:44.448-0500] {dag.py:3722} INFO - Setting next_dagrun for example_dag_decorator to None, run_after=None
[2023-11-02T09:31:44.463-0500] {processor.py:179} INFO - Processing /Users/dimz/EconWizard/hermesvirtual/lib/python3.8/site-packages/airflow/example_dags/example_dag_decorator.py took 0.595 seconds
[2023-11-02T10:13:52.220-0500] {processor.py:157} INFO - Started process (PID=97581) to work on /Users/dimz/EconWizard/hermesvirtual/lib/python3.8/site-packages/airflow/example_dags/example_dag_decorator.py
[2023-11-02T10:13:52.225-0500] {processor.py:829} INFO - Processing file /Users/dimz/EconWizard/hermesvirtual/lib/python3.8/site-packages/airflow/example_dags/example_dag_decorator.py for tasks to queue
[2023-11-02T10:13:52.225-0500] {logging_mixin.py:151} INFO - [2023-11-02T10:13:52.225-0500] {dagbag.py:536} INFO - Filling up the DagBag from /Users/dimz/EconWizard/hermesvirtual/lib/python3.8/site-packages/airflow/example_dags/example_dag_decorator.py
[2023-11-02T10:13:52.365-0500] {processor.py:839} INFO - DAG(s) dict_keys(['example_dag_decorator']) retrieved from /Users/dimz/EconWizard/hermesvirtual/lib/python3.8/site-packages/airflow/example_dags/example_dag_decorator.py
[2023-11-02T10:13:52.698-0500] {logging_mixin.py:151} INFO - [2023-11-02T10:13:52.698-0500] {dag.py:2941} INFO - Sync 1 DAGs
[2023-11-02T10:13:52.703-0500] {logging_mixin.py:151} INFO - [2023-11-02T10:13:52.703-0500] {dag.py:3722} INFO - Setting next_dagrun for example_dag_decorator to None, run_after=None
[2023-11-02T10:13:52.714-0500] {processor.py:179} INFO - Processing /Users/dimz/EconWizard/hermesvirtual/lib/python3.8/site-packages/airflow/example_dags/example_dag_decorator.py took 0.495 seconds
[2023-11-02T10:15:56.926-0500] {processor.py:157} INFO - Started process (PID=97799) to work on /Users/dimz/EconWizard/hermesvirtual/lib/python3.8/site-packages/airflow/example_dags/example_dag_decorator.py
[2023-11-02T10:15:56.931-0500] {processor.py:829} INFO - Processing file /Users/dimz/EconWizard/hermesvirtual/lib/python3.8/site-packages/airflow/example_dags/example_dag_decorator.py for tasks to queue
[2023-11-02T10:15:56.931-0500] {logging_mixin.py:151} INFO - [2023-11-02T10:15:56.931-0500] {dagbag.py:536} INFO - Filling up the DagBag from /Users/dimz/EconWizard/hermesvirtual/lib/python3.8/site-packages/airflow/example_dags/example_dag_decorator.py
[2023-11-02T10:15:57.084-0500] {processor.py:839} INFO - DAG(s) dict_keys(['example_dag_decorator']) retrieved from /Users/dimz/EconWizard/hermesvirtual/lib/python3.8/site-packages/airflow/example_dags/example_dag_decorator.py
[2023-11-02T10:15:57.439-0500] {logging_mixin.py:151} INFO - [2023-11-02T10:15:57.439-0500] {dag.py:2941} INFO - Sync 1 DAGs
[2023-11-02T10:15:57.445-0500] {logging_mixin.py:151} INFO - [2023-11-02T10:15:57.445-0500] {dag.py:3722} INFO - Setting next_dagrun for example_dag_decorator to None, run_after=None
[2023-11-02T10:15:57.456-0500] {processor.py:179} INFO - Processing /Users/dimz/EconWizard/hermesvirtual/lib/python3.8/site-packages/airflow/example_dags/example_dag_decorator.py took 0.530 seconds
[2023-11-02T10:39:39.640-0500] {processor.py:157} INFO - Started process (PID=99924) to work on /Users/dimz/EconWizard/hermesvirtual/lib/python3.8/site-packages/airflow/example_dags/example_dag_decorator.py
[2023-11-02T10:39:39.645-0500] {processor.py:829} INFO - Processing file /Users/dimz/EconWizard/hermesvirtual/lib/python3.8/site-packages/airflow/example_dags/example_dag_decorator.py for tasks to queue
[2023-11-02T10:39:39.646-0500] {logging_mixin.py:151} INFO - [2023-11-02T10:39:39.646-0500] {dagbag.py:536} INFO - Filling up the DagBag from /Users/dimz/EconWizard/hermesvirtual/lib/python3.8/site-packages/airflow/example_dags/example_dag_decorator.py
[2023-11-02T10:39:39.801-0500] {processor.py:839} INFO - DAG(s) dict_keys(['example_dag_decorator']) retrieved from /Users/dimz/EconWizard/hermesvirtual/lib/python3.8/site-packages/airflow/example_dags/example_dag_decorator.py
[2023-11-02T10:39:40.180-0500] {logging_mixin.py:151} INFO - [2023-11-02T10:39:40.180-0500] {dag.py:2941} INFO - Sync 1 DAGs
[2023-11-02T10:39:40.185-0500] {logging_mixin.py:151} INFO - [2023-11-02T10:39:40.185-0500] {dag.py:3722} INFO - Setting next_dagrun for example_dag_decorator to None, run_after=None
[2023-11-02T10:39:40.195-0500] {processor.py:179} INFO - Processing /Users/dimz/EconWizard/hermesvirtual/lib/python3.8/site-packages/airflow/example_dags/example_dag_decorator.py took 0.556 seconds
[2023-11-02T10:41:48.087-0500] {processor.py:157} INFO - Started process (PID=185) to work on /Users/dimz/EconWizard/hermesvirtual/lib/python3.8/site-packages/airflow/example_dags/example_dag_decorator.py
[2023-11-02T10:41:48.092-0500] {processor.py:829} INFO - Processing file /Users/dimz/EconWizard/hermesvirtual/lib/python3.8/site-packages/airflow/example_dags/example_dag_decorator.py for tasks to queue
[2023-11-02T10:41:48.092-0500] {logging_mixin.py:151} INFO - [2023-11-02T10:41:48.092-0500] {dagbag.py:536} INFO - Filling up the DagBag from /Users/dimz/EconWizard/hermesvirtual/lib/python3.8/site-packages/airflow/example_dags/example_dag_decorator.py
[2023-11-02T10:41:48.233-0500] {processor.py:839} INFO - DAG(s) dict_keys(['example_dag_decorator']) retrieved from /Users/dimz/EconWizard/hermesvirtual/lib/python3.8/site-packages/airflow/example_dags/example_dag_decorator.py
[2023-11-02T10:41:48.571-0500] {logging_mixin.py:151} INFO - [2023-11-02T10:41:48.571-0500] {dag.py:2941} INFO - Sync 1 DAGs
[2023-11-02T10:41:48.576-0500] {logging_mixin.py:151} INFO - [2023-11-02T10:41:48.576-0500] {dag.py:3722} INFO - Setting next_dagrun for example_dag_decorator to None, run_after=None
[2023-11-02T10:41:48.586-0500] {processor.py:179} INFO - Processing /Users/dimz/EconWizard/hermesvirtual/lib/python3.8/site-packages/airflow/example_dags/example_dag_decorator.py took 0.500 seconds
