[2023-11-01T21:36:15.921-0500] {processor.py:157} INFO - Started process (PID=87753) to work on /Users/dimz/EconWizard/hermesvirtual/lib/python3.8/site-packages/airflow/example_dags/example_dynamic_task_mapping.py
[2023-11-01T21:36:15.925-0500] {processor.py:829} INFO - Processing file /Users/dimz/EconWizard/hermesvirtual/lib/python3.8/site-packages/airflow/example_dags/example_dynamic_task_mapping.py for tasks to queue
[2023-11-01T21:36:15.925-0500] {logging_mixin.py:151} INFO - [2023-11-01T21:36:15.925-0500] {dagbag.py:536} INFO - Filling up the DagBag from /Users/dimz/EconWizard/hermesvirtual/lib/python3.8/site-packages/airflow/example_dags/example_dynamic_task_mapping.py
[2023-11-01T21:36:15.958-0500] {processor.py:839} INFO - DAG(s) dict_keys(['example_dynamic_task_mapping']) retrieved from /Users/dimz/EconWizard/hermesvirtual/lib/python3.8/site-packages/airflow/example_dags/example_dynamic_task_mapping.py
[2023-11-01T21:36:16.300-0500] {logging_mixin.py:151} INFO - [2023-11-01T21:36:16.300-0500] {manager.py:499} INFO - Created Permission View: %s
[2023-11-01T21:36:16.305-0500] {logging_mixin.py:151} INFO - [2023-11-01T21:36:16.305-0500] {manager.py:499} INFO - Created Permission View: %s
[2023-11-01T21:36:16.308-0500] {logging_mixin.py:151} INFO - [2023-11-01T21:36:16.308-0500] {manager.py:499} INFO - Created Permission View: %s
[2023-11-01T21:36:16.308-0500] {logging_mixin.py:151} INFO - [2023-11-01T21:36:16.308-0500] {dag.py:2941} INFO - Sync 1 DAGs
[2023-11-01T21:36:16.315-0500] {logging_mixin.py:151} INFO - [2023-11-01T21:36:16.314-0500] {dag.py:2963} INFO - Creating ORM DAG for example_dynamic_task_mapping
[2023-11-01T21:36:16.320-0500] {logging_mixin.py:151} INFO - [2023-11-01T21:36:16.320-0500] {dag.py:3722} INFO - Setting next_dagrun for example_dynamic_task_mapping to 2022-03-04T00:00:00+00:00, run_after=2022-03-05T00:00:00+00:00
[2023-11-01T21:36:16.329-0500] {processor.py:179} INFO - Processing /Users/dimz/EconWizard/hermesvirtual/lib/python3.8/site-packages/airflow/example_dags/example_dynamic_task_mapping.py took 0.409 seconds
[2023-11-01T21:38:09.737-0500] {processor.py:157} INFO - Started process (PID=87952) to work on /Users/dimz/EconWizard/hermesvirtual/lib/python3.8/site-packages/airflow/example_dags/example_dynamic_task_mapping.py
[2023-11-01T21:38:09.742-0500] {processor.py:829} INFO - Processing file /Users/dimz/EconWizard/hermesvirtual/lib/python3.8/site-packages/airflow/example_dags/example_dynamic_task_mapping.py for tasks to queue
[2023-11-01T21:38:09.742-0500] {logging_mixin.py:151} INFO - [2023-11-01T21:38:09.742-0500] {dagbag.py:536} INFO - Filling up the DagBag from /Users/dimz/EconWizard/hermesvirtual/lib/python3.8/site-packages/airflow/example_dags/example_dynamic_task_mapping.py
[2023-11-01T21:38:09.775-0500] {processor.py:839} INFO - DAG(s) dict_keys(['example_dynamic_task_mapping']) retrieved from /Users/dimz/EconWizard/hermesvirtual/lib/python3.8/site-packages/airflow/example_dags/example_dynamic_task_mapping.py
[2023-11-01T21:38:09.872-0500] {logging_mixin.py:151} INFO - [2023-11-01T21:38:09.872-0500] {dag.py:2941} INFO - Sync 1 DAGs
[2023-11-01T21:38:09.881-0500] {logging_mixin.py:151} INFO - [2023-11-01T21:38:09.881-0500] {dag.py:3722} INFO - Setting next_dagrun for example_dynamic_task_mapping to 2022-03-04T00:00:00+00:00, run_after=2022-03-05T00:00:00+00:00
[2023-11-01T21:38:09.891-0500] {processor.py:179} INFO - Processing /Users/dimz/EconWizard/hermesvirtual/lib/python3.8/site-packages/airflow/example_dags/example_dynamic_task_mapping.py took 0.155 seconds
[2023-11-01T21:40:04.056-0500] {processor.py:157} INFO - Started process (PID=88198) to work on /Users/dimz/EconWizard/hermesvirtual/lib/python3.8/site-packages/airflow/example_dags/example_dynamic_task_mapping.py
[2023-11-01T21:40:04.062-0500] {processor.py:829} INFO - Processing file /Users/dimz/EconWizard/hermesvirtual/lib/python3.8/site-packages/airflow/example_dags/example_dynamic_task_mapping.py for tasks to queue
[2023-11-01T21:40:04.062-0500] {logging_mixin.py:151} INFO - [2023-11-01T21:40:04.062-0500] {dagbag.py:536} INFO - Filling up the DagBag from /Users/dimz/EconWizard/hermesvirtual/lib/python3.8/site-packages/airflow/example_dags/example_dynamic_task_mapping.py
[2023-11-01T21:40:04.097-0500] {processor.py:839} INFO - DAG(s) dict_keys(['example_dynamic_task_mapping']) retrieved from /Users/dimz/EconWizard/hermesvirtual/lib/python3.8/site-packages/airflow/example_dags/example_dynamic_task_mapping.py
[2023-11-01T21:40:04.199-0500] {logging_mixin.py:151} INFO - [2023-11-01T21:40:04.199-0500] {dag.py:2941} INFO - Sync 1 DAGs
[2023-11-01T21:40:04.209-0500] {logging_mixin.py:151} INFO - [2023-11-01T21:40:04.209-0500] {dag.py:3722} INFO - Setting next_dagrun for example_dynamic_task_mapping to 2022-03-04T00:00:00+00:00, run_after=2022-03-05T00:00:00+00:00
[2023-11-01T21:40:04.220-0500] {processor.py:179} INFO - Processing /Users/dimz/EconWizard/hermesvirtual/lib/python3.8/site-packages/airflow/example_dags/example_dynamic_task_mapping.py took 0.164 seconds
[2023-11-01T21:42:01.103-0500] {processor.py:157} INFO - Started process (PID=88456) to work on /Users/dimz/EconWizard/hermesvirtual/lib/python3.8/site-packages/airflow/example_dags/example_dynamic_task_mapping.py
[2023-11-01T21:42:01.108-0500] {processor.py:829} INFO - Processing file /Users/dimz/EconWizard/hermesvirtual/lib/python3.8/site-packages/airflow/example_dags/example_dynamic_task_mapping.py for tasks to queue
[2023-11-01T21:42:01.109-0500] {logging_mixin.py:151} INFO - [2023-11-01T21:42:01.109-0500] {dagbag.py:536} INFO - Filling up the DagBag from /Users/dimz/EconWizard/hermesvirtual/lib/python3.8/site-packages/airflow/example_dags/example_dynamic_task_mapping.py
[2023-11-01T21:42:01.143-0500] {processor.py:839} INFO - DAG(s) dict_keys(['example_dynamic_task_mapping']) retrieved from /Users/dimz/EconWizard/hermesvirtual/lib/python3.8/site-packages/airflow/example_dags/example_dynamic_task_mapping.py
[2023-11-01T21:42:01.243-0500] {logging_mixin.py:151} INFO - [2023-11-01T21:42:01.243-0500] {dag.py:2941} INFO - Sync 1 DAGs
[2023-11-01T21:42:01.253-0500] {logging_mixin.py:151} INFO - [2023-11-01T21:42:01.252-0500] {dag.py:3722} INFO - Setting next_dagrun for example_dynamic_task_mapping to 2022-03-04T00:00:00+00:00, run_after=2022-03-05T00:00:00+00:00
[2023-11-01T21:42:01.263-0500] {processor.py:179} INFO - Processing /Users/dimz/EconWizard/hermesvirtual/lib/python3.8/site-packages/airflow/example_dags/example_dynamic_task_mapping.py took 0.160 seconds
[2023-11-01T21:43:53.408-0500] {processor.py:157} INFO - Started process (PID=88683) to work on /Users/dimz/EconWizard/hermesvirtual/lib/python3.8/site-packages/airflow/example_dags/example_dynamic_task_mapping.py
[2023-11-01T21:43:53.412-0500] {processor.py:829} INFO - Processing file /Users/dimz/EconWizard/hermesvirtual/lib/python3.8/site-packages/airflow/example_dags/example_dynamic_task_mapping.py for tasks to queue
[2023-11-01T21:43:53.413-0500] {logging_mixin.py:151} INFO - [2023-11-01T21:43:53.413-0500] {dagbag.py:536} INFO - Filling up the DagBag from /Users/dimz/EconWizard/hermesvirtual/lib/python3.8/site-packages/airflow/example_dags/example_dynamic_task_mapping.py
[2023-11-01T21:43:53.446-0500] {processor.py:839} INFO - DAG(s) dict_keys(['example_dynamic_task_mapping']) retrieved from /Users/dimz/EconWizard/hermesvirtual/lib/python3.8/site-packages/airflow/example_dags/example_dynamic_task_mapping.py
[2023-11-01T21:43:53.559-0500] {logging_mixin.py:151} INFO - [2023-11-01T21:43:53.559-0500] {dag.py:2941} INFO - Sync 1 DAGs
[2023-11-01T21:43:53.575-0500] {logging_mixin.py:151} INFO - [2023-11-01T21:43:53.575-0500] {dag.py:3722} INFO - Setting next_dagrun for example_dynamic_task_mapping to 2022-03-04T00:00:00+00:00, run_after=2022-03-05T00:00:00+00:00
[2023-11-01T21:43:53.593-0500] {processor.py:179} INFO - Processing /Users/dimz/EconWizard/hermesvirtual/lib/python3.8/site-packages/airflow/example_dags/example_dynamic_task_mapping.py took 0.186 seconds
[2023-11-01T21:45:55.859-0500] {processor.py:157} INFO - Started process (PID=88852) to work on /Users/dimz/EconWizard/hermesvirtual/lib/python3.8/site-packages/airflow/example_dags/example_dynamic_task_mapping.py
[2023-11-01T21:45:55.864-0500] {processor.py:829} INFO - Processing file /Users/dimz/EconWizard/hermesvirtual/lib/python3.8/site-packages/airflow/example_dags/example_dynamic_task_mapping.py for tasks to queue
[2023-11-01T21:45:55.865-0500] {logging_mixin.py:151} INFO - [2023-11-01T21:45:55.865-0500] {dagbag.py:536} INFO - Filling up the DagBag from /Users/dimz/EconWizard/hermesvirtual/lib/python3.8/site-packages/airflow/example_dags/example_dynamic_task_mapping.py
[2023-11-01T21:45:55.898-0500] {processor.py:839} INFO - DAG(s) dict_keys(['example_dynamic_task_mapping']) retrieved from /Users/dimz/EconWizard/hermesvirtual/lib/python3.8/site-packages/airflow/example_dags/example_dynamic_task_mapping.py
[2023-11-01T21:45:55.995-0500] {logging_mixin.py:151} INFO - [2023-11-01T21:45:55.995-0500] {dag.py:2941} INFO - Sync 1 DAGs
[2023-11-01T21:45:56.005-0500] {logging_mixin.py:151} INFO - [2023-11-01T21:45:56.005-0500] {dag.py:3722} INFO - Setting next_dagrun for example_dynamic_task_mapping to 2022-03-04T00:00:00+00:00, run_after=2022-03-05T00:00:00+00:00
[2023-11-01T21:45:56.015-0500] {processor.py:179} INFO - Processing /Users/dimz/EconWizard/hermesvirtual/lib/python3.8/site-packages/airflow/example_dags/example_dynamic_task_mapping.py took 0.156 seconds
[2023-11-01T21:47:58.274-0500] {processor.py:157} INFO - Started process (PID=89104) to work on /Users/dimz/EconWizard/hermesvirtual/lib/python3.8/site-packages/airflow/example_dags/example_dynamic_task_mapping.py
[2023-11-01T21:47:58.279-0500] {processor.py:829} INFO - Processing file /Users/dimz/EconWizard/hermesvirtual/lib/python3.8/site-packages/airflow/example_dags/example_dynamic_task_mapping.py for tasks to queue
[2023-11-01T21:47:58.279-0500] {logging_mixin.py:151} INFO - [2023-11-01T21:47:58.279-0500] {dagbag.py:536} INFO - Filling up the DagBag from /Users/dimz/EconWizard/hermesvirtual/lib/python3.8/site-packages/airflow/example_dags/example_dynamic_task_mapping.py
[2023-11-01T21:47:58.312-0500] {processor.py:839} INFO - DAG(s) dict_keys(['example_dynamic_task_mapping']) retrieved from /Users/dimz/EconWizard/hermesvirtual/lib/python3.8/site-packages/airflow/example_dags/example_dynamic_task_mapping.py
[2023-11-01T21:47:58.409-0500] {logging_mixin.py:151} INFO - [2023-11-01T21:47:58.409-0500] {dag.py:2941} INFO - Sync 1 DAGs
[2023-11-01T21:47:58.418-0500] {logging_mixin.py:151} INFO - [2023-11-01T21:47:58.418-0500] {dag.py:3722} INFO - Setting next_dagrun for example_dynamic_task_mapping to 2022-03-04T00:00:00+00:00, run_after=2022-03-05T00:00:00+00:00
[2023-11-01T21:47:58.428-0500] {processor.py:179} INFO - Processing /Users/dimz/EconWizard/hermesvirtual/lib/python3.8/site-packages/airflow/example_dags/example_dynamic_task_mapping.py took 0.155 seconds
[2023-11-01T21:49:57.827-0500] {processor.py:157} INFO - Started process (PID=89267) to work on /Users/dimz/EconWizard/hermesvirtual/lib/python3.8/site-packages/airflow/example_dags/example_dynamic_task_mapping.py
[2023-11-01T21:49:57.832-0500] {processor.py:829} INFO - Processing file /Users/dimz/EconWizard/hermesvirtual/lib/python3.8/site-packages/airflow/example_dags/example_dynamic_task_mapping.py for tasks to queue
[2023-11-01T21:49:57.833-0500] {logging_mixin.py:151} INFO - [2023-11-01T21:49:57.832-0500] {dagbag.py:536} INFO - Filling up the DagBag from /Users/dimz/EconWizard/hermesvirtual/lib/python3.8/site-packages/airflow/example_dags/example_dynamic_task_mapping.py
[2023-11-01T21:49:57.865-0500] {processor.py:839} INFO - DAG(s) dict_keys(['example_dynamic_task_mapping']) retrieved from /Users/dimz/EconWizard/hermesvirtual/lib/python3.8/site-packages/airflow/example_dags/example_dynamic_task_mapping.py
[2023-11-01T21:49:57.975-0500] {logging_mixin.py:151} INFO - [2023-11-01T21:49:57.975-0500] {dag.py:2941} INFO - Sync 1 DAGs
[2023-11-01T21:49:57.987-0500] {logging_mixin.py:151} INFO - [2023-11-01T21:49:57.986-0500] {dag.py:3722} INFO - Setting next_dagrun for example_dynamic_task_mapping to 2022-03-04T00:00:00+00:00, run_after=2022-03-05T00:00:00+00:00
[2023-11-01T21:49:57.998-0500] {processor.py:179} INFO - Processing /Users/dimz/EconWizard/hermesvirtual/lib/python3.8/site-packages/airflow/example_dags/example_dynamic_task_mapping.py took 0.171 seconds
[2023-11-01T21:51:55.766-0500] {processor.py:157} INFO - Started process (PID=89419) to work on /Users/dimz/EconWizard/hermesvirtual/lib/python3.8/site-packages/airflow/example_dags/example_dynamic_task_mapping.py
[2023-11-01T21:51:55.771-0500] {processor.py:829} INFO - Processing file /Users/dimz/EconWizard/hermesvirtual/lib/python3.8/site-packages/airflow/example_dags/example_dynamic_task_mapping.py for tasks to queue
[2023-11-01T21:51:55.771-0500] {logging_mixin.py:151} INFO - [2023-11-01T21:51:55.771-0500] {dagbag.py:536} INFO - Filling up the DagBag from /Users/dimz/EconWizard/hermesvirtual/lib/python3.8/site-packages/airflow/example_dags/example_dynamic_task_mapping.py
[2023-11-01T21:51:55.804-0500] {processor.py:839} INFO - DAG(s) dict_keys(['example_dynamic_task_mapping']) retrieved from /Users/dimz/EconWizard/hermesvirtual/lib/python3.8/site-packages/airflow/example_dags/example_dynamic_task_mapping.py
[2023-11-01T21:51:55.901-0500] {logging_mixin.py:151} INFO - [2023-11-01T21:51:55.901-0500] {dag.py:2941} INFO - Sync 1 DAGs
[2023-11-01T21:51:55.910-0500] {logging_mixin.py:151} INFO - [2023-11-01T21:51:55.910-0500] {dag.py:3722} INFO - Setting next_dagrun for example_dynamic_task_mapping to 2022-03-04T00:00:00+00:00, run_after=2022-03-05T00:00:00+00:00
[2023-11-01T21:51:55.920-0500] {processor.py:179} INFO - Processing /Users/dimz/EconWizard/hermesvirtual/lib/python3.8/site-packages/airflow/example_dags/example_dynamic_task_mapping.py took 0.155 seconds
[2023-11-01T21:53:52.846-0500] {processor.py:157} INFO - Started process (PID=89602) to work on /Users/dimz/EconWizard/hermesvirtual/lib/python3.8/site-packages/airflow/example_dags/example_dynamic_task_mapping.py
[2023-11-01T21:53:52.851-0500] {processor.py:829} INFO - Processing file /Users/dimz/EconWizard/hermesvirtual/lib/python3.8/site-packages/airflow/example_dags/example_dynamic_task_mapping.py for tasks to queue
[2023-11-01T21:53:52.852-0500] {logging_mixin.py:151} INFO - [2023-11-01T21:53:52.852-0500] {dagbag.py:536} INFO - Filling up the DagBag from /Users/dimz/EconWizard/hermesvirtual/lib/python3.8/site-packages/airflow/example_dags/example_dynamic_task_mapping.py
[2023-11-01T21:53:52.885-0500] {processor.py:839} INFO - DAG(s) dict_keys(['example_dynamic_task_mapping']) retrieved from /Users/dimz/EconWizard/hermesvirtual/lib/python3.8/site-packages/airflow/example_dags/example_dynamic_task_mapping.py
[2023-11-01T21:53:52.986-0500] {logging_mixin.py:151} INFO - [2023-11-01T21:53:52.985-0500] {dag.py:2941} INFO - Sync 1 DAGs
[2023-11-01T21:53:52.995-0500] {logging_mixin.py:151} INFO - [2023-11-01T21:53:52.995-0500] {dag.py:3722} INFO - Setting next_dagrun for example_dynamic_task_mapping to 2022-03-04T00:00:00+00:00, run_after=2022-03-05T00:00:00+00:00
[2023-11-01T21:53:53.005-0500] {processor.py:179} INFO - Processing /Users/dimz/EconWizard/hermesvirtual/lib/python3.8/site-packages/airflow/example_dags/example_dynamic_task_mapping.py took 0.159 seconds
[2023-11-01T21:55:54.778-0500] {processor.py:157} INFO - Started process (PID=89759) to work on /Users/dimz/EconWizard/hermesvirtual/lib/python3.8/site-packages/airflow/example_dags/example_dynamic_task_mapping.py
[2023-11-01T21:55:54.783-0500] {processor.py:829} INFO - Processing file /Users/dimz/EconWizard/hermesvirtual/lib/python3.8/site-packages/airflow/example_dags/example_dynamic_task_mapping.py for tasks to queue
[2023-11-01T21:55:54.784-0500] {logging_mixin.py:151} INFO - [2023-11-01T21:55:54.784-0500] {dagbag.py:536} INFO - Filling up the DagBag from /Users/dimz/EconWizard/hermesvirtual/lib/python3.8/site-packages/airflow/example_dags/example_dynamic_task_mapping.py
[2023-11-01T21:55:54.816-0500] {processor.py:839} INFO - DAG(s) dict_keys(['example_dynamic_task_mapping']) retrieved from /Users/dimz/EconWizard/hermesvirtual/lib/python3.8/site-packages/airflow/example_dags/example_dynamic_task_mapping.py
[2023-11-01T21:55:54.913-0500] {logging_mixin.py:151} INFO - [2023-11-01T21:55:54.913-0500] {dag.py:2941} INFO - Sync 1 DAGs
[2023-11-01T21:55:54.923-0500] {logging_mixin.py:151} INFO - [2023-11-01T21:55:54.922-0500] {dag.py:3722} INFO - Setting next_dagrun for example_dynamic_task_mapping to 2022-03-04T00:00:00+00:00, run_after=2022-03-05T00:00:00+00:00
[2023-11-01T21:55:54.933-0500] {processor.py:179} INFO - Processing /Users/dimz/EconWizard/hermesvirtual/lib/python3.8/site-packages/airflow/example_dags/example_dynamic_task_mapping.py took 0.155 seconds
[2023-11-01T21:57:50.540-0500] {processor.py:157} INFO - Started process (PID=89977) to work on /Users/dimz/EconWizard/hermesvirtual/lib/python3.8/site-packages/airflow/example_dags/example_dynamic_task_mapping.py
[2023-11-01T21:57:50.545-0500] {processor.py:829} INFO - Processing file /Users/dimz/EconWizard/hermesvirtual/lib/python3.8/site-packages/airflow/example_dags/example_dynamic_task_mapping.py for tasks to queue
[2023-11-01T21:57:50.546-0500] {logging_mixin.py:151} INFO - [2023-11-01T21:57:50.545-0500] {dagbag.py:536} INFO - Filling up the DagBag from /Users/dimz/EconWizard/hermesvirtual/lib/python3.8/site-packages/airflow/example_dags/example_dynamic_task_mapping.py
[2023-11-01T21:57:50.584-0500] {processor.py:839} INFO - DAG(s) dict_keys(['example_dynamic_task_mapping']) retrieved from /Users/dimz/EconWizard/hermesvirtual/lib/python3.8/site-packages/airflow/example_dags/example_dynamic_task_mapping.py
[2023-11-01T21:57:50.690-0500] {logging_mixin.py:151} INFO - [2023-11-01T21:57:50.689-0500] {dag.py:2941} INFO - Sync 1 DAGs
[2023-11-01T21:57:50.700-0500] {logging_mixin.py:151} INFO - [2023-11-01T21:57:50.700-0500] {dag.py:3722} INFO - Setting next_dagrun for example_dynamic_task_mapping to 2022-03-04T00:00:00+00:00, run_after=2022-03-05T00:00:00+00:00
[2023-11-01T21:57:50.712-0500] {processor.py:179} INFO - Processing /Users/dimz/EconWizard/hermesvirtual/lib/python3.8/site-packages/airflow/example_dags/example_dynamic_task_mapping.py took 0.173 seconds
[2023-11-01T21:59:51.196-0500] {processor.py:157} INFO - Started process (PID=90114) to work on /Users/dimz/EconWizard/hermesvirtual/lib/python3.8/site-packages/airflow/example_dags/example_dynamic_task_mapping.py
[2023-11-01T21:59:51.201-0500] {processor.py:829} INFO - Processing file /Users/dimz/EconWizard/hermesvirtual/lib/python3.8/site-packages/airflow/example_dags/example_dynamic_task_mapping.py for tasks to queue
[2023-11-01T21:59:51.202-0500] {logging_mixin.py:151} INFO - [2023-11-01T21:59:51.201-0500] {dagbag.py:536} INFO - Filling up the DagBag from /Users/dimz/EconWizard/hermesvirtual/lib/python3.8/site-packages/airflow/example_dags/example_dynamic_task_mapping.py
[2023-11-01T21:59:51.236-0500] {processor.py:839} INFO - DAG(s) dict_keys(['example_dynamic_task_mapping']) retrieved from /Users/dimz/EconWizard/hermesvirtual/lib/python3.8/site-packages/airflow/example_dags/example_dynamic_task_mapping.py
[2023-11-01T21:59:51.342-0500] {logging_mixin.py:151} INFO - [2023-11-01T21:59:51.342-0500] {dag.py:2941} INFO - Sync 1 DAGs
[2023-11-01T21:59:51.353-0500] {logging_mixin.py:151} INFO - [2023-11-01T21:59:51.353-0500] {dag.py:3722} INFO - Setting next_dagrun for example_dynamic_task_mapping to 2022-03-04T00:00:00+00:00, run_after=2022-03-05T00:00:00+00:00
[2023-11-01T21:59:51.363-0500] {processor.py:179} INFO - Processing /Users/dimz/EconWizard/hermesvirtual/lib/python3.8/site-packages/airflow/example_dags/example_dynamic_task_mapping.py took 0.168 seconds
[2023-11-01T22:01:53.437-0500] {processor.py:157} INFO - Started process (PID=90293) to work on /Users/dimz/EconWizard/hermesvirtual/lib/python3.8/site-packages/airflow/example_dags/example_dynamic_task_mapping.py
[2023-11-01T22:01:53.441-0500] {processor.py:829} INFO - Processing file /Users/dimz/EconWizard/hermesvirtual/lib/python3.8/site-packages/airflow/example_dags/example_dynamic_task_mapping.py for tasks to queue
[2023-11-01T22:01:53.442-0500] {logging_mixin.py:151} INFO - [2023-11-01T22:01:53.442-0500] {dagbag.py:536} INFO - Filling up the DagBag from /Users/dimz/EconWizard/hermesvirtual/lib/python3.8/site-packages/airflow/example_dags/example_dynamic_task_mapping.py
[2023-11-01T22:01:53.474-0500] {processor.py:839} INFO - DAG(s) dict_keys(['example_dynamic_task_mapping']) retrieved from /Users/dimz/EconWizard/hermesvirtual/lib/python3.8/site-packages/airflow/example_dags/example_dynamic_task_mapping.py
[2023-11-01T22:01:53.571-0500] {logging_mixin.py:151} INFO - [2023-11-01T22:01:53.571-0500] {dag.py:2941} INFO - Sync 1 DAGs
[2023-11-01T22:01:53.581-0500] {logging_mixin.py:151} INFO - [2023-11-01T22:01:53.581-0500] {dag.py:3722} INFO - Setting next_dagrun for example_dynamic_task_mapping to 2022-03-04T00:00:00+00:00, run_after=2022-03-05T00:00:00+00:00
[2023-11-01T22:01:53.591-0500] {processor.py:179} INFO - Processing /Users/dimz/EconWizard/hermesvirtual/lib/python3.8/site-packages/airflow/example_dags/example_dynamic_task_mapping.py took 0.155 seconds
[2023-11-01T22:03:54.889-0500] {processor.py:157} INFO - Started process (PID=90463) to work on /Users/dimz/EconWizard/hermesvirtual/lib/python3.8/site-packages/airflow/example_dags/example_dynamic_task_mapping.py
[2023-11-01T22:03:54.894-0500] {processor.py:829} INFO - Processing file /Users/dimz/EconWizard/hermesvirtual/lib/python3.8/site-packages/airflow/example_dags/example_dynamic_task_mapping.py for tasks to queue
[2023-11-01T22:03:54.895-0500] {logging_mixin.py:151} INFO - [2023-11-01T22:03:54.894-0500] {dagbag.py:536} INFO - Filling up the DagBag from /Users/dimz/EconWizard/hermesvirtual/lib/python3.8/site-packages/airflow/example_dags/example_dynamic_task_mapping.py
[2023-11-01T22:03:54.927-0500] {processor.py:839} INFO - DAG(s) dict_keys(['example_dynamic_task_mapping']) retrieved from /Users/dimz/EconWizard/hermesvirtual/lib/python3.8/site-packages/airflow/example_dags/example_dynamic_task_mapping.py
[2023-11-01T22:03:55.025-0500] {logging_mixin.py:151} INFO - [2023-11-01T22:03:55.024-0500] {dag.py:2941} INFO - Sync 1 DAGs
[2023-11-01T22:03:55.034-0500] {logging_mixin.py:151} INFO - [2023-11-01T22:03:55.034-0500] {dag.py:3722} INFO - Setting next_dagrun for example_dynamic_task_mapping to 2022-03-04T00:00:00+00:00, run_after=2022-03-05T00:00:00+00:00
[2023-11-01T22:03:55.044-0500] {processor.py:179} INFO - Processing /Users/dimz/EconWizard/hermesvirtual/lib/python3.8/site-packages/airflow/example_dags/example_dynamic_task_mapping.py took 0.155 seconds
[2023-11-01T22:05:46.840-0500] {processor.py:157} INFO - Started process (PID=90682) to work on /Users/dimz/EconWizard/hermesvirtual/lib/python3.8/site-packages/airflow/example_dags/example_dynamic_task_mapping.py
[2023-11-01T22:05:46.845-0500] {processor.py:829} INFO - Processing file /Users/dimz/EconWizard/hermesvirtual/lib/python3.8/site-packages/airflow/example_dags/example_dynamic_task_mapping.py for tasks to queue
[2023-11-01T22:05:46.846-0500] {logging_mixin.py:151} INFO - [2023-11-01T22:05:46.845-0500] {dagbag.py:536} INFO - Filling up the DagBag from /Users/dimz/EconWizard/hermesvirtual/lib/python3.8/site-packages/airflow/example_dags/example_dynamic_task_mapping.py
[2023-11-01T22:05:46.879-0500] {processor.py:839} INFO - DAG(s) dict_keys(['example_dynamic_task_mapping']) retrieved from /Users/dimz/EconWizard/hermesvirtual/lib/python3.8/site-packages/airflow/example_dags/example_dynamic_task_mapping.py
[2023-11-01T22:05:46.981-0500] {logging_mixin.py:151} INFO - [2023-11-01T22:05:46.981-0500] {dag.py:2941} INFO - Sync 1 DAGs
[2023-11-01T22:05:46.992-0500] {logging_mixin.py:151} INFO - [2023-11-01T22:05:46.991-0500] {dag.py:3722} INFO - Setting next_dagrun for example_dynamic_task_mapping to 2022-03-04T00:00:00+00:00, run_after=2022-03-05T00:00:00+00:00
[2023-11-01T22:05:47.003-0500] {processor.py:179} INFO - Processing /Users/dimz/EconWizard/hermesvirtual/lib/python3.8/site-packages/airflow/example_dags/example_dynamic_task_mapping.py took 0.163 seconds
[2023-11-01T22:07:53.781-0500] {processor.py:157} INFO - Started process (PID=90909) to work on /Users/dimz/EconWizard/hermesvirtual/lib/python3.8/site-packages/airflow/example_dags/example_dynamic_task_mapping.py
[2023-11-01T22:07:53.786-0500] {processor.py:829} INFO - Processing file /Users/dimz/EconWizard/hermesvirtual/lib/python3.8/site-packages/airflow/example_dags/example_dynamic_task_mapping.py for tasks to queue
[2023-11-01T22:07:53.786-0500] {logging_mixin.py:151} INFO - [2023-11-01T22:07:53.786-0500] {dagbag.py:536} INFO - Filling up the DagBag from /Users/dimz/EconWizard/hermesvirtual/lib/python3.8/site-packages/airflow/example_dags/example_dynamic_task_mapping.py
[2023-11-01T22:07:53.823-0500] {processor.py:839} INFO - DAG(s) dict_keys(['example_dynamic_task_mapping']) retrieved from /Users/dimz/EconWizard/hermesvirtual/lib/python3.8/site-packages/airflow/example_dags/example_dynamic_task_mapping.py
[2023-11-01T22:07:53.921-0500] {logging_mixin.py:151} INFO - [2023-11-01T22:07:53.921-0500] {dag.py:2941} INFO - Sync 1 DAGs
[2023-11-01T22:07:53.931-0500] {logging_mixin.py:151} INFO - [2023-11-01T22:07:53.930-0500] {dag.py:3722} INFO - Setting next_dagrun for example_dynamic_task_mapping to 2022-03-04T00:00:00+00:00, run_after=2022-03-05T00:00:00+00:00
[2023-11-01T22:07:53.941-0500] {processor.py:179} INFO - Processing /Users/dimz/EconWizard/hermesvirtual/lib/python3.8/site-packages/airflow/example_dags/example_dynamic_task_mapping.py took 0.161 seconds
[2023-11-01T22:14:33.883-0500] {processor.py:157} INFO - Started process (PID=91557) to work on /Users/dimz/EconWizard/hermesvirtual/lib/python3.8/site-packages/airflow/example_dags/example_dynamic_task_mapping.py
[2023-11-01T22:14:33.888-0500] {processor.py:829} INFO - Processing file /Users/dimz/EconWizard/hermesvirtual/lib/python3.8/site-packages/airflow/example_dags/example_dynamic_task_mapping.py for tasks to queue
[2023-11-01T22:14:33.889-0500] {logging_mixin.py:151} INFO - [2023-11-01T22:14:33.889-0500] {dagbag.py:536} INFO - Filling up the DagBag from /Users/dimz/EconWizard/hermesvirtual/lib/python3.8/site-packages/airflow/example_dags/example_dynamic_task_mapping.py
[2023-11-01T22:14:33.922-0500] {processor.py:839} INFO - DAG(s) dict_keys(['example_dynamic_task_mapping']) retrieved from /Users/dimz/EconWizard/hermesvirtual/lib/python3.8/site-packages/airflow/example_dags/example_dynamic_task_mapping.py
[2023-11-01T22:14:34.246-0500] {logging_mixin.py:151} INFO - [2023-11-01T22:14:34.246-0500] {dag.py:2941} INFO - Sync 1 DAGs
[2023-11-01T22:14:34.254-0500] {logging_mixin.py:151} INFO - [2023-11-01T22:14:34.254-0500] {dag.py:3722} INFO - Setting next_dagrun for example_dynamic_task_mapping to 2022-03-04T00:00:00+00:00, run_after=2022-03-05T00:00:00+00:00
[2023-11-01T22:14:34.266-0500] {processor.py:179} INFO - Processing /Users/dimz/EconWizard/hermesvirtual/lib/python3.8/site-packages/airflow/example_dags/example_dynamic_task_mapping.py took 0.383 seconds
[2023-11-01T22:16:34.035-0500] {processor.py:157} INFO - Started process (PID=91755) to work on /Users/dimz/EconWizard/hermesvirtual/lib/python3.8/site-packages/airflow/example_dags/example_dynamic_task_mapping.py
[2023-11-01T22:16:34.040-0500] {processor.py:829} INFO - Processing file /Users/dimz/EconWizard/hermesvirtual/lib/python3.8/site-packages/airflow/example_dags/example_dynamic_task_mapping.py for tasks to queue
[2023-11-01T22:16:34.040-0500] {logging_mixin.py:151} INFO - [2023-11-01T22:16:34.040-0500] {dagbag.py:536} INFO - Filling up the DagBag from /Users/dimz/EconWizard/hermesvirtual/lib/python3.8/site-packages/airflow/example_dags/example_dynamic_task_mapping.py
[2023-11-01T22:16:34.074-0500] {processor.py:839} INFO - DAG(s) dict_keys(['example_dynamic_task_mapping']) retrieved from /Users/dimz/EconWizard/hermesvirtual/lib/python3.8/site-packages/airflow/example_dags/example_dynamic_task_mapping.py
[2023-11-01T22:16:34.182-0500] {logging_mixin.py:151} INFO - [2023-11-01T22:16:34.182-0500] {dag.py:2941} INFO - Sync 1 DAGs
[2023-11-01T22:16:34.194-0500] {logging_mixin.py:151} INFO - [2023-11-01T22:16:34.194-0500] {dag.py:3722} INFO - Setting next_dagrun for example_dynamic_task_mapping to 2022-03-04T00:00:00+00:00, run_after=2022-03-05T00:00:00+00:00
[2023-11-01T22:16:34.207-0500] {processor.py:179} INFO - Processing /Users/dimz/EconWizard/hermesvirtual/lib/python3.8/site-packages/airflow/example_dags/example_dynamic_task_mapping.py took 0.172 seconds
[2023-11-01T22:18:33.476-0500] {processor.py:157} INFO - Started process (PID=92055) to work on /Users/dimz/EconWizard/hermesvirtual/lib/python3.8/site-packages/airflow/example_dags/example_dynamic_task_mapping.py
[2023-11-01T22:18:33.481-0500] {processor.py:829} INFO - Processing file /Users/dimz/EconWizard/hermesvirtual/lib/python3.8/site-packages/airflow/example_dags/example_dynamic_task_mapping.py for tasks to queue
[2023-11-01T22:18:33.481-0500] {logging_mixin.py:151} INFO - [2023-11-01T22:18:33.481-0500] {dagbag.py:536} INFO - Filling up the DagBag from /Users/dimz/EconWizard/hermesvirtual/lib/python3.8/site-packages/airflow/example_dags/example_dynamic_task_mapping.py
[2023-11-01T22:18:33.517-0500] {processor.py:839} INFO - DAG(s) dict_keys(['example_dynamic_task_mapping']) retrieved from /Users/dimz/EconWizard/hermesvirtual/lib/python3.8/site-packages/airflow/example_dags/example_dynamic_task_mapping.py
[2023-11-01T22:18:33.627-0500] {logging_mixin.py:151} INFO - [2023-11-01T22:18:33.626-0500] {dag.py:2941} INFO - Sync 1 DAGs
[2023-11-01T22:18:33.637-0500] {logging_mixin.py:151} INFO - [2023-11-01T22:18:33.637-0500] {dag.py:3722} INFO - Setting next_dagrun for example_dynamic_task_mapping to 2022-03-04T00:00:00+00:00, run_after=2022-03-05T00:00:00+00:00
[2023-11-01T22:18:33.649-0500] {processor.py:179} INFO - Processing /Users/dimz/EconWizard/hermesvirtual/lib/python3.8/site-packages/airflow/example_dags/example_dynamic_task_mapping.py took 0.173 seconds
[2023-11-01T22:20:20.506-0500] {processor.py:157} INFO - Started process (PID=92322) to work on /Users/dimz/EconWizard/hermesvirtual/lib/python3.8/site-packages/airflow/example_dags/example_dynamic_task_mapping.py
[2023-11-01T22:20:20.512-0500] {processor.py:829} INFO - Processing file /Users/dimz/EconWizard/hermesvirtual/lib/python3.8/site-packages/airflow/example_dags/example_dynamic_task_mapping.py for tasks to queue
[2023-11-01T22:20:20.512-0500] {logging_mixin.py:151} INFO - [2023-11-01T22:20:20.512-0500] {dagbag.py:536} INFO - Filling up the DagBag from /Users/dimz/EconWizard/hermesvirtual/lib/python3.8/site-packages/airflow/example_dags/example_dynamic_task_mapping.py
[2023-11-01T22:20:20.545-0500] {processor.py:839} INFO - DAG(s) dict_keys(['example_dynamic_task_mapping']) retrieved from /Users/dimz/EconWizard/hermesvirtual/lib/python3.8/site-packages/airflow/example_dags/example_dynamic_task_mapping.py
[2023-11-01T22:20:20.648-0500] {logging_mixin.py:151} INFO - [2023-11-01T22:20:20.647-0500] {dag.py:2941} INFO - Sync 1 DAGs
[2023-11-01T22:20:20.657-0500] {logging_mixin.py:151} INFO - [2023-11-01T22:20:20.657-0500] {dag.py:3722} INFO - Setting next_dagrun for example_dynamic_task_mapping to 2022-03-04T00:00:00+00:00, run_after=2022-03-05T00:00:00+00:00
[2023-11-01T22:20:20.668-0500] {processor.py:179} INFO - Processing /Users/dimz/EconWizard/hermesvirtual/lib/python3.8/site-packages/airflow/example_dags/example_dynamic_task_mapping.py took 0.162 seconds
[2023-11-01T22:22:18.379-0500] {processor.py:157} INFO - Started process (PID=92638) to work on /Users/dimz/EconWizard/hermesvirtual/lib/python3.8/site-packages/airflow/example_dags/example_dynamic_task_mapping.py
[2023-11-01T22:22:18.383-0500] {processor.py:829} INFO - Processing file /Users/dimz/EconWizard/hermesvirtual/lib/python3.8/site-packages/airflow/example_dags/example_dynamic_task_mapping.py for tasks to queue
[2023-11-01T22:22:18.384-0500] {logging_mixin.py:151} INFO - [2023-11-01T22:22:18.383-0500] {dagbag.py:536} INFO - Filling up the DagBag from /Users/dimz/EconWizard/hermesvirtual/lib/python3.8/site-packages/airflow/example_dags/example_dynamic_task_mapping.py
[2023-11-01T22:22:18.419-0500] {processor.py:839} INFO - DAG(s) dict_keys(['example_dynamic_task_mapping']) retrieved from /Users/dimz/EconWizard/hermesvirtual/lib/python3.8/site-packages/airflow/example_dags/example_dynamic_task_mapping.py
[2023-11-01T22:22:18.531-0500] {logging_mixin.py:151} INFO - [2023-11-01T22:22:18.531-0500] {dag.py:2941} INFO - Sync 1 DAGs
[2023-11-01T22:22:18.542-0500] {logging_mixin.py:151} INFO - [2023-11-01T22:22:18.542-0500] {dag.py:3722} INFO - Setting next_dagrun for example_dynamic_task_mapping to 2022-03-04T00:00:00+00:00, run_after=2022-03-05T00:00:00+00:00
[2023-11-01T22:22:18.552-0500] {processor.py:179} INFO - Processing /Users/dimz/EconWizard/hermesvirtual/lib/python3.8/site-packages/airflow/example_dags/example_dynamic_task_mapping.py took 0.174 seconds
[2023-11-02T00:49:55.913-0500] {processor.py:157} INFO - Started process (PID=92960) to work on /Users/dimz/EconWizard/hermesvirtual/lib/python3.8/site-packages/airflow/example_dags/example_dynamic_task_mapping.py
[2023-11-02T00:49:55.917-0500] {processor.py:829} INFO - Processing file /Users/dimz/EconWizard/hermesvirtual/lib/python3.8/site-packages/airflow/example_dags/example_dynamic_task_mapping.py for tasks to queue
[2023-11-02T00:49:55.918-0500] {logging_mixin.py:151} INFO - [2023-11-02T00:49:55.918-0500] {dagbag.py:536} INFO - Filling up the DagBag from /Users/dimz/EconWizard/hermesvirtual/lib/python3.8/site-packages/airflow/example_dags/example_dynamic_task_mapping.py
[2023-11-02T00:49:55.950-0500] {processor.py:839} INFO - DAG(s) dict_keys(['example_dynamic_task_mapping']) retrieved from /Users/dimz/EconWizard/hermesvirtual/lib/python3.8/site-packages/airflow/example_dags/example_dynamic_task_mapping.py
[2023-11-02T00:49:56.051-0500] {logging_mixin.py:151} INFO - [2023-11-02T00:49:56.051-0500] {dag.py:2941} INFO - Sync 1 DAGs
[2023-11-02T00:49:56.061-0500] {logging_mixin.py:151} INFO - [2023-11-02T00:49:56.061-0500] {dag.py:3722} INFO - Setting next_dagrun for example_dynamic_task_mapping to 2022-03-04T00:00:00+00:00, run_after=2022-03-05T00:00:00+00:00
[2023-11-02T00:49:56.070-0500] {processor.py:179} INFO - Processing /Users/dimz/EconWizard/hermesvirtual/lib/python3.8/site-packages/airflow/example_dags/example_dynamic_task_mapping.py took 0.158 seconds
[2023-11-02T04:35:54.776-0500] {processor.py:157} INFO - Started process (PID=93194) to work on /Users/dimz/EconWizard/hermesvirtual/lib/python3.8/site-packages/airflow/example_dags/example_dynamic_task_mapping.py
[2023-11-02T04:35:54.781-0500] {processor.py:829} INFO - Processing file /Users/dimz/EconWizard/hermesvirtual/lib/python3.8/site-packages/airflow/example_dags/example_dynamic_task_mapping.py for tasks to queue
[2023-11-02T04:35:54.782-0500] {logging_mixin.py:151} INFO - [2023-11-02T04:35:54.782-0500] {dagbag.py:536} INFO - Filling up the DagBag from /Users/dimz/EconWizard/hermesvirtual/lib/python3.8/site-packages/airflow/example_dags/example_dynamic_task_mapping.py
[2023-11-02T04:35:54.820-0500] {processor.py:839} INFO - DAG(s) dict_keys(['example_dynamic_task_mapping']) retrieved from /Users/dimz/EconWizard/hermesvirtual/lib/python3.8/site-packages/airflow/example_dags/example_dynamic_task_mapping.py
[2023-11-02T04:52:49.870-0500] {logging_mixin.py:151} INFO - [2023-11-02T04:52:49.870-0500] {dag.py:2941} INFO - Sync 1 DAGs
[2023-11-02T04:52:49.888-0500] {logging_mixin.py:151} INFO - [2023-11-02T04:52:49.888-0500] {dag.py:3722} INFO - Setting next_dagrun for example_dynamic_task_mapping to 2022-03-04T00:00:00+00:00, run_after=2022-03-05T00:00:00+00:00
[2023-11-02T04:52:49.907-0500] {processor.py:179} INFO - Processing /Users/dimz/EconWizard/hermesvirtual/lib/python3.8/site-packages/airflow/example_dags/example_dynamic_task_mapping.py took 0.490 seconds
[2023-11-02T06:54:06.371-0500] {processor.py:157} INFO - Started process (PID=93314) to work on /Users/dimz/EconWizard/hermesvirtual/lib/python3.8/site-packages/airflow/example_dags/example_dynamic_task_mapping.py
[2023-11-02T06:54:06.376-0500] {processor.py:829} INFO - Processing file /Users/dimz/EconWizard/hermesvirtual/lib/python3.8/site-packages/airflow/example_dags/example_dynamic_task_mapping.py for tasks to queue
[2023-11-02T06:54:06.376-0500] {logging_mixin.py:151} INFO - [2023-11-02T06:54:06.376-0500] {dagbag.py:536} INFO - Filling up the DagBag from /Users/dimz/EconWizard/hermesvirtual/lib/python3.8/site-packages/airflow/example_dags/example_dynamic_task_mapping.py
[2023-11-02T06:54:06.409-0500] {processor.py:839} INFO - DAG(s) dict_keys(['example_dynamic_task_mapping']) retrieved from /Users/dimz/EconWizard/hermesvirtual/lib/python3.8/site-packages/airflow/example_dags/example_dynamic_task_mapping.py
[2023-11-02T06:54:06.505-0500] {logging_mixin.py:151} INFO - [2023-11-02T06:54:06.505-0500] {dag.py:2941} INFO - Sync 1 DAGs
[2023-11-02T06:54:06.514-0500] {logging_mixin.py:151} INFO - [2023-11-02T06:54:06.514-0500] {dag.py:3722} INFO - Setting next_dagrun for example_dynamic_task_mapping to 2022-03-04T00:00:00+00:00, run_after=2022-03-05T00:00:00+00:00
[2023-11-02T06:54:06.524-0500] {processor.py:179} INFO - Processing /Users/dimz/EconWizard/hermesvirtual/lib/python3.8/site-packages/airflow/example_dags/example_dynamic_task_mapping.py took 0.153 seconds
[2023-11-02T08:29:22.380-0500] {processor.py:157} INFO - Started process (PID=93425) to work on /Users/dimz/EconWizard/hermesvirtual/lib/python3.8/site-packages/airflow/example_dags/example_dynamic_task_mapping.py
[2023-11-02T08:29:22.385-0500] {processor.py:829} INFO - Processing file /Users/dimz/EconWizard/hermesvirtual/lib/python3.8/site-packages/airflow/example_dags/example_dynamic_task_mapping.py for tasks to queue
[2023-11-02T08:29:22.386-0500] {logging_mixin.py:151} INFO - [2023-11-02T08:29:22.386-0500] {dagbag.py:536} INFO - Filling up the DagBag from /Users/dimz/EconWizard/hermesvirtual/lib/python3.8/site-packages/airflow/example_dags/example_dynamic_task_mapping.py
[2023-11-02T08:29:22.418-0500] {processor.py:839} INFO - DAG(s) dict_keys(['example_dynamic_task_mapping']) retrieved from /Users/dimz/EconWizard/hermesvirtual/lib/python3.8/site-packages/airflow/example_dags/example_dynamic_task_mapping.py
[2023-11-02T08:29:22.515-0500] {logging_mixin.py:151} INFO - [2023-11-02T08:29:22.515-0500] {dag.py:2941} INFO - Sync 1 DAGs
[2023-11-02T08:29:22.525-0500] {logging_mixin.py:151} INFO - [2023-11-02T08:29:22.524-0500] {dag.py:3722} INFO - Setting next_dagrun for example_dynamic_task_mapping to 2022-03-04T00:00:00+00:00, run_after=2022-03-05T00:00:00+00:00
[2023-11-02T08:29:22.534-0500] {processor.py:179} INFO - Processing /Users/dimz/EconWizard/hermesvirtual/lib/python3.8/site-packages/airflow/example_dags/example_dynamic_task_mapping.py took 0.155 seconds
[2023-11-02T09:03:29.009-0500] {processor.py:157} INFO - Started process (PID=93634) to work on /Users/dimz/EconWizard/hermesvirtual/lib/python3.8/site-packages/airflow/example_dags/example_dynamic_task_mapping.py
[2023-11-02T09:03:29.014-0500] {processor.py:829} INFO - Processing file /Users/dimz/EconWizard/hermesvirtual/lib/python3.8/site-packages/airflow/example_dags/example_dynamic_task_mapping.py for tasks to queue
[2023-11-02T09:03:29.014-0500] {logging_mixin.py:151} INFO - [2023-11-02T09:03:29.014-0500] {dagbag.py:536} INFO - Filling up the DagBag from /Users/dimz/EconWizard/hermesvirtual/lib/python3.8/site-packages/airflow/example_dags/example_dynamic_task_mapping.py
[2023-11-02T09:03:29.051-0500] {processor.py:839} INFO - DAG(s) dict_keys(['example_dynamic_task_mapping']) retrieved from /Users/dimz/EconWizard/hermesvirtual/lib/python3.8/site-packages/airflow/example_dags/example_dynamic_task_mapping.py
[2023-11-02T09:03:29.157-0500] {logging_mixin.py:151} INFO - [2023-11-02T09:03:29.157-0500] {dag.py:2941} INFO - Sync 1 DAGs
[2023-11-02T09:03:29.168-0500] {logging_mixin.py:151} INFO - [2023-11-02T09:03:29.168-0500] {dag.py:3722} INFO - Setting next_dagrun for example_dynamic_task_mapping to 2022-03-04T00:00:00+00:00, run_after=2022-03-05T00:00:00+00:00
[2023-11-02T09:03:29.178-0500] {processor.py:179} INFO - Processing /Users/dimz/EconWizard/hermesvirtual/lib/python3.8/site-packages/airflow/example_dags/example_dynamic_task_mapping.py took 0.170 seconds
[2023-11-02T09:05:26.685-0500] {processor.py:157} INFO - Started process (PID=93805) to work on /Users/dimz/EconWizard/hermesvirtual/lib/python3.8/site-packages/airflow/example_dags/example_dynamic_task_mapping.py
[2023-11-02T09:05:26.690-0500] {processor.py:829} INFO - Processing file /Users/dimz/EconWizard/hermesvirtual/lib/python3.8/site-packages/airflow/example_dags/example_dynamic_task_mapping.py for tasks to queue
[2023-11-02T09:05:26.690-0500] {logging_mixin.py:151} INFO - [2023-11-02T09:05:26.690-0500] {dagbag.py:536} INFO - Filling up the DagBag from /Users/dimz/EconWizard/hermesvirtual/lib/python3.8/site-packages/airflow/example_dags/example_dynamic_task_mapping.py
[2023-11-02T09:05:26.723-0500] {processor.py:839} INFO - DAG(s) dict_keys(['example_dynamic_task_mapping']) retrieved from /Users/dimz/EconWizard/hermesvirtual/lib/python3.8/site-packages/airflow/example_dags/example_dynamic_task_mapping.py
[2023-11-02T09:05:26.820-0500] {logging_mixin.py:151} INFO - [2023-11-02T09:05:26.820-0500] {dag.py:2941} INFO - Sync 1 DAGs
[2023-11-02T09:05:26.829-0500] {logging_mixin.py:151} INFO - [2023-11-02T09:05:26.829-0500] {dag.py:3722} INFO - Setting next_dagrun for example_dynamic_task_mapping to 2022-03-04T00:00:00+00:00, run_after=2022-03-05T00:00:00+00:00
[2023-11-02T09:05:26.839-0500] {processor.py:179} INFO - Processing /Users/dimz/EconWizard/hermesvirtual/lib/python3.8/site-packages/airflow/example_dags/example_dynamic_task_mapping.py took 0.155 seconds
[2023-11-02T09:07:30.163-0500] {processor.py:157} INFO - Started process (PID=93935) to work on /Users/dimz/EconWizard/hermesvirtual/lib/python3.8/site-packages/airflow/example_dags/example_dynamic_task_mapping.py
[2023-11-02T09:07:30.168-0500] {processor.py:829} INFO - Processing file /Users/dimz/EconWizard/hermesvirtual/lib/python3.8/site-packages/airflow/example_dags/example_dynamic_task_mapping.py for tasks to queue
[2023-11-02T09:07:30.168-0500] {logging_mixin.py:151} INFO - [2023-11-02T09:07:30.168-0500] {dagbag.py:536} INFO - Filling up the DagBag from /Users/dimz/EconWizard/hermesvirtual/lib/python3.8/site-packages/airflow/example_dags/example_dynamic_task_mapping.py
[2023-11-02T09:07:30.201-0500] {processor.py:839} INFO - DAG(s) dict_keys(['example_dynamic_task_mapping']) retrieved from /Users/dimz/EconWizard/hermesvirtual/lib/python3.8/site-packages/airflow/example_dags/example_dynamic_task_mapping.py
[2023-11-02T09:07:30.299-0500] {logging_mixin.py:151} INFO - [2023-11-02T09:07:30.299-0500] {dag.py:2941} INFO - Sync 1 DAGs
[2023-11-02T09:07:30.309-0500] {logging_mixin.py:151} INFO - [2023-11-02T09:07:30.309-0500] {dag.py:3722} INFO - Setting next_dagrun for example_dynamic_task_mapping to 2022-03-04T00:00:00+00:00, run_after=2022-03-05T00:00:00+00:00
[2023-11-02T09:07:30.319-0500] {processor.py:179} INFO - Processing /Users/dimz/EconWizard/hermesvirtual/lib/python3.8/site-packages/airflow/example_dags/example_dynamic_task_mapping.py took 0.156 seconds
[2023-11-02T09:09:38.014-0500] {processor.py:157} INFO - Started process (PID=94227) to work on /Users/dimz/EconWizard/hermesvirtual/lib/python3.8/site-packages/airflow/example_dags/example_dynamic_task_mapping.py
[2023-11-02T09:09:38.020-0500] {processor.py:829} INFO - Processing file /Users/dimz/EconWizard/hermesvirtual/lib/python3.8/site-packages/airflow/example_dags/example_dynamic_task_mapping.py for tasks to queue
[2023-11-02T09:09:38.020-0500] {logging_mixin.py:151} INFO - [2023-11-02T09:09:38.020-0500] {dagbag.py:536} INFO - Filling up the DagBag from /Users/dimz/EconWizard/hermesvirtual/lib/python3.8/site-packages/airflow/example_dags/example_dynamic_task_mapping.py
[2023-11-02T09:09:38.056-0500] {processor.py:839} INFO - DAG(s) dict_keys(['example_dynamic_task_mapping']) retrieved from /Users/dimz/EconWizard/hermesvirtual/lib/python3.8/site-packages/airflow/example_dags/example_dynamic_task_mapping.py
[2023-11-02T09:09:38.168-0500] {logging_mixin.py:151} INFO - [2023-11-02T09:09:38.168-0500] {dag.py:2941} INFO - Sync 1 DAGs
[2023-11-02T09:09:38.179-0500] {logging_mixin.py:151} INFO - [2023-11-02T09:09:38.179-0500] {dag.py:3722} INFO - Setting next_dagrun for example_dynamic_task_mapping to 2022-03-04T00:00:00+00:00, run_after=2022-03-05T00:00:00+00:00
[2023-11-02T09:09:38.193-0500] {processor.py:179} INFO - Processing /Users/dimz/EconWizard/hermesvirtual/lib/python3.8/site-packages/airflow/example_dags/example_dynamic_task_mapping.py took 0.179 seconds
[2023-11-02T09:11:45.082-0500] {processor.py:157} INFO - Started process (PID=94429) to work on /Users/dimz/EconWizard/hermesvirtual/lib/python3.8/site-packages/airflow/example_dags/example_dynamic_task_mapping.py
[2023-11-02T09:11:45.087-0500] {processor.py:829} INFO - Processing file /Users/dimz/EconWizard/hermesvirtual/lib/python3.8/site-packages/airflow/example_dags/example_dynamic_task_mapping.py for tasks to queue
[2023-11-02T09:11:45.087-0500] {logging_mixin.py:151} INFO - [2023-11-02T09:11:45.087-0500] {dagbag.py:536} INFO - Filling up the DagBag from /Users/dimz/EconWizard/hermesvirtual/lib/python3.8/site-packages/airflow/example_dags/example_dynamic_task_mapping.py
[2023-11-02T09:11:45.121-0500] {processor.py:839} INFO - DAG(s) dict_keys(['example_dynamic_task_mapping']) retrieved from /Users/dimz/EconWizard/hermesvirtual/lib/python3.8/site-packages/airflow/example_dags/example_dynamic_task_mapping.py
[2023-11-02T09:11:45.234-0500] {logging_mixin.py:151} INFO - [2023-11-02T09:11:45.234-0500] {dag.py:2941} INFO - Sync 1 DAGs
[2023-11-02T09:11:45.244-0500] {logging_mixin.py:151} INFO - [2023-11-02T09:11:45.244-0500] {dag.py:3722} INFO - Setting next_dagrun for example_dynamic_task_mapping to 2022-03-04T00:00:00+00:00, run_after=2022-03-05T00:00:00+00:00
[2023-11-02T09:11:45.254-0500] {processor.py:179} INFO - Processing /Users/dimz/EconWizard/hermesvirtual/lib/python3.8/site-packages/airflow/example_dags/example_dynamic_task_mapping.py took 0.173 seconds
[2023-11-02T09:13:52.204-0500] {processor.py:157} INFO - Started process (PID=94569) to work on /Users/dimz/EconWizard/hermesvirtual/lib/python3.8/site-packages/airflow/example_dags/example_dynamic_task_mapping.py
[2023-11-02T09:13:52.210-0500] {processor.py:829} INFO - Processing file /Users/dimz/EconWizard/hermesvirtual/lib/python3.8/site-packages/airflow/example_dags/example_dynamic_task_mapping.py for tasks to queue
[2023-11-02T09:13:52.210-0500] {logging_mixin.py:151} INFO - [2023-11-02T09:13:52.210-0500] {dagbag.py:536} INFO - Filling up the DagBag from /Users/dimz/EconWizard/hermesvirtual/lib/python3.8/site-packages/airflow/example_dags/example_dynamic_task_mapping.py
[2023-11-02T09:13:52.248-0500] {processor.py:839} INFO - DAG(s) dict_keys(['example_dynamic_task_mapping']) retrieved from /Users/dimz/EconWizard/hermesvirtual/lib/python3.8/site-packages/airflow/example_dags/example_dynamic_task_mapping.py
[2023-11-02T09:13:52.361-0500] {logging_mixin.py:151} INFO - [2023-11-02T09:13:52.361-0500] {dag.py:2941} INFO - Sync 1 DAGs
[2023-11-02T09:13:52.372-0500] {logging_mixin.py:151} INFO - [2023-11-02T09:13:52.372-0500] {dag.py:3722} INFO - Setting next_dagrun for example_dynamic_task_mapping to 2022-03-04T00:00:00+00:00, run_after=2022-03-05T00:00:00+00:00
[2023-11-02T09:13:52.384-0500] {processor.py:179} INFO - Processing /Users/dimz/EconWizard/hermesvirtual/lib/python3.8/site-packages/airflow/example_dags/example_dynamic_task_mapping.py took 0.181 seconds
[2023-11-02T09:16:00.455-0500] {processor.py:157} INFO - Started process (PID=94700) to work on /Users/dimz/EconWizard/hermesvirtual/lib/python3.8/site-packages/airflow/example_dags/example_dynamic_task_mapping.py
[2023-11-02T09:16:00.459-0500] {processor.py:829} INFO - Processing file /Users/dimz/EconWizard/hermesvirtual/lib/python3.8/site-packages/airflow/example_dags/example_dynamic_task_mapping.py for tasks to queue
[2023-11-02T09:16:00.460-0500] {logging_mixin.py:151} INFO - [2023-11-02T09:16:00.460-0500] {dagbag.py:536} INFO - Filling up the DagBag from /Users/dimz/EconWizard/hermesvirtual/lib/python3.8/site-packages/airflow/example_dags/example_dynamic_task_mapping.py
[2023-11-02T09:16:00.492-0500] {processor.py:839} INFO - DAG(s) dict_keys(['example_dynamic_task_mapping']) retrieved from /Users/dimz/EconWizard/hermesvirtual/lib/python3.8/site-packages/airflow/example_dags/example_dynamic_task_mapping.py
[2023-11-02T09:16:00.593-0500] {logging_mixin.py:151} INFO - [2023-11-02T09:16:00.593-0500] {dag.py:2941} INFO - Sync 1 DAGs
[2023-11-02T09:16:00.602-0500] {logging_mixin.py:151} INFO - [2023-11-02T09:16:00.602-0500] {dag.py:3722} INFO - Setting next_dagrun for example_dynamic_task_mapping to 2022-03-04T00:00:00+00:00, run_after=2022-03-05T00:00:00+00:00
[2023-11-02T09:16:00.612-0500] {processor.py:179} INFO - Processing /Users/dimz/EconWizard/hermesvirtual/lib/python3.8/site-packages/airflow/example_dags/example_dynamic_task_mapping.py took 0.157 seconds
[2023-11-02T09:18:00.192-0500] {processor.py:157} INFO - Started process (PID=94838) to work on /Users/dimz/EconWizard/hermesvirtual/lib/python3.8/site-packages/airflow/example_dags/example_dynamic_task_mapping.py
[2023-11-02T09:18:00.196-0500] {processor.py:829} INFO - Processing file /Users/dimz/EconWizard/hermesvirtual/lib/python3.8/site-packages/airflow/example_dags/example_dynamic_task_mapping.py for tasks to queue
[2023-11-02T09:18:00.196-0500] {logging_mixin.py:151} INFO - [2023-11-02T09:18:00.196-0500] {dagbag.py:536} INFO - Filling up the DagBag from /Users/dimz/EconWizard/hermesvirtual/lib/python3.8/site-packages/airflow/example_dags/example_dynamic_task_mapping.py
[2023-11-02T09:18:00.229-0500] {processor.py:839} INFO - DAG(s) dict_keys(['example_dynamic_task_mapping']) retrieved from /Users/dimz/EconWizard/hermesvirtual/lib/python3.8/site-packages/airflow/example_dags/example_dynamic_task_mapping.py
[2023-11-02T09:18:00.326-0500] {logging_mixin.py:151} INFO - [2023-11-02T09:18:00.326-0500] {dag.py:2941} INFO - Sync 1 DAGs
[2023-11-02T09:18:00.336-0500] {logging_mixin.py:151} INFO - [2023-11-02T09:18:00.336-0500] {dag.py:3722} INFO - Setting next_dagrun for example_dynamic_task_mapping to 2022-03-04T00:00:00+00:00, run_after=2022-03-05T00:00:00+00:00
[2023-11-02T09:18:00.346-0500] {processor.py:179} INFO - Processing /Users/dimz/EconWizard/hermesvirtual/lib/python3.8/site-packages/airflow/example_dags/example_dynamic_task_mapping.py took 0.155 seconds
[2023-11-02T09:20:08.929-0500] {processor.py:157} INFO - Started process (PID=95037) to work on /Users/dimz/EconWizard/hermesvirtual/lib/python3.8/site-packages/airflow/example_dags/example_dynamic_task_mapping.py
[2023-11-02T09:20:08.934-0500] {processor.py:829} INFO - Processing file /Users/dimz/EconWizard/hermesvirtual/lib/python3.8/site-packages/airflow/example_dags/example_dynamic_task_mapping.py for tasks to queue
[2023-11-02T09:20:08.934-0500] {logging_mixin.py:151} INFO - [2023-11-02T09:20:08.934-0500] {dagbag.py:536} INFO - Filling up the DagBag from /Users/dimz/EconWizard/hermesvirtual/lib/python3.8/site-packages/airflow/example_dags/example_dynamic_task_mapping.py
[2023-11-02T09:20:08.967-0500] {processor.py:839} INFO - DAG(s) dict_keys(['example_dynamic_task_mapping']) retrieved from /Users/dimz/EconWizard/hermesvirtual/lib/python3.8/site-packages/airflow/example_dags/example_dynamic_task_mapping.py
[2023-11-02T09:20:09.072-0500] {logging_mixin.py:151} INFO - [2023-11-02T09:20:09.072-0500] {dag.py:2941} INFO - Sync 1 DAGs
[2023-11-02T09:20:09.083-0500] {logging_mixin.py:151} INFO - [2023-11-02T09:20:09.083-0500] {dag.py:3722} INFO - Setting next_dagrun for example_dynamic_task_mapping to 2022-03-04T00:00:00+00:00, run_after=2022-03-05T00:00:00+00:00
[2023-11-02T09:20:09.094-0500] {processor.py:179} INFO - Processing /Users/dimz/EconWizard/hermesvirtual/lib/python3.8/site-packages/airflow/example_dags/example_dynamic_task_mapping.py took 0.165 seconds
[2023-11-02T09:22:18.706-0500] {processor.py:157} INFO - Started process (PID=95178) to work on /Users/dimz/EconWizard/hermesvirtual/lib/python3.8/site-packages/airflow/example_dags/example_dynamic_task_mapping.py
[2023-11-02T09:22:18.711-0500] {processor.py:829} INFO - Processing file /Users/dimz/EconWizard/hermesvirtual/lib/python3.8/site-packages/airflow/example_dags/example_dynamic_task_mapping.py for tasks to queue
[2023-11-02T09:22:18.711-0500] {logging_mixin.py:151} INFO - [2023-11-02T09:22:18.711-0500] {dagbag.py:536} INFO - Filling up the DagBag from /Users/dimz/EconWizard/hermesvirtual/lib/python3.8/site-packages/airflow/example_dags/example_dynamic_task_mapping.py
[2023-11-02T09:22:18.745-0500] {processor.py:839} INFO - DAG(s) dict_keys(['example_dynamic_task_mapping']) retrieved from /Users/dimz/EconWizard/hermesvirtual/lib/python3.8/site-packages/airflow/example_dags/example_dynamic_task_mapping.py
[2023-11-02T09:22:18.844-0500] {logging_mixin.py:151} INFO - [2023-11-02T09:22:18.844-0500] {dag.py:2941} INFO - Sync 1 DAGs
[2023-11-02T09:22:18.854-0500] {logging_mixin.py:151} INFO - [2023-11-02T09:22:18.854-0500] {dag.py:3722} INFO - Setting next_dagrun for example_dynamic_task_mapping to 2022-03-04T00:00:00+00:00, run_after=2022-03-05T00:00:00+00:00
[2023-11-02T09:22:18.864-0500] {processor.py:179} INFO - Processing /Users/dimz/EconWizard/hermesvirtual/lib/python3.8/site-packages/airflow/example_dags/example_dynamic_task_mapping.py took 0.158 seconds
[2023-11-02T09:24:25.206-0500] {processor.py:157} INFO - Started process (PID=95401) to work on /Users/dimz/EconWizard/hermesvirtual/lib/python3.8/site-packages/airflow/example_dags/example_dynamic_task_mapping.py
[2023-11-02T09:24:25.211-0500] {processor.py:829} INFO - Processing file /Users/dimz/EconWizard/hermesvirtual/lib/python3.8/site-packages/airflow/example_dags/example_dynamic_task_mapping.py for tasks to queue
[2023-11-02T09:24:25.212-0500] {logging_mixin.py:151} INFO - [2023-11-02T09:24:25.212-0500] {dagbag.py:536} INFO - Filling up the DagBag from /Users/dimz/EconWizard/hermesvirtual/lib/python3.8/site-packages/airflow/example_dags/example_dynamic_task_mapping.py
[2023-11-02T09:24:25.248-0500] {processor.py:839} INFO - DAG(s) dict_keys(['example_dynamic_task_mapping']) retrieved from /Users/dimz/EconWizard/hermesvirtual/lib/python3.8/site-packages/airflow/example_dags/example_dynamic_task_mapping.py
[2023-11-02T09:24:25.358-0500] {logging_mixin.py:151} INFO - [2023-11-02T09:24:25.358-0500] {dag.py:2941} INFO - Sync 1 DAGs
[2023-11-02T09:24:25.371-0500] {logging_mixin.py:151} INFO - [2023-11-02T09:24:25.371-0500] {dag.py:3722} INFO - Setting next_dagrun for example_dynamic_task_mapping to 2022-03-04T00:00:00+00:00, run_after=2022-03-05T00:00:00+00:00
[2023-11-02T09:24:25.384-0500] {processor.py:179} INFO - Processing /Users/dimz/EconWizard/hermesvirtual/lib/python3.8/site-packages/airflow/example_dags/example_dynamic_task_mapping.py took 0.178 seconds
[2023-11-02T09:26:32.409-0500] {processor.py:157} INFO - Started process (PID=95632) to work on /Users/dimz/EconWizard/hermesvirtual/lib/python3.8/site-packages/airflow/example_dags/example_dynamic_task_mapping.py
[2023-11-02T09:26:32.414-0500] {processor.py:829} INFO - Processing file /Users/dimz/EconWizard/hermesvirtual/lib/python3.8/site-packages/airflow/example_dags/example_dynamic_task_mapping.py for tasks to queue
[2023-11-02T09:26:32.415-0500] {logging_mixin.py:151} INFO - [2023-11-02T09:26:32.415-0500] {dagbag.py:536} INFO - Filling up the DagBag from /Users/dimz/EconWizard/hermesvirtual/lib/python3.8/site-packages/airflow/example_dags/example_dynamic_task_mapping.py
[2023-11-02T09:26:32.449-0500] {processor.py:839} INFO - DAG(s) dict_keys(['example_dynamic_task_mapping']) retrieved from /Users/dimz/EconWizard/hermesvirtual/lib/python3.8/site-packages/airflow/example_dags/example_dynamic_task_mapping.py
[2023-11-02T09:26:32.549-0500] {logging_mixin.py:151} INFO - [2023-11-02T09:26:32.549-0500] {dag.py:2941} INFO - Sync 1 DAGs
[2023-11-02T09:26:32.558-0500] {logging_mixin.py:151} INFO - [2023-11-02T09:26:32.558-0500] {dag.py:3722} INFO - Setting next_dagrun for example_dynamic_task_mapping to 2022-03-04T00:00:00+00:00, run_after=2022-03-05T00:00:00+00:00
[2023-11-02T09:26:32.568-0500] {processor.py:179} INFO - Processing /Users/dimz/EconWizard/hermesvirtual/lib/python3.8/site-packages/airflow/example_dags/example_dynamic_task_mapping.py took 0.159 seconds
[2023-11-02T09:29:28.842-0500] {processor.py:157} INFO - Started process (PID=95876) to work on /Users/dimz/EconWizard/hermesvirtual/lib/python3.8/site-packages/airflow/example_dags/example_dynamic_task_mapping.py
[2023-11-02T09:29:28.846-0500] {processor.py:829} INFO - Processing file /Users/dimz/EconWizard/hermesvirtual/lib/python3.8/site-packages/airflow/example_dags/example_dynamic_task_mapping.py for tasks to queue
[2023-11-02T09:29:28.847-0500] {logging_mixin.py:151} INFO - [2023-11-02T09:29:28.847-0500] {dagbag.py:536} INFO - Filling up the DagBag from /Users/dimz/EconWizard/hermesvirtual/lib/python3.8/site-packages/airflow/example_dags/example_dynamic_task_mapping.py
[2023-11-02T09:29:28.885-0500] {processor.py:839} INFO - DAG(s) dict_keys(['example_dynamic_task_mapping']) retrieved from /Users/dimz/EconWizard/hermesvirtual/lib/python3.8/site-packages/airflow/example_dags/example_dynamic_task_mapping.py
[2023-11-02T09:29:28.989-0500] {logging_mixin.py:151} INFO - [2023-11-02T09:29:28.989-0500] {dag.py:2941} INFO - Sync 1 DAGs
[2023-11-02T09:29:28.999-0500] {logging_mixin.py:151} INFO - [2023-11-02T09:29:28.999-0500] {dag.py:3722} INFO - Setting next_dagrun for example_dynamic_task_mapping to 2022-03-04T00:00:00+00:00, run_after=2022-03-05T00:00:00+00:00
[2023-11-02T09:29:29.010-0500] {processor.py:179} INFO - Processing /Users/dimz/EconWizard/hermesvirtual/lib/python3.8/site-packages/airflow/example_dags/example_dynamic_task_mapping.py took 0.168 seconds
[2023-11-02T09:31:40.177-0500] {processor.py:157} INFO - Started process (PID=96040) to work on /Users/dimz/EconWizard/hermesvirtual/lib/python3.8/site-packages/airflow/example_dags/example_dynamic_task_mapping.py
[2023-11-02T09:31:40.182-0500] {processor.py:829} INFO - Processing file /Users/dimz/EconWizard/hermesvirtual/lib/python3.8/site-packages/airflow/example_dags/example_dynamic_task_mapping.py for tasks to queue
[2023-11-02T09:31:40.182-0500] {logging_mixin.py:151} INFO - [2023-11-02T09:31:40.182-0500] {dagbag.py:536} INFO - Filling up the DagBag from /Users/dimz/EconWizard/hermesvirtual/lib/python3.8/site-packages/airflow/example_dags/example_dynamic_task_mapping.py
[2023-11-02T09:31:40.215-0500] {processor.py:839} INFO - DAG(s) dict_keys(['example_dynamic_task_mapping']) retrieved from /Users/dimz/EconWizard/hermesvirtual/lib/python3.8/site-packages/airflow/example_dags/example_dynamic_task_mapping.py
[2023-11-02T09:31:40.313-0500] {logging_mixin.py:151} INFO - [2023-11-02T09:31:40.313-0500] {dag.py:2941} INFO - Sync 1 DAGs
[2023-11-02T09:31:40.323-0500] {logging_mixin.py:151} INFO - [2023-11-02T09:31:40.323-0500] {dag.py:3722} INFO - Setting next_dagrun for example_dynamic_task_mapping to 2022-03-04T00:00:00+00:00, run_after=2022-03-05T00:00:00+00:00
[2023-11-02T09:31:40.333-0500] {processor.py:179} INFO - Processing /Users/dimz/EconWizard/hermesvirtual/lib/python3.8/site-packages/airflow/example_dags/example_dynamic_task_mapping.py took 0.157 seconds
[2023-11-02T10:13:49.202-0500] {processor.py:157} INFO - Started process (PID=97577) to work on /Users/dimz/EconWizard/hermesvirtual/lib/python3.8/site-packages/airflow/example_dags/example_dynamic_task_mapping.py
[2023-11-02T10:13:49.207-0500] {processor.py:829} INFO - Processing file /Users/dimz/EconWizard/hermesvirtual/lib/python3.8/site-packages/airflow/example_dags/example_dynamic_task_mapping.py for tasks to queue
[2023-11-02T10:13:49.207-0500] {logging_mixin.py:151} INFO - [2023-11-02T10:13:49.207-0500] {dagbag.py:536} INFO - Filling up the DagBag from /Users/dimz/EconWizard/hermesvirtual/lib/python3.8/site-packages/airflow/example_dags/example_dynamic_task_mapping.py
[2023-11-02T10:13:49.240-0500] {processor.py:839} INFO - DAG(s) dict_keys(['example_dynamic_task_mapping']) retrieved from /Users/dimz/EconWizard/hermesvirtual/lib/python3.8/site-packages/airflow/example_dags/example_dynamic_task_mapping.py
[2023-11-02T10:13:49.338-0500] {logging_mixin.py:151} INFO - [2023-11-02T10:13:49.337-0500] {dag.py:2941} INFO - Sync 1 DAGs
[2023-11-02T10:13:49.347-0500] {logging_mixin.py:151} INFO - [2023-11-02T10:13:49.347-0500] {dag.py:3722} INFO - Setting next_dagrun for example_dynamic_task_mapping to 2022-03-04T00:00:00+00:00, run_after=2022-03-05T00:00:00+00:00
[2023-11-02T10:13:49.357-0500] {processor.py:179} INFO - Processing /Users/dimz/EconWizard/hermesvirtual/lib/python3.8/site-packages/airflow/example_dags/example_dynamic_task_mapping.py took 0.155 seconds
[2023-11-02T10:15:52.835-0500] {processor.py:157} INFO - Started process (PID=97795) to work on /Users/dimz/EconWizard/hermesvirtual/lib/python3.8/site-packages/airflow/example_dags/example_dynamic_task_mapping.py
[2023-11-02T10:15:52.840-0500] {processor.py:829} INFO - Processing file /Users/dimz/EconWizard/hermesvirtual/lib/python3.8/site-packages/airflow/example_dags/example_dynamic_task_mapping.py for tasks to queue
[2023-11-02T10:15:52.840-0500] {logging_mixin.py:151} INFO - [2023-11-02T10:15:52.840-0500] {dagbag.py:536} INFO - Filling up the DagBag from /Users/dimz/EconWizard/hermesvirtual/lib/python3.8/site-packages/airflow/example_dags/example_dynamic_task_mapping.py
[2023-11-02T10:15:52.874-0500] {processor.py:839} INFO - DAG(s) dict_keys(['example_dynamic_task_mapping']) retrieved from /Users/dimz/EconWizard/hermesvirtual/lib/python3.8/site-packages/airflow/example_dags/example_dynamic_task_mapping.py
[2023-11-02T10:15:52.972-0500] {logging_mixin.py:151} INFO - [2023-11-02T10:15:52.972-0500] {dag.py:2941} INFO - Sync 1 DAGs
[2023-11-02T10:15:52.982-0500] {logging_mixin.py:151} INFO - [2023-11-02T10:15:52.982-0500] {dag.py:3722} INFO - Setting next_dagrun for example_dynamic_task_mapping to 2022-03-04T00:00:00+00:00, run_after=2022-03-05T00:00:00+00:00
[2023-11-02T10:15:52.992-0500] {processor.py:179} INFO - Processing /Users/dimz/EconWizard/hermesvirtual/lib/python3.8/site-packages/airflow/example_dags/example_dynamic_task_mapping.py took 0.157 seconds
[2023-11-02T10:39:35.624-0500] {processor.py:157} INFO - Started process (PID=99920) to work on /Users/dimz/EconWizard/hermesvirtual/lib/python3.8/site-packages/airflow/example_dags/example_dynamic_task_mapping.py
[2023-11-02T10:39:35.629-0500] {processor.py:829} INFO - Processing file /Users/dimz/EconWizard/hermesvirtual/lib/python3.8/site-packages/airflow/example_dags/example_dynamic_task_mapping.py for tasks to queue
[2023-11-02T10:39:35.629-0500] {logging_mixin.py:151} INFO - [2023-11-02T10:39:35.629-0500] {dagbag.py:536} INFO - Filling up the DagBag from /Users/dimz/EconWizard/hermesvirtual/lib/python3.8/site-packages/airflow/example_dags/example_dynamic_task_mapping.py
[2023-11-02T10:39:35.662-0500] {processor.py:839} INFO - DAG(s) dict_keys(['example_dynamic_task_mapping']) retrieved from /Users/dimz/EconWizard/hermesvirtual/lib/python3.8/site-packages/airflow/example_dags/example_dynamic_task_mapping.py
[2023-11-02T10:39:35.761-0500] {logging_mixin.py:151} INFO - [2023-11-02T10:39:35.761-0500] {dag.py:2941} INFO - Sync 1 DAGs
[2023-11-02T10:39:35.771-0500] {logging_mixin.py:151} INFO - [2023-11-02T10:39:35.771-0500] {dag.py:3722} INFO - Setting next_dagrun for example_dynamic_task_mapping to 2022-03-04T00:00:00+00:00, run_after=2022-03-05T00:00:00+00:00
[2023-11-02T10:39:35.782-0500] {processor.py:179} INFO - Processing /Users/dimz/EconWizard/hermesvirtual/lib/python3.8/site-packages/airflow/example_dags/example_dynamic_task_mapping.py took 0.159 seconds
[2023-11-02T10:41:44.003-0500] {processor.py:157} INFO - Started process (PID=177) to work on /Users/dimz/EconWizard/hermesvirtual/lib/python3.8/site-packages/airflow/example_dags/example_dynamic_task_mapping.py
[2023-11-02T10:41:44.008-0500] {processor.py:829} INFO - Processing file /Users/dimz/EconWizard/hermesvirtual/lib/python3.8/site-packages/airflow/example_dags/example_dynamic_task_mapping.py for tasks to queue
[2023-11-02T10:41:44.009-0500] {logging_mixin.py:151} INFO - [2023-11-02T10:41:44.008-0500] {dagbag.py:536} INFO - Filling up the DagBag from /Users/dimz/EconWizard/hermesvirtual/lib/python3.8/site-packages/airflow/example_dags/example_dynamic_task_mapping.py
[2023-11-02T10:41:44.041-0500] {processor.py:839} INFO - DAG(s) dict_keys(['example_dynamic_task_mapping']) retrieved from /Users/dimz/EconWizard/hermesvirtual/lib/python3.8/site-packages/airflow/example_dags/example_dynamic_task_mapping.py
[2023-11-02T10:41:44.138-0500] {logging_mixin.py:151} INFO - [2023-11-02T10:41:44.138-0500] {dag.py:2941} INFO - Sync 1 DAGs
[2023-11-02T10:41:44.148-0500] {logging_mixin.py:151} INFO - [2023-11-02T10:41:44.148-0500] {dag.py:3722} INFO - Setting next_dagrun for example_dynamic_task_mapping to 2022-03-04T00:00:00+00:00, run_after=2022-03-05T00:00:00+00:00
[2023-11-02T10:41:44.158-0500] {processor.py:179} INFO - Processing /Users/dimz/EconWizard/hermesvirtual/lib/python3.8/site-packages/airflow/example_dags/example_dynamic_task_mapping.py took 0.155 seconds
