[2023-11-01T21:35:41.646-0500] {processor.py:157} INFO - Started process (PID=87698) to work on /Users/dimz/EconWizard/hermesvirtual/lib/python3.8/site-packages/airflow/example_dags/example_short_circuit_operator.py
[2023-11-01T21:35:41.649-0500] {processor.py:829} INFO - Processing file /Users/dimz/EconWizard/hermesvirtual/lib/python3.8/site-packages/airflow/example_dags/example_short_circuit_operator.py for tasks to queue
[2023-11-01T21:35:41.650-0500] {logging_mixin.py:151} INFO - [2023-11-01T21:35:41.650-0500] {dagbag.py:536} INFO - Filling up the DagBag from /Users/dimz/EconWizard/hermesvirtual/lib/python3.8/site-packages/airflow/example_dags/example_short_circuit_operator.py
[2023-11-01T21:35:41.675-0500] {processor.py:839} INFO - DAG(s) dict_keys(['example_short_circuit_operator']) retrieved from /Users/dimz/EconWizard/hermesvirtual/lib/python3.8/site-packages/airflow/example_dags/example_short_circuit_operator.py
[2023-11-01T21:35:42.019-0500] {logging_mixin.py:151} INFO - [2023-11-01T21:35:42.019-0500] {manager.py:499} INFO - Created Permission View: %s
[2023-11-01T21:35:42.024-0500] {logging_mixin.py:151} INFO - [2023-11-01T21:35:42.024-0500] {manager.py:499} INFO - Created Permission View: %s
[2023-11-01T21:35:42.027-0500] {logging_mixin.py:151} INFO - [2023-11-01T21:35:42.027-0500] {manager.py:499} INFO - Created Permission View: %s
[2023-11-01T21:35:42.027-0500] {logging_mixin.py:151} INFO - [2023-11-01T21:35:42.027-0500] {dag.py:2941} INFO - Sync 1 DAGs
[2023-11-01T21:35:42.033-0500] {logging_mixin.py:151} INFO - [2023-11-01T21:35:42.033-0500] {dag.py:2963} INFO - Creating ORM DAG for example_short_circuit_operator
[2023-11-01T21:35:42.037-0500] {logging_mixin.py:151} INFO - [2023-11-01T21:35:42.037-0500] {dag.py:3722} INFO - Setting next_dagrun for example_short_circuit_operator to 2023-11-01T02:35:42.037175+00:00, run_after=2023-11-02T02:35:42.037175+00:00
[2023-11-01T21:35:42.047-0500] {processor.py:179} INFO - Processing /Users/dimz/EconWizard/hermesvirtual/lib/python3.8/site-packages/airflow/example_dags/example_short_circuit_operator.py took 0.402 seconds
[2023-11-01T21:37:11.730-0500] {processor.py:157} INFO - Started process (PID=87846) to work on /Users/dimz/EconWizard/hermesvirtual/lib/python3.8/site-packages/airflow/example_dags/example_short_circuit_operator.py
[2023-11-01T21:37:11.735-0500] {processor.py:829} INFO - Processing file /Users/dimz/EconWizard/hermesvirtual/lib/python3.8/site-packages/airflow/example_dags/example_short_circuit_operator.py for tasks to queue
[2023-11-01T21:37:11.736-0500] {logging_mixin.py:151} INFO - [2023-11-01T21:37:11.736-0500] {dagbag.py:536} INFO - Filling up the DagBag from /Users/dimz/EconWizard/hermesvirtual/lib/python3.8/site-packages/airflow/example_dags/example_short_circuit_operator.py
[2023-11-01T21:37:11.760-0500] {processor.py:839} INFO - DAG(s) dict_keys(['example_short_circuit_operator']) retrieved from /Users/dimz/EconWizard/hermesvirtual/lib/python3.8/site-packages/airflow/example_dags/example_short_circuit_operator.py
[2023-11-01T21:37:11.863-0500] {logging_mixin.py:151} INFO - [2023-11-01T21:37:11.863-0500] {dag.py:2941} INFO - Sync 1 DAGs
[2023-11-01T21:37:11.872-0500] {logging_mixin.py:151} INFO - [2023-11-01T21:37:11.872-0500] {dag.py:3722} INFO - Setting next_dagrun for example_short_circuit_operator to 2023-11-01T02:37:11.872415+00:00, run_after=2023-11-02T02:37:11.872415+00:00
[2023-11-01T21:37:11.883-0500] {processor.py:179} INFO - Processing /Users/dimz/EconWizard/hermesvirtual/lib/python3.8/site-packages/airflow/example_dags/example_short_circuit_operator.py took 0.153 seconds
[2023-11-01T21:39:03.658-0500] {processor.py:157} INFO - Started process (PID=88049) to work on /Users/dimz/EconWizard/hermesvirtual/lib/python3.8/site-packages/airflow/example_dags/example_short_circuit_operator.py
[2023-11-01T21:39:03.663-0500] {processor.py:829} INFO - Processing file /Users/dimz/EconWizard/hermesvirtual/lib/python3.8/site-packages/airflow/example_dags/example_short_circuit_operator.py for tasks to queue
[2023-11-01T21:39:03.663-0500] {logging_mixin.py:151} INFO - [2023-11-01T21:39:03.663-0500] {dagbag.py:536} INFO - Filling up the DagBag from /Users/dimz/EconWizard/hermesvirtual/lib/python3.8/site-packages/airflow/example_dags/example_short_circuit_operator.py
[2023-11-01T21:39:03.689-0500] {processor.py:839} INFO - DAG(s) dict_keys(['example_short_circuit_operator']) retrieved from /Users/dimz/EconWizard/hermesvirtual/lib/python3.8/site-packages/airflow/example_dags/example_short_circuit_operator.py
[2023-11-01T21:39:03.798-0500] {logging_mixin.py:151} INFO - [2023-11-01T21:39:03.797-0500] {dag.py:2941} INFO - Sync 1 DAGs
[2023-11-01T21:39:03.808-0500] {logging_mixin.py:151} INFO - [2023-11-01T21:39:03.808-0500] {dag.py:3722} INFO - Setting next_dagrun for example_short_circuit_operator to 2023-11-01T02:39:03.808044+00:00, run_after=2023-11-02T02:39:03.808044+00:00
[2023-11-01T21:39:03.821-0500] {processor.py:179} INFO - Processing /Users/dimz/EconWizard/hermesvirtual/lib/python3.8/site-packages/airflow/example_dags/example_short_circuit_operator.py took 0.163 seconds
[2023-11-01T21:41:01.877-0500] {processor.py:157} INFO - Started process (PID=88311) to work on /Users/dimz/EconWizard/hermesvirtual/lib/python3.8/site-packages/airflow/example_dags/example_short_circuit_operator.py
[2023-11-01T21:41:01.882-0500] {processor.py:829} INFO - Processing file /Users/dimz/EconWizard/hermesvirtual/lib/python3.8/site-packages/airflow/example_dags/example_short_circuit_operator.py for tasks to queue
[2023-11-01T21:41:01.882-0500] {logging_mixin.py:151} INFO - [2023-11-01T21:41:01.882-0500] {dagbag.py:536} INFO - Filling up the DagBag from /Users/dimz/EconWizard/hermesvirtual/lib/python3.8/site-packages/airflow/example_dags/example_short_circuit_operator.py
[2023-11-01T21:41:01.907-0500] {processor.py:839} INFO - DAG(s) dict_keys(['example_short_circuit_operator']) retrieved from /Users/dimz/EconWizard/hermesvirtual/lib/python3.8/site-packages/airflow/example_dags/example_short_circuit_operator.py
[2023-11-01T21:41:02.011-0500] {logging_mixin.py:151} INFO - [2023-11-01T21:41:02.011-0500] {dag.py:2941} INFO - Sync 1 DAGs
[2023-11-01T21:41:02.021-0500] {logging_mixin.py:151} INFO - [2023-11-01T21:41:02.020-0500] {dag.py:3722} INFO - Setting next_dagrun for example_short_circuit_operator to 2023-11-01T02:41:02.020857+00:00, run_after=2023-11-02T02:41:02.020857+00:00
[2023-11-01T21:41:02.032-0500] {processor.py:179} INFO - Processing /Users/dimz/EconWizard/hermesvirtual/lib/python3.8/site-packages/airflow/example_dags/example_short_circuit_operator.py took 0.155 seconds
[2023-11-01T21:42:56.411-0500] {processor.py:157} INFO - Started process (PID=88585) to work on /Users/dimz/EconWizard/hermesvirtual/lib/python3.8/site-packages/airflow/example_dags/example_short_circuit_operator.py
[2023-11-01T21:42:56.416-0500] {processor.py:829} INFO - Processing file /Users/dimz/EconWizard/hermesvirtual/lib/python3.8/site-packages/airflow/example_dags/example_short_circuit_operator.py for tasks to queue
[2023-11-01T21:42:56.417-0500] {logging_mixin.py:151} INFO - [2023-11-01T21:42:56.417-0500] {dagbag.py:536} INFO - Filling up the DagBag from /Users/dimz/EconWizard/hermesvirtual/lib/python3.8/site-packages/airflow/example_dags/example_short_circuit_operator.py
[2023-11-01T21:42:56.443-0500] {processor.py:839} INFO - DAG(s) dict_keys(['example_short_circuit_operator']) retrieved from /Users/dimz/EconWizard/hermesvirtual/lib/python3.8/site-packages/airflow/example_dags/example_short_circuit_operator.py
[2023-11-01T21:42:56.548-0500] {logging_mixin.py:151} INFO - [2023-11-01T21:42:56.548-0500] {dag.py:2941} INFO - Sync 1 DAGs
[2023-11-01T21:42:56.557-0500] {logging_mixin.py:151} INFO - [2023-11-01T21:42:56.557-0500] {dag.py:3722} INFO - Setting next_dagrun for example_short_circuit_operator to 2023-11-01T02:42:56.556939+00:00, run_after=2023-11-02T02:42:56.556939+00:00
[2023-11-01T21:42:56.568-0500] {processor.py:179} INFO - Processing /Users/dimz/EconWizard/hermesvirtual/lib/python3.8/site-packages/airflow/example_dags/example_short_circuit_operator.py took 0.157 seconds
[2023-11-01T21:44:48.613-0500] {processor.py:157} INFO - Started process (PID=88746) to work on /Users/dimz/EconWizard/hermesvirtual/lib/python3.8/site-packages/airflow/example_dags/example_short_circuit_operator.py
[2023-11-01T21:44:48.618-0500] {processor.py:829} INFO - Processing file /Users/dimz/EconWizard/hermesvirtual/lib/python3.8/site-packages/airflow/example_dags/example_short_circuit_operator.py for tasks to queue
[2023-11-01T21:44:48.619-0500] {logging_mixin.py:151} INFO - [2023-11-01T21:44:48.619-0500] {dagbag.py:536} INFO - Filling up the DagBag from /Users/dimz/EconWizard/hermesvirtual/lib/python3.8/site-packages/airflow/example_dags/example_short_circuit_operator.py
[2023-11-01T21:44:48.644-0500] {processor.py:839} INFO - DAG(s) dict_keys(['example_short_circuit_operator']) retrieved from /Users/dimz/EconWizard/hermesvirtual/lib/python3.8/site-packages/airflow/example_dags/example_short_circuit_operator.py
[2023-11-01T21:44:48.748-0500] {logging_mixin.py:151} INFO - [2023-11-01T21:44:48.748-0500] {dag.py:2941} INFO - Sync 1 DAGs
[2023-11-01T21:44:48.757-0500] {logging_mixin.py:151} INFO - [2023-11-01T21:44:48.757-0500] {dag.py:3722} INFO - Setting next_dagrun for example_short_circuit_operator to 2023-11-01T02:44:48.757316+00:00, run_after=2023-11-02T02:44:48.757316+00:00
[2023-11-01T21:44:48.768-0500] {processor.py:179} INFO - Processing /Users/dimz/EconWizard/hermesvirtual/lib/python3.8/site-packages/airflow/example_dags/example_short_circuit_operator.py took 0.155 seconds
[2023-11-01T21:46:53.291-0500] {processor.py:157} INFO - Started process (PID=88997) to work on /Users/dimz/EconWizard/hermesvirtual/lib/python3.8/site-packages/airflow/example_dags/example_short_circuit_operator.py
[2023-11-01T21:46:53.296-0500] {processor.py:829} INFO - Processing file /Users/dimz/EconWizard/hermesvirtual/lib/python3.8/site-packages/airflow/example_dags/example_short_circuit_operator.py for tasks to queue
[2023-11-01T21:46:53.296-0500] {logging_mixin.py:151} INFO - [2023-11-01T21:46:53.296-0500] {dagbag.py:536} INFO - Filling up the DagBag from /Users/dimz/EconWizard/hermesvirtual/lib/python3.8/site-packages/airflow/example_dags/example_short_circuit_operator.py
[2023-11-01T21:46:53.322-0500] {processor.py:839} INFO - DAG(s) dict_keys(['example_short_circuit_operator']) retrieved from /Users/dimz/EconWizard/hermesvirtual/lib/python3.8/site-packages/airflow/example_dags/example_short_circuit_operator.py
[2023-11-01T21:46:53.433-0500] {logging_mixin.py:151} INFO - [2023-11-01T21:46:53.433-0500] {dag.py:2941} INFO - Sync 1 DAGs
[2023-11-01T21:46:53.443-0500] {logging_mixin.py:151} INFO - [2023-11-01T21:46:53.442-0500] {dag.py:3722} INFO - Setting next_dagrun for example_short_circuit_operator to 2023-11-01T02:46:53.442826+00:00, run_after=2023-11-02T02:46:53.442826+00:00
[2023-11-01T21:46:53.455-0500] {processor.py:179} INFO - Processing /Users/dimz/EconWizard/hermesvirtual/lib/python3.8/site-packages/airflow/example_dags/example_short_circuit_operator.py took 0.165 seconds
[2023-11-01T21:48:55.709-0500] {processor.py:157} INFO - Started process (PID=89166) to work on /Users/dimz/EconWizard/hermesvirtual/lib/python3.8/site-packages/airflow/example_dags/example_short_circuit_operator.py
[2023-11-01T21:48:55.714-0500] {processor.py:829} INFO - Processing file /Users/dimz/EconWizard/hermesvirtual/lib/python3.8/site-packages/airflow/example_dags/example_short_circuit_operator.py for tasks to queue
[2023-11-01T21:48:55.714-0500] {logging_mixin.py:151} INFO - [2023-11-01T21:48:55.714-0500] {dagbag.py:536} INFO - Filling up the DagBag from /Users/dimz/EconWizard/hermesvirtual/lib/python3.8/site-packages/airflow/example_dags/example_short_circuit_operator.py
[2023-11-01T21:48:55.739-0500] {processor.py:839} INFO - DAG(s) dict_keys(['example_short_circuit_operator']) retrieved from /Users/dimz/EconWizard/hermesvirtual/lib/python3.8/site-packages/airflow/example_dags/example_short_circuit_operator.py
[2023-11-01T21:48:55.844-0500] {logging_mixin.py:151} INFO - [2023-11-01T21:48:55.844-0500] {dag.py:2941} INFO - Sync 1 DAGs
[2023-11-01T21:48:55.853-0500] {logging_mixin.py:151} INFO - [2023-11-01T21:48:55.853-0500] {dag.py:3722} INFO - Setting next_dagrun for example_short_circuit_operator to 2023-11-01T02:48:55.853398+00:00, run_after=2023-11-02T02:48:55.853398+00:00
[2023-11-01T21:48:55.864-0500] {processor.py:179} INFO - Processing /Users/dimz/EconWizard/hermesvirtual/lib/python3.8/site-packages/airflow/example_dags/example_short_circuit_operator.py took 0.155 seconds
[2023-11-01T21:50:54.374-0500] {processor.py:157} INFO - Started process (PID=89350) to work on /Users/dimz/EconWizard/hermesvirtual/lib/python3.8/site-packages/airflow/example_dags/example_short_circuit_operator.py
[2023-11-01T21:50:54.379-0500] {processor.py:829} INFO - Processing file /Users/dimz/EconWizard/hermesvirtual/lib/python3.8/site-packages/airflow/example_dags/example_short_circuit_operator.py for tasks to queue
[2023-11-01T21:50:54.380-0500] {logging_mixin.py:151} INFO - [2023-11-01T21:50:54.380-0500] {dagbag.py:536} INFO - Filling up the DagBag from /Users/dimz/EconWizard/hermesvirtual/lib/python3.8/site-packages/airflow/example_dags/example_short_circuit_operator.py
[2023-11-01T21:50:54.404-0500] {processor.py:839} INFO - DAG(s) dict_keys(['example_short_circuit_operator']) retrieved from /Users/dimz/EconWizard/hermesvirtual/lib/python3.8/site-packages/airflow/example_dags/example_short_circuit_operator.py
[2023-11-01T21:50:54.508-0500] {logging_mixin.py:151} INFO - [2023-11-01T21:50:54.507-0500] {dag.py:2941} INFO - Sync 1 DAGs
[2023-11-01T21:50:54.516-0500] {logging_mixin.py:151} INFO - [2023-11-01T21:50:54.516-0500] {dag.py:3722} INFO - Setting next_dagrun for example_short_circuit_operator to 2023-11-01T02:50:54.516718+00:00, run_after=2023-11-02T02:50:54.516718+00:00
[2023-11-01T21:50:54.527-0500] {processor.py:179} INFO - Processing /Users/dimz/EconWizard/hermesvirtual/lib/python3.8/site-packages/airflow/example_dags/example_short_circuit_operator.py took 0.153 seconds
[2023-11-01T21:52:49.929-0500] {processor.py:157} INFO - Started process (PID=89510) to work on /Users/dimz/EconWizard/hermesvirtual/lib/python3.8/site-packages/airflow/example_dags/example_short_circuit_operator.py
[2023-11-01T21:52:49.935-0500] {processor.py:829} INFO - Processing file /Users/dimz/EconWizard/hermesvirtual/lib/python3.8/site-packages/airflow/example_dags/example_short_circuit_operator.py for tasks to queue
[2023-11-01T21:52:49.935-0500] {logging_mixin.py:151} INFO - [2023-11-01T21:52:49.935-0500] {dagbag.py:536} INFO - Filling up the DagBag from /Users/dimz/EconWizard/hermesvirtual/lib/python3.8/site-packages/airflow/example_dags/example_short_circuit_operator.py
[2023-11-01T21:52:49.962-0500] {processor.py:839} INFO - DAG(s) dict_keys(['example_short_circuit_operator']) retrieved from /Users/dimz/EconWizard/hermesvirtual/lib/python3.8/site-packages/airflow/example_dags/example_short_circuit_operator.py
[2023-11-01T21:52:50.076-0500] {logging_mixin.py:151} INFO - [2023-11-01T21:52:50.076-0500] {dag.py:2941} INFO - Sync 1 DAGs
[2023-11-01T21:52:50.086-0500] {logging_mixin.py:151} INFO - [2023-11-01T21:52:50.086-0500] {dag.py:3722} INFO - Setting next_dagrun for example_short_circuit_operator to 2023-11-01T02:52:50.086447+00:00, run_after=2023-11-02T02:52:50.086447+00:00
[2023-11-01T21:52:50.098-0500] {processor.py:179} INFO - Processing /Users/dimz/EconWizard/hermesvirtual/lib/python3.8/site-packages/airflow/example_dags/example_short_circuit_operator.py took 0.169 seconds
[2023-11-01T21:54:51.805-0500] {processor.py:157} INFO - Started process (PID=89682) to work on /Users/dimz/EconWizard/hermesvirtual/lib/python3.8/site-packages/airflow/example_dags/example_short_circuit_operator.py
[2023-11-01T21:54:51.810-0500] {processor.py:829} INFO - Processing file /Users/dimz/EconWizard/hermesvirtual/lib/python3.8/site-packages/airflow/example_dags/example_short_circuit_operator.py for tasks to queue
[2023-11-01T21:54:51.811-0500] {logging_mixin.py:151} INFO - [2023-11-01T21:54:51.811-0500] {dagbag.py:536} INFO - Filling up the DagBag from /Users/dimz/EconWizard/hermesvirtual/lib/python3.8/site-packages/airflow/example_dags/example_short_circuit_operator.py
[2023-11-01T21:54:51.839-0500] {processor.py:839} INFO - DAG(s) dict_keys(['example_short_circuit_operator']) retrieved from /Users/dimz/EconWizard/hermesvirtual/lib/python3.8/site-packages/airflow/example_dags/example_short_circuit_operator.py
[2023-11-01T21:54:51.954-0500] {logging_mixin.py:151} INFO - [2023-11-01T21:54:51.953-0500] {dag.py:2941} INFO - Sync 1 DAGs
[2023-11-01T21:54:51.964-0500] {logging_mixin.py:151} INFO - [2023-11-01T21:54:51.964-0500] {dag.py:3722} INFO - Setting next_dagrun for example_short_circuit_operator to 2023-11-01T02:54:51.964173+00:00, run_after=2023-11-02T02:54:51.964173+00:00
[2023-11-01T21:54:51.976-0500] {processor.py:179} INFO - Processing /Users/dimz/EconWizard/hermesvirtual/lib/python3.8/site-packages/airflow/example_dags/example_short_circuit_operator.py took 0.172 seconds
[2023-11-01T21:56:47.637-0500] {processor.py:157} INFO - Started process (PID=89838) to work on /Users/dimz/EconWizard/hermesvirtual/lib/python3.8/site-packages/airflow/example_dags/example_short_circuit_operator.py
[2023-11-01T21:56:47.642-0500] {processor.py:829} INFO - Processing file /Users/dimz/EconWizard/hermesvirtual/lib/python3.8/site-packages/airflow/example_dags/example_short_circuit_operator.py for tasks to queue
[2023-11-01T21:56:47.643-0500] {logging_mixin.py:151} INFO - [2023-11-01T21:56:47.643-0500] {dagbag.py:536} INFO - Filling up the DagBag from /Users/dimz/EconWizard/hermesvirtual/lib/python3.8/site-packages/airflow/example_dags/example_short_circuit_operator.py
[2023-11-01T21:56:47.680-0500] {processor.py:839} INFO - DAG(s) dict_keys(['example_short_circuit_operator']) retrieved from /Users/dimz/EconWizard/hermesvirtual/lib/python3.8/site-packages/airflow/example_dags/example_short_circuit_operator.py
[2023-11-01T21:56:47.798-0500] {logging_mixin.py:151} INFO - [2023-11-01T21:56:47.797-0500] {dag.py:2941} INFO - Sync 1 DAGs
[2023-11-01T21:56:47.808-0500] {logging_mixin.py:151} INFO - [2023-11-01T21:56:47.808-0500] {dag.py:3722} INFO - Setting next_dagrun for example_short_circuit_operator to 2023-11-01T02:56:47.808033+00:00, run_after=2023-11-02T02:56:47.808033+00:00
[2023-11-01T21:56:47.820-0500] {processor.py:179} INFO - Processing /Users/dimz/EconWizard/hermesvirtual/lib/python3.8/site-packages/airflow/example_dags/example_short_circuit_operator.py took 0.183 seconds
[2023-11-01T21:58:50.325-0500] {processor.py:157} INFO - Started process (PID=90040) to work on /Users/dimz/EconWizard/hermesvirtual/lib/python3.8/site-packages/airflow/example_dags/example_short_circuit_operator.py
[2023-11-01T21:58:50.330-0500] {processor.py:829} INFO - Processing file /Users/dimz/EconWizard/hermesvirtual/lib/python3.8/site-packages/airflow/example_dags/example_short_circuit_operator.py for tasks to queue
[2023-11-01T21:58:50.330-0500] {logging_mixin.py:151} INFO - [2023-11-01T21:58:50.330-0500] {dagbag.py:536} INFO - Filling up the DagBag from /Users/dimz/EconWizard/hermesvirtual/lib/python3.8/site-packages/airflow/example_dags/example_short_circuit_operator.py
[2023-11-01T21:58:50.357-0500] {processor.py:839} INFO - DAG(s) dict_keys(['example_short_circuit_operator']) retrieved from /Users/dimz/EconWizard/hermesvirtual/lib/python3.8/site-packages/airflow/example_dags/example_short_circuit_operator.py
[2023-11-01T21:58:50.472-0500] {logging_mixin.py:151} INFO - [2023-11-01T21:58:50.472-0500] {dag.py:2941} INFO - Sync 1 DAGs
[2023-11-01T21:58:50.482-0500] {logging_mixin.py:151} INFO - [2023-11-01T21:58:50.482-0500] {dag.py:3722} INFO - Setting next_dagrun for example_short_circuit_operator to 2023-11-01T02:58:50.481970+00:00, run_after=2023-11-02T02:58:50.481970+00:00
[2023-11-01T21:58:50.494-0500] {processor.py:179} INFO - Processing /Users/dimz/EconWizard/hermesvirtual/lib/python3.8/site-packages/airflow/example_dags/example_short_circuit_operator.py took 0.169 seconds
[2023-11-01T22:00:48.893-0500] {processor.py:157} INFO - Started process (PID=90208) to work on /Users/dimz/EconWizard/hermesvirtual/lib/python3.8/site-packages/airflow/example_dags/example_short_circuit_operator.py
[2023-11-01T22:00:48.898-0500] {processor.py:829} INFO - Processing file /Users/dimz/EconWizard/hermesvirtual/lib/python3.8/site-packages/airflow/example_dags/example_short_circuit_operator.py for tasks to queue
[2023-11-01T22:00:48.898-0500] {logging_mixin.py:151} INFO - [2023-11-01T22:00:48.898-0500] {dagbag.py:536} INFO - Filling up the DagBag from /Users/dimz/EconWizard/hermesvirtual/lib/python3.8/site-packages/airflow/example_dags/example_short_circuit_operator.py
[2023-11-01T22:00:48.928-0500] {processor.py:839} INFO - DAG(s) dict_keys(['example_short_circuit_operator']) retrieved from /Users/dimz/EconWizard/hermesvirtual/lib/python3.8/site-packages/airflow/example_dags/example_short_circuit_operator.py
[2023-11-01T22:00:49.043-0500] {logging_mixin.py:151} INFO - [2023-11-01T22:00:49.042-0500] {dag.py:2941} INFO - Sync 1 DAGs
[2023-11-01T22:00:49.052-0500] {logging_mixin.py:151} INFO - [2023-11-01T22:00:49.051-0500] {dag.py:3722} INFO - Setting next_dagrun for example_short_circuit_operator to 2023-11-01T03:00:49.051855+00:00, run_after=2023-11-02T03:00:49.051855+00:00
[2023-11-01T22:00:49.062-0500] {processor.py:179} INFO - Processing /Users/dimz/EconWizard/hermesvirtual/lib/python3.8/site-packages/airflow/example_dags/example_short_circuit_operator.py took 0.169 seconds
[2023-11-01T22:02:50.832-0500] {processor.py:157} INFO - Started process (PID=90357) to work on /Users/dimz/EconWizard/hermesvirtual/lib/python3.8/site-packages/airflow/example_dags/example_short_circuit_operator.py
[2023-11-01T22:02:50.836-0500] {processor.py:829} INFO - Processing file /Users/dimz/EconWizard/hermesvirtual/lib/python3.8/site-packages/airflow/example_dags/example_short_circuit_operator.py for tasks to queue
[2023-11-01T22:02:50.837-0500] {logging_mixin.py:151} INFO - [2023-11-01T22:02:50.837-0500] {dagbag.py:536} INFO - Filling up the DagBag from /Users/dimz/EconWizard/hermesvirtual/lib/python3.8/site-packages/airflow/example_dags/example_short_circuit_operator.py
[2023-11-01T22:02:50.864-0500] {processor.py:839} INFO - DAG(s) dict_keys(['example_short_circuit_operator']) retrieved from /Users/dimz/EconWizard/hermesvirtual/lib/python3.8/site-packages/airflow/example_dags/example_short_circuit_operator.py
[2023-11-01T22:02:50.976-0500] {logging_mixin.py:151} INFO - [2023-11-01T22:02:50.976-0500] {dag.py:2941} INFO - Sync 1 DAGs
[2023-11-01T22:02:50.987-0500] {logging_mixin.py:151} INFO - [2023-11-01T22:02:50.986-0500] {dag.py:3722} INFO - Setting next_dagrun for example_short_circuit_operator to 2023-11-01T03:02:50.986816+00:00, run_after=2023-11-02T03:02:50.986816+00:00
[2023-11-01T22:02:50.999-0500] {processor.py:179} INFO - Processing /Users/dimz/EconWizard/hermesvirtual/lib/python3.8/site-packages/airflow/example_dags/example_short_circuit_operator.py took 0.168 seconds
[2023-11-01T22:04:44.939-0500] {processor.py:157} INFO - Started process (PID=90552) to work on /Users/dimz/EconWizard/hermesvirtual/lib/python3.8/site-packages/airflow/example_dags/example_short_circuit_operator.py
[2023-11-01T22:04:44.944-0500] {processor.py:829} INFO - Processing file /Users/dimz/EconWizard/hermesvirtual/lib/python3.8/site-packages/airflow/example_dags/example_short_circuit_operator.py for tasks to queue
[2023-11-01T22:04:44.944-0500] {logging_mixin.py:151} INFO - [2023-11-01T22:04:44.944-0500] {dagbag.py:536} INFO - Filling up the DagBag from /Users/dimz/EconWizard/hermesvirtual/lib/python3.8/site-packages/airflow/example_dags/example_short_circuit_operator.py
[2023-11-01T22:04:44.971-0500] {processor.py:839} INFO - DAG(s) dict_keys(['example_short_circuit_operator']) retrieved from /Users/dimz/EconWizard/hermesvirtual/lib/python3.8/site-packages/airflow/example_dags/example_short_circuit_operator.py
[2023-11-01T22:04:45.078-0500] {logging_mixin.py:151} INFO - [2023-11-01T22:04:45.078-0500] {dag.py:2941} INFO - Sync 1 DAGs
[2023-11-01T22:04:45.087-0500] {logging_mixin.py:151} INFO - [2023-11-01T22:04:45.087-0500] {dag.py:3722} INFO - Setting next_dagrun for example_short_circuit_operator to 2023-11-01T03:04:45.087212+00:00, run_after=2023-11-02T03:04:45.087212+00:00
[2023-11-01T22:04:45.098-0500] {processor.py:179} INFO - Processing /Users/dimz/EconWizard/hermesvirtual/lib/python3.8/site-packages/airflow/example_dags/example_short_circuit_operator.py took 0.159 seconds
[2023-11-01T22:06:46.321-0500] {processor.py:157} INFO - Started process (PID=90775) to work on /Users/dimz/EconWizard/hermesvirtual/lib/python3.8/site-packages/airflow/example_dags/example_short_circuit_operator.py
[2023-11-01T22:06:46.326-0500] {processor.py:829} INFO - Processing file /Users/dimz/EconWizard/hermesvirtual/lib/python3.8/site-packages/airflow/example_dags/example_short_circuit_operator.py for tasks to queue
[2023-11-01T22:06:46.326-0500] {logging_mixin.py:151} INFO - [2023-11-01T22:06:46.326-0500] {dagbag.py:536} INFO - Filling up the DagBag from /Users/dimz/EconWizard/hermesvirtual/lib/python3.8/site-packages/airflow/example_dags/example_short_circuit_operator.py
[2023-11-01T22:06:46.357-0500] {processor.py:839} INFO - DAG(s) dict_keys(['example_short_circuit_operator']) retrieved from /Users/dimz/EconWizard/hermesvirtual/lib/python3.8/site-packages/airflow/example_dags/example_short_circuit_operator.py
[2023-11-01T22:06:46.473-0500] {logging_mixin.py:151} INFO - [2023-11-01T22:06:46.473-0500] {dag.py:2941} INFO - Sync 1 DAGs
[2023-11-01T22:06:46.484-0500] {logging_mixin.py:151} INFO - [2023-11-01T22:06:46.483-0500] {dag.py:3722} INFO - Setting next_dagrun for example_short_circuit_operator to 2023-11-01T03:06:46.483822+00:00, run_after=2023-11-02T03:06:46.483822+00:00
[2023-11-01T22:06:46.496-0500] {processor.py:179} INFO - Processing /Users/dimz/EconWizard/hermesvirtual/lib/python3.8/site-packages/airflow/example_dags/example_short_circuit_operator.py took 0.175 seconds
[2023-11-01T22:08:51.235-0500] {processor.py:157} INFO - Started process (PID=91005) to work on /Users/dimz/EconWizard/hermesvirtual/lib/python3.8/site-packages/airflow/example_dags/example_short_circuit_operator.py
[2023-11-01T22:08:51.240-0500] {processor.py:829} INFO - Processing file /Users/dimz/EconWizard/hermesvirtual/lib/python3.8/site-packages/airflow/example_dags/example_short_circuit_operator.py for tasks to queue
[2023-11-01T22:08:51.241-0500] {logging_mixin.py:151} INFO - [2023-11-01T22:08:51.241-0500] {dagbag.py:536} INFO - Filling up the DagBag from /Users/dimz/EconWizard/hermesvirtual/lib/python3.8/site-packages/airflow/example_dags/example_short_circuit_operator.py
[2023-11-01T22:08:51.267-0500] {processor.py:839} INFO - DAG(s) dict_keys(['example_short_circuit_operator']) retrieved from /Users/dimz/EconWizard/hermesvirtual/lib/python3.8/site-packages/airflow/example_dags/example_short_circuit_operator.py
[2023-11-01T22:08:51.383-0500] {logging_mixin.py:151} INFO - [2023-11-01T22:08:51.383-0500] {dag.py:2941} INFO - Sync 1 DAGs
[2023-11-01T22:08:51.393-0500] {logging_mixin.py:151} INFO - [2023-11-01T22:08:51.393-0500] {dag.py:3722} INFO - Setting next_dagrun for example_short_circuit_operator to 2023-11-01T03:08:51.393307+00:00, run_after=2023-11-02T03:08:51.393307+00:00
[2023-11-01T22:08:51.405-0500] {processor.py:179} INFO - Processing /Users/dimz/EconWizard/hermesvirtual/lib/python3.8/site-packages/airflow/example_dags/example_short_circuit_operator.py took 0.171 seconds
[2023-11-01T22:13:25.637-0500] {processor.py:157} INFO - Started process (PID=91433) to work on /Users/dimz/EconWizard/hermesvirtual/lib/python3.8/site-packages/airflow/example_dags/example_short_circuit_operator.py
[2023-11-01T22:13:25.642-0500] {processor.py:829} INFO - Processing file /Users/dimz/EconWizard/hermesvirtual/lib/python3.8/site-packages/airflow/example_dags/example_short_circuit_operator.py for tasks to queue
[2023-11-01T22:13:25.642-0500] {logging_mixin.py:151} INFO - [2023-11-01T22:13:25.642-0500] {dagbag.py:536} INFO - Filling up the DagBag from /Users/dimz/EconWizard/hermesvirtual/lib/python3.8/site-packages/airflow/example_dags/example_short_circuit_operator.py
[2023-11-01T22:13:25.669-0500] {processor.py:839} INFO - DAG(s) dict_keys(['example_short_circuit_operator']) retrieved from /Users/dimz/EconWizard/hermesvirtual/lib/python3.8/site-packages/airflow/example_dags/example_short_circuit_operator.py
[2023-11-01T22:13:26.079-0500] {logging_mixin.py:151} INFO - [2023-11-01T22:13:26.079-0500] {dag.py:2941} INFO - Sync 1 DAGs
[2023-11-01T22:13:26.089-0500] {logging_mixin.py:151} INFO - [2023-11-01T22:13:26.089-0500] {dag.py:3722} INFO - Setting next_dagrun for example_short_circuit_operator to 2023-11-01T03:13:26.089047+00:00, run_after=2023-11-02T03:13:26.089047+00:00
[2023-11-01T22:13:26.102-0500] {processor.py:179} INFO - Processing /Users/dimz/EconWizard/hermesvirtual/lib/python3.8/site-packages/airflow/example_dags/example_short_circuit_operator.py took 0.466 seconds
[2023-11-01T22:15:27.786-0500] {processor.py:157} INFO - Started process (PID=91638) to work on /Users/dimz/EconWizard/hermesvirtual/lib/python3.8/site-packages/airflow/example_dags/example_short_circuit_operator.py
[2023-11-01T22:15:27.791-0500] {processor.py:829} INFO - Processing file /Users/dimz/EconWizard/hermesvirtual/lib/python3.8/site-packages/airflow/example_dags/example_short_circuit_operator.py for tasks to queue
[2023-11-01T22:15:27.791-0500] {logging_mixin.py:151} INFO - [2023-11-01T22:15:27.791-0500] {dagbag.py:536} INFO - Filling up the DagBag from /Users/dimz/EconWizard/hermesvirtual/lib/python3.8/site-packages/airflow/example_dags/example_short_circuit_operator.py
[2023-11-01T22:15:27.818-0500] {processor.py:839} INFO - DAG(s) dict_keys(['example_short_circuit_operator']) retrieved from /Users/dimz/EconWizard/hermesvirtual/lib/python3.8/site-packages/airflow/example_dags/example_short_circuit_operator.py
[2023-11-01T22:15:27.924-0500] {logging_mixin.py:151} INFO - [2023-11-01T22:15:27.924-0500] {dag.py:2941} INFO - Sync 1 DAGs
[2023-11-01T22:15:27.933-0500] {logging_mixin.py:151} INFO - [2023-11-01T22:15:27.933-0500] {dag.py:3722} INFO - Setting next_dagrun for example_short_circuit_operator to 2023-11-01T03:15:27.933025+00:00, run_after=2023-11-02T03:15:27.933025+00:00
[2023-11-01T22:15:27.945-0500] {processor.py:179} INFO - Processing /Users/dimz/EconWizard/hermesvirtual/lib/python3.8/site-packages/airflow/example_dags/example_short_circuit_operator.py took 0.160 seconds
[2023-11-01T22:17:27.309-0500] {processor.py:157} INFO - Started process (PID=91910) to work on /Users/dimz/EconWizard/hermesvirtual/lib/python3.8/site-packages/airflow/example_dags/example_short_circuit_operator.py
[2023-11-01T22:17:27.314-0500] {processor.py:829} INFO - Processing file /Users/dimz/EconWizard/hermesvirtual/lib/python3.8/site-packages/airflow/example_dags/example_short_circuit_operator.py for tasks to queue
[2023-11-01T22:17:27.315-0500] {logging_mixin.py:151} INFO - [2023-11-01T22:17:27.315-0500] {dagbag.py:536} INFO - Filling up the DagBag from /Users/dimz/EconWizard/hermesvirtual/lib/python3.8/site-packages/airflow/example_dags/example_short_circuit_operator.py
[2023-11-01T22:17:27.341-0500] {processor.py:839} INFO - DAG(s) dict_keys(['example_short_circuit_operator']) retrieved from /Users/dimz/EconWizard/hermesvirtual/lib/python3.8/site-packages/airflow/example_dags/example_short_circuit_operator.py
[2023-11-01T22:17:27.457-0500] {logging_mixin.py:151} INFO - [2023-11-01T22:17:27.456-0500] {dag.py:2941} INFO - Sync 1 DAGs
[2023-11-01T22:17:27.467-0500] {logging_mixin.py:151} INFO - [2023-11-01T22:17:27.467-0500] {dag.py:3722} INFO - Setting next_dagrun for example_short_circuit_operator to 2023-11-01T03:17:27.467011+00:00, run_after=2023-11-02T03:17:27.467011+00:00
[2023-11-01T22:17:27.479-0500] {processor.py:179} INFO - Processing /Users/dimz/EconWizard/hermesvirtual/lib/python3.8/site-packages/airflow/example_dags/example_short_circuit_operator.py took 0.170 seconds
[2023-11-01T22:19:21.358-0500] {processor.py:157} INFO - Started process (PID=92194) to work on /Users/dimz/EconWizard/hermesvirtual/lib/python3.8/site-packages/airflow/example_dags/example_short_circuit_operator.py
[2023-11-01T22:19:21.362-0500] {processor.py:829} INFO - Processing file /Users/dimz/EconWizard/hermesvirtual/lib/python3.8/site-packages/airflow/example_dags/example_short_circuit_operator.py for tasks to queue
[2023-11-01T22:19:21.363-0500] {logging_mixin.py:151} INFO - [2023-11-01T22:19:21.362-0500] {dagbag.py:536} INFO - Filling up the DagBag from /Users/dimz/EconWizard/hermesvirtual/lib/python3.8/site-packages/airflow/example_dags/example_short_circuit_operator.py
[2023-11-01T22:19:21.387-0500] {processor.py:839} INFO - DAG(s) dict_keys(['example_short_circuit_operator']) retrieved from /Users/dimz/EconWizard/hermesvirtual/lib/python3.8/site-packages/airflow/example_dags/example_short_circuit_operator.py
[2023-11-01T22:19:21.491-0500] {logging_mixin.py:151} INFO - [2023-11-01T22:19:21.491-0500] {dag.py:2941} INFO - Sync 1 DAGs
[2023-11-01T22:19:21.500-0500] {logging_mixin.py:151} INFO - [2023-11-01T22:19:21.500-0500] {dag.py:3722} INFO - Setting next_dagrun for example_short_circuit_operator to 2023-11-01T03:19:21.500328+00:00, run_after=2023-11-02T03:19:21.500328+00:00
[2023-11-01T22:19:21.511-0500] {processor.py:179} INFO - Processing /Users/dimz/EconWizard/hermesvirtual/lib/python3.8/site-packages/airflow/example_dags/example_short_circuit_operator.py took 0.153 seconds
[2023-11-01T22:21:09.820-0500] {processor.py:157} INFO - Started process (PID=92452) to work on /Users/dimz/EconWizard/hermesvirtual/lib/python3.8/site-packages/airflow/example_dags/example_short_circuit_operator.py
[2023-11-01T22:21:09.825-0500] {processor.py:829} INFO - Processing file /Users/dimz/EconWizard/hermesvirtual/lib/python3.8/site-packages/airflow/example_dags/example_short_circuit_operator.py for tasks to queue
[2023-11-01T22:21:09.825-0500] {logging_mixin.py:151} INFO - [2023-11-01T22:21:09.825-0500] {dagbag.py:536} INFO - Filling up the DagBag from /Users/dimz/EconWizard/hermesvirtual/lib/python3.8/site-packages/airflow/example_dags/example_short_circuit_operator.py
[2023-11-01T22:21:09.850-0500] {processor.py:839} INFO - DAG(s) dict_keys(['example_short_circuit_operator']) retrieved from /Users/dimz/EconWizard/hermesvirtual/lib/python3.8/site-packages/airflow/example_dags/example_short_circuit_operator.py
[2023-11-01T22:21:09.953-0500] {logging_mixin.py:151} INFO - [2023-11-01T22:21:09.953-0500] {dag.py:2941} INFO - Sync 1 DAGs
[2023-11-01T22:21:09.962-0500] {logging_mixin.py:151} INFO - [2023-11-01T22:21:09.962-0500] {dag.py:3722} INFO - Setting next_dagrun for example_short_circuit_operator to 2023-11-01T03:21:09.962327+00:00, run_after=2023-11-02T03:21:09.962327+00:00
[2023-11-01T22:21:09.973-0500] {processor.py:179} INFO - Processing /Users/dimz/EconWizard/hermesvirtual/lib/python3.8/site-packages/airflow/example_dags/example_short_circuit_operator.py took 0.153 seconds
[2023-11-01T22:23:10.172-0500] {processor.py:157} INFO - Started process (PID=92787) to work on /Users/dimz/EconWizard/hermesvirtual/lib/python3.8/site-packages/airflow/example_dags/example_short_circuit_operator.py
[2023-11-01T22:23:10.176-0500] {processor.py:829} INFO - Processing file /Users/dimz/EconWizard/hermesvirtual/lib/python3.8/site-packages/airflow/example_dags/example_short_circuit_operator.py for tasks to queue
[2023-11-01T22:23:10.177-0500] {logging_mixin.py:151} INFO - [2023-11-01T22:23:10.177-0500] {dagbag.py:536} INFO - Filling up the DagBag from /Users/dimz/EconWizard/hermesvirtual/lib/python3.8/site-packages/airflow/example_dags/example_short_circuit_operator.py
[2023-11-01T22:23:10.203-0500] {processor.py:839} INFO - DAG(s) dict_keys(['example_short_circuit_operator']) retrieved from /Users/dimz/EconWizard/hermesvirtual/lib/python3.8/site-packages/airflow/example_dags/example_short_circuit_operator.py
[2023-11-01T22:23:10.315-0500] {logging_mixin.py:151} INFO - [2023-11-01T22:23:10.315-0500] {dag.py:2941} INFO - Sync 1 DAGs
[2023-11-01T22:23:10.325-0500] {logging_mixin.py:151} INFO - [2023-11-01T22:23:10.325-0500] {dag.py:3722} INFO - Setting next_dagrun for example_short_circuit_operator to 2023-11-01T03:23:10.325233+00:00, run_after=2023-11-02T03:23:10.325233+00:00
[2023-11-01T22:23:10.337-0500] {processor.py:179} INFO - Processing /Users/dimz/EconWizard/hermesvirtual/lib/python3.8/site-packages/airflow/example_dags/example_short_circuit_operator.py took 0.165 seconds
[2023-11-02T02:54:11.629-0500] {processor.py:157} INFO - Started process (PID=93073) to work on /Users/dimz/EconWizard/hermesvirtual/lib/python3.8/site-packages/airflow/example_dags/example_short_circuit_operator.py
[2023-11-02T02:54:11.634-0500] {processor.py:829} INFO - Processing file /Users/dimz/EconWizard/hermesvirtual/lib/python3.8/site-packages/airflow/example_dags/example_short_circuit_operator.py for tasks to queue
[2023-11-02T02:54:11.634-0500] {logging_mixin.py:151} INFO - [2023-11-02T02:54:11.634-0500] {dagbag.py:536} INFO - Filling up the DagBag from /Users/dimz/EconWizard/hermesvirtual/lib/python3.8/site-packages/airflow/example_dags/example_short_circuit_operator.py
[2023-11-02T02:54:11.659-0500] {processor.py:839} INFO - DAG(s) dict_keys(['example_short_circuit_operator']) retrieved from /Users/dimz/EconWizard/hermesvirtual/lib/python3.8/site-packages/airflow/example_dags/example_short_circuit_operator.py
[2023-11-02T02:54:11.774-0500] {logging_mixin.py:151} INFO - [2023-11-02T02:54:11.774-0500] {dag.py:2941} INFO - Sync 1 DAGs
[2023-11-02T02:54:11.784-0500] {logging_mixin.py:151} INFO - [2023-11-02T02:54:11.783-0500] {dag.py:3722} INFO - Setting next_dagrun for example_short_circuit_operator to 2023-11-01T07:54:11.783873+00:00, run_after=2023-11-02T07:54:11.783873+00:00
[2023-11-02T02:54:11.796-0500] {processor.py:179} INFO - Processing /Users/dimz/EconWizard/hermesvirtual/lib/python3.8/site-packages/airflow/example_dags/example_short_circuit_operator.py took 0.167 seconds
[2023-11-02T06:53:34.549-0500] {processor.py:157} INFO - Started process (PID=93274) to work on /Users/dimz/EconWizard/hermesvirtual/lib/python3.8/site-packages/airflow/example_dags/example_short_circuit_operator.py
[2023-11-02T06:53:34.555-0500] {processor.py:829} INFO - Processing file /Users/dimz/EconWizard/hermesvirtual/lib/python3.8/site-packages/airflow/example_dags/example_short_circuit_operator.py for tasks to queue
[2023-11-02T06:53:34.555-0500] {logging_mixin.py:151} INFO - [2023-11-02T06:53:34.555-0500] {dagbag.py:536} INFO - Filling up the DagBag from /Users/dimz/EconWizard/hermesvirtual/lib/python3.8/site-packages/airflow/example_dags/example_short_circuit_operator.py
[2023-11-02T06:53:34.581-0500] {processor.py:839} INFO - DAG(s) dict_keys(['example_short_circuit_operator']) retrieved from /Users/dimz/EconWizard/hermesvirtual/lib/python3.8/site-packages/airflow/example_dags/example_short_circuit_operator.py
[2023-11-02T06:53:34.696-0500] {logging_mixin.py:151} INFO - [2023-11-02T06:53:34.696-0500] {dag.py:2941} INFO - Sync 1 DAGs
[2023-11-02T06:53:34.705-0500] {logging_mixin.py:151} INFO - [2023-11-02T06:53:34.705-0500] {dag.py:3722} INFO - Setting next_dagrun for example_short_circuit_operator to 2023-11-01T11:53:34.704942+00:00, run_after=2023-11-02T11:53:34.704942+00:00
[2023-11-02T06:53:34.716-0500] {processor.py:179} INFO - Processing /Users/dimz/EconWizard/hermesvirtual/lib/python3.8/site-packages/airflow/example_dags/example_short_circuit_operator.py took 0.167 seconds
[2023-11-02T08:28:47.535-0500] {processor.py:157} INFO - Started process (PID=93391) to work on /Users/dimz/EconWizard/hermesvirtual/lib/python3.8/site-packages/airflow/example_dags/example_short_circuit_operator.py
[2023-11-02T08:28:47.539-0500] {processor.py:829} INFO - Processing file /Users/dimz/EconWizard/hermesvirtual/lib/python3.8/site-packages/airflow/example_dags/example_short_circuit_operator.py for tasks to queue
[2023-11-02T08:28:47.539-0500] {logging_mixin.py:151} INFO - [2023-11-02T08:28:47.539-0500] {dagbag.py:536} INFO - Filling up the DagBag from /Users/dimz/EconWizard/hermesvirtual/lib/python3.8/site-packages/airflow/example_dags/example_short_circuit_operator.py
[2023-11-02T08:28:47.564-0500] {processor.py:839} INFO - DAG(s) dict_keys(['example_short_circuit_operator']) retrieved from /Users/dimz/EconWizard/hermesvirtual/lib/python3.8/site-packages/airflow/example_dags/example_short_circuit_operator.py
[2023-11-02T08:28:47.668-0500] {logging_mixin.py:151} INFO - [2023-11-02T08:28:47.668-0500] {dag.py:2941} INFO - Sync 1 DAGs
[2023-11-02T08:28:47.678-0500] {logging_mixin.py:151} INFO - [2023-11-02T08:28:47.678-0500] {dag.py:3722} INFO - Setting next_dagrun for example_short_circuit_operator to 2023-11-01T13:28:47.678327+00:00, run_after=2023-11-02T13:28:47.678327+00:00
[2023-11-02T08:28:47.690-0500] {processor.py:179} INFO - Processing /Users/dimz/EconWizard/hermesvirtual/lib/python3.8/site-packages/airflow/example_dags/example_short_circuit_operator.py took 0.155 seconds
[2023-11-02T08:37:58.011-0500] {processor.py:157} INFO - Started process (PID=93487) to work on /Users/dimz/EconWizard/hermesvirtual/lib/python3.8/site-packages/airflow/example_dags/example_short_circuit_operator.py
[2023-11-02T08:37:58.015-0500] {processor.py:829} INFO - Processing file /Users/dimz/EconWizard/hermesvirtual/lib/python3.8/site-packages/airflow/example_dags/example_short_circuit_operator.py for tasks to queue
[2023-11-02T08:37:58.015-0500] {logging_mixin.py:151} INFO - [2023-11-02T08:37:58.015-0500] {dagbag.py:536} INFO - Filling up the DagBag from /Users/dimz/EconWizard/hermesvirtual/lib/python3.8/site-packages/airflow/example_dags/example_short_circuit_operator.py
[2023-11-02T08:37:58.040-0500] {processor.py:839} INFO - DAG(s) dict_keys(['example_short_circuit_operator']) retrieved from /Users/dimz/EconWizard/hermesvirtual/lib/python3.8/site-packages/airflow/example_dags/example_short_circuit_operator.py
[2023-11-02T08:37:58.144-0500] {logging_mixin.py:151} INFO - [2023-11-02T08:37:58.143-0500] {dag.py:2941} INFO - Sync 1 DAGs
[2023-11-02T08:37:58.152-0500] {logging_mixin.py:151} INFO - [2023-11-02T08:37:58.152-0500] {dag.py:3722} INFO - Setting next_dagrun for example_short_circuit_operator to 2023-11-01T13:37:58.152648+00:00, run_after=2023-11-02T13:37:58.152648+00:00
[2023-11-02T08:37:58.163-0500] {processor.py:179} INFO - Processing /Users/dimz/EconWizard/hermesvirtual/lib/python3.8/site-packages/airflow/example_dags/example_short_circuit_operator.py took 0.153 seconds
[2023-11-02T09:02:59.455-0500] {processor.py:157} INFO - Started process (PID=93587) to work on /Users/dimz/EconWizard/hermesvirtual/lib/python3.8/site-packages/airflow/example_dags/example_short_circuit_operator.py
[2023-11-02T09:02:59.460-0500] {processor.py:829} INFO - Processing file /Users/dimz/EconWizard/hermesvirtual/lib/python3.8/site-packages/airflow/example_dags/example_short_circuit_operator.py for tasks to queue
[2023-11-02T09:02:59.460-0500] {logging_mixin.py:151} INFO - [2023-11-02T09:02:59.460-0500] {dagbag.py:536} INFO - Filling up the DagBag from /Users/dimz/EconWizard/hermesvirtual/lib/python3.8/site-packages/airflow/example_dags/example_short_circuit_operator.py
[2023-11-02T09:02:59.488-0500] {processor.py:839} INFO - DAG(s) dict_keys(['example_short_circuit_operator']) retrieved from /Users/dimz/EconWizard/hermesvirtual/lib/python3.8/site-packages/airflow/example_dags/example_short_circuit_operator.py
[2023-11-02T09:02:59.639-0500] {logging_mixin.py:151} INFO - [2023-11-02T09:02:59.639-0500] {dag.py:2941} INFO - Sync 1 DAGs
[2023-11-02T09:02:59.650-0500] {logging_mixin.py:151} INFO - [2023-11-02T09:02:59.650-0500] {dag.py:3722} INFO - Setting next_dagrun for example_short_circuit_operator to 2023-11-01T14:02:59.650719+00:00, run_after=2023-11-02T14:02:59.650719+00:00
[2023-11-02T09:02:59.664-0500] {processor.py:179} INFO - Processing /Users/dimz/EconWizard/hermesvirtual/lib/python3.8/site-packages/airflow/example_dags/example_short_circuit_operator.py took 0.210 seconds
[2023-11-02T09:04:25.939-0500] {processor.py:157} INFO - Started process (PID=93711) to work on /Users/dimz/EconWizard/hermesvirtual/lib/python3.8/site-packages/airflow/example_dags/example_short_circuit_operator.py
[2023-11-02T09:04:25.944-0500] {processor.py:829} INFO - Processing file /Users/dimz/EconWizard/hermesvirtual/lib/python3.8/site-packages/airflow/example_dags/example_short_circuit_operator.py for tasks to queue
[2023-11-02T09:04:25.945-0500] {logging_mixin.py:151} INFO - [2023-11-02T09:04:25.945-0500] {dagbag.py:536} INFO - Filling up the DagBag from /Users/dimz/EconWizard/hermesvirtual/lib/python3.8/site-packages/airflow/example_dags/example_short_circuit_operator.py
[2023-11-02T09:04:25.970-0500] {processor.py:839} INFO - DAG(s) dict_keys(['example_short_circuit_operator']) retrieved from /Users/dimz/EconWizard/hermesvirtual/lib/python3.8/site-packages/airflow/example_dags/example_short_circuit_operator.py
[2023-11-02T09:04:26.073-0500] {logging_mixin.py:151} INFO - [2023-11-02T09:04:26.073-0500] {dag.py:2941} INFO - Sync 1 DAGs
[2023-11-02T09:04:26.082-0500] {logging_mixin.py:151} INFO - [2023-11-02T09:04:26.082-0500] {dag.py:3722} INFO - Setting next_dagrun for example_short_circuit_operator to 2023-11-01T14:04:26.082443+00:00, run_after=2023-11-02T14:04:26.082443+00:00
[2023-11-02T09:04:26.093-0500] {processor.py:179} INFO - Processing /Users/dimz/EconWizard/hermesvirtual/lib/python3.8/site-packages/airflow/example_dags/example_short_circuit_operator.py took 0.154 seconds
[2023-11-02T09:06:20.473-0500] {processor.py:157} INFO - Started process (PID=93860) to work on /Users/dimz/EconWizard/hermesvirtual/lib/python3.8/site-packages/airflow/example_dags/example_short_circuit_operator.py
[2023-11-02T09:06:20.478-0500] {processor.py:829} INFO - Processing file /Users/dimz/EconWizard/hermesvirtual/lib/python3.8/site-packages/airflow/example_dags/example_short_circuit_operator.py for tasks to queue
[2023-11-02T09:06:20.478-0500] {logging_mixin.py:151} INFO - [2023-11-02T09:06:20.478-0500] {dagbag.py:536} INFO - Filling up the DagBag from /Users/dimz/EconWizard/hermesvirtual/lib/python3.8/site-packages/airflow/example_dags/example_short_circuit_operator.py
[2023-11-02T09:06:20.503-0500] {processor.py:839} INFO - DAG(s) dict_keys(['example_short_circuit_operator']) retrieved from /Users/dimz/EconWizard/hermesvirtual/lib/python3.8/site-packages/airflow/example_dags/example_short_circuit_operator.py
[2023-11-02T09:06:20.606-0500] {logging_mixin.py:151} INFO - [2023-11-02T09:06:20.606-0500] {dag.py:2941} INFO - Sync 1 DAGs
[2023-11-02T09:06:20.615-0500] {logging_mixin.py:151} INFO - [2023-11-02T09:06:20.615-0500] {dag.py:3722} INFO - Setting next_dagrun for example_short_circuit_operator to 2023-11-01T14:06:20.615359+00:00, run_after=2023-11-02T14:06:20.615359+00:00
[2023-11-02T09:06:20.627-0500] {processor.py:179} INFO - Processing /Users/dimz/EconWizard/hermesvirtual/lib/python3.8/site-packages/airflow/example_dags/example_short_circuit_operator.py took 0.154 seconds
[2023-11-02T09:08:25.868-0500] {processor.py:157} INFO - Started process (PID=94012) to work on /Users/dimz/EconWizard/hermesvirtual/lib/python3.8/site-packages/airflow/example_dags/example_short_circuit_operator.py
[2023-11-02T09:08:25.873-0500] {processor.py:829} INFO - Processing file /Users/dimz/EconWizard/hermesvirtual/lib/python3.8/site-packages/airflow/example_dags/example_short_circuit_operator.py for tasks to queue
[2023-11-02T09:08:25.874-0500] {logging_mixin.py:151} INFO - [2023-11-02T09:08:25.874-0500] {dagbag.py:536} INFO - Filling up the DagBag from /Users/dimz/EconWizard/hermesvirtual/lib/python3.8/site-packages/airflow/example_dags/example_short_circuit_operator.py
[2023-11-02T09:08:25.900-0500] {processor.py:839} INFO - DAG(s) dict_keys(['example_short_circuit_operator']) retrieved from /Users/dimz/EconWizard/hermesvirtual/lib/python3.8/site-packages/airflow/example_dags/example_short_circuit_operator.py
[2023-11-02T09:08:26.006-0500] {logging_mixin.py:151} INFO - [2023-11-02T09:08:26.006-0500] {dag.py:2941} INFO - Sync 1 DAGs
[2023-11-02T09:08:26.015-0500] {logging_mixin.py:151} INFO - [2023-11-02T09:08:26.015-0500] {dag.py:3722} INFO - Setting next_dagrun for example_short_circuit_operator to 2023-11-01T14:08:26.015195+00:00, run_after=2023-11-02T14:08:26.015195+00:00
[2023-11-02T09:08:26.027-0500] {processor.py:179} INFO - Processing /Users/dimz/EconWizard/hermesvirtual/lib/python3.8/site-packages/airflow/example_dags/example_short_circuit_operator.py took 0.159 seconds
[2023-11-02T09:10:32.554-0500] {processor.py:157} INFO - Started process (PID=94318) to work on /Users/dimz/EconWizard/hermesvirtual/lib/python3.8/site-packages/airflow/example_dags/example_short_circuit_operator.py
[2023-11-02T09:10:32.559-0500] {processor.py:829} INFO - Processing file /Users/dimz/EconWizard/hermesvirtual/lib/python3.8/site-packages/airflow/example_dags/example_short_circuit_operator.py for tasks to queue
[2023-11-02T09:10:32.560-0500] {logging_mixin.py:151} INFO - [2023-11-02T09:10:32.560-0500] {dagbag.py:536} INFO - Filling up the DagBag from /Users/dimz/EconWizard/hermesvirtual/lib/python3.8/site-packages/airflow/example_dags/example_short_circuit_operator.py
[2023-11-02T09:10:32.584-0500] {processor.py:839} INFO - DAG(s) dict_keys(['example_short_circuit_operator']) retrieved from /Users/dimz/EconWizard/hermesvirtual/lib/python3.8/site-packages/airflow/example_dags/example_short_circuit_operator.py
[2023-11-02T09:10:32.688-0500] {logging_mixin.py:151} INFO - [2023-11-02T09:10:32.688-0500] {dag.py:2941} INFO - Sync 1 DAGs
[2023-11-02T09:10:32.697-0500] {logging_mixin.py:151} INFO - [2023-11-02T09:10:32.697-0500] {dag.py:3722} INFO - Setting next_dagrun for example_short_circuit_operator to 2023-11-01T14:10:32.697692+00:00, run_after=2023-11-02T14:10:32.697692+00:00
[2023-11-02T09:10:32.708-0500] {processor.py:179} INFO - Processing /Users/dimz/EconWizard/hermesvirtual/lib/python3.8/site-packages/airflow/example_dags/example_short_circuit_operator.py took 0.155 seconds
[2023-11-02T09:12:41.541-0500] {processor.py:157} INFO - Started process (PID=94492) to work on /Users/dimz/EconWizard/hermesvirtual/lib/python3.8/site-packages/airflow/example_dags/example_short_circuit_operator.py
[2023-11-02T09:12:41.546-0500] {processor.py:829} INFO - Processing file /Users/dimz/EconWizard/hermesvirtual/lib/python3.8/site-packages/airflow/example_dags/example_short_circuit_operator.py for tasks to queue
[2023-11-02T09:12:41.546-0500] {logging_mixin.py:151} INFO - [2023-11-02T09:12:41.546-0500] {dagbag.py:536} INFO - Filling up the DagBag from /Users/dimz/EconWizard/hermesvirtual/lib/python3.8/site-packages/airflow/example_dags/example_short_circuit_operator.py
[2023-11-02T09:12:41.570-0500] {processor.py:839} INFO - DAG(s) dict_keys(['example_short_circuit_operator']) retrieved from /Users/dimz/EconWizard/hermesvirtual/lib/python3.8/site-packages/airflow/example_dags/example_short_circuit_operator.py
[2023-11-02T09:12:41.678-0500] {logging_mixin.py:151} INFO - [2023-11-02T09:12:41.678-0500] {dag.py:2941} INFO - Sync 1 DAGs
[2023-11-02T09:12:41.687-0500] {logging_mixin.py:151} INFO - [2023-11-02T09:12:41.687-0500] {dag.py:3722} INFO - Setting next_dagrun for example_short_circuit_operator to 2023-11-01T14:12:41.687578+00:00, run_after=2023-11-02T14:12:41.687578+00:00
[2023-11-02T09:12:41.698-0500] {processor.py:179} INFO - Processing /Users/dimz/EconWizard/hermesvirtual/lib/python3.8/site-packages/airflow/example_dags/example_short_circuit_operator.py took 0.158 seconds
[2023-11-02T09:14:48.510-0500] {processor.py:157} INFO - Started process (PID=94626) to work on /Users/dimz/EconWizard/hermesvirtual/lib/python3.8/site-packages/airflow/example_dags/example_short_circuit_operator.py
[2023-11-02T09:14:48.515-0500] {processor.py:829} INFO - Processing file /Users/dimz/EconWizard/hermesvirtual/lib/python3.8/site-packages/airflow/example_dags/example_short_circuit_operator.py for tasks to queue
[2023-11-02T09:14:48.516-0500] {logging_mixin.py:151} INFO - [2023-11-02T09:14:48.515-0500] {dagbag.py:536} INFO - Filling up the DagBag from /Users/dimz/EconWizard/hermesvirtual/lib/python3.8/site-packages/airflow/example_dags/example_short_circuit_operator.py
[2023-11-02T09:14:48.540-0500] {processor.py:839} INFO - DAG(s) dict_keys(['example_short_circuit_operator']) retrieved from /Users/dimz/EconWizard/hermesvirtual/lib/python3.8/site-packages/airflow/example_dags/example_short_circuit_operator.py
[2023-11-02T09:14:48.644-0500] {logging_mixin.py:151} INFO - [2023-11-02T09:14:48.644-0500] {dag.py:2941} INFO - Sync 1 DAGs
[2023-11-02T09:14:48.653-0500] {logging_mixin.py:151} INFO - [2023-11-02T09:14:48.653-0500] {dag.py:3722} INFO - Setting next_dagrun for example_short_circuit_operator to 2023-11-01T14:14:48.653694+00:00, run_after=2023-11-02T14:14:48.653694+00:00
[2023-11-02T09:14:48.664-0500] {processor.py:179} INFO - Processing /Users/dimz/EconWizard/hermesvirtual/lib/python3.8/site-packages/airflow/example_dags/example_short_circuit_operator.py took 0.154 seconds
[2023-11-02T09:16:52.675-0500] {processor.py:157} INFO - Started process (PID=94766) to work on /Users/dimz/EconWizard/hermesvirtual/lib/python3.8/site-packages/airflow/example_dags/example_short_circuit_operator.py
[2023-11-02T09:16:52.680-0500] {processor.py:829} INFO - Processing file /Users/dimz/EconWizard/hermesvirtual/lib/python3.8/site-packages/airflow/example_dags/example_short_circuit_operator.py for tasks to queue
[2023-11-02T09:16:52.681-0500] {logging_mixin.py:151} INFO - [2023-11-02T09:16:52.680-0500] {dagbag.py:536} INFO - Filling up the DagBag from /Users/dimz/EconWizard/hermesvirtual/lib/python3.8/site-packages/airflow/example_dags/example_short_circuit_operator.py
[2023-11-02T09:16:52.707-0500] {processor.py:839} INFO - DAG(s) dict_keys(['example_short_circuit_operator']) retrieved from /Users/dimz/EconWizard/hermesvirtual/lib/python3.8/site-packages/airflow/example_dags/example_short_circuit_operator.py
[2023-11-02T09:16:52.820-0500] {logging_mixin.py:151} INFO - [2023-11-02T09:16:52.820-0500] {dag.py:2941} INFO - Sync 1 DAGs
[2023-11-02T09:16:52.830-0500] {logging_mixin.py:151} INFO - [2023-11-02T09:16:52.830-0500] {dag.py:3722} INFO - Setting next_dagrun for example_short_circuit_operator to 2023-11-01T14:16:52.829947+00:00, run_after=2023-11-02T14:16:52.829947+00:00
[2023-11-02T09:16:52.841-0500] {processor.py:179} INFO - Processing /Users/dimz/EconWizard/hermesvirtual/lib/python3.8/site-packages/airflow/example_dags/example_short_circuit_operator.py took 0.167 seconds
[2023-11-02T09:18:58.141-0500] {processor.py:157} INFO - Started process (PID=94933) to work on /Users/dimz/EconWizard/hermesvirtual/lib/python3.8/site-packages/airflow/example_dags/example_short_circuit_operator.py
[2023-11-02T09:18:58.146-0500] {processor.py:829} INFO - Processing file /Users/dimz/EconWizard/hermesvirtual/lib/python3.8/site-packages/airflow/example_dags/example_short_circuit_operator.py for tasks to queue
[2023-11-02T09:18:58.146-0500] {logging_mixin.py:151} INFO - [2023-11-02T09:18:58.146-0500] {dagbag.py:536} INFO - Filling up the DagBag from /Users/dimz/EconWizard/hermesvirtual/lib/python3.8/site-packages/airflow/example_dags/example_short_circuit_operator.py
[2023-11-02T09:18:58.174-0500] {processor.py:839} INFO - DAG(s) dict_keys(['example_short_circuit_operator']) retrieved from /Users/dimz/EconWizard/hermesvirtual/lib/python3.8/site-packages/airflow/example_dags/example_short_circuit_operator.py
[2023-11-02T09:18:58.293-0500] {logging_mixin.py:151} INFO - [2023-11-02T09:18:58.293-0500] {dag.py:2941} INFO - Sync 1 DAGs
[2023-11-02T09:18:58.302-0500] {logging_mixin.py:151} INFO - [2023-11-02T09:18:58.302-0500] {dag.py:3722} INFO - Setting next_dagrun for example_short_circuit_operator to 2023-11-01T14:18:58.302735+00:00, run_after=2023-11-02T14:18:58.302735+00:00
[2023-11-02T09:18:58.314-0500] {processor.py:179} INFO - Processing /Users/dimz/EconWizard/hermesvirtual/lib/python3.8/site-packages/airflow/example_dags/example_short_circuit_operator.py took 0.173 seconds
[2023-11-02T09:21:05.620-0500] {processor.py:157} INFO - Started process (PID=95095) to work on /Users/dimz/EconWizard/hermesvirtual/lib/python3.8/site-packages/airflow/example_dags/example_short_circuit_operator.py
[2023-11-02T09:21:05.625-0500] {processor.py:829} INFO - Processing file /Users/dimz/EconWizard/hermesvirtual/lib/python3.8/site-packages/airflow/example_dags/example_short_circuit_operator.py for tasks to queue
[2023-11-02T09:21:05.625-0500] {logging_mixin.py:151} INFO - [2023-11-02T09:21:05.625-0500] {dagbag.py:536} INFO - Filling up the DagBag from /Users/dimz/EconWizard/hermesvirtual/lib/python3.8/site-packages/airflow/example_dags/example_short_circuit_operator.py
[2023-11-02T09:21:05.651-0500] {processor.py:839} INFO - DAG(s) dict_keys(['example_short_circuit_operator']) retrieved from /Users/dimz/EconWizard/hermesvirtual/lib/python3.8/site-packages/airflow/example_dags/example_short_circuit_operator.py
[2023-11-02T09:21:05.759-0500] {logging_mixin.py:151} INFO - [2023-11-02T09:21:05.758-0500] {dag.py:2941} INFO - Sync 1 DAGs
[2023-11-02T09:21:05.768-0500] {logging_mixin.py:151} INFO - [2023-11-02T09:21:05.768-0500] {dag.py:3722} INFO - Setting next_dagrun for example_short_circuit_operator to 2023-11-01T14:21:05.768018+00:00, run_after=2023-11-02T14:21:05.768018+00:00
[2023-11-02T09:21:05.779-0500] {processor.py:179} INFO - Processing /Users/dimz/EconWizard/hermesvirtual/lib/python3.8/site-packages/airflow/example_dags/example_short_circuit_operator.py took 0.160 seconds
[2023-11-02T09:23:14.623-0500] {processor.py:157} INFO - Started process (PID=95277) to work on /Users/dimz/EconWizard/hermesvirtual/lib/python3.8/site-packages/airflow/example_dags/example_short_circuit_operator.py
[2023-11-02T09:23:14.628-0500] {processor.py:829} INFO - Processing file /Users/dimz/EconWizard/hermesvirtual/lib/python3.8/site-packages/airflow/example_dags/example_short_circuit_operator.py for tasks to queue
[2023-11-02T09:23:14.628-0500] {logging_mixin.py:151} INFO - [2023-11-02T09:23:14.628-0500] {dagbag.py:536} INFO - Filling up the DagBag from /Users/dimz/EconWizard/hermesvirtual/lib/python3.8/site-packages/airflow/example_dags/example_short_circuit_operator.py
[2023-11-02T09:23:14.655-0500] {processor.py:839} INFO - DAG(s) dict_keys(['example_short_circuit_operator']) retrieved from /Users/dimz/EconWizard/hermesvirtual/lib/python3.8/site-packages/airflow/example_dags/example_short_circuit_operator.py
[2023-11-02T09:23:14.772-0500] {logging_mixin.py:151} INFO - [2023-11-02T09:23:14.772-0500] {dag.py:2941} INFO - Sync 1 DAGs
[2023-11-02T09:23:14.781-0500] {logging_mixin.py:151} INFO - [2023-11-02T09:23:14.781-0500] {dag.py:3722} INFO - Setting next_dagrun for example_short_circuit_operator to 2023-11-01T14:23:14.781521+00:00, run_after=2023-11-02T14:23:14.781521+00:00
[2023-11-02T09:23:14.797-0500] {processor.py:179} INFO - Processing /Users/dimz/EconWizard/hermesvirtual/lib/python3.8/site-packages/airflow/example_dags/example_short_circuit_operator.py took 0.174 seconds
[2023-11-02T09:25:19.846-0500] {processor.py:157} INFO - Started process (PID=95532) to work on /Users/dimz/EconWizard/hermesvirtual/lib/python3.8/site-packages/airflow/example_dags/example_short_circuit_operator.py
[2023-11-02T09:25:19.850-0500] {processor.py:829} INFO - Processing file /Users/dimz/EconWizard/hermesvirtual/lib/python3.8/site-packages/airflow/example_dags/example_short_circuit_operator.py for tasks to queue
[2023-11-02T09:25:19.851-0500] {logging_mixin.py:151} INFO - [2023-11-02T09:25:19.850-0500] {dagbag.py:536} INFO - Filling up the DagBag from /Users/dimz/EconWizard/hermesvirtual/lib/python3.8/site-packages/airflow/example_dags/example_short_circuit_operator.py
[2023-11-02T09:25:19.876-0500] {processor.py:839} INFO - DAG(s) dict_keys(['example_short_circuit_operator']) retrieved from /Users/dimz/EconWizard/hermesvirtual/lib/python3.8/site-packages/airflow/example_dags/example_short_circuit_operator.py
[2023-11-02T09:25:19.983-0500] {logging_mixin.py:151} INFO - [2023-11-02T09:25:19.983-0500] {dag.py:2941} INFO - Sync 1 DAGs
[2023-11-02T09:25:19.992-0500] {logging_mixin.py:151} INFO - [2023-11-02T09:25:19.992-0500] {dag.py:3722} INFO - Setting next_dagrun for example_short_circuit_operator to 2023-11-01T14:25:19.992295+00:00, run_after=2023-11-02T14:25:19.992295+00:00
[2023-11-02T09:25:20.003-0500] {processor.py:179} INFO - Processing /Users/dimz/EconWizard/hermesvirtual/lib/python3.8/site-packages/airflow/example_dags/example_short_circuit_operator.py took 0.157 seconds
[2023-11-02T09:27:59.209-0500] {processor.py:157} INFO - Started process (PID=95762) to work on /Users/dimz/EconWizard/hermesvirtual/lib/python3.8/site-packages/airflow/example_dags/example_short_circuit_operator.py
[2023-11-02T09:27:59.214-0500] {processor.py:829} INFO - Processing file /Users/dimz/EconWizard/hermesvirtual/lib/python3.8/site-packages/airflow/example_dags/example_short_circuit_operator.py for tasks to queue
[2023-11-02T09:27:59.214-0500] {logging_mixin.py:151} INFO - [2023-11-02T09:27:59.214-0500] {dagbag.py:536} INFO - Filling up the DagBag from /Users/dimz/EconWizard/hermesvirtual/lib/python3.8/site-packages/airflow/example_dags/example_short_circuit_operator.py
[2023-11-02T09:27:59.240-0500] {processor.py:839} INFO - DAG(s) dict_keys(['example_short_circuit_operator']) retrieved from /Users/dimz/EconWizard/hermesvirtual/lib/python3.8/site-packages/airflow/example_dags/example_short_circuit_operator.py
[2023-11-02T09:27:59.346-0500] {logging_mixin.py:151} INFO - [2023-11-02T09:27:59.346-0500] {dag.py:2941} INFO - Sync 1 DAGs
[2023-11-02T09:27:59.355-0500] {logging_mixin.py:151} INFO - [2023-11-02T09:27:59.355-0500] {dag.py:3722} INFO - Setting next_dagrun for example_short_circuit_operator to 2023-11-01T14:27:59.355279+00:00, run_after=2023-11-02T14:27:59.355279+00:00
[2023-11-02T09:27:59.366-0500] {processor.py:179} INFO - Processing /Users/dimz/EconWizard/hermesvirtual/lib/python3.8/site-packages/airflow/example_dags/example_short_circuit_operator.py took 0.157 seconds
[2023-11-02T09:29:14.280-0500] {processor.py:157} INFO - Started process (PID=95857) to work on /Users/dimz/EconWizard/hermesvirtual/lib/python3.8/site-packages/airflow/example_dags/example_short_circuit_operator.py
[2023-11-02T09:29:14.285-0500] {processor.py:829} INFO - Processing file /Users/dimz/EconWizard/hermesvirtual/lib/python3.8/site-packages/airflow/example_dags/example_short_circuit_operator.py for tasks to queue
[2023-11-02T09:29:14.285-0500] {logging_mixin.py:151} INFO - [2023-11-02T09:29:14.285-0500] {dagbag.py:536} INFO - Filling up the DagBag from /Users/dimz/EconWizard/hermesvirtual/lib/python3.8/site-packages/airflow/example_dags/example_short_circuit_operator.py
[2023-11-02T09:29:14.310-0500] {processor.py:839} INFO - DAG(s) dict_keys(['example_short_circuit_operator']) retrieved from /Users/dimz/EconWizard/hermesvirtual/lib/python3.8/site-packages/airflow/example_dags/example_short_circuit_operator.py
[2023-11-02T09:29:14.413-0500] {logging_mixin.py:151} INFO - [2023-11-02T09:29:14.413-0500] {dag.py:2941} INFO - Sync 1 DAGs
[2023-11-02T09:29:14.422-0500] {logging_mixin.py:151} INFO - [2023-11-02T09:29:14.422-0500] {dag.py:3722} INFO - Setting next_dagrun for example_short_circuit_operator to 2023-11-01T14:29:14.422265+00:00, run_after=2023-11-02T14:29:14.422265+00:00
[2023-11-02T09:29:14.433-0500] {processor.py:179} INFO - Processing /Users/dimz/EconWizard/hermesvirtual/lib/python3.8/site-packages/airflow/example_dags/example_short_circuit_operator.py took 0.153 seconds
[2023-11-02T09:30:25.448-0500] {processor.py:157} INFO - Started process (PID=95957) to work on /Users/dimz/EconWizard/hermesvirtual/lib/python3.8/site-packages/airflow/example_dags/example_short_circuit_operator.py
[2023-11-02T09:30:25.452-0500] {processor.py:829} INFO - Processing file /Users/dimz/EconWizard/hermesvirtual/lib/python3.8/site-packages/airflow/example_dags/example_short_circuit_operator.py for tasks to queue
[2023-11-02T09:30:25.453-0500] {logging_mixin.py:151} INFO - [2023-11-02T09:30:25.453-0500] {dagbag.py:536} INFO - Filling up the DagBag from /Users/dimz/EconWizard/hermesvirtual/lib/python3.8/site-packages/airflow/example_dags/example_short_circuit_operator.py
[2023-11-02T09:30:25.483-0500] {processor.py:839} INFO - DAG(s) dict_keys(['example_short_circuit_operator']) retrieved from /Users/dimz/EconWizard/hermesvirtual/lib/python3.8/site-packages/airflow/example_dags/example_short_circuit_operator.py
[2023-11-02T09:30:25.605-0500] {logging_mixin.py:151} INFO - [2023-11-02T09:30:25.605-0500] {dag.py:2941} INFO - Sync 1 DAGs
[2023-11-02T09:30:25.614-0500] {logging_mixin.py:151} INFO - [2023-11-02T09:30:25.614-0500] {dag.py:3722} INFO - Setting next_dagrun for example_short_circuit_operator to 2023-11-01T14:30:25.614576+00:00, run_after=2023-11-02T14:30:25.614576+00:00
[2023-11-02T09:30:25.627-0500] {processor.py:179} INFO - Processing /Users/dimz/EconWizard/hermesvirtual/lib/python3.8/site-packages/airflow/example_dags/example_short_circuit_operator.py took 0.180 seconds
[2023-11-02T10:13:16.282-0500] {processor.py:157} INFO - Started process (PID=97542) to work on /Users/dimz/EconWizard/hermesvirtual/lib/python3.8/site-packages/airflow/example_dags/example_short_circuit_operator.py
[2023-11-02T10:13:16.287-0500] {processor.py:829} INFO - Processing file /Users/dimz/EconWizard/hermesvirtual/lib/python3.8/site-packages/airflow/example_dags/example_short_circuit_operator.py for tasks to queue
[2023-11-02T10:13:16.287-0500] {logging_mixin.py:151} INFO - [2023-11-02T10:13:16.287-0500] {dagbag.py:536} INFO - Filling up the DagBag from /Users/dimz/EconWizard/hermesvirtual/lib/python3.8/site-packages/airflow/example_dags/example_short_circuit_operator.py
[2023-11-02T10:13:16.313-0500] {processor.py:839} INFO - DAG(s) dict_keys(['example_short_circuit_operator']) retrieved from /Users/dimz/EconWizard/hermesvirtual/lib/python3.8/site-packages/airflow/example_dags/example_short_circuit_operator.py
[2023-11-02T10:13:16.421-0500] {logging_mixin.py:151} INFO - [2023-11-02T10:13:16.421-0500] {dag.py:2941} INFO - Sync 1 DAGs
[2023-11-02T10:13:16.431-0500] {logging_mixin.py:151} INFO - [2023-11-02T10:13:16.431-0500] {dag.py:3722} INFO - Setting next_dagrun for example_short_circuit_operator to 2023-11-01T15:13:16.431176+00:00, run_after=2023-11-02T15:13:16.431176+00:00
[2023-11-02T10:13:16.443-0500] {processor.py:179} INFO - Processing /Users/dimz/EconWizard/hermesvirtual/lib/python3.8/site-packages/airflow/example_dags/example_short_circuit_operator.py took 0.161 seconds
[2023-11-02T10:14:47.616-0500] {processor.py:157} INFO - Started process (PID=97639) to work on /Users/dimz/EconWizard/hermesvirtual/lib/python3.8/site-packages/airflow/example_dags/example_short_circuit_operator.py
[2023-11-02T10:14:47.621-0500] {processor.py:829} INFO - Processing file /Users/dimz/EconWizard/hermesvirtual/lib/python3.8/site-packages/airflow/example_dags/example_short_circuit_operator.py for tasks to queue
[2023-11-02T10:14:47.621-0500] {logging_mixin.py:151} INFO - [2023-11-02T10:14:47.621-0500] {dagbag.py:536} INFO - Filling up the DagBag from /Users/dimz/EconWizard/hermesvirtual/lib/python3.8/site-packages/airflow/example_dags/example_short_circuit_operator.py
[2023-11-02T10:14:47.646-0500] {processor.py:839} INFO - DAG(s) dict_keys(['example_short_circuit_operator']) retrieved from /Users/dimz/EconWizard/hermesvirtual/lib/python3.8/site-packages/airflow/example_dags/example_short_circuit_operator.py
[2023-11-02T10:14:47.750-0500] {logging_mixin.py:151} INFO - [2023-11-02T10:14:47.750-0500] {dag.py:2941} INFO - Sync 1 DAGs
[2023-11-02T10:14:47.759-0500] {logging_mixin.py:151} INFO - [2023-11-02T10:14:47.759-0500] {dag.py:3722} INFO - Setting next_dagrun for example_short_circuit_operator to 2023-11-01T15:14:47.759088+00:00, run_after=2023-11-02T15:14:47.759088+00:00
[2023-11-02T10:14:47.769-0500] {processor.py:179} INFO - Processing /Users/dimz/EconWizard/hermesvirtual/lib/python3.8/site-packages/airflow/example_dags/example_short_circuit_operator.py took 0.153 seconds
[2023-11-02T10:39:03.524-0500] {processor.py:157} INFO - Started process (PID=99858) to work on /Users/dimz/EconWizard/hermesvirtual/lib/python3.8/site-packages/airflow/example_dags/example_short_circuit_operator.py
[2023-11-02T10:39:03.529-0500] {processor.py:829} INFO - Processing file /Users/dimz/EconWizard/hermesvirtual/lib/python3.8/site-packages/airflow/example_dags/example_short_circuit_operator.py for tasks to queue
[2023-11-02T10:39:03.529-0500] {logging_mixin.py:151} INFO - [2023-11-02T10:39:03.529-0500] {dagbag.py:536} INFO - Filling up the DagBag from /Users/dimz/EconWizard/hermesvirtual/lib/python3.8/site-packages/airflow/example_dags/example_short_circuit_operator.py
[2023-11-02T10:39:03.554-0500] {processor.py:839} INFO - DAG(s) dict_keys(['example_short_circuit_operator']) retrieved from /Users/dimz/EconWizard/hermesvirtual/lib/python3.8/site-packages/airflow/example_dags/example_short_circuit_operator.py
[2023-11-02T10:39:03.661-0500] {logging_mixin.py:151} INFO - [2023-11-02T10:39:03.660-0500] {dag.py:2941} INFO - Sync 1 DAGs
[2023-11-02T10:39:03.670-0500] {logging_mixin.py:151} INFO - [2023-11-02T10:39:03.670-0500] {dag.py:3722} INFO - Setting next_dagrun for example_short_circuit_operator to 2023-11-01T15:39:03.670521+00:00, run_after=2023-11-02T15:39:03.670521+00:00
[2023-11-02T10:39:03.681-0500] {processor.py:179} INFO - Processing /Users/dimz/EconWizard/hermesvirtual/lib/python3.8/site-packages/airflow/example_dags/example_short_circuit_operator.py took 0.157 seconds
[2023-11-02T10:40:37.525-0500] {processor.py:157} INFO - Started process (PID=99991) to work on /Users/dimz/EconWizard/hermesvirtual/lib/python3.8/site-packages/airflow/example_dags/example_short_circuit_operator.py
[2023-11-02T10:40:37.530-0500] {processor.py:829} INFO - Processing file /Users/dimz/EconWizard/hermesvirtual/lib/python3.8/site-packages/airflow/example_dags/example_short_circuit_operator.py for tasks to queue
[2023-11-02T10:40:37.530-0500] {logging_mixin.py:151} INFO - [2023-11-02T10:40:37.530-0500] {dagbag.py:536} INFO - Filling up the DagBag from /Users/dimz/EconWizard/hermesvirtual/lib/python3.8/site-packages/airflow/example_dags/example_short_circuit_operator.py
[2023-11-02T10:40:37.555-0500] {processor.py:839} INFO - DAG(s) dict_keys(['example_short_circuit_operator']) retrieved from /Users/dimz/EconWizard/hermesvirtual/lib/python3.8/site-packages/airflow/example_dags/example_short_circuit_operator.py
[2023-11-02T10:40:37.665-0500] {logging_mixin.py:151} INFO - [2023-11-02T10:40:37.665-0500] {dag.py:2941} INFO - Sync 1 DAGs
[2023-11-02T10:40:37.675-0500] {logging_mixin.py:151} INFO - [2023-11-02T10:40:37.675-0500] {dag.py:3722} INFO - Setting next_dagrun for example_short_circuit_operator to 2023-11-01T15:40:37.675254+00:00, run_after=2023-11-02T15:40:37.675254+00:00
[2023-11-02T10:40:37.686-0500] {processor.py:179} INFO - Processing /Users/dimz/EconWizard/hermesvirtual/lib/python3.8/site-packages/airflow/example_dags/example_short_circuit_operator.py took 0.162 seconds
[2023-11-02T10:42:40.013-0500] {processor.py:157} INFO - Started process (PID=301) to work on /Users/dimz/EconWizard/hermesvirtual/lib/python3.8/site-packages/airflow/example_dags/example_short_circuit_operator.py
[2023-11-02T10:42:40.018-0500] {processor.py:829} INFO - Processing file /Users/dimz/EconWizard/hermesvirtual/lib/python3.8/site-packages/airflow/example_dags/example_short_circuit_operator.py for tasks to queue
[2023-11-02T10:42:40.018-0500] {logging_mixin.py:151} INFO - [2023-11-02T10:42:40.018-0500] {dagbag.py:536} INFO - Filling up the DagBag from /Users/dimz/EconWizard/hermesvirtual/lib/python3.8/site-packages/airflow/example_dags/example_short_circuit_operator.py
[2023-11-02T10:42:40.044-0500] {processor.py:839} INFO - DAG(s) dict_keys(['example_short_circuit_operator']) retrieved from /Users/dimz/EconWizard/hermesvirtual/lib/python3.8/site-packages/airflow/example_dags/example_short_circuit_operator.py
[2023-11-02T10:42:40.153-0500] {logging_mixin.py:151} INFO - [2023-11-02T10:42:40.153-0500] {dag.py:2941} INFO - Sync 1 DAGs
[2023-11-02T10:42:40.162-0500] {logging_mixin.py:151} INFO - [2023-11-02T10:42:40.162-0500] {dag.py:3722} INFO - Setting next_dagrun for example_short_circuit_operator to 2023-11-01T15:42:40.162747+00:00, run_after=2023-11-02T15:42:40.162747+00:00
[2023-11-02T10:42:40.174-0500] {processor.py:179} INFO - Processing /Users/dimz/EconWizard/hermesvirtual/lib/python3.8/site-packages/airflow/example_dags/example_short_circuit_operator.py took 0.162 seconds
