[2023-11-01T21:36:30.750-0500] {processor.py:157} INFO - Started process (PID=87776) to work on /Users/dimz/EconWizard/hermesvirtual/lib/python3.8/site-packages/airflow/example_dags/example_branch_labels.py
[2023-11-01T21:36:30.754-0500] {processor.py:829} INFO - Processing file /Users/dimz/EconWizard/hermesvirtual/lib/python3.8/site-packages/airflow/example_dags/example_branch_labels.py for tasks to queue
[2023-11-01T21:36:30.754-0500] {logging_mixin.py:151} INFO - [2023-11-01T21:36:30.754-0500] {dagbag.py:536} INFO - Filling up the DagBag from /Users/dimz/EconWizard/hermesvirtual/lib/python3.8/site-packages/airflow/example_dags/example_branch_labels.py
[2023-11-01T21:36:30.771-0500] {processor.py:839} INFO - DAG(s) dict_keys(['example_branch_labels']) retrieved from /Users/dimz/EconWizard/hermesvirtual/lib/python3.8/site-packages/airflow/example_dags/example_branch_labels.py
[2023-11-01T21:36:31.107-0500] {logging_mixin.py:151} INFO - [2023-11-01T21:36:31.107-0500] {manager.py:499} INFO - Created Permission View: %s
[2023-11-01T21:36:31.112-0500] {logging_mixin.py:151} INFO - [2023-11-01T21:36:31.112-0500] {manager.py:499} INFO - Created Permission View: %s
[2023-11-01T21:36:31.115-0500] {logging_mixin.py:151} INFO - [2023-11-01T21:36:31.115-0500] {manager.py:499} INFO - Created Permission View: %s
[2023-11-01T21:36:31.115-0500] {logging_mixin.py:151} INFO - [2023-11-01T21:36:31.115-0500] {dag.py:2941} INFO - Sync 1 DAGs
[2023-11-01T21:36:31.121-0500] {logging_mixin.py:151} INFO - [2023-11-01T21:36:31.121-0500] {dag.py:2963} INFO - Creating ORM DAG for example_branch_labels
[2023-11-01T21:36:31.126-0500] {logging_mixin.py:151} INFO - [2023-11-01T21:36:31.126-0500] {dag.py:3722} INFO - Setting next_dagrun for example_branch_labels to 2023-11-01T00:00:00+00:00, run_after=2023-11-02T00:00:00+00:00
[2023-11-01T21:36:31.135-0500] {processor.py:179} INFO - Processing /Users/dimz/EconWizard/hermesvirtual/lib/python3.8/site-packages/airflow/example_dags/example_branch_labels.py took 0.385 seconds
[2023-11-01T21:38:23.836-0500] {processor.py:157} INFO - Started process (PID=87973) to work on /Users/dimz/EconWizard/hermesvirtual/lib/python3.8/site-packages/airflow/example_dags/example_branch_labels.py
[2023-11-01T21:38:23.841-0500] {processor.py:829} INFO - Processing file /Users/dimz/EconWizard/hermesvirtual/lib/python3.8/site-packages/airflow/example_dags/example_branch_labels.py for tasks to queue
[2023-11-01T21:38:23.842-0500] {logging_mixin.py:151} INFO - [2023-11-01T21:38:23.842-0500] {dagbag.py:536} INFO - Filling up the DagBag from /Users/dimz/EconWizard/hermesvirtual/lib/python3.8/site-packages/airflow/example_dags/example_branch_labels.py
[2023-11-01T21:38:23.859-0500] {processor.py:839} INFO - DAG(s) dict_keys(['example_branch_labels']) retrieved from /Users/dimz/EconWizard/hermesvirtual/lib/python3.8/site-packages/airflow/example_dags/example_branch_labels.py
[2023-11-01T21:38:23.969-0500] {logging_mixin.py:151} INFO - [2023-11-01T21:38:23.969-0500] {dag.py:2941} INFO - Sync 1 DAGs
[2023-11-01T21:38:23.981-0500] {logging_mixin.py:151} INFO - [2023-11-01T21:38:23.981-0500] {dag.py:3722} INFO - Setting next_dagrun for example_branch_labels to 2023-11-01T00:00:00+00:00, run_after=2023-11-02T00:00:00+00:00
[2023-11-01T21:38:23.995-0500] {processor.py:179} INFO - Processing /Users/dimz/EconWizard/hermesvirtual/lib/python3.8/site-packages/airflow/example_dags/example_branch_labels.py took 0.159 seconds
[2023-11-01T21:40:18.607-0500] {processor.py:157} INFO - Started process (PID=88218) to work on /Users/dimz/EconWizard/hermesvirtual/lib/python3.8/site-packages/airflow/example_dags/example_branch_labels.py
[2023-11-01T21:40:18.612-0500] {processor.py:829} INFO - Processing file /Users/dimz/EconWizard/hermesvirtual/lib/python3.8/site-packages/airflow/example_dags/example_branch_labels.py for tasks to queue
[2023-11-01T21:40:18.612-0500] {logging_mixin.py:151} INFO - [2023-11-01T21:40:18.612-0500] {dagbag.py:536} INFO - Filling up the DagBag from /Users/dimz/EconWizard/hermesvirtual/lib/python3.8/site-packages/airflow/example_dags/example_branch_labels.py
[2023-11-01T21:40:18.629-0500] {processor.py:839} INFO - DAG(s) dict_keys(['example_branch_labels']) retrieved from /Users/dimz/EconWizard/hermesvirtual/lib/python3.8/site-packages/airflow/example_dags/example_branch_labels.py
[2023-11-01T21:40:18.736-0500] {logging_mixin.py:151} INFO - [2023-11-01T21:40:18.736-0500] {dag.py:2941} INFO - Sync 1 DAGs
[2023-11-01T21:40:18.747-0500] {logging_mixin.py:151} INFO - [2023-11-01T21:40:18.746-0500] {dag.py:3722} INFO - Setting next_dagrun for example_branch_labels to 2023-11-01T00:00:00+00:00, run_after=2023-11-02T00:00:00+00:00
[2023-11-01T21:40:18.757-0500] {processor.py:179} INFO - Processing /Users/dimz/EconWizard/hermesvirtual/lib/python3.8/site-packages/airflow/example_dags/example_branch_labels.py took 0.150 seconds
[2023-11-01T21:42:15.204-0500] {processor.py:157} INFO - Started process (PID=88481) to work on /Users/dimz/EconWizard/hermesvirtual/lib/python3.8/site-packages/airflow/example_dags/example_branch_labels.py
[2023-11-01T21:42:15.209-0500] {processor.py:829} INFO - Processing file /Users/dimz/EconWizard/hermesvirtual/lib/python3.8/site-packages/airflow/example_dags/example_branch_labels.py for tasks to queue
[2023-11-01T21:42:15.209-0500] {logging_mixin.py:151} INFO - [2023-11-01T21:42:15.209-0500] {dagbag.py:536} INFO - Filling up the DagBag from /Users/dimz/EconWizard/hermesvirtual/lib/python3.8/site-packages/airflow/example_dags/example_branch_labels.py
[2023-11-01T21:42:15.226-0500] {processor.py:839} INFO - DAG(s) dict_keys(['example_branch_labels']) retrieved from /Users/dimz/EconWizard/hermesvirtual/lib/python3.8/site-packages/airflow/example_dags/example_branch_labels.py
[2023-11-01T21:42:15.330-0500] {logging_mixin.py:151} INFO - [2023-11-01T21:42:15.330-0500] {dag.py:2941} INFO - Sync 1 DAGs
[2023-11-01T21:42:15.341-0500] {logging_mixin.py:151} INFO - [2023-11-01T21:42:15.341-0500] {dag.py:3722} INFO - Setting next_dagrun for example_branch_labels to 2023-11-01T00:00:00+00:00, run_after=2023-11-02T00:00:00+00:00
[2023-11-01T21:42:15.352-0500] {processor.py:179} INFO - Processing /Users/dimz/EconWizard/hermesvirtual/lib/python3.8/site-packages/airflow/example_dags/example_branch_labels.py took 0.149 seconds
[2023-11-01T21:44:07.989-0500] {processor.py:157} INFO - Started process (PID=88701) to work on /Users/dimz/EconWizard/hermesvirtual/lib/python3.8/site-packages/airflow/example_dags/example_branch_labels.py
[2023-11-01T21:44:07.994-0500] {processor.py:829} INFO - Processing file /Users/dimz/EconWizard/hermesvirtual/lib/python3.8/site-packages/airflow/example_dags/example_branch_labels.py for tasks to queue
[2023-11-01T21:44:07.994-0500] {logging_mixin.py:151} INFO - [2023-11-01T21:44:07.994-0500] {dagbag.py:536} INFO - Filling up the DagBag from /Users/dimz/EconWizard/hermesvirtual/lib/python3.8/site-packages/airflow/example_dags/example_branch_labels.py
[2023-11-01T21:44:08.011-0500] {processor.py:839} INFO - DAG(s) dict_keys(['example_branch_labels']) retrieved from /Users/dimz/EconWizard/hermesvirtual/lib/python3.8/site-packages/airflow/example_dags/example_branch_labels.py
[2023-11-01T21:44:08.115-0500] {logging_mixin.py:151} INFO - [2023-11-01T21:44:08.115-0500] {dag.py:2941} INFO - Sync 1 DAGs
[2023-11-01T21:44:08.126-0500] {logging_mixin.py:151} INFO - [2023-11-01T21:44:08.126-0500] {dag.py:3722} INFO - Setting next_dagrun for example_branch_labels to 2023-11-01T00:00:00+00:00, run_after=2023-11-02T00:00:00+00:00
[2023-11-01T21:44:08.137-0500] {processor.py:179} INFO - Processing /Users/dimz/EconWizard/hermesvirtual/lib/python3.8/site-packages/airflow/example_dags/example_branch_labels.py took 0.149 seconds
[2023-11-01T21:46:09.885-0500] {processor.py:157} INFO - Started process (PID=88874) to work on /Users/dimz/EconWizard/hermesvirtual/lib/python3.8/site-packages/airflow/example_dags/example_branch_labels.py
[2023-11-01T21:46:09.889-0500] {processor.py:829} INFO - Processing file /Users/dimz/EconWizard/hermesvirtual/lib/python3.8/site-packages/airflow/example_dags/example_branch_labels.py for tasks to queue
[2023-11-01T21:46:09.890-0500] {logging_mixin.py:151} INFO - [2023-11-01T21:46:09.890-0500] {dagbag.py:536} INFO - Filling up the DagBag from /Users/dimz/EconWizard/hermesvirtual/lib/python3.8/site-packages/airflow/example_dags/example_branch_labels.py
[2023-11-01T21:46:09.908-0500] {processor.py:839} INFO - DAG(s) dict_keys(['example_branch_labels']) retrieved from /Users/dimz/EconWizard/hermesvirtual/lib/python3.8/site-packages/airflow/example_dags/example_branch_labels.py
[2023-11-01T21:46:10.018-0500] {logging_mixin.py:151} INFO - [2023-11-01T21:46:10.018-0500] {dag.py:2941} INFO - Sync 1 DAGs
[2023-11-01T21:46:10.029-0500] {logging_mixin.py:151} INFO - [2023-11-01T21:46:10.029-0500] {dag.py:3722} INFO - Setting next_dagrun for example_branch_labels to 2023-11-01T00:00:00+00:00, run_after=2023-11-02T00:00:00+00:00
[2023-11-01T21:46:10.039-0500] {processor.py:179} INFO - Processing /Users/dimz/EconWizard/hermesvirtual/lib/python3.8/site-packages/airflow/example_dags/example_branch_labels.py took 0.154 seconds
[2023-11-01T21:48:11.378-0500] {processor.py:157} INFO - Started process (PID=89119) to work on /Users/dimz/EconWizard/hermesvirtual/lib/python3.8/site-packages/airflow/example_dags/example_branch_labels.py
[2023-11-01T21:48:11.384-0500] {processor.py:829} INFO - Processing file /Users/dimz/EconWizard/hermesvirtual/lib/python3.8/site-packages/airflow/example_dags/example_branch_labels.py for tasks to queue
[2023-11-01T21:48:11.384-0500] {logging_mixin.py:151} INFO - [2023-11-01T21:48:11.384-0500] {dagbag.py:536} INFO - Filling up the DagBag from /Users/dimz/EconWizard/hermesvirtual/lib/python3.8/site-packages/airflow/example_dags/example_branch_labels.py
[2023-11-01T21:48:11.401-0500] {processor.py:839} INFO - DAG(s) dict_keys(['example_branch_labels']) retrieved from /Users/dimz/EconWizard/hermesvirtual/lib/python3.8/site-packages/airflow/example_dags/example_branch_labels.py
[2023-11-01T21:48:11.505-0500] {logging_mixin.py:151} INFO - [2023-11-01T21:48:11.504-0500] {dag.py:2941} INFO - Sync 1 DAGs
[2023-11-01T21:48:11.514-0500] {logging_mixin.py:151} INFO - [2023-11-01T21:48:11.514-0500] {dag.py:3722} INFO - Setting next_dagrun for example_branch_labels to 2023-11-01T00:00:00+00:00, run_after=2023-11-02T00:00:00+00:00
[2023-11-01T21:48:11.525-0500] {processor.py:179} INFO - Processing /Users/dimz/EconWizard/hermesvirtual/lib/python3.8/site-packages/airflow/example_dags/example_branch_labels.py took 0.147 seconds
[2023-11-01T21:50:10.924-0500] {processor.py:157} INFO - Started process (PID=89292) to work on /Users/dimz/EconWizard/hermesvirtual/lib/python3.8/site-packages/airflow/example_dags/example_branch_labels.py
[2023-11-01T21:50:10.930-0500] {processor.py:829} INFO - Processing file /Users/dimz/EconWizard/hermesvirtual/lib/python3.8/site-packages/airflow/example_dags/example_branch_labels.py for tasks to queue
[2023-11-01T21:50:10.930-0500] {logging_mixin.py:151} INFO - [2023-11-01T21:50:10.930-0500] {dagbag.py:536} INFO - Filling up the DagBag from /Users/dimz/EconWizard/hermesvirtual/lib/python3.8/site-packages/airflow/example_dags/example_branch_labels.py
[2023-11-01T21:50:10.949-0500] {processor.py:839} INFO - DAG(s) dict_keys(['example_branch_labels']) retrieved from /Users/dimz/EconWizard/hermesvirtual/lib/python3.8/site-packages/airflow/example_dags/example_branch_labels.py
[2023-11-01T21:50:11.062-0500] {logging_mixin.py:151} INFO - [2023-11-01T21:50:11.062-0500] {dag.py:2941} INFO - Sync 1 DAGs
[2023-11-01T21:50:11.073-0500] {logging_mixin.py:151} INFO - [2023-11-01T21:50:11.073-0500] {dag.py:3722} INFO - Setting next_dagrun for example_branch_labels to 2023-11-01T00:00:00+00:00, run_after=2023-11-02T00:00:00+00:00
[2023-11-01T21:50:11.084-0500] {processor.py:179} INFO - Processing /Users/dimz/EconWizard/hermesvirtual/lib/python3.8/site-packages/airflow/example_dags/example_branch_labels.py took 0.160 seconds
[2023-11-01T21:52:09.838-0500] {processor.py:157} INFO - Started process (PID=89437) to work on /Users/dimz/EconWizard/hermesvirtual/lib/python3.8/site-packages/airflow/example_dags/example_branch_labels.py
[2023-11-01T21:52:09.843-0500] {processor.py:829} INFO - Processing file /Users/dimz/EconWizard/hermesvirtual/lib/python3.8/site-packages/airflow/example_dags/example_branch_labels.py for tasks to queue
[2023-11-01T21:52:09.844-0500] {logging_mixin.py:151} INFO - [2023-11-01T21:52:09.844-0500] {dagbag.py:536} INFO - Filling up the DagBag from /Users/dimz/EconWizard/hermesvirtual/lib/python3.8/site-packages/airflow/example_dags/example_branch_labels.py
[2023-11-01T21:52:09.862-0500] {processor.py:839} INFO - DAG(s) dict_keys(['example_branch_labels']) retrieved from /Users/dimz/EconWizard/hermesvirtual/lib/python3.8/site-packages/airflow/example_dags/example_branch_labels.py
[2023-11-01T21:52:09.973-0500] {logging_mixin.py:151} INFO - [2023-11-01T21:52:09.973-0500] {dag.py:2941} INFO - Sync 1 DAGs
[2023-11-01T21:52:09.983-0500] {logging_mixin.py:151} INFO - [2023-11-01T21:52:09.983-0500] {dag.py:3722} INFO - Setting next_dagrun for example_branch_labels to 2023-11-01T00:00:00+00:00, run_after=2023-11-02T00:00:00+00:00
[2023-11-01T21:52:09.994-0500] {processor.py:179} INFO - Processing /Users/dimz/EconWizard/hermesvirtual/lib/python3.8/site-packages/airflow/example_dags/example_branch_labels.py took 0.157 seconds
[2023-11-01T21:54:05.873-0500] {processor.py:157} INFO - Started process (PID=89617) to work on /Users/dimz/EconWizard/hermesvirtual/lib/python3.8/site-packages/airflow/example_dags/example_branch_labels.py
[2023-11-01T21:54:05.879-0500] {processor.py:829} INFO - Processing file /Users/dimz/EconWizard/hermesvirtual/lib/python3.8/site-packages/airflow/example_dags/example_branch_labels.py for tasks to queue
[2023-11-01T21:54:05.879-0500] {logging_mixin.py:151} INFO - [2023-11-01T21:54:05.879-0500] {dagbag.py:536} INFO - Filling up the DagBag from /Users/dimz/EconWizard/hermesvirtual/lib/python3.8/site-packages/airflow/example_dags/example_branch_labels.py
[2023-11-01T21:54:05.899-0500] {processor.py:839} INFO - DAG(s) dict_keys(['example_branch_labels']) retrieved from /Users/dimz/EconWizard/hermesvirtual/lib/python3.8/site-packages/airflow/example_dags/example_branch_labels.py
[2023-11-01T21:54:06.015-0500] {logging_mixin.py:151} INFO - [2023-11-01T21:54:06.015-0500] {dag.py:2941} INFO - Sync 1 DAGs
[2023-11-01T21:54:06.026-0500] {logging_mixin.py:151} INFO - [2023-11-01T21:54:06.026-0500] {dag.py:3722} INFO - Setting next_dagrun for example_branch_labels to 2023-11-01T00:00:00+00:00, run_after=2023-11-02T00:00:00+00:00
[2023-11-01T21:54:06.038-0500] {processor.py:179} INFO - Processing /Users/dimz/EconWizard/hermesvirtual/lib/python3.8/site-packages/airflow/example_dags/example_branch_labels.py took 0.166 seconds
[2023-11-01T21:56:07.745-0500] {processor.py:157} INFO - Started process (PID=89773) to work on /Users/dimz/EconWizard/hermesvirtual/lib/python3.8/site-packages/airflow/example_dags/example_branch_labels.py
[2023-11-01T21:56:07.750-0500] {processor.py:829} INFO - Processing file /Users/dimz/EconWizard/hermesvirtual/lib/python3.8/site-packages/airflow/example_dags/example_branch_labels.py for tasks to queue
[2023-11-01T21:56:07.750-0500] {logging_mixin.py:151} INFO - [2023-11-01T21:56:07.750-0500] {dagbag.py:536} INFO - Filling up the DagBag from /Users/dimz/EconWizard/hermesvirtual/lib/python3.8/site-packages/airflow/example_dags/example_branch_labels.py
[2023-11-01T21:56:07.768-0500] {processor.py:839} INFO - DAG(s) dict_keys(['example_branch_labels']) retrieved from /Users/dimz/EconWizard/hermesvirtual/lib/python3.8/site-packages/airflow/example_dags/example_branch_labels.py
[2023-11-01T21:56:07.879-0500] {logging_mixin.py:151} INFO - [2023-11-01T21:56:07.879-0500] {dag.py:2941} INFO - Sync 1 DAGs
[2023-11-01T21:56:07.889-0500] {logging_mixin.py:151} INFO - [2023-11-01T21:56:07.889-0500] {dag.py:3722} INFO - Setting next_dagrun for example_branch_labels to 2023-11-01T00:00:00+00:00, run_after=2023-11-02T00:00:00+00:00
[2023-11-01T21:56:07.899-0500] {processor.py:179} INFO - Processing /Users/dimz/EconWizard/hermesvirtual/lib/python3.8/site-packages/airflow/example_dags/example_branch_labels.py took 0.155 seconds
[2023-11-01T21:58:05.068-0500] {processor.py:157} INFO - Started process (PID=89992) to work on /Users/dimz/EconWizard/hermesvirtual/lib/python3.8/site-packages/airflow/example_dags/example_branch_labels.py
[2023-11-01T21:58:05.073-0500] {processor.py:829} INFO - Processing file /Users/dimz/EconWizard/hermesvirtual/lib/python3.8/site-packages/airflow/example_dags/example_branch_labels.py for tasks to queue
[2023-11-01T21:58:05.074-0500] {logging_mixin.py:151} INFO - [2023-11-01T21:58:05.074-0500] {dagbag.py:536} INFO - Filling up the DagBag from /Users/dimz/EconWizard/hermesvirtual/lib/python3.8/site-packages/airflow/example_dags/example_branch_labels.py
[2023-11-01T21:58:05.090-0500] {processor.py:839} INFO - DAG(s) dict_keys(['example_branch_labels']) retrieved from /Users/dimz/EconWizard/hermesvirtual/lib/python3.8/site-packages/airflow/example_dags/example_branch_labels.py
[2023-11-01T21:58:05.194-0500] {logging_mixin.py:151} INFO - [2023-11-01T21:58:05.194-0500] {dag.py:2941} INFO - Sync 1 DAGs
[2023-11-01T21:58:05.204-0500] {logging_mixin.py:151} INFO - [2023-11-01T21:58:05.204-0500] {dag.py:3722} INFO - Setting next_dagrun for example_branch_labels to 2023-11-01T00:00:00+00:00, run_after=2023-11-02T00:00:00+00:00
[2023-11-01T21:58:05.214-0500] {processor.py:179} INFO - Processing /Users/dimz/EconWizard/hermesvirtual/lib/python3.8/site-packages/airflow/example_dags/example_branch_labels.py took 0.146 seconds
[2023-11-01T22:00:05.344-0500] {processor.py:157} INFO - Started process (PID=90138) to work on /Users/dimz/EconWizard/hermesvirtual/lib/python3.8/site-packages/airflow/example_dags/example_branch_labels.py
[2023-11-01T22:00:05.349-0500] {processor.py:829} INFO - Processing file /Users/dimz/EconWizard/hermesvirtual/lib/python3.8/site-packages/airflow/example_dags/example_branch_labels.py for tasks to queue
[2023-11-01T22:00:05.349-0500] {logging_mixin.py:151} INFO - [2023-11-01T22:00:05.349-0500] {dagbag.py:536} INFO - Filling up the DagBag from /Users/dimz/EconWizard/hermesvirtual/lib/python3.8/site-packages/airflow/example_dags/example_branch_labels.py
[2023-11-01T22:00:05.366-0500] {processor.py:839} INFO - DAG(s) dict_keys(['example_branch_labels']) retrieved from /Users/dimz/EconWizard/hermesvirtual/lib/python3.8/site-packages/airflow/example_dags/example_branch_labels.py
[2023-11-01T22:00:05.468-0500] {logging_mixin.py:151} INFO - [2023-11-01T22:00:05.468-0500] {dag.py:2941} INFO - Sync 1 DAGs
[2023-11-01T22:00:05.478-0500] {logging_mixin.py:151} INFO - [2023-11-01T22:00:05.478-0500] {dag.py:3722} INFO - Setting next_dagrun for example_branch_labels to 2023-11-01T00:00:00+00:00, run_after=2023-11-02T00:00:00+00:00
[2023-11-01T22:00:05.487-0500] {processor.py:179} INFO - Processing /Users/dimz/EconWizard/hermesvirtual/lib/python3.8/site-packages/airflow/example_dags/example_branch_labels.py took 0.144 seconds
[2023-11-01T22:02:07.620-0500] {processor.py:157} INFO - Started process (PID=90311) to work on /Users/dimz/EconWizard/hermesvirtual/lib/python3.8/site-packages/airflow/example_dags/example_branch_labels.py
[2023-11-01T22:02:07.625-0500] {processor.py:829} INFO - Processing file /Users/dimz/EconWizard/hermesvirtual/lib/python3.8/site-packages/airflow/example_dags/example_branch_labels.py for tasks to queue
[2023-11-01T22:02:07.625-0500] {logging_mixin.py:151} INFO - [2023-11-01T22:02:07.625-0500] {dagbag.py:536} INFO - Filling up the DagBag from /Users/dimz/EconWizard/hermesvirtual/lib/python3.8/site-packages/airflow/example_dags/example_branch_labels.py
[2023-11-01T22:02:07.642-0500] {processor.py:839} INFO - DAG(s) dict_keys(['example_branch_labels']) retrieved from /Users/dimz/EconWizard/hermesvirtual/lib/python3.8/site-packages/airflow/example_dags/example_branch_labels.py
[2023-11-01T22:02:07.749-0500] {logging_mixin.py:151} INFO - [2023-11-01T22:02:07.749-0500] {dag.py:2941} INFO - Sync 1 DAGs
[2023-11-01T22:02:07.760-0500] {logging_mixin.py:151} INFO - [2023-11-01T22:02:07.759-0500] {dag.py:3722} INFO - Setting next_dagrun for example_branch_labels to 2023-11-01T00:00:00+00:00, run_after=2023-11-02T00:00:00+00:00
[2023-11-01T22:02:07.772-0500] {processor.py:179} INFO - Processing /Users/dimz/EconWizard/hermesvirtual/lib/python3.8/site-packages/airflow/example_dags/example_branch_labels.py took 0.152 seconds
[2023-11-01T22:04:07.893-0500] {processor.py:157} INFO - Started process (PID=90486) to work on /Users/dimz/EconWizard/hermesvirtual/lib/python3.8/site-packages/airflow/example_dags/example_branch_labels.py
[2023-11-01T22:04:07.898-0500] {processor.py:829} INFO - Processing file /Users/dimz/EconWizard/hermesvirtual/lib/python3.8/site-packages/airflow/example_dags/example_branch_labels.py for tasks to queue
[2023-11-01T22:04:07.898-0500] {logging_mixin.py:151} INFO - [2023-11-01T22:04:07.898-0500] {dagbag.py:536} INFO - Filling up the DagBag from /Users/dimz/EconWizard/hermesvirtual/lib/python3.8/site-packages/airflow/example_dags/example_branch_labels.py
[2023-11-01T22:04:07.915-0500] {processor.py:839} INFO - DAG(s) dict_keys(['example_branch_labels']) retrieved from /Users/dimz/EconWizard/hermesvirtual/lib/python3.8/site-packages/airflow/example_dags/example_branch_labels.py
[2023-11-01T22:04:08.019-0500] {logging_mixin.py:151} INFO - [2023-11-01T22:04:08.018-0500] {dag.py:2941} INFO - Sync 1 DAGs
[2023-11-01T22:04:08.028-0500] {logging_mixin.py:151} INFO - [2023-11-01T22:04:08.028-0500] {dag.py:3722} INFO - Setting next_dagrun for example_branch_labels to 2023-11-01T00:00:00+00:00, run_after=2023-11-02T00:00:00+00:00
[2023-11-01T22:04:08.038-0500] {processor.py:179} INFO - Processing /Users/dimz/EconWizard/hermesvirtual/lib/python3.8/site-packages/airflow/example_dags/example_branch_labels.py took 0.146 seconds
[2023-11-01T22:06:01.373-0500] {processor.py:157} INFO - Started process (PID=90706) to work on /Users/dimz/EconWizard/hermesvirtual/lib/python3.8/site-packages/airflow/example_dags/example_branch_labels.py
[2023-11-01T22:06:01.378-0500] {processor.py:829} INFO - Processing file /Users/dimz/EconWizard/hermesvirtual/lib/python3.8/site-packages/airflow/example_dags/example_branch_labels.py for tasks to queue
[2023-11-01T22:06:01.379-0500] {logging_mixin.py:151} INFO - [2023-11-01T22:06:01.379-0500] {dagbag.py:536} INFO - Filling up the DagBag from /Users/dimz/EconWizard/hermesvirtual/lib/python3.8/site-packages/airflow/example_dags/example_branch_labels.py
[2023-11-01T22:06:01.397-0500] {processor.py:839} INFO - DAG(s) dict_keys(['example_branch_labels']) retrieved from /Users/dimz/EconWizard/hermesvirtual/lib/python3.8/site-packages/airflow/example_dags/example_branch_labels.py
[2023-11-01T22:06:01.506-0500] {logging_mixin.py:151} INFO - [2023-11-01T22:06:01.506-0500] {dag.py:2941} INFO - Sync 1 DAGs
[2023-11-01T22:06:01.517-0500] {logging_mixin.py:151} INFO - [2023-11-01T22:06:01.516-0500] {dag.py:3722} INFO - Setting next_dagrun for example_branch_labels to 2023-11-01T00:00:00+00:00, run_after=2023-11-02T00:00:00+00:00
[2023-11-01T22:06:01.527-0500] {processor.py:179} INFO - Processing /Users/dimz/EconWizard/hermesvirtual/lib/python3.8/site-packages/airflow/example_dags/example_branch_labels.py took 0.154 seconds
[2023-11-01T22:08:06.818-0500] {processor.py:157} INFO - Started process (PID=90930) to work on /Users/dimz/EconWizard/hermesvirtual/lib/python3.8/site-packages/airflow/example_dags/example_branch_labels.py
[2023-11-01T22:08:06.823-0500] {processor.py:829} INFO - Processing file /Users/dimz/EconWizard/hermesvirtual/lib/python3.8/site-packages/airflow/example_dags/example_branch_labels.py for tasks to queue
[2023-11-01T22:08:06.823-0500] {logging_mixin.py:151} INFO - [2023-11-01T22:08:06.823-0500] {dagbag.py:536} INFO - Filling up the DagBag from /Users/dimz/EconWizard/hermesvirtual/lib/python3.8/site-packages/airflow/example_dags/example_branch_labels.py
[2023-11-01T22:08:06.840-0500] {processor.py:839} INFO - DAG(s) dict_keys(['example_branch_labels']) retrieved from /Users/dimz/EconWizard/hermesvirtual/lib/python3.8/site-packages/airflow/example_dags/example_branch_labels.py
[2023-11-01T22:08:06.942-0500] {logging_mixin.py:151} INFO - [2023-11-01T22:08:06.942-0500] {dag.py:2941} INFO - Sync 1 DAGs
[2023-11-01T22:08:06.952-0500] {logging_mixin.py:151} INFO - [2023-11-01T22:08:06.952-0500] {dag.py:3722} INFO - Setting next_dagrun for example_branch_labels to 2023-11-01T00:00:00+00:00, run_after=2023-11-02T00:00:00+00:00
[2023-11-01T22:08:06.963-0500] {processor.py:179} INFO - Processing /Users/dimz/EconWizard/hermesvirtual/lib/python3.8/site-packages/airflow/example_dags/example_branch_labels.py took 0.145 seconds
[2023-11-01T22:12:59.814-0500] {processor.py:157} INFO - Started process (PID=91364) to work on /Users/dimz/EconWizard/hermesvirtual/lib/python3.8/site-packages/airflow/example_dags/example_branch_labels.py
[2023-11-01T22:12:59.819-0500] {processor.py:829} INFO - Processing file /Users/dimz/EconWizard/hermesvirtual/lib/python3.8/site-packages/airflow/example_dags/example_branch_labels.py for tasks to queue
[2023-11-01T22:12:59.820-0500] {logging_mixin.py:151} INFO - [2023-11-01T22:12:59.819-0500] {dagbag.py:536} INFO - Filling up the DagBag from /Users/dimz/EconWizard/hermesvirtual/lib/python3.8/site-packages/airflow/example_dags/example_branch_labels.py
[2023-11-01T22:12:59.845-0500] {processor.py:839} INFO - DAG(s) dict_keys(['example_branch_labels']) retrieved from /Users/dimz/EconWizard/hermesvirtual/lib/python3.8/site-packages/airflow/example_dags/example_branch_labels.py
[2023-11-01T22:13:00.290-0500] {logging_mixin.py:151} INFO - [2023-11-01T22:13:00.289-0500] {dag.py:2941} INFO - Sync 1 DAGs
[2023-11-01T22:13:00.302-0500] {logging_mixin.py:151} INFO - [2023-11-01T22:13:00.301-0500] {dag.py:3722} INFO - Setting next_dagrun for example_branch_labels to 2023-11-01T00:00:00+00:00, run_after=2023-11-02T00:00:00+00:00
[2023-11-01T22:13:00.315-0500] {processor.py:179} INFO - Processing /Users/dimz/EconWizard/hermesvirtual/lib/python3.8/site-packages/airflow/example_dags/example_branch_labels.py took 0.502 seconds
[2023-11-01T22:14:48.740-0500] {processor.py:157} INFO - Started process (PID=91571) to work on /Users/dimz/EconWizard/hermesvirtual/lib/python3.8/site-packages/airflow/example_dags/example_branch_labels.py
[2023-11-01T22:14:48.745-0500] {processor.py:829} INFO - Processing file /Users/dimz/EconWizard/hermesvirtual/lib/python3.8/site-packages/airflow/example_dags/example_branch_labels.py for tasks to queue
[2023-11-01T22:14:48.746-0500] {logging_mixin.py:151} INFO - [2023-11-01T22:14:48.745-0500] {dagbag.py:536} INFO - Filling up the DagBag from /Users/dimz/EconWizard/hermesvirtual/lib/python3.8/site-packages/airflow/example_dags/example_branch_labels.py
[2023-11-01T22:14:48.765-0500] {processor.py:839} INFO - DAG(s) dict_keys(['example_branch_labels']) retrieved from /Users/dimz/EconWizard/hermesvirtual/lib/python3.8/site-packages/airflow/example_dags/example_branch_labels.py
[2023-11-01T22:14:48.884-0500] {logging_mixin.py:151} INFO - [2023-11-01T22:14:48.884-0500] {dag.py:2941} INFO - Sync 1 DAGs
[2023-11-01T22:14:48.896-0500] {logging_mixin.py:151} INFO - [2023-11-01T22:14:48.895-0500] {dag.py:3722} INFO - Setting next_dagrun for example_branch_labels to 2023-11-01T00:00:00+00:00, run_after=2023-11-02T00:00:00+00:00
[2023-11-01T22:14:48.908-0500] {processor.py:179} INFO - Processing /Users/dimz/EconWizard/hermesvirtual/lib/python3.8/site-packages/airflow/example_dags/example_branch_labels.py took 0.169 seconds
[2023-11-01T22:16:48.137-0500] {processor.py:157} INFO - Started process (PID=91791) to work on /Users/dimz/EconWizard/hermesvirtual/lib/python3.8/site-packages/airflow/example_dags/example_branch_labels.py
[2023-11-01T22:16:48.143-0500] {processor.py:829} INFO - Processing file /Users/dimz/EconWizard/hermesvirtual/lib/python3.8/site-packages/airflow/example_dags/example_branch_labels.py for tasks to queue
[2023-11-01T22:16:48.143-0500] {logging_mixin.py:151} INFO - [2023-11-01T22:16:48.143-0500] {dagbag.py:536} INFO - Filling up the DagBag from /Users/dimz/EconWizard/hermesvirtual/lib/python3.8/site-packages/airflow/example_dags/example_branch_labels.py
[2023-11-01T22:16:48.161-0500] {processor.py:839} INFO - DAG(s) dict_keys(['example_branch_labels']) retrieved from /Users/dimz/EconWizard/hermesvirtual/lib/python3.8/site-packages/airflow/example_dags/example_branch_labels.py
[2023-11-01T22:16:48.272-0500] {logging_mixin.py:151} INFO - [2023-11-01T22:16:48.272-0500] {dag.py:2941} INFO - Sync 1 DAGs
[2023-11-01T22:16:48.282-0500] {logging_mixin.py:151} INFO - [2023-11-01T22:16:48.282-0500] {dag.py:3722} INFO - Setting next_dagrun for example_branch_labels to 2023-11-01T00:00:00+00:00, run_after=2023-11-02T00:00:00+00:00
[2023-11-01T22:16:48.293-0500] {processor.py:179} INFO - Processing /Users/dimz/EconWizard/hermesvirtual/lib/python3.8/site-packages/airflow/example_dags/example_branch_labels.py took 0.157 seconds
[2023-11-01T22:18:46.558-0500] {processor.py:157} INFO - Started process (PID=92104) to work on /Users/dimz/EconWizard/hermesvirtual/lib/python3.8/site-packages/airflow/example_dags/example_branch_labels.py
[2023-11-01T22:18:46.563-0500] {processor.py:829} INFO - Processing file /Users/dimz/EconWizard/hermesvirtual/lib/python3.8/site-packages/airflow/example_dags/example_branch_labels.py for tasks to queue
[2023-11-01T22:18:46.563-0500] {logging_mixin.py:151} INFO - [2023-11-01T22:18:46.563-0500] {dagbag.py:536} INFO - Filling up the DagBag from /Users/dimz/EconWizard/hermesvirtual/lib/python3.8/site-packages/airflow/example_dags/example_branch_labels.py
[2023-11-01T22:18:46.580-0500] {processor.py:839} INFO - DAG(s) dict_keys(['example_branch_labels']) retrieved from /Users/dimz/EconWizard/hermesvirtual/lib/python3.8/site-packages/airflow/example_dags/example_branch_labels.py
[2023-11-01T22:18:46.685-0500] {logging_mixin.py:151} INFO - [2023-11-01T22:18:46.684-0500] {dag.py:2941} INFO - Sync 1 DAGs
[2023-11-01T22:18:46.695-0500] {logging_mixin.py:151} INFO - [2023-11-01T22:18:46.695-0500] {dag.py:3722} INFO - Setting next_dagrun for example_branch_labels to 2023-11-01T00:00:00+00:00, run_after=2023-11-02T00:00:00+00:00
[2023-11-01T22:18:46.706-0500] {processor.py:179} INFO - Processing /Users/dimz/EconWizard/hermesvirtual/lib/python3.8/site-packages/airflow/example_dags/example_branch_labels.py took 0.148 seconds
[2023-11-01T22:20:34.500-0500] {processor.py:157} INFO - Started process (PID=92349) to work on /Users/dimz/EconWizard/hermesvirtual/lib/python3.8/site-packages/airflow/example_dags/example_branch_labels.py
[2023-11-01T22:20:34.505-0500] {processor.py:829} INFO - Processing file /Users/dimz/EconWizard/hermesvirtual/lib/python3.8/site-packages/airflow/example_dags/example_branch_labels.py for tasks to queue
[2023-11-01T22:20:34.506-0500] {logging_mixin.py:151} INFO - [2023-11-01T22:20:34.506-0500] {dagbag.py:536} INFO - Filling up the DagBag from /Users/dimz/EconWizard/hermesvirtual/lib/python3.8/site-packages/airflow/example_dags/example_branch_labels.py
[2023-11-01T22:20:34.522-0500] {processor.py:839} INFO - DAG(s) dict_keys(['example_branch_labels']) retrieved from /Users/dimz/EconWizard/hermesvirtual/lib/python3.8/site-packages/airflow/example_dags/example_branch_labels.py
[2023-11-01T22:20:34.627-0500] {logging_mixin.py:151} INFO - [2023-11-01T22:20:34.627-0500] {dag.py:2941} INFO - Sync 1 DAGs
[2023-11-01T22:20:34.637-0500] {logging_mixin.py:151} INFO - [2023-11-01T22:20:34.637-0500] {dag.py:3722} INFO - Setting next_dagrun for example_branch_labels to 2023-11-01T00:00:00+00:00, run_after=2023-11-02T00:00:00+00:00
[2023-11-01T22:20:34.647-0500] {processor.py:179} INFO - Processing /Users/dimz/EconWizard/hermesvirtual/lib/python3.8/site-packages/airflow/example_dags/example_branch_labels.py took 0.147 seconds
[2023-11-01T22:22:32.437-0500] {processor.py:157} INFO - Started process (PID=92675) to work on /Users/dimz/EconWizard/hermesvirtual/lib/python3.8/site-packages/airflow/example_dags/example_branch_labels.py
[2023-11-01T22:22:32.442-0500] {processor.py:829} INFO - Processing file /Users/dimz/EconWizard/hermesvirtual/lib/python3.8/site-packages/airflow/example_dags/example_branch_labels.py for tasks to queue
[2023-11-01T22:22:32.443-0500] {logging_mixin.py:151} INFO - [2023-11-01T22:22:32.443-0500] {dagbag.py:536} INFO - Filling up the DagBag from /Users/dimz/EconWizard/hermesvirtual/lib/python3.8/site-packages/airflow/example_dags/example_branch_labels.py
[2023-11-01T22:22:32.459-0500] {processor.py:839} INFO - DAG(s) dict_keys(['example_branch_labels']) retrieved from /Users/dimz/EconWizard/hermesvirtual/lib/python3.8/site-packages/airflow/example_dags/example_branch_labels.py
[2023-11-01T22:22:32.562-0500] {logging_mixin.py:151} INFO - [2023-11-01T22:22:32.562-0500] {dag.py:2941} INFO - Sync 1 DAGs
[2023-11-01T22:22:32.572-0500] {logging_mixin.py:151} INFO - [2023-11-01T22:22:32.572-0500] {dag.py:3722} INFO - Setting next_dagrun for example_branch_labels to 2023-11-01T00:00:00+00:00, run_after=2023-11-02T00:00:00+00:00
[2023-11-01T22:22:32.582-0500] {processor.py:179} INFO - Processing /Users/dimz/EconWizard/hermesvirtual/lib/python3.8/site-packages/airflow/example_dags/example_branch_labels.py took 0.145 seconds
[2023-11-02T01:12:08.839-0500] {processor.py:157} INFO - Started process (PID=92994) to work on /Users/dimz/EconWizard/hermesvirtual/lib/python3.8/site-packages/airflow/example_dags/example_branch_labels.py
[2023-11-02T01:12:08.844-0500] {processor.py:829} INFO - Processing file /Users/dimz/EconWizard/hermesvirtual/lib/python3.8/site-packages/airflow/example_dags/example_branch_labels.py for tasks to queue
[2023-11-02T01:12:08.844-0500] {logging_mixin.py:151} INFO - [2023-11-02T01:12:08.844-0500] {dagbag.py:536} INFO - Filling up the DagBag from /Users/dimz/EconWizard/hermesvirtual/lib/python3.8/site-packages/airflow/example_dags/example_branch_labels.py
[2023-11-02T01:12:08.863-0500] {processor.py:839} INFO - DAG(s) dict_keys(['example_branch_labels']) retrieved from /Users/dimz/EconWizard/hermesvirtual/lib/python3.8/site-packages/airflow/example_dags/example_branch_labels.py
[2023-11-02T01:12:08.972-0500] {logging_mixin.py:151} INFO - [2023-11-02T01:12:08.972-0500] {dag.py:2941} INFO - Sync 1 DAGs
[2023-11-02T01:12:08.982-0500] {logging_mixin.py:151} INFO - [2023-11-02T01:12:08.982-0500] {dag.py:3722} INFO - Setting next_dagrun for example_branch_labels to 2023-11-01T00:00:00+00:00, run_after=2023-11-02T00:00:00+00:00
[2023-11-02T01:12:08.992-0500] {processor.py:179} INFO - Processing /Users/dimz/EconWizard/hermesvirtual/lib/python3.8/site-packages/airflow/example_dags/example_branch_labels.py took 0.153 seconds
[2023-11-02T07:28:25.900-0500] {processor.py:157} INFO - Started process (PID=93329) to work on /Users/dimz/EconWizard/hermesvirtual/lib/python3.8/site-packages/airflow/example_dags/example_branch_labels.py
[2023-11-02T07:28:25.905-0500] {processor.py:829} INFO - Processing file /Users/dimz/EconWizard/hermesvirtual/lib/python3.8/site-packages/airflow/example_dags/example_branch_labels.py for tasks to queue
[2023-11-02T07:28:25.905-0500] {logging_mixin.py:151} INFO - [2023-11-02T07:28:25.905-0500] {dagbag.py:536} INFO - Filling up the DagBag from /Users/dimz/EconWizard/hermesvirtual/lib/python3.8/site-packages/airflow/example_dags/example_branch_labels.py
[2023-11-02T07:28:25.924-0500] {processor.py:839} INFO - DAG(s) dict_keys(['example_branch_labels']) retrieved from /Users/dimz/EconWizard/hermesvirtual/lib/python3.8/site-packages/airflow/example_dags/example_branch_labels.py
[2023-11-02T07:28:26.045-0500] {logging_mixin.py:151} INFO - [2023-11-02T07:28:26.044-0500] {dag.py:2941} INFO - Sync 1 DAGs
[2023-11-02T07:28:26.055-0500] {logging_mixin.py:151} INFO - [2023-11-02T07:28:26.055-0500] {dag.py:3722} INFO - Setting next_dagrun for example_branch_labels to 2023-11-01T00:00:00+00:00, run_after=2023-11-02T00:00:00+00:00
[2023-11-02T07:28:26.068-0500] {processor.py:179} INFO - Processing /Users/dimz/EconWizard/hermesvirtual/lib/python3.8/site-packages/airflow/example_dags/example_branch_labels.py took 0.168 seconds
[2023-11-02T08:48:07.126-0500] {processor.py:157} INFO - Started process (PID=93514) to work on /Users/dimz/EconWizard/hermesvirtual/lib/python3.8/site-packages/airflow/example_dags/example_branch_labels.py
[2023-11-02T08:48:07.131-0500] {processor.py:829} INFO - Processing file /Users/dimz/EconWizard/hermesvirtual/lib/python3.8/site-packages/airflow/example_dags/example_branch_labels.py for tasks to queue
[2023-11-02T08:48:07.131-0500] {logging_mixin.py:151} INFO - [2023-11-02T08:48:07.131-0500] {dagbag.py:536} INFO - Filling up the DagBag from /Users/dimz/EconWizard/hermesvirtual/lib/python3.8/site-packages/airflow/example_dags/example_branch_labels.py
[2023-11-02T08:48:07.148-0500] {processor.py:839} INFO - DAG(s) dict_keys(['example_branch_labels']) retrieved from /Users/dimz/EconWizard/hermesvirtual/lib/python3.8/site-packages/airflow/example_dags/example_branch_labels.py
[2023-11-02T08:48:07.257-0500] {logging_mixin.py:151} INFO - [2023-11-02T08:48:07.256-0500] {dag.py:2941} INFO - Sync 1 DAGs
[2023-11-02T08:48:07.267-0500] {logging_mixin.py:151} INFO - [2023-11-02T08:48:07.267-0500] {dag.py:3722} INFO - Setting next_dagrun for example_branch_labels to 2023-11-01T00:00:00+00:00, run_after=2023-11-02T00:00:00+00:00
[2023-11-02T08:48:07.279-0500] {processor.py:179} INFO - Processing /Users/dimz/EconWizard/hermesvirtual/lib/python3.8/site-packages/airflow/example_dags/example_branch_labels.py took 0.153 seconds
[2023-11-02T09:04:43.984-0500] {processor.py:157} INFO - Started process (PID=93744) to work on /Users/dimz/EconWizard/hermesvirtual/lib/python3.8/site-packages/airflow/example_dags/example_branch_labels.py
[2023-11-02T09:04:43.990-0500] {processor.py:829} INFO - Processing file /Users/dimz/EconWizard/hermesvirtual/lib/python3.8/site-packages/airflow/example_dags/example_branch_labels.py for tasks to queue
[2023-11-02T09:04:43.990-0500] {logging_mixin.py:151} INFO - [2023-11-02T09:04:43.990-0500] {dagbag.py:536} INFO - Filling up the DagBag from /Users/dimz/EconWizard/hermesvirtual/lib/python3.8/site-packages/airflow/example_dags/example_branch_labels.py
[2023-11-02T09:04:44.007-0500] {processor.py:839} INFO - DAG(s) dict_keys(['example_branch_labels']) retrieved from /Users/dimz/EconWizard/hermesvirtual/lib/python3.8/site-packages/airflow/example_dags/example_branch_labels.py
[2023-11-02T09:04:44.112-0500] {logging_mixin.py:151} INFO - [2023-11-02T09:04:44.111-0500] {dag.py:2941} INFO - Sync 1 DAGs
[2023-11-02T09:04:44.121-0500] {logging_mixin.py:151} INFO - [2023-11-02T09:04:44.121-0500] {dag.py:3722} INFO - Setting next_dagrun for example_branch_labels to 2023-11-01T00:00:00+00:00, run_after=2023-11-02T00:00:00+00:00
[2023-11-02T09:04:44.132-0500] {processor.py:179} INFO - Processing /Users/dimz/EconWizard/hermesvirtual/lib/python3.8/site-packages/airflow/example_dags/example_branch_labels.py took 0.148 seconds
[2023-11-02T09:06:40.569-0500] {processor.py:157} INFO - Started process (PID=93881) to work on /Users/dimz/EconWizard/hermesvirtual/lib/python3.8/site-packages/airflow/example_dags/example_branch_labels.py
[2023-11-02T09:06:40.574-0500] {processor.py:829} INFO - Processing file /Users/dimz/EconWizard/hermesvirtual/lib/python3.8/site-packages/airflow/example_dags/example_branch_labels.py for tasks to queue
[2023-11-02T09:06:40.574-0500] {logging_mixin.py:151} INFO - [2023-11-02T09:06:40.574-0500] {dagbag.py:536} INFO - Filling up the DagBag from /Users/dimz/EconWizard/hermesvirtual/lib/python3.8/site-packages/airflow/example_dags/example_branch_labels.py
[2023-11-02T09:06:40.592-0500] {processor.py:839} INFO - DAG(s) dict_keys(['example_branch_labels']) retrieved from /Users/dimz/EconWizard/hermesvirtual/lib/python3.8/site-packages/airflow/example_dags/example_branch_labels.py
[2023-11-02T09:06:40.699-0500] {logging_mixin.py:151} INFO - [2023-11-02T09:06:40.699-0500] {dag.py:2941} INFO - Sync 1 DAGs
[2023-11-02T09:06:40.709-0500] {logging_mixin.py:151} INFO - [2023-11-02T09:06:40.709-0500] {dag.py:3722} INFO - Setting next_dagrun for example_branch_labels to 2023-11-01T00:00:00+00:00, run_after=2023-11-02T00:00:00+00:00
[2023-11-02T09:06:40.719-0500] {processor.py:179} INFO - Processing /Users/dimz/EconWizard/hermesvirtual/lib/python3.8/site-packages/airflow/example_dags/example_branch_labels.py took 0.151 seconds
[2023-11-02T09:08:45.688-0500] {processor.py:157} INFO - Started process (PID=94088) to work on /Users/dimz/EconWizard/hermesvirtual/lib/python3.8/site-packages/airflow/example_dags/example_branch_labels.py
[2023-11-02T09:08:45.693-0500] {processor.py:829} INFO - Processing file /Users/dimz/EconWizard/hermesvirtual/lib/python3.8/site-packages/airflow/example_dags/example_branch_labels.py for tasks to queue
[2023-11-02T09:08:45.694-0500] {logging_mixin.py:151} INFO - [2023-11-02T09:08:45.694-0500] {dagbag.py:536} INFO - Filling up the DagBag from /Users/dimz/EconWizard/hermesvirtual/lib/python3.8/site-packages/airflow/example_dags/example_branch_labels.py
[2023-11-02T09:08:45.714-0500] {processor.py:839} INFO - DAG(s) dict_keys(['example_branch_labels']) retrieved from /Users/dimz/EconWizard/hermesvirtual/lib/python3.8/site-packages/airflow/example_dags/example_branch_labels.py
[2023-11-02T09:08:45.847-0500] {logging_mixin.py:151} INFO - [2023-11-02T09:08:45.846-0500] {dag.py:2941} INFO - Sync 1 DAGs
[2023-11-02T09:08:45.858-0500] {logging_mixin.py:151} INFO - [2023-11-02T09:08:45.858-0500] {dag.py:3722} INFO - Setting next_dagrun for example_branch_labels to 2023-11-01T00:00:00+00:00, run_after=2023-11-02T00:00:00+00:00
[2023-11-02T09:08:45.870-0500] {processor.py:179} INFO - Processing /Users/dimz/EconWizard/hermesvirtual/lib/python3.8/site-packages/airflow/example_dags/example_branch_labels.py took 0.183 seconds
[2023-11-02T09:10:54.686-0500] {processor.py:157} INFO - Started process (PID=94367) to work on /Users/dimz/EconWizard/hermesvirtual/lib/python3.8/site-packages/airflow/example_dags/example_branch_labels.py
[2023-11-02T09:10:54.692-0500] {processor.py:829} INFO - Processing file /Users/dimz/EconWizard/hermesvirtual/lib/python3.8/site-packages/airflow/example_dags/example_branch_labels.py for tasks to queue
[2023-11-02T09:10:54.693-0500] {logging_mixin.py:151} INFO - [2023-11-02T09:10:54.693-0500] {dagbag.py:536} INFO - Filling up the DagBag from /Users/dimz/EconWizard/hermesvirtual/lib/python3.8/site-packages/airflow/example_dags/example_branch_labels.py
[2023-11-02T09:10:54.712-0500] {processor.py:839} INFO - DAG(s) dict_keys(['example_branch_labels']) retrieved from /Users/dimz/EconWizard/hermesvirtual/lib/python3.8/site-packages/airflow/example_dags/example_branch_labels.py
[2023-11-02T09:10:54.831-0500] {logging_mixin.py:151} INFO - [2023-11-02T09:10:54.831-0500] {dag.py:2941} INFO - Sync 1 DAGs
[2023-11-02T09:10:54.843-0500] {logging_mixin.py:151} INFO - [2023-11-02T09:10:54.843-0500] {dag.py:3722} INFO - Setting next_dagrun for example_branch_labels to 2023-11-01T00:00:00+00:00, run_after=2023-11-02T00:00:00+00:00
[2023-11-02T09:10:54.854-0500] {processor.py:179} INFO - Processing /Users/dimz/EconWizard/hermesvirtual/lib/python3.8/site-packages/airflow/example_dags/example_branch_labels.py took 0.168 seconds
[2023-11-02T09:13:03.952-0500] {processor.py:157} INFO - Started process (PID=94514) to work on /Users/dimz/EconWizard/hermesvirtual/lib/python3.8/site-packages/airflow/example_dags/example_branch_labels.py
[2023-11-02T09:13:03.957-0500] {processor.py:829} INFO - Processing file /Users/dimz/EconWizard/hermesvirtual/lib/python3.8/site-packages/airflow/example_dags/example_branch_labels.py for tasks to queue
[2023-11-02T09:13:03.957-0500] {logging_mixin.py:151} INFO - [2023-11-02T09:13:03.957-0500] {dagbag.py:536} INFO - Filling up the DagBag from /Users/dimz/EconWizard/hermesvirtual/lib/python3.8/site-packages/airflow/example_dags/example_branch_labels.py
[2023-11-02T09:13:03.975-0500] {processor.py:839} INFO - DAG(s) dict_keys(['example_branch_labels']) retrieved from /Users/dimz/EconWizard/hermesvirtual/lib/python3.8/site-packages/airflow/example_dags/example_branch_labels.py
[2023-11-02T09:13:04.083-0500] {logging_mixin.py:151} INFO - [2023-11-02T09:13:04.083-0500] {dag.py:2941} INFO - Sync 1 DAGs
[2023-11-02T09:13:04.093-0500] {logging_mixin.py:151} INFO - [2023-11-02T09:13:04.093-0500] {dag.py:3722} INFO - Setting next_dagrun for example_branch_labels to 2023-11-01T00:00:00+00:00, run_after=2023-11-02T00:00:00+00:00
[2023-11-02T09:13:04.103-0500] {processor.py:179} INFO - Processing /Users/dimz/EconWizard/hermesvirtual/lib/python3.8/site-packages/airflow/example_dags/example_branch_labels.py took 0.152 seconds
[2023-11-02T09:15:10.536-0500] {processor.py:157} INFO - Started process (PID=94648) to work on /Users/dimz/EconWizard/hermesvirtual/lib/python3.8/site-packages/airflow/example_dags/example_branch_labels.py
[2023-11-02T09:15:10.541-0500] {processor.py:829} INFO - Processing file /Users/dimz/EconWizard/hermesvirtual/lib/python3.8/site-packages/airflow/example_dags/example_branch_labels.py for tasks to queue
[2023-11-02T09:15:10.542-0500] {logging_mixin.py:151} INFO - [2023-11-02T09:15:10.542-0500] {dagbag.py:536} INFO - Filling up the DagBag from /Users/dimz/EconWizard/hermesvirtual/lib/python3.8/site-packages/airflow/example_dags/example_branch_labels.py
[2023-11-02T09:15:10.558-0500] {processor.py:839} INFO - DAG(s) dict_keys(['example_branch_labels']) retrieved from /Users/dimz/EconWizard/hermesvirtual/lib/python3.8/site-packages/airflow/example_dags/example_branch_labels.py
[2023-11-02T09:15:10.661-0500] {logging_mixin.py:151} INFO - [2023-11-02T09:15:10.661-0500] {dag.py:2941} INFO - Sync 1 DAGs
[2023-11-02T09:15:10.670-0500] {logging_mixin.py:151} INFO - [2023-11-02T09:15:10.670-0500] {dag.py:3722} INFO - Setting next_dagrun for example_branch_labels to 2023-11-01T00:00:00+00:00, run_after=2023-11-02T00:00:00+00:00
[2023-11-02T09:15:10.680-0500] {processor.py:179} INFO - Processing /Users/dimz/EconWizard/hermesvirtual/lib/python3.8/site-packages/airflow/example_dags/example_branch_labels.py took 0.145 seconds
[2023-11-02T09:17:13.753-0500] {processor.py:157} INFO - Started process (PID=94788) to work on /Users/dimz/EconWizard/hermesvirtual/lib/python3.8/site-packages/airflow/example_dags/example_branch_labels.py
[2023-11-02T09:17:13.758-0500] {processor.py:829} INFO - Processing file /Users/dimz/EconWizard/hermesvirtual/lib/python3.8/site-packages/airflow/example_dags/example_branch_labels.py for tasks to queue
[2023-11-02T09:17:13.758-0500] {logging_mixin.py:151} INFO - [2023-11-02T09:17:13.758-0500] {dagbag.py:536} INFO - Filling up the DagBag from /Users/dimz/EconWizard/hermesvirtual/lib/python3.8/site-packages/airflow/example_dags/example_branch_labels.py
[2023-11-02T09:17:13.776-0500] {processor.py:839} INFO - DAG(s) dict_keys(['example_branch_labels']) retrieved from /Users/dimz/EconWizard/hermesvirtual/lib/python3.8/site-packages/airflow/example_dags/example_branch_labels.py
[2023-11-02T09:17:13.882-0500] {logging_mixin.py:151} INFO - [2023-11-02T09:17:13.882-0500] {dag.py:2941} INFO - Sync 1 DAGs
[2023-11-02T09:17:13.892-0500] {logging_mixin.py:151} INFO - [2023-11-02T09:17:13.892-0500] {dag.py:3722} INFO - Setting next_dagrun for example_branch_labels to 2023-11-01T00:00:00+00:00, run_after=2023-11-02T00:00:00+00:00
[2023-11-02T09:17:13.902-0500] {processor.py:179} INFO - Processing /Users/dimz/EconWizard/hermesvirtual/lib/python3.8/site-packages/airflow/example_dags/example_branch_labels.py took 0.150 seconds
[2023-11-02T09:19:19.274-0500] {processor.py:157} INFO - Started process (PID=94971) to work on /Users/dimz/EconWizard/hermesvirtual/lib/python3.8/site-packages/airflow/example_dags/example_branch_labels.py
[2023-11-02T09:19:19.279-0500] {processor.py:829} INFO - Processing file /Users/dimz/EconWizard/hermesvirtual/lib/python3.8/site-packages/airflow/example_dags/example_branch_labels.py for tasks to queue
[2023-11-02T09:19:19.279-0500] {logging_mixin.py:151} INFO - [2023-11-02T09:19:19.279-0500] {dagbag.py:536} INFO - Filling up the DagBag from /Users/dimz/EconWizard/hermesvirtual/lib/python3.8/site-packages/airflow/example_dags/example_branch_labels.py
[2023-11-02T09:19:19.296-0500] {processor.py:839} INFO - DAG(s) dict_keys(['example_branch_labels']) retrieved from /Users/dimz/EconWizard/hermesvirtual/lib/python3.8/site-packages/airflow/example_dags/example_branch_labels.py
[2023-11-02T09:19:19.399-0500] {logging_mixin.py:151} INFO - [2023-11-02T09:19:19.399-0500] {dag.py:2941} INFO - Sync 1 DAGs
[2023-11-02T09:19:19.409-0500] {logging_mixin.py:151} INFO - [2023-11-02T09:19:19.409-0500] {dag.py:3722} INFO - Setting next_dagrun for example_branch_labels to 2023-11-01T00:00:00+00:00, run_after=2023-11-02T00:00:00+00:00
[2023-11-02T09:19:19.419-0500] {processor.py:179} INFO - Processing /Users/dimz/EconWizard/hermesvirtual/lib/python3.8/site-packages/airflow/example_dags/example_branch_labels.py took 0.146 seconds
[2023-11-02T09:21:27.788-0500] {processor.py:157} INFO - Started process (PID=95118) to work on /Users/dimz/EconWizard/hermesvirtual/lib/python3.8/site-packages/airflow/example_dags/example_branch_labels.py
[2023-11-02T09:21:27.793-0500] {processor.py:829} INFO - Processing file /Users/dimz/EconWizard/hermesvirtual/lib/python3.8/site-packages/airflow/example_dags/example_branch_labels.py for tasks to queue
[2023-11-02T09:21:27.794-0500] {logging_mixin.py:151} INFO - [2023-11-02T09:21:27.794-0500] {dagbag.py:536} INFO - Filling up the DagBag from /Users/dimz/EconWizard/hermesvirtual/lib/python3.8/site-packages/airflow/example_dags/example_branch_labels.py
[2023-11-02T09:21:27.811-0500] {processor.py:839} INFO - DAG(s) dict_keys(['example_branch_labels']) retrieved from /Users/dimz/EconWizard/hermesvirtual/lib/python3.8/site-packages/airflow/example_dags/example_branch_labels.py
[2023-11-02T09:21:27.917-0500] {logging_mixin.py:151} INFO - [2023-11-02T09:21:27.917-0500] {dag.py:2941} INFO - Sync 1 DAGs
[2023-11-02T09:21:27.927-0500] {logging_mixin.py:151} INFO - [2023-11-02T09:21:27.927-0500] {dag.py:3722} INFO - Setting next_dagrun for example_branch_labels to 2023-11-01T00:00:00+00:00, run_after=2023-11-02T00:00:00+00:00
[2023-11-02T09:21:27.937-0500] {processor.py:179} INFO - Processing /Users/dimz/EconWizard/hermesvirtual/lib/python3.8/site-packages/airflow/example_dags/example_branch_labels.py took 0.149 seconds
[2023-11-02T09:23:35.876-0500] {processor.py:157} INFO - Started process (PID=95320) to work on /Users/dimz/EconWizard/hermesvirtual/lib/python3.8/site-packages/airflow/example_dags/example_branch_labels.py
[2023-11-02T09:23:35.881-0500] {processor.py:829} INFO - Processing file /Users/dimz/EconWizard/hermesvirtual/lib/python3.8/site-packages/airflow/example_dags/example_branch_labels.py for tasks to queue
[2023-11-02T09:23:35.881-0500] {logging_mixin.py:151} INFO - [2023-11-02T09:23:35.881-0500] {dagbag.py:536} INFO - Filling up the DagBag from /Users/dimz/EconWizard/hermesvirtual/lib/python3.8/site-packages/airflow/example_dags/example_branch_labels.py
[2023-11-02T09:23:35.898-0500] {processor.py:839} INFO - DAG(s) dict_keys(['example_branch_labels']) retrieved from /Users/dimz/EconWizard/hermesvirtual/lib/python3.8/site-packages/airflow/example_dags/example_branch_labels.py
[2023-11-02T09:23:36.004-0500] {logging_mixin.py:151} INFO - [2023-11-02T09:23:36.003-0500] {dag.py:2941} INFO - Sync 1 DAGs
[2023-11-02T09:23:36.014-0500] {logging_mixin.py:151} INFO - [2023-11-02T09:23:36.013-0500] {dag.py:3722} INFO - Setting next_dagrun for example_branch_labels to 2023-11-01T00:00:00+00:00, run_after=2023-11-02T00:00:00+00:00
[2023-11-02T09:23:36.024-0500] {processor.py:179} INFO - Processing /Users/dimz/EconWizard/hermesvirtual/lib/python3.8/site-packages/airflow/example_dags/example_branch_labels.py took 0.149 seconds
[2023-11-02T09:25:41.966-0500] {processor.py:157} INFO - Started process (PID=95559) to work on /Users/dimz/EconWizard/hermesvirtual/lib/python3.8/site-packages/airflow/example_dags/example_branch_labels.py
[2023-11-02T09:25:41.974-0500] {processor.py:829} INFO - Processing file /Users/dimz/EconWizard/hermesvirtual/lib/python3.8/site-packages/airflow/example_dags/example_branch_labels.py for tasks to queue
[2023-11-02T09:25:41.974-0500] {logging_mixin.py:151} INFO - [2023-11-02T09:25:41.974-0500] {dagbag.py:536} INFO - Filling up the DagBag from /Users/dimz/EconWizard/hermesvirtual/lib/python3.8/site-packages/airflow/example_dags/example_branch_labels.py
[2023-11-02T09:25:41.991-0500] {processor.py:839} INFO - DAG(s) dict_keys(['example_branch_labels']) retrieved from /Users/dimz/EconWizard/hermesvirtual/lib/python3.8/site-packages/airflow/example_dags/example_branch_labels.py
[2023-11-02T09:25:42.094-0500] {logging_mixin.py:151} INFO - [2023-11-02T09:25:42.094-0500] {dag.py:2941} INFO - Sync 1 DAGs
[2023-11-02T09:25:42.104-0500] {logging_mixin.py:151} INFO - [2023-11-02T09:25:42.104-0500] {dag.py:3722} INFO - Setting next_dagrun for example_branch_labels to 2023-11-01T00:00:00+00:00, run_after=2023-11-02T00:00:00+00:00
[2023-11-02T09:25:42.113-0500] {processor.py:179} INFO - Processing /Users/dimz/EconWizard/hermesvirtual/lib/python3.8/site-packages/airflow/example_dags/example_branch_labels.py took 0.148 seconds
[2023-11-02T09:28:30.062-0500] {processor.py:157} INFO - Started process (PID=95798) to work on /Users/dimz/EconWizard/hermesvirtual/lib/python3.8/site-packages/airflow/example_dags/example_branch_labels.py
[2023-11-02T09:28:30.068-0500] {processor.py:829} INFO - Processing file /Users/dimz/EconWizard/hermesvirtual/lib/python3.8/site-packages/airflow/example_dags/example_branch_labels.py for tasks to queue
[2023-11-02T09:28:30.068-0500] {logging_mixin.py:151} INFO - [2023-11-02T09:28:30.068-0500] {dagbag.py:536} INFO - Filling up the DagBag from /Users/dimz/EconWizard/hermesvirtual/lib/python3.8/site-packages/airflow/example_dags/example_branch_labels.py
[2023-11-02T09:28:30.086-0500] {processor.py:839} INFO - DAG(s) dict_keys(['example_branch_labels']) retrieved from /Users/dimz/EconWizard/hermesvirtual/lib/python3.8/site-packages/airflow/example_dags/example_branch_labels.py
[2023-11-02T09:28:30.199-0500] {logging_mixin.py:151} INFO - [2023-11-02T09:28:30.199-0500] {dag.py:2941} INFO - Sync 1 DAGs
[2023-11-02T09:28:30.210-0500] {logging_mixin.py:151} INFO - [2023-11-02T09:28:30.210-0500] {dag.py:3722} INFO - Setting next_dagrun for example_branch_labels to 2023-11-01T00:00:00+00:00, run_after=2023-11-02T00:00:00+00:00
[2023-11-02T09:28:30.222-0500] {processor.py:179} INFO - Processing /Users/dimz/EconWizard/hermesvirtual/lib/python3.8/site-packages/airflow/example_dags/example_branch_labels.py took 0.160 seconds
[2023-11-02T09:30:47.967-0500] {processor.py:157} INFO - Started process (PID=95983) to work on /Users/dimz/EconWizard/hermesvirtual/lib/python3.8/site-packages/airflow/example_dags/example_branch_labels.py
[2023-11-02T09:30:47.972-0500] {processor.py:829} INFO - Processing file /Users/dimz/EconWizard/hermesvirtual/lib/python3.8/site-packages/airflow/example_dags/example_branch_labels.py for tasks to queue
[2023-11-02T09:30:47.973-0500] {logging_mixin.py:151} INFO - [2023-11-02T09:30:47.973-0500] {dagbag.py:536} INFO - Filling up the DagBag from /Users/dimz/EconWizard/hermesvirtual/lib/python3.8/site-packages/airflow/example_dags/example_branch_labels.py
[2023-11-02T09:30:47.989-0500] {processor.py:839} INFO - DAG(s) dict_keys(['example_branch_labels']) retrieved from /Users/dimz/EconWizard/hermesvirtual/lib/python3.8/site-packages/airflow/example_dags/example_branch_labels.py
[2023-11-02T09:30:48.098-0500] {logging_mixin.py:151} INFO - [2023-11-02T09:30:48.098-0500] {dag.py:2941} INFO - Sync 1 DAGs
[2023-11-02T09:30:48.109-0500] {logging_mixin.py:151} INFO - [2023-11-02T09:30:48.109-0500] {dag.py:3722} INFO - Setting next_dagrun for example_branch_labels to 2023-11-01T00:00:00+00:00, run_after=2023-11-02T00:00:00+00:00
[2023-11-02T09:30:48.121-0500] {processor.py:179} INFO - Processing /Users/dimz/EconWizard/hermesvirtual/lib/python3.8/site-packages/airflow/example_dags/example_branch_labels.py took 0.154 seconds
[2023-11-02T10:14:02.651-0500] {processor.py:157} INFO - Started process (PID=97592) to work on /Users/dimz/EconWizard/hermesvirtual/lib/python3.8/site-packages/airflow/example_dags/example_branch_labels.py
[2023-11-02T10:14:02.656-0500] {processor.py:829} INFO - Processing file /Users/dimz/EconWizard/hermesvirtual/lib/python3.8/site-packages/airflow/example_dags/example_branch_labels.py for tasks to queue
[2023-11-02T10:14:02.656-0500] {logging_mixin.py:151} INFO - [2023-11-02T10:14:02.656-0500] {dagbag.py:536} INFO - Filling up the DagBag from /Users/dimz/EconWizard/hermesvirtual/lib/python3.8/site-packages/airflow/example_dags/example_branch_labels.py
[2023-11-02T10:14:02.673-0500] {processor.py:839} INFO - DAG(s) dict_keys(['example_branch_labels']) retrieved from /Users/dimz/EconWizard/hermesvirtual/lib/python3.8/site-packages/airflow/example_dags/example_branch_labels.py
[2023-11-02T10:14:02.776-0500] {logging_mixin.py:151} INFO - [2023-11-02T10:14:02.775-0500] {dag.py:2941} INFO - Sync 1 DAGs
[2023-11-02T10:14:02.785-0500] {logging_mixin.py:151} INFO - [2023-11-02T10:14:02.785-0500] {dag.py:3722} INFO - Setting next_dagrun for example_branch_labels to 2023-11-01T00:00:00+00:00, run_after=2023-11-02T00:00:00+00:00
[2023-11-02T10:14:02.795-0500] {processor.py:179} INFO - Processing /Users/dimz/EconWizard/hermesvirtual/lib/python3.8/site-packages/airflow/example_dags/example_branch_labels.py took 0.145 seconds
[2023-11-02T10:16:07.125-0500] {processor.py:157} INFO - Started process (PID=97815) to work on /Users/dimz/EconWizard/hermesvirtual/lib/python3.8/site-packages/airflow/example_dags/example_branch_labels.py
[2023-11-02T10:16:07.129-0500] {processor.py:829} INFO - Processing file /Users/dimz/EconWizard/hermesvirtual/lib/python3.8/site-packages/airflow/example_dags/example_branch_labels.py for tasks to queue
[2023-11-02T10:16:07.129-0500] {logging_mixin.py:151} INFO - [2023-11-02T10:16:07.129-0500] {dagbag.py:536} INFO - Filling up the DagBag from /Users/dimz/EconWizard/hermesvirtual/lib/python3.8/site-packages/airflow/example_dags/example_branch_labels.py
[2023-11-02T10:16:07.146-0500] {processor.py:839} INFO - DAG(s) dict_keys(['example_branch_labels']) retrieved from /Users/dimz/EconWizard/hermesvirtual/lib/python3.8/site-packages/airflow/example_dags/example_branch_labels.py
[2023-11-02T10:16:07.258-0500] {logging_mixin.py:151} INFO - [2023-11-02T10:16:07.258-0500] {dag.py:2941} INFO - Sync 1 DAGs
[2023-11-02T10:16:07.268-0500] {logging_mixin.py:151} INFO - [2023-11-02T10:16:07.268-0500] {dag.py:3722} INFO - Setting next_dagrun for example_branch_labels to 2023-11-01T00:00:00+00:00, run_after=2023-11-02T00:00:00+00:00
[2023-11-02T10:16:07.278-0500] {processor.py:179} INFO - Processing /Users/dimz/EconWizard/hermesvirtual/lib/python3.8/site-packages/airflow/example_dags/example_branch_labels.py took 0.154 seconds
[2023-11-02T10:39:50.460-0500] {processor.py:157} INFO - Started process (PID=99937) to work on /Users/dimz/EconWizard/hermesvirtual/lib/python3.8/site-packages/airflow/example_dags/example_branch_labels.py
[2023-11-02T10:39:50.466-0500] {processor.py:829} INFO - Processing file /Users/dimz/EconWizard/hermesvirtual/lib/python3.8/site-packages/airflow/example_dags/example_branch_labels.py for tasks to queue
[2023-11-02T10:39:50.466-0500] {logging_mixin.py:151} INFO - [2023-11-02T10:39:50.466-0500] {dagbag.py:536} INFO - Filling up the DagBag from /Users/dimz/EconWizard/hermesvirtual/lib/python3.8/site-packages/airflow/example_dags/example_branch_labels.py
[2023-11-02T10:39:50.487-0500] {processor.py:839} INFO - DAG(s) dict_keys(['example_branch_labels']) retrieved from /Users/dimz/EconWizard/hermesvirtual/lib/python3.8/site-packages/airflow/example_dags/example_branch_labels.py
[2023-11-02T10:39:50.610-0500] {logging_mixin.py:151} INFO - [2023-11-02T10:39:50.609-0500] {dag.py:2941} INFO - Sync 1 DAGs
[2023-11-02T10:39:50.622-0500] {logging_mixin.py:151} INFO - [2023-11-02T10:39:50.622-0500] {dag.py:3722} INFO - Setting next_dagrun for example_branch_labels to 2023-11-01T00:00:00+00:00, run_after=2023-11-02T00:00:00+00:00
[2023-11-02T10:39:50.634-0500] {processor.py:179} INFO - Processing /Users/dimz/EconWizard/hermesvirtual/lib/python3.8/site-packages/airflow/example_dags/example_branch_labels.py took 0.174 seconds
[2023-11-02T10:41:58.113-0500] {processor.py:157} INFO - Started process (PID=201) to work on /Users/dimz/EconWizard/hermesvirtual/lib/python3.8/site-packages/airflow/example_dags/example_branch_labels.py
[2023-11-02T10:41:58.118-0500] {processor.py:829} INFO - Processing file /Users/dimz/EconWizard/hermesvirtual/lib/python3.8/site-packages/airflow/example_dags/example_branch_labels.py for tasks to queue
[2023-11-02T10:41:58.118-0500] {logging_mixin.py:151} INFO - [2023-11-02T10:41:58.118-0500] {dagbag.py:536} INFO - Filling up the DagBag from /Users/dimz/EconWizard/hermesvirtual/lib/python3.8/site-packages/airflow/example_dags/example_branch_labels.py
[2023-11-02T10:41:58.135-0500] {processor.py:839} INFO - DAG(s) dict_keys(['example_branch_labels']) retrieved from /Users/dimz/EconWizard/hermesvirtual/lib/python3.8/site-packages/airflow/example_dags/example_branch_labels.py
[2023-11-02T10:41:58.237-0500] {logging_mixin.py:151} INFO - [2023-11-02T10:41:58.237-0500] {dag.py:2941} INFO - Sync 1 DAGs
[2023-11-02T10:41:58.247-0500] {logging_mixin.py:151} INFO - [2023-11-02T10:41:58.247-0500] {dag.py:3722} INFO - Setting next_dagrun for example_branch_labels to 2023-11-01T00:00:00+00:00, run_after=2023-11-02T00:00:00+00:00
[2023-11-02T10:41:58.257-0500] {processor.py:179} INFO - Processing /Users/dimz/EconWizard/hermesvirtual/lib/python3.8/site-packages/airflow/example_dags/example_branch_labels.py took 0.145 seconds
