[2023-11-01T21:35:43.922-0500] {processor.py:157} INFO - Started process (PID=87703) to work on /Users/dimz/EconWizard/hermesvirtual/lib/python3.8/site-packages/airflow/example_dags/example_short_circuit_decorator.py
[2023-11-01T21:35:43.926-0500] {processor.py:829} INFO - Processing file /Users/dimz/EconWizard/hermesvirtual/lib/python3.8/site-packages/airflow/example_dags/example_short_circuit_decorator.py for tasks to queue
[2023-11-01T21:35:43.927-0500] {logging_mixin.py:151} INFO - [2023-11-01T21:35:43.927-0500] {dagbag.py:536} INFO - Filling up the DagBag from /Users/dimz/EconWizard/hermesvirtual/lib/python3.8/site-packages/airflow/example_dags/example_short_circuit_decorator.py
[2023-11-01T21:35:43.961-0500] {processor.py:839} INFO - DAG(s) dict_keys(['example_short_circuit_decorator']) retrieved from /Users/dimz/EconWizard/hermesvirtual/lib/python3.8/site-packages/airflow/example_dags/example_short_circuit_decorator.py
[2023-11-01T21:35:44.295-0500] {logging_mixin.py:151} INFO - [2023-11-01T21:35:44.295-0500] {manager.py:499} INFO - Created Permission View: %s
[2023-11-01T21:35:44.300-0500] {logging_mixin.py:151} INFO - [2023-11-01T21:35:44.300-0500] {manager.py:499} INFO - Created Permission View: %s
[2023-11-01T21:35:44.303-0500] {logging_mixin.py:151} INFO - [2023-11-01T21:35:44.303-0500] {manager.py:499} INFO - Created Permission View: %s
[2023-11-01T21:35:44.303-0500] {logging_mixin.py:151} INFO - [2023-11-01T21:35:44.303-0500] {dag.py:2941} INFO - Sync 1 DAGs
[2023-11-01T21:35:44.309-0500] {logging_mixin.py:151} INFO - [2023-11-01T21:35:44.308-0500] {dag.py:2963} INFO - Creating ORM DAG for example_short_circuit_decorator
[2023-11-01T21:35:44.313-0500] {logging_mixin.py:151} INFO - [2023-11-01T21:35:44.313-0500] {dag.py:3722} INFO - Setting next_dagrun for example_short_circuit_decorator to 2023-11-01T02:35:44.313641+00:00, run_after=2023-11-02T02:35:44.313641+00:00
[2023-11-01T21:35:44.322-0500] {processor.py:179} INFO - Processing /Users/dimz/EconWizard/hermesvirtual/lib/python3.8/site-packages/airflow/example_dags/example_short_circuit_decorator.py took 0.400 seconds
[2023-11-01T21:37:12.722-0500] {processor.py:157} INFO - Started process (PID=87848) to work on /Users/dimz/EconWizard/hermesvirtual/lib/python3.8/site-packages/airflow/example_dags/example_short_circuit_decorator.py
[2023-11-01T21:37:12.727-0500] {processor.py:829} INFO - Processing file /Users/dimz/EconWizard/hermesvirtual/lib/python3.8/site-packages/airflow/example_dags/example_short_circuit_decorator.py for tasks to queue
[2023-11-01T21:37:12.728-0500] {logging_mixin.py:151} INFO - [2023-11-01T21:37:12.727-0500] {dagbag.py:536} INFO - Filling up the DagBag from /Users/dimz/EconWizard/hermesvirtual/lib/python3.8/site-packages/airflow/example_dags/example_short_circuit_decorator.py
[2023-11-01T21:37:12.763-0500] {processor.py:839} INFO - DAG(s) dict_keys(['example_short_circuit_decorator']) retrieved from /Users/dimz/EconWizard/hermesvirtual/lib/python3.8/site-packages/airflow/example_dags/example_short_circuit_decorator.py
[2023-11-01T21:37:12.867-0500] {logging_mixin.py:151} INFO - [2023-11-01T21:37:12.867-0500] {dag.py:2941} INFO - Sync 1 DAGs
[2023-11-01T21:37:12.877-0500] {logging_mixin.py:151} INFO - [2023-11-01T21:37:12.877-0500] {dag.py:3722} INFO - Setting next_dagrun for example_short_circuit_decorator to 2023-11-01T02:37:12.877079+00:00, run_after=2023-11-02T02:37:12.877079+00:00
[2023-11-01T21:37:12.887-0500] {processor.py:179} INFO - Processing /Users/dimz/EconWizard/hermesvirtual/lib/python3.8/site-packages/airflow/example_dags/example_short_circuit_decorator.py took 0.166 seconds
[2023-11-01T21:39:04.719-0500] {processor.py:157} INFO - Started process (PID=88051) to work on /Users/dimz/EconWizard/hermesvirtual/lib/python3.8/site-packages/airflow/example_dags/example_short_circuit_decorator.py
[2023-11-01T21:39:04.724-0500] {processor.py:829} INFO - Processing file /Users/dimz/EconWizard/hermesvirtual/lib/python3.8/site-packages/airflow/example_dags/example_short_circuit_decorator.py for tasks to queue
[2023-11-01T21:39:04.724-0500] {logging_mixin.py:151} INFO - [2023-11-01T21:39:04.724-0500] {dagbag.py:536} INFO - Filling up the DagBag from /Users/dimz/EconWizard/hermesvirtual/lib/python3.8/site-packages/airflow/example_dags/example_short_circuit_decorator.py
[2023-11-01T21:39:04.764-0500] {processor.py:839} INFO - DAG(s) dict_keys(['example_short_circuit_decorator']) retrieved from /Users/dimz/EconWizard/hermesvirtual/lib/python3.8/site-packages/airflow/example_dags/example_short_circuit_decorator.py
[2023-11-01T21:39:04.867-0500] {logging_mixin.py:151} INFO - [2023-11-01T21:39:04.866-0500] {dag.py:2941} INFO - Sync 1 DAGs
[2023-11-01T21:39:04.876-0500] {logging_mixin.py:151} INFO - [2023-11-01T21:39:04.876-0500] {dag.py:3722} INFO - Setting next_dagrun for example_short_circuit_decorator to 2023-11-01T02:39:04.876377+00:00, run_after=2023-11-02T02:39:04.876377+00:00
[2023-11-01T21:39:04.886-0500] {processor.py:179} INFO - Processing /Users/dimz/EconWizard/hermesvirtual/lib/python3.8/site-packages/airflow/example_dags/example_short_circuit_decorator.py took 0.168 seconds
[2023-11-01T21:41:03.901-0500] {processor.py:157} INFO - Started process (PID=88315) to work on /Users/dimz/EconWizard/hermesvirtual/lib/python3.8/site-packages/airflow/example_dags/example_short_circuit_decorator.py
[2023-11-01T21:41:03.906-0500] {processor.py:829} INFO - Processing file /Users/dimz/EconWizard/hermesvirtual/lib/python3.8/site-packages/airflow/example_dags/example_short_circuit_decorator.py for tasks to queue
[2023-11-01T21:41:03.906-0500] {logging_mixin.py:151} INFO - [2023-11-01T21:41:03.906-0500] {dagbag.py:536} INFO - Filling up the DagBag from /Users/dimz/EconWizard/hermesvirtual/lib/python3.8/site-packages/airflow/example_dags/example_short_circuit_decorator.py
[2023-11-01T21:41:03.942-0500] {processor.py:839} INFO - DAG(s) dict_keys(['example_short_circuit_decorator']) retrieved from /Users/dimz/EconWizard/hermesvirtual/lib/python3.8/site-packages/airflow/example_dags/example_short_circuit_decorator.py
[2023-11-01T21:41:04.057-0500] {logging_mixin.py:151} INFO - [2023-11-01T21:41:04.056-0500] {dag.py:2941} INFO - Sync 1 DAGs
[2023-11-01T21:41:04.067-0500] {logging_mixin.py:151} INFO - [2023-11-01T21:41:04.066-0500] {dag.py:3722} INFO - Setting next_dagrun for example_short_circuit_decorator to 2023-11-01T02:41:04.066850+00:00, run_after=2023-11-02T02:41:04.066850+00:00
[2023-11-01T21:41:04.077-0500] {processor.py:179} INFO - Processing /Users/dimz/EconWizard/hermesvirtual/lib/python3.8/site-packages/airflow/example_dags/example_short_circuit_decorator.py took 0.177 seconds
[2023-11-01T21:42:57.397-0500] {processor.py:157} INFO - Started process (PID=88587) to work on /Users/dimz/EconWizard/hermesvirtual/lib/python3.8/site-packages/airflow/example_dags/example_short_circuit_decorator.py
[2023-11-01T21:42:57.402-0500] {processor.py:829} INFO - Processing file /Users/dimz/EconWizard/hermesvirtual/lib/python3.8/site-packages/airflow/example_dags/example_short_circuit_decorator.py for tasks to queue
[2023-11-01T21:42:57.402-0500] {logging_mixin.py:151} INFO - [2023-11-01T21:42:57.402-0500] {dagbag.py:536} INFO - Filling up the DagBag from /Users/dimz/EconWizard/hermesvirtual/lib/python3.8/site-packages/airflow/example_dags/example_short_circuit_decorator.py
[2023-11-01T21:42:57.437-0500] {processor.py:839} INFO - DAG(s) dict_keys(['example_short_circuit_decorator']) retrieved from /Users/dimz/EconWizard/hermesvirtual/lib/python3.8/site-packages/airflow/example_dags/example_short_circuit_decorator.py
[2023-11-01T21:42:57.548-0500] {logging_mixin.py:151} INFO - [2023-11-01T21:42:57.547-0500] {dag.py:2941} INFO - Sync 1 DAGs
[2023-11-01T21:42:57.558-0500] {logging_mixin.py:151} INFO - [2023-11-01T21:42:57.558-0500] {dag.py:3722} INFO - Setting next_dagrun for example_short_circuit_decorator to 2023-11-01T02:42:57.558101+00:00, run_after=2023-11-02T02:42:57.558101+00:00
[2023-11-01T21:42:57.569-0500] {processor.py:179} INFO - Processing /Users/dimz/EconWizard/hermesvirtual/lib/python3.8/site-packages/airflow/example_dags/example_short_circuit_decorator.py took 0.173 seconds
[2023-11-01T21:44:50.640-0500] {processor.py:157} INFO - Started process (PID=88748) to work on /Users/dimz/EconWizard/hermesvirtual/lib/python3.8/site-packages/airflow/example_dags/example_short_circuit_decorator.py
[2023-11-01T21:44:50.645-0500] {processor.py:829} INFO - Processing file /Users/dimz/EconWizard/hermesvirtual/lib/python3.8/site-packages/airflow/example_dags/example_short_circuit_decorator.py for tasks to queue
[2023-11-01T21:44:50.645-0500] {logging_mixin.py:151} INFO - [2023-11-01T21:44:50.645-0500] {dagbag.py:536} INFO - Filling up the DagBag from /Users/dimz/EconWizard/hermesvirtual/lib/python3.8/site-packages/airflow/example_dags/example_short_circuit_decorator.py
[2023-11-01T21:44:50.680-0500] {processor.py:839} INFO - DAG(s) dict_keys(['example_short_circuit_decorator']) retrieved from /Users/dimz/EconWizard/hermesvirtual/lib/python3.8/site-packages/airflow/example_dags/example_short_circuit_decorator.py
[2023-11-01T21:44:50.780-0500] {logging_mixin.py:151} INFO - [2023-11-01T21:44:50.779-0500] {dag.py:2941} INFO - Sync 1 DAGs
[2023-11-01T21:44:50.789-0500] {logging_mixin.py:151} INFO - [2023-11-01T21:44:50.789-0500] {dag.py:3722} INFO - Setting next_dagrun for example_short_circuit_decorator to 2023-11-01T02:44:50.789217+00:00, run_after=2023-11-02T02:44:50.789217+00:00
[2023-11-01T21:44:50.799-0500] {processor.py:179} INFO - Processing /Users/dimz/EconWizard/hermesvirtual/lib/python3.8/site-packages/airflow/example_dags/example_short_circuit_decorator.py took 0.159 seconds
[2023-11-01T21:46:55.308-0500] {processor.py:157} INFO - Started process (PID=88999) to work on /Users/dimz/EconWizard/hermesvirtual/lib/python3.8/site-packages/airflow/example_dags/example_short_circuit_decorator.py
[2023-11-01T21:46:55.313-0500] {processor.py:829} INFO - Processing file /Users/dimz/EconWizard/hermesvirtual/lib/python3.8/site-packages/airflow/example_dags/example_short_circuit_decorator.py for tasks to queue
[2023-11-01T21:46:55.313-0500] {logging_mixin.py:151} INFO - [2023-11-01T21:46:55.313-0500] {dagbag.py:536} INFO - Filling up the DagBag from /Users/dimz/EconWizard/hermesvirtual/lib/python3.8/site-packages/airflow/example_dags/example_short_circuit_decorator.py
[2023-11-01T21:46:55.348-0500] {processor.py:839} INFO - DAG(s) dict_keys(['example_short_circuit_decorator']) retrieved from /Users/dimz/EconWizard/hermesvirtual/lib/python3.8/site-packages/airflow/example_dags/example_short_circuit_decorator.py
[2023-11-01T21:46:55.450-0500] {logging_mixin.py:151} INFO - [2023-11-01T21:46:55.449-0500] {dag.py:2941} INFO - Sync 1 DAGs
[2023-11-01T21:46:55.459-0500] {logging_mixin.py:151} INFO - [2023-11-01T21:46:55.459-0500] {dag.py:3722} INFO - Setting next_dagrun for example_short_circuit_decorator to 2023-11-01T02:46:55.459293+00:00, run_after=2023-11-02T02:46:55.459293+00:00
[2023-11-01T21:46:55.469-0500] {processor.py:179} INFO - Processing /Users/dimz/EconWizard/hermesvirtual/lib/python3.8/site-packages/airflow/example_dags/example_short_circuit_decorator.py took 0.162 seconds
[2023-11-01T21:48:57.670-0500] {processor.py:157} INFO - Started process (PID=89168) to work on /Users/dimz/EconWizard/hermesvirtual/lib/python3.8/site-packages/airflow/example_dags/example_short_circuit_decorator.py
[2023-11-01T21:48:57.675-0500] {processor.py:829} INFO - Processing file /Users/dimz/EconWizard/hermesvirtual/lib/python3.8/site-packages/airflow/example_dags/example_short_circuit_decorator.py for tasks to queue
[2023-11-01T21:48:57.675-0500] {logging_mixin.py:151} INFO - [2023-11-01T21:48:57.675-0500] {dagbag.py:536} INFO - Filling up the DagBag from /Users/dimz/EconWizard/hermesvirtual/lib/python3.8/site-packages/airflow/example_dags/example_short_circuit_decorator.py
[2023-11-01T21:48:57.710-0500] {processor.py:839} INFO - DAG(s) dict_keys(['example_short_circuit_decorator']) retrieved from /Users/dimz/EconWizard/hermesvirtual/lib/python3.8/site-packages/airflow/example_dags/example_short_circuit_decorator.py
[2023-11-01T21:48:57.809-0500] {logging_mixin.py:151} INFO - [2023-11-01T21:48:57.809-0500] {dag.py:2941} INFO - Sync 1 DAGs
[2023-11-01T21:48:57.818-0500] {logging_mixin.py:151} INFO - [2023-11-01T21:48:57.818-0500] {dag.py:3722} INFO - Setting next_dagrun for example_short_circuit_decorator to 2023-11-01T02:48:57.818798+00:00, run_after=2023-11-02T02:48:57.818798+00:00
[2023-11-01T21:48:57.829-0500] {processor.py:179} INFO - Processing /Users/dimz/EconWizard/hermesvirtual/lib/python3.8/site-packages/airflow/example_dags/example_short_circuit_decorator.py took 0.159 seconds
[2023-11-01T21:50:56.391-0500] {processor.py:157} INFO - Started process (PID=89352) to work on /Users/dimz/EconWizard/hermesvirtual/lib/python3.8/site-packages/airflow/example_dags/example_short_circuit_decorator.py
[2023-11-01T21:50:56.396-0500] {processor.py:829} INFO - Processing file /Users/dimz/EconWizard/hermesvirtual/lib/python3.8/site-packages/airflow/example_dags/example_short_circuit_decorator.py for tasks to queue
[2023-11-01T21:50:56.396-0500] {logging_mixin.py:151} INFO - [2023-11-01T21:50:56.396-0500] {dagbag.py:536} INFO - Filling up the DagBag from /Users/dimz/EconWizard/hermesvirtual/lib/python3.8/site-packages/airflow/example_dags/example_short_circuit_decorator.py
[2023-11-01T21:50:56.430-0500] {processor.py:839} INFO - DAG(s) dict_keys(['example_short_circuit_decorator']) retrieved from /Users/dimz/EconWizard/hermesvirtual/lib/python3.8/site-packages/airflow/example_dags/example_short_circuit_decorator.py
[2023-11-01T21:50:56.529-0500] {logging_mixin.py:151} INFO - [2023-11-01T21:50:56.529-0500] {dag.py:2941} INFO - Sync 1 DAGs
[2023-11-01T21:50:56.539-0500] {logging_mixin.py:151} INFO - [2023-11-01T21:50:56.539-0500] {dag.py:3722} INFO - Setting next_dagrun for example_short_circuit_decorator to 2023-11-01T02:50:56.539081+00:00, run_after=2023-11-02T02:50:56.539081+00:00
[2023-11-01T21:50:56.549-0500] {processor.py:179} INFO - Processing /Users/dimz/EconWizard/hermesvirtual/lib/python3.8/site-packages/airflow/example_dags/example_short_circuit_decorator.py took 0.158 seconds
[2023-11-01T21:52:51.995-0500] {processor.py:157} INFO - Started process (PID=89512) to work on /Users/dimz/EconWizard/hermesvirtual/lib/python3.8/site-packages/airflow/example_dags/example_short_circuit_decorator.py
[2023-11-01T21:52:52.000-0500] {processor.py:829} INFO - Processing file /Users/dimz/EconWizard/hermesvirtual/lib/python3.8/site-packages/airflow/example_dags/example_short_circuit_decorator.py for tasks to queue
[2023-11-01T21:52:52.000-0500] {logging_mixin.py:151} INFO - [2023-11-01T21:52:52.000-0500] {dagbag.py:536} INFO - Filling up the DagBag from /Users/dimz/EconWizard/hermesvirtual/lib/python3.8/site-packages/airflow/example_dags/example_short_circuit_decorator.py
[2023-11-01T21:52:52.035-0500] {processor.py:839} INFO - DAG(s) dict_keys(['example_short_circuit_decorator']) retrieved from /Users/dimz/EconWizard/hermesvirtual/lib/python3.8/site-packages/airflow/example_dags/example_short_circuit_decorator.py
[2023-11-01T21:52:52.135-0500] {logging_mixin.py:151} INFO - [2023-11-01T21:52:52.135-0500] {dag.py:2941} INFO - Sync 1 DAGs
[2023-11-01T21:52:52.146-0500] {logging_mixin.py:151} INFO - [2023-11-01T21:52:52.145-0500] {dag.py:3722} INFO - Setting next_dagrun for example_short_circuit_decorator to 2023-11-01T02:52:52.145840+00:00, run_after=2023-11-02T02:52:52.145840+00:00
[2023-11-01T21:52:52.158-0500] {processor.py:179} INFO - Processing /Users/dimz/EconWizard/hermesvirtual/lib/python3.8/site-packages/airflow/example_dags/example_short_circuit_decorator.py took 0.163 seconds
[2023-11-01T21:54:53.737-0500] {processor.py:157} INFO - Started process (PID=89687) to work on /Users/dimz/EconWizard/hermesvirtual/lib/python3.8/site-packages/airflow/example_dags/example_short_circuit_decorator.py
[2023-11-01T21:54:53.742-0500] {processor.py:829} INFO - Processing file /Users/dimz/EconWizard/hermesvirtual/lib/python3.8/site-packages/airflow/example_dags/example_short_circuit_decorator.py for tasks to queue
[2023-11-01T21:54:53.742-0500] {logging_mixin.py:151} INFO - [2023-11-01T21:54:53.742-0500] {dagbag.py:536} INFO - Filling up the DagBag from /Users/dimz/EconWizard/hermesvirtual/lib/python3.8/site-packages/airflow/example_dags/example_short_circuit_decorator.py
[2023-11-01T21:54:53.777-0500] {processor.py:839} INFO - DAG(s) dict_keys(['example_short_circuit_decorator']) retrieved from /Users/dimz/EconWizard/hermesvirtual/lib/python3.8/site-packages/airflow/example_dags/example_short_circuit_decorator.py
[2023-11-01T21:54:53.879-0500] {logging_mixin.py:151} INFO - [2023-11-01T21:54:53.879-0500] {dag.py:2941} INFO - Sync 1 DAGs
[2023-11-01T21:54:53.888-0500] {logging_mixin.py:151} INFO - [2023-11-01T21:54:53.888-0500] {dag.py:3722} INFO - Setting next_dagrun for example_short_circuit_decorator to 2023-11-01T02:54:53.888486+00:00, run_after=2023-11-02T02:54:53.888486+00:00
[2023-11-01T21:54:53.899-0500] {processor.py:179} INFO - Processing /Users/dimz/EconWizard/hermesvirtual/lib/python3.8/site-packages/airflow/example_dags/example_short_circuit_decorator.py took 0.162 seconds
[2023-11-01T21:56:49.707-0500] {processor.py:157} INFO - Started process (PID=89844) to work on /Users/dimz/EconWizard/hermesvirtual/lib/python3.8/site-packages/airflow/example_dags/example_short_circuit_decorator.py
[2023-11-01T21:56:49.711-0500] {processor.py:829} INFO - Processing file /Users/dimz/EconWizard/hermesvirtual/lib/python3.8/site-packages/airflow/example_dags/example_short_circuit_decorator.py for tasks to queue
[2023-11-01T21:56:49.711-0500] {logging_mixin.py:151} INFO - [2023-11-01T21:56:49.711-0500] {dagbag.py:536} INFO - Filling up the DagBag from /Users/dimz/EconWizard/hermesvirtual/lib/python3.8/site-packages/airflow/example_dags/example_short_circuit_decorator.py
[2023-11-01T21:56:49.746-0500] {processor.py:839} INFO - DAG(s) dict_keys(['example_short_circuit_decorator']) retrieved from /Users/dimz/EconWizard/hermesvirtual/lib/python3.8/site-packages/airflow/example_dags/example_short_circuit_decorator.py
[2023-11-01T21:56:49.846-0500] {logging_mixin.py:151} INFO - [2023-11-01T21:56:49.846-0500] {dag.py:2941} INFO - Sync 1 DAGs
[2023-11-01T21:56:49.856-0500] {logging_mixin.py:151} INFO - [2023-11-01T21:56:49.856-0500] {dag.py:3722} INFO - Setting next_dagrun for example_short_circuit_decorator to 2023-11-01T02:56:49.856045+00:00, run_after=2023-11-02T02:56:49.856045+00:00
[2023-11-01T21:56:49.866-0500] {processor.py:179} INFO - Processing /Users/dimz/EconWizard/hermesvirtual/lib/python3.8/site-packages/airflow/example_dags/example_short_circuit_decorator.py took 0.159 seconds
[2023-11-01T21:58:52.392-0500] {processor.py:157} INFO - Started process (PID=90042) to work on /Users/dimz/EconWizard/hermesvirtual/lib/python3.8/site-packages/airflow/example_dags/example_short_circuit_decorator.py
[2023-11-01T21:58:52.397-0500] {processor.py:829} INFO - Processing file /Users/dimz/EconWizard/hermesvirtual/lib/python3.8/site-packages/airflow/example_dags/example_short_circuit_decorator.py for tasks to queue
[2023-11-01T21:58:52.398-0500] {logging_mixin.py:151} INFO - [2023-11-01T21:58:52.398-0500] {dagbag.py:536} INFO - Filling up the DagBag from /Users/dimz/EconWizard/hermesvirtual/lib/python3.8/site-packages/airflow/example_dags/example_short_circuit_decorator.py
[2023-11-01T21:58:52.437-0500] {processor.py:839} INFO - DAG(s) dict_keys(['example_short_circuit_decorator']) retrieved from /Users/dimz/EconWizard/hermesvirtual/lib/python3.8/site-packages/airflow/example_dags/example_short_circuit_decorator.py
[2023-11-01T21:58:52.548-0500] {logging_mixin.py:151} INFO - [2023-11-01T21:58:52.548-0500] {dag.py:2941} INFO - Sync 1 DAGs
[2023-11-01T21:58:52.559-0500] {logging_mixin.py:151} INFO - [2023-11-01T21:58:52.558-0500] {dag.py:3722} INFO - Setting next_dagrun for example_short_circuit_decorator to 2023-11-01T02:58:52.558772+00:00, run_after=2023-11-02T02:58:52.558772+00:00
[2023-11-01T21:58:52.570-0500] {processor.py:179} INFO - Processing /Users/dimz/EconWizard/hermesvirtual/lib/python3.8/site-packages/airflow/example_dags/example_short_circuit_decorator.py took 0.179 seconds
[2023-11-01T22:00:50.887-0500] {processor.py:157} INFO - Started process (PID=90210) to work on /Users/dimz/EconWizard/hermesvirtual/lib/python3.8/site-packages/airflow/example_dags/example_short_circuit_decorator.py
[2023-11-01T22:00:50.892-0500] {processor.py:829} INFO - Processing file /Users/dimz/EconWizard/hermesvirtual/lib/python3.8/site-packages/airflow/example_dags/example_short_circuit_decorator.py for tasks to queue
[2023-11-01T22:00:50.892-0500] {logging_mixin.py:151} INFO - [2023-11-01T22:00:50.892-0500] {dagbag.py:536} INFO - Filling up the DagBag from /Users/dimz/EconWizard/hermesvirtual/lib/python3.8/site-packages/airflow/example_dags/example_short_circuit_decorator.py
[2023-11-01T22:00:50.927-0500] {processor.py:839} INFO - DAG(s) dict_keys(['example_short_circuit_decorator']) retrieved from /Users/dimz/EconWizard/hermesvirtual/lib/python3.8/site-packages/airflow/example_dags/example_short_circuit_decorator.py
[2023-11-01T22:00:51.028-0500] {logging_mixin.py:151} INFO - [2023-11-01T22:00:51.027-0500] {dag.py:2941} INFO - Sync 1 DAGs
[2023-11-01T22:00:51.037-0500] {logging_mixin.py:151} INFO - [2023-11-01T22:00:51.037-0500] {dag.py:3722} INFO - Setting next_dagrun for example_short_circuit_decorator to 2023-11-01T03:00:51.037309+00:00, run_after=2023-11-02T03:00:51.037309+00:00
[2023-11-01T22:00:51.047-0500] {processor.py:179} INFO - Processing /Users/dimz/EconWizard/hermesvirtual/lib/python3.8/site-packages/airflow/example_dags/example_short_circuit_decorator.py took 0.161 seconds
[2023-11-01T22:02:52.880-0500] {processor.py:157} INFO - Started process (PID=90359) to work on /Users/dimz/EconWizard/hermesvirtual/lib/python3.8/site-packages/airflow/example_dags/example_short_circuit_decorator.py
[2023-11-01T22:02:52.885-0500] {processor.py:829} INFO - Processing file /Users/dimz/EconWizard/hermesvirtual/lib/python3.8/site-packages/airflow/example_dags/example_short_circuit_decorator.py for tasks to queue
[2023-11-01T22:02:52.886-0500] {logging_mixin.py:151} INFO - [2023-11-01T22:02:52.886-0500] {dagbag.py:536} INFO - Filling up the DagBag from /Users/dimz/EconWizard/hermesvirtual/lib/python3.8/site-packages/airflow/example_dags/example_short_circuit_decorator.py
[2023-11-01T22:02:52.926-0500] {processor.py:839} INFO - DAG(s) dict_keys(['example_short_circuit_decorator']) retrieved from /Users/dimz/EconWizard/hermesvirtual/lib/python3.8/site-packages/airflow/example_dags/example_short_circuit_decorator.py
[2023-11-01T22:02:53.040-0500] {logging_mixin.py:151} INFO - [2023-11-01T22:02:53.040-0500] {dag.py:2941} INFO - Sync 1 DAGs
[2023-11-01T22:02:53.051-0500] {logging_mixin.py:151} INFO - [2023-11-01T22:02:53.051-0500] {dag.py:3722} INFO - Setting next_dagrun for example_short_circuit_decorator to 2023-11-01T03:02:53.051294+00:00, run_after=2023-11-02T03:02:53.051294+00:00
[2023-11-01T22:02:53.064-0500] {processor.py:179} INFO - Processing /Users/dimz/EconWizard/hermesvirtual/lib/python3.8/site-packages/airflow/example_dags/example_short_circuit_decorator.py took 0.184 seconds
[2023-11-01T22:04:46.944-0500] {processor.py:157} INFO - Started process (PID=90554) to work on /Users/dimz/EconWizard/hermesvirtual/lib/python3.8/site-packages/airflow/example_dags/example_short_circuit_decorator.py
[2023-11-01T22:04:46.949-0500] {processor.py:829} INFO - Processing file /Users/dimz/EconWizard/hermesvirtual/lib/python3.8/site-packages/airflow/example_dags/example_short_circuit_decorator.py for tasks to queue
[2023-11-01T22:04:46.950-0500] {logging_mixin.py:151} INFO - [2023-11-01T22:04:46.950-0500] {dagbag.py:536} INFO - Filling up the DagBag from /Users/dimz/EconWizard/hermesvirtual/lib/python3.8/site-packages/airflow/example_dags/example_short_circuit_decorator.py
[2023-11-01T22:04:46.985-0500] {processor.py:839} INFO - DAG(s) dict_keys(['example_short_circuit_decorator']) retrieved from /Users/dimz/EconWizard/hermesvirtual/lib/python3.8/site-packages/airflow/example_dags/example_short_circuit_decorator.py
[2023-11-01T22:04:47.085-0500] {logging_mixin.py:151} INFO - [2023-11-01T22:04:47.085-0500] {dag.py:2941} INFO - Sync 1 DAGs
[2023-11-01T22:04:47.095-0500] {logging_mixin.py:151} INFO - [2023-11-01T22:04:47.095-0500] {dag.py:3722} INFO - Setting next_dagrun for example_short_circuit_decorator to 2023-11-01T03:04:47.095220+00:00, run_after=2023-11-02T03:04:47.095220+00:00
[2023-11-01T22:04:47.105-0500] {processor.py:179} INFO - Processing /Users/dimz/EconWizard/hermesvirtual/lib/python3.8/site-packages/airflow/example_dags/example_short_circuit_decorator.py took 0.161 seconds
[2023-11-01T22:06:48.354-0500] {processor.py:157} INFO - Started process (PID=90782) to work on /Users/dimz/EconWizard/hermesvirtual/lib/python3.8/site-packages/airflow/example_dags/example_short_circuit_decorator.py
[2023-11-01T22:06:48.359-0500] {processor.py:829} INFO - Processing file /Users/dimz/EconWizard/hermesvirtual/lib/python3.8/site-packages/airflow/example_dags/example_short_circuit_decorator.py for tasks to queue
[2023-11-01T22:06:48.359-0500] {logging_mixin.py:151} INFO - [2023-11-01T22:06:48.359-0500] {dagbag.py:536} INFO - Filling up the DagBag from /Users/dimz/EconWizard/hermesvirtual/lib/python3.8/site-packages/airflow/example_dags/example_short_circuit_decorator.py
[2023-11-01T22:06:48.395-0500] {processor.py:839} INFO - DAG(s) dict_keys(['example_short_circuit_decorator']) retrieved from /Users/dimz/EconWizard/hermesvirtual/lib/python3.8/site-packages/airflow/example_dags/example_short_circuit_decorator.py
[2023-11-01T22:06:48.498-0500] {logging_mixin.py:151} INFO - [2023-11-01T22:06:48.498-0500] {dag.py:2941} INFO - Sync 1 DAGs
[2023-11-01T22:06:48.507-0500] {logging_mixin.py:151} INFO - [2023-11-01T22:06:48.507-0500] {dag.py:3722} INFO - Setting next_dagrun for example_short_circuit_decorator to 2023-11-01T03:06:48.507521+00:00, run_after=2023-11-02T03:06:48.507521+00:00
[2023-11-01T22:06:48.518-0500] {processor.py:179} INFO - Processing /Users/dimz/EconWizard/hermesvirtual/lib/python3.8/site-packages/airflow/example_dags/example_short_circuit_decorator.py took 0.165 seconds
[2023-11-01T22:08:53.185-0500] {processor.py:157} INFO - Started process (PID=91008) to work on /Users/dimz/EconWizard/hermesvirtual/lib/python3.8/site-packages/airflow/example_dags/example_short_circuit_decorator.py
[2023-11-01T22:08:53.191-0500] {processor.py:829} INFO - Processing file /Users/dimz/EconWizard/hermesvirtual/lib/python3.8/site-packages/airflow/example_dags/example_short_circuit_decorator.py for tasks to queue
[2023-11-01T22:08:53.191-0500] {logging_mixin.py:151} INFO - [2023-11-01T22:08:53.191-0500] {dagbag.py:536} INFO - Filling up the DagBag from /Users/dimz/EconWizard/hermesvirtual/lib/python3.8/site-packages/airflow/example_dags/example_short_circuit_decorator.py
[2023-11-01T22:08:53.226-0500] {processor.py:839} INFO - DAG(s) dict_keys(['example_short_circuit_decorator']) retrieved from /Users/dimz/EconWizard/hermesvirtual/lib/python3.8/site-packages/airflow/example_dags/example_short_circuit_decorator.py
[2023-11-01T22:08:53.327-0500] {logging_mixin.py:151} INFO - [2023-11-01T22:08:53.327-0500] {dag.py:2941} INFO - Sync 1 DAGs
[2023-11-01T22:08:53.337-0500] {logging_mixin.py:151} INFO - [2023-11-01T22:08:53.337-0500] {dag.py:3722} INFO - Setting next_dagrun for example_short_circuit_decorator to 2023-11-01T03:08:53.337005+00:00, run_after=2023-11-02T03:08:53.337005+00:00
[2023-11-01T22:08:53.347-0500] {processor.py:179} INFO - Processing /Users/dimz/EconWizard/hermesvirtual/lib/python3.8/site-packages/airflow/example_dags/example_short_circuit_decorator.py took 0.162 seconds
[2023-11-01T22:14:20.294-0500] {processor.py:157} INFO - Started process (PID=91543) to work on /Users/dimz/EconWizard/hermesvirtual/lib/python3.8/site-packages/airflow/example_dags/example_short_circuit_decorator.py
[2023-11-01T22:14:20.300-0500] {processor.py:829} INFO - Processing file /Users/dimz/EconWizard/hermesvirtual/lib/python3.8/site-packages/airflow/example_dags/example_short_circuit_decorator.py for tasks to queue
[2023-11-01T22:14:20.300-0500] {logging_mixin.py:151} INFO - [2023-11-01T22:14:20.300-0500] {dagbag.py:536} INFO - Filling up the DagBag from /Users/dimz/EconWizard/hermesvirtual/lib/python3.8/site-packages/airflow/example_dags/example_short_circuit_decorator.py
[2023-11-01T22:14:20.335-0500] {processor.py:839} INFO - DAG(s) dict_keys(['example_short_circuit_decorator']) retrieved from /Users/dimz/EconWizard/hermesvirtual/lib/python3.8/site-packages/airflow/example_dags/example_short_circuit_decorator.py
[2023-11-01T22:14:20.669-0500] {logging_mixin.py:151} INFO - [2023-11-01T22:14:20.668-0500] {dag.py:2941} INFO - Sync 1 DAGs
[2023-11-01T22:14:20.677-0500] {logging_mixin.py:151} INFO - [2023-11-01T22:14:20.677-0500] {dag.py:3722} INFO - Setting next_dagrun for example_short_circuit_decorator to 2023-11-01T03:14:20.677590+00:00, run_after=2023-11-02T03:14:20.677590+00:00
[2023-11-01T22:14:20.689-0500] {processor.py:179} INFO - Processing /Users/dimz/EconWizard/hermesvirtual/lib/python3.8/site-packages/airflow/example_dags/example_short_circuit_decorator.py took 0.395 seconds
[2023-11-01T22:15:29.113-0500] {processor.py:157} INFO - Started process (PID=91640) to work on /Users/dimz/EconWizard/hermesvirtual/lib/python3.8/site-packages/airflow/example_dags/example_short_circuit_decorator.py
[2023-11-01T22:15:29.117-0500] {processor.py:829} INFO - Processing file /Users/dimz/EconWizard/hermesvirtual/lib/python3.8/site-packages/airflow/example_dags/example_short_circuit_decorator.py for tasks to queue
[2023-11-01T22:15:29.118-0500] {logging_mixin.py:151} INFO - [2023-11-01T22:15:29.117-0500] {dagbag.py:536} INFO - Filling up the DagBag from /Users/dimz/EconWizard/hermesvirtual/lib/python3.8/site-packages/airflow/example_dags/example_short_circuit_decorator.py
[2023-11-01T22:15:29.152-0500] {processor.py:839} INFO - DAG(s) dict_keys(['example_short_circuit_decorator']) retrieved from /Users/dimz/EconWizard/hermesvirtual/lib/python3.8/site-packages/airflow/example_dags/example_short_circuit_decorator.py
[2023-11-01T22:15:29.254-0500] {logging_mixin.py:151} INFO - [2023-11-01T22:15:29.253-0500] {dag.py:2941} INFO - Sync 1 DAGs
[2023-11-01T22:15:29.263-0500] {logging_mixin.py:151} INFO - [2023-11-01T22:15:29.263-0500] {dag.py:3722} INFO - Setting next_dagrun for example_short_circuit_decorator to 2023-11-01T03:15:29.263670+00:00, run_after=2023-11-02T03:15:29.263670+00:00
[2023-11-01T22:15:29.275-0500] {processor.py:179} INFO - Processing /Users/dimz/EconWizard/hermesvirtual/lib/python3.8/site-packages/airflow/example_dags/example_short_circuit_decorator.py took 0.162 seconds
[2023-11-01T22:17:29.343-0500] {processor.py:157} INFO - Started process (PID=91912) to work on /Users/dimz/EconWizard/hermesvirtual/lib/python3.8/site-packages/airflow/example_dags/example_short_circuit_decorator.py
[2023-11-01T22:17:29.348-0500] {processor.py:829} INFO - Processing file /Users/dimz/EconWizard/hermesvirtual/lib/python3.8/site-packages/airflow/example_dags/example_short_circuit_decorator.py for tasks to queue
[2023-11-01T22:17:29.348-0500] {logging_mixin.py:151} INFO - [2023-11-01T22:17:29.348-0500] {dagbag.py:536} INFO - Filling up the DagBag from /Users/dimz/EconWizard/hermesvirtual/lib/python3.8/site-packages/airflow/example_dags/example_short_circuit_decorator.py
[2023-11-01T22:17:29.382-0500] {processor.py:839} INFO - DAG(s) dict_keys(['example_short_circuit_decorator']) retrieved from /Users/dimz/EconWizard/hermesvirtual/lib/python3.8/site-packages/airflow/example_dags/example_short_circuit_decorator.py
[2023-11-01T22:17:29.482-0500] {logging_mixin.py:151} INFO - [2023-11-01T22:17:29.482-0500] {dag.py:2941} INFO - Sync 1 DAGs
[2023-11-01T22:17:29.491-0500] {logging_mixin.py:151} INFO - [2023-11-01T22:17:29.491-0500] {dag.py:3722} INFO - Setting next_dagrun for example_short_circuit_decorator to 2023-11-01T03:17:29.491492+00:00, run_after=2023-11-02T03:17:29.491492+00:00
[2023-11-01T22:17:29.501-0500] {processor.py:179} INFO - Processing /Users/dimz/EconWizard/hermesvirtual/lib/python3.8/site-packages/airflow/example_dags/example_short_circuit_decorator.py took 0.159 seconds
[2023-11-01T22:19:23.351-0500] {processor.py:157} INFO - Started process (PID=92199) to work on /Users/dimz/EconWizard/hermesvirtual/lib/python3.8/site-packages/airflow/example_dags/example_short_circuit_decorator.py
[2023-11-01T22:19:23.356-0500] {processor.py:829} INFO - Processing file /Users/dimz/EconWizard/hermesvirtual/lib/python3.8/site-packages/airflow/example_dags/example_short_circuit_decorator.py for tasks to queue
[2023-11-01T22:19:23.356-0500] {logging_mixin.py:151} INFO - [2023-11-01T22:19:23.356-0500] {dagbag.py:536} INFO - Filling up the DagBag from /Users/dimz/EconWizard/hermesvirtual/lib/python3.8/site-packages/airflow/example_dags/example_short_circuit_decorator.py
[2023-11-01T22:19:23.391-0500] {processor.py:839} INFO - DAG(s) dict_keys(['example_short_circuit_decorator']) retrieved from /Users/dimz/EconWizard/hermesvirtual/lib/python3.8/site-packages/airflow/example_dags/example_short_circuit_decorator.py
[2023-11-01T22:19:23.490-0500] {logging_mixin.py:151} INFO - [2023-11-01T22:19:23.490-0500] {dag.py:2941} INFO - Sync 1 DAGs
[2023-11-01T22:19:23.499-0500] {logging_mixin.py:151} INFO - [2023-11-01T22:19:23.499-0500] {dag.py:3722} INFO - Setting next_dagrun for example_short_circuit_decorator to 2023-11-01T03:19:23.499248+00:00, run_after=2023-11-02T03:19:23.499248+00:00
[2023-11-01T22:19:23.509-0500] {processor.py:179} INFO - Processing /Users/dimz/EconWizard/hermesvirtual/lib/python3.8/site-packages/airflow/example_dags/example_short_circuit_decorator.py took 0.159 seconds
[2023-11-01T22:21:11.835-0500] {processor.py:157} INFO - Started process (PID=92457) to work on /Users/dimz/EconWizard/hermesvirtual/lib/python3.8/site-packages/airflow/example_dags/example_short_circuit_decorator.py
[2023-11-01T22:21:11.840-0500] {processor.py:829} INFO - Processing file /Users/dimz/EconWizard/hermesvirtual/lib/python3.8/site-packages/airflow/example_dags/example_short_circuit_decorator.py for tasks to queue
[2023-11-01T22:21:11.841-0500] {logging_mixin.py:151} INFO - [2023-11-01T22:21:11.840-0500] {dagbag.py:536} INFO - Filling up the DagBag from /Users/dimz/EconWizard/hermesvirtual/lib/python3.8/site-packages/airflow/example_dags/example_short_circuit_decorator.py
[2023-11-01T22:21:11.876-0500] {processor.py:839} INFO - DAG(s) dict_keys(['example_short_circuit_decorator']) retrieved from /Users/dimz/EconWizard/hermesvirtual/lib/python3.8/site-packages/airflow/example_dags/example_short_circuit_decorator.py
[2023-11-01T22:21:11.977-0500] {logging_mixin.py:151} INFO - [2023-11-01T22:21:11.977-0500] {dag.py:2941} INFO - Sync 1 DAGs
[2023-11-01T22:21:11.987-0500] {logging_mixin.py:151} INFO - [2023-11-01T22:21:11.987-0500] {dag.py:3722} INFO - Setting next_dagrun for example_short_circuit_decorator to 2023-11-01T03:21:11.986974+00:00, run_after=2023-11-02T03:21:11.986974+00:00
[2023-11-01T22:21:11.997-0500] {processor.py:179} INFO - Processing /Users/dimz/EconWizard/hermesvirtual/lib/python3.8/site-packages/airflow/example_dags/example_short_circuit_decorator.py took 0.163 seconds
[2023-11-01T22:23:12.133-0500] {processor.py:157} INFO - Started process (PID=92797) to work on /Users/dimz/EconWizard/hermesvirtual/lib/python3.8/site-packages/airflow/example_dags/example_short_circuit_decorator.py
[2023-11-01T22:23:12.137-0500] {processor.py:829} INFO - Processing file /Users/dimz/EconWizard/hermesvirtual/lib/python3.8/site-packages/airflow/example_dags/example_short_circuit_decorator.py for tasks to queue
[2023-11-01T22:23:12.137-0500] {logging_mixin.py:151} INFO - [2023-11-01T22:23:12.137-0500] {dagbag.py:536} INFO - Filling up the DagBag from /Users/dimz/EconWizard/hermesvirtual/lib/python3.8/site-packages/airflow/example_dags/example_short_circuit_decorator.py
[2023-11-01T22:23:12.175-0500] {processor.py:839} INFO - DAG(s) dict_keys(['example_short_circuit_decorator']) retrieved from /Users/dimz/EconWizard/hermesvirtual/lib/python3.8/site-packages/airflow/example_dags/example_short_circuit_decorator.py
[2023-11-01T22:23:12.286-0500] {logging_mixin.py:151} INFO - [2023-11-01T22:23:12.286-0500] {dag.py:2941} INFO - Sync 1 DAGs
[2023-11-01T22:23:12.297-0500] {logging_mixin.py:151} INFO - [2023-11-01T22:23:12.297-0500] {dag.py:3722} INFO - Setting next_dagrun for example_short_circuit_decorator to 2023-11-01T03:23:12.297242+00:00, run_after=2023-11-02T03:23:12.297242+00:00
[2023-11-01T22:23:12.308-0500] {processor.py:179} INFO - Processing /Users/dimz/EconWizard/hermesvirtual/lib/python3.8/site-packages/airflow/example_dags/example_short_circuit_decorator.py took 0.176 seconds
[2023-11-02T02:54:13.632-0500] {processor.py:157} INFO - Started process (PID=93076) to work on /Users/dimz/EconWizard/hermesvirtual/lib/python3.8/site-packages/airflow/example_dags/example_short_circuit_decorator.py
[2023-11-02T02:54:13.637-0500] {processor.py:829} INFO - Processing file /Users/dimz/EconWizard/hermesvirtual/lib/python3.8/site-packages/airflow/example_dags/example_short_circuit_decorator.py for tasks to queue
[2023-11-02T02:54:13.638-0500] {logging_mixin.py:151} INFO - [2023-11-02T02:54:13.637-0500] {dagbag.py:536} INFO - Filling up the DagBag from /Users/dimz/EconWizard/hermesvirtual/lib/python3.8/site-packages/airflow/example_dags/example_short_circuit_decorator.py
[2023-11-02T02:54:13.672-0500] {processor.py:839} INFO - DAG(s) dict_keys(['example_short_circuit_decorator']) retrieved from /Users/dimz/EconWizard/hermesvirtual/lib/python3.8/site-packages/airflow/example_dags/example_short_circuit_decorator.py
[2023-11-02T02:54:13.777-0500] {logging_mixin.py:151} INFO - [2023-11-02T02:54:13.777-0500] {dag.py:2941} INFO - Sync 1 DAGs
[2023-11-02T02:54:13.787-0500] {logging_mixin.py:151} INFO - [2023-11-02T02:54:13.787-0500] {dag.py:3722} INFO - Setting next_dagrun for example_short_circuit_decorator to 2023-11-01T07:54:13.787620+00:00, run_after=2023-11-02T07:54:13.787620+00:00
[2023-11-02T02:54:13.799-0500] {processor.py:179} INFO - Processing /Users/dimz/EconWizard/hermesvirtual/lib/python3.8/site-packages/airflow/example_dags/example_short_circuit_decorator.py took 0.167 seconds
[2023-11-02T06:53:36.552-0500] {processor.py:157} INFO - Started process (PID=93276) to work on /Users/dimz/EconWizard/hermesvirtual/lib/python3.8/site-packages/airflow/example_dags/example_short_circuit_decorator.py
[2023-11-02T06:53:36.557-0500] {processor.py:829} INFO - Processing file /Users/dimz/EconWizard/hermesvirtual/lib/python3.8/site-packages/airflow/example_dags/example_short_circuit_decorator.py for tasks to queue
[2023-11-02T06:53:36.557-0500] {logging_mixin.py:151} INFO - [2023-11-02T06:53:36.557-0500] {dagbag.py:536} INFO - Filling up the DagBag from /Users/dimz/EconWizard/hermesvirtual/lib/python3.8/site-packages/airflow/example_dags/example_short_circuit_decorator.py
[2023-11-02T06:53:36.598-0500] {processor.py:839} INFO - DAG(s) dict_keys(['example_short_circuit_decorator']) retrieved from /Users/dimz/EconWizard/hermesvirtual/lib/python3.8/site-packages/airflow/example_dags/example_short_circuit_decorator.py
[2023-11-02T06:53:37.000-0500] {logging_mixin.py:151} INFO - [2023-11-02T06:53:37.000-0500] {dag.py:2941} INFO - Sync 1 DAGs
[2023-11-02T06:53:37.010-0500] {logging_mixin.py:151} INFO - [2023-11-02T06:53:37.010-0500] {dag.py:3722} INFO - Setting next_dagrun for example_short_circuit_decorator to 2023-11-01T11:53:37.010065+00:00, run_after=2023-11-02T11:53:37.010065+00:00
[2023-11-02T06:53:37.022-0500] {processor.py:179} INFO - Processing /Users/dimz/EconWizard/hermesvirtual/lib/python3.8/site-packages/airflow/example_dags/example_short_circuit_decorator.py took 0.471 seconds
[2023-11-02T08:28:49.514-0500] {processor.py:157} INFO - Started process (PID=93393) to work on /Users/dimz/EconWizard/hermesvirtual/lib/python3.8/site-packages/airflow/example_dags/example_short_circuit_decorator.py
[2023-11-02T08:28:49.518-0500] {processor.py:829} INFO - Processing file /Users/dimz/EconWizard/hermesvirtual/lib/python3.8/site-packages/airflow/example_dags/example_short_circuit_decorator.py for tasks to queue
[2023-11-02T08:28:49.519-0500] {logging_mixin.py:151} INFO - [2023-11-02T08:28:49.519-0500] {dagbag.py:536} INFO - Filling up the DagBag from /Users/dimz/EconWizard/hermesvirtual/lib/python3.8/site-packages/airflow/example_dags/example_short_circuit_decorator.py
[2023-11-02T08:28:49.553-0500] {processor.py:839} INFO - DAG(s) dict_keys(['example_short_circuit_decorator']) retrieved from /Users/dimz/EconWizard/hermesvirtual/lib/python3.8/site-packages/airflow/example_dags/example_short_circuit_decorator.py
[2023-11-02T08:28:49.651-0500] {logging_mixin.py:151} INFO - [2023-11-02T08:28:49.651-0500] {dag.py:2941} INFO - Sync 1 DAGs
[2023-11-02T08:28:49.661-0500] {logging_mixin.py:151} INFO - [2023-11-02T08:28:49.661-0500] {dag.py:3722} INFO - Setting next_dagrun for example_short_circuit_decorator to 2023-11-01T13:28:49.661034+00:00, run_after=2023-11-02T13:28:49.661034+00:00
[2023-11-02T08:28:49.671-0500] {processor.py:179} INFO - Processing /Users/dimz/EconWizard/hermesvirtual/lib/python3.8/site-packages/airflow/example_dags/example_short_circuit_decorator.py took 0.158 seconds
[2023-11-02T08:38:00.040-0500] {processor.py:157} INFO - Started process (PID=93489) to work on /Users/dimz/EconWizard/hermesvirtual/lib/python3.8/site-packages/airflow/example_dags/example_short_circuit_decorator.py
[2023-11-02T08:38:00.045-0500] {processor.py:829} INFO - Processing file /Users/dimz/EconWizard/hermesvirtual/lib/python3.8/site-packages/airflow/example_dags/example_short_circuit_decorator.py for tasks to queue
[2023-11-02T08:38:00.046-0500] {logging_mixin.py:151} INFO - [2023-11-02T08:38:00.045-0500] {dagbag.py:536} INFO - Filling up the DagBag from /Users/dimz/EconWizard/hermesvirtual/lib/python3.8/site-packages/airflow/example_dags/example_short_circuit_decorator.py
[2023-11-02T08:38:00.081-0500] {processor.py:839} INFO - DAG(s) dict_keys(['example_short_circuit_decorator']) retrieved from /Users/dimz/EconWizard/hermesvirtual/lib/python3.8/site-packages/airflow/example_dags/example_short_circuit_decorator.py
[2023-11-02T08:38:00.180-0500] {logging_mixin.py:151} INFO - [2023-11-02T08:38:00.180-0500] {dag.py:2941} INFO - Sync 1 DAGs
[2023-11-02T08:38:00.189-0500] {logging_mixin.py:151} INFO - [2023-11-02T08:38:00.189-0500] {dag.py:3722} INFO - Setting next_dagrun for example_short_circuit_decorator to 2023-11-01T13:38:00.189681+00:00, run_after=2023-11-02T13:38:00.189681+00:00
[2023-11-02T08:38:00.201-0500] {processor.py:179} INFO - Processing /Users/dimz/EconWizard/hermesvirtual/lib/python3.8/site-packages/airflow/example_dags/example_short_circuit_decorator.py took 0.161 seconds
[2023-11-02T09:03:00.564-0500] {processor.py:157} INFO - Started process (PID=93591) to work on /Users/dimz/EconWizard/hermesvirtual/lib/python3.8/site-packages/airflow/example_dags/example_short_circuit_decorator.py
[2023-11-02T09:03:00.569-0500] {processor.py:829} INFO - Processing file /Users/dimz/EconWizard/hermesvirtual/lib/python3.8/site-packages/airflow/example_dags/example_short_circuit_decorator.py for tasks to queue
[2023-11-02T09:03:00.569-0500] {logging_mixin.py:151} INFO - [2023-11-02T09:03:00.569-0500] {dagbag.py:536} INFO - Filling up the DagBag from /Users/dimz/EconWizard/hermesvirtual/lib/python3.8/site-packages/airflow/example_dags/example_short_circuit_decorator.py
[2023-11-02T09:03:00.604-0500] {processor.py:839} INFO - DAG(s) dict_keys(['example_short_circuit_decorator']) retrieved from /Users/dimz/EconWizard/hermesvirtual/lib/python3.8/site-packages/airflow/example_dags/example_short_circuit_decorator.py
[2023-11-02T09:03:00.709-0500] {logging_mixin.py:151} INFO - [2023-11-02T09:03:00.709-0500] {dag.py:2941} INFO - Sync 1 DAGs
[2023-11-02T09:03:00.721-0500] {logging_mixin.py:151} INFO - [2023-11-02T09:03:00.720-0500] {dag.py:3722} INFO - Setting next_dagrun for example_short_circuit_decorator to 2023-11-01T14:03:00.720756+00:00, run_after=2023-11-02T14:03:00.720756+00:00
[2023-11-02T09:03:00.736-0500] {processor.py:179} INFO - Processing /Users/dimz/EconWizard/hermesvirtual/lib/python3.8/site-packages/airflow/example_dags/example_short_circuit_decorator.py took 0.173 seconds
[2023-11-02T09:04:26.894-0500] {processor.py:157} INFO - Started process (PID=93713) to work on /Users/dimz/EconWizard/hermesvirtual/lib/python3.8/site-packages/airflow/example_dags/example_short_circuit_decorator.py
[2023-11-02T09:04:26.899-0500] {processor.py:829} INFO - Processing file /Users/dimz/EconWizard/hermesvirtual/lib/python3.8/site-packages/airflow/example_dags/example_short_circuit_decorator.py for tasks to queue
[2023-11-02T09:04:26.900-0500] {logging_mixin.py:151} INFO - [2023-11-02T09:04:26.899-0500] {dagbag.py:536} INFO - Filling up the DagBag from /Users/dimz/EconWizard/hermesvirtual/lib/python3.8/site-packages/airflow/example_dags/example_short_circuit_decorator.py
[2023-11-02T09:04:26.934-0500] {processor.py:839} INFO - DAG(s) dict_keys(['example_short_circuit_decorator']) retrieved from /Users/dimz/EconWizard/hermesvirtual/lib/python3.8/site-packages/airflow/example_dags/example_short_circuit_decorator.py
[2023-11-02T09:04:27.034-0500] {logging_mixin.py:151} INFO - [2023-11-02T09:04:27.034-0500] {dag.py:2941} INFO - Sync 1 DAGs
[2023-11-02T09:04:27.043-0500] {logging_mixin.py:151} INFO - [2023-11-02T09:04:27.043-0500] {dag.py:3722} INFO - Setting next_dagrun for example_short_circuit_decorator to 2023-11-01T14:04:27.043732+00:00, run_after=2023-11-02T14:04:27.043732+00:00
[2023-11-02T09:04:27.054-0500] {processor.py:179} INFO - Processing /Users/dimz/EconWizard/hermesvirtual/lib/python3.8/site-packages/airflow/example_dags/example_short_circuit_decorator.py took 0.160 seconds
[2023-11-02T09:06:22.484-0500] {processor.py:157} INFO - Started process (PID=93862) to work on /Users/dimz/EconWizard/hermesvirtual/lib/python3.8/site-packages/airflow/example_dags/example_short_circuit_decorator.py
[2023-11-02T09:06:22.488-0500] {processor.py:829} INFO - Processing file /Users/dimz/EconWizard/hermesvirtual/lib/python3.8/site-packages/airflow/example_dags/example_short_circuit_decorator.py for tasks to queue
[2023-11-02T09:06:22.489-0500] {logging_mixin.py:151} INFO - [2023-11-02T09:06:22.489-0500] {dagbag.py:536} INFO - Filling up the DagBag from /Users/dimz/EconWizard/hermesvirtual/lib/python3.8/site-packages/airflow/example_dags/example_short_circuit_decorator.py
[2023-11-02T09:06:22.523-0500] {processor.py:839} INFO - DAG(s) dict_keys(['example_short_circuit_decorator']) retrieved from /Users/dimz/EconWizard/hermesvirtual/lib/python3.8/site-packages/airflow/example_dags/example_short_circuit_decorator.py
[2023-11-02T09:06:22.623-0500] {logging_mixin.py:151} INFO - [2023-11-02T09:06:22.623-0500] {dag.py:2941} INFO - Sync 1 DAGs
[2023-11-02T09:06:22.633-0500] {logging_mixin.py:151} INFO - [2023-11-02T09:06:22.633-0500] {dag.py:3722} INFO - Setting next_dagrun for example_short_circuit_decorator to 2023-11-01T14:06:22.633069+00:00, run_after=2023-11-02T14:06:22.633069+00:00
[2023-11-02T09:06:22.643-0500] {processor.py:179} INFO - Processing /Users/dimz/EconWizard/hermesvirtual/lib/python3.8/site-packages/airflow/example_dags/example_short_circuit_decorator.py took 0.160 seconds
[2023-11-02T09:08:27.928-0500] {processor.py:157} INFO - Started process (PID=94015) to work on /Users/dimz/EconWizard/hermesvirtual/lib/python3.8/site-packages/airflow/example_dags/example_short_circuit_decorator.py
[2023-11-02T09:08:27.932-0500] {processor.py:829} INFO - Processing file /Users/dimz/EconWizard/hermesvirtual/lib/python3.8/site-packages/airflow/example_dags/example_short_circuit_decorator.py for tasks to queue
[2023-11-02T09:08:27.932-0500] {logging_mixin.py:151} INFO - [2023-11-02T09:08:27.932-0500] {dagbag.py:536} INFO - Filling up the DagBag from /Users/dimz/EconWizard/hermesvirtual/lib/python3.8/site-packages/airflow/example_dags/example_short_circuit_decorator.py
[2023-11-02T09:08:27.972-0500] {processor.py:839} INFO - DAG(s) dict_keys(['example_short_circuit_decorator']) retrieved from /Users/dimz/EconWizard/hermesvirtual/lib/python3.8/site-packages/airflow/example_dags/example_short_circuit_decorator.py
[2023-11-02T09:08:28.088-0500] {logging_mixin.py:151} INFO - [2023-11-02T09:08:28.088-0500] {dag.py:2941} INFO - Sync 1 DAGs
[2023-11-02T09:08:28.100-0500] {logging_mixin.py:151} INFO - [2023-11-02T09:08:28.100-0500] {dag.py:3722} INFO - Setting next_dagrun for example_short_circuit_decorator to 2023-11-01T14:08:28.100245+00:00, run_after=2023-11-02T14:08:28.100245+00:00
[2023-11-02T09:08:28.114-0500] {processor.py:179} INFO - Processing /Users/dimz/EconWizard/hermesvirtual/lib/python3.8/site-packages/airflow/example_dags/example_short_circuit_decorator.py took 0.187 seconds
[2023-11-02T09:10:34.554-0500] {processor.py:157} INFO - Started process (PID=94323) to work on /Users/dimz/EconWizard/hermesvirtual/lib/python3.8/site-packages/airflow/example_dags/example_short_circuit_decorator.py
[2023-11-02T09:10:34.559-0500] {processor.py:829} INFO - Processing file /Users/dimz/EconWizard/hermesvirtual/lib/python3.8/site-packages/airflow/example_dags/example_short_circuit_decorator.py for tasks to queue
[2023-11-02T09:10:34.559-0500] {logging_mixin.py:151} INFO - [2023-11-02T09:10:34.559-0500] {dagbag.py:536} INFO - Filling up the DagBag from /Users/dimz/EconWizard/hermesvirtual/lib/python3.8/site-packages/airflow/example_dags/example_short_circuit_decorator.py
[2023-11-02T09:10:34.594-0500] {processor.py:839} INFO - DAG(s) dict_keys(['example_short_circuit_decorator']) retrieved from /Users/dimz/EconWizard/hermesvirtual/lib/python3.8/site-packages/airflow/example_dags/example_short_circuit_decorator.py
[2023-11-02T09:10:34.696-0500] {logging_mixin.py:151} INFO - [2023-11-02T09:10:34.696-0500] {dag.py:2941} INFO - Sync 1 DAGs
[2023-11-02T09:10:34.706-0500] {logging_mixin.py:151} INFO - [2023-11-02T09:10:34.706-0500] {dag.py:3722} INFO - Setting next_dagrun for example_short_circuit_decorator to 2023-11-01T14:10:34.706232+00:00, run_after=2023-11-02T14:10:34.706232+00:00
[2023-11-02T09:10:34.717-0500] {processor.py:179} INFO - Processing /Users/dimz/EconWizard/hermesvirtual/lib/python3.8/site-packages/airflow/example_dags/example_short_circuit_decorator.py took 0.163 seconds
[2023-11-02T09:12:43.595-0500] {processor.py:157} INFO - Started process (PID=94494) to work on /Users/dimz/EconWizard/hermesvirtual/lib/python3.8/site-packages/airflow/example_dags/example_short_circuit_decorator.py
[2023-11-02T09:12:43.600-0500] {processor.py:829} INFO - Processing file /Users/dimz/EconWizard/hermesvirtual/lib/python3.8/site-packages/airflow/example_dags/example_short_circuit_decorator.py for tasks to queue
[2023-11-02T09:12:43.601-0500] {logging_mixin.py:151} INFO - [2023-11-02T09:12:43.600-0500] {dagbag.py:536} INFO - Filling up the DagBag from /Users/dimz/EconWizard/hermesvirtual/lib/python3.8/site-packages/airflow/example_dags/example_short_circuit_decorator.py
[2023-11-02T09:12:43.635-0500] {processor.py:839} INFO - DAG(s) dict_keys(['example_short_circuit_decorator']) retrieved from /Users/dimz/EconWizard/hermesvirtual/lib/python3.8/site-packages/airflow/example_dags/example_short_circuit_decorator.py
[2023-11-02T09:12:43.738-0500] {logging_mixin.py:151} INFO - [2023-11-02T09:12:43.738-0500] {dag.py:2941} INFO - Sync 1 DAGs
[2023-11-02T09:12:43.748-0500] {logging_mixin.py:151} INFO - [2023-11-02T09:12:43.748-0500] {dag.py:3722} INFO - Setting next_dagrun for example_short_circuit_decorator to 2023-11-01T14:12:43.748108+00:00, run_after=2023-11-02T14:12:43.748108+00:00
[2023-11-02T09:12:43.758-0500] {processor.py:179} INFO - Processing /Users/dimz/EconWizard/hermesvirtual/lib/python3.8/site-packages/airflow/example_dags/example_short_circuit_decorator.py took 0.164 seconds
[2023-11-02T09:14:50.528-0500] {processor.py:157} INFO - Started process (PID=94628) to work on /Users/dimz/EconWizard/hermesvirtual/lib/python3.8/site-packages/airflow/example_dags/example_short_circuit_decorator.py
[2023-11-02T09:14:50.533-0500] {processor.py:829} INFO - Processing file /Users/dimz/EconWizard/hermesvirtual/lib/python3.8/site-packages/airflow/example_dags/example_short_circuit_decorator.py for tasks to queue
[2023-11-02T09:14:50.533-0500] {logging_mixin.py:151} INFO - [2023-11-02T09:14:50.533-0500] {dagbag.py:536} INFO - Filling up the DagBag from /Users/dimz/EconWizard/hermesvirtual/lib/python3.8/site-packages/airflow/example_dags/example_short_circuit_decorator.py
[2023-11-02T09:14:50.567-0500] {processor.py:839} INFO - DAG(s) dict_keys(['example_short_circuit_decorator']) retrieved from /Users/dimz/EconWizard/hermesvirtual/lib/python3.8/site-packages/airflow/example_dags/example_short_circuit_decorator.py
[2023-11-02T09:14:50.667-0500] {logging_mixin.py:151} INFO - [2023-11-02T09:14:50.666-0500] {dag.py:2941} INFO - Sync 1 DAGs
[2023-11-02T09:14:50.676-0500] {logging_mixin.py:151} INFO - [2023-11-02T09:14:50.676-0500] {dag.py:3722} INFO - Setting next_dagrun for example_short_circuit_decorator to 2023-11-01T14:14:50.676160+00:00, run_after=2023-11-02T14:14:50.676160+00:00
[2023-11-02T09:14:50.686-0500] {processor.py:179} INFO - Processing /Users/dimz/EconWizard/hermesvirtual/lib/python3.8/site-packages/airflow/example_dags/example_short_circuit_decorator.py took 0.159 seconds
[2023-11-02T09:16:54.578-0500] {processor.py:157} INFO - Started process (PID=94768) to work on /Users/dimz/EconWizard/hermesvirtual/lib/python3.8/site-packages/airflow/example_dags/example_short_circuit_decorator.py
[2023-11-02T09:16:54.583-0500] {processor.py:829} INFO - Processing file /Users/dimz/EconWizard/hermesvirtual/lib/python3.8/site-packages/airflow/example_dags/example_short_circuit_decorator.py for tasks to queue
[2023-11-02T09:16:54.583-0500] {logging_mixin.py:151} INFO - [2023-11-02T09:16:54.583-0500] {dagbag.py:536} INFO - Filling up the DagBag from /Users/dimz/EconWizard/hermesvirtual/lib/python3.8/site-packages/airflow/example_dags/example_short_circuit_decorator.py
[2023-11-02T09:16:54.617-0500] {processor.py:839} INFO - DAG(s) dict_keys(['example_short_circuit_decorator']) retrieved from /Users/dimz/EconWizard/hermesvirtual/lib/python3.8/site-packages/airflow/example_dags/example_short_circuit_decorator.py
[2023-11-02T09:16:54.716-0500] {logging_mixin.py:151} INFO - [2023-11-02T09:16:54.716-0500] {dag.py:2941} INFO - Sync 1 DAGs
[2023-11-02T09:16:54.726-0500] {logging_mixin.py:151} INFO - [2023-11-02T09:16:54.726-0500] {dag.py:3722} INFO - Setting next_dagrun for example_short_circuit_decorator to 2023-11-01T14:16:54.725945+00:00, run_after=2023-11-02T14:16:54.725945+00:00
[2023-11-02T09:16:54.736-0500] {processor.py:179} INFO - Processing /Users/dimz/EconWizard/hermesvirtual/lib/python3.8/site-packages/airflow/example_dags/example_short_circuit_decorator.py took 0.159 seconds
[2023-11-02T09:19:00.241-0500] {processor.py:157} INFO - Started process (PID=94938) to work on /Users/dimz/EconWizard/hermesvirtual/lib/python3.8/site-packages/airflow/example_dags/example_short_circuit_decorator.py
[2023-11-02T09:19:00.246-0500] {processor.py:829} INFO - Processing file /Users/dimz/EconWizard/hermesvirtual/lib/python3.8/site-packages/airflow/example_dags/example_short_circuit_decorator.py for tasks to queue
[2023-11-02T09:19:00.247-0500] {logging_mixin.py:151} INFO - [2023-11-02T09:19:00.247-0500] {dagbag.py:536} INFO - Filling up the DagBag from /Users/dimz/EconWizard/hermesvirtual/lib/python3.8/site-packages/airflow/example_dags/example_short_circuit_decorator.py
[2023-11-02T09:19:00.290-0500] {processor.py:839} INFO - DAG(s) dict_keys(['example_short_circuit_decorator']) retrieved from /Users/dimz/EconWizard/hermesvirtual/lib/python3.8/site-packages/airflow/example_dags/example_short_circuit_decorator.py
[2023-11-02T09:19:00.403-0500] {logging_mixin.py:151} INFO - [2023-11-02T09:19:00.403-0500] {dag.py:2941} INFO - Sync 1 DAGs
[2023-11-02T09:19:00.414-0500] {logging_mixin.py:151} INFO - [2023-11-02T09:19:00.414-0500] {dag.py:3722} INFO - Setting next_dagrun for example_short_circuit_decorator to 2023-11-01T14:19:00.413980+00:00, run_after=2023-11-02T14:19:00.413980+00:00
[2023-11-02T09:19:00.426-0500] {processor.py:179} INFO - Processing /Users/dimz/EconWizard/hermesvirtual/lib/python3.8/site-packages/airflow/example_dags/example_short_circuit_decorator.py took 0.185 seconds
[2023-11-02T09:21:07.646-0500] {processor.py:157} INFO - Started process (PID=95098) to work on /Users/dimz/EconWizard/hermesvirtual/lib/python3.8/site-packages/airflow/example_dags/example_short_circuit_decorator.py
[2023-11-02T09:21:07.650-0500] {processor.py:829} INFO - Processing file /Users/dimz/EconWizard/hermesvirtual/lib/python3.8/site-packages/airflow/example_dags/example_short_circuit_decorator.py for tasks to queue
[2023-11-02T09:21:07.650-0500] {logging_mixin.py:151} INFO - [2023-11-02T09:21:07.650-0500] {dagbag.py:536} INFO - Filling up the DagBag from /Users/dimz/EconWizard/hermesvirtual/lib/python3.8/site-packages/airflow/example_dags/example_short_circuit_decorator.py
[2023-11-02T09:21:07.685-0500] {processor.py:839} INFO - DAG(s) dict_keys(['example_short_circuit_decorator']) retrieved from /Users/dimz/EconWizard/hermesvirtual/lib/python3.8/site-packages/airflow/example_dags/example_short_circuit_decorator.py
[2023-11-02T09:21:07.786-0500] {logging_mixin.py:151} INFO - [2023-11-02T09:21:07.786-0500] {dag.py:2941} INFO - Sync 1 DAGs
[2023-11-02T09:21:07.795-0500] {logging_mixin.py:151} INFO - [2023-11-02T09:21:07.795-0500] {dag.py:3722} INFO - Setting next_dagrun for example_short_circuit_decorator to 2023-11-01T14:21:07.795741+00:00, run_after=2023-11-02T14:21:07.795741+00:00
[2023-11-02T09:21:07.807-0500] {processor.py:179} INFO - Processing /Users/dimz/EconWizard/hermesvirtual/lib/python3.8/site-packages/airflow/example_dags/example_short_circuit_decorator.py took 0.162 seconds
[2023-11-02T09:23:16.707-0500] {processor.py:157} INFO - Started process (PID=95283) to work on /Users/dimz/EconWizard/hermesvirtual/lib/python3.8/site-packages/airflow/example_dags/example_short_circuit_decorator.py
[2023-11-02T09:23:16.712-0500] {processor.py:829} INFO - Processing file /Users/dimz/EconWizard/hermesvirtual/lib/python3.8/site-packages/airflow/example_dags/example_short_circuit_decorator.py for tasks to queue
[2023-11-02T09:23:16.713-0500] {logging_mixin.py:151} INFO - [2023-11-02T09:23:16.712-0500] {dagbag.py:536} INFO - Filling up the DagBag from /Users/dimz/EconWizard/hermesvirtual/lib/python3.8/site-packages/airflow/example_dags/example_short_circuit_decorator.py
[2023-11-02T09:23:16.752-0500] {processor.py:839} INFO - DAG(s) dict_keys(['example_short_circuit_decorator']) retrieved from /Users/dimz/EconWizard/hermesvirtual/lib/python3.8/site-packages/airflow/example_dags/example_short_circuit_decorator.py
[2023-11-02T09:23:16.864-0500] {logging_mixin.py:151} INFO - [2023-11-02T09:23:16.864-0500] {dag.py:2941} INFO - Sync 1 DAGs
[2023-11-02T09:23:16.875-0500] {logging_mixin.py:151} INFO - [2023-11-02T09:23:16.875-0500] {dag.py:3722} INFO - Setting next_dagrun for example_short_circuit_decorator to 2023-11-01T14:23:16.875025+00:00, run_after=2023-11-02T14:23:16.875025+00:00
[2023-11-02T09:23:16.887-0500] {processor.py:179} INFO - Processing /Users/dimz/EconWizard/hermesvirtual/lib/python3.8/site-packages/airflow/example_dags/example_short_circuit_decorator.py took 0.181 seconds
[2023-11-02T09:25:21.894-0500] {processor.py:157} INFO - Started process (PID=95536) to work on /Users/dimz/EconWizard/hermesvirtual/lib/python3.8/site-packages/airflow/example_dags/example_short_circuit_decorator.py
[2023-11-02T09:25:21.899-0500] {processor.py:829} INFO - Processing file /Users/dimz/EconWizard/hermesvirtual/lib/python3.8/site-packages/airflow/example_dags/example_short_circuit_decorator.py for tasks to queue
[2023-11-02T09:25:21.899-0500] {logging_mixin.py:151} INFO - [2023-11-02T09:25:21.899-0500] {dagbag.py:536} INFO - Filling up the DagBag from /Users/dimz/EconWizard/hermesvirtual/lib/python3.8/site-packages/airflow/example_dags/example_short_circuit_decorator.py
[2023-11-02T09:25:21.940-0500] {processor.py:839} INFO - DAG(s) dict_keys(['example_short_circuit_decorator']) retrieved from /Users/dimz/EconWizard/hermesvirtual/lib/python3.8/site-packages/airflow/example_dags/example_short_circuit_decorator.py
[2023-11-02T09:25:22.053-0500] {logging_mixin.py:151} INFO - [2023-11-02T09:25:22.053-0500] {dag.py:2941} INFO - Sync 1 DAGs
[2023-11-02T09:25:22.064-0500] {logging_mixin.py:151} INFO - [2023-11-02T09:25:22.064-0500] {dag.py:3722} INFO - Setting next_dagrun for example_short_circuit_decorator to 2023-11-01T14:25:22.064000+00:00, run_after=2023-11-02T14:25:22.064000+00:00
[2023-11-02T09:25:22.077-0500] {processor.py:179} INFO - Processing /Users/dimz/EconWizard/hermesvirtual/lib/python3.8/site-packages/airflow/example_dags/example_short_circuit_decorator.py took 0.184 seconds
[2023-11-02T09:28:03.363-0500] {processor.py:157} INFO - Started process (PID=95769) to work on /Users/dimz/EconWizard/hermesvirtual/lib/python3.8/site-packages/airflow/example_dags/example_short_circuit_decorator.py
[2023-11-02T09:28:03.368-0500] {processor.py:829} INFO - Processing file /Users/dimz/EconWizard/hermesvirtual/lib/python3.8/site-packages/airflow/example_dags/example_short_circuit_decorator.py for tasks to queue
[2023-11-02T09:28:03.368-0500] {logging_mixin.py:151} INFO - [2023-11-02T09:28:03.368-0500] {dagbag.py:536} INFO - Filling up the DagBag from /Users/dimz/EconWizard/hermesvirtual/lib/python3.8/site-packages/airflow/example_dags/example_short_circuit_decorator.py
[2023-11-02T09:28:03.403-0500] {processor.py:839} INFO - DAG(s) dict_keys(['example_short_circuit_decorator']) retrieved from /Users/dimz/EconWizard/hermesvirtual/lib/python3.8/site-packages/airflow/example_dags/example_short_circuit_decorator.py
[2023-11-02T09:28:03.503-0500] {logging_mixin.py:151} INFO - [2023-11-02T09:28:03.503-0500] {dag.py:2941} INFO - Sync 1 DAGs
[2023-11-02T09:28:03.512-0500] {logging_mixin.py:151} INFO - [2023-11-02T09:28:03.512-0500] {dag.py:3722} INFO - Setting next_dagrun for example_short_circuit_decorator to 2023-11-01T14:28:03.512456+00:00, run_after=2023-11-02T14:28:03.512456+00:00
[2023-11-02T09:28:03.522-0500] {processor.py:179} INFO - Processing /Users/dimz/EconWizard/hermesvirtual/lib/python3.8/site-packages/airflow/example_dags/example_short_circuit_decorator.py took 0.160 seconds
[2023-11-02T09:30:27.583-0500] {processor.py:157} INFO - Started process (PID=95959) to work on /Users/dimz/EconWizard/hermesvirtual/lib/python3.8/site-packages/airflow/example_dags/example_short_circuit_decorator.py
[2023-11-02T09:30:27.587-0500] {processor.py:829} INFO - Processing file /Users/dimz/EconWizard/hermesvirtual/lib/python3.8/site-packages/airflow/example_dags/example_short_circuit_decorator.py for tasks to queue
[2023-11-02T09:30:27.588-0500] {logging_mixin.py:151} INFO - [2023-11-02T09:30:27.588-0500] {dagbag.py:536} INFO - Filling up the DagBag from /Users/dimz/EconWizard/hermesvirtual/lib/python3.8/site-packages/airflow/example_dags/example_short_circuit_decorator.py
[2023-11-02T09:30:27.623-0500] {processor.py:839} INFO - DAG(s) dict_keys(['example_short_circuit_decorator']) retrieved from /Users/dimz/EconWizard/hermesvirtual/lib/python3.8/site-packages/airflow/example_dags/example_short_circuit_decorator.py
[2023-11-02T09:30:27.724-0500] {logging_mixin.py:151} INFO - [2023-11-02T09:30:27.724-0500] {dag.py:2941} INFO - Sync 1 DAGs
[2023-11-02T09:30:27.734-0500] {logging_mixin.py:151} INFO - [2023-11-02T09:30:27.733-0500] {dag.py:3722} INFO - Setting next_dagrun for example_short_circuit_decorator to 2023-11-01T14:30:27.733883+00:00, run_after=2023-11-02T14:30:27.733883+00:00
[2023-11-02T09:30:27.745-0500] {processor.py:179} INFO - Processing /Users/dimz/EconWizard/hermesvirtual/lib/python3.8/site-packages/airflow/example_dags/example_short_circuit_decorator.py took 0.162 seconds
[2023-11-02T10:13:18.234-0500] {processor.py:157} INFO - Started process (PID=97544) to work on /Users/dimz/EconWizard/hermesvirtual/lib/python3.8/site-packages/airflow/example_dags/example_short_circuit_decorator.py
[2023-11-02T10:13:18.238-0500] {processor.py:829} INFO - Processing file /Users/dimz/EconWizard/hermesvirtual/lib/python3.8/site-packages/airflow/example_dags/example_short_circuit_decorator.py for tasks to queue
[2023-11-02T10:13:18.238-0500] {logging_mixin.py:151} INFO - [2023-11-02T10:13:18.238-0500] {dagbag.py:536} INFO - Filling up the DagBag from /Users/dimz/EconWizard/hermesvirtual/lib/python3.8/site-packages/airflow/example_dags/example_short_circuit_decorator.py
[2023-11-02T10:13:18.275-0500] {processor.py:839} INFO - DAG(s) dict_keys(['example_short_circuit_decorator']) retrieved from /Users/dimz/EconWizard/hermesvirtual/lib/python3.8/site-packages/airflow/example_dags/example_short_circuit_decorator.py
[2023-11-02T10:13:18.381-0500] {logging_mixin.py:151} INFO - [2023-11-02T10:13:18.381-0500] {dag.py:2941} INFO - Sync 1 DAGs
[2023-11-02T10:13:18.391-0500] {logging_mixin.py:151} INFO - [2023-11-02T10:13:18.391-0500] {dag.py:3722} INFO - Setting next_dagrun for example_short_circuit_decorator to 2023-11-01T15:13:18.391255+00:00, run_after=2023-11-02T15:13:18.391255+00:00
[2023-11-02T10:13:18.402-0500] {processor.py:179} INFO - Processing /Users/dimz/EconWizard/hermesvirtual/lib/python3.8/site-packages/airflow/example_dags/example_short_circuit_decorator.py took 0.168 seconds
[2023-11-02T10:14:49.628-0500] {processor.py:157} INFO - Started process (PID=97641) to work on /Users/dimz/EconWizard/hermesvirtual/lib/python3.8/site-packages/airflow/example_dags/example_short_circuit_decorator.py
[2023-11-02T10:14:49.633-0500] {processor.py:829} INFO - Processing file /Users/dimz/EconWizard/hermesvirtual/lib/python3.8/site-packages/airflow/example_dags/example_short_circuit_decorator.py for tasks to queue
[2023-11-02T10:14:49.633-0500] {logging_mixin.py:151} INFO - [2023-11-02T10:14:49.633-0500] {dagbag.py:536} INFO - Filling up the DagBag from /Users/dimz/EconWizard/hermesvirtual/lib/python3.8/site-packages/airflow/example_dags/example_short_circuit_decorator.py
[2023-11-02T10:14:49.668-0500] {processor.py:839} INFO - DAG(s) dict_keys(['example_short_circuit_decorator']) retrieved from /Users/dimz/EconWizard/hermesvirtual/lib/python3.8/site-packages/airflow/example_dags/example_short_circuit_decorator.py
[2023-11-02T10:14:49.768-0500] {logging_mixin.py:151} INFO - [2023-11-02T10:14:49.767-0500] {dag.py:2941} INFO - Sync 1 DAGs
[2023-11-02T10:14:49.777-0500] {logging_mixin.py:151} INFO - [2023-11-02T10:14:49.777-0500] {dag.py:3722} INFO - Setting next_dagrun for example_short_circuit_decorator to 2023-11-01T15:14:49.777187+00:00, run_after=2023-11-02T15:14:49.777187+00:00
[2023-11-02T10:14:49.787-0500] {processor.py:179} INFO - Processing /Users/dimz/EconWizard/hermesvirtual/lib/python3.8/site-packages/airflow/example_dags/example_short_circuit_decorator.py took 0.160 seconds
[2023-11-02T10:39:05.557-0500] {processor.py:157} INFO - Started process (PID=99866) to work on /Users/dimz/EconWizard/hermesvirtual/lib/python3.8/site-packages/airflow/example_dags/example_short_circuit_decorator.py
[2023-11-02T10:39:05.561-0500] {processor.py:829} INFO - Processing file /Users/dimz/EconWizard/hermesvirtual/lib/python3.8/site-packages/airflow/example_dags/example_short_circuit_decorator.py for tasks to queue
[2023-11-02T10:39:05.562-0500] {logging_mixin.py:151} INFO - [2023-11-02T10:39:05.562-0500] {dagbag.py:536} INFO - Filling up the DagBag from /Users/dimz/EconWizard/hermesvirtual/lib/python3.8/site-packages/airflow/example_dags/example_short_circuit_decorator.py
[2023-11-02T10:39:05.618-0500] {processor.py:839} INFO - DAG(s) dict_keys(['example_short_circuit_decorator']) retrieved from /Users/dimz/EconWizard/hermesvirtual/lib/python3.8/site-packages/airflow/example_dags/example_short_circuit_decorator.py
[2023-11-02T10:39:05.727-0500] {logging_mixin.py:151} INFO - [2023-11-02T10:39:05.727-0500] {dag.py:2941} INFO - Sync 1 DAGs
[2023-11-02T10:39:05.737-0500] {logging_mixin.py:151} INFO - [2023-11-02T10:39:05.737-0500] {dag.py:3722} INFO - Setting next_dagrun for example_short_circuit_decorator to 2023-11-01T15:39:05.737732+00:00, run_after=2023-11-02T15:39:05.737732+00:00
[2023-11-02T10:39:05.749-0500] {processor.py:179} INFO - Processing /Users/dimz/EconWizard/hermesvirtual/lib/python3.8/site-packages/airflow/example_dags/example_short_circuit_decorator.py took 0.192 seconds
[2023-11-02T10:40:39.547-0500] {processor.py:157} INFO - Started process (PID=99993) to work on /Users/dimz/EconWizard/hermesvirtual/lib/python3.8/site-packages/airflow/example_dags/example_short_circuit_decorator.py
[2023-11-02T10:40:39.552-0500] {processor.py:829} INFO - Processing file /Users/dimz/EconWizard/hermesvirtual/lib/python3.8/site-packages/airflow/example_dags/example_short_circuit_decorator.py for tasks to queue
[2023-11-02T10:40:39.552-0500] {logging_mixin.py:151} INFO - [2023-11-02T10:40:39.552-0500] {dagbag.py:536} INFO - Filling up the DagBag from /Users/dimz/EconWizard/hermesvirtual/lib/python3.8/site-packages/airflow/example_dags/example_short_circuit_decorator.py
[2023-11-02T10:40:39.587-0500] {processor.py:839} INFO - DAG(s) dict_keys(['example_short_circuit_decorator']) retrieved from /Users/dimz/EconWizard/hermesvirtual/lib/python3.8/site-packages/airflow/example_dags/example_short_circuit_decorator.py
[2023-11-02T10:40:39.688-0500] {logging_mixin.py:151} INFO - [2023-11-02T10:40:39.687-0500] {dag.py:2941} INFO - Sync 1 DAGs
[2023-11-02T10:40:39.697-0500] {logging_mixin.py:151} INFO - [2023-11-02T10:40:39.697-0500] {dag.py:3722} INFO - Setting next_dagrun for example_short_circuit_decorator to 2023-11-01T15:40:39.697208+00:00, run_after=2023-11-02T15:40:39.697208+00:00
[2023-11-02T10:40:39.707-0500] {processor.py:179} INFO - Processing /Users/dimz/EconWizard/hermesvirtual/lib/python3.8/site-packages/airflow/example_dags/example_short_circuit_decorator.py took 0.161 seconds
[2023-11-02T10:42:42.044-0500] {processor.py:157} INFO - Started process (PID=309) to work on /Users/dimz/EconWizard/hermesvirtual/lib/python3.8/site-packages/airflow/example_dags/example_short_circuit_decorator.py
[2023-11-02T10:42:42.049-0500] {processor.py:829} INFO - Processing file /Users/dimz/EconWizard/hermesvirtual/lib/python3.8/site-packages/airflow/example_dags/example_short_circuit_decorator.py for tasks to queue
[2023-11-02T10:42:42.050-0500] {logging_mixin.py:151} INFO - [2023-11-02T10:42:42.050-0500] {dagbag.py:536} INFO - Filling up the DagBag from /Users/dimz/EconWizard/hermesvirtual/lib/python3.8/site-packages/airflow/example_dags/example_short_circuit_decorator.py
[2023-11-02T10:42:42.085-0500] {processor.py:839} INFO - DAG(s) dict_keys(['example_short_circuit_decorator']) retrieved from /Users/dimz/EconWizard/hermesvirtual/lib/python3.8/site-packages/airflow/example_dags/example_short_circuit_decorator.py
[2023-11-02T10:42:42.185-0500] {logging_mixin.py:151} INFO - [2023-11-02T10:42:42.185-0500] {dag.py:2941} INFO - Sync 1 DAGs
[2023-11-02T10:42:42.195-0500] {logging_mixin.py:151} INFO - [2023-11-02T10:42:42.195-0500] {dag.py:3722} INFO - Setting next_dagrun for example_short_circuit_decorator to 2023-11-01T15:42:42.194963+00:00, run_after=2023-11-02T15:42:42.194963+00:00
[2023-11-02T10:42:42.205-0500] {processor.py:179} INFO - Processing /Users/dimz/EconWizard/hermesvirtual/lib/python3.8/site-packages/airflow/example_dags/example_short_circuit_decorator.py took 0.161 seconds
