[2023-11-01T21:36:24.528-0500] {processor.py:157} INFO - Started process (PID=87767) to work on /Users/dimz/EconWizard/hermesvirtual/lib/python3.8/site-packages/airflow/example_dags/example_branch_python_dop_operator_3.py
[2023-11-01T21:36:24.532-0500] {processor.py:829} INFO - Processing file /Users/dimz/EconWizard/hermesvirtual/lib/python3.8/site-packages/airflow/example_dags/example_branch_python_dop_operator_3.py for tasks to queue
[2023-11-01T21:36:24.533-0500] {logging_mixin.py:151} INFO - [2023-11-01T21:36:24.533-0500] {dagbag.py:536} INFO - Filling up the DagBag from /Users/dimz/EconWizard/hermesvirtual/lib/python3.8/site-packages/airflow/example_dags/example_branch_python_dop_operator_3.py
[2023-11-01T21:36:24.569-0500] {processor.py:839} INFO - DAG(s) dict_keys(['example_branch_dop_operator_v3']) retrieved from /Users/dimz/EconWizard/hermesvirtual/lib/python3.8/site-packages/airflow/example_dags/example_branch_python_dop_operator_3.py
[2023-11-01T21:36:24.898-0500] {logging_mixin.py:151} INFO - [2023-11-01T21:36:24.898-0500] {manager.py:499} INFO - Created Permission View: %s
[2023-11-01T21:36:24.903-0500] {logging_mixin.py:151} INFO - [2023-11-01T21:36:24.903-0500] {manager.py:499} INFO - Created Permission View: %s
[2023-11-01T21:36:24.906-0500] {logging_mixin.py:151} INFO - [2023-11-01T21:36:24.905-0500] {manager.py:499} INFO - Created Permission View: %s
[2023-11-01T21:36:24.906-0500] {logging_mixin.py:151} INFO - [2023-11-01T21:36:24.906-0500] {dag.py:2941} INFO - Sync 1 DAGs
[2023-11-01T21:36:24.912-0500] {logging_mixin.py:151} INFO - [2023-11-01T21:36:24.912-0500] {dag.py:2963} INFO - Creating ORM DAG for example_branch_dop_operator_v3
[2023-11-01T21:36:24.920-0500] {logging_mixin.py:151} INFO - [2023-11-01T21:36:24.920-0500] {dag.py:3722} INFO - Setting next_dagrun for example_branch_dop_operator_v3 to 2023-11-02T02:35:00+00:00, run_after=2023-11-02T02:36:00+00:00
[2023-11-01T21:36:24.929-0500] {processor.py:179} INFO - Processing /Users/dimz/EconWizard/hermesvirtual/lib/python3.8/site-packages/airflow/example_dags/example_branch_python_dop_operator_3.py took 0.401 seconds
[2023-11-01T21:38:17.710-0500] {processor.py:157} INFO - Started process (PID=87964) to work on /Users/dimz/EconWizard/hermesvirtual/lib/python3.8/site-packages/airflow/example_dags/example_branch_python_dop_operator_3.py
[2023-11-01T21:38:17.715-0500] {processor.py:829} INFO - Processing file /Users/dimz/EconWizard/hermesvirtual/lib/python3.8/site-packages/airflow/example_dags/example_branch_python_dop_operator_3.py for tasks to queue
[2023-11-01T21:38:17.716-0500] {logging_mixin.py:151} INFO - [2023-11-01T21:38:17.716-0500] {dagbag.py:536} INFO - Filling up the DagBag from /Users/dimz/EconWizard/hermesvirtual/lib/python3.8/site-packages/airflow/example_dags/example_branch_python_dop_operator_3.py
[2023-11-01T21:38:17.751-0500] {processor.py:839} INFO - DAG(s) dict_keys(['example_branch_dop_operator_v3']) retrieved from /Users/dimz/EconWizard/hermesvirtual/lib/python3.8/site-packages/airflow/example_dags/example_branch_python_dop_operator_3.py
[2023-11-01T21:38:17.848-0500] {logging_mixin.py:151} INFO - [2023-11-01T21:38:17.848-0500] {dag.py:2941} INFO - Sync 1 DAGs
[2023-11-01T21:38:17.861-0500] {logging_mixin.py:151} INFO - [2023-11-01T21:38:17.861-0500] {dag.py:3722} INFO - Setting next_dagrun for example_branch_dop_operator_v3 to 2023-11-02T02:37:00+00:00, run_after=2023-11-02T02:38:00+00:00
[2023-11-01T21:38:17.871-0500] {processor.py:179} INFO - Processing /Users/dimz/EconWizard/hermesvirtual/lib/python3.8/site-packages/airflow/example_dags/example_branch_python_dop_operator_3.py took 0.161 seconds
[2023-11-01T21:40:12.415-0500] {processor.py:157} INFO - Started process (PID=88209) to work on /Users/dimz/EconWizard/hermesvirtual/lib/python3.8/site-packages/airflow/example_dags/example_branch_python_dop_operator_3.py
[2023-11-01T21:40:12.419-0500] {processor.py:829} INFO - Processing file /Users/dimz/EconWizard/hermesvirtual/lib/python3.8/site-packages/airflow/example_dags/example_branch_python_dop_operator_3.py for tasks to queue
[2023-11-01T21:40:12.420-0500] {logging_mixin.py:151} INFO - [2023-11-01T21:40:12.420-0500] {dagbag.py:536} INFO - Filling up the DagBag from /Users/dimz/EconWizard/hermesvirtual/lib/python3.8/site-packages/airflow/example_dags/example_branch_python_dop_operator_3.py
[2023-11-01T21:40:12.457-0500] {processor.py:839} INFO - DAG(s) dict_keys(['example_branch_dop_operator_v3']) retrieved from /Users/dimz/EconWizard/hermesvirtual/lib/python3.8/site-packages/airflow/example_dags/example_branch_python_dop_operator_3.py
[2023-11-01T21:40:12.570-0500] {logging_mixin.py:151} INFO - [2023-11-01T21:40:12.570-0500] {dag.py:2941} INFO - Sync 1 DAGs
[2023-11-01T21:40:12.585-0500] {logging_mixin.py:151} INFO - [2023-11-01T21:40:12.584-0500] {dag.py:3722} INFO - Setting next_dagrun for example_branch_dop_operator_v3 to 2023-11-02T02:39:00+00:00, run_after=2023-11-02T02:40:00+00:00
[2023-11-01T21:40:12.597-0500] {processor.py:179} INFO - Processing /Users/dimz/EconWizard/hermesvirtual/lib/python3.8/site-packages/airflow/example_dags/example_branch_python_dop_operator_3.py took 0.182 seconds
[2023-11-01T21:42:09.116-0500] {processor.py:157} INFO - Started process (PID=88468) to work on /Users/dimz/EconWizard/hermesvirtual/lib/python3.8/site-packages/airflow/example_dags/example_branch_python_dop_operator_3.py
[2023-11-01T21:42:09.121-0500] {processor.py:829} INFO - Processing file /Users/dimz/EconWizard/hermesvirtual/lib/python3.8/site-packages/airflow/example_dags/example_branch_python_dop_operator_3.py for tasks to queue
[2023-11-01T21:42:09.121-0500] {logging_mixin.py:151} INFO - [2023-11-01T21:42:09.121-0500] {dagbag.py:536} INFO - Filling up the DagBag from /Users/dimz/EconWizard/hermesvirtual/lib/python3.8/site-packages/airflow/example_dags/example_branch_python_dop_operator_3.py
[2023-11-01T21:42:09.161-0500] {processor.py:839} INFO - DAG(s) dict_keys(['example_branch_dop_operator_v3']) retrieved from /Users/dimz/EconWizard/hermesvirtual/lib/python3.8/site-packages/airflow/example_dags/example_branch_python_dop_operator_3.py
[2023-11-01T21:42:09.270-0500] {logging_mixin.py:151} INFO - [2023-11-01T21:42:09.270-0500] {dag.py:2941} INFO - Sync 1 DAGs
[2023-11-01T21:42:09.283-0500] {logging_mixin.py:151} INFO - [2023-11-01T21:42:09.283-0500] {dag.py:3722} INFO - Setting next_dagrun for example_branch_dop_operator_v3 to 2023-11-02T02:41:00+00:00, run_after=2023-11-02T02:42:00+00:00
[2023-11-01T21:42:09.294-0500] {processor.py:179} INFO - Processing /Users/dimz/EconWizard/hermesvirtual/lib/python3.8/site-packages/airflow/example_dags/example_branch_python_dop_operator_3.py took 0.179 seconds
[2023-11-01T21:44:01.968-0500] {processor.py:157} INFO - Started process (PID=88692) to work on /Users/dimz/EconWizard/hermesvirtual/lib/python3.8/site-packages/airflow/example_dags/example_branch_python_dop_operator_3.py
[2023-11-01T21:44:01.973-0500] {processor.py:829} INFO - Processing file /Users/dimz/EconWizard/hermesvirtual/lib/python3.8/site-packages/airflow/example_dags/example_branch_python_dop_operator_3.py for tasks to queue
[2023-11-01T21:44:01.973-0500] {logging_mixin.py:151} INFO - [2023-11-01T21:44:01.973-0500] {dagbag.py:536} INFO - Filling up the DagBag from /Users/dimz/EconWizard/hermesvirtual/lib/python3.8/site-packages/airflow/example_dags/example_branch_python_dop_operator_3.py
[2023-11-01T21:44:02.009-0500] {processor.py:839} INFO - DAG(s) dict_keys(['example_branch_dop_operator_v3']) retrieved from /Users/dimz/EconWizard/hermesvirtual/lib/python3.8/site-packages/airflow/example_dags/example_branch_python_dop_operator_3.py
[2023-11-01T21:44:02.123-0500] {logging_mixin.py:151} INFO - [2023-11-01T21:44:02.123-0500] {dag.py:2941} INFO - Sync 1 DAGs
[2023-11-01T21:44:02.137-0500] {logging_mixin.py:151} INFO - [2023-11-01T21:44:02.136-0500] {dag.py:3722} INFO - Setting next_dagrun for example_branch_dop_operator_v3 to 2023-11-02T02:43:00+00:00, run_after=2023-11-02T02:44:00+00:00
[2023-11-01T21:44:02.148-0500] {processor.py:179} INFO - Processing /Users/dimz/EconWizard/hermesvirtual/lib/python3.8/site-packages/airflow/example_dags/example_branch_python_dop_operator_3.py took 0.181 seconds
[2023-11-01T21:46:04.459-0500] {processor.py:157} INFO - Started process (PID=88860) to work on /Users/dimz/EconWizard/hermesvirtual/lib/python3.8/site-packages/airflow/example_dags/example_branch_python_dop_operator_3.py
[2023-11-01T21:46:04.464-0500] {processor.py:829} INFO - Processing file /Users/dimz/EconWizard/hermesvirtual/lib/python3.8/site-packages/airflow/example_dags/example_branch_python_dop_operator_3.py for tasks to queue
[2023-11-01T21:46:04.465-0500] {logging_mixin.py:151} INFO - [2023-11-01T21:46:04.465-0500] {dagbag.py:536} INFO - Filling up the DagBag from /Users/dimz/EconWizard/hermesvirtual/lib/python3.8/site-packages/airflow/example_dags/example_branch_python_dop_operator_3.py
[2023-11-01T21:46:04.505-0500] {processor.py:839} INFO - DAG(s) dict_keys(['example_branch_dop_operator_v3']) retrieved from /Users/dimz/EconWizard/hermesvirtual/lib/python3.8/site-packages/airflow/example_dags/example_branch_python_dop_operator_3.py
[2023-11-01T21:46:04.618-0500] {logging_mixin.py:151} INFO - [2023-11-01T21:46:04.618-0500] {dag.py:2941} INFO - Sync 1 DAGs
[2023-11-01T21:46:04.633-0500] {logging_mixin.py:151} INFO - [2023-11-01T21:46:04.633-0500] {dag.py:3722} INFO - Setting next_dagrun for example_branch_dop_operator_v3 to 2023-11-02T02:45:00+00:00, run_after=2023-11-02T02:46:00+00:00
[2023-11-01T21:46:04.646-0500] {processor.py:179} INFO - Processing /Users/dimz/EconWizard/hermesvirtual/lib/python3.8/site-packages/airflow/example_dags/example_branch_python_dop_operator_3.py took 0.187 seconds
[2023-11-01T21:48:05.721-0500] {processor.py:157} INFO - Started process (PID=89113) to work on /Users/dimz/EconWizard/hermesvirtual/lib/python3.8/site-packages/airflow/example_dags/example_branch_python_dop_operator_3.py
[2023-11-01T21:48:05.726-0500] {processor.py:829} INFO - Processing file /Users/dimz/EconWizard/hermesvirtual/lib/python3.8/site-packages/airflow/example_dags/example_branch_python_dop_operator_3.py for tasks to queue
[2023-11-01T21:48:05.727-0500] {logging_mixin.py:151} INFO - [2023-11-01T21:48:05.727-0500] {dagbag.py:536} INFO - Filling up the DagBag from /Users/dimz/EconWizard/hermesvirtual/lib/python3.8/site-packages/airflow/example_dags/example_branch_python_dop_operator_3.py
[2023-11-01T21:48:05.761-0500] {processor.py:839} INFO - DAG(s) dict_keys(['example_branch_dop_operator_v3']) retrieved from /Users/dimz/EconWizard/hermesvirtual/lib/python3.8/site-packages/airflow/example_dags/example_branch_python_dop_operator_3.py
[2023-11-01T21:48:05.859-0500] {logging_mixin.py:151} INFO - [2023-11-01T21:48:05.859-0500] {dag.py:2941} INFO - Sync 1 DAGs
[2023-11-01T21:48:05.872-0500] {logging_mixin.py:151} INFO - [2023-11-01T21:48:05.872-0500] {dag.py:3722} INFO - Setting next_dagrun for example_branch_dop_operator_v3 to 2023-11-02T02:47:00+00:00, run_after=2023-11-02T02:48:00+00:00
[2023-11-01T21:48:05.882-0500] {processor.py:179} INFO - Processing /Users/dimz/EconWizard/hermesvirtual/lib/python3.8/site-packages/airflow/example_dags/example_branch_python_dop_operator_3.py took 0.161 seconds
[2023-11-01T21:50:04.895-0500] {processor.py:157} INFO - Started process (PID=89279) to work on /Users/dimz/EconWizard/hermesvirtual/lib/python3.8/site-packages/airflow/example_dags/example_branch_python_dop_operator_3.py
[2023-11-01T21:50:04.899-0500] {processor.py:829} INFO - Processing file /Users/dimz/EconWizard/hermesvirtual/lib/python3.8/site-packages/airflow/example_dags/example_branch_python_dop_operator_3.py for tasks to queue
[2023-11-01T21:50:04.899-0500] {logging_mixin.py:151} INFO - [2023-11-01T21:50:04.899-0500] {dagbag.py:536} INFO - Filling up the DagBag from /Users/dimz/EconWizard/hermesvirtual/lib/python3.8/site-packages/airflow/example_dags/example_branch_python_dop_operator_3.py
[2023-11-01T21:50:04.936-0500] {processor.py:839} INFO - DAG(s) dict_keys(['example_branch_dop_operator_v3']) retrieved from /Users/dimz/EconWizard/hermesvirtual/lib/python3.8/site-packages/airflow/example_dags/example_branch_python_dop_operator_3.py
[2023-11-01T21:50:05.039-0500] {logging_mixin.py:151} INFO - [2023-11-01T21:50:05.039-0500] {dag.py:2941} INFO - Sync 1 DAGs
[2023-11-01T21:50:05.053-0500] {logging_mixin.py:151} INFO - [2023-11-01T21:50:05.053-0500] {dag.py:3722} INFO - Setting next_dagrun for example_branch_dop_operator_v3 to 2023-11-02T02:49:00+00:00, run_after=2023-11-02T02:50:00+00:00
[2023-11-01T21:50:05.064-0500] {processor.py:179} INFO - Processing /Users/dimz/EconWizard/hermesvirtual/lib/python3.8/site-packages/airflow/example_dags/example_branch_python_dop_operator_3.py took 0.170 seconds
[2023-11-01T21:52:03.754-0500] {processor.py:157} INFO - Started process (PID=89427) to work on /Users/dimz/EconWizard/hermesvirtual/lib/python3.8/site-packages/airflow/example_dags/example_branch_python_dop_operator_3.py
[2023-11-01T21:52:03.759-0500] {processor.py:829} INFO - Processing file /Users/dimz/EconWizard/hermesvirtual/lib/python3.8/site-packages/airflow/example_dags/example_branch_python_dop_operator_3.py for tasks to queue
[2023-11-01T21:52:03.759-0500] {logging_mixin.py:151} INFO - [2023-11-01T21:52:03.759-0500] {dagbag.py:536} INFO - Filling up the DagBag from /Users/dimz/EconWizard/hermesvirtual/lib/python3.8/site-packages/airflow/example_dags/example_branch_python_dop_operator_3.py
[2023-11-01T21:52:03.794-0500] {processor.py:839} INFO - DAG(s) dict_keys(['example_branch_dop_operator_v3']) retrieved from /Users/dimz/EconWizard/hermesvirtual/lib/python3.8/site-packages/airflow/example_dags/example_branch_python_dop_operator_3.py
[2023-11-01T21:52:03.892-0500] {logging_mixin.py:151} INFO - [2023-11-01T21:52:03.892-0500] {dag.py:2941} INFO - Sync 1 DAGs
[2023-11-01T21:52:03.905-0500] {logging_mixin.py:151} INFO - [2023-11-01T21:52:03.905-0500] {dag.py:3722} INFO - Setting next_dagrun for example_branch_dop_operator_v3 to 2023-11-02T02:51:00+00:00, run_after=2023-11-02T02:52:00+00:00
[2023-11-01T21:52:03.915-0500] {processor.py:179} INFO - Processing /Users/dimz/EconWizard/hermesvirtual/lib/python3.8/site-packages/airflow/example_dags/example_branch_python_dop_operator_3.py took 0.162 seconds
[2023-11-01T21:53:59.748-0500] {processor.py:157} INFO - Started process (PID=89610) to work on /Users/dimz/EconWizard/hermesvirtual/lib/python3.8/site-packages/airflow/example_dags/example_branch_python_dop_operator_3.py
[2023-11-01T21:53:59.754-0500] {processor.py:829} INFO - Processing file /Users/dimz/EconWizard/hermesvirtual/lib/python3.8/site-packages/airflow/example_dags/example_branch_python_dop_operator_3.py for tasks to queue
[2023-11-01T21:53:59.754-0500] {logging_mixin.py:151} INFO - [2023-11-01T21:53:59.754-0500] {dagbag.py:536} INFO - Filling up the DagBag from /Users/dimz/EconWizard/hermesvirtual/lib/python3.8/site-packages/airflow/example_dags/example_branch_python_dop_operator_3.py
[2023-11-01T21:53:59.793-0500] {processor.py:839} INFO - DAG(s) dict_keys(['example_branch_dop_operator_v3']) retrieved from /Users/dimz/EconWizard/hermesvirtual/lib/python3.8/site-packages/airflow/example_dags/example_branch_python_dop_operator_3.py
[2023-11-01T21:53:59.904-0500] {logging_mixin.py:151} INFO - [2023-11-01T21:53:59.904-0500] {dag.py:2941} INFO - Sync 1 DAGs
[2023-11-01T21:53:59.918-0500] {logging_mixin.py:151} INFO - [2023-11-01T21:53:59.918-0500] {dag.py:3722} INFO - Setting next_dagrun for example_branch_dop_operator_v3 to 2023-11-02T02:52:00+00:00, run_after=2023-11-02T02:53:00+00:00
[2023-11-01T21:53:59.929-0500] {processor.py:179} INFO - Processing /Users/dimz/EconWizard/hermesvirtual/lib/python3.8/site-packages/airflow/example_dags/example_branch_python_dop_operator_3.py took 0.182 seconds
[2023-11-01T21:56:03.278-0500] {processor.py:157} INFO - Started process (PID=89767) to work on /Users/dimz/EconWizard/hermesvirtual/lib/python3.8/site-packages/airflow/example_dags/example_branch_python_dop_operator_3.py
[2023-11-01T21:56:03.283-0500] {processor.py:829} INFO - Processing file /Users/dimz/EconWizard/hermesvirtual/lib/python3.8/site-packages/airflow/example_dags/example_branch_python_dop_operator_3.py for tasks to queue
[2023-11-01T21:56:03.283-0500] {logging_mixin.py:151} INFO - [2023-11-01T21:56:03.283-0500] {dagbag.py:536} INFO - Filling up the DagBag from /Users/dimz/EconWizard/hermesvirtual/lib/python3.8/site-packages/airflow/example_dags/example_branch_python_dop_operator_3.py
[2023-11-01T21:56:03.318-0500] {processor.py:839} INFO - DAG(s) dict_keys(['example_branch_dop_operator_v3']) retrieved from /Users/dimz/EconWizard/hermesvirtual/lib/python3.8/site-packages/airflow/example_dags/example_branch_python_dop_operator_3.py
[2023-11-01T21:56:03.416-0500] {logging_mixin.py:151} INFO - [2023-11-01T21:56:03.416-0500] {dag.py:2941} INFO - Sync 1 DAGs
[2023-11-01T21:56:03.428-0500] {logging_mixin.py:151} INFO - [2023-11-01T21:56:03.428-0500] {dag.py:3722} INFO - Setting next_dagrun for example_branch_dop_operator_v3 to 2023-11-02T02:55:00+00:00, run_after=2023-11-02T02:56:00+00:00
[2023-11-01T21:56:03.438-0500] {processor.py:179} INFO - Processing /Users/dimz/EconWizard/hermesvirtual/lib/python3.8/site-packages/airflow/example_dags/example_branch_python_dop_operator_3.py took 0.161 seconds
[2023-11-01T21:57:59.065-0500] {processor.py:157} INFO - Started process (PID=89985) to work on /Users/dimz/EconWizard/hermesvirtual/lib/python3.8/site-packages/airflow/example_dags/example_branch_python_dop_operator_3.py
[2023-11-01T21:57:59.070-0500] {processor.py:829} INFO - Processing file /Users/dimz/EconWizard/hermesvirtual/lib/python3.8/site-packages/airflow/example_dags/example_branch_python_dop_operator_3.py for tasks to queue
[2023-11-01T21:57:59.070-0500] {logging_mixin.py:151} INFO - [2023-11-01T21:57:59.070-0500] {dagbag.py:536} INFO - Filling up the DagBag from /Users/dimz/EconWizard/hermesvirtual/lib/python3.8/site-packages/airflow/example_dags/example_branch_python_dop_operator_3.py
[2023-11-01T21:57:59.105-0500] {processor.py:839} INFO - DAG(s) dict_keys(['example_branch_dop_operator_v3']) retrieved from /Users/dimz/EconWizard/hermesvirtual/lib/python3.8/site-packages/airflow/example_dags/example_branch_python_dop_operator_3.py
[2023-11-01T21:57:59.202-0500] {logging_mixin.py:151} INFO - [2023-11-01T21:57:59.202-0500] {dag.py:2941} INFO - Sync 1 DAGs
[2023-11-01T21:57:59.215-0500] {logging_mixin.py:151} INFO - [2023-11-01T21:57:59.215-0500] {dag.py:3722} INFO - Setting next_dagrun for example_branch_dop_operator_v3 to 2023-11-02T02:56:00+00:00, run_after=2023-11-02T02:57:00+00:00
[2023-11-01T21:57:59.225-0500] {processor.py:179} INFO - Processing /Users/dimz/EconWizard/hermesvirtual/lib/python3.8/site-packages/airflow/example_dags/example_branch_python_dop_operator_3.py took 0.161 seconds
[2023-11-01T21:59:59.250-0500] {processor.py:157} INFO - Started process (PID=90128) to work on /Users/dimz/EconWizard/hermesvirtual/lib/python3.8/site-packages/airflow/example_dags/example_branch_python_dop_operator_3.py
[2023-11-01T21:59:59.255-0500] {processor.py:829} INFO - Processing file /Users/dimz/EconWizard/hermesvirtual/lib/python3.8/site-packages/airflow/example_dags/example_branch_python_dop_operator_3.py for tasks to queue
[2023-11-01T21:59:59.256-0500] {logging_mixin.py:151} INFO - [2023-11-01T21:59:59.256-0500] {dagbag.py:536} INFO - Filling up the DagBag from /Users/dimz/EconWizard/hermesvirtual/lib/python3.8/site-packages/airflow/example_dags/example_branch_python_dop_operator_3.py
[2023-11-01T21:59:59.291-0500] {processor.py:839} INFO - DAG(s) dict_keys(['example_branch_dop_operator_v3']) retrieved from /Users/dimz/EconWizard/hermesvirtual/lib/python3.8/site-packages/airflow/example_dags/example_branch_python_dop_operator_3.py
[2023-11-01T21:59:59.388-0500] {logging_mixin.py:151} INFO - [2023-11-01T21:59:59.388-0500] {dag.py:2941} INFO - Sync 1 DAGs
[2023-11-01T21:59:59.400-0500] {logging_mixin.py:151} INFO - [2023-11-01T21:59:59.400-0500] {dag.py:3722} INFO - Setting next_dagrun for example_branch_dop_operator_v3 to 2023-11-02T02:58:00+00:00, run_after=2023-11-02T02:59:00+00:00
[2023-11-01T21:59:59.411-0500] {processor.py:179} INFO - Processing /Users/dimz/EconWizard/hermesvirtual/lib/python3.8/site-packages/airflow/example_dags/example_branch_python_dop_operator_3.py took 0.161 seconds
[2023-11-01T22:02:01.562-0500] {processor.py:157} INFO - Started process (PID=90305) to work on /Users/dimz/EconWizard/hermesvirtual/lib/python3.8/site-packages/airflow/example_dags/example_branch_python_dop_operator_3.py
[2023-11-01T22:02:01.566-0500] {processor.py:829} INFO - Processing file /Users/dimz/EconWizard/hermesvirtual/lib/python3.8/site-packages/airflow/example_dags/example_branch_python_dop_operator_3.py for tasks to queue
[2023-11-01T22:02:01.567-0500] {logging_mixin.py:151} INFO - [2023-11-01T22:02:01.567-0500] {dagbag.py:536} INFO - Filling up the DagBag from /Users/dimz/EconWizard/hermesvirtual/lib/python3.8/site-packages/airflow/example_dags/example_branch_python_dop_operator_3.py
[2023-11-01T22:02:01.607-0500] {processor.py:839} INFO - DAG(s) dict_keys(['example_branch_dop_operator_v3']) retrieved from /Users/dimz/EconWizard/hermesvirtual/lib/python3.8/site-packages/airflow/example_dags/example_branch_python_dop_operator_3.py
[2023-11-01T22:02:01.721-0500] {logging_mixin.py:151} INFO - [2023-11-01T22:02:01.721-0500] {dag.py:2941} INFO - Sync 1 DAGs
[2023-11-01T22:02:01.734-0500] {logging_mixin.py:151} INFO - [2023-11-01T22:02:01.734-0500] {dag.py:3722} INFO - Setting next_dagrun for example_branch_dop_operator_v3 to 2023-11-02T03:01:00+00:00, run_after=2023-11-02T03:02:00+00:00
[2023-11-01T22:02:01.747-0500] {processor.py:179} INFO - Processing /Users/dimz/EconWizard/hermesvirtual/lib/python3.8/site-packages/airflow/example_dags/example_branch_python_dop_operator_3.py took 0.186 seconds
[2023-11-01T22:04:01.912-0500] {processor.py:157} INFO - Started process (PID=90474) to work on /Users/dimz/EconWizard/hermesvirtual/lib/python3.8/site-packages/airflow/example_dags/example_branch_python_dop_operator_3.py
[2023-11-01T22:04:01.916-0500] {processor.py:829} INFO - Processing file /Users/dimz/EconWizard/hermesvirtual/lib/python3.8/site-packages/airflow/example_dags/example_branch_python_dop_operator_3.py for tasks to queue
[2023-11-01T22:04:01.917-0500] {logging_mixin.py:151} INFO - [2023-11-01T22:04:01.917-0500] {dagbag.py:536} INFO - Filling up the DagBag from /Users/dimz/EconWizard/hermesvirtual/lib/python3.8/site-packages/airflow/example_dags/example_branch_python_dop_operator_3.py
[2023-11-01T22:04:01.953-0500] {processor.py:839} INFO - DAG(s) dict_keys(['example_branch_dop_operator_v3']) retrieved from /Users/dimz/EconWizard/hermesvirtual/lib/python3.8/site-packages/airflow/example_dags/example_branch_python_dop_operator_3.py
[2023-11-01T22:04:02.052-0500] {logging_mixin.py:151} INFO - [2023-11-01T22:04:02.052-0500] {dag.py:2941} INFO - Sync 1 DAGs
[2023-11-01T22:04:02.065-0500] {logging_mixin.py:151} INFO - [2023-11-01T22:04:02.065-0500] {dag.py:3722} INFO - Setting next_dagrun for example_branch_dop_operator_v3 to 2023-11-02T03:03:00+00:00, run_after=2023-11-02T03:04:00+00:00
[2023-11-01T22:04:02.075-0500] {processor.py:179} INFO - Processing /Users/dimz/EconWizard/hermesvirtual/lib/python3.8/site-packages/airflow/example_dags/example_branch_python_dop_operator_3.py took 0.164 seconds
[2023-11-01T22:05:55.302-0500] {processor.py:157} INFO - Started process (PID=90697) to work on /Users/dimz/EconWizard/hermesvirtual/lib/python3.8/site-packages/airflow/example_dags/example_branch_python_dop_operator_3.py
[2023-11-01T22:05:55.306-0500] {processor.py:829} INFO - Processing file /Users/dimz/EconWizard/hermesvirtual/lib/python3.8/site-packages/airflow/example_dags/example_branch_python_dop_operator_3.py for tasks to queue
[2023-11-01T22:05:55.306-0500] {logging_mixin.py:151} INFO - [2023-11-01T22:05:55.306-0500] {dagbag.py:536} INFO - Filling up the DagBag from /Users/dimz/EconWizard/hermesvirtual/lib/python3.8/site-packages/airflow/example_dags/example_branch_python_dop_operator_3.py
[2023-11-01T22:05:55.342-0500] {processor.py:839} INFO - DAG(s) dict_keys(['example_branch_dop_operator_v3']) retrieved from /Users/dimz/EconWizard/hermesvirtual/lib/python3.8/site-packages/airflow/example_dags/example_branch_python_dop_operator_3.py
[2023-11-01T22:05:55.441-0500] {logging_mixin.py:151} INFO - [2023-11-01T22:05:55.440-0500] {dag.py:2941} INFO - Sync 1 DAGs
[2023-11-01T22:05:55.453-0500] {logging_mixin.py:151} INFO - [2023-11-01T22:05:55.453-0500] {dag.py:3722} INFO - Setting next_dagrun for example_branch_dop_operator_v3 to 2023-11-02T03:04:00+00:00, run_after=2023-11-02T03:05:00+00:00
[2023-11-01T22:05:55.463-0500] {processor.py:179} INFO - Processing /Users/dimz/EconWizard/hermesvirtual/lib/python3.8/site-packages/airflow/example_dags/example_branch_python_dop_operator_3.py took 0.162 seconds
[2023-11-01T22:08:01.572-0500] {processor.py:157} INFO - Started process (PID=90921) to work on /Users/dimz/EconWizard/hermesvirtual/lib/python3.8/site-packages/airflow/example_dags/example_branch_python_dop_operator_3.py
[2023-11-01T22:08:01.577-0500] {processor.py:829} INFO - Processing file /Users/dimz/EconWizard/hermesvirtual/lib/python3.8/site-packages/airflow/example_dags/example_branch_python_dop_operator_3.py for tasks to queue
[2023-11-01T22:08:01.577-0500] {logging_mixin.py:151} INFO - [2023-11-01T22:08:01.577-0500] {dagbag.py:536} INFO - Filling up the DagBag from /Users/dimz/EconWizard/hermesvirtual/lib/python3.8/site-packages/airflow/example_dags/example_branch_python_dop_operator_3.py
[2023-11-01T22:08:01.613-0500] {processor.py:839} INFO - DAG(s) dict_keys(['example_branch_dop_operator_v3']) retrieved from /Users/dimz/EconWizard/hermesvirtual/lib/python3.8/site-packages/airflow/example_dags/example_branch_python_dop_operator_3.py
[2023-11-01T22:08:01.725-0500] {logging_mixin.py:151} INFO - [2023-11-01T22:08:01.724-0500] {dag.py:2941} INFO - Sync 1 DAGs
[2023-11-01T22:08:01.739-0500] {logging_mixin.py:151} INFO - [2023-11-01T22:08:01.739-0500] {dag.py:3722} INFO - Setting next_dagrun for example_branch_dop_operator_v3 to 2023-11-02T03:07:00+00:00, run_after=2023-11-02T03:08:00+00:00
[2023-11-01T22:08:01.752-0500] {processor.py:179} INFO - Processing /Users/dimz/EconWizard/hermesvirtual/lib/python3.8/site-packages/airflow/example_dags/example_branch_python_dop_operator_3.py took 0.180 seconds
[2023-11-01T22:14:42.243-0500] {processor.py:157} INFO - Started process (PID=91565) to work on /Users/dimz/EconWizard/hermesvirtual/lib/python3.8/site-packages/airflow/example_dags/example_branch_python_dop_operator_3.py
[2023-11-01T22:14:42.248-0500] {processor.py:829} INFO - Processing file /Users/dimz/EconWizard/hermesvirtual/lib/python3.8/site-packages/airflow/example_dags/example_branch_python_dop_operator_3.py for tasks to queue
[2023-11-01T22:14:42.249-0500] {logging_mixin.py:151} INFO - [2023-11-01T22:14:42.248-0500] {dagbag.py:536} INFO - Filling up the DagBag from /Users/dimz/EconWizard/hermesvirtual/lib/python3.8/site-packages/airflow/example_dags/example_branch_python_dop_operator_3.py
[2023-11-01T22:14:42.283-0500] {processor.py:839} INFO - DAG(s) dict_keys(['example_branch_dop_operator_v3']) retrieved from /Users/dimz/EconWizard/hermesvirtual/lib/python3.8/site-packages/airflow/example_dags/example_branch_python_dop_operator_3.py
[2023-11-01T22:14:42.617-0500] {logging_mixin.py:151} INFO - [2023-11-01T22:14:42.617-0500] {dag.py:2941} INFO - Sync 1 DAGs
[2023-11-01T22:14:42.630-0500] {logging_mixin.py:151} INFO - [2023-11-01T22:14:42.630-0500] {dag.py:3722} INFO - Setting next_dagrun for example_branch_dop_operator_v3 to 2023-11-02T03:13:00+00:00, run_after=2023-11-02T03:14:00+00:00
[2023-11-01T22:14:42.642-0500] {processor.py:179} INFO - Processing /Users/dimz/EconWizard/hermesvirtual/lib/python3.8/site-packages/airflow/example_dags/example_branch_python_dop_operator_3.py took 0.399 seconds
[2023-11-01T22:16:42.087-0500] {processor.py:157} INFO - Started process (PID=91778) to work on /Users/dimz/EconWizard/hermesvirtual/lib/python3.8/site-packages/airflow/example_dags/example_branch_python_dop_operator_3.py
[2023-11-01T22:16:42.092-0500] {processor.py:829} INFO - Processing file /Users/dimz/EconWizard/hermesvirtual/lib/python3.8/site-packages/airflow/example_dags/example_branch_python_dop_operator_3.py for tasks to queue
[2023-11-01T22:16:42.093-0500] {logging_mixin.py:151} INFO - [2023-11-01T22:16:42.092-0500] {dagbag.py:536} INFO - Filling up the DagBag from /Users/dimz/EconWizard/hermesvirtual/lib/python3.8/site-packages/airflow/example_dags/example_branch_python_dop_operator_3.py
[2023-11-01T22:16:42.127-0500] {processor.py:839} INFO - DAG(s) dict_keys(['example_branch_dop_operator_v3']) retrieved from /Users/dimz/EconWizard/hermesvirtual/lib/python3.8/site-packages/airflow/example_dags/example_branch_python_dop_operator_3.py
[2023-11-01T22:16:42.226-0500] {logging_mixin.py:151} INFO - [2023-11-01T22:16:42.226-0500] {dag.py:2941} INFO - Sync 1 DAGs
[2023-11-01T22:16:42.239-0500] {logging_mixin.py:151} INFO - [2023-11-01T22:16:42.239-0500] {dag.py:3722} INFO - Setting next_dagrun for example_branch_dop_operator_v3 to 2023-11-02T03:15:00+00:00, run_after=2023-11-02T03:16:00+00:00
[2023-11-01T22:16:42.250-0500] {processor.py:179} INFO - Processing /Users/dimz/EconWizard/hermesvirtual/lib/python3.8/site-packages/airflow/example_dags/example_branch_python_dop_operator_3.py took 0.163 seconds
[2023-11-01T22:18:41.912-0500] {processor.py:157} INFO - Started process (PID=92083) to work on /Users/dimz/EconWizard/hermesvirtual/lib/python3.8/site-packages/airflow/example_dags/example_branch_python_dop_operator_3.py
[2023-11-01T22:18:41.918-0500] {processor.py:829} INFO - Processing file /Users/dimz/EconWizard/hermesvirtual/lib/python3.8/site-packages/airflow/example_dags/example_branch_python_dop_operator_3.py for tasks to queue
[2023-11-01T22:18:41.918-0500] {logging_mixin.py:151} INFO - [2023-11-01T22:18:41.918-0500] {dagbag.py:536} INFO - Filling up the DagBag from /Users/dimz/EconWizard/hermesvirtual/lib/python3.8/site-packages/airflow/example_dags/example_branch_python_dop_operator_3.py
[2023-11-01T22:18:41.954-0500] {processor.py:839} INFO - DAG(s) dict_keys(['example_branch_dop_operator_v3']) retrieved from /Users/dimz/EconWizard/hermesvirtual/lib/python3.8/site-packages/airflow/example_dags/example_branch_python_dop_operator_3.py
[2023-11-01T22:18:42.059-0500] {logging_mixin.py:151} INFO - [2023-11-01T22:18:42.059-0500] {dag.py:2941} INFO - Sync 1 DAGs
[2023-11-01T22:18:42.071-0500] {logging_mixin.py:151} INFO - [2023-11-01T22:18:42.071-0500] {dag.py:3722} INFO - Setting next_dagrun for example_branch_dop_operator_v3 to 2023-11-02T03:17:00+00:00, run_after=2023-11-02T03:18:00+00:00
[2023-11-01T22:18:42.082-0500] {processor.py:179} INFO - Processing /Users/dimz/EconWizard/hermesvirtual/lib/python3.8/site-packages/airflow/example_dags/example_branch_python_dop_operator_3.py took 0.170 seconds
[2023-11-01T22:20:28.511-0500] {processor.py:157} INFO - Started process (PID=92336) to work on /Users/dimz/EconWizard/hermesvirtual/lib/python3.8/site-packages/airflow/example_dags/example_branch_python_dop_operator_3.py
[2023-11-01T22:20:28.516-0500] {processor.py:829} INFO - Processing file /Users/dimz/EconWizard/hermesvirtual/lib/python3.8/site-packages/airflow/example_dags/example_branch_python_dop_operator_3.py for tasks to queue
[2023-11-01T22:20:28.516-0500] {logging_mixin.py:151} INFO - [2023-11-01T22:20:28.516-0500] {dagbag.py:536} INFO - Filling up the DagBag from /Users/dimz/EconWizard/hermesvirtual/lib/python3.8/site-packages/airflow/example_dags/example_branch_python_dop_operator_3.py
[2023-11-01T22:20:28.551-0500] {processor.py:839} INFO - DAG(s) dict_keys(['example_branch_dop_operator_v3']) retrieved from /Users/dimz/EconWizard/hermesvirtual/lib/python3.8/site-packages/airflow/example_dags/example_branch_python_dop_operator_3.py
[2023-11-01T22:20:28.649-0500] {logging_mixin.py:151} INFO - [2023-11-01T22:20:28.649-0500] {dag.py:2941} INFO - Sync 1 DAGs
[2023-11-01T22:20:28.661-0500] {logging_mixin.py:151} INFO - [2023-11-01T22:20:28.661-0500] {dag.py:3722} INFO - Setting next_dagrun for example_branch_dop_operator_v3 to 2023-11-02T03:19:00+00:00, run_after=2023-11-02T03:20:00+00:00
[2023-11-01T22:20:28.672-0500] {processor.py:179} INFO - Processing /Users/dimz/EconWizard/hermesvirtual/lib/python3.8/site-packages/airflow/example_dags/example_branch_python_dop_operator_3.py took 0.161 seconds
[2023-11-01T22:22:26.321-0500] {processor.py:157} INFO - Started process (PID=92666) to work on /Users/dimz/EconWizard/hermesvirtual/lib/python3.8/site-packages/airflow/example_dags/example_branch_python_dop_operator_3.py
[2023-11-01T22:22:26.326-0500] {processor.py:829} INFO - Processing file /Users/dimz/EconWizard/hermesvirtual/lib/python3.8/site-packages/airflow/example_dags/example_branch_python_dop_operator_3.py for tasks to queue
[2023-11-01T22:22:26.326-0500] {logging_mixin.py:151} INFO - [2023-11-01T22:22:26.326-0500] {dagbag.py:536} INFO - Filling up the DagBag from /Users/dimz/EconWizard/hermesvirtual/lib/python3.8/site-packages/airflow/example_dags/example_branch_python_dop_operator_3.py
[2023-11-01T22:22:26.363-0500] {processor.py:839} INFO - DAG(s) dict_keys(['example_branch_dop_operator_v3']) retrieved from /Users/dimz/EconWizard/hermesvirtual/lib/python3.8/site-packages/airflow/example_dags/example_branch_python_dop_operator_3.py
[2023-11-01T22:22:26.461-0500] {logging_mixin.py:151} INFO - [2023-11-01T22:22:26.461-0500] {dag.py:2941} INFO - Sync 1 DAGs
[2023-11-01T22:22:26.474-0500] {logging_mixin.py:151} INFO - [2023-11-01T22:22:26.474-0500] {dag.py:3722} INFO - Setting next_dagrun for example_branch_dop_operator_v3 to 2023-11-02T03:21:00+00:00, run_after=2023-11-02T03:22:00+00:00
[2023-11-01T22:22:26.484-0500] {processor.py:179} INFO - Processing /Users/dimz/EconWizard/hermesvirtual/lib/python3.8/site-packages/airflow/example_dags/example_branch_python_dop_operator_3.py took 0.164 seconds
[2023-11-02T01:12:02.638-0500] {processor.py:157} INFO - Started process (PID=92971) to work on /Users/dimz/EconWizard/hermesvirtual/lib/python3.8/site-packages/airflow/example_dags/example_branch_python_dop_operator_3.py
[2023-11-02T01:12:02.643-0500] {processor.py:829} INFO - Processing file /Users/dimz/EconWizard/hermesvirtual/lib/python3.8/site-packages/airflow/example_dags/example_branch_python_dop_operator_3.py for tasks to queue
[2023-11-02T01:12:02.643-0500] {logging_mixin.py:151} INFO - [2023-11-02T01:12:02.643-0500] {dagbag.py:536} INFO - Filling up the DagBag from /Users/dimz/EconWizard/hermesvirtual/lib/python3.8/site-packages/airflow/example_dags/example_branch_python_dop_operator_3.py
[2023-11-02T01:12:02.684-0500] {processor.py:839} INFO - DAG(s) dict_keys(['example_branch_dop_operator_v3']) retrieved from /Users/dimz/EconWizard/hermesvirtual/lib/python3.8/site-packages/airflow/example_dags/example_branch_python_dop_operator_3.py
[2023-11-02T01:12:02.793-0500] {logging_mixin.py:151} INFO - [2023-11-02T01:12:02.793-0500] {dag.py:2941} INFO - Sync 1 DAGs
[2023-11-02T01:12:02.808-0500] {logging_mixin.py:151} INFO - [2023-11-02T01:12:02.808-0500] {dag.py:3722} INFO - Setting next_dagrun for example_branch_dop_operator_v3 to 2023-11-02T06:11:00+00:00, run_after=2023-11-02T06:12:00+00:00
[2023-11-02T01:12:02.821-0500] {processor.py:179} INFO - Processing /Users/dimz/EconWizard/hermesvirtual/lib/python3.8/site-packages/airflow/example_dags/example_branch_python_dop_operator_3.py took 0.184 seconds
[2023-11-02T07:11:23.696-0500] {processor.py:157} INFO - Started process (PID=93320) to work on /Users/dimz/EconWizard/hermesvirtual/lib/python3.8/site-packages/airflow/example_dags/example_branch_python_dop_operator_3.py
[2023-11-02T07:11:23.701-0500] {processor.py:829} INFO - Processing file /Users/dimz/EconWizard/hermesvirtual/lib/python3.8/site-packages/airflow/example_dags/example_branch_python_dop_operator_3.py for tasks to queue
[2023-11-02T07:11:23.702-0500] {logging_mixin.py:151} INFO - [2023-11-02T07:11:23.701-0500] {dagbag.py:536} INFO - Filling up the DagBag from /Users/dimz/EconWizard/hermesvirtual/lib/python3.8/site-packages/airflow/example_dags/example_branch_python_dop_operator_3.py
[2023-11-02T07:11:23.739-0500] {processor.py:839} INFO - DAG(s) dict_keys(['example_branch_dop_operator_v3']) retrieved from /Users/dimz/EconWizard/hermesvirtual/lib/python3.8/site-packages/airflow/example_dags/example_branch_python_dop_operator_3.py
[2023-11-02T07:11:23.845-0500] {logging_mixin.py:151} INFO - [2023-11-02T07:11:23.845-0500] {dag.py:2941} INFO - Sync 1 DAGs
[2023-11-02T07:11:23.861-0500] {logging_mixin.py:151} INFO - [2023-11-02T07:11:23.861-0500] {dag.py:3722} INFO - Setting next_dagrun for example_branch_dop_operator_v3 to 2023-11-02T12:10:00+00:00, run_after=2023-11-02T12:11:00+00:00
[2023-11-02T07:11:23.873-0500] {processor.py:179} INFO - Processing /Users/dimz/EconWizard/hermesvirtual/lib/python3.8/site-packages/airflow/example_dags/example_branch_python_dop_operator_3.py took 0.177 seconds
[2023-11-02T08:29:29.909-0500] {processor.py:157} INFO - Started process (PID=93433) to work on /Users/dimz/EconWizard/hermesvirtual/lib/python3.8/site-packages/airflow/example_dags/example_branch_python_dop_operator_3.py
[2023-11-02T08:29:29.914-0500] {processor.py:829} INFO - Processing file /Users/dimz/EconWizard/hermesvirtual/lib/python3.8/site-packages/airflow/example_dags/example_branch_python_dop_operator_3.py for tasks to queue
[2023-11-02T08:29:29.915-0500] {logging_mixin.py:151} INFO - [2023-11-02T08:29:29.915-0500] {dagbag.py:536} INFO - Filling up the DagBag from /Users/dimz/EconWizard/hermesvirtual/lib/python3.8/site-packages/airflow/example_dags/example_branch_python_dop_operator_3.py
[2023-11-02T08:29:29.950-0500] {processor.py:839} INFO - DAG(s) dict_keys(['example_branch_dop_operator_v3']) retrieved from /Users/dimz/EconWizard/hermesvirtual/lib/python3.8/site-packages/airflow/example_dags/example_branch_python_dop_operator_3.py
[2023-11-02T08:29:30.047-0500] {logging_mixin.py:151} INFO - [2023-11-02T08:29:30.047-0500] {dag.py:2941} INFO - Sync 1 DAGs
[2023-11-02T08:29:30.060-0500] {logging_mixin.py:151} INFO - [2023-11-02T08:29:30.060-0500] {dag.py:3722} INFO - Setting next_dagrun for example_branch_dop_operator_v3 to 2023-11-02T13:28:00+00:00, run_after=2023-11-02T13:29:00+00:00
[2023-11-02T08:29:30.071-0500] {processor.py:179} INFO - Processing /Users/dimz/EconWizard/hermesvirtual/lib/python3.8/site-packages/airflow/example_dags/example_branch_python_dop_operator_3.py took 0.162 seconds
[2023-11-02T09:03:37.171-0500] {processor.py:157} INFO - Started process (PID=93642) to work on /Users/dimz/EconWizard/hermesvirtual/lib/python3.8/site-packages/airflow/example_dags/example_branch_python_dop_operator_3.py
[2023-11-02T09:03:37.176-0500] {processor.py:829} INFO - Processing file /Users/dimz/EconWizard/hermesvirtual/lib/python3.8/site-packages/airflow/example_dags/example_branch_python_dop_operator_3.py for tasks to queue
[2023-11-02T09:03:37.177-0500] {logging_mixin.py:151} INFO - [2023-11-02T09:03:37.177-0500] {dagbag.py:536} INFO - Filling up the DagBag from /Users/dimz/EconWizard/hermesvirtual/lib/python3.8/site-packages/airflow/example_dags/example_branch_python_dop_operator_3.py
[2023-11-02T09:03:37.211-0500] {processor.py:839} INFO - DAG(s) dict_keys(['example_branch_dop_operator_v3']) retrieved from /Users/dimz/EconWizard/hermesvirtual/lib/python3.8/site-packages/airflow/example_dags/example_branch_python_dop_operator_3.py
[2023-11-02T09:03:37.309-0500] {logging_mixin.py:151} INFO - [2023-11-02T09:03:37.309-0500] {dag.py:2941} INFO - Sync 1 DAGs
[2023-11-02T09:03:37.321-0500] {logging_mixin.py:151} INFO - [2023-11-02T09:03:37.321-0500] {dag.py:3722} INFO - Setting next_dagrun for example_branch_dop_operator_v3 to 2023-11-02T14:02:00+00:00, run_after=2023-11-02T14:03:00+00:00
[2023-11-02T09:03:37.332-0500] {processor.py:179} INFO - Processing /Users/dimz/EconWizard/hermesvirtual/lib/python3.8/site-packages/airflow/example_dags/example_branch_python_dop_operator_3.py took 0.161 seconds
[2023-11-02T09:05:33.692-0500] {processor.py:157} INFO - Started process (PID=93813) to work on /Users/dimz/EconWizard/hermesvirtual/lib/python3.8/site-packages/airflow/example_dags/example_branch_python_dop_operator_3.py
[2023-11-02T09:05:33.697-0500] {processor.py:829} INFO - Processing file /Users/dimz/EconWizard/hermesvirtual/lib/python3.8/site-packages/airflow/example_dags/example_branch_python_dop_operator_3.py for tasks to queue
[2023-11-02T09:05:33.697-0500] {logging_mixin.py:151} INFO - [2023-11-02T09:05:33.697-0500] {dagbag.py:536} INFO - Filling up the DagBag from /Users/dimz/EconWizard/hermesvirtual/lib/python3.8/site-packages/airflow/example_dags/example_branch_python_dop_operator_3.py
[2023-11-02T09:05:33.732-0500] {processor.py:839} INFO - DAG(s) dict_keys(['example_branch_dop_operator_v3']) retrieved from /Users/dimz/EconWizard/hermesvirtual/lib/python3.8/site-packages/airflow/example_dags/example_branch_python_dop_operator_3.py
[2023-11-02T09:05:33.830-0500] {logging_mixin.py:151} INFO - [2023-11-02T09:05:33.830-0500] {dag.py:2941} INFO - Sync 1 DAGs
[2023-11-02T09:05:33.843-0500] {logging_mixin.py:151} INFO - [2023-11-02T09:05:33.843-0500] {dag.py:3722} INFO - Setting next_dagrun for example_branch_dop_operator_v3 to 2023-11-02T14:04:00+00:00, run_after=2023-11-02T14:05:00+00:00
[2023-11-02T09:05:33.853-0500] {processor.py:179} INFO - Processing /Users/dimz/EconWizard/hermesvirtual/lib/python3.8/site-packages/airflow/example_dags/example_branch_python_dop_operator_3.py took 0.162 seconds
[2023-11-02T09:07:37.581-0500] {processor.py:157} INFO - Started process (PID=93943) to work on /Users/dimz/EconWizard/hermesvirtual/lib/python3.8/site-packages/airflow/example_dags/example_branch_python_dop_operator_3.py
[2023-11-02T09:07:37.586-0500] {processor.py:829} INFO - Processing file /Users/dimz/EconWizard/hermesvirtual/lib/python3.8/site-packages/airflow/example_dags/example_branch_python_dop_operator_3.py for tasks to queue
[2023-11-02T09:07:37.586-0500] {logging_mixin.py:151} INFO - [2023-11-02T09:07:37.586-0500] {dagbag.py:536} INFO - Filling up the DagBag from /Users/dimz/EconWizard/hermesvirtual/lib/python3.8/site-packages/airflow/example_dags/example_branch_python_dop_operator_3.py
[2023-11-02T09:07:37.621-0500] {processor.py:839} INFO - DAG(s) dict_keys(['example_branch_dop_operator_v3']) retrieved from /Users/dimz/EconWizard/hermesvirtual/lib/python3.8/site-packages/airflow/example_dags/example_branch_python_dop_operator_3.py
[2023-11-02T09:07:37.726-0500] {logging_mixin.py:151} INFO - [2023-11-02T09:07:37.726-0500] {dag.py:2941} INFO - Sync 1 DAGs
[2023-11-02T09:07:37.740-0500] {logging_mixin.py:151} INFO - [2023-11-02T09:07:37.740-0500] {dag.py:3722} INFO - Setting next_dagrun for example_branch_dop_operator_v3 to 2023-11-02T14:06:00+00:00, run_after=2023-11-02T14:07:00+00:00
[2023-11-02T09:07:37.754-0500] {processor.py:179} INFO - Processing /Users/dimz/EconWizard/hermesvirtual/lib/python3.8/site-packages/airflow/example_dags/example_branch_python_dop_operator_3.py took 0.174 seconds
[2023-11-02T09:09:45.919-0500] {processor.py:157} INFO - Started process (PID=94241) to work on /Users/dimz/EconWizard/hermesvirtual/lib/python3.8/site-packages/airflow/example_dags/example_branch_python_dop_operator_3.py
[2023-11-02T09:09:45.924-0500] {processor.py:829} INFO - Processing file /Users/dimz/EconWizard/hermesvirtual/lib/python3.8/site-packages/airflow/example_dags/example_branch_python_dop_operator_3.py for tasks to queue
[2023-11-02T09:09:45.925-0500] {logging_mixin.py:151} INFO - [2023-11-02T09:09:45.925-0500] {dagbag.py:536} INFO - Filling up the DagBag from /Users/dimz/EconWizard/hermesvirtual/lib/python3.8/site-packages/airflow/example_dags/example_branch_python_dop_operator_3.py
[2023-11-02T09:09:45.962-0500] {processor.py:839} INFO - DAG(s) dict_keys(['example_branch_dop_operator_v3']) retrieved from /Users/dimz/EconWizard/hermesvirtual/lib/python3.8/site-packages/airflow/example_dags/example_branch_python_dop_operator_3.py
[2023-11-02T09:09:46.062-0500] {logging_mixin.py:151} INFO - [2023-11-02T09:09:46.062-0500] {dag.py:2941} INFO - Sync 1 DAGs
[2023-11-02T09:09:46.075-0500] {logging_mixin.py:151} INFO - [2023-11-02T09:09:46.075-0500] {dag.py:3722} INFO - Setting next_dagrun for example_branch_dop_operator_v3 to 2023-11-02T14:08:00+00:00, run_after=2023-11-02T14:09:00+00:00
[2023-11-02T09:09:46.085-0500] {processor.py:179} INFO - Processing /Users/dimz/EconWizard/hermesvirtual/lib/python3.8/site-packages/airflow/example_dags/example_branch_python_dop_operator_3.py took 0.167 seconds
[2023-11-02T09:11:53.242-0500] {processor.py:157} INFO - Started process (PID=94438) to work on /Users/dimz/EconWizard/hermesvirtual/lib/python3.8/site-packages/airflow/example_dags/example_branch_python_dop_operator_3.py
[2023-11-02T09:11:53.247-0500] {processor.py:829} INFO - Processing file /Users/dimz/EconWizard/hermesvirtual/lib/python3.8/site-packages/airflow/example_dags/example_branch_python_dop_operator_3.py for tasks to queue
[2023-11-02T09:11:53.247-0500] {logging_mixin.py:151} INFO - [2023-11-02T09:11:53.247-0500] {dagbag.py:536} INFO - Filling up the DagBag from /Users/dimz/EconWizard/hermesvirtual/lib/python3.8/site-packages/airflow/example_dags/example_branch_python_dop_operator_3.py
[2023-11-02T09:11:53.282-0500] {processor.py:839} INFO - DAG(s) dict_keys(['example_branch_dop_operator_v3']) retrieved from /Users/dimz/EconWizard/hermesvirtual/lib/python3.8/site-packages/airflow/example_dags/example_branch_python_dop_operator_3.py
[2023-11-02T09:11:53.382-0500] {logging_mixin.py:151} INFO - [2023-11-02T09:11:53.382-0500] {dag.py:2941} INFO - Sync 1 DAGs
[2023-11-02T09:11:53.396-0500] {logging_mixin.py:151} INFO - [2023-11-02T09:11:53.396-0500] {dag.py:3722} INFO - Setting next_dagrun for example_branch_dop_operator_v3 to 2023-11-02T14:10:00+00:00, run_after=2023-11-02T14:11:00+00:00
[2023-11-02T09:11:53.407-0500] {processor.py:179} INFO - Processing /Users/dimz/EconWizard/hermesvirtual/lib/python3.8/site-packages/airflow/example_dags/example_branch_python_dop_operator_3.py took 0.166 seconds
[2023-11-02T09:14:00.376-0500] {processor.py:157} INFO - Started process (PID=94577) to work on /Users/dimz/EconWizard/hermesvirtual/lib/python3.8/site-packages/airflow/example_dags/example_branch_python_dop_operator_3.py
[2023-11-02T09:14:00.381-0500] {processor.py:829} INFO - Processing file /Users/dimz/EconWizard/hermesvirtual/lib/python3.8/site-packages/airflow/example_dags/example_branch_python_dop_operator_3.py for tasks to queue
[2023-11-02T09:14:00.382-0500] {logging_mixin.py:151} INFO - [2023-11-02T09:14:00.382-0500] {dagbag.py:536} INFO - Filling up the DagBag from /Users/dimz/EconWizard/hermesvirtual/lib/python3.8/site-packages/airflow/example_dags/example_branch_python_dop_operator_3.py
[2023-11-02T09:14:00.416-0500] {processor.py:839} INFO - DAG(s) dict_keys(['example_branch_dop_operator_v3']) retrieved from /Users/dimz/EconWizard/hermesvirtual/lib/python3.8/site-packages/airflow/example_dags/example_branch_python_dop_operator_3.py
[2023-11-02T09:14:00.514-0500] {logging_mixin.py:151} INFO - [2023-11-02T09:14:00.514-0500] {dag.py:2941} INFO - Sync 1 DAGs
[2023-11-02T09:14:00.527-0500] {logging_mixin.py:151} INFO - [2023-11-02T09:14:00.526-0500] {dag.py:3722} INFO - Setting next_dagrun for example_branch_dop_operator_v3 to 2023-11-02T14:13:00+00:00, run_after=2023-11-02T14:14:00+00:00
[2023-11-02T09:14:00.537-0500] {processor.py:179} INFO - Processing /Users/dimz/EconWizard/hermesvirtual/lib/python3.8/site-packages/airflow/example_dags/example_branch_python_dop_operator_3.py took 0.161 seconds
[2023-11-02T09:16:07.459-0500] {processor.py:157} INFO - Started process (PID=94712) to work on /Users/dimz/EconWizard/hermesvirtual/lib/python3.8/site-packages/airflow/example_dags/example_branch_python_dop_operator_3.py
[2023-11-02T09:16:07.463-0500] {processor.py:829} INFO - Processing file /Users/dimz/EconWizard/hermesvirtual/lib/python3.8/site-packages/airflow/example_dags/example_branch_python_dop_operator_3.py for tasks to queue
[2023-11-02T09:16:07.463-0500] {logging_mixin.py:151} INFO - [2023-11-02T09:16:07.463-0500] {dagbag.py:536} INFO - Filling up the DagBag from /Users/dimz/EconWizard/hermesvirtual/lib/python3.8/site-packages/airflow/example_dags/example_branch_python_dop_operator_3.py
[2023-11-02T09:16:07.498-0500] {processor.py:839} INFO - DAG(s) dict_keys(['example_branch_dop_operator_v3']) retrieved from /Users/dimz/EconWizard/hermesvirtual/lib/python3.8/site-packages/airflow/example_dags/example_branch_python_dop_operator_3.py
[2023-11-02T09:16:07.597-0500] {logging_mixin.py:151} INFO - [2023-11-02T09:16:07.597-0500] {dag.py:2941} INFO - Sync 1 DAGs
[2023-11-02T09:16:07.610-0500] {logging_mixin.py:151} INFO - [2023-11-02T09:16:07.609-0500] {dag.py:3722} INFO - Setting next_dagrun for example_branch_dop_operator_v3 to 2023-11-02T14:15:00+00:00, run_after=2023-11-02T14:16:00+00:00
[2023-11-02T09:16:07.621-0500] {processor.py:179} INFO - Processing /Users/dimz/EconWizard/hermesvirtual/lib/python3.8/site-packages/airflow/example_dags/example_branch_python_dop_operator_3.py took 0.162 seconds
[2023-11-02T09:18:08.323-0500] {processor.py:157} INFO - Started process (PID=94847) to work on /Users/dimz/EconWizard/hermesvirtual/lib/python3.8/site-packages/airflow/example_dags/example_branch_python_dop_operator_3.py
[2023-11-02T09:18:08.329-0500] {processor.py:829} INFO - Processing file /Users/dimz/EconWizard/hermesvirtual/lib/python3.8/site-packages/airflow/example_dags/example_branch_python_dop_operator_3.py for tasks to queue
[2023-11-02T09:18:08.329-0500] {logging_mixin.py:151} INFO - [2023-11-02T09:18:08.329-0500] {dagbag.py:536} INFO - Filling up the DagBag from /Users/dimz/EconWizard/hermesvirtual/lib/python3.8/site-packages/airflow/example_dags/example_branch_python_dop_operator_3.py
[2023-11-02T09:18:08.370-0500] {processor.py:839} INFO - DAG(s) dict_keys(['example_branch_dop_operator_v3']) retrieved from /Users/dimz/EconWizard/hermesvirtual/lib/python3.8/site-packages/airflow/example_dags/example_branch_python_dop_operator_3.py
[2023-11-02T09:18:08.479-0500] {logging_mixin.py:151} INFO - [2023-11-02T09:18:08.478-0500] {dag.py:2941} INFO - Sync 1 DAGs
[2023-11-02T09:18:08.492-0500] {logging_mixin.py:151} INFO - [2023-11-02T09:18:08.492-0500] {dag.py:3722} INFO - Setting next_dagrun for example_branch_dop_operator_v3 to 2023-11-02T14:17:00+00:00, run_after=2023-11-02T14:18:00+00:00
[2023-11-02T09:18:08.503-0500] {processor.py:179} INFO - Processing /Users/dimz/EconWizard/hermesvirtual/lib/python3.8/site-packages/airflow/example_dags/example_branch_python_dop_operator_3.py took 0.181 seconds
[2023-11-02T09:20:16.903-0500] {processor.py:157} INFO - Started process (PID=95046) to work on /Users/dimz/EconWizard/hermesvirtual/lib/python3.8/site-packages/airflow/example_dags/example_branch_python_dop_operator_3.py
[2023-11-02T09:20:16.908-0500] {processor.py:829} INFO - Processing file /Users/dimz/EconWizard/hermesvirtual/lib/python3.8/site-packages/airflow/example_dags/example_branch_python_dop_operator_3.py for tasks to queue
[2023-11-02T09:20:16.908-0500] {logging_mixin.py:151} INFO - [2023-11-02T09:20:16.908-0500] {dagbag.py:536} INFO - Filling up the DagBag from /Users/dimz/EconWizard/hermesvirtual/lib/python3.8/site-packages/airflow/example_dags/example_branch_python_dop_operator_3.py
[2023-11-02T09:20:16.943-0500] {processor.py:839} INFO - DAG(s) dict_keys(['example_branch_dop_operator_v3']) retrieved from /Users/dimz/EconWizard/hermesvirtual/lib/python3.8/site-packages/airflow/example_dags/example_branch_python_dop_operator_3.py
[2023-11-02T09:20:17.042-0500] {logging_mixin.py:151} INFO - [2023-11-02T09:20:17.042-0500] {dag.py:2941} INFO - Sync 1 DAGs
[2023-11-02T09:20:17.055-0500] {logging_mixin.py:151} INFO - [2023-11-02T09:20:17.055-0500] {dag.py:3722} INFO - Setting next_dagrun for example_branch_dop_operator_v3 to 2023-11-02T14:19:00+00:00, run_after=2023-11-02T14:20:00+00:00
[2023-11-02T09:20:17.065-0500] {processor.py:179} INFO - Processing /Users/dimz/EconWizard/hermesvirtual/lib/python3.8/site-packages/airflow/example_dags/example_branch_python_dop_operator_3.py took 0.163 seconds
[2023-11-02T09:22:26.749-0500] {processor.py:157} INFO - Started process (PID=95199) to work on /Users/dimz/EconWizard/hermesvirtual/lib/python3.8/site-packages/airflow/example_dags/example_branch_python_dop_operator_3.py
[2023-11-02T09:22:26.754-0500] {processor.py:829} INFO - Processing file /Users/dimz/EconWizard/hermesvirtual/lib/python3.8/site-packages/airflow/example_dags/example_branch_python_dop_operator_3.py for tasks to queue
[2023-11-02T09:22:26.754-0500] {logging_mixin.py:151} INFO - [2023-11-02T09:22:26.754-0500] {dagbag.py:536} INFO - Filling up the DagBag from /Users/dimz/EconWizard/hermesvirtual/lib/python3.8/site-packages/airflow/example_dags/example_branch_python_dop_operator_3.py
[2023-11-02T09:22:26.793-0500] {processor.py:839} INFO - DAG(s) dict_keys(['example_branch_dop_operator_v3']) retrieved from /Users/dimz/EconWizard/hermesvirtual/lib/python3.8/site-packages/airflow/example_dags/example_branch_python_dop_operator_3.py
[2023-11-02T09:22:26.892-0500] {logging_mixin.py:151} INFO - [2023-11-02T09:22:26.892-0500] {dag.py:2941} INFO - Sync 1 DAGs
[2023-11-02T09:22:26.905-0500] {logging_mixin.py:151} INFO - [2023-11-02T09:22:26.905-0500] {dag.py:3722} INFO - Setting next_dagrun for example_branch_dop_operator_v3 to 2023-11-02T14:21:00+00:00, run_after=2023-11-02T14:22:00+00:00
[2023-11-02T09:22:26.915-0500] {processor.py:179} INFO - Processing /Users/dimz/EconWizard/hermesvirtual/lib/python3.8/site-packages/airflow/example_dags/example_branch_python_dop_operator_3.py took 0.167 seconds
[2023-11-02T09:24:33.653-0500] {processor.py:157} INFO - Started process (PID=95410) to work on /Users/dimz/EconWizard/hermesvirtual/lib/python3.8/site-packages/airflow/example_dags/example_branch_python_dop_operator_3.py
[2023-11-02T09:24:33.658-0500] {processor.py:829} INFO - Processing file /Users/dimz/EconWizard/hermesvirtual/lib/python3.8/site-packages/airflow/example_dags/example_branch_python_dop_operator_3.py for tasks to queue
[2023-11-02T09:24:33.659-0500] {logging_mixin.py:151} INFO - [2023-11-02T09:24:33.659-0500] {dagbag.py:536} INFO - Filling up the DagBag from /Users/dimz/EconWizard/hermesvirtual/lib/python3.8/site-packages/airflow/example_dags/example_branch_python_dop_operator_3.py
[2023-11-02T09:24:33.694-0500] {processor.py:839} INFO - DAG(s) dict_keys(['example_branch_dop_operator_v3']) retrieved from /Users/dimz/EconWizard/hermesvirtual/lib/python3.8/site-packages/airflow/example_dags/example_branch_python_dop_operator_3.py
[2023-11-02T09:24:33.797-0500] {logging_mixin.py:151} INFO - [2023-11-02T09:24:33.797-0500] {dag.py:2941} INFO - Sync 1 DAGs
[2023-11-02T09:24:33.812-0500] {logging_mixin.py:151} INFO - [2023-11-02T09:24:33.812-0500] {dag.py:3722} INFO - Setting next_dagrun for example_branch_dop_operator_v3 to 2023-11-02T14:23:00+00:00, run_after=2023-11-02T14:24:00+00:00
[2023-11-02T09:24:33.823-0500] {processor.py:179} INFO - Processing /Users/dimz/EconWizard/hermesvirtual/lib/python3.8/site-packages/airflow/example_dags/example_branch_python_dop_operator_3.py took 0.170 seconds
[2023-11-02T09:26:40.482-0500] {processor.py:157} INFO - Started process (PID=95644) to work on /Users/dimz/EconWizard/hermesvirtual/lib/python3.8/site-packages/airflow/example_dags/example_branch_python_dop_operator_3.py
[2023-11-02T09:26:40.487-0500] {processor.py:829} INFO - Processing file /Users/dimz/EconWizard/hermesvirtual/lib/python3.8/site-packages/airflow/example_dags/example_branch_python_dop_operator_3.py for tasks to queue
[2023-11-02T09:26:40.487-0500] {logging_mixin.py:151} INFO - [2023-11-02T09:26:40.487-0500] {dagbag.py:536} INFO - Filling up the DagBag from /Users/dimz/EconWizard/hermesvirtual/lib/python3.8/site-packages/airflow/example_dags/example_branch_python_dop_operator_3.py
[2023-11-02T09:26:40.523-0500] {processor.py:839} INFO - DAG(s) dict_keys(['example_branch_dop_operator_v3']) retrieved from /Users/dimz/EconWizard/hermesvirtual/lib/python3.8/site-packages/airflow/example_dags/example_branch_python_dop_operator_3.py
[2023-11-02T09:26:40.621-0500] {logging_mixin.py:151} INFO - [2023-11-02T09:26:40.621-0500] {dag.py:2941} INFO - Sync 1 DAGs
[2023-11-02T09:26:40.634-0500] {logging_mixin.py:151} INFO - [2023-11-02T09:26:40.634-0500] {dag.py:3722} INFO - Setting next_dagrun for example_branch_dop_operator_v3 to 2023-11-02T14:25:00+00:00, run_after=2023-11-02T14:26:00+00:00
[2023-11-02T09:26:40.646-0500] {processor.py:179} INFO - Processing /Users/dimz/EconWizard/hermesvirtual/lib/python3.8/site-packages/airflow/example_dags/example_branch_python_dop_operator_3.py took 0.165 seconds
[2023-11-02T09:29:36.467-0500] {processor.py:157} INFO - Started process (PID=95888) to work on /Users/dimz/EconWizard/hermesvirtual/lib/python3.8/site-packages/airflow/example_dags/example_branch_python_dop_operator_3.py
[2023-11-02T09:29:36.474-0500] {processor.py:829} INFO - Processing file /Users/dimz/EconWizard/hermesvirtual/lib/python3.8/site-packages/airflow/example_dags/example_branch_python_dop_operator_3.py for tasks to queue
[2023-11-02T09:29:36.475-0500] {logging_mixin.py:151} INFO - [2023-11-02T09:29:36.474-0500] {dagbag.py:536} INFO - Filling up the DagBag from /Users/dimz/EconWizard/hermesvirtual/lib/python3.8/site-packages/airflow/example_dags/example_branch_python_dop_operator_3.py
[2023-11-02T09:29:36.516-0500] {processor.py:839} INFO - DAG(s) dict_keys(['example_branch_dop_operator_v3']) retrieved from /Users/dimz/EconWizard/hermesvirtual/lib/python3.8/site-packages/airflow/example_dags/example_branch_python_dop_operator_3.py
[2023-11-02T09:29:36.626-0500] {logging_mixin.py:151} INFO - [2023-11-02T09:29:36.625-0500] {dag.py:2941} INFO - Sync 1 DAGs
[2023-11-02T09:29:36.639-0500] {logging_mixin.py:151} INFO - [2023-11-02T09:29:36.639-0500] {dag.py:3722} INFO - Setting next_dagrun for example_branch_dop_operator_v3 to 2023-11-02T14:28:00+00:00, run_after=2023-11-02T14:29:00+00:00
[2023-11-02T09:29:36.650-0500] {processor.py:179} INFO - Processing /Users/dimz/EconWizard/hermesvirtual/lib/python3.8/site-packages/airflow/example_dags/example_branch_python_dop_operator_3.py took 0.184 seconds
[2023-11-02T09:31:47.852-0500] {processor.py:157} INFO - Started process (PID=96050) to work on /Users/dimz/EconWizard/hermesvirtual/lib/python3.8/site-packages/airflow/example_dags/example_branch_python_dop_operator_3.py
[2023-11-02T09:31:47.857-0500] {processor.py:829} INFO - Processing file /Users/dimz/EconWizard/hermesvirtual/lib/python3.8/site-packages/airflow/example_dags/example_branch_python_dop_operator_3.py for tasks to queue
[2023-11-02T09:31:47.858-0500] {logging_mixin.py:151} INFO - [2023-11-02T09:31:47.857-0500] {dagbag.py:536} INFO - Filling up the DagBag from /Users/dimz/EconWizard/hermesvirtual/lib/python3.8/site-packages/airflow/example_dags/example_branch_python_dop_operator_3.py
[2023-11-02T09:31:47.898-0500] {processor.py:839} INFO - DAG(s) dict_keys(['example_branch_dop_operator_v3']) retrieved from /Users/dimz/EconWizard/hermesvirtual/lib/python3.8/site-packages/airflow/example_dags/example_branch_python_dop_operator_3.py
[2023-11-02T09:31:48.015-0500] {logging_mixin.py:151} INFO - [2023-11-02T09:31:48.014-0500] {dag.py:2941} INFO - Sync 1 DAGs
[2023-11-02T09:31:48.030-0500] {logging_mixin.py:151} INFO - [2023-11-02T09:31:48.030-0500] {dag.py:3722} INFO - Setting next_dagrun for example_branch_dop_operator_v3 to 2023-11-02T14:30:00+00:00, run_after=2023-11-02T14:31:00+00:00
[2023-11-02T09:31:48.045-0500] {processor.py:179} INFO - Processing /Users/dimz/EconWizard/hermesvirtual/lib/python3.8/site-packages/airflow/example_dags/example_branch_python_dop_operator_3.py took 0.194 seconds
[2023-11-02T10:13:56.684-0500] {processor.py:157} INFO - Started process (PID=97586) to work on /Users/dimz/EconWizard/hermesvirtual/lib/python3.8/site-packages/airflow/example_dags/example_branch_python_dop_operator_3.py
[2023-11-02T10:13:56.689-0500] {processor.py:829} INFO - Processing file /Users/dimz/EconWizard/hermesvirtual/lib/python3.8/site-packages/airflow/example_dags/example_branch_python_dop_operator_3.py for tasks to queue
[2023-11-02T10:13:56.689-0500] {logging_mixin.py:151} INFO - [2023-11-02T10:13:56.689-0500] {dagbag.py:536} INFO - Filling up the DagBag from /Users/dimz/EconWizard/hermesvirtual/lib/python3.8/site-packages/airflow/example_dags/example_branch_python_dop_operator_3.py
[2023-11-02T10:13:56.729-0500] {processor.py:839} INFO - DAG(s) dict_keys(['example_branch_dop_operator_v3']) retrieved from /Users/dimz/EconWizard/hermesvirtual/lib/python3.8/site-packages/airflow/example_dags/example_branch_python_dop_operator_3.py
[2023-11-02T10:13:56.840-0500] {logging_mixin.py:151} INFO - [2023-11-02T10:13:56.840-0500] {dag.py:2941} INFO - Sync 1 DAGs
[2023-11-02T10:13:56.853-0500] {logging_mixin.py:151} INFO - [2023-11-02T10:13:56.853-0500] {dag.py:3722} INFO - Setting next_dagrun for example_branch_dop_operator_v3 to 2023-11-02T15:12:00+00:00, run_after=2023-11-02T15:13:00+00:00
[2023-11-02T10:13:56.865-0500] {processor.py:179} INFO - Processing /Users/dimz/EconWizard/hermesvirtual/lib/python3.8/site-packages/airflow/example_dags/example_branch_python_dop_operator_3.py took 0.182 seconds
[2023-11-02T10:16:01.156-0500] {processor.py:157} INFO - Started process (PID=97806) to work on /Users/dimz/EconWizard/hermesvirtual/lib/python3.8/site-packages/airflow/example_dags/example_branch_python_dop_operator_3.py
[2023-11-02T10:16:01.161-0500] {processor.py:829} INFO - Processing file /Users/dimz/EconWizard/hermesvirtual/lib/python3.8/site-packages/airflow/example_dags/example_branch_python_dop_operator_3.py for tasks to queue
[2023-11-02T10:16:01.162-0500] {logging_mixin.py:151} INFO - [2023-11-02T10:16:01.162-0500] {dagbag.py:536} INFO - Filling up the DagBag from /Users/dimz/EconWizard/hermesvirtual/lib/python3.8/site-packages/airflow/example_dags/example_branch_python_dop_operator_3.py
[2023-11-02T10:16:01.208-0500] {processor.py:839} INFO - DAG(s) dict_keys(['example_branch_dop_operator_v3']) retrieved from /Users/dimz/EconWizard/hermesvirtual/lib/python3.8/site-packages/airflow/example_dags/example_branch_python_dop_operator_3.py
[2023-11-02T10:16:01.327-0500] {logging_mixin.py:151} INFO - [2023-11-02T10:16:01.327-0500] {dag.py:2941} INFO - Sync 1 DAGs
[2023-11-02T10:16:01.341-0500] {logging_mixin.py:151} INFO - [2023-11-02T10:16:01.341-0500] {dag.py:3722} INFO - Setting next_dagrun for example_branch_dop_operator_v3 to 2023-11-02T15:15:00+00:00, run_after=2023-11-02T15:16:00+00:00
[2023-11-02T10:16:01.354-0500] {processor.py:179} INFO - Processing /Users/dimz/EconWizard/hermesvirtual/lib/python3.8/site-packages/airflow/example_dags/example_branch_python_dop_operator_3.py took 0.198 seconds
[2023-11-02T10:39:44.236-0500] {processor.py:157} INFO - Started process (PID=99928) to work on /Users/dimz/EconWizard/hermesvirtual/lib/python3.8/site-packages/airflow/example_dags/example_branch_python_dop_operator_3.py
[2023-11-02T10:39:44.241-0500] {processor.py:829} INFO - Processing file /Users/dimz/EconWizard/hermesvirtual/lib/python3.8/site-packages/airflow/example_dags/example_branch_python_dop_operator_3.py for tasks to queue
[2023-11-02T10:39:44.242-0500] {logging_mixin.py:151} INFO - [2023-11-02T10:39:44.241-0500] {dagbag.py:536} INFO - Filling up the DagBag from /Users/dimz/EconWizard/hermesvirtual/lib/python3.8/site-packages/airflow/example_dags/example_branch_python_dop_operator_3.py
[2023-11-02T10:39:44.281-0500] {processor.py:839} INFO - DAG(s) dict_keys(['example_branch_dop_operator_v3']) retrieved from /Users/dimz/EconWizard/hermesvirtual/lib/python3.8/site-packages/airflow/example_dags/example_branch_python_dop_operator_3.py
[2023-11-02T10:39:44.390-0500] {logging_mixin.py:151} INFO - [2023-11-02T10:39:44.389-0500] {dag.py:2941} INFO - Sync 1 DAGs
[2023-11-02T10:39:44.403-0500] {logging_mixin.py:151} INFO - [2023-11-02T10:39:44.403-0500] {dag.py:3722} INFO - Setting next_dagrun for example_branch_dop_operator_v3 to 2023-11-02T15:38:00+00:00, run_after=2023-11-02T15:39:00+00:00
[2023-11-02T10:39:44.417-0500] {processor.py:179} INFO - Processing /Users/dimz/EconWizard/hermesvirtual/lib/python3.8/site-packages/airflow/example_dags/example_branch_python_dop_operator_3.py took 0.182 seconds
[2023-11-02T10:41:52.038-0500] {processor.py:157} INFO - Started process (PID=189) to work on /Users/dimz/EconWizard/hermesvirtual/lib/python3.8/site-packages/airflow/example_dags/example_branch_python_dop_operator_3.py
[2023-11-02T10:41:52.043-0500] {processor.py:829} INFO - Processing file /Users/dimz/EconWizard/hermesvirtual/lib/python3.8/site-packages/airflow/example_dags/example_branch_python_dop_operator_3.py for tasks to queue
[2023-11-02T10:41:52.044-0500] {logging_mixin.py:151} INFO - [2023-11-02T10:41:52.043-0500] {dagbag.py:536} INFO - Filling up the DagBag from /Users/dimz/EconWizard/hermesvirtual/lib/python3.8/site-packages/airflow/example_dags/example_branch_python_dop_operator_3.py
[2023-11-02T10:41:52.081-0500] {processor.py:839} INFO - DAG(s) dict_keys(['example_branch_dop_operator_v3']) retrieved from /Users/dimz/EconWizard/hermesvirtual/lib/python3.8/site-packages/airflow/example_dags/example_branch_python_dop_operator_3.py
[2023-11-02T10:41:52.183-0500] {logging_mixin.py:151} INFO - [2023-11-02T10:41:52.183-0500] {dag.py:2941} INFO - Sync 1 DAGs
[2023-11-02T10:41:52.196-0500] {logging_mixin.py:151} INFO - [2023-11-02T10:41:52.196-0500] {dag.py:3722} INFO - Setting next_dagrun for example_branch_dop_operator_v3 to 2023-11-02T15:40:00+00:00, run_after=2023-11-02T15:41:00+00:00
[2023-11-02T10:41:52.208-0500] {processor.py:179} INFO - Processing /Users/dimz/EconWizard/hermesvirtual/lib/python3.8/site-packages/airflow/example_dags/example_branch_python_dop_operator_3.py took 0.170 seconds
