[2023-11-01T21:35:47.931-0500] {processor.py:157} INFO - Started process (PID=87710) to work on /Users/dimz/EconWizard/hermesvirtual/lib/python3.8/site-packages/airflow/example_dags/example_setup_teardown.py
[2023-11-01T21:35:47.935-0500] {processor.py:829} INFO - Processing file /Users/dimz/EconWizard/hermesvirtual/lib/python3.8/site-packages/airflow/example_dags/example_setup_teardown.py for tasks to queue
[2023-11-01T21:35:47.935-0500] {logging_mixin.py:151} INFO - [2023-11-01T21:35:47.935-0500] {dagbag.py:536} INFO - Filling up the DagBag from /Users/dimz/EconWizard/hermesvirtual/lib/python3.8/site-packages/airflow/example_dags/example_setup_teardown.py
[2023-11-01T21:35:47.951-0500] {processor.py:839} INFO - DAG(s) dict_keys(['example_setup_teardown']) retrieved from /Users/dimz/EconWizard/hermesvirtual/lib/python3.8/site-packages/airflow/example_dags/example_setup_teardown.py
[2023-11-01T21:35:48.287-0500] {logging_mixin.py:151} INFO - [2023-11-01T21:35:48.287-0500] {manager.py:499} INFO - Created Permission View: %s
[2023-11-01T21:35:48.293-0500] {logging_mixin.py:151} INFO - [2023-11-01T21:35:48.293-0500] {manager.py:499} INFO - Created Permission View: %s
[2023-11-01T21:35:48.296-0500] {logging_mixin.py:151} INFO - [2023-11-01T21:35:48.296-0500] {manager.py:499} INFO - Created Permission View: %s
[2023-11-01T21:35:48.296-0500] {logging_mixin.py:151} INFO - [2023-11-01T21:35:48.296-0500] {dag.py:2941} INFO - Sync 1 DAGs
[2023-11-01T21:35:48.302-0500] {logging_mixin.py:151} INFO - [2023-11-01T21:35:48.302-0500] {dag.py:2963} INFO - Creating ORM DAG for example_setup_teardown
[2023-11-01T21:35:48.306-0500] {logging_mixin.py:151} INFO - [2023-11-01T21:35:48.306-0500] {dag.py:3722} INFO - Setting next_dagrun for example_setup_teardown to 2023-11-01T02:35:48.306733+00:00, run_after=2023-11-02T02:35:48.306733+00:00
[2023-11-01T21:35:48.316-0500] {processor.py:179} INFO - Processing /Users/dimz/EconWizard/hermesvirtual/lib/python3.8/site-packages/airflow/example_dags/example_setup_teardown.py took 0.385 seconds
[2023-11-01T21:37:16.731-0500] {processor.py:157} INFO - Started process (PID=87855) to work on /Users/dimz/EconWizard/hermesvirtual/lib/python3.8/site-packages/airflow/example_dags/example_setup_teardown.py
[2023-11-01T21:37:16.736-0500] {processor.py:829} INFO - Processing file /Users/dimz/EconWizard/hermesvirtual/lib/python3.8/site-packages/airflow/example_dags/example_setup_teardown.py for tasks to queue
[2023-11-01T21:37:16.736-0500] {logging_mixin.py:151} INFO - [2023-11-01T21:37:16.736-0500] {dagbag.py:536} INFO - Filling up the DagBag from /Users/dimz/EconWizard/hermesvirtual/lib/python3.8/site-packages/airflow/example_dags/example_setup_teardown.py
[2023-11-01T21:37:16.752-0500] {processor.py:839} INFO - DAG(s) dict_keys(['example_setup_teardown']) retrieved from /Users/dimz/EconWizard/hermesvirtual/lib/python3.8/site-packages/airflow/example_dags/example_setup_teardown.py
[2023-11-01T21:37:16.855-0500] {logging_mixin.py:151} INFO - [2023-11-01T21:37:16.855-0500] {dag.py:2941} INFO - Sync 1 DAGs
[2023-11-01T21:37:16.864-0500] {logging_mixin.py:151} INFO - [2023-11-01T21:37:16.864-0500] {dag.py:3722} INFO - Setting next_dagrun for example_setup_teardown to 2023-11-01T02:37:16.864035+00:00, run_after=2023-11-02T02:37:16.864035+00:00
[2023-11-01T21:37:16.874-0500] {processor.py:179} INFO - Processing /Users/dimz/EconWizard/hermesvirtual/lib/python3.8/site-packages/airflow/example_dags/example_setup_teardown.py took 0.143 seconds
[2023-11-01T21:39:08.780-0500] {processor.py:157} INFO - Started process (PID=88060) to work on /Users/dimz/EconWizard/hermesvirtual/lib/python3.8/site-packages/airflow/example_dags/example_setup_teardown.py
[2023-11-01T21:39:08.785-0500] {processor.py:829} INFO - Processing file /Users/dimz/EconWizard/hermesvirtual/lib/python3.8/site-packages/airflow/example_dags/example_setup_teardown.py for tasks to queue
[2023-11-01T21:39:08.785-0500] {logging_mixin.py:151} INFO - [2023-11-01T21:39:08.785-0500] {dagbag.py:536} INFO - Filling up the DagBag from /Users/dimz/EconWizard/hermesvirtual/lib/python3.8/site-packages/airflow/example_dags/example_setup_teardown.py
[2023-11-01T21:39:08.804-0500] {processor.py:839} INFO - DAG(s) dict_keys(['example_setup_teardown']) retrieved from /Users/dimz/EconWizard/hermesvirtual/lib/python3.8/site-packages/airflow/example_dags/example_setup_teardown.py
[2023-11-01T21:39:08.915-0500] {logging_mixin.py:151} INFO - [2023-11-01T21:39:08.915-0500] {dag.py:2941} INFO - Sync 1 DAGs
[2023-11-01T21:39:08.924-0500] {logging_mixin.py:151} INFO - [2023-11-01T21:39:08.924-0500] {dag.py:3722} INFO - Setting next_dagrun for example_setup_teardown to 2023-11-01T02:39:08.924603+00:00, run_after=2023-11-02T02:39:08.924603+00:00
[2023-11-01T21:39:08.935-0500] {processor.py:179} INFO - Processing /Users/dimz/EconWizard/hermesvirtual/lib/python3.8/site-packages/airflow/example_dags/example_setup_teardown.py took 0.156 seconds
[2023-11-01T21:41:06.861-0500] {processor.py:157} INFO - Started process (PID=88327) to work on /Users/dimz/EconWizard/hermesvirtual/lib/python3.8/site-packages/airflow/example_dags/example_setup_teardown.py
[2023-11-01T21:41:06.866-0500] {processor.py:829} INFO - Processing file /Users/dimz/EconWizard/hermesvirtual/lib/python3.8/site-packages/airflow/example_dags/example_setup_teardown.py for tasks to queue
[2023-11-01T21:41:06.866-0500] {logging_mixin.py:151} INFO - [2023-11-01T21:41:06.866-0500] {dagbag.py:536} INFO - Filling up the DagBag from /Users/dimz/EconWizard/hermesvirtual/lib/python3.8/site-packages/airflow/example_dags/example_setup_teardown.py
[2023-11-01T21:41:06.884-0500] {processor.py:839} INFO - DAG(s) dict_keys(['example_setup_teardown']) retrieved from /Users/dimz/EconWizard/hermesvirtual/lib/python3.8/site-packages/airflow/example_dags/example_setup_teardown.py
[2023-11-01T21:41:06.990-0500] {logging_mixin.py:151} INFO - [2023-11-01T21:41:06.989-0500] {dag.py:2941} INFO - Sync 1 DAGs
[2023-11-01T21:41:06.998-0500] {logging_mixin.py:151} INFO - [2023-11-01T21:41:06.998-0500] {dag.py:3722} INFO - Setting next_dagrun for example_setup_teardown to 2023-11-01T02:41:06.998800+00:00, run_after=2023-11-02T02:41:06.998800+00:00
[2023-11-01T21:41:07.009-0500] {processor.py:179} INFO - Processing /Users/dimz/EconWizard/hermesvirtual/lib/python3.8/site-packages/airflow/example_dags/example_setup_teardown.py took 0.149 seconds
[2023-11-01T21:43:01.448-0500] {processor.py:157} INFO - Started process (PID=88596) to work on /Users/dimz/EconWizard/hermesvirtual/lib/python3.8/site-packages/airflow/example_dags/example_setup_teardown.py
[2023-11-01T21:43:01.453-0500] {processor.py:829} INFO - Processing file /Users/dimz/EconWizard/hermesvirtual/lib/python3.8/site-packages/airflow/example_dags/example_setup_teardown.py for tasks to queue
[2023-11-01T21:43:01.453-0500] {logging_mixin.py:151} INFO - [2023-11-01T21:43:01.453-0500] {dagbag.py:536} INFO - Filling up the DagBag from /Users/dimz/EconWizard/hermesvirtual/lib/python3.8/site-packages/airflow/example_dags/example_setup_teardown.py
[2023-11-01T21:43:01.469-0500] {processor.py:839} INFO - DAG(s) dict_keys(['example_setup_teardown']) retrieved from /Users/dimz/EconWizard/hermesvirtual/lib/python3.8/site-packages/airflow/example_dags/example_setup_teardown.py
[2023-11-01T21:43:01.571-0500] {logging_mixin.py:151} INFO - [2023-11-01T21:43:01.571-0500] {dag.py:2941} INFO - Sync 1 DAGs
[2023-11-01T21:43:01.580-0500] {logging_mixin.py:151} INFO - [2023-11-01T21:43:01.580-0500] {dag.py:3722} INFO - Setting next_dagrun for example_setup_teardown to 2023-11-01T02:43:01.580752+00:00, run_after=2023-11-02T02:43:01.580752+00:00
[2023-11-01T21:43:01.591-0500] {processor.py:179} INFO - Processing /Users/dimz/EconWizard/hermesvirtual/lib/python3.8/site-packages/airflow/example_dags/example_setup_teardown.py took 0.143 seconds
[2023-11-01T21:44:54.672-0500] {processor.py:157} INFO - Started process (PID=88752) to work on /Users/dimz/EconWizard/hermesvirtual/lib/python3.8/site-packages/airflow/example_dags/example_setup_teardown.py
[2023-11-01T21:44:54.677-0500] {processor.py:829} INFO - Processing file /Users/dimz/EconWizard/hermesvirtual/lib/python3.8/site-packages/airflow/example_dags/example_setup_teardown.py for tasks to queue
[2023-11-01T21:44:54.677-0500] {logging_mixin.py:151} INFO - [2023-11-01T21:44:54.677-0500] {dagbag.py:536} INFO - Filling up the DagBag from /Users/dimz/EconWizard/hermesvirtual/lib/python3.8/site-packages/airflow/example_dags/example_setup_teardown.py
[2023-11-01T21:44:54.693-0500] {processor.py:839} INFO - DAG(s) dict_keys(['example_setup_teardown']) retrieved from /Users/dimz/EconWizard/hermesvirtual/lib/python3.8/site-packages/airflow/example_dags/example_setup_teardown.py
[2023-11-01T21:44:54.796-0500] {logging_mixin.py:151} INFO - [2023-11-01T21:44:54.796-0500] {dag.py:2941} INFO - Sync 1 DAGs
[2023-11-01T21:44:54.805-0500] {logging_mixin.py:151} INFO - [2023-11-01T21:44:54.805-0500] {dag.py:3722} INFO - Setting next_dagrun for example_setup_teardown to 2023-11-01T02:44:54.805109+00:00, run_after=2023-11-02T02:44:54.805109+00:00
[2023-11-01T21:44:54.815-0500] {processor.py:179} INFO - Processing /Users/dimz/EconWizard/hermesvirtual/lib/python3.8/site-packages/airflow/example_dags/example_setup_teardown.py took 0.144 seconds
[2023-11-01T21:46:59.326-0500] {processor.py:157} INFO - Started process (PID=89006) to work on /Users/dimz/EconWizard/hermesvirtual/lib/python3.8/site-packages/airflow/example_dags/example_setup_teardown.py
[2023-11-01T21:46:59.332-0500] {processor.py:829} INFO - Processing file /Users/dimz/EconWizard/hermesvirtual/lib/python3.8/site-packages/airflow/example_dags/example_setup_teardown.py for tasks to queue
[2023-11-01T21:46:59.332-0500] {logging_mixin.py:151} INFO - [2023-11-01T21:46:59.332-0500] {dagbag.py:536} INFO - Filling up the DagBag from /Users/dimz/EconWizard/hermesvirtual/lib/python3.8/site-packages/airflow/example_dags/example_setup_teardown.py
[2023-11-01T21:46:59.349-0500] {processor.py:839} INFO - DAG(s) dict_keys(['example_setup_teardown']) retrieved from /Users/dimz/EconWizard/hermesvirtual/lib/python3.8/site-packages/airflow/example_dags/example_setup_teardown.py
[2023-11-01T21:46:59.453-0500] {logging_mixin.py:151} INFO - [2023-11-01T21:46:59.453-0500] {dag.py:2941} INFO - Sync 1 DAGs
[2023-11-01T21:46:59.462-0500] {logging_mixin.py:151} INFO - [2023-11-01T21:46:59.462-0500] {dag.py:3722} INFO - Setting next_dagrun for example_setup_teardown to 2023-11-01T02:46:59.462607+00:00, run_after=2023-11-02T02:46:59.462607+00:00
[2023-11-01T21:46:59.473-0500] {processor.py:179} INFO - Processing /Users/dimz/EconWizard/hermesvirtual/lib/python3.8/site-packages/airflow/example_dags/example_setup_teardown.py took 0.147 seconds
[2023-11-01T21:49:01.700-0500] {processor.py:157} INFO - Started process (PID=89172) to work on /Users/dimz/EconWizard/hermesvirtual/lib/python3.8/site-packages/airflow/example_dags/example_setup_teardown.py
[2023-11-01T21:49:01.705-0500] {processor.py:829} INFO - Processing file /Users/dimz/EconWizard/hermesvirtual/lib/python3.8/site-packages/airflow/example_dags/example_setup_teardown.py for tasks to queue
[2023-11-01T21:49:01.705-0500] {logging_mixin.py:151} INFO - [2023-11-01T21:49:01.705-0500] {dagbag.py:536} INFO - Filling up the DagBag from /Users/dimz/EconWizard/hermesvirtual/lib/python3.8/site-packages/airflow/example_dags/example_setup_teardown.py
[2023-11-01T21:49:01.722-0500] {processor.py:839} INFO - DAG(s) dict_keys(['example_setup_teardown']) retrieved from /Users/dimz/EconWizard/hermesvirtual/lib/python3.8/site-packages/airflow/example_dags/example_setup_teardown.py
[2023-11-01T21:49:01.825-0500] {logging_mixin.py:151} INFO - [2023-11-01T21:49:01.824-0500] {dag.py:2941} INFO - Sync 1 DAGs
[2023-11-01T21:49:01.834-0500] {logging_mixin.py:151} INFO - [2023-11-01T21:49:01.833-0500] {dag.py:3722} INFO - Setting next_dagrun for example_setup_teardown to 2023-11-01T02:49:01.833839+00:00, run_after=2023-11-02T02:49:01.833839+00:00
[2023-11-01T21:49:01.844-0500] {processor.py:179} INFO - Processing /Users/dimz/EconWizard/hermesvirtual/lib/python3.8/site-packages/airflow/example_dags/example_setup_teardown.py took 0.144 seconds
[2023-11-01T21:50:59.446-0500] {processor.py:157} INFO - Started process (PID=89356) to work on /Users/dimz/EconWizard/hermesvirtual/lib/python3.8/site-packages/airflow/example_dags/example_setup_teardown.py
[2023-11-01T21:50:59.451-0500] {processor.py:829} INFO - Processing file /Users/dimz/EconWizard/hermesvirtual/lib/python3.8/site-packages/airflow/example_dags/example_setup_teardown.py for tasks to queue
[2023-11-01T21:50:59.451-0500] {logging_mixin.py:151} INFO - [2023-11-01T21:50:59.451-0500] {dagbag.py:536} INFO - Filling up the DagBag from /Users/dimz/EconWizard/hermesvirtual/lib/python3.8/site-packages/airflow/example_dags/example_setup_teardown.py
[2023-11-01T21:50:59.471-0500] {processor.py:839} INFO - DAG(s) dict_keys(['example_setup_teardown']) retrieved from /Users/dimz/EconWizard/hermesvirtual/lib/python3.8/site-packages/airflow/example_dags/example_setup_teardown.py
[2023-11-01T21:50:59.587-0500] {logging_mixin.py:151} INFO - [2023-11-01T21:50:59.587-0500] {dag.py:2941} INFO - Sync 1 DAGs
[2023-11-01T21:50:59.597-0500] {logging_mixin.py:151} INFO - [2023-11-01T21:50:59.597-0500] {dag.py:3722} INFO - Setting next_dagrun for example_setup_teardown to 2023-11-01T02:50:59.597616+00:00, run_after=2023-11-02T02:50:59.597616+00:00
[2023-11-01T21:50:59.611-0500] {processor.py:179} INFO - Processing /Users/dimz/EconWizard/hermesvirtual/lib/python3.8/site-packages/airflow/example_dags/example_setup_teardown.py took 0.166 seconds
[2023-11-01T21:52:55.789-0500] {processor.py:157} INFO - Started process (PID=89516) to work on /Users/dimz/EconWizard/hermesvirtual/lib/python3.8/site-packages/airflow/example_dags/example_setup_teardown.py
[2023-11-01T21:52:55.795-0500] {processor.py:829} INFO - Processing file /Users/dimz/EconWizard/hermesvirtual/lib/python3.8/site-packages/airflow/example_dags/example_setup_teardown.py for tasks to queue
[2023-11-01T21:52:55.795-0500] {logging_mixin.py:151} INFO - [2023-11-01T21:52:55.795-0500] {dagbag.py:536} INFO - Filling up the DagBag from /Users/dimz/EconWizard/hermesvirtual/lib/python3.8/site-packages/airflow/example_dags/example_setup_teardown.py
[2023-11-01T21:52:55.813-0500] {processor.py:839} INFO - DAG(s) dict_keys(['example_setup_teardown']) retrieved from /Users/dimz/EconWizard/hermesvirtual/lib/python3.8/site-packages/airflow/example_dags/example_setup_teardown.py
[2023-11-01T21:52:55.931-0500] {logging_mixin.py:151} INFO - [2023-11-01T21:52:55.931-0500] {dag.py:2941} INFO - Sync 1 DAGs
[2023-11-01T21:52:55.942-0500] {logging_mixin.py:151} INFO - [2023-11-01T21:52:55.942-0500] {dag.py:3722} INFO - Setting next_dagrun for example_setup_teardown to 2023-11-01T02:52:55.942240+00:00, run_after=2023-11-02T02:52:55.942240+00:00
[2023-11-01T21:52:55.954-0500] {processor.py:179} INFO - Processing /Users/dimz/EconWizard/hermesvirtual/lib/python3.8/site-packages/airflow/example_dags/example_setup_teardown.py took 0.165 seconds
[2023-11-01T21:54:57.805-0500] {processor.py:157} INFO - Started process (PID=89692) to work on /Users/dimz/EconWizard/hermesvirtual/lib/python3.8/site-packages/airflow/example_dags/example_setup_teardown.py
[2023-11-01T21:54:57.810-0500] {processor.py:829} INFO - Processing file /Users/dimz/EconWizard/hermesvirtual/lib/python3.8/site-packages/airflow/example_dags/example_setup_teardown.py for tasks to queue
[2023-11-01T21:54:57.810-0500] {logging_mixin.py:151} INFO - [2023-11-01T21:54:57.810-0500] {dagbag.py:536} INFO - Filling up the DagBag from /Users/dimz/EconWizard/hermesvirtual/lib/python3.8/site-packages/airflow/example_dags/example_setup_teardown.py
[2023-11-01T21:54:57.828-0500] {processor.py:839} INFO - DAG(s) dict_keys(['example_setup_teardown']) retrieved from /Users/dimz/EconWizard/hermesvirtual/lib/python3.8/site-packages/airflow/example_dags/example_setup_teardown.py
[2023-11-01T21:54:57.956-0500] {logging_mixin.py:151} INFO - [2023-11-01T21:54:57.956-0500] {dag.py:2941} INFO - Sync 1 DAGs
[2023-11-01T21:54:57.966-0500] {logging_mixin.py:151} INFO - [2023-11-01T21:54:57.966-0500] {dag.py:3722} INFO - Setting next_dagrun for example_setup_teardown to 2023-11-01T02:54:57.966333+00:00, run_after=2023-11-02T02:54:57.966333+00:00
[2023-11-01T21:54:57.978-0500] {processor.py:179} INFO - Processing /Users/dimz/EconWizard/hermesvirtual/lib/python3.8/site-packages/airflow/example_dags/example_setup_teardown.py took 0.174 seconds
[2023-11-01T21:56:53.593-0500] {processor.py:157} INFO - Started process (PID=89851) to work on /Users/dimz/EconWizard/hermesvirtual/lib/python3.8/site-packages/airflow/example_dags/example_setup_teardown.py
[2023-11-01T21:56:53.598-0500] {processor.py:829} INFO - Processing file /Users/dimz/EconWizard/hermesvirtual/lib/python3.8/site-packages/airflow/example_dags/example_setup_teardown.py for tasks to queue
[2023-11-01T21:56:53.599-0500] {logging_mixin.py:151} INFO - [2023-11-01T21:56:53.599-0500] {dagbag.py:536} INFO - Filling up the DagBag from /Users/dimz/EconWizard/hermesvirtual/lib/python3.8/site-packages/airflow/example_dags/example_setup_teardown.py
[2023-11-01T21:56:53.618-0500] {processor.py:839} INFO - DAG(s) dict_keys(['example_setup_teardown']) retrieved from /Users/dimz/EconWizard/hermesvirtual/lib/python3.8/site-packages/airflow/example_dags/example_setup_teardown.py
[2023-11-01T21:56:53.737-0500] {logging_mixin.py:151} INFO - [2023-11-01T21:56:53.736-0500] {dag.py:2941} INFO - Sync 1 DAGs
[2023-11-01T21:56:53.747-0500] {logging_mixin.py:151} INFO - [2023-11-01T21:56:53.747-0500] {dag.py:3722} INFO - Setting next_dagrun for example_setup_teardown to 2023-11-01T02:56:53.747236+00:00, run_after=2023-11-02T02:56:53.747236+00:00
[2023-11-01T21:56:53.758-0500] {processor.py:179} INFO - Processing /Users/dimz/EconWizard/hermesvirtual/lib/python3.8/site-packages/airflow/example_dags/example_setup_teardown.py took 0.166 seconds
[2023-11-01T21:58:56.346-0500] {processor.py:157} INFO - Started process (PID=90046) to work on /Users/dimz/EconWizard/hermesvirtual/lib/python3.8/site-packages/airflow/example_dags/example_setup_teardown.py
[2023-11-01T21:58:56.351-0500] {processor.py:829} INFO - Processing file /Users/dimz/EconWizard/hermesvirtual/lib/python3.8/site-packages/airflow/example_dags/example_setup_teardown.py for tasks to queue
[2023-11-01T21:58:56.351-0500] {logging_mixin.py:151} INFO - [2023-11-01T21:58:56.351-0500] {dagbag.py:536} INFO - Filling up the DagBag from /Users/dimz/EconWizard/hermesvirtual/lib/python3.8/site-packages/airflow/example_dags/example_setup_teardown.py
[2023-11-01T21:58:56.367-0500] {processor.py:839} INFO - DAG(s) dict_keys(['example_setup_teardown']) retrieved from /Users/dimz/EconWizard/hermesvirtual/lib/python3.8/site-packages/airflow/example_dags/example_setup_teardown.py
[2023-11-01T21:58:56.469-0500] {logging_mixin.py:151} INFO - [2023-11-01T21:58:56.469-0500] {dag.py:2941} INFO - Sync 1 DAGs
[2023-11-01T21:58:56.478-0500] {logging_mixin.py:151} INFO - [2023-11-01T21:58:56.478-0500] {dag.py:3722} INFO - Setting next_dagrun for example_setup_teardown to 2023-11-01T02:58:56.478048+00:00, run_after=2023-11-02T02:58:56.478048+00:00
[2023-11-01T21:58:56.488-0500] {processor.py:179} INFO - Processing /Users/dimz/EconWizard/hermesvirtual/lib/python3.8/site-packages/airflow/example_dags/example_setup_teardown.py took 0.142 seconds
[2023-11-01T22:00:55.052-0500] {processor.py:157} INFO - Started process (PID=90215) to work on /Users/dimz/EconWizard/hermesvirtual/lib/python3.8/site-packages/airflow/example_dags/example_setup_teardown.py
[2023-11-01T22:00:55.056-0500] {processor.py:829} INFO - Processing file /Users/dimz/EconWizard/hermesvirtual/lib/python3.8/site-packages/airflow/example_dags/example_setup_teardown.py for tasks to queue
[2023-11-01T22:00:55.057-0500] {logging_mixin.py:151} INFO - [2023-11-01T22:00:55.057-0500] {dagbag.py:536} INFO - Filling up the DagBag from /Users/dimz/EconWizard/hermesvirtual/lib/python3.8/site-packages/airflow/example_dags/example_setup_teardown.py
[2023-11-01T22:00:55.074-0500] {processor.py:839} INFO - DAG(s) dict_keys(['example_setup_teardown']) retrieved from /Users/dimz/EconWizard/hermesvirtual/lib/python3.8/site-packages/airflow/example_dags/example_setup_teardown.py
[2023-11-01T22:00:55.184-0500] {logging_mixin.py:151} INFO - [2023-11-01T22:00:55.184-0500] {dag.py:2941} INFO - Sync 1 DAGs
[2023-11-01T22:00:55.195-0500] {logging_mixin.py:151} INFO - [2023-11-01T22:00:55.195-0500] {dag.py:3722} INFO - Setting next_dagrun for example_setup_teardown to 2023-11-01T03:00:55.194926+00:00, run_after=2023-11-02T03:00:55.194926+00:00
[2023-11-01T22:00:55.206-0500] {processor.py:179} INFO - Processing /Users/dimz/EconWizard/hermesvirtual/lib/python3.8/site-packages/airflow/example_dags/example_setup_teardown.py took 0.155 seconds
[2023-11-01T22:02:56.920-0500] {processor.py:157} INFO - Started process (PID=90367) to work on /Users/dimz/EconWizard/hermesvirtual/lib/python3.8/site-packages/airflow/example_dags/example_setup_teardown.py
[2023-11-01T22:02:56.925-0500] {processor.py:829} INFO - Processing file /Users/dimz/EconWizard/hermesvirtual/lib/python3.8/site-packages/airflow/example_dags/example_setup_teardown.py for tasks to queue
[2023-11-01T22:02:56.925-0500] {logging_mixin.py:151} INFO - [2023-11-01T22:02:56.925-0500] {dagbag.py:536} INFO - Filling up the DagBag from /Users/dimz/EconWizard/hermesvirtual/lib/python3.8/site-packages/airflow/example_dags/example_setup_teardown.py
[2023-11-01T22:02:56.942-0500] {processor.py:839} INFO - DAG(s) dict_keys(['example_setup_teardown']) retrieved from /Users/dimz/EconWizard/hermesvirtual/lib/python3.8/site-packages/airflow/example_dags/example_setup_teardown.py
[2023-11-01T22:02:57.047-0500] {logging_mixin.py:151} INFO - [2023-11-01T22:02:57.046-0500] {dag.py:2941} INFO - Sync 1 DAGs
[2023-11-01T22:02:57.055-0500] {logging_mixin.py:151} INFO - [2023-11-01T22:02:57.055-0500] {dag.py:3722} INFO - Setting next_dagrun for example_setup_teardown to 2023-11-01T03:02:57.055731+00:00, run_after=2023-11-02T03:02:57.055731+00:00
[2023-11-01T22:02:57.066-0500] {processor.py:179} INFO - Processing /Users/dimz/EconWizard/hermesvirtual/lib/python3.8/site-packages/airflow/example_dags/example_setup_teardown.py took 0.147 seconds
[2023-11-01T22:04:50.956-0500] {processor.py:157} INFO - Started process (PID=90561) to work on /Users/dimz/EconWizard/hermesvirtual/lib/python3.8/site-packages/airflow/example_dags/example_setup_teardown.py
[2023-11-01T22:04:50.961-0500] {processor.py:829} INFO - Processing file /Users/dimz/EconWizard/hermesvirtual/lib/python3.8/site-packages/airflow/example_dags/example_setup_teardown.py for tasks to queue
[2023-11-01T22:04:50.961-0500] {logging_mixin.py:151} INFO - [2023-11-01T22:04:50.961-0500] {dagbag.py:536} INFO - Filling up the DagBag from /Users/dimz/EconWizard/hermesvirtual/lib/python3.8/site-packages/airflow/example_dags/example_setup_teardown.py
[2023-11-01T22:04:50.978-0500] {processor.py:839} INFO - DAG(s) dict_keys(['example_setup_teardown']) retrieved from /Users/dimz/EconWizard/hermesvirtual/lib/python3.8/site-packages/airflow/example_dags/example_setup_teardown.py
[2023-11-01T22:04:51.087-0500] {logging_mixin.py:151} INFO - [2023-11-01T22:04:51.087-0500] {dag.py:2941} INFO - Sync 1 DAGs
[2023-11-01T22:04:51.096-0500] {logging_mixin.py:151} INFO - [2023-11-01T22:04:51.096-0500] {dag.py:3722} INFO - Setting next_dagrun for example_setup_teardown to 2023-11-01T03:04:51.096725+00:00, run_after=2023-11-02T03:04:51.096725+00:00
[2023-11-01T22:04:51.108-0500] {processor.py:179} INFO - Processing /Users/dimz/EconWizard/hermesvirtual/lib/python3.8/site-packages/airflow/example_dags/example_setup_teardown.py took 0.152 seconds
[2023-11-01T22:06:52.333-0500] {processor.py:157} INFO - Started process (PID=90786) to work on /Users/dimz/EconWizard/hermesvirtual/lib/python3.8/site-packages/airflow/example_dags/example_setup_teardown.py
[2023-11-01T22:06:52.338-0500] {processor.py:829} INFO - Processing file /Users/dimz/EconWizard/hermesvirtual/lib/python3.8/site-packages/airflow/example_dags/example_setup_teardown.py for tasks to queue
[2023-11-01T22:06:52.338-0500] {logging_mixin.py:151} INFO - [2023-11-01T22:06:52.338-0500] {dagbag.py:536} INFO - Filling up the DagBag from /Users/dimz/EconWizard/hermesvirtual/lib/python3.8/site-packages/airflow/example_dags/example_setup_teardown.py
[2023-11-01T22:06:52.354-0500] {processor.py:839} INFO - DAG(s) dict_keys(['example_setup_teardown']) retrieved from /Users/dimz/EconWizard/hermesvirtual/lib/python3.8/site-packages/airflow/example_dags/example_setup_teardown.py
[2023-11-01T22:06:52.459-0500] {logging_mixin.py:151} INFO - [2023-11-01T22:06:52.459-0500] {dag.py:2941} INFO - Sync 1 DAGs
[2023-11-01T22:06:52.469-0500] {logging_mixin.py:151} INFO - [2023-11-01T22:06:52.469-0500] {dag.py:3722} INFO - Setting next_dagrun for example_setup_teardown to 2023-11-01T03:06:52.469191+00:00, run_after=2023-11-02T03:06:52.469191+00:00
[2023-11-01T22:06:52.481-0500] {processor.py:179} INFO - Processing /Users/dimz/EconWizard/hermesvirtual/lib/python3.8/site-packages/airflow/example_dags/example_setup_teardown.py took 0.149 seconds
[2023-11-01T22:08:57.184-0500] {processor.py:157} INFO - Started process (PID=91015) to work on /Users/dimz/EconWizard/hermesvirtual/lib/python3.8/site-packages/airflow/example_dags/example_setup_teardown.py
[2023-11-01T22:08:57.189-0500] {processor.py:829} INFO - Processing file /Users/dimz/EconWizard/hermesvirtual/lib/python3.8/site-packages/airflow/example_dags/example_setup_teardown.py for tasks to queue
[2023-11-01T22:08:57.189-0500] {logging_mixin.py:151} INFO - [2023-11-01T22:08:57.189-0500] {dagbag.py:536} INFO - Filling up the DagBag from /Users/dimz/EconWizard/hermesvirtual/lib/python3.8/site-packages/airflow/example_dags/example_setup_teardown.py
[2023-11-01T22:08:57.206-0500] {processor.py:839} INFO - DAG(s) dict_keys(['example_setup_teardown']) retrieved from /Users/dimz/EconWizard/hermesvirtual/lib/python3.8/site-packages/airflow/example_dags/example_setup_teardown.py
[2023-11-01T22:08:57.310-0500] {logging_mixin.py:151} INFO - [2023-11-01T22:08:57.310-0500] {dag.py:2941} INFO - Sync 1 DAGs
[2023-11-01T22:08:57.319-0500] {logging_mixin.py:151} INFO - [2023-11-01T22:08:57.319-0500] {dag.py:3722} INFO - Setting next_dagrun for example_setup_teardown to 2023-11-01T03:08:57.319479+00:00, run_after=2023-11-02T03:08:57.319479+00:00
[2023-11-01T22:08:57.330-0500] {processor.py:179} INFO - Processing /Users/dimz/EconWizard/hermesvirtual/lib/python3.8/site-packages/airflow/example_dags/example_setup_teardown.py took 0.146 seconds
[2023-11-01T22:14:23.849-0500] {processor.py:157} INFO - Started process (PID=91547) to work on /Users/dimz/EconWizard/hermesvirtual/lib/python3.8/site-packages/airflow/example_dags/example_setup_teardown.py
[2023-11-01T22:14:23.854-0500] {processor.py:829} INFO - Processing file /Users/dimz/EconWizard/hermesvirtual/lib/python3.8/site-packages/airflow/example_dags/example_setup_teardown.py for tasks to queue
[2023-11-01T22:14:23.855-0500] {logging_mixin.py:151} INFO - [2023-11-01T22:14:23.855-0500] {dagbag.py:536} INFO - Filling up the DagBag from /Users/dimz/EconWizard/hermesvirtual/lib/python3.8/site-packages/airflow/example_dags/example_setup_teardown.py
[2023-11-01T22:14:23.871-0500] {processor.py:839} INFO - DAG(s) dict_keys(['example_setup_teardown']) retrieved from /Users/dimz/EconWizard/hermesvirtual/lib/python3.8/site-packages/airflow/example_dags/example_setup_teardown.py
[2023-11-01T22:14:24.205-0500] {logging_mixin.py:151} INFO - [2023-11-01T22:14:24.205-0500] {dag.py:2941} INFO - Sync 1 DAGs
[2023-11-01T22:14:24.214-0500] {logging_mixin.py:151} INFO - [2023-11-01T22:14:24.214-0500] {dag.py:3722} INFO - Setting next_dagrun for example_setup_teardown to 2023-11-01T03:14:24.214084+00:00, run_after=2023-11-02T03:14:24.214084+00:00
[2023-11-01T22:14:24.225-0500] {processor.py:179} INFO - Processing /Users/dimz/EconWizard/hermesvirtual/lib/python3.8/site-packages/airflow/example_dags/example_setup_teardown.py took 0.376 seconds
[2023-11-01T22:16:24.936-0500] {processor.py:157} INFO - Started process (PID=91733) to work on /Users/dimz/EconWizard/hermesvirtual/lib/python3.8/site-packages/airflow/example_dags/example_setup_teardown.py
[2023-11-01T22:16:24.941-0500] {processor.py:829} INFO - Processing file /Users/dimz/EconWizard/hermesvirtual/lib/python3.8/site-packages/airflow/example_dags/example_setup_teardown.py for tasks to queue
[2023-11-01T22:16:24.942-0500] {logging_mixin.py:151} INFO - [2023-11-01T22:16:24.942-0500] {dagbag.py:536} INFO - Filling up the DagBag from /Users/dimz/EconWizard/hermesvirtual/lib/python3.8/site-packages/airflow/example_dags/example_setup_teardown.py
[2023-11-01T22:16:24.960-0500] {processor.py:839} INFO - DAG(s) dict_keys(['example_setup_teardown']) retrieved from /Users/dimz/EconWizard/hermesvirtual/lib/python3.8/site-packages/airflow/example_dags/example_setup_teardown.py
[2023-11-01T22:16:25.065-0500] {logging_mixin.py:151} INFO - [2023-11-01T22:16:25.064-0500] {dag.py:2941} INFO - Sync 1 DAGs
[2023-11-01T22:16:25.074-0500] {logging_mixin.py:151} INFO - [2023-11-01T22:16:25.074-0500] {dag.py:3722} INFO - Setting next_dagrun for example_setup_teardown to 2023-11-01T03:16:25.073906+00:00, run_after=2023-11-02T03:16:25.073906+00:00
[2023-11-01T22:16:25.086-0500] {processor.py:179} INFO - Processing /Users/dimz/EconWizard/hermesvirtual/lib/python3.8/site-packages/airflow/example_dags/example_setup_teardown.py took 0.150 seconds
[2023-11-01T22:18:23.432-0500] {processor.py:157} INFO - Started process (PID=92024) to work on /Users/dimz/EconWizard/hermesvirtual/lib/python3.8/site-packages/airflow/example_dags/example_setup_teardown.py
[2023-11-01T22:18:23.437-0500] {processor.py:829} INFO - Processing file /Users/dimz/EconWizard/hermesvirtual/lib/python3.8/site-packages/airflow/example_dags/example_setup_teardown.py for tasks to queue
[2023-11-01T22:18:23.438-0500] {logging_mixin.py:151} INFO - [2023-11-01T22:18:23.438-0500] {dagbag.py:536} INFO - Filling up the DagBag from /Users/dimz/EconWizard/hermesvirtual/lib/python3.8/site-packages/airflow/example_dags/example_setup_teardown.py
[2023-11-01T22:18:23.454-0500] {processor.py:839} INFO - DAG(s) dict_keys(['example_setup_teardown']) retrieved from /Users/dimz/EconWizard/hermesvirtual/lib/python3.8/site-packages/airflow/example_dags/example_setup_teardown.py
[2023-11-01T22:18:23.556-0500] {logging_mixin.py:151} INFO - [2023-11-01T22:18:23.556-0500] {dag.py:2941} INFO - Sync 1 DAGs
[2023-11-01T22:18:23.565-0500] {logging_mixin.py:151} INFO - [2023-11-01T22:18:23.565-0500] {dag.py:3722} INFO - Setting next_dagrun for example_setup_teardown to 2023-11-01T03:18:23.565314+00:00, run_after=2023-11-02T03:18:23.565314+00:00
[2023-11-01T22:18:23.575-0500] {processor.py:179} INFO - Processing /Users/dimz/EconWizard/hermesvirtual/lib/python3.8/site-packages/airflow/example_dags/example_setup_teardown.py took 0.144 seconds
[2023-11-01T22:20:13.390-0500] {processor.py:157} INFO - Started process (PID=92298) to work on /Users/dimz/EconWizard/hermesvirtual/lib/python3.8/site-packages/airflow/example_dags/example_setup_teardown.py
[2023-11-01T22:20:13.395-0500] {processor.py:829} INFO - Processing file /Users/dimz/EconWizard/hermesvirtual/lib/python3.8/site-packages/airflow/example_dags/example_setup_teardown.py for tasks to queue
[2023-11-01T22:20:13.396-0500] {logging_mixin.py:151} INFO - [2023-11-01T22:20:13.396-0500] {dagbag.py:536} INFO - Filling up the DagBag from /Users/dimz/EconWizard/hermesvirtual/lib/python3.8/site-packages/airflow/example_dags/example_setup_teardown.py
[2023-11-01T22:20:13.412-0500] {processor.py:839} INFO - DAG(s) dict_keys(['example_setup_teardown']) retrieved from /Users/dimz/EconWizard/hermesvirtual/lib/python3.8/site-packages/airflow/example_dags/example_setup_teardown.py
[2023-11-01T22:20:13.515-0500] {logging_mixin.py:151} INFO - [2023-11-01T22:20:13.515-0500] {dag.py:2941} INFO - Sync 1 DAGs
[2023-11-01T22:20:13.524-0500] {logging_mixin.py:151} INFO - [2023-11-01T22:20:13.524-0500] {dag.py:3722} INFO - Setting next_dagrun for example_setup_teardown to 2023-11-01T03:20:13.524192+00:00, run_after=2023-11-02T03:20:13.524192+00:00
[2023-11-01T22:20:13.534-0500] {processor.py:179} INFO - Processing /Users/dimz/EconWizard/hermesvirtual/lib/python3.8/site-packages/airflow/example_dags/example_setup_teardown.py took 0.144 seconds
[2023-11-01T22:22:10.344-0500] {processor.py:157} INFO - Started process (PID=92616) to work on /Users/dimz/EconWizard/hermesvirtual/lib/python3.8/site-packages/airflow/example_dags/example_setup_teardown.py
[2023-11-01T22:22:10.349-0500] {processor.py:829} INFO - Processing file /Users/dimz/EconWizard/hermesvirtual/lib/python3.8/site-packages/airflow/example_dags/example_setup_teardown.py for tasks to queue
[2023-11-01T22:22:10.350-0500] {logging_mixin.py:151} INFO - [2023-11-01T22:22:10.350-0500] {dagbag.py:536} INFO - Filling up the DagBag from /Users/dimz/EconWizard/hermesvirtual/lib/python3.8/site-packages/airflow/example_dags/example_setup_teardown.py
[2023-11-01T22:22:10.370-0500] {processor.py:839} INFO - DAG(s) dict_keys(['example_setup_teardown']) retrieved from /Users/dimz/EconWizard/hermesvirtual/lib/python3.8/site-packages/airflow/example_dags/example_setup_teardown.py
[2023-11-01T22:22:10.480-0500] {logging_mixin.py:151} INFO - [2023-11-01T22:22:10.480-0500] {dag.py:2941} INFO - Sync 1 DAGs
[2023-11-01T22:22:10.489-0500] {logging_mixin.py:151} INFO - [2023-11-01T22:22:10.489-0500] {dag.py:3722} INFO - Setting next_dagrun for example_setup_teardown to 2023-11-01T03:22:10.489624+00:00, run_after=2023-11-02T03:22:10.489624+00:00
[2023-11-01T22:22:10.500-0500] {processor.py:179} INFO - Processing /Users/dimz/EconWizard/hermesvirtual/lib/python3.8/site-packages/airflow/example_dags/example_setup_teardown.py took 0.157 seconds
[2023-11-02T00:18:09.072-0500] {processor.py:157} INFO - Started process (PID=92941) to work on /Users/dimz/EconWizard/hermesvirtual/lib/python3.8/site-packages/airflow/example_dags/example_setup_teardown.py
[2023-11-02T00:18:09.076-0500] {processor.py:829} INFO - Processing file /Users/dimz/EconWizard/hermesvirtual/lib/python3.8/site-packages/airflow/example_dags/example_setup_teardown.py for tasks to queue
[2023-11-02T00:18:09.077-0500] {logging_mixin.py:151} INFO - [2023-11-02T00:18:09.076-0500] {dagbag.py:536} INFO - Filling up the DagBag from /Users/dimz/EconWizard/hermesvirtual/lib/python3.8/site-packages/airflow/example_dags/example_setup_teardown.py
[2023-11-02T00:18:09.093-0500] {processor.py:839} INFO - DAG(s) dict_keys(['example_setup_teardown']) retrieved from /Users/dimz/EconWizard/hermesvirtual/lib/python3.8/site-packages/airflow/example_dags/example_setup_teardown.py
[2023-11-02T00:18:09.195-0500] {logging_mixin.py:151} INFO - [2023-11-02T00:18:09.195-0500] {dag.py:2941} INFO - Sync 1 DAGs
[2023-11-02T00:18:09.204-0500] {logging_mixin.py:151} INFO - [2023-11-02T00:18:09.204-0500] {dag.py:3722} INFO - Setting next_dagrun for example_setup_teardown to 2023-11-01T05:18:09.204002+00:00, run_after=2023-11-02T05:18:09.204002+00:00
[2023-11-02T00:18:09.214-0500] {processor.py:179} INFO - Processing /Users/dimz/EconWizard/hermesvirtual/lib/python3.8/site-packages/airflow/example_dags/example_setup_teardown.py took 0.142 seconds
[2023-11-02T03:10:36.811-0500] {processor.py:157} INFO - Started process (PID=93085) to work on /Users/dimz/EconWizard/hermesvirtual/lib/python3.8/site-packages/airflow/example_dags/example_setup_teardown.py
[2023-11-02T03:10:36.815-0500] {processor.py:829} INFO - Processing file /Users/dimz/EconWizard/hermesvirtual/lib/python3.8/site-packages/airflow/example_dags/example_setup_teardown.py for tasks to queue
[2023-11-02T03:10:36.816-0500] {logging_mixin.py:151} INFO - [2023-11-02T03:10:36.815-0500] {dagbag.py:536} INFO - Filling up the DagBag from /Users/dimz/EconWizard/hermesvirtual/lib/python3.8/site-packages/airflow/example_dags/example_setup_teardown.py
[2023-11-02T03:10:36.835-0500] {processor.py:839} INFO - DAG(s) dict_keys(['example_setup_teardown']) retrieved from /Users/dimz/EconWizard/hermesvirtual/lib/python3.8/site-packages/airflow/example_dags/example_setup_teardown.py
[2023-11-02T03:10:36.942-0500] {logging_mixin.py:151} INFO - [2023-11-02T03:10:36.942-0500] {dag.py:2941} INFO - Sync 1 DAGs
[2023-11-02T03:10:36.952-0500] {logging_mixin.py:151} INFO - [2023-11-02T03:10:36.952-0500] {dag.py:3722} INFO - Setting next_dagrun for example_setup_teardown to 2023-11-01T08:10:36.952138+00:00, run_after=2023-11-02T08:10:36.952138+00:00
[2023-11-02T03:10:36.963-0500] {processor.py:179} INFO - Processing /Users/dimz/EconWizard/hermesvirtual/lib/python3.8/site-packages/airflow/example_dags/example_setup_teardown.py took 0.153 seconds
[2023-11-02T06:53:40.534-0500] {processor.py:157} INFO - Started process (PID=93281) to work on /Users/dimz/EconWizard/hermesvirtual/lib/python3.8/site-packages/airflow/example_dags/example_setup_teardown.py
[2023-11-02T06:53:40.539-0500] {processor.py:829} INFO - Processing file /Users/dimz/EconWizard/hermesvirtual/lib/python3.8/site-packages/airflow/example_dags/example_setup_teardown.py for tasks to queue
[2023-11-02T06:53:40.539-0500] {logging_mixin.py:151} INFO - [2023-11-02T06:53:40.539-0500] {dagbag.py:536} INFO - Filling up the DagBag from /Users/dimz/EconWizard/hermesvirtual/lib/python3.8/site-packages/airflow/example_dags/example_setup_teardown.py
[2023-11-02T06:53:40.556-0500] {processor.py:839} INFO - DAG(s) dict_keys(['example_setup_teardown']) retrieved from /Users/dimz/EconWizard/hermesvirtual/lib/python3.8/site-packages/airflow/example_dags/example_setup_teardown.py
[2023-11-02T06:53:40.658-0500] {logging_mixin.py:151} INFO - [2023-11-02T06:53:40.657-0500] {dag.py:2941} INFO - Sync 1 DAGs
[2023-11-02T06:53:40.666-0500] {logging_mixin.py:151} INFO - [2023-11-02T06:53:40.666-0500] {dag.py:3722} INFO - Setting next_dagrun for example_setup_teardown to 2023-11-01T11:53:40.666620+00:00, run_after=2023-11-02T11:53:40.666620+00:00
[2023-11-02T06:53:40.676-0500] {processor.py:179} INFO - Processing /Users/dimz/EconWizard/hermesvirtual/lib/python3.8/site-packages/airflow/example_dags/example_setup_teardown.py took 0.143 seconds
[2023-11-02T08:28:52.503-0500] {processor.py:157} INFO - Started process (PID=93397) to work on /Users/dimz/EconWizard/hermesvirtual/lib/python3.8/site-packages/airflow/example_dags/example_setup_teardown.py
[2023-11-02T08:28:52.508-0500] {processor.py:829} INFO - Processing file /Users/dimz/EconWizard/hermesvirtual/lib/python3.8/site-packages/airflow/example_dags/example_setup_teardown.py for tasks to queue
[2023-11-02T08:28:52.508-0500] {logging_mixin.py:151} INFO - [2023-11-02T08:28:52.508-0500] {dagbag.py:536} INFO - Filling up the DagBag from /Users/dimz/EconWizard/hermesvirtual/lib/python3.8/site-packages/airflow/example_dags/example_setup_teardown.py
[2023-11-02T08:28:52.525-0500] {processor.py:839} INFO - DAG(s) dict_keys(['example_setup_teardown']) retrieved from /Users/dimz/EconWizard/hermesvirtual/lib/python3.8/site-packages/airflow/example_dags/example_setup_teardown.py
[2023-11-02T08:28:52.627-0500] {logging_mixin.py:151} INFO - [2023-11-02T08:28:52.627-0500] {dag.py:2941} INFO - Sync 1 DAGs
[2023-11-02T08:28:52.636-0500] {logging_mixin.py:151} INFO - [2023-11-02T08:28:52.636-0500] {dag.py:3722} INFO - Setting next_dagrun for example_setup_teardown to 2023-11-01T13:28:52.636001+00:00, run_after=2023-11-02T13:28:52.636001+00:00
[2023-11-02T08:28:52.647-0500] {processor.py:179} INFO - Processing /Users/dimz/EconWizard/hermesvirtual/lib/python3.8/site-packages/airflow/example_dags/example_setup_teardown.py took 0.144 seconds
[2023-11-02T08:38:04.043-0500] {processor.py:157} INFO - Started process (PID=93493) to work on /Users/dimz/EconWizard/hermesvirtual/lib/python3.8/site-packages/airflow/example_dags/example_setup_teardown.py
[2023-11-02T08:38:04.047-0500] {processor.py:829} INFO - Processing file /Users/dimz/EconWizard/hermesvirtual/lib/python3.8/site-packages/airflow/example_dags/example_setup_teardown.py for tasks to queue
[2023-11-02T08:38:04.048-0500] {logging_mixin.py:151} INFO - [2023-11-02T08:38:04.048-0500] {dagbag.py:536} INFO - Filling up the DagBag from /Users/dimz/EconWizard/hermesvirtual/lib/python3.8/site-packages/airflow/example_dags/example_setup_teardown.py
[2023-11-02T08:38:04.064-0500] {processor.py:839} INFO - DAG(s) dict_keys(['example_setup_teardown']) retrieved from /Users/dimz/EconWizard/hermesvirtual/lib/python3.8/site-packages/airflow/example_dags/example_setup_teardown.py
[2023-11-02T08:38:04.170-0500] {logging_mixin.py:151} INFO - [2023-11-02T08:38:04.170-0500] {dag.py:2941} INFO - Sync 1 DAGs
[2023-11-02T08:38:04.179-0500] {logging_mixin.py:151} INFO - [2023-11-02T08:38:04.179-0500] {dag.py:3722} INFO - Setting next_dagrun for example_setup_teardown to 2023-11-01T13:38:04.179538+00:00, run_after=2023-11-02T13:38:04.179538+00:00
[2023-11-02T08:38:04.190-0500] {processor.py:179} INFO - Processing /Users/dimz/EconWizard/hermesvirtual/lib/python3.8/site-packages/airflow/example_dags/example_setup_teardown.py took 0.147 seconds
[2023-11-02T09:03:04.727-0500] {processor.py:157} INFO - Started process (PID=93599) to work on /Users/dimz/EconWizard/hermesvirtual/lib/python3.8/site-packages/airflow/example_dags/example_setup_teardown.py
[2023-11-02T09:03:04.732-0500] {processor.py:829} INFO - Processing file /Users/dimz/EconWizard/hermesvirtual/lib/python3.8/site-packages/airflow/example_dags/example_setup_teardown.py for tasks to queue
[2023-11-02T09:03:04.733-0500] {logging_mixin.py:151} INFO - [2023-11-02T09:03:04.733-0500] {dagbag.py:536} INFO - Filling up the DagBag from /Users/dimz/EconWizard/hermesvirtual/lib/python3.8/site-packages/airflow/example_dags/example_setup_teardown.py
[2023-11-02T09:03:04.750-0500] {processor.py:839} INFO - DAG(s) dict_keys(['example_setup_teardown']) retrieved from /Users/dimz/EconWizard/hermesvirtual/lib/python3.8/site-packages/airflow/example_dags/example_setup_teardown.py
[2023-11-02T09:03:04.852-0500] {logging_mixin.py:151} INFO - [2023-11-02T09:03:04.852-0500] {dag.py:2941} INFO - Sync 1 DAGs
[2023-11-02T09:03:04.861-0500] {logging_mixin.py:151} INFO - [2023-11-02T09:03:04.861-0500] {dag.py:3722} INFO - Setting next_dagrun for example_setup_teardown to 2023-11-01T14:03:04.861538+00:00, run_after=2023-11-02T14:03:04.861538+00:00
[2023-11-02T09:03:04.872-0500] {processor.py:179} INFO - Processing /Users/dimz/EconWizard/hermesvirtual/lib/python3.8/site-packages/airflow/example_dags/example_setup_teardown.py took 0.145 seconds
[2023-11-02T09:04:29.938-0500] {processor.py:157} INFO - Started process (PID=93721) to work on /Users/dimz/EconWizard/hermesvirtual/lib/python3.8/site-packages/airflow/example_dags/example_setup_teardown.py
[2023-11-02T09:04:29.943-0500] {processor.py:829} INFO - Processing file /Users/dimz/EconWizard/hermesvirtual/lib/python3.8/site-packages/airflow/example_dags/example_setup_teardown.py for tasks to queue
[2023-11-02T09:04:29.943-0500] {logging_mixin.py:151} INFO - [2023-11-02T09:04:29.943-0500] {dagbag.py:536} INFO - Filling up the DagBag from /Users/dimz/EconWizard/hermesvirtual/lib/python3.8/site-packages/airflow/example_dags/example_setup_teardown.py
[2023-11-02T09:04:29.960-0500] {processor.py:839} INFO - DAG(s) dict_keys(['example_setup_teardown']) retrieved from /Users/dimz/EconWizard/hermesvirtual/lib/python3.8/site-packages/airflow/example_dags/example_setup_teardown.py
[2023-11-02T09:04:30.072-0500] {logging_mixin.py:151} INFO - [2023-11-02T09:04:30.072-0500] {dag.py:2941} INFO - Sync 1 DAGs
[2023-11-02T09:04:30.082-0500] {logging_mixin.py:151} INFO - [2023-11-02T09:04:30.082-0500] {dag.py:3722} INFO - Setting next_dagrun for example_setup_teardown to 2023-11-01T14:04:30.082187+00:00, run_after=2023-11-02T14:04:30.082187+00:00
[2023-11-02T09:04:30.093-0500] {processor.py:179} INFO - Processing /Users/dimz/EconWizard/hermesvirtual/lib/python3.8/site-packages/airflow/example_dags/example_setup_teardown.py took 0.155 seconds
[2023-11-02T09:06:26.558-0500] {processor.py:157} INFO - Started process (PID=93866) to work on /Users/dimz/EconWizard/hermesvirtual/lib/python3.8/site-packages/airflow/example_dags/example_setup_teardown.py
[2023-11-02T09:06:26.563-0500] {processor.py:829} INFO - Processing file /Users/dimz/EconWizard/hermesvirtual/lib/python3.8/site-packages/airflow/example_dags/example_setup_teardown.py for tasks to queue
[2023-11-02T09:06:26.564-0500] {logging_mixin.py:151} INFO - [2023-11-02T09:06:26.564-0500] {dagbag.py:536} INFO - Filling up the DagBag from /Users/dimz/EconWizard/hermesvirtual/lib/python3.8/site-packages/airflow/example_dags/example_setup_teardown.py
[2023-11-02T09:06:26.581-0500] {processor.py:839} INFO - DAG(s) dict_keys(['example_setup_teardown']) retrieved from /Users/dimz/EconWizard/hermesvirtual/lib/python3.8/site-packages/airflow/example_dags/example_setup_teardown.py
[2023-11-02T09:06:26.692-0500] {logging_mixin.py:151} INFO - [2023-11-02T09:06:26.692-0500] {dag.py:2941} INFO - Sync 1 DAGs
[2023-11-02T09:06:26.702-0500] {logging_mixin.py:151} INFO - [2023-11-02T09:06:26.701-0500] {dag.py:3722} INFO - Setting next_dagrun for example_setup_teardown to 2023-11-01T14:06:26.701837+00:00, run_after=2023-11-02T14:06:26.701837+00:00
[2023-11-02T09:06:26.713-0500] {processor.py:179} INFO - Processing /Users/dimz/EconWizard/hermesvirtual/lib/python3.8/site-packages/airflow/example_dags/example_setup_teardown.py took 0.155 seconds
[2023-11-02T09:08:31.686-0500] {processor.py:157} INFO - Started process (PID=94019) to work on /Users/dimz/EconWizard/hermesvirtual/lib/python3.8/site-packages/airflow/example_dags/example_setup_teardown.py
[2023-11-02T09:08:31.691-0500] {processor.py:829} INFO - Processing file /Users/dimz/EconWizard/hermesvirtual/lib/python3.8/site-packages/airflow/example_dags/example_setup_teardown.py for tasks to queue
[2023-11-02T09:08:31.691-0500] {logging_mixin.py:151} INFO - [2023-11-02T09:08:31.691-0500] {dagbag.py:536} INFO - Filling up the DagBag from /Users/dimz/EconWizard/hermesvirtual/lib/python3.8/site-packages/airflow/example_dags/example_setup_teardown.py
[2023-11-02T09:08:31.711-0500] {processor.py:839} INFO - DAG(s) dict_keys(['example_setup_teardown']) retrieved from /Users/dimz/EconWizard/hermesvirtual/lib/python3.8/site-packages/airflow/example_dags/example_setup_teardown.py
[2023-11-02T09:08:31.825-0500] {logging_mixin.py:151} INFO - [2023-11-02T09:08:31.825-0500] {dag.py:2941} INFO - Sync 1 DAGs
[2023-11-02T09:08:31.835-0500] {logging_mixin.py:151} INFO - [2023-11-02T09:08:31.835-0500] {dag.py:3722} INFO - Setting next_dagrun for example_setup_teardown to 2023-11-01T14:08:31.834983+00:00, run_after=2023-11-02T14:08:31.834983+00:00
[2023-11-02T09:08:31.846-0500] {processor.py:179} INFO - Processing /Users/dimz/EconWizard/hermesvirtual/lib/python3.8/site-packages/airflow/example_dags/example_setup_teardown.py took 0.160 seconds
[2023-11-02T09:10:38.563-0500] {processor.py:157} INFO - Started process (PID=94332) to work on /Users/dimz/EconWizard/hermesvirtual/lib/python3.8/site-packages/airflow/example_dags/example_setup_teardown.py
[2023-11-02T09:10:38.568-0500] {processor.py:829} INFO - Processing file /Users/dimz/EconWizard/hermesvirtual/lib/python3.8/site-packages/airflow/example_dags/example_setup_teardown.py for tasks to queue
[2023-11-02T09:10:38.569-0500] {logging_mixin.py:151} INFO - [2023-11-02T09:10:38.569-0500] {dagbag.py:536} INFO - Filling up the DagBag from /Users/dimz/EconWizard/hermesvirtual/lib/python3.8/site-packages/airflow/example_dags/example_setup_teardown.py
[2023-11-02T09:10:38.587-0500] {processor.py:839} INFO - DAG(s) dict_keys(['example_setup_teardown']) retrieved from /Users/dimz/EconWizard/hermesvirtual/lib/python3.8/site-packages/airflow/example_dags/example_setup_teardown.py
[2023-11-02T09:10:38.701-0500] {logging_mixin.py:151} INFO - [2023-11-02T09:10:38.701-0500] {dag.py:2941} INFO - Sync 1 DAGs
[2023-11-02T09:10:38.710-0500] {logging_mixin.py:151} INFO - [2023-11-02T09:10:38.710-0500] {dag.py:3722} INFO - Setting next_dagrun for example_setup_teardown to 2023-11-01T14:10:38.710717+00:00, run_after=2023-11-02T14:10:38.710717+00:00
[2023-11-02T09:10:38.722-0500] {processor.py:179} INFO - Processing /Users/dimz/EconWizard/hermesvirtual/lib/python3.8/site-packages/airflow/example_dags/example_setup_teardown.py took 0.159 seconds
[2023-11-02T09:12:47.610-0500] {processor.py:157} INFO - Started process (PID=94498) to work on /Users/dimz/EconWizard/hermesvirtual/lib/python3.8/site-packages/airflow/example_dags/example_setup_teardown.py
[2023-11-02T09:12:47.616-0500] {processor.py:829} INFO - Processing file /Users/dimz/EconWizard/hermesvirtual/lib/python3.8/site-packages/airflow/example_dags/example_setup_teardown.py for tasks to queue
[2023-11-02T09:12:47.616-0500] {logging_mixin.py:151} INFO - [2023-11-02T09:12:47.616-0500] {dagbag.py:536} INFO - Filling up the DagBag from /Users/dimz/EconWizard/hermesvirtual/lib/python3.8/site-packages/airflow/example_dags/example_setup_teardown.py
[2023-11-02T09:12:47.632-0500] {processor.py:839} INFO - DAG(s) dict_keys(['example_setup_teardown']) retrieved from /Users/dimz/EconWizard/hermesvirtual/lib/python3.8/site-packages/airflow/example_dags/example_setup_teardown.py
[2023-11-02T09:12:47.737-0500] {logging_mixin.py:151} INFO - [2023-11-02T09:12:47.737-0500] {dag.py:2941} INFO - Sync 1 DAGs
[2023-11-02T09:12:47.746-0500] {logging_mixin.py:151} INFO - [2023-11-02T09:12:47.746-0500] {dag.py:3722} INFO - Setting next_dagrun for example_setup_teardown to 2023-11-01T14:12:47.746691+00:00, run_after=2023-11-02T14:12:47.746691+00:00
[2023-11-02T09:12:47.757-0500] {processor.py:179} INFO - Processing /Users/dimz/EconWizard/hermesvirtual/lib/python3.8/site-packages/airflow/example_dags/example_setup_teardown.py took 0.147 seconds
[2023-11-02T09:14:54.530-0500] {processor.py:157} INFO - Started process (PID=94632) to work on /Users/dimz/EconWizard/hermesvirtual/lib/python3.8/site-packages/airflow/example_dags/example_setup_teardown.py
[2023-11-02T09:14:54.535-0500] {processor.py:829} INFO - Processing file /Users/dimz/EconWizard/hermesvirtual/lib/python3.8/site-packages/airflow/example_dags/example_setup_teardown.py for tasks to queue
[2023-11-02T09:14:54.535-0500] {logging_mixin.py:151} INFO - [2023-11-02T09:14:54.535-0500] {dagbag.py:536} INFO - Filling up the DagBag from /Users/dimz/EconWizard/hermesvirtual/lib/python3.8/site-packages/airflow/example_dags/example_setup_teardown.py
[2023-11-02T09:14:54.551-0500] {processor.py:839} INFO - DAG(s) dict_keys(['example_setup_teardown']) retrieved from /Users/dimz/EconWizard/hermesvirtual/lib/python3.8/site-packages/airflow/example_dags/example_setup_teardown.py
[2023-11-02T09:14:54.654-0500] {logging_mixin.py:151} INFO - [2023-11-02T09:14:54.654-0500] {dag.py:2941} INFO - Sync 1 DAGs
[2023-11-02T09:14:54.663-0500] {logging_mixin.py:151} INFO - [2023-11-02T09:14:54.663-0500] {dag.py:3722} INFO - Setting next_dagrun for example_setup_teardown to 2023-11-01T14:14:54.663461+00:00, run_after=2023-11-02T14:14:54.663461+00:00
[2023-11-02T09:14:54.673-0500] {processor.py:179} INFO - Processing /Users/dimz/EconWizard/hermesvirtual/lib/python3.8/site-packages/airflow/example_dags/example_setup_teardown.py took 0.144 seconds
[2023-11-02T09:16:58.677-0500] {processor.py:157} INFO - Started process (PID=94772) to work on /Users/dimz/EconWizard/hermesvirtual/lib/python3.8/site-packages/airflow/example_dags/example_setup_teardown.py
[2023-11-02T09:16:58.682-0500] {processor.py:829} INFO - Processing file /Users/dimz/EconWizard/hermesvirtual/lib/python3.8/site-packages/airflow/example_dags/example_setup_teardown.py for tasks to queue
[2023-11-02T09:16:58.682-0500] {logging_mixin.py:151} INFO - [2023-11-02T09:16:58.682-0500] {dagbag.py:536} INFO - Filling up the DagBag from /Users/dimz/EconWizard/hermesvirtual/lib/python3.8/site-packages/airflow/example_dags/example_setup_teardown.py
[2023-11-02T09:16:58.700-0500] {processor.py:839} INFO - DAG(s) dict_keys(['example_setup_teardown']) retrieved from /Users/dimz/EconWizard/hermesvirtual/lib/python3.8/site-packages/airflow/example_dags/example_setup_teardown.py
[2023-11-02T09:16:58.815-0500] {logging_mixin.py:151} INFO - [2023-11-02T09:16:58.815-0500] {dag.py:2941} INFO - Sync 1 DAGs
[2023-11-02T09:16:58.825-0500] {logging_mixin.py:151} INFO - [2023-11-02T09:16:58.825-0500] {dag.py:3722} INFO - Setting next_dagrun for example_setup_teardown to 2023-11-01T14:16:58.825079+00:00, run_after=2023-11-02T14:16:58.825079+00:00
[2023-11-02T09:16:58.836-0500] {processor.py:179} INFO - Processing /Users/dimz/EconWizard/hermesvirtual/lib/python3.8/site-packages/airflow/example_dags/example_setup_teardown.py took 0.160 seconds
[2023-11-02T09:19:04.213-0500] {processor.py:157} INFO - Started process (PID=94946) to work on /Users/dimz/EconWizard/hermesvirtual/lib/python3.8/site-packages/airflow/example_dags/example_setup_teardown.py
[2023-11-02T09:19:04.218-0500] {processor.py:829} INFO - Processing file /Users/dimz/EconWizard/hermesvirtual/lib/python3.8/site-packages/airflow/example_dags/example_setup_teardown.py for tasks to queue
[2023-11-02T09:19:04.218-0500] {logging_mixin.py:151} INFO - [2023-11-02T09:19:04.218-0500] {dagbag.py:536} INFO - Filling up the DagBag from /Users/dimz/EconWizard/hermesvirtual/lib/python3.8/site-packages/airflow/example_dags/example_setup_teardown.py
[2023-11-02T09:19:04.237-0500] {processor.py:839} INFO - DAG(s) dict_keys(['example_setup_teardown']) retrieved from /Users/dimz/EconWizard/hermesvirtual/lib/python3.8/site-packages/airflow/example_dags/example_setup_teardown.py
[2023-11-02T09:19:04.354-0500] {logging_mixin.py:151} INFO - [2023-11-02T09:19:04.354-0500] {dag.py:2941} INFO - Sync 1 DAGs
[2023-11-02T09:19:04.364-0500] {logging_mixin.py:151} INFO - [2023-11-02T09:19:04.364-0500] {dag.py:3722} INFO - Setting next_dagrun for example_setup_teardown to 2023-11-01T14:19:04.364554+00:00, run_after=2023-11-02T14:19:04.364554+00:00
[2023-11-02T09:19:04.377-0500] {processor.py:179} INFO - Processing /Users/dimz/EconWizard/hermesvirtual/lib/python3.8/site-packages/airflow/example_dags/example_setup_teardown.py took 0.165 seconds
[2023-11-02T09:21:11.707-0500] {processor.py:157} INFO - Started process (PID=95102) to work on /Users/dimz/EconWizard/hermesvirtual/lib/python3.8/site-packages/airflow/example_dags/example_setup_teardown.py
[2023-11-02T09:21:11.712-0500] {processor.py:829} INFO - Processing file /Users/dimz/EconWizard/hermesvirtual/lib/python3.8/site-packages/airflow/example_dags/example_setup_teardown.py for tasks to queue
[2023-11-02T09:21:11.713-0500] {logging_mixin.py:151} INFO - [2023-11-02T09:21:11.713-0500] {dagbag.py:536} INFO - Filling up the DagBag from /Users/dimz/EconWizard/hermesvirtual/lib/python3.8/site-packages/airflow/example_dags/example_setup_teardown.py
[2023-11-02T09:21:11.731-0500] {processor.py:839} INFO - DAG(s) dict_keys(['example_setup_teardown']) retrieved from /Users/dimz/EconWizard/hermesvirtual/lib/python3.8/site-packages/airflow/example_dags/example_setup_teardown.py
[2023-11-02T09:21:11.846-0500] {logging_mixin.py:151} INFO - [2023-11-02T09:21:11.846-0500] {dag.py:2941} INFO - Sync 1 DAGs
[2023-11-02T09:21:11.856-0500] {logging_mixin.py:151} INFO - [2023-11-02T09:21:11.856-0500] {dag.py:3722} INFO - Setting next_dagrun for example_setup_teardown to 2023-11-01T14:21:11.856328+00:00, run_after=2023-11-02T14:21:11.856328+00:00
[2023-11-02T09:21:11.868-0500] {processor.py:179} INFO - Processing /Users/dimz/EconWizard/hermesvirtual/lib/python3.8/site-packages/airflow/example_dags/example_setup_teardown.py took 0.162 seconds
[2023-11-02T09:23:20.770-0500] {processor.py:157} INFO - Started process (PID=95293) to work on /Users/dimz/EconWizard/hermesvirtual/lib/python3.8/site-packages/airflow/example_dags/example_setup_teardown.py
[2023-11-02T09:23:20.776-0500] {processor.py:829} INFO - Processing file /Users/dimz/EconWizard/hermesvirtual/lib/python3.8/site-packages/airflow/example_dags/example_setup_teardown.py for tasks to queue
[2023-11-02T09:23:20.776-0500] {logging_mixin.py:151} INFO - [2023-11-02T09:23:20.776-0500] {dagbag.py:536} INFO - Filling up the DagBag from /Users/dimz/EconWizard/hermesvirtual/lib/python3.8/site-packages/airflow/example_dags/example_setup_teardown.py
[2023-11-02T09:23:20.794-0500] {processor.py:839} INFO - DAG(s) dict_keys(['example_setup_teardown']) retrieved from /Users/dimz/EconWizard/hermesvirtual/lib/python3.8/site-packages/airflow/example_dags/example_setup_teardown.py
[2023-11-02T09:23:20.911-0500] {logging_mixin.py:151} INFO - [2023-11-02T09:23:20.911-0500] {dag.py:2941} INFO - Sync 1 DAGs
[2023-11-02T09:23:20.922-0500] {logging_mixin.py:151} INFO - [2023-11-02T09:23:20.922-0500] {dag.py:3722} INFO - Setting next_dagrun for example_setup_teardown to 2023-11-01T14:23:20.922697+00:00, run_after=2023-11-02T14:23:20.922697+00:00
[2023-11-02T09:23:20.935-0500] {processor.py:179} INFO - Processing /Users/dimz/EconWizard/hermesvirtual/lib/python3.8/site-packages/airflow/example_dags/example_setup_teardown.py took 0.165 seconds
[2023-11-02T09:25:25.950-0500] {processor.py:157} INFO - Started process (PID=95540) to work on /Users/dimz/EconWizard/hermesvirtual/lib/python3.8/site-packages/airflow/example_dags/example_setup_teardown.py
[2023-11-02T09:25:25.956-0500] {processor.py:829} INFO - Processing file /Users/dimz/EconWizard/hermesvirtual/lib/python3.8/site-packages/airflow/example_dags/example_setup_teardown.py for tasks to queue
[2023-11-02T09:25:25.956-0500] {logging_mixin.py:151} INFO - [2023-11-02T09:25:25.956-0500] {dagbag.py:536} INFO - Filling up the DagBag from /Users/dimz/EconWizard/hermesvirtual/lib/python3.8/site-packages/airflow/example_dags/example_setup_teardown.py
[2023-11-02T09:25:25.973-0500] {processor.py:839} INFO - DAG(s) dict_keys(['example_setup_teardown']) retrieved from /Users/dimz/EconWizard/hermesvirtual/lib/python3.8/site-packages/airflow/example_dags/example_setup_teardown.py
[2023-11-02T09:25:26.076-0500] {logging_mixin.py:151} INFO - [2023-11-02T09:25:26.076-0500] {dag.py:2941} INFO - Sync 1 DAGs
[2023-11-02T09:25:26.085-0500] {logging_mixin.py:151} INFO - [2023-11-02T09:25:26.085-0500] {dag.py:3722} INFO - Setting next_dagrun for example_setup_teardown to 2023-11-01T14:25:26.085185+00:00, run_after=2023-11-02T14:25:26.085185+00:00
[2023-11-02T09:25:26.095-0500] {processor.py:179} INFO - Processing /Users/dimz/EconWizard/hermesvirtual/lib/python3.8/site-packages/airflow/example_dags/example_setup_teardown.py took 0.145 seconds
[2023-11-02T09:28:11.833-0500] {processor.py:157} INFO - Started process (PID=95779) to work on /Users/dimz/EconWizard/hermesvirtual/lib/python3.8/site-packages/airflow/example_dags/example_setup_teardown.py
[2023-11-02T09:28:11.838-0500] {processor.py:829} INFO - Processing file /Users/dimz/EconWizard/hermesvirtual/lib/python3.8/site-packages/airflow/example_dags/example_setup_teardown.py for tasks to queue
[2023-11-02T09:28:11.838-0500] {logging_mixin.py:151} INFO - [2023-11-02T09:28:11.838-0500] {dagbag.py:536} INFO - Filling up the DagBag from /Users/dimz/EconWizard/hermesvirtual/lib/python3.8/site-packages/airflow/example_dags/example_setup_teardown.py
[2023-11-02T09:28:11.854-0500] {processor.py:839} INFO - DAG(s) dict_keys(['example_setup_teardown']) retrieved from /Users/dimz/EconWizard/hermesvirtual/lib/python3.8/site-packages/airflow/example_dags/example_setup_teardown.py
[2023-11-02T09:28:11.958-0500] {logging_mixin.py:151} INFO - [2023-11-02T09:28:11.958-0500] {dag.py:2941} INFO - Sync 1 DAGs
[2023-11-02T09:28:11.967-0500] {logging_mixin.py:151} INFO - [2023-11-02T09:28:11.967-0500] {dag.py:3722} INFO - Setting next_dagrun for example_setup_teardown to 2023-11-01T14:28:11.967261+00:00, run_after=2023-11-02T14:28:11.967261+00:00
[2023-11-02T09:28:11.977-0500] {processor.py:179} INFO - Processing /Users/dimz/EconWizard/hermesvirtual/lib/python3.8/site-packages/airflow/example_dags/example_setup_teardown.py took 0.145 seconds
[2023-11-02T09:30:31.803-0500] {processor.py:157} INFO - Started process (PID=95965) to work on /Users/dimz/EconWizard/hermesvirtual/lib/python3.8/site-packages/airflow/example_dags/example_setup_teardown.py
[2023-11-02T09:30:31.808-0500] {processor.py:829} INFO - Processing file /Users/dimz/EconWizard/hermesvirtual/lib/python3.8/site-packages/airflow/example_dags/example_setup_teardown.py for tasks to queue
[2023-11-02T09:30:31.808-0500] {logging_mixin.py:151} INFO - [2023-11-02T09:30:31.808-0500] {dagbag.py:536} INFO - Filling up the DagBag from /Users/dimz/EconWizard/hermesvirtual/lib/python3.8/site-packages/airflow/example_dags/example_setup_teardown.py
[2023-11-02T09:30:31.825-0500] {processor.py:839} INFO - DAG(s) dict_keys(['example_setup_teardown']) retrieved from /Users/dimz/EconWizard/hermesvirtual/lib/python3.8/site-packages/airflow/example_dags/example_setup_teardown.py
[2023-11-02T09:30:31.928-0500] {logging_mixin.py:151} INFO - [2023-11-02T09:30:31.928-0500] {dag.py:2941} INFO - Sync 1 DAGs
[2023-11-02T09:30:31.937-0500] {logging_mixin.py:151} INFO - [2023-11-02T09:30:31.937-0500] {dag.py:3722} INFO - Setting next_dagrun for example_setup_teardown to 2023-11-01T14:30:31.937456+00:00, run_after=2023-11-02T14:30:31.937456+00:00
[2023-11-02T09:30:31.948-0500] {processor.py:179} INFO - Processing /Users/dimz/EconWizard/hermesvirtual/lib/python3.8/site-packages/airflow/example_dags/example_setup_teardown.py took 0.145 seconds
[2023-11-02T10:13:22.314-0500] {processor.py:157} INFO - Started process (PID=97548) to work on /Users/dimz/EconWizard/hermesvirtual/lib/python3.8/site-packages/airflow/example_dags/example_setup_teardown.py
[2023-11-02T10:13:22.319-0500] {processor.py:829} INFO - Processing file /Users/dimz/EconWizard/hermesvirtual/lib/python3.8/site-packages/airflow/example_dags/example_setup_teardown.py for tasks to queue
[2023-11-02T10:13:22.319-0500] {logging_mixin.py:151} INFO - [2023-11-02T10:13:22.319-0500] {dagbag.py:536} INFO - Filling up the DagBag from /Users/dimz/EconWizard/hermesvirtual/lib/python3.8/site-packages/airflow/example_dags/example_setup_teardown.py
[2023-11-02T10:13:22.336-0500] {processor.py:839} INFO - DAG(s) dict_keys(['example_setup_teardown']) retrieved from /Users/dimz/EconWizard/hermesvirtual/lib/python3.8/site-packages/airflow/example_dags/example_setup_teardown.py
[2023-11-02T10:13:22.449-0500] {logging_mixin.py:151} INFO - [2023-11-02T10:13:22.449-0500] {dag.py:2941} INFO - Sync 1 DAGs
[2023-11-02T10:13:22.460-0500] {logging_mixin.py:151} INFO - [2023-11-02T10:13:22.459-0500] {dag.py:3722} INFO - Setting next_dagrun for example_setup_teardown to 2023-11-01T15:13:22.459828+00:00, run_after=2023-11-02T15:13:22.459828+00:00
[2023-11-02T10:13:22.471-0500] {processor.py:179} INFO - Processing /Users/dimz/EconWizard/hermesvirtual/lib/python3.8/site-packages/airflow/example_dags/example_setup_teardown.py took 0.158 seconds
[2023-11-02T10:14:53.618-0500] {processor.py:157} INFO - Started process (PID=97645) to work on /Users/dimz/EconWizard/hermesvirtual/lib/python3.8/site-packages/airflow/example_dags/example_setup_teardown.py
[2023-11-02T10:14:53.623-0500] {processor.py:829} INFO - Processing file /Users/dimz/EconWizard/hermesvirtual/lib/python3.8/site-packages/airflow/example_dags/example_setup_teardown.py for tasks to queue
[2023-11-02T10:14:53.623-0500] {logging_mixin.py:151} INFO - [2023-11-02T10:14:53.623-0500] {dagbag.py:536} INFO - Filling up the DagBag from /Users/dimz/EconWizard/hermesvirtual/lib/python3.8/site-packages/airflow/example_dags/example_setup_teardown.py
[2023-11-02T10:14:53.639-0500] {processor.py:839} INFO - DAG(s) dict_keys(['example_setup_teardown']) retrieved from /Users/dimz/EconWizard/hermesvirtual/lib/python3.8/site-packages/airflow/example_dags/example_setup_teardown.py
[2023-11-02T10:14:53.744-0500] {logging_mixin.py:151} INFO - [2023-11-02T10:14:53.744-0500] {dag.py:2941} INFO - Sync 1 DAGs
[2023-11-02T10:14:53.753-0500] {logging_mixin.py:151} INFO - [2023-11-02T10:14:53.753-0500] {dag.py:3722} INFO - Setting next_dagrun for example_setup_teardown to 2023-11-01T15:14:53.753689+00:00, run_after=2023-11-02T15:14:53.753689+00:00
[2023-11-02T10:14:53.764-0500] {processor.py:179} INFO - Processing /Users/dimz/EconWizard/hermesvirtual/lib/python3.8/site-packages/airflow/example_dags/example_setup_teardown.py took 0.146 seconds
[2023-11-02T10:39:09.563-0500] {processor.py:157} INFO - Started process (PID=99879) to work on /Users/dimz/EconWizard/hermesvirtual/lib/python3.8/site-packages/airflow/example_dags/example_setup_teardown.py
[2023-11-02T10:39:09.567-0500] {processor.py:829} INFO - Processing file /Users/dimz/EconWizard/hermesvirtual/lib/python3.8/site-packages/airflow/example_dags/example_setup_teardown.py for tasks to queue
[2023-11-02T10:39:09.568-0500] {logging_mixin.py:151} INFO - [2023-11-02T10:39:09.568-0500] {dagbag.py:536} INFO - Filling up the DagBag from /Users/dimz/EconWizard/hermesvirtual/lib/python3.8/site-packages/airflow/example_dags/example_setup_teardown.py
[2023-11-02T10:39:09.585-0500] {processor.py:839} INFO - DAG(s) dict_keys(['example_setup_teardown']) retrieved from /Users/dimz/EconWizard/hermesvirtual/lib/python3.8/site-packages/airflow/example_dags/example_setup_teardown.py
[2023-11-02T10:39:09.696-0500] {logging_mixin.py:151} INFO - [2023-11-02T10:39:09.696-0500] {dag.py:2941} INFO - Sync 1 DAGs
[2023-11-02T10:39:09.706-0500] {logging_mixin.py:151} INFO - [2023-11-02T10:39:09.706-0500] {dag.py:3722} INFO - Setting next_dagrun for example_setup_teardown to 2023-11-01T15:39:09.706667+00:00, run_after=2023-11-02T15:39:09.706667+00:00
[2023-11-02T10:39:09.717-0500] {processor.py:179} INFO - Processing /Users/dimz/EconWizard/hermesvirtual/lib/python3.8/site-packages/airflow/example_dags/example_setup_teardown.py took 0.155 seconds
[2023-11-02T10:40:43.484-0500] {processor.py:157} INFO - Started process (PID=99997) to work on /Users/dimz/EconWizard/hermesvirtual/lib/python3.8/site-packages/airflow/example_dags/example_setup_teardown.py
[2023-11-02T10:40:43.489-0500] {processor.py:829} INFO - Processing file /Users/dimz/EconWizard/hermesvirtual/lib/python3.8/site-packages/airflow/example_dags/example_setup_teardown.py for tasks to queue
[2023-11-02T10:40:43.490-0500] {logging_mixin.py:151} INFO - [2023-11-02T10:40:43.489-0500] {dagbag.py:536} INFO - Filling up the DagBag from /Users/dimz/EconWizard/hermesvirtual/lib/python3.8/site-packages/airflow/example_dags/example_setup_teardown.py
[2023-11-02T10:40:43.509-0500] {processor.py:839} INFO - DAG(s) dict_keys(['example_setup_teardown']) retrieved from /Users/dimz/EconWizard/hermesvirtual/lib/python3.8/site-packages/airflow/example_dags/example_setup_teardown.py
[2023-11-02T10:40:43.616-0500] {logging_mixin.py:151} INFO - [2023-11-02T10:40:43.616-0500] {dag.py:2941} INFO - Sync 1 DAGs
[2023-11-02T10:40:43.625-0500] {logging_mixin.py:151} INFO - [2023-11-02T10:40:43.625-0500] {dag.py:3722} INFO - Setting next_dagrun for example_setup_teardown to 2023-11-01T15:40:43.625037+00:00, run_after=2023-11-02T15:40:43.625037+00:00
[2023-11-02T10:40:43.635-0500] {processor.py:179} INFO - Processing /Users/dimz/EconWizard/hermesvirtual/lib/python3.8/site-packages/airflow/example_dags/example_setup_teardown.py took 0.152 seconds
[2023-11-02T10:42:46.048-0500] {processor.py:157} INFO - Started process (PID=330) to work on /Users/dimz/EconWizard/hermesvirtual/lib/python3.8/site-packages/airflow/example_dags/example_setup_teardown.py
[2023-11-02T10:42:46.053-0500] {processor.py:829} INFO - Processing file /Users/dimz/EconWizard/hermesvirtual/lib/python3.8/site-packages/airflow/example_dags/example_setup_teardown.py for tasks to queue
[2023-11-02T10:42:46.053-0500] {logging_mixin.py:151} INFO - [2023-11-02T10:42:46.053-0500] {dagbag.py:536} INFO - Filling up the DagBag from /Users/dimz/EconWizard/hermesvirtual/lib/python3.8/site-packages/airflow/example_dags/example_setup_teardown.py
[2023-11-02T10:42:46.069-0500] {processor.py:839} INFO - DAG(s) dict_keys(['example_setup_teardown']) retrieved from /Users/dimz/EconWizard/hermesvirtual/lib/python3.8/site-packages/airflow/example_dags/example_setup_teardown.py
[2023-11-02T10:42:46.181-0500] {logging_mixin.py:151} INFO - [2023-11-02T10:42:46.181-0500] {dag.py:2941} INFO - Sync 1 DAGs
[2023-11-02T10:42:46.190-0500] {logging_mixin.py:151} INFO - [2023-11-02T10:42:46.190-0500] {dag.py:3722} INFO - Setting next_dagrun for example_setup_teardown to 2023-11-01T15:42:46.190438+00:00, run_after=2023-11-02T15:42:46.190438+00:00
[2023-11-02T10:42:46.201-0500] {processor.py:179} INFO - Processing /Users/dimz/EconWizard/hermesvirtual/lib/python3.8/site-packages/airflow/example_dags/example_setup_teardown.py took 0.154 seconds
