[2023-11-01T21:36:04.528-0500] {processor.py:157} INFO - Started process (PID=87735) to work on /Users/dimz/EconWizard/hermesvirtual/lib/python3.8/site-packages/airflow/example_dags/example_local_kubernetes_executor.py
[2023-11-01T21:36:04.531-0500] {processor.py:829} INFO - Processing file /Users/dimz/EconWizard/hermesvirtual/lib/python3.8/site-packages/airflow/example_dags/example_local_kubernetes_executor.py for tasks to queue
[2023-11-01T21:36:04.532-0500] {logging_mixin.py:151} INFO - [2023-11-01T21:36:04.532-0500] {dagbag.py:536} INFO - Filling up the DagBag from /Users/dimz/EconWizard/hermesvirtual/lib/python3.8/site-packages/airflow/example_dags/example_local_kubernetes_executor.py
[2023-11-01T21:36:04.561-0500] {logging_mixin.py:151} INFO - [2023-11-01T21:36:04.561-0500] {example_local_kubernetes_executor.py:39} WARNING - Could not import DAGs in example_local_kubernetes_executor.py
Traceback (most recent call last):
  File "/Users/dimz/EconWizard/hermesvirtual/lib/python3.8/site-packages/airflow/example_dags/example_local_kubernetes_executor.py", line 37, in <module>
    from kubernetes.client import models as k8s
ModuleNotFoundError: No module named 'kubernetes'
[2023-11-01T21:36:04.561-0500] {logging_mixin.py:151} INFO - [2023-11-01T21:36:04.561-0500] {example_local_kubernetes_executor.py:40} WARNING - Install Kubernetes dependencies with: pip install apache-airflow[cncf.kubernetes]
[2023-11-01T21:36:04.561-0500] {processor.py:841} WARNING - No viable dags retrieved from /Users/dimz/EconWizard/hermesvirtual/lib/python3.8/site-packages/airflow/example_dags/example_local_kubernetes_executor.py
[2023-11-01T21:36:04.625-0500] {processor.py:179} INFO - Processing /Users/dimz/EconWizard/hermesvirtual/lib/python3.8/site-packages/airflow/example_dags/example_local_kubernetes_executor.py took 0.098 seconds
[2023-11-01T21:37:32.768-0500] {processor.py:157} INFO - Started process (PID=87891) to work on /Users/dimz/EconWizard/hermesvirtual/lib/python3.8/site-packages/airflow/example_dags/example_local_kubernetes_executor.py
[2023-11-01T21:37:32.773-0500] {processor.py:829} INFO - Processing file /Users/dimz/EconWizard/hermesvirtual/lib/python3.8/site-packages/airflow/example_dags/example_local_kubernetes_executor.py for tasks to queue
[2023-11-01T21:37:32.774-0500] {logging_mixin.py:151} INFO - [2023-11-01T21:37:32.773-0500] {dagbag.py:536} INFO - Filling up the DagBag from /Users/dimz/EconWizard/hermesvirtual/lib/python3.8/site-packages/airflow/example_dags/example_local_kubernetes_executor.py
[2023-11-01T21:37:32.803-0500] {logging_mixin.py:151} INFO - [2023-11-01T21:37:32.803-0500] {example_local_kubernetes_executor.py:39} WARNING - Could not import DAGs in example_local_kubernetes_executor.py
Traceback (most recent call last):
  File "/Users/dimz/EconWizard/hermesvirtual/lib/python3.8/site-packages/airflow/example_dags/example_local_kubernetes_executor.py", line 37, in <module>
    from kubernetes.client import models as k8s
ModuleNotFoundError: No module named 'kubernetes'
[2023-11-01T21:37:32.803-0500] {logging_mixin.py:151} INFO - [2023-11-01T21:37:32.803-0500] {example_local_kubernetes_executor.py:40} WARNING - Install Kubernetes dependencies with: pip install apache-airflow[cncf.kubernetes]
[2023-11-01T21:37:32.803-0500] {processor.py:841} WARNING - No viable dags retrieved from /Users/dimz/EconWizard/hermesvirtual/lib/python3.8/site-packages/airflow/example_dags/example_local_kubernetes_executor.py
[2023-11-01T21:37:32.868-0500] {processor.py:179} INFO - Processing /Users/dimz/EconWizard/hermesvirtual/lib/python3.8/site-packages/airflow/example_dags/example_local_kubernetes_executor.py took 0.100 seconds
[2023-11-01T21:39:24.812-0500] {processor.py:157} INFO - Started process (PID=88085) to work on /Users/dimz/EconWizard/hermesvirtual/lib/python3.8/site-packages/airflow/example_dags/example_local_kubernetes_executor.py
[2023-11-01T21:39:24.817-0500] {processor.py:829} INFO - Processing file /Users/dimz/EconWizard/hermesvirtual/lib/python3.8/site-packages/airflow/example_dags/example_local_kubernetes_executor.py for tasks to queue
[2023-11-01T21:39:24.817-0500] {logging_mixin.py:151} INFO - [2023-11-01T21:39:24.817-0500] {dagbag.py:536} INFO - Filling up the DagBag from /Users/dimz/EconWizard/hermesvirtual/lib/python3.8/site-packages/airflow/example_dags/example_local_kubernetes_executor.py
[2023-11-01T21:39:24.849-0500] {logging_mixin.py:151} INFO - [2023-11-01T21:39:24.849-0500] {example_local_kubernetes_executor.py:39} WARNING - Could not import DAGs in example_local_kubernetes_executor.py
Traceback (most recent call last):
  File "/Users/dimz/EconWizard/hermesvirtual/lib/python3.8/site-packages/airflow/example_dags/example_local_kubernetes_executor.py", line 37, in <module>
    from kubernetes.client import models as k8s
ModuleNotFoundError: No module named 'kubernetes'
[2023-11-01T21:39:24.849-0500] {logging_mixin.py:151} INFO - [2023-11-01T21:39:24.849-0500] {example_local_kubernetes_executor.py:40} WARNING - Install Kubernetes dependencies with: pip install apache-airflow[cncf.kubernetes]
[2023-11-01T21:39:24.849-0500] {processor.py:841} WARNING - No viable dags retrieved from /Users/dimz/EconWizard/hermesvirtual/lib/python3.8/site-packages/airflow/example_dags/example_local_kubernetes_executor.py
[2023-11-01T21:39:24.916-0500] {processor.py:179} INFO - Processing /Users/dimz/EconWizard/hermesvirtual/lib/python3.8/site-packages/airflow/example_dags/example_local_kubernetes_executor.py took 0.105 seconds
[2023-11-01T21:41:21.798-0500] {processor.py:157} INFO - Started process (PID=88373) to work on /Users/dimz/EconWizard/hermesvirtual/lib/python3.8/site-packages/airflow/example_dags/example_local_kubernetes_executor.py
[2023-11-01T21:41:21.803-0500] {processor.py:829} INFO - Processing file /Users/dimz/EconWizard/hermesvirtual/lib/python3.8/site-packages/airflow/example_dags/example_local_kubernetes_executor.py for tasks to queue
[2023-11-01T21:41:21.803-0500] {logging_mixin.py:151} INFO - [2023-11-01T21:41:21.803-0500] {dagbag.py:536} INFO - Filling up the DagBag from /Users/dimz/EconWizard/hermesvirtual/lib/python3.8/site-packages/airflow/example_dags/example_local_kubernetes_executor.py
[2023-11-01T21:41:21.836-0500] {logging_mixin.py:151} INFO - [2023-11-01T21:41:21.836-0500] {example_local_kubernetes_executor.py:39} WARNING - Could not import DAGs in example_local_kubernetes_executor.py
Traceback (most recent call last):
  File "/Users/dimz/EconWizard/hermesvirtual/lib/python3.8/site-packages/airflow/example_dags/example_local_kubernetes_executor.py", line 37, in <module>
    from kubernetes.client import models as k8s
ModuleNotFoundError: No module named 'kubernetes'
[2023-11-01T21:41:21.836-0500] {logging_mixin.py:151} INFO - [2023-11-01T21:41:21.836-0500] {example_local_kubernetes_executor.py:40} WARNING - Install Kubernetes dependencies with: pip install apache-airflow[cncf.kubernetes]
[2023-11-01T21:41:21.836-0500] {processor.py:841} WARNING - No viable dags retrieved from /Users/dimz/EconWizard/hermesvirtual/lib/python3.8/site-packages/airflow/example_dags/example_local_kubernetes_executor.py
[2023-11-01T21:41:21.936-0500] {processor.py:179} INFO - Processing /Users/dimz/EconWizard/hermesvirtual/lib/python3.8/site-packages/airflow/example_dags/example_local_kubernetes_executor.py took 0.138 seconds
[2023-11-01T21:43:15.418-0500] {processor.py:157} INFO - Started process (PID=88618) to work on /Users/dimz/EconWizard/hermesvirtual/lib/python3.8/site-packages/airflow/example_dags/example_local_kubernetes_executor.py
[2023-11-01T21:43:15.424-0500] {processor.py:829} INFO - Processing file /Users/dimz/EconWizard/hermesvirtual/lib/python3.8/site-packages/airflow/example_dags/example_local_kubernetes_executor.py for tasks to queue
[2023-11-01T21:43:15.424-0500] {logging_mixin.py:151} INFO - [2023-11-01T21:43:15.424-0500] {dagbag.py:536} INFO - Filling up the DagBag from /Users/dimz/EconWizard/hermesvirtual/lib/python3.8/site-packages/airflow/example_dags/example_local_kubernetes_executor.py
[2023-11-01T21:43:15.454-0500] {logging_mixin.py:151} INFO - [2023-11-01T21:43:15.453-0500] {example_local_kubernetes_executor.py:39} WARNING - Could not import DAGs in example_local_kubernetes_executor.py
Traceback (most recent call last):
  File "/Users/dimz/EconWizard/hermesvirtual/lib/python3.8/site-packages/airflow/example_dags/example_local_kubernetes_executor.py", line 37, in <module>
    from kubernetes.client import models as k8s
ModuleNotFoundError: No module named 'kubernetes'
[2023-11-01T21:43:15.454-0500] {logging_mixin.py:151} INFO - [2023-11-01T21:43:15.454-0500] {example_local_kubernetes_executor.py:40} WARNING - Install Kubernetes dependencies with: pip install apache-airflow[cncf.kubernetes]
[2023-11-01T21:43:15.454-0500] {processor.py:841} WARNING - No viable dags retrieved from /Users/dimz/EconWizard/hermesvirtual/lib/python3.8/site-packages/airflow/example_dags/example_local_kubernetes_executor.py
[2023-11-01T21:43:15.520-0500] {processor.py:179} INFO - Processing /Users/dimz/EconWizard/hermesvirtual/lib/python3.8/site-packages/airflow/example_dags/example_local_kubernetes_executor.py took 0.102 seconds
[2023-11-01T21:45:11.787-0500] {processor.py:157} INFO - Started process (PID=88770) to work on /Users/dimz/EconWizard/hermesvirtual/lib/python3.8/site-packages/airflow/example_dags/example_local_kubernetes_executor.py
[2023-11-01T21:45:11.792-0500] {processor.py:829} INFO - Processing file /Users/dimz/EconWizard/hermesvirtual/lib/python3.8/site-packages/airflow/example_dags/example_local_kubernetes_executor.py for tasks to queue
[2023-11-01T21:45:11.792-0500] {logging_mixin.py:151} INFO - [2023-11-01T21:45:11.792-0500] {dagbag.py:536} INFO - Filling up the DagBag from /Users/dimz/EconWizard/hermesvirtual/lib/python3.8/site-packages/airflow/example_dags/example_local_kubernetes_executor.py
[2023-11-01T21:45:11.827-0500] {logging_mixin.py:151} INFO - [2023-11-01T21:45:11.826-0500] {example_local_kubernetes_executor.py:39} WARNING - Could not import DAGs in example_local_kubernetes_executor.py
Traceback (most recent call last):
  File "/Users/dimz/EconWizard/hermesvirtual/lib/python3.8/site-packages/airflow/example_dags/example_local_kubernetes_executor.py", line 37, in <module>
    from kubernetes.client import models as k8s
ModuleNotFoundError: No module named 'kubernetes'
[2023-11-01T21:45:11.827-0500] {logging_mixin.py:151} INFO - [2023-11-01T21:45:11.827-0500] {example_local_kubernetes_executor.py:40} WARNING - Install Kubernetes dependencies with: pip install apache-airflow[cncf.kubernetes]
[2023-11-01T21:45:11.827-0500] {processor.py:841} WARNING - No viable dags retrieved from /Users/dimz/EconWizard/hermesvirtual/lib/python3.8/site-packages/airflow/example_dags/example_local_kubernetes_executor.py
[2023-11-01T21:45:11.904-0500] {processor.py:179} INFO - Processing /Users/dimz/EconWizard/hermesvirtual/lib/python3.8/site-packages/airflow/example_dags/example_local_kubernetes_executor.py took 0.118 seconds
[2023-11-01T21:47:14.427-0500] {processor.py:157} INFO - Started process (PID=89047) to work on /Users/dimz/EconWizard/hermesvirtual/lib/python3.8/site-packages/airflow/example_dags/example_local_kubernetes_executor.py
[2023-11-01T21:47:14.431-0500] {processor.py:829} INFO - Processing file /Users/dimz/EconWizard/hermesvirtual/lib/python3.8/site-packages/airflow/example_dags/example_local_kubernetes_executor.py for tasks to queue
[2023-11-01T21:47:14.431-0500] {logging_mixin.py:151} INFO - [2023-11-01T21:47:14.431-0500] {dagbag.py:536} INFO - Filling up the DagBag from /Users/dimz/EconWizard/hermesvirtual/lib/python3.8/site-packages/airflow/example_dags/example_local_kubernetes_executor.py
[2023-11-01T21:47:14.461-0500] {logging_mixin.py:151} INFO - [2023-11-01T21:47:14.460-0500] {example_local_kubernetes_executor.py:39} WARNING - Could not import DAGs in example_local_kubernetes_executor.py
Traceback (most recent call last):
  File "/Users/dimz/EconWizard/hermesvirtual/lib/python3.8/site-packages/airflow/example_dags/example_local_kubernetes_executor.py", line 37, in <module>
    from kubernetes.client import models as k8s
ModuleNotFoundError: No module named 'kubernetes'
[2023-11-01T21:47:14.461-0500] {logging_mixin.py:151} INFO - [2023-11-01T21:47:14.461-0500] {example_local_kubernetes_executor.py:40} WARNING - Install Kubernetes dependencies with: pip install apache-airflow[cncf.kubernetes]
[2023-11-01T21:47:14.461-0500] {processor.py:841} WARNING - No viable dags retrieved from /Users/dimz/EconWizard/hermesvirtual/lib/python3.8/site-packages/airflow/example_dags/example_local_kubernetes_executor.py
[2023-11-01T21:47:14.526-0500] {processor.py:179} INFO - Processing /Users/dimz/EconWizard/hermesvirtual/lib/python3.8/site-packages/airflow/example_dags/example_local_kubernetes_executor.py took 0.100 seconds
[2023-11-01T21:49:15.636-0500] {processor.py:157} INFO - Started process (PID=89191) to work on /Users/dimz/EconWizard/hermesvirtual/lib/python3.8/site-packages/airflow/example_dags/example_local_kubernetes_executor.py
[2023-11-01T21:49:15.641-0500] {processor.py:829} INFO - Processing file /Users/dimz/EconWizard/hermesvirtual/lib/python3.8/site-packages/airflow/example_dags/example_local_kubernetes_executor.py for tasks to queue
[2023-11-01T21:49:15.641-0500] {logging_mixin.py:151} INFO - [2023-11-01T21:49:15.641-0500] {dagbag.py:536} INFO - Filling up the DagBag from /Users/dimz/EconWizard/hermesvirtual/lib/python3.8/site-packages/airflow/example_dags/example_local_kubernetes_executor.py
[2023-11-01T21:49:15.672-0500] {logging_mixin.py:151} INFO - [2023-11-01T21:49:15.672-0500] {example_local_kubernetes_executor.py:39} WARNING - Could not import DAGs in example_local_kubernetes_executor.py
Traceback (most recent call last):
  File "/Users/dimz/EconWizard/hermesvirtual/lib/python3.8/site-packages/airflow/example_dags/example_local_kubernetes_executor.py", line 37, in <module>
    from kubernetes.client import models as k8s
ModuleNotFoundError: No module named 'kubernetes'
[2023-11-01T21:49:15.672-0500] {logging_mixin.py:151} INFO - [2023-11-01T21:49:15.672-0500] {example_local_kubernetes_executor.py:40} WARNING - Install Kubernetes dependencies with: pip install apache-airflow[cncf.kubernetes]
[2023-11-01T21:49:15.672-0500] {processor.py:841} WARNING - No viable dags retrieved from /Users/dimz/EconWizard/hermesvirtual/lib/python3.8/site-packages/airflow/example_dags/example_local_kubernetes_executor.py
[2023-11-01T21:49:15.739-0500] {processor.py:179} INFO - Processing /Users/dimz/EconWizard/hermesvirtual/lib/python3.8/site-packages/airflow/example_dags/example_local_kubernetes_executor.py took 0.104 seconds
[2023-11-01T21:51:15.750-0500] {processor.py:157} INFO - Started process (PID=89373) to work on /Users/dimz/EconWizard/hermesvirtual/lib/python3.8/site-packages/airflow/example_dags/example_local_kubernetes_executor.py
[2023-11-01T21:51:15.755-0500] {processor.py:829} INFO - Processing file /Users/dimz/EconWizard/hermesvirtual/lib/python3.8/site-packages/airflow/example_dags/example_local_kubernetes_executor.py for tasks to queue
[2023-11-01T21:51:15.756-0500] {logging_mixin.py:151} INFO - [2023-11-01T21:51:15.756-0500] {dagbag.py:536} INFO - Filling up the DagBag from /Users/dimz/EconWizard/hermesvirtual/lib/python3.8/site-packages/airflow/example_dags/example_local_kubernetes_executor.py
[2023-11-01T21:51:15.786-0500] {logging_mixin.py:151} INFO - [2023-11-01T21:51:15.786-0500] {example_local_kubernetes_executor.py:39} WARNING - Could not import DAGs in example_local_kubernetes_executor.py
Traceback (most recent call last):
  File "/Users/dimz/EconWizard/hermesvirtual/lib/python3.8/site-packages/airflow/example_dags/example_local_kubernetes_executor.py", line 37, in <module>
    from kubernetes.client import models as k8s
ModuleNotFoundError: No module named 'kubernetes'
[2023-11-01T21:51:15.786-0500] {logging_mixin.py:151} INFO - [2023-11-01T21:51:15.786-0500] {example_local_kubernetes_executor.py:40} WARNING - Install Kubernetes dependencies with: pip install apache-airflow[cncf.kubernetes]
[2023-11-01T21:51:15.786-0500] {processor.py:841} WARNING - No viable dags retrieved from /Users/dimz/EconWizard/hermesvirtual/lib/python3.8/site-packages/airflow/example_dags/example_local_kubernetes_executor.py
[2023-11-01T21:51:15.851-0500] {processor.py:179} INFO - Processing /Users/dimz/EconWizard/hermesvirtual/lib/python3.8/site-packages/airflow/example_dags/example_local_kubernetes_executor.py took 0.101 seconds
[2023-11-01T21:53:10.758-0500] {processor.py:157} INFO - Started process (PID=89535) to work on /Users/dimz/EconWizard/hermesvirtual/lib/python3.8/site-packages/airflow/example_dags/example_local_kubernetes_executor.py
[2023-11-01T21:53:10.763-0500] {processor.py:829} INFO - Processing file /Users/dimz/EconWizard/hermesvirtual/lib/python3.8/site-packages/airflow/example_dags/example_local_kubernetes_executor.py for tasks to queue
[2023-11-01T21:53:10.763-0500] {logging_mixin.py:151} INFO - [2023-11-01T21:53:10.763-0500] {dagbag.py:536} INFO - Filling up the DagBag from /Users/dimz/EconWizard/hermesvirtual/lib/python3.8/site-packages/airflow/example_dags/example_local_kubernetes_executor.py
[2023-11-01T21:53:10.794-0500] {logging_mixin.py:151} INFO - [2023-11-01T21:53:10.794-0500] {example_local_kubernetes_executor.py:39} WARNING - Could not import DAGs in example_local_kubernetes_executor.py
Traceback (most recent call last):
  File "/Users/dimz/EconWizard/hermesvirtual/lib/python3.8/site-packages/airflow/example_dags/example_local_kubernetes_executor.py", line 37, in <module>
    from kubernetes.client import models as k8s
ModuleNotFoundError: No module named 'kubernetes'
[2023-11-01T21:53:10.794-0500] {logging_mixin.py:151} INFO - [2023-11-01T21:53:10.794-0500] {example_local_kubernetes_executor.py:40} WARNING - Install Kubernetes dependencies with: pip install apache-airflow[cncf.kubernetes]
[2023-11-01T21:53:10.794-0500] {processor.py:841} WARNING - No viable dags retrieved from /Users/dimz/EconWizard/hermesvirtual/lib/python3.8/site-packages/airflow/example_dags/example_local_kubernetes_executor.py
[2023-11-01T21:53:10.860-0500] {processor.py:179} INFO - Processing /Users/dimz/EconWizard/hermesvirtual/lib/python3.8/site-packages/airflow/example_dags/example_local_kubernetes_executor.py took 0.102 seconds
[2023-11-01T21:55:13.037-0500] {processor.py:157} INFO - Started process (PID=89711) to work on /Users/dimz/EconWizard/hermesvirtual/lib/python3.8/site-packages/airflow/example_dags/example_local_kubernetes_executor.py
[2023-11-01T21:55:13.042-0500] {processor.py:829} INFO - Processing file /Users/dimz/EconWizard/hermesvirtual/lib/python3.8/site-packages/airflow/example_dags/example_local_kubernetes_executor.py for tasks to queue
[2023-11-01T21:55:13.043-0500] {logging_mixin.py:151} INFO - [2023-11-01T21:55:13.042-0500] {dagbag.py:536} INFO - Filling up the DagBag from /Users/dimz/EconWizard/hermesvirtual/lib/python3.8/site-packages/airflow/example_dags/example_local_kubernetes_executor.py
[2023-11-01T21:55:13.073-0500] {logging_mixin.py:151} INFO - [2023-11-01T21:55:13.073-0500] {example_local_kubernetes_executor.py:39} WARNING - Could not import DAGs in example_local_kubernetes_executor.py
Traceback (most recent call last):
  File "/Users/dimz/EconWizard/hermesvirtual/lib/python3.8/site-packages/airflow/example_dags/example_local_kubernetes_executor.py", line 37, in <module>
    from kubernetes.client import models as k8s
ModuleNotFoundError: No module named 'kubernetes'
[2023-11-01T21:55:13.073-0500] {logging_mixin.py:151} INFO - [2023-11-01T21:55:13.073-0500] {example_local_kubernetes_executor.py:40} WARNING - Install Kubernetes dependencies with: pip install apache-airflow[cncf.kubernetes]
[2023-11-01T21:55:13.073-0500] {processor.py:841} WARNING - No viable dags retrieved from /Users/dimz/EconWizard/hermesvirtual/lib/python3.8/site-packages/airflow/example_dags/example_local_kubernetes_executor.py
[2023-11-01T21:55:13.139-0500] {processor.py:179} INFO - Processing /Users/dimz/EconWizard/hermesvirtual/lib/python3.8/site-packages/airflow/example_dags/example_local_kubernetes_executor.py took 0.102 seconds
[2023-11-01T21:57:08.824-0500] {processor.py:157} INFO - Started process (PID=89902) to work on /Users/dimz/EconWizard/hermesvirtual/lib/python3.8/site-packages/airflow/example_dags/example_local_kubernetes_executor.py
[2023-11-01T21:57:08.829-0500] {processor.py:829} INFO - Processing file /Users/dimz/EconWizard/hermesvirtual/lib/python3.8/site-packages/airflow/example_dags/example_local_kubernetes_executor.py for tasks to queue
[2023-11-01T21:57:08.829-0500] {logging_mixin.py:151} INFO - [2023-11-01T21:57:08.829-0500] {dagbag.py:536} INFO - Filling up the DagBag from /Users/dimz/EconWizard/hermesvirtual/lib/python3.8/site-packages/airflow/example_dags/example_local_kubernetes_executor.py
[2023-11-01T21:57:08.865-0500] {logging_mixin.py:151} INFO - [2023-11-01T21:57:08.864-0500] {example_local_kubernetes_executor.py:39} WARNING - Could not import DAGs in example_local_kubernetes_executor.py
Traceback (most recent call last):
  File "/Users/dimz/EconWizard/hermesvirtual/lib/python3.8/site-packages/airflow/example_dags/example_local_kubernetes_executor.py", line 37, in <module>
    from kubernetes.client import models as k8s
ModuleNotFoundError: No module named 'kubernetes'
[2023-11-01T21:57:08.865-0500] {logging_mixin.py:151} INFO - [2023-11-01T21:57:08.865-0500] {example_local_kubernetes_executor.py:40} WARNING - Install Kubernetes dependencies with: pip install apache-airflow[cncf.kubernetes]
[2023-11-01T21:57:08.865-0500] {processor.py:841} WARNING - No viable dags retrieved from /Users/dimz/EconWizard/hermesvirtual/lib/python3.8/site-packages/airflow/example_dags/example_local_kubernetes_executor.py
[2023-11-01T21:57:08.939-0500] {processor.py:179} INFO - Processing /Users/dimz/EconWizard/hermesvirtual/lib/python3.8/site-packages/airflow/example_dags/example_local_kubernetes_executor.py took 0.116 seconds
[2023-11-01T21:59:11.340-0500] {processor.py:157} INFO - Started process (PID=90063) to work on /Users/dimz/EconWizard/hermesvirtual/lib/python3.8/site-packages/airflow/example_dags/example_local_kubernetes_executor.py
[2023-11-01T21:59:11.345-0500] {processor.py:829} INFO - Processing file /Users/dimz/EconWizard/hermesvirtual/lib/python3.8/site-packages/airflow/example_dags/example_local_kubernetes_executor.py for tasks to queue
[2023-11-01T21:59:11.345-0500] {logging_mixin.py:151} INFO - [2023-11-01T21:59:11.345-0500] {dagbag.py:536} INFO - Filling up the DagBag from /Users/dimz/EconWizard/hermesvirtual/lib/python3.8/site-packages/airflow/example_dags/example_local_kubernetes_executor.py
[2023-11-01T21:59:11.375-0500] {logging_mixin.py:151} INFO - [2023-11-01T21:59:11.375-0500] {example_local_kubernetes_executor.py:39} WARNING - Could not import DAGs in example_local_kubernetes_executor.py
Traceback (most recent call last):
  File "/Users/dimz/EconWizard/hermesvirtual/lib/python3.8/site-packages/airflow/example_dags/example_local_kubernetes_executor.py", line 37, in <module>
    from kubernetes.client import models as k8s
ModuleNotFoundError: No module named 'kubernetes'
[2023-11-01T21:59:11.375-0500] {logging_mixin.py:151} INFO - [2023-11-01T21:59:11.375-0500] {example_local_kubernetes_executor.py:40} WARNING - Install Kubernetes dependencies with: pip install apache-airflow[cncf.kubernetes]
[2023-11-01T21:59:11.375-0500] {processor.py:841} WARNING - No viable dags retrieved from /Users/dimz/EconWizard/hermesvirtual/lib/python3.8/site-packages/airflow/example_dags/example_local_kubernetes_executor.py
[2023-11-01T21:59:11.440-0500] {processor.py:179} INFO - Processing /Users/dimz/EconWizard/hermesvirtual/lib/python3.8/site-packages/airflow/example_dags/example_local_kubernetes_executor.py took 0.101 seconds
[2023-11-01T22:01:11.028-0500] {processor.py:157} INFO - Started process (PID=90231) to work on /Users/dimz/EconWizard/hermesvirtual/lib/python3.8/site-packages/airflow/example_dags/example_local_kubernetes_executor.py
[2023-11-01T22:01:11.032-0500] {processor.py:829} INFO - Processing file /Users/dimz/EconWizard/hermesvirtual/lib/python3.8/site-packages/airflow/example_dags/example_local_kubernetes_executor.py for tasks to queue
[2023-11-01T22:01:11.033-0500] {logging_mixin.py:151} INFO - [2023-11-01T22:01:11.033-0500] {dagbag.py:536} INFO - Filling up the DagBag from /Users/dimz/EconWizard/hermesvirtual/lib/python3.8/site-packages/airflow/example_dags/example_local_kubernetes_executor.py
[2023-11-01T22:01:11.063-0500] {logging_mixin.py:151} INFO - [2023-11-01T22:01:11.063-0500] {example_local_kubernetes_executor.py:39} WARNING - Could not import DAGs in example_local_kubernetes_executor.py
Traceback (most recent call last):
  File "/Users/dimz/EconWizard/hermesvirtual/lib/python3.8/site-packages/airflow/example_dags/example_local_kubernetes_executor.py", line 37, in <module>
    from kubernetes.client import models as k8s
ModuleNotFoundError: No module named 'kubernetes'
[2023-11-01T22:01:11.064-0500] {logging_mixin.py:151} INFO - [2023-11-01T22:01:11.063-0500] {example_local_kubernetes_executor.py:40} WARNING - Install Kubernetes dependencies with: pip install apache-airflow[cncf.kubernetes]
[2023-11-01T22:01:11.064-0500] {processor.py:841} WARNING - No viable dags retrieved from /Users/dimz/EconWizard/hermesvirtual/lib/python3.8/site-packages/airflow/example_dags/example_local_kubernetes_executor.py
[2023-11-01T22:01:11.128-0500] {processor.py:179} INFO - Processing /Users/dimz/EconWizard/hermesvirtual/lib/python3.8/site-packages/airflow/example_dags/example_local_kubernetes_executor.py took 0.101 seconds
[2023-11-01T22:03:12.915-0500] {processor.py:157} INFO - Started process (PID=90392) to work on /Users/dimz/EconWizard/hermesvirtual/lib/python3.8/site-packages/airflow/example_dags/example_local_kubernetes_executor.py
[2023-11-01T22:03:12.921-0500] {processor.py:829} INFO - Processing file /Users/dimz/EconWizard/hermesvirtual/lib/python3.8/site-packages/airflow/example_dags/example_local_kubernetes_executor.py for tasks to queue
[2023-11-01T22:03:12.921-0500] {logging_mixin.py:151} INFO - [2023-11-01T22:03:12.921-0500] {dagbag.py:536} INFO - Filling up the DagBag from /Users/dimz/EconWizard/hermesvirtual/lib/python3.8/site-packages/airflow/example_dags/example_local_kubernetes_executor.py
[2023-11-01T22:03:12.953-0500] {logging_mixin.py:151} INFO - [2023-11-01T22:03:12.953-0500] {example_local_kubernetes_executor.py:39} WARNING - Could not import DAGs in example_local_kubernetes_executor.py
Traceback (most recent call last):
  File "/Users/dimz/EconWizard/hermesvirtual/lib/python3.8/site-packages/airflow/example_dags/example_local_kubernetes_executor.py", line 37, in <module>
    from kubernetes.client import models as k8s
ModuleNotFoundError: No module named 'kubernetes'
[2023-11-01T22:03:12.954-0500] {logging_mixin.py:151} INFO - [2023-11-01T22:03:12.954-0500] {example_local_kubernetes_executor.py:40} WARNING - Install Kubernetes dependencies with: pip install apache-airflow[cncf.kubernetes]
[2023-11-01T22:03:12.954-0500] {processor.py:841} WARNING - No viable dags retrieved from /Users/dimz/EconWizard/hermesvirtual/lib/python3.8/site-packages/airflow/example_dags/example_local_kubernetes_executor.py
[2023-11-01T22:03:13.021-0500] {processor.py:179} INFO - Processing /Users/dimz/EconWizard/hermesvirtual/lib/python3.8/site-packages/airflow/example_dags/example_local_kubernetes_executor.py took 0.106 seconds
[2023-11-01T22:05:06.169-0500] {processor.py:157} INFO - Started process (PID=90605) to work on /Users/dimz/EconWizard/hermesvirtual/lib/python3.8/site-packages/airflow/example_dags/example_local_kubernetes_executor.py
[2023-11-01T22:05:06.174-0500] {processor.py:829} INFO - Processing file /Users/dimz/EconWizard/hermesvirtual/lib/python3.8/site-packages/airflow/example_dags/example_local_kubernetes_executor.py for tasks to queue
[2023-11-01T22:05:06.174-0500] {logging_mixin.py:151} INFO - [2023-11-01T22:05:06.174-0500] {dagbag.py:536} INFO - Filling up the DagBag from /Users/dimz/EconWizard/hermesvirtual/lib/python3.8/site-packages/airflow/example_dags/example_local_kubernetes_executor.py
[2023-11-01T22:05:06.208-0500] {logging_mixin.py:151} INFO - [2023-11-01T22:05:06.207-0500] {example_local_kubernetes_executor.py:39} WARNING - Could not import DAGs in example_local_kubernetes_executor.py
Traceback (most recent call last):
  File "/Users/dimz/EconWizard/hermesvirtual/lib/python3.8/site-packages/airflow/example_dags/example_local_kubernetes_executor.py", line 37, in <module>
    from kubernetes.client import models as k8s
ModuleNotFoundError: No module named 'kubernetes'
[2023-11-01T22:05:06.208-0500] {logging_mixin.py:151} INFO - [2023-11-01T22:05:06.208-0500] {example_local_kubernetes_executor.py:40} WARNING - Install Kubernetes dependencies with: pip install apache-airflow[cncf.kubernetes]
[2023-11-01T22:05:06.208-0500] {processor.py:841} WARNING - No viable dags retrieved from /Users/dimz/EconWizard/hermesvirtual/lib/python3.8/site-packages/airflow/example_dags/example_local_kubernetes_executor.py
[2023-11-01T22:05:06.279-0500] {processor.py:179} INFO - Processing /Users/dimz/EconWizard/hermesvirtual/lib/python3.8/site-packages/airflow/example_dags/example_local_kubernetes_executor.py took 0.111 seconds
[2023-11-01T22:07:08.382-0500] {processor.py:157} INFO - Started process (PID=90806) to work on /Users/dimz/EconWizard/hermesvirtual/lib/python3.8/site-packages/airflow/example_dags/example_local_kubernetes_executor.py
[2023-11-01T22:07:08.386-0500] {processor.py:829} INFO - Processing file /Users/dimz/EconWizard/hermesvirtual/lib/python3.8/site-packages/airflow/example_dags/example_local_kubernetes_executor.py for tasks to queue
[2023-11-01T22:07:08.386-0500] {logging_mixin.py:151} INFO - [2023-11-01T22:07:08.386-0500] {dagbag.py:536} INFO - Filling up the DagBag from /Users/dimz/EconWizard/hermesvirtual/lib/python3.8/site-packages/airflow/example_dags/example_local_kubernetes_executor.py
[2023-11-01T22:07:08.420-0500] {logging_mixin.py:151} INFO - [2023-11-01T22:07:08.420-0500] {example_local_kubernetes_executor.py:39} WARNING - Could not import DAGs in example_local_kubernetes_executor.py
Traceback (most recent call last):
  File "/Users/dimz/EconWizard/hermesvirtual/lib/python3.8/site-packages/airflow/example_dags/example_local_kubernetes_executor.py", line 37, in <module>
    from kubernetes.client import models as k8s
ModuleNotFoundError: No module named 'kubernetes'
[2023-11-01T22:07:08.420-0500] {logging_mixin.py:151} INFO - [2023-11-01T22:07:08.420-0500] {example_local_kubernetes_executor.py:40} WARNING - Install Kubernetes dependencies with: pip install apache-airflow[cncf.kubernetes]
[2023-11-01T22:07:08.420-0500] {processor.py:841} WARNING - No viable dags retrieved from /Users/dimz/EconWizard/hermesvirtual/lib/python3.8/site-packages/airflow/example_dags/example_local_kubernetes_executor.py
[2023-11-01T22:07:08.490-0500] {processor.py:179} INFO - Processing /Users/dimz/EconWizard/hermesvirtual/lib/python3.8/site-packages/airflow/example_dags/example_local_kubernetes_executor.py took 0.109 seconds
[2023-11-01T22:09:12.269-0500] {processor.py:157} INFO - Started process (PID=91040) to work on /Users/dimz/EconWizard/hermesvirtual/lib/python3.8/site-packages/airflow/example_dags/example_local_kubernetes_executor.py
[2023-11-01T22:09:12.274-0500] {processor.py:829} INFO - Processing file /Users/dimz/EconWizard/hermesvirtual/lib/python3.8/site-packages/airflow/example_dags/example_local_kubernetes_executor.py for tasks to queue
[2023-11-01T22:09:12.275-0500] {logging_mixin.py:151} INFO - [2023-11-01T22:09:12.274-0500] {dagbag.py:536} INFO - Filling up the DagBag from /Users/dimz/EconWizard/hermesvirtual/lib/python3.8/site-packages/airflow/example_dags/example_local_kubernetes_executor.py
[2023-11-01T22:09:12.308-0500] {logging_mixin.py:151} INFO - [2023-11-01T22:09:12.308-0500] {example_local_kubernetes_executor.py:39} WARNING - Could not import DAGs in example_local_kubernetes_executor.py
Traceback (most recent call last):
  File "/Users/dimz/EconWizard/hermesvirtual/lib/python3.8/site-packages/airflow/example_dags/example_local_kubernetes_executor.py", line 37, in <module>
    from kubernetes.client import models as k8s
ModuleNotFoundError: No module named 'kubernetes'
[2023-11-01T22:09:12.308-0500] {logging_mixin.py:151} INFO - [2023-11-01T22:09:12.308-0500] {example_local_kubernetes_executor.py:40} WARNING - Install Kubernetes dependencies with: pip install apache-airflow[cncf.kubernetes]
[2023-11-01T22:09:12.308-0500] {processor.py:841} WARNING - No viable dags retrieved from /Users/dimz/EconWizard/hermesvirtual/lib/python3.8/site-packages/airflow/example_dags/example_local_kubernetes_executor.py
[2023-11-01T22:09:12.375-0500] {processor.py:179} INFO - Processing /Users/dimz/EconWizard/hermesvirtual/lib/python3.8/site-packages/airflow/example_dags/example_local_kubernetes_executor.py took 0.107 seconds
[2023-11-01T22:13:33.566-0500] {processor.py:157} INFO - Started process (PID=91463) to work on /Users/dimz/EconWizard/hermesvirtual/lib/python3.8/site-packages/airflow/example_dags/example_local_kubernetes_executor.py
[2023-11-01T22:13:33.571-0500] {processor.py:829} INFO - Processing file /Users/dimz/EconWizard/hermesvirtual/lib/python3.8/site-packages/airflow/example_dags/example_local_kubernetes_executor.py for tasks to queue
[2023-11-01T22:13:33.571-0500] {logging_mixin.py:151} INFO - [2023-11-01T22:13:33.571-0500] {dagbag.py:536} INFO - Filling up the DagBag from /Users/dimz/EconWizard/hermesvirtual/lib/python3.8/site-packages/airflow/example_dags/example_local_kubernetes_executor.py
[2023-11-01T22:13:33.602-0500] {logging_mixin.py:151} INFO - [2023-11-01T22:13:33.602-0500] {example_local_kubernetes_executor.py:39} WARNING - Could not import DAGs in example_local_kubernetes_executor.py
Traceback (most recent call last):
  File "/Users/dimz/EconWizard/hermesvirtual/lib/python3.8/site-packages/airflow/example_dags/example_local_kubernetes_executor.py", line 37, in <module>
    from kubernetes.client import models as k8s
ModuleNotFoundError: No module named 'kubernetes'
[2023-11-01T22:13:33.602-0500] {logging_mixin.py:151} INFO - [2023-11-01T22:13:33.602-0500] {example_local_kubernetes_executor.py:40} WARNING - Install Kubernetes dependencies with: pip install apache-airflow[cncf.kubernetes]
[2023-11-01T22:13:33.602-0500] {processor.py:841} WARNING - No viable dags retrieved from /Users/dimz/EconWizard/hermesvirtual/lib/python3.8/site-packages/airflow/example_dags/example_local_kubernetes_executor.py
[2023-11-01T22:13:33.671-0500] {processor.py:179} INFO - Processing /Users/dimz/EconWizard/hermesvirtual/lib/python3.8/site-packages/airflow/example_dags/example_local_kubernetes_executor.py took 0.106 seconds
[2023-11-01T22:15:36.822-0500] {processor.py:157} INFO - Started process (PID=91651) to work on /Users/dimz/EconWizard/hermesvirtual/lib/python3.8/site-packages/airflow/example_dags/example_local_kubernetes_executor.py
[2023-11-01T22:15:36.827-0500] {processor.py:829} INFO - Processing file /Users/dimz/EconWizard/hermesvirtual/lib/python3.8/site-packages/airflow/example_dags/example_local_kubernetes_executor.py for tasks to queue
[2023-11-01T22:15:36.828-0500] {logging_mixin.py:151} INFO - [2023-11-01T22:15:36.828-0500] {dagbag.py:536} INFO - Filling up the DagBag from /Users/dimz/EconWizard/hermesvirtual/lib/python3.8/site-packages/airflow/example_dags/example_local_kubernetes_executor.py
[2023-11-01T22:15:36.858-0500] {logging_mixin.py:151} INFO - [2023-11-01T22:15:36.857-0500] {example_local_kubernetes_executor.py:39} WARNING - Could not import DAGs in example_local_kubernetes_executor.py
Traceback (most recent call last):
  File "/Users/dimz/EconWizard/hermesvirtual/lib/python3.8/site-packages/airflow/example_dags/example_local_kubernetes_executor.py", line 37, in <module>
    from kubernetes.client import models as k8s
ModuleNotFoundError: No module named 'kubernetes'
[2023-11-01T22:15:36.858-0500] {logging_mixin.py:151} INFO - [2023-11-01T22:15:36.858-0500] {example_local_kubernetes_executor.py:40} WARNING - Install Kubernetes dependencies with: pip install apache-airflow[cncf.kubernetes]
[2023-11-01T22:15:36.858-0500] {processor.py:841} WARNING - No viable dags retrieved from /Users/dimz/EconWizard/hermesvirtual/lib/python3.8/site-packages/airflow/example_dags/example_local_kubernetes_executor.py
[2023-11-01T22:15:36.924-0500] {processor.py:179} INFO - Processing /Users/dimz/EconWizard/hermesvirtual/lib/python3.8/site-packages/airflow/example_dags/example_local_kubernetes_executor.py took 0.102 seconds
[2023-11-01T22:17:35.285-0500] {processor.py:157} INFO - Started process (PID=91928) to work on /Users/dimz/EconWizard/hermesvirtual/lib/python3.8/site-packages/airflow/example_dags/example_local_kubernetes_executor.py
[2023-11-01T22:17:35.290-0500] {processor.py:829} INFO - Processing file /Users/dimz/EconWizard/hermesvirtual/lib/python3.8/site-packages/airflow/example_dags/example_local_kubernetes_executor.py for tasks to queue
[2023-11-01T22:17:35.291-0500] {logging_mixin.py:151} INFO - [2023-11-01T22:17:35.291-0500] {dagbag.py:536} INFO - Filling up the DagBag from /Users/dimz/EconWizard/hermesvirtual/lib/python3.8/site-packages/airflow/example_dags/example_local_kubernetes_executor.py
[2023-11-01T22:17:35.322-0500] {logging_mixin.py:151} INFO - [2023-11-01T22:17:35.322-0500] {example_local_kubernetes_executor.py:39} WARNING - Could not import DAGs in example_local_kubernetes_executor.py
Traceback (most recent call last):
  File "/Users/dimz/EconWizard/hermesvirtual/lib/python3.8/site-packages/airflow/example_dags/example_local_kubernetes_executor.py", line 37, in <module>
    from kubernetes.client import models as k8s
ModuleNotFoundError: No module named 'kubernetes'
[2023-11-01T22:17:35.322-0500] {logging_mixin.py:151} INFO - [2023-11-01T22:17:35.322-0500] {example_local_kubernetes_executor.py:40} WARNING - Install Kubernetes dependencies with: pip install apache-airflow[cncf.kubernetes]
[2023-11-01T22:17:35.322-0500] {processor.py:841} WARNING - No viable dags retrieved from /Users/dimz/EconWizard/hermesvirtual/lib/python3.8/site-packages/airflow/example_dags/example_local_kubernetes_executor.py
[2023-11-01T22:17:35.398-0500] {processor.py:179} INFO - Processing /Users/dimz/EconWizard/hermesvirtual/lib/python3.8/site-packages/airflow/example_dags/example_local_kubernetes_executor.py took 0.113 seconds
[2023-11-01T22:19:30.389-0500] {processor.py:157} INFO - Started process (PID=92210) to work on /Users/dimz/EconWizard/hermesvirtual/lib/python3.8/site-packages/airflow/example_dags/example_local_kubernetes_executor.py
[2023-11-01T22:19:30.394-0500] {processor.py:829} INFO - Processing file /Users/dimz/EconWizard/hermesvirtual/lib/python3.8/site-packages/airflow/example_dags/example_local_kubernetes_executor.py for tasks to queue
[2023-11-01T22:19:30.395-0500] {logging_mixin.py:151} INFO - [2023-11-01T22:19:30.395-0500] {dagbag.py:536} INFO - Filling up the DagBag from /Users/dimz/EconWizard/hermesvirtual/lib/python3.8/site-packages/airflow/example_dags/example_local_kubernetes_executor.py
[2023-11-01T22:19:30.426-0500] {logging_mixin.py:151} INFO - [2023-11-01T22:19:30.425-0500] {example_local_kubernetes_executor.py:39} WARNING - Could not import DAGs in example_local_kubernetes_executor.py
Traceback (most recent call last):
  File "/Users/dimz/EconWizard/hermesvirtual/lib/python3.8/site-packages/airflow/example_dags/example_local_kubernetes_executor.py", line 37, in <module>
    from kubernetes.client import models as k8s
ModuleNotFoundError: No module named 'kubernetes'
[2023-11-01T22:19:30.426-0500] {logging_mixin.py:151} INFO - [2023-11-01T22:19:30.426-0500] {example_local_kubernetes_executor.py:40} WARNING - Install Kubernetes dependencies with: pip install apache-airflow[cncf.kubernetes]
[2023-11-01T22:19:30.426-0500] {processor.py:841} WARNING - No viable dags retrieved from /Users/dimz/EconWizard/hermesvirtual/lib/python3.8/site-packages/airflow/example_dags/example_local_kubernetes_executor.py
[2023-11-01T22:19:30.497-0500] {processor.py:179} INFO - Processing /Users/dimz/EconWizard/hermesvirtual/lib/python3.8/site-packages/airflow/example_dags/example_local_kubernetes_executor.py took 0.108 seconds
[2023-11-01T22:21:19.903-0500] {processor.py:157} INFO - Started process (PID=92470) to work on /Users/dimz/EconWizard/hermesvirtual/lib/python3.8/site-packages/airflow/example_dags/example_local_kubernetes_executor.py
[2023-11-01T22:21:19.908-0500] {processor.py:829} INFO - Processing file /Users/dimz/EconWizard/hermesvirtual/lib/python3.8/site-packages/airflow/example_dags/example_local_kubernetes_executor.py for tasks to queue
[2023-11-01T22:21:19.909-0500] {logging_mixin.py:151} INFO - [2023-11-01T22:21:19.909-0500] {dagbag.py:536} INFO - Filling up the DagBag from /Users/dimz/EconWizard/hermesvirtual/lib/python3.8/site-packages/airflow/example_dags/example_local_kubernetes_executor.py
[2023-11-01T22:21:19.938-0500] {logging_mixin.py:151} INFO - [2023-11-01T22:21:19.937-0500] {example_local_kubernetes_executor.py:39} WARNING - Could not import DAGs in example_local_kubernetes_executor.py
Traceback (most recent call last):
  File "/Users/dimz/EconWizard/hermesvirtual/lib/python3.8/site-packages/airflow/example_dags/example_local_kubernetes_executor.py", line 37, in <module>
    from kubernetes.client import models as k8s
ModuleNotFoundError: No module named 'kubernetes'
[2023-11-01T22:21:19.938-0500] {logging_mixin.py:151} INFO - [2023-11-01T22:21:19.938-0500] {example_local_kubernetes_executor.py:40} WARNING - Install Kubernetes dependencies with: pip install apache-airflow[cncf.kubernetes]
[2023-11-01T22:21:19.938-0500] {processor.py:841} WARNING - No viable dags retrieved from /Users/dimz/EconWizard/hermesvirtual/lib/python3.8/site-packages/airflow/example_dags/example_local_kubernetes_executor.py
[2023-11-01T22:21:20.005-0500] {processor.py:179} INFO - Processing /Users/dimz/EconWizard/hermesvirtual/lib/python3.8/site-packages/airflow/example_dags/example_local_kubernetes_executor.py took 0.102 seconds
[2023-11-01T22:23:20.156-0500] {processor.py:157} INFO - Started process (PID=92815) to work on /Users/dimz/EconWizard/hermesvirtual/lib/python3.8/site-packages/airflow/example_dags/example_local_kubernetes_executor.py
[2023-11-01T22:23:20.161-0500] {processor.py:829} INFO - Processing file /Users/dimz/EconWizard/hermesvirtual/lib/python3.8/site-packages/airflow/example_dags/example_local_kubernetes_executor.py for tasks to queue
[2023-11-01T22:23:20.162-0500] {logging_mixin.py:151} INFO - [2023-11-01T22:23:20.161-0500] {dagbag.py:536} INFO - Filling up the DagBag from /Users/dimz/EconWizard/hermesvirtual/lib/python3.8/site-packages/airflow/example_dags/example_local_kubernetes_executor.py
[2023-11-01T22:23:20.191-0500] {logging_mixin.py:151} INFO - [2023-11-01T22:23:20.191-0500] {example_local_kubernetes_executor.py:39} WARNING - Could not import DAGs in example_local_kubernetes_executor.py
Traceback (most recent call last):
  File "/Users/dimz/EconWizard/hermesvirtual/lib/python3.8/site-packages/airflow/example_dags/example_local_kubernetes_executor.py", line 37, in <module>
    from kubernetes.client import models as k8s
ModuleNotFoundError: No module named 'kubernetes'
[2023-11-01T22:23:20.191-0500] {logging_mixin.py:151} INFO - [2023-11-01T22:23:20.191-0500] {example_local_kubernetes_executor.py:40} WARNING - Install Kubernetes dependencies with: pip install apache-airflow[cncf.kubernetes]
[2023-11-01T22:23:20.191-0500] {processor.py:841} WARNING - No viable dags retrieved from /Users/dimz/EconWizard/hermesvirtual/lib/python3.8/site-packages/airflow/example_dags/example_local_kubernetes_executor.py
[2023-11-01T22:23:20.255-0500] {processor.py:179} INFO - Processing /Users/dimz/EconWizard/hermesvirtual/lib/python3.8/site-packages/airflow/example_dags/example_local_kubernetes_executor.py took 0.100 seconds
[2023-11-02T04:02:04.723-0500] {processor.py:157} INFO - Started process (PID=93174) to work on /Users/dimz/EconWizard/hermesvirtual/lib/python3.8/site-packages/airflow/example_dags/example_local_kubernetes_executor.py
[2023-11-02T04:02:04.729-0500] {processor.py:829} INFO - Processing file /Users/dimz/EconWizard/hermesvirtual/lib/python3.8/site-packages/airflow/example_dags/example_local_kubernetes_executor.py for tasks to queue
[2023-11-02T04:02:04.729-0500] {logging_mixin.py:151} INFO - [2023-11-02T04:02:04.729-0500] {dagbag.py:536} INFO - Filling up the DagBag from /Users/dimz/EconWizard/hermesvirtual/lib/python3.8/site-packages/airflow/example_dags/example_local_kubernetes_executor.py
[2023-11-02T04:02:04.761-0500] {logging_mixin.py:151} INFO - [2023-11-02T04:02:04.761-0500] {example_local_kubernetes_executor.py:39} WARNING - Could not import DAGs in example_local_kubernetes_executor.py
Traceback (most recent call last):
  File "/Users/dimz/EconWizard/hermesvirtual/lib/python3.8/site-packages/airflow/example_dags/example_local_kubernetes_executor.py", line 37, in <module>
    from kubernetes.client import models as k8s
ModuleNotFoundError: No module named 'kubernetes'
[2023-11-02T04:02:04.761-0500] {logging_mixin.py:151} INFO - [2023-11-02T04:02:04.761-0500] {example_local_kubernetes_executor.py:40} WARNING - Install Kubernetes dependencies with: pip install apache-airflow[cncf.kubernetes]
[2023-11-02T04:02:04.761-0500] {processor.py:841} WARNING - No viable dags retrieved from /Users/dimz/EconWizard/hermesvirtual/lib/python3.8/site-packages/airflow/example_dags/example_local_kubernetes_executor.py
[2023-11-02T04:02:04.833-0500] {processor.py:179} INFO - Processing /Users/dimz/EconWizard/hermesvirtual/lib/python3.8/site-packages/airflow/example_dags/example_local_kubernetes_executor.py took 0.110 seconds
[2023-11-02T06:53:56.541-0500] {processor.py:157} INFO - Started process (PID=93301) to work on /Users/dimz/EconWizard/hermesvirtual/lib/python3.8/site-packages/airflow/example_dags/example_local_kubernetes_executor.py
[2023-11-02T06:53:56.546-0500] {processor.py:829} INFO - Processing file /Users/dimz/EconWizard/hermesvirtual/lib/python3.8/site-packages/airflow/example_dags/example_local_kubernetes_executor.py for tasks to queue
[2023-11-02T06:53:56.546-0500] {logging_mixin.py:151} INFO - [2023-11-02T06:53:56.546-0500] {dagbag.py:536} INFO - Filling up the DagBag from /Users/dimz/EconWizard/hermesvirtual/lib/python3.8/site-packages/airflow/example_dags/example_local_kubernetes_executor.py
[2023-11-02T06:53:56.575-0500] {logging_mixin.py:151} INFO - [2023-11-02T06:53:56.575-0500] {example_local_kubernetes_executor.py:39} WARNING - Could not import DAGs in example_local_kubernetes_executor.py
Traceback (most recent call last):
  File "/Users/dimz/EconWizard/hermesvirtual/lib/python3.8/site-packages/airflow/example_dags/example_local_kubernetes_executor.py", line 37, in <module>
    from kubernetes.client import models as k8s
ModuleNotFoundError: No module named 'kubernetes'
[2023-11-02T06:53:56.576-0500] {logging_mixin.py:151} INFO - [2023-11-02T06:53:56.576-0500] {example_local_kubernetes_executor.py:40} WARNING - Install Kubernetes dependencies with: pip install apache-airflow[cncf.kubernetes]
[2023-11-02T06:53:56.576-0500] {processor.py:841} WARNING - No viable dags retrieved from /Users/dimz/EconWizard/hermesvirtual/lib/python3.8/site-packages/airflow/example_dags/example_local_kubernetes_executor.py
[2023-11-02T06:53:56.640-0500] {processor.py:179} INFO - Processing /Users/dimz/EconWizard/hermesvirtual/lib/python3.8/site-packages/airflow/example_dags/example_local_kubernetes_executor.py took 0.099 seconds
[2023-11-02T08:29:08.599-0500] {processor.py:157} INFO - Started process (PID=93413) to work on /Users/dimz/EconWizard/hermesvirtual/lib/python3.8/site-packages/airflow/example_dags/example_local_kubernetes_executor.py
[2023-11-02T08:29:08.605-0500] {processor.py:829} INFO - Processing file /Users/dimz/EconWizard/hermesvirtual/lib/python3.8/site-packages/airflow/example_dags/example_local_kubernetes_executor.py for tasks to queue
[2023-11-02T08:29:08.605-0500] {logging_mixin.py:151} INFO - [2023-11-02T08:29:08.605-0500] {dagbag.py:536} INFO - Filling up the DagBag from /Users/dimz/EconWizard/hermesvirtual/lib/python3.8/site-packages/airflow/example_dags/example_local_kubernetes_executor.py
[2023-11-02T08:29:08.637-0500] {logging_mixin.py:151} INFO - [2023-11-02T08:29:08.637-0500] {example_local_kubernetes_executor.py:39} WARNING - Could not import DAGs in example_local_kubernetes_executor.py
Traceback (most recent call last):
  File "/Users/dimz/EconWizard/hermesvirtual/lib/python3.8/site-packages/airflow/example_dags/example_local_kubernetes_executor.py", line 37, in <module>
    from kubernetes.client import models as k8s
ModuleNotFoundError: No module named 'kubernetes'
[2023-11-02T08:29:08.638-0500] {logging_mixin.py:151} INFO - [2023-11-02T08:29:08.638-0500] {example_local_kubernetes_executor.py:40} WARNING - Install Kubernetes dependencies with: pip install apache-airflow[cncf.kubernetes]
[2023-11-02T08:29:08.638-0500] {processor.py:841} WARNING - No viable dags retrieved from /Users/dimz/EconWizard/hermesvirtual/lib/python3.8/site-packages/airflow/example_dags/example_local_kubernetes_executor.py
[2023-11-02T08:29:08.705-0500] {processor.py:179} INFO - Processing /Users/dimz/EconWizard/hermesvirtual/lib/python3.8/site-packages/airflow/example_dags/example_local_kubernetes_executor.py took 0.106 seconds
[2023-11-02T09:03:19.069-0500] {processor.py:157} INFO - Started process (PID=93621) to work on /Users/dimz/EconWizard/hermesvirtual/lib/python3.8/site-packages/airflow/example_dags/example_local_kubernetes_executor.py
[2023-11-02T09:03:19.074-0500] {processor.py:829} INFO - Processing file /Users/dimz/EconWizard/hermesvirtual/lib/python3.8/site-packages/airflow/example_dags/example_local_kubernetes_executor.py for tasks to queue
[2023-11-02T09:03:19.075-0500] {logging_mixin.py:151} INFO - [2023-11-02T09:03:19.075-0500] {dagbag.py:536} INFO - Filling up the DagBag from /Users/dimz/EconWizard/hermesvirtual/lib/python3.8/site-packages/airflow/example_dags/example_local_kubernetes_executor.py
[2023-11-02T09:03:19.105-0500] {logging_mixin.py:151} INFO - [2023-11-02T09:03:19.105-0500] {example_local_kubernetes_executor.py:39} WARNING - Could not import DAGs in example_local_kubernetes_executor.py
Traceback (most recent call last):
  File "/Users/dimz/EconWizard/hermesvirtual/lib/python3.8/site-packages/airflow/example_dags/example_local_kubernetes_executor.py", line 37, in <module>
    from kubernetes.client import models as k8s
ModuleNotFoundError: No module named 'kubernetes'
[2023-11-02T09:03:19.106-0500] {logging_mixin.py:151} INFO - [2023-11-02T09:03:19.105-0500] {example_local_kubernetes_executor.py:40} WARNING - Install Kubernetes dependencies with: pip install apache-airflow[cncf.kubernetes]
[2023-11-02T09:03:19.106-0500] {processor.py:841} WARNING - No viable dags retrieved from /Users/dimz/EconWizard/hermesvirtual/lib/python3.8/site-packages/airflow/example_dags/example_local_kubernetes_executor.py
[2023-11-02T09:03:19.171-0500] {processor.py:179} INFO - Processing /Users/dimz/EconWizard/hermesvirtual/lib/python3.8/site-packages/airflow/example_dags/example_local_kubernetes_executor.py took 0.102 seconds
[2023-11-02T09:05:16.792-0500] {processor.py:157} INFO - Started process (PID=93793) to work on /Users/dimz/EconWizard/hermesvirtual/lib/python3.8/site-packages/airflow/example_dags/example_local_kubernetes_executor.py
[2023-11-02T09:05:16.797-0500] {processor.py:829} INFO - Processing file /Users/dimz/EconWizard/hermesvirtual/lib/python3.8/site-packages/airflow/example_dags/example_local_kubernetes_executor.py for tasks to queue
[2023-11-02T09:05:16.798-0500] {logging_mixin.py:151} INFO - [2023-11-02T09:05:16.798-0500] {dagbag.py:536} INFO - Filling up the DagBag from /Users/dimz/EconWizard/hermesvirtual/lib/python3.8/site-packages/airflow/example_dags/example_local_kubernetes_executor.py
[2023-11-02T09:05:16.827-0500] {logging_mixin.py:151} INFO - [2023-11-02T09:05:16.827-0500] {example_local_kubernetes_executor.py:39} WARNING - Could not import DAGs in example_local_kubernetes_executor.py
Traceback (most recent call last):
  File "/Users/dimz/EconWizard/hermesvirtual/lib/python3.8/site-packages/airflow/example_dags/example_local_kubernetes_executor.py", line 37, in <module>
    from kubernetes.client import models as k8s
ModuleNotFoundError: No module named 'kubernetes'
[2023-11-02T09:05:16.828-0500] {logging_mixin.py:151} INFO - [2023-11-02T09:05:16.827-0500] {example_local_kubernetes_executor.py:40} WARNING - Install Kubernetes dependencies with: pip install apache-airflow[cncf.kubernetes]
[2023-11-02T09:05:16.828-0500] {processor.py:841} WARNING - No viable dags retrieved from /Users/dimz/EconWizard/hermesvirtual/lib/python3.8/site-packages/airflow/example_dags/example_local_kubernetes_executor.py
[2023-11-02T09:05:16.891-0500] {processor.py:179} INFO - Processing /Users/dimz/EconWizard/hermesvirtual/lib/python3.8/site-packages/airflow/example_dags/example_local_kubernetes_executor.py took 0.099 seconds
[2023-11-02T09:07:19.226-0500] {processor.py:157} INFO - Started process (PID=93923) to work on /Users/dimz/EconWizard/hermesvirtual/lib/python3.8/site-packages/airflow/example_dags/example_local_kubernetes_executor.py
[2023-11-02T09:07:19.231-0500] {processor.py:829} INFO - Processing file /Users/dimz/EconWizard/hermesvirtual/lib/python3.8/site-packages/airflow/example_dags/example_local_kubernetes_executor.py for tasks to queue
[2023-11-02T09:07:19.232-0500] {logging_mixin.py:151} INFO - [2023-11-02T09:07:19.232-0500] {dagbag.py:536} INFO - Filling up the DagBag from /Users/dimz/EconWizard/hermesvirtual/lib/python3.8/site-packages/airflow/example_dags/example_local_kubernetes_executor.py
[2023-11-02T09:07:19.262-0500] {logging_mixin.py:151} INFO - [2023-11-02T09:07:19.262-0500] {example_local_kubernetes_executor.py:39} WARNING - Could not import DAGs in example_local_kubernetes_executor.py
Traceback (most recent call last):
  File "/Users/dimz/EconWizard/hermesvirtual/lib/python3.8/site-packages/airflow/example_dags/example_local_kubernetes_executor.py", line 37, in <module>
    from kubernetes.client import models as k8s
ModuleNotFoundError: No module named 'kubernetes'
[2023-11-02T09:07:19.262-0500] {logging_mixin.py:151} INFO - [2023-11-02T09:07:19.262-0500] {example_local_kubernetes_executor.py:40} WARNING - Install Kubernetes dependencies with: pip install apache-airflow[cncf.kubernetes]
[2023-11-02T09:07:19.262-0500] {processor.py:841} WARNING - No viable dags retrieved from /Users/dimz/EconWizard/hermesvirtual/lib/python3.8/site-packages/airflow/example_dags/example_local_kubernetes_executor.py
[2023-11-02T09:07:19.327-0500] {processor.py:179} INFO - Processing /Users/dimz/EconWizard/hermesvirtual/lib/python3.8/site-packages/airflow/example_dags/example_local_kubernetes_executor.py took 0.101 seconds
[2023-11-02T09:09:26.240-0500] {processor.py:157} INFO - Started process (PID=94214) to work on /Users/dimz/EconWizard/hermesvirtual/lib/python3.8/site-packages/airflow/example_dags/example_local_kubernetes_executor.py
[2023-11-02T09:09:26.245-0500] {processor.py:829} INFO - Processing file /Users/dimz/EconWizard/hermesvirtual/lib/python3.8/site-packages/airflow/example_dags/example_local_kubernetes_executor.py for tasks to queue
[2023-11-02T09:09:26.245-0500] {logging_mixin.py:151} INFO - [2023-11-02T09:09:26.245-0500] {dagbag.py:536} INFO - Filling up the DagBag from /Users/dimz/EconWizard/hermesvirtual/lib/python3.8/site-packages/airflow/example_dags/example_local_kubernetes_executor.py
[2023-11-02T09:09:26.279-0500] {logging_mixin.py:151} INFO - [2023-11-02T09:09:26.279-0500] {example_local_kubernetes_executor.py:39} WARNING - Could not import DAGs in example_local_kubernetes_executor.py
Traceback (most recent call last):
  File "/Users/dimz/EconWizard/hermesvirtual/lib/python3.8/site-packages/airflow/example_dags/example_local_kubernetes_executor.py", line 37, in <module>
    from kubernetes.client import models as k8s
ModuleNotFoundError: No module named 'kubernetes'
[2023-11-02T09:09:26.279-0500] {logging_mixin.py:151} INFO - [2023-11-02T09:09:26.279-0500] {example_local_kubernetes_executor.py:40} WARNING - Install Kubernetes dependencies with: pip install apache-airflow[cncf.kubernetes]
[2023-11-02T09:09:26.279-0500] {processor.py:841} WARNING - No viable dags retrieved from /Users/dimz/EconWizard/hermesvirtual/lib/python3.8/site-packages/airflow/example_dags/example_local_kubernetes_executor.py
[2023-11-02T09:09:26.353-0500] {processor.py:179} INFO - Processing /Users/dimz/EconWizard/hermesvirtual/lib/python3.8/site-packages/airflow/example_dags/example_local_kubernetes_executor.py took 0.114 seconds
[2023-11-02T09:11:34.173-0500] {processor.py:157} INFO - Started process (PID=94417) to work on /Users/dimz/EconWizard/hermesvirtual/lib/python3.8/site-packages/airflow/example_dags/example_local_kubernetes_executor.py
[2023-11-02T09:11:34.178-0500] {processor.py:829} INFO - Processing file /Users/dimz/EconWizard/hermesvirtual/lib/python3.8/site-packages/airflow/example_dags/example_local_kubernetes_executor.py for tasks to queue
[2023-11-02T09:11:34.179-0500] {logging_mixin.py:151} INFO - [2023-11-02T09:11:34.179-0500] {dagbag.py:536} INFO - Filling up the DagBag from /Users/dimz/EconWizard/hermesvirtual/lib/python3.8/site-packages/airflow/example_dags/example_local_kubernetes_executor.py
[2023-11-02T09:11:34.211-0500] {logging_mixin.py:151} INFO - [2023-11-02T09:11:34.211-0500] {example_local_kubernetes_executor.py:39} WARNING - Could not import DAGs in example_local_kubernetes_executor.py
Traceback (most recent call last):
  File "/Users/dimz/EconWizard/hermesvirtual/lib/python3.8/site-packages/airflow/example_dags/example_local_kubernetes_executor.py", line 37, in <module>
    from kubernetes.client import models as k8s
ModuleNotFoundError: No module named 'kubernetes'
[2023-11-02T09:11:34.211-0500] {logging_mixin.py:151} INFO - [2023-11-02T09:11:34.211-0500] {example_local_kubernetes_executor.py:40} WARNING - Install Kubernetes dependencies with: pip install apache-airflow[cncf.kubernetes]
[2023-11-02T09:11:34.211-0500] {processor.py:841} WARNING - No viable dags retrieved from /Users/dimz/EconWizard/hermesvirtual/lib/python3.8/site-packages/airflow/example_dags/example_local_kubernetes_executor.py
[2023-11-02T09:11:34.280-0500] {processor.py:179} INFO - Processing /Users/dimz/EconWizard/hermesvirtual/lib/python3.8/site-packages/airflow/example_dags/example_local_kubernetes_executor.py took 0.108 seconds
[2023-11-02T09:13:40.925-0500] {processor.py:157} INFO - Started process (PID=94557) to work on /Users/dimz/EconWizard/hermesvirtual/lib/python3.8/site-packages/airflow/example_dags/example_local_kubernetes_executor.py
[2023-11-02T09:13:40.930-0500] {processor.py:829} INFO - Processing file /Users/dimz/EconWizard/hermesvirtual/lib/python3.8/site-packages/airflow/example_dags/example_local_kubernetes_executor.py for tasks to queue
[2023-11-02T09:13:40.930-0500] {logging_mixin.py:151} INFO - [2023-11-02T09:13:40.930-0500] {dagbag.py:536} INFO - Filling up the DagBag from /Users/dimz/EconWizard/hermesvirtual/lib/python3.8/site-packages/airflow/example_dags/example_local_kubernetes_executor.py
[2023-11-02T09:13:40.967-0500] {logging_mixin.py:151} INFO - [2023-11-02T09:13:40.967-0500] {example_local_kubernetes_executor.py:39} WARNING - Could not import DAGs in example_local_kubernetes_executor.py
Traceback (most recent call last):
  File "/Users/dimz/EconWizard/hermesvirtual/lib/python3.8/site-packages/airflow/example_dags/example_local_kubernetes_executor.py", line 37, in <module>
    from kubernetes.client import models as k8s
ModuleNotFoundError: No module named 'kubernetes'
[2023-11-02T09:13:40.967-0500] {logging_mixin.py:151} INFO - [2023-11-02T09:13:40.967-0500] {example_local_kubernetes_executor.py:40} WARNING - Install Kubernetes dependencies with: pip install apache-airflow[cncf.kubernetes]
[2023-11-02T09:13:40.967-0500] {processor.py:841} WARNING - No viable dags retrieved from /Users/dimz/EconWizard/hermesvirtual/lib/python3.8/site-packages/airflow/example_dags/example_local_kubernetes_executor.py
[2023-11-02T09:13:41.041-0500] {processor.py:179} INFO - Processing /Users/dimz/EconWizard/hermesvirtual/lib/python3.8/site-packages/airflow/example_dags/example_local_kubernetes_executor.py took 0.117 seconds
[2023-11-02T09:15:49.521-0500] {processor.py:157} INFO - Started process (PID=94688) to work on /Users/dimz/EconWizard/hermesvirtual/lib/python3.8/site-packages/airflow/example_dags/example_local_kubernetes_executor.py
[2023-11-02T09:15:49.525-0500] {processor.py:829} INFO - Processing file /Users/dimz/EconWizard/hermesvirtual/lib/python3.8/site-packages/airflow/example_dags/example_local_kubernetes_executor.py for tasks to queue
[2023-11-02T09:15:49.525-0500] {logging_mixin.py:151} INFO - [2023-11-02T09:15:49.525-0500] {dagbag.py:536} INFO - Filling up the DagBag from /Users/dimz/EconWizard/hermesvirtual/lib/python3.8/site-packages/airflow/example_dags/example_local_kubernetes_executor.py
[2023-11-02T09:15:49.554-0500] {logging_mixin.py:151} INFO - [2023-11-02T09:15:49.554-0500] {example_local_kubernetes_executor.py:39} WARNING - Could not import DAGs in example_local_kubernetes_executor.py
Traceback (most recent call last):
  File "/Users/dimz/EconWizard/hermesvirtual/lib/python3.8/site-packages/airflow/example_dags/example_local_kubernetes_executor.py", line 37, in <module>
    from kubernetes.client import models as k8s
ModuleNotFoundError: No module named 'kubernetes'
[2023-11-02T09:15:49.555-0500] {logging_mixin.py:151} INFO - [2023-11-02T09:15:49.555-0500] {example_local_kubernetes_executor.py:40} WARNING - Install Kubernetes dependencies with: pip install apache-airflow[cncf.kubernetes]
[2023-11-02T09:15:49.555-0500] {processor.py:841} WARNING - No viable dags retrieved from /Users/dimz/EconWizard/hermesvirtual/lib/python3.8/site-packages/airflow/example_dags/example_local_kubernetes_executor.py
[2023-11-02T09:15:49.619-0500] {processor.py:179} INFO - Processing /Users/dimz/EconWizard/hermesvirtual/lib/python3.8/site-packages/airflow/example_dags/example_local_kubernetes_executor.py took 0.099 seconds
[2023-11-02T09:17:48.242-0500] {processor.py:157} INFO - Started process (PID=94826) to work on /Users/dimz/EconWizard/hermesvirtual/lib/python3.8/site-packages/airflow/example_dags/example_local_kubernetes_executor.py
[2023-11-02T09:17:48.246-0500] {processor.py:829} INFO - Processing file /Users/dimz/EconWizard/hermesvirtual/lib/python3.8/site-packages/airflow/example_dags/example_local_kubernetes_executor.py for tasks to queue
[2023-11-02T09:17:48.247-0500] {logging_mixin.py:151} INFO - [2023-11-02T09:17:48.247-0500] {dagbag.py:536} INFO - Filling up the DagBag from /Users/dimz/EconWizard/hermesvirtual/lib/python3.8/site-packages/airflow/example_dags/example_local_kubernetes_executor.py
[2023-11-02T09:17:48.277-0500] {logging_mixin.py:151} INFO - [2023-11-02T09:17:48.277-0500] {example_local_kubernetes_executor.py:39} WARNING - Could not import DAGs in example_local_kubernetes_executor.py
Traceback (most recent call last):
  File "/Users/dimz/EconWizard/hermesvirtual/lib/python3.8/site-packages/airflow/example_dags/example_local_kubernetes_executor.py", line 37, in <module>
    from kubernetes.client import models as k8s
ModuleNotFoundError: No module named 'kubernetes'
[2023-11-02T09:17:48.277-0500] {logging_mixin.py:151} INFO - [2023-11-02T09:17:48.277-0500] {example_local_kubernetes_executor.py:40} WARNING - Install Kubernetes dependencies with: pip install apache-airflow[cncf.kubernetes]
[2023-11-02T09:17:48.277-0500] {processor.py:841} WARNING - No viable dags retrieved from /Users/dimz/EconWizard/hermesvirtual/lib/python3.8/site-packages/airflow/example_dags/example_local_kubernetes_executor.py
[2023-11-02T09:17:48.349-0500] {processor.py:179} INFO - Processing /Users/dimz/EconWizard/hermesvirtual/lib/python3.8/site-packages/airflow/example_dags/example_local_kubernetes_executor.py took 0.108 seconds
[2023-11-02T09:19:57.875-0500] {processor.py:157} INFO - Started process (PID=95022) to work on /Users/dimz/EconWizard/hermesvirtual/lib/python3.8/site-packages/airflow/example_dags/example_local_kubernetes_executor.py
[2023-11-02T09:19:57.880-0500] {processor.py:829} INFO - Processing file /Users/dimz/EconWizard/hermesvirtual/lib/python3.8/site-packages/airflow/example_dags/example_local_kubernetes_executor.py for tasks to queue
[2023-11-02T09:19:57.881-0500] {logging_mixin.py:151} INFO - [2023-11-02T09:19:57.881-0500] {dagbag.py:536} INFO - Filling up the DagBag from /Users/dimz/EconWizard/hermesvirtual/lib/python3.8/site-packages/airflow/example_dags/example_local_kubernetes_executor.py
[2023-11-02T09:19:57.914-0500] {logging_mixin.py:151} INFO - [2023-11-02T09:19:57.913-0500] {example_local_kubernetes_executor.py:39} WARNING - Could not import DAGs in example_local_kubernetes_executor.py
Traceback (most recent call last):
  File "/Users/dimz/EconWizard/hermesvirtual/lib/python3.8/site-packages/airflow/example_dags/example_local_kubernetes_executor.py", line 37, in <module>
    from kubernetes.client import models as k8s
ModuleNotFoundError: No module named 'kubernetes'
[2023-11-02T09:19:57.914-0500] {logging_mixin.py:151} INFO - [2023-11-02T09:19:57.914-0500] {example_local_kubernetes_executor.py:40} WARNING - Install Kubernetes dependencies with: pip install apache-airflow[cncf.kubernetes]
[2023-11-02T09:19:57.914-0500] {processor.py:841} WARNING - No viable dags retrieved from /Users/dimz/EconWizard/hermesvirtual/lib/python3.8/site-packages/airflow/example_dags/example_local_kubernetes_executor.py
[2023-11-02T09:19:57.984-0500] {processor.py:179} INFO - Processing /Users/dimz/EconWizard/hermesvirtual/lib/python3.8/site-packages/airflow/example_dags/example_local_kubernetes_executor.py took 0.109 seconds
[2023-11-02T09:22:07.891-0500] {processor.py:157} INFO - Started process (PID=95157) to work on /Users/dimz/EconWizard/hermesvirtual/lib/python3.8/site-packages/airflow/example_dags/example_local_kubernetes_executor.py
[2023-11-02T09:22:07.897-0500] {processor.py:829} INFO - Processing file /Users/dimz/EconWizard/hermesvirtual/lib/python3.8/site-packages/airflow/example_dags/example_local_kubernetes_executor.py for tasks to queue
[2023-11-02T09:22:07.898-0500] {logging_mixin.py:151} INFO - [2023-11-02T09:22:07.898-0500] {dagbag.py:536} INFO - Filling up the DagBag from /Users/dimz/EconWizard/hermesvirtual/lib/python3.8/site-packages/airflow/example_dags/example_local_kubernetes_executor.py
[2023-11-02T09:22:07.939-0500] {logging_mixin.py:151} INFO - [2023-11-02T09:22:07.938-0500] {example_local_kubernetes_executor.py:39} WARNING - Could not import DAGs in example_local_kubernetes_executor.py
Traceback (most recent call last):
  File "/Users/dimz/EconWizard/hermesvirtual/lib/python3.8/site-packages/airflow/example_dags/example_local_kubernetes_executor.py", line 37, in <module>
    from kubernetes.client import models as k8s
ModuleNotFoundError: No module named 'kubernetes'
[2023-11-02T09:22:07.940-0500] {logging_mixin.py:151} INFO - [2023-11-02T09:22:07.940-0500] {example_local_kubernetes_executor.py:40} WARNING - Install Kubernetes dependencies with: pip install apache-airflow[cncf.kubernetes]
[2023-11-02T09:22:07.940-0500] {processor.py:841} WARNING - No viable dags retrieved from /Users/dimz/EconWizard/hermesvirtual/lib/python3.8/site-packages/airflow/example_dags/example_local_kubernetes_executor.py
[2023-11-02T09:22:08.015-0500] {processor.py:179} INFO - Processing /Users/dimz/EconWizard/hermesvirtual/lib/python3.8/site-packages/airflow/example_dags/example_local_kubernetes_executor.py took 0.124 seconds
[2023-11-02T09:24:14.235-0500] {processor.py:157} INFO - Started process (PID=95375) to work on /Users/dimz/EconWizard/hermesvirtual/lib/python3.8/site-packages/airflow/example_dags/example_local_kubernetes_executor.py
[2023-11-02T09:24:14.240-0500] {processor.py:829} INFO - Processing file /Users/dimz/EconWizard/hermesvirtual/lib/python3.8/site-packages/airflow/example_dags/example_local_kubernetes_executor.py for tasks to queue
[2023-11-02T09:24:14.240-0500] {logging_mixin.py:151} INFO - [2023-11-02T09:24:14.240-0500] {dagbag.py:536} INFO - Filling up the DagBag from /Users/dimz/EconWizard/hermesvirtual/lib/python3.8/site-packages/airflow/example_dags/example_local_kubernetes_executor.py
[2023-11-02T09:24:14.270-0500] {logging_mixin.py:151} INFO - [2023-11-02T09:24:14.270-0500] {example_local_kubernetes_executor.py:39} WARNING - Could not import DAGs in example_local_kubernetes_executor.py
Traceback (most recent call last):
  File "/Users/dimz/EconWizard/hermesvirtual/lib/python3.8/site-packages/airflow/example_dags/example_local_kubernetes_executor.py", line 37, in <module>
    from kubernetes.client import models as k8s
ModuleNotFoundError: No module named 'kubernetes'
[2023-11-02T09:24:14.270-0500] {logging_mixin.py:151} INFO - [2023-11-02T09:24:14.270-0500] {example_local_kubernetes_executor.py:40} WARNING - Install Kubernetes dependencies with: pip install apache-airflow[cncf.kubernetes]
[2023-11-02T09:24:14.271-0500] {processor.py:841} WARNING - No viable dags retrieved from /Users/dimz/EconWizard/hermesvirtual/lib/python3.8/site-packages/airflow/example_dags/example_local_kubernetes_executor.py
[2023-11-02T09:24:14.336-0500] {processor.py:179} INFO - Processing /Users/dimz/EconWizard/hermesvirtual/lib/python3.8/site-packages/airflow/example_dags/example_local_kubernetes_executor.py took 0.102 seconds
[2023-11-02T09:26:20.312-0500] {processor.py:157} INFO - Started process (PID=95615) to work on /Users/dimz/EconWizard/hermesvirtual/lib/python3.8/site-packages/airflow/example_dags/example_local_kubernetes_executor.py
[2023-11-02T09:26:20.317-0500] {processor.py:829} INFO - Processing file /Users/dimz/EconWizard/hermesvirtual/lib/python3.8/site-packages/airflow/example_dags/example_local_kubernetes_executor.py for tasks to queue
[2023-11-02T09:26:20.318-0500] {logging_mixin.py:151} INFO - [2023-11-02T09:26:20.318-0500] {dagbag.py:536} INFO - Filling up the DagBag from /Users/dimz/EconWizard/hermesvirtual/lib/python3.8/site-packages/airflow/example_dags/example_local_kubernetes_executor.py
[2023-11-02T09:26:20.348-0500] {logging_mixin.py:151} INFO - [2023-11-02T09:26:20.348-0500] {example_local_kubernetes_executor.py:39} WARNING - Could not import DAGs in example_local_kubernetes_executor.py
Traceback (most recent call last):
  File "/Users/dimz/EconWizard/hermesvirtual/lib/python3.8/site-packages/airflow/example_dags/example_local_kubernetes_executor.py", line 37, in <module>
    from kubernetes.client import models as k8s
ModuleNotFoundError: No module named 'kubernetes'
[2023-11-02T09:26:20.348-0500] {logging_mixin.py:151} INFO - [2023-11-02T09:26:20.348-0500] {example_local_kubernetes_executor.py:40} WARNING - Install Kubernetes dependencies with: pip install apache-airflow[cncf.kubernetes]
[2023-11-02T09:26:20.348-0500] {processor.py:841} WARNING - No viable dags retrieved from /Users/dimz/EconWizard/hermesvirtual/lib/python3.8/site-packages/airflow/example_dags/example_local_kubernetes_executor.py
[2023-11-02T09:26:20.415-0500] {processor.py:179} INFO - Processing /Users/dimz/EconWizard/hermesvirtual/lib/python3.8/site-packages/airflow/example_dags/example_local_kubernetes_executor.py took 0.103 seconds
[2023-11-02T09:29:16.342-0500] {processor.py:157} INFO - Started process (PID=95859) to work on /Users/dimz/EconWizard/hermesvirtual/lib/python3.8/site-packages/airflow/example_dags/example_local_kubernetes_executor.py
[2023-11-02T09:29:16.347-0500] {processor.py:829} INFO - Processing file /Users/dimz/EconWizard/hermesvirtual/lib/python3.8/site-packages/airflow/example_dags/example_local_kubernetes_executor.py for tasks to queue
[2023-11-02T09:29:16.348-0500] {logging_mixin.py:151} INFO - [2023-11-02T09:29:16.348-0500] {dagbag.py:536} INFO - Filling up the DagBag from /Users/dimz/EconWizard/hermesvirtual/lib/python3.8/site-packages/airflow/example_dags/example_local_kubernetes_executor.py
[2023-11-02T09:29:16.378-0500] {logging_mixin.py:151} INFO - [2023-11-02T09:29:16.377-0500] {example_local_kubernetes_executor.py:39} WARNING - Could not import DAGs in example_local_kubernetes_executor.py
Traceback (most recent call last):
  File "/Users/dimz/EconWizard/hermesvirtual/lib/python3.8/site-packages/airflow/example_dags/example_local_kubernetes_executor.py", line 37, in <module>
    from kubernetes.client import models as k8s
ModuleNotFoundError: No module named 'kubernetes'
[2023-11-02T09:29:16.378-0500] {logging_mixin.py:151} INFO - [2023-11-02T09:29:16.378-0500] {example_local_kubernetes_executor.py:40} WARNING - Install Kubernetes dependencies with: pip install apache-airflow[cncf.kubernetes]
[2023-11-02T09:29:16.378-0500] {processor.py:841} WARNING - No viable dags retrieved from /Users/dimz/EconWizard/hermesvirtual/lib/python3.8/site-packages/airflow/example_dags/example_local_kubernetes_executor.py
[2023-11-02T09:29:16.443-0500] {processor.py:179} INFO - Processing /Users/dimz/EconWizard/hermesvirtual/lib/python3.8/site-packages/airflow/example_dags/example_local_kubernetes_executor.py took 0.101 seconds
[2023-11-02T09:31:27.649-0500] {processor.py:157} INFO - Started process (PID=96023) to work on /Users/dimz/EconWizard/hermesvirtual/lib/python3.8/site-packages/airflow/example_dags/example_local_kubernetes_executor.py
[2023-11-02T09:31:27.654-0500] {processor.py:829} INFO - Processing file /Users/dimz/EconWizard/hermesvirtual/lib/python3.8/site-packages/airflow/example_dags/example_local_kubernetes_executor.py for tasks to queue
[2023-11-02T09:31:27.655-0500] {logging_mixin.py:151} INFO - [2023-11-02T09:31:27.655-0500] {dagbag.py:536} INFO - Filling up the DagBag from /Users/dimz/EconWizard/hermesvirtual/lib/python3.8/site-packages/airflow/example_dags/example_local_kubernetes_executor.py
[2023-11-02T09:31:27.685-0500] {logging_mixin.py:151} INFO - [2023-11-02T09:31:27.685-0500] {example_local_kubernetes_executor.py:39} WARNING - Could not import DAGs in example_local_kubernetes_executor.py
Traceback (most recent call last):
  File "/Users/dimz/EconWizard/hermesvirtual/lib/python3.8/site-packages/airflow/example_dags/example_local_kubernetes_executor.py", line 37, in <module>
    from kubernetes.client import models as k8s
ModuleNotFoundError: No module named 'kubernetes'
[2023-11-02T09:31:27.685-0500] {logging_mixin.py:151} INFO - [2023-11-02T09:31:27.685-0500] {example_local_kubernetes_executor.py:40} WARNING - Install Kubernetes dependencies with: pip install apache-airflow[cncf.kubernetes]
[2023-11-02T09:31:27.685-0500] {processor.py:841} WARNING - No viable dags retrieved from /Users/dimz/EconWizard/hermesvirtual/lib/python3.8/site-packages/airflow/example_dags/example_local_kubernetes_executor.py
[2023-11-02T09:31:27.750-0500] {processor.py:179} INFO - Processing /Users/dimz/EconWizard/hermesvirtual/lib/python3.8/site-packages/airflow/example_dags/example_local_kubernetes_executor.py took 0.101 seconds
[2023-11-02T10:13:37.304-0500] {processor.py:157} INFO - Started process (PID=97565) to work on /Users/dimz/EconWizard/hermesvirtual/lib/python3.8/site-packages/airflow/example_dags/example_local_kubernetes_executor.py
[2023-11-02T10:13:37.309-0500] {processor.py:829} INFO - Processing file /Users/dimz/EconWizard/hermesvirtual/lib/python3.8/site-packages/airflow/example_dags/example_local_kubernetes_executor.py for tasks to queue
[2023-11-02T10:13:37.309-0500] {logging_mixin.py:151} INFO - [2023-11-02T10:13:37.309-0500] {dagbag.py:536} INFO - Filling up the DagBag from /Users/dimz/EconWizard/hermesvirtual/lib/python3.8/site-packages/airflow/example_dags/example_local_kubernetes_executor.py
[2023-11-02T10:13:37.338-0500] {logging_mixin.py:151} INFO - [2023-11-02T10:13:37.338-0500] {example_local_kubernetes_executor.py:39} WARNING - Could not import DAGs in example_local_kubernetes_executor.py
Traceback (most recent call last):
  File "/Users/dimz/EconWizard/hermesvirtual/lib/python3.8/site-packages/airflow/example_dags/example_local_kubernetes_executor.py", line 37, in <module>
    from kubernetes.client import models as k8s
ModuleNotFoundError: No module named 'kubernetes'
[2023-11-02T10:13:37.339-0500] {logging_mixin.py:151} INFO - [2023-11-02T10:13:37.338-0500] {example_local_kubernetes_executor.py:40} WARNING - Install Kubernetes dependencies with: pip install apache-airflow[cncf.kubernetes]
[2023-11-02T10:13:37.339-0500] {processor.py:841} WARNING - No viable dags retrieved from /Users/dimz/EconWizard/hermesvirtual/lib/python3.8/site-packages/airflow/example_dags/example_local_kubernetes_executor.py
[2023-11-02T10:13:37.402-0500] {processor.py:179} INFO - Processing /Users/dimz/EconWizard/hermesvirtual/lib/python3.8/site-packages/airflow/example_dags/example_local_kubernetes_executor.py took 0.099 seconds
[2023-11-02T10:15:09.713-0500] {processor.py:157} INFO - Started process (PID=97663) to work on /Users/dimz/EconWizard/hermesvirtual/lib/python3.8/site-packages/airflow/example_dags/example_local_kubernetes_executor.py
[2023-11-02T10:15:09.718-0500] {processor.py:829} INFO - Processing file /Users/dimz/EconWizard/hermesvirtual/lib/python3.8/site-packages/airflow/example_dags/example_local_kubernetes_executor.py for tasks to queue
[2023-11-02T10:15:09.718-0500] {logging_mixin.py:151} INFO - [2023-11-02T10:15:09.718-0500] {dagbag.py:536} INFO - Filling up the DagBag from /Users/dimz/EconWizard/hermesvirtual/lib/python3.8/site-packages/airflow/example_dags/example_local_kubernetes_executor.py
[2023-11-02T10:15:09.748-0500] {logging_mixin.py:151} INFO - [2023-11-02T10:15:09.748-0500] {example_local_kubernetes_executor.py:39} WARNING - Could not import DAGs in example_local_kubernetes_executor.py
Traceback (most recent call last):
  File "/Users/dimz/EconWizard/hermesvirtual/lib/python3.8/site-packages/airflow/example_dags/example_local_kubernetes_executor.py", line 37, in <module>
    from kubernetes.client import models as k8s
ModuleNotFoundError: No module named 'kubernetes'
[2023-11-02T10:15:09.749-0500] {logging_mixin.py:151} INFO - [2023-11-02T10:15:09.749-0500] {example_local_kubernetes_executor.py:40} WARNING - Install Kubernetes dependencies with: pip install apache-airflow[cncf.kubernetes]
[2023-11-02T10:15:09.749-0500] {processor.py:841} WARNING - No viable dags retrieved from /Users/dimz/EconWizard/hermesvirtual/lib/python3.8/site-packages/airflow/example_dags/example_local_kubernetes_executor.py
[2023-11-02T10:15:09.813-0500] {processor.py:179} INFO - Processing /Users/dimz/EconWizard/hermesvirtual/lib/python3.8/site-packages/airflow/example_dags/example_local_kubernetes_executor.py took 0.101 seconds
[2023-11-02T10:39:24.663-0500] {processor.py:157} INFO - Started process (PID=99900) to work on /Users/dimz/EconWizard/hermesvirtual/lib/python3.8/site-packages/airflow/example_dags/example_local_kubernetes_executor.py
[2023-11-02T10:39:24.668-0500] {processor.py:829} INFO - Processing file /Users/dimz/EconWizard/hermesvirtual/lib/python3.8/site-packages/airflow/example_dags/example_local_kubernetes_executor.py for tasks to queue
[2023-11-02T10:39:24.669-0500] {logging_mixin.py:151} INFO - [2023-11-02T10:39:24.669-0500] {dagbag.py:536} INFO - Filling up the DagBag from /Users/dimz/EconWizard/hermesvirtual/lib/python3.8/site-packages/airflow/example_dags/example_local_kubernetes_executor.py
[2023-11-02T10:39:24.699-0500] {logging_mixin.py:151} INFO - [2023-11-02T10:39:24.699-0500] {example_local_kubernetes_executor.py:39} WARNING - Could not import DAGs in example_local_kubernetes_executor.py
Traceback (most recent call last):
  File "/Users/dimz/EconWizard/hermesvirtual/lib/python3.8/site-packages/airflow/example_dags/example_local_kubernetes_executor.py", line 37, in <module>
    from kubernetes.client import models as k8s
ModuleNotFoundError: No module named 'kubernetes'
[2023-11-02T10:39:24.699-0500] {logging_mixin.py:151} INFO - [2023-11-02T10:39:24.699-0500] {example_local_kubernetes_executor.py:40} WARNING - Install Kubernetes dependencies with: pip install apache-airflow[cncf.kubernetes]
[2023-11-02T10:39:24.699-0500] {processor.py:841} WARNING - No viable dags retrieved from /Users/dimz/EconWizard/hermesvirtual/lib/python3.8/site-packages/airflow/example_dags/example_local_kubernetes_executor.py
[2023-11-02T10:39:24.764-0500] {processor.py:179} INFO - Processing /Users/dimz/EconWizard/hermesvirtual/lib/python3.8/site-packages/airflow/example_dags/example_local_kubernetes_executor.py took 0.101 seconds
[2023-11-02T10:40:59.501-0500] {processor.py:157} INFO - Started process (PID=116) to work on /Users/dimz/EconWizard/hermesvirtual/lib/python3.8/site-packages/airflow/example_dags/example_local_kubernetes_executor.py
[2023-11-02T10:40:59.506-0500] {processor.py:829} INFO - Processing file /Users/dimz/EconWizard/hermesvirtual/lib/python3.8/site-packages/airflow/example_dags/example_local_kubernetes_executor.py for tasks to queue
[2023-11-02T10:40:59.507-0500] {logging_mixin.py:151} INFO - [2023-11-02T10:40:59.507-0500] {dagbag.py:536} INFO - Filling up the DagBag from /Users/dimz/EconWizard/hermesvirtual/lib/python3.8/site-packages/airflow/example_dags/example_local_kubernetes_executor.py
[2023-11-02T10:40:59.540-0500] {logging_mixin.py:151} INFO - [2023-11-02T10:40:59.540-0500] {example_local_kubernetes_executor.py:39} WARNING - Could not import DAGs in example_local_kubernetes_executor.py
Traceback (most recent call last):
  File "/Users/dimz/EconWizard/hermesvirtual/lib/python3.8/site-packages/airflow/example_dags/example_local_kubernetes_executor.py", line 37, in <module>
    from kubernetes.client import models as k8s
ModuleNotFoundError: No module named 'kubernetes'
[2023-11-02T10:40:59.541-0500] {logging_mixin.py:151} INFO - [2023-11-02T10:40:59.540-0500] {example_local_kubernetes_executor.py:40} WARNING - Install Kubernetes dependencies with: pip install apache-airflow[cncf.kubernetes]
[2023-11-02T10:40:59.541-0500] {processor.py:841} WARNING - No viable dags retrieved from /Users/dimz/EconWizard/hermesvirtual/lib/python3.8/site-packages/airflow/example_dags/example_local_kubernetes_executor.py
[2023-11-02T10:40:59.615-0500] {processor.py:179} INFO - Processing /Users/dimz/EconWizard/hermesvirtual/lib/python3.8/site-packages/airflow/example_dags/example_local_kubernetes_executor.py took 0.114 seconds
[2023-11-02T10:43:02.285-0500] {processor.py:157} INFO - Started process (PID=406) to work on /Users/dimz/EconWizard/hermesvirtual/lib/python3.8/site-packages/airflow/example_dags/example_local_kubernetes_executor.py
[2023-11-02T10:43:02.290-0500] {processor.py:829} INFO - Processing file /Users/dimz/EconWizard/hermesvirtual/lib/python3.8/site-packages/airflow/example_dags/example_local_kubernetes_executor.py for tasks to queue
[2023-11-02T10:43:02.290-0500] {logging_mixin.py:151} INFO - [2023-11-02T10:43:02.290-0500] {dagbag.py:536} INFO - Filling up the DagBag from /Users/dimz/EconWizard/hermesvirtual/lib/python3.8/site-packages/airflow/example_dags/example_local_kubernetes_executor.py
[2023-11-02T10:43:02.326-0500] {logging_mixin.py:151} INFO - [2023-11-02T10:43:02.326-0500] {example_local_kubernetes_executor.py:39} WARNING - Could not import DAGs in example_local_kubernetes_executor.py
Traceback (most recent call last):
  File "/Users/dimz/EconWizard/hermesvirtual/lib/python3.8/site-packages/airflow/example_dags/example_local_kubernetes_executor.py", line 37, in <module>
    from kubernetes.client import models as k8s
ModuleNotFoundError: No module named 'kubernetes'
[2023-11-02T10:43:02.326-0500] {logging_mixin.py:151} INFO - [2023-11-02T10:43:02.326-0500] {example_local_kubernetes_executor.py:40} WARNING - Install Kubernetes dependencies with: pip install apache-airflow[cncf.kubernetes]
[2023-11-02T10:43:02.326-0500] {processor.py:841} WARNING - No viable dags retrieved from /Users/dimz/EconWizard/hermesvirtual/lib/python3.8/site-packages/airflow/example_dags/example_local_kubernetes_executor.py
[2023-11-02T10:43:02.403-0500] {processor.py:179} INFO - Processing /Users/dimz/EconWizard/hermesvirtual/lib/python3.8/site-packages/airflow/example_dags/example_local_kubernetes_executor.py took 0.119 seconds
