[2023-11-01T21:35:39.386-0500] {processor.py:157} INFO - Started process (PID=87696) to work on /Users/dimz/EconWizard/hermesvirtual/lib/python3.8/site-packages/airflow/example_dags/example_skip_dag.py
[2023-11-01T21:35:39.391-0500] {processor.py:829} INFO - Processing file /Users/dimz/EconWizard/hermesvirtual/lib/python3.8/site-packages/airflow/example_dags/example_skip_dag.py for tasks to queue
[2023-11-01T21:35:39.391-0500] {logging_mixin.py:151} INFO - [2023-11-01T21:35:39.391-0500] {dagbag.py:536} INFO - Filling up the DagBag from /Users/dimz/EconWizard/hermesvirtual/lib/python3.8/site-packages/airflow/example_dags/example_skip_dag.py
[2023-11-01T21:35:39.407-0500] {processor.py:839} INFO - DAG(s) dict_keys(['example_skip_dag']) retrieved from /Users/dimz/EconWizard/hermesvirtual/lib/python3.8/site-packages/airflow/example_dags/example_skip_dag.py
[2023-11-01T21:35:39.743-0500] {logging_mixin.py:151} INFO - [2023-11-01T21:35:39.743-0500] {manager.py:499} INFO - Created Permission View: %s
[2023-11-01T21:35:39.748-0500] {logging_mixin.py:151} INFO - [2023-11-01T21:35:39.748-0500] {manager.py:499} INFO - Created Permission View: %s
[2023-11-01T21:35:39.751-0500] {logging_mixin.py:151} INFO - [2023-11-01T21:35:39.751-0500] {manager.py:499} INFO - Created Permission View: %s
[2023-11-01T21:35:39.751-0500] {logging_mixin.py:151} INFO - [2023-11-01T21:35:39.751-0500] {dag.py:2941} INFO - Sync 1 DAGs
[2023-11-01T21:35:39.757-0500] {logging_mixin.py:151} INFO - [2023-11-01T21:35:39.757-0500] {dag.py:2963} INFO - Creating ORM DAG for example_skip_dag
[2023-11-01T21:35:39.761-0500] {logging_mixin.py:151} INFO - [2023-11-01T21:35:39.761-0500] {dag.py:3722} INFO - Setting next_dagrun for example_skip_dag to 2023-11-01T02:35:39.761249+00:00, run_after=2023-11-02T02:35:39.761249+00:00
[2023-11-01T21:35:39.771-0500] {processor.py:179} INFO - Processing /Users/dimz/EconWizard/hermesvirtual/lib/python3.8/site-packages/airflow/example_dags/example_skip_dag.py took 0.385 seconds
[2023-11-01T21:37:09.746-0500] {processor.py:157} INFO - Started process (PID=87844) to work on /Users/dimz/EconWizard/hermesvirtual/lib/python3.8/site-packages/airflow/example_dags/example_skip_dag.py
[2023-11-01T21:37:09.751-0500] {processor.py:829} INFO - Processing file /Users/dimz/EconWizard/hermesvirtual/lib/python3.8/site-packages/airflow/example_dags/example_skip_dag.py for tasks to queue
[2023-11-01T21:37:09.751-0500] {logging_mixin.py:151} INFO - [2023-11-01T21:37:09.751-0500] {dagbag.py:536} INFO - Filling up the DagBag from /Users/dimz/EconWizard/hermesvirtual/lib/python3.8/site-packages/airflow/example_dags/example_skip_dag.py
[2023-11-01T21:37:09.767-0500] {processor.py:839} INFO - DAG(s) dict_keys(['example_skip_dag']) retrieved from /Users/dimz/EconWizard/hermesvirtual/lib/python3.8/site-packages/airflow/example_dags/example_skip_dag.py
[2023-11-01T21:37:09.869-0500] {logging_mixin.py:151} INFO - [2023-11-01T21:37:09.869-0500] {dag.py:2941} INFO - Sync 1 DAGs
[2023-11-01T21:37:09.878-0500] {logging_mixin.py:151} INFO - [2023-11-01T21:37:09.878-0500] {dag.py:3722} INFO - Setting next_dagrun for example_skip_dag to 2023-11-01T02:37:09.878518+00:00, run_after=2023-11-02T02:37:09.878518+00:00
[2023-11-01T21:37:09.888-0500] {processor.py:179} INFO - Processing /Users/dimz/EconWizard/hermesvirtual/lib/python3.8/site-packages/airflow/example_dags/example_skip_dag.py took 0.143 seconds
[2023-11-01T21:39:01.660-0500] {processor.py:157} INFO - Started process (PID=88047) to work on /Users/dimz/EconWizard/hermesvirtual/lib/python3.8/site-packages/airflow/example_dags/example_skip_dag.py
[2023-11-01T21:39:01.665-0500] {processor.py:829} INFO - Processing file /Users/dimz/EconWizard/hermesvirtual/lib/python3.8/site-packages/airflow/example_dags/example_skip_dag.py for tasks to queue
[2023-11-01T21:39:01.665-0500] {logging_mixin.py:151} INFO - [2023-11-01T21:39:01.665-0500] {dagbag.py:536} INFO - Filling up the DagBag from /Users/dimz/EconWizard/hermesvirtual/lib/python3.8/site-packages/airflow/example_dags/example_skip_dag.py
[2023-11-01T21:39:01.681-0500] {processor.py:839} INFO - DAG(s) dict_keys(['example_skip_dag']) retrieved from /Users/dimz/EconWizard/hermesvirtual/lib/python3.8/site-packages/airflow/example_dags/example_skip_dag.py
[2023-11-01T21:39:01.784-0500] {logging_mixin.py:151} INFO - [2023-11-01T21:39:01.784-0500] {dag.py:2941} INFO - Sync 1 DAGs
[2023-11-01T21:39:01.793-0500] {logging_mixin.py:151} INFO - [2023-11-01T21:39:01.793-0500] {dag.py:3722} INFO - Setting next_dagrun for example_skip_dag to 2023-11-01T02:39:01.793294+00:00, run_after=2023-11-02T02:39:01.793294+00:00
[2023-11-01T21:39:01.803-0500] {processor.py:179} INFO - Processing /Users/dimz/EconWizard/hermesvirtual/lib/python3.8/site-packages/airflow/example_dags/example_skip_dag.py took 0.144 seconds
[2023-11-01T21:40:59.880-0500] {processor.py:157} INFO - Started process (PID=88305) to work on /Users/dimz/EconWizard/hermesvirtual/lib/python3.8/site-packages/airflow/example_dags/example_skip_dag.py
[2023-11-01T21:40:59.884-0500] {processor.py:829} INFO - Processing file /Users/dimz/EconWizard/hermesvirtual/lib/python3.8/site-packages/airflow/example_dags/example_skip_dag.py for tasks to queue
[2023-11-01T21:40:59.885-0500] {logging_mixin.py:151} INFO - [2023-11-01T21:40:59.884-0500] {dagbag.py:536} INFO - Filling up the DagBag from /Users/dimz/EconWizard/hermesvirtual/lib/python3.8/site-packages/airflow/example_dags/example_skip_dag.py
[2023-11-01T21:40:59.902-0500] {processor.py:839} INFO - DAG(s) dict_keys(['example_skip_dag']) retrieved from /Users/dimz/EconWizard/hermesvirtual/lib/python3.8/site-packages/airflow/example_dags/example_skip_dag.py
[2023-11-01T21:41:00.012-0500] {logging_mixin.py:151} INFO - [2023-11-01T21:41:00.012-0500] {dag.py:2941} INFO - Sync 1 DAGs
[2023-11-01T21:41:00.021-0500] {logging_mixin.py:151} INFO - [2023-11-01T21:41:00.021-0500] {dag.py:3722} INFO - Setting next_dagrun for example_skip_dag to 2023-11-01T02:41:00.021687+00:00, run_after=2023-11-02T02:41:00.021687+00:00
[2023-11-01T21:41:00.033-0500] {processor.py:179} INFO - Processing /Users/dimz/EconWizard/hermesvirtual/lib/python3.8/site-packages/airflow/example_dags/example_skip_dag.py took 0.153 seconds
[2023-11-01T21:42:54.428-0500] {processor.py:157} INFO - Started process (PID=88575) to work on /Users/dimz/EconWizard/hermesvirtual/lib/python3.8/site-packages/airflow/example_dags/example_skip_dag.py
[2023-11-01T21:42:54.432-0500] {processor.py:829} INFO - Processing file /Users/dimz/EconWizard/hermesvirtual/lib/python3.8/site-packages/airflow/example_dags/example_skip_dag.py for tasks to queue
[2023-11-01T21:42:54.433-0500] {logging_mixin.py:151} INFO - [2023-11-01T21:42:54.433-0500] {dagbag.py:536} INFO - Filling up the DagBag from /Users/dimz/EconWizard/hermesvirtual/lib/python3.8/site-packages/airflow/example_dags/example_skip_dag.py
[2023-11-01T21:42:54.448-0500] {processor.py:839} INFO - DAG(s) dict_keys(['example_skip_dag']) retrieved from /Users/dimz/EconWizard/hermesvirtual/lib/python3.8/site-packages/airflow/example_dags/example_skip_dag.py
[2023-11-01T21:42:54.555-0500] {logging_mixin.py:151} INFO - [2023-11-01T21:42:54.555-0500] {dag.py:2941} INFO - Sync 1 DAGs
[2023-11-01T21:42:54.564-0500] {logging_mixin.py:151} INFO - [2023-11-01T21:42:54.563-0500] {dag.py:3722} INFO - Setting next_dagrun for example_skip_dag to 2023-11-01T02:42:54.563908+00:00, run_after=2023-11-02T02:42:54.563908+00:00
[2023-11-01T21:42:54.574-0500] {processor.py:179} INFO - Processing /Users/dimz/EconWizard/hermesvirtual/lib/python3.8/site-packages/airflow/example_dags/example_skip_dag.py took 0.147 seconds
[2023-11-01T21:44:46.601-0500] {processor.py:157} INFO - Started process (PID=88744) to work on /Users/dimz/EconWizard/hermesvirtual/lib/python3.8/site-packages/airflow/example_dags/example_skip_dag.py
[2023-11-01T21:44:46.606-0500] {processor.py:829} INFO - Processing file /Users/dimz/EconWizard/hermesvirtual/lib/python3.8/site-packages/airflow/example_dags/example_skip_dag.py for tasks to queue
[2023-11-01T21:44:46.606-0500] {logging_mixin.py:151} INFO - [2023-11-01T21:44:46.606-0500] {dagbag.py:536} INFO - Filling up the DagBag from /Users/dimz/EconWizard/hermesvirtual/lib/python3.8/site-packages/airflow/example_dags/example_skip_dag.py
[2023-11-01T21:44:46.622-0500] {processor.py:839} INFO - DAG(s) dict_keys(['example_skip_dag']) retrieved from /Users/dimz/EconWizard/hermesvirtual/lib/python3.8/site-packages/airflow/example_dags/example_skip_dag.py
[2023-11-01T21:44:46.726-0500] {logging_mixin.py:151} INFO - [2023-11-01T21:44:46.726-0500] {dag.py:2941} INFO - Sync 1 DAGs
[2023-11-01T21:44:46.735-0500] {logging_mixin.py:151} INFO - [2023-11-01T21:44:46.735-0500] {dag.py:3722} INFO - Setting next_dagrun for example_skip_dag to 2023-11-01T02:44:46.735257+00:00, run_after=2023-11-02T02:44:46.735257+00:00
[2023-11-01T21:44:46.745-0500] {processor.py:179} INFO - Processing /Users/dimz/EconWizard/hermesvirtual/lib/python3.8/site-packages/airflow/example_dags/example_skip_dag.py took 0.145 seconds
[2023-11-01T21:46:51.387-0500] {processor.py:157} INFO - Started process (PID=88992) to work on /Users/dimz/EconWizard/hermesvirtual/lib/python3.8/site-packages/airflow/example_dags/example_skip_dag.py
[2023-11-01T21:46:51.392-0500] {processor.py:829} INFO - Processing file /Users/dimz/EconWizard/hermesvirtual/lib/python3.8/site-packages/airflow/example_dags/example_skip_dag.py for tasks to queue
[2023-11-01T21:46:51.393-0500] {logging_mixin.py:151} INFO - [2023-11-01T21:46:51.393-0500] {dagbag.py:536} INFO - Filling up the DagBag from /Users/dimz/EconWizard/hermesvirtual/lib/python3.8/site-packages/airflow/example_dags/example_skip_dag.py
[2023-11-01T21:46:51.409-0500] {processor.py:839} INFO - DAG(s) dict_keys(['example_skip_dag']) retrieved from /Users/dimz/EconWizard/hermesvirtual/lib/python3.8/site-packages/airflow/example_dags/example_skip_dag.py
[2023-11-01T21:46:51.523-0500] {logging_mixin.py:151} INFO - [2023-11-01T21:46:51.523-0500] {dag.py:2941} INFO - Sync 1 DAGs
[2023-11-01T21:46:51.533-0500] {logging_mixin.py:151} INFO - [2023-11-01T21:46:51.533-0500] {dag.py:3722} INFO - Setting next_dagrun for example_skip_dag to 2023-11-01T02:46:51.533458+00:00, run_after=2023-11-02T02:46:51.533458+00:00
[2023-11-01T21:46:51.544-0500] {processor.py:179} INFO - Processing /Users/dimz/EconWizard/hermesvirtual/lib/python3.8/site-packages/airflow/example_dags/example_skip_dag.py took 0.158 seconds
[2023-11-01T21:48:53.678-0500] {processor.py:157} INFO - Started process (PID=89164) to work on /Users/dimz/EconWizard/hermesvirtual/lib/python3.8/site-packages/airflow/example_dags/example_skip_dag.py
[2023-11-01T21:48:53.683-0500] {processor.py:829} INFO - Processing file /Users/dimz/EconWizard/hermesvirtual/lib/python3.8/site-packages/airflow/example_dags/example_skip_dag.py for tasks to queue
[2023-11-01T21:48:53.684-0500] {logging_mixin.py:151} INFO - [2023-11-01T21:48:53.683-0500] {dagbag.py:536} INFO - Filling up the DagBag from /Users/dimz/EconWizard/hermesvirtual/lib/python3.8/site-packages/airflow/example_dags/example_skip_dag.py
[2023-11-01T21:48:53.700-0500] {processor.py:839} INFO - DAG(s) dict_keys(['example_skip_dag']) retrieved from /Users/dimz/EconWizard/hermesvirtual/lib/python3.8/site-packages/airflow/example_dags/example_skip_dag.py
[2023-11-01T21:48:53.812-0500] {logging_mixin.py:151} INFO - [2023-11-01T21:48:53.811-0500] {dag.py:2941} INFO - Sync 1 DAGs
[2023-11-01T21:48:53.821-0500] {logging_mixin.py:151} INFO - [2023-11-01T21:48:53.821-0500] {dag.py:3722} INFO - Setting next_dagrun for example_skip_dag to 2023-11-01T02:48:53.821701+00:00, run_after=2023-11-02T02:48:53.821701+00:00
[2023-11-01T21:48:53.834-0500] {processor.py:179} INFO - Processing /Users/dimz/EconWizard/hermesvirtual/lib/python3.8/site-packages/airflow/example_dags/example_skip_dag.py took 0.156 seconds
[2023-11-01T21:50:52.361-0500] {processor.py:157} INFO - Started process (PID=89348) to work on /Users/dimz/EconWizard/hermesvirtual/lib/python3.8/site-packages/airflow/example_dags/example_skip_dag.py
[2023-11-01T21:50:52.366-0500] {processor.py:829} INFO - Processing file /Users/dimz/EconWizard/hermesvirtual/lib/python3.8/site-packages/airflow/example_dags/example_skip_dag.py for tasks to queue
[2023-11-01T21:50:52.367-0500] {logging_mixin.py:151} INFO - [2023-11-01T21:50:52.366-0500] {dagbag.py:536} INFO - Filling up the DagBag from /Users/dimz/EconWizard/hermesvirtual/lib/python3.8/site-packages/airflow/example_dags/example_skip_dag.py
[2023-11-01T21:50:52.383-0500] {processor.py:839} INFO - DAG(s) dict_keys(['example_skip_dag']) retrieved from /Users/dimz/EconWizard/hermesvirtual/lib/python3.8/site-packages/airflow/example_dags/example_skip_dag.py
[2023-11-01T21:50:52.487-0500] {logging_mixin.py:151} INFO - [2023-11-01T21:50:52.487-0500] {dag.py:2941} INFO - Sync 1 DAGs
[2023-11-01T21:50:52.496-0500] {logging_mixin.py:151} INFO - [2023-11-01T21:50:52.496-0500] {dag.py:3722} INFO - Setting next_dagrun for example_skip_dag to 2023-11-01T02:50:52.496065+00:00, run_after=2023-11-02T02:50:52.496065+00:00
[2023-11-01T21:50:52.506-0500] {processor.py:179} INFO - Processing /Users/dimz/EconWizard/hermesvirtual/lib/python3.8/site-packages/airflow/example_dags/example_skip_dag.py took 0.145 seconds
[2023-11-01T21:52:47.942-0500] {processor.py:157} INFO - Started process (PID=89508) to work on /Users/dimz/EconWizard/hermesvirtual/lib/python3.8/site-packages/airflow/example_dags/example_skip_dag.py
[2023-11-01T21:52:47.947-0500] {processor.py:829} INFO - Processing file /Users/dimz/EconWizard/hermesvirtual/lib/python3.8/site-packages/airflow/example_dags/example_skip_dag.py for tasks to queue
[2023-11-01T21:52:47.947-0500] {logging_mixin.py:151} INFO - [2023-11-01T21:52:47.947-0500] {dagbag.py:536} INFO - Filling up the DagBag from /Users/dimz/EconWizard/hermesvirtual/lib/python3.8/site-packages/airflow/example_dags/example_skip_dag.py
[2023-11-01T21:52:47.963-0500] {processor.py:839} INFO - DAG(s) dict_keys(['example_skip_dag']) retrieved from /Users/dimz/EconWizard/hermesvirtual/lib/python3.8/site-packages/airflow/example_dags/example_skip_dag.py
[2023-11-01T21:52:48.070-0500] {logging_mixin.py:151} INFO - [2023-11-01T21:52:48.070-0500] {dag.py:2941} INFO - Sync 1 DAGs
[2023-11-01T21:52:48.079-0500] {logging_mixin.py:151} INFO - [2023-11-01T21:52:48.079-0500] {dag.py:3722} INFO - Setting next_dagrun for example_skip_dag to 2023-11-01T02:52:48.078985+00:00, run_after=2023-11-02T02:52:48.078985+00:00
[2023-11-01T21:52:48.089-0500] {processor.py:179} INFO - Processing /Users/dimz/EconWizard/hermesvirtual/lib/python3.8/site-packages/airflow/example_dags/example_skip_dag.py took 0.148 seconds
[2023-11-01T21:54:49.744-0500] {processor.py:157} INFO - Started process (PID=89680) to work on /Users/dimz/EconWizard/hermesvirtual/lib/python3.8/site-packages/airflow/example_dags/example_skip_dag.py
[2023-11-01T21:54:49.750-0500] {processor.py:829} INFO - Processing file /Users/dimz/EconWizard/hermesvirtual/lib/python3.8/site-packages/airflow/example_dags/example_skip_dag.py for tasks to queue
[2023-11-01T21:54:49.750-0500] {logging_mixin.py:151} INFO - [2023-11-01T21:54:49.750-0500] {dagbag.py:536} INFO - Filling up the DagBag from /Users/dimz/EconWizard/hermesvirtual/lib/python3.8/site-packages/airflow/example_dags/example_skip_dag.py
[2023-11-01T21:54:49.768-0500] {processor.py:839} INFO - DAG(s) dict_keys(['example_skip_dag']) retrieved from /Users/dimz/EconWizard/hermesvirtual/lib/python3.8/site-packages/airflow/example_dags/example_skip_dag.py
[2023-11-01T21:54:49.884-0500] {logging_mixin.py:151} INFO - [2023-11-01T21:54:49.884-0500] {dag.py:2941} INFO - Sync 1 DAGs
[2023-11-01T21:54:49.894-0500] {logging_mixin.py:151} INFO - [2023-11-01T21:54:49.894-0500] {dag.py:3722} INFO - Setting next_dagrun for example_skip_dag to 2023-11-01T02:54:49.894002+00:00, run_after=2023-11-02T02:54:49.894002+00:00
[2023-11-01T21:54:49.905-0500] {processor.py:179} INFO - Processing /Users/dimz/EconWizard/hermesvirtual/lib/python3.8/site-packages/airflow/example_dags/example_skip_dag.py took 0.161 seconds
[2023-11-01T21:56:45.578-0500] {processor.py:157} INFO - Started process (PID=89822) to work on /Users/dimz/EconWizard/hermesvirtual/lib/python3.8/site-packages/airflow/example_dags/example_skip_dag.py
[2023-11-01T21:56:45.583-0500] {processor.py:829} INFO - Processing file /Users/dimz/EconWizard/hermesvirtual/lib/python3.8/site-packages/airflow/example_dags/example_skip_dag.py for tasks to queue
[2023-11-01T21:56:45.583-0500] {logging_mixin.py:151} INFO - [2023-11-01T21:56:45.583-0500] {dagbag.py:536} INFO - Filling up the DagBag from /Users/dimz/EconWizard/hermesvirtual/lib/python3.8/site-packages/airflow/example_dags/example_skip_dag.py
[2023-11-01T21:56:45.601-0500] {processor.py:839} INFO - DAG(s) dict_keys(['example_skip_dag']) retrieved from /Users/dimz/EconWizard/hermesvirtual/lib/python3.8/site-packages/airflow/example_dags/example_skip_dag.py
[2023-11-01T21:56:45.716-0500] {logging_mixin.py:151} INFO - [2023-11-01T21:56:45.716-0500] {dag.py:2941} INFO - Sync 1 DAGs
[2023-11-01T21:56:45.726-0500] {logging_mixin.py:151} INFO - [2023-11-01T21:56:45.725-0500] {dag.py:3722} INFO - Setting next_dagrun for example_skip_dag to 2023-11-01T02:56:45.725870+00:00, run_after=2023-11-02T02:56:45.725870+00:00
[2023-11-01T21:56:45.737-0500] {processor.py:179} INFO - Processing /Users/dimz/EconWizard/hermesvirtual/lib/python3.8/site-packages/airflow/example_dags/example_skip_dag.py took 0.160 seconds
[2023-11-01T21:58:48.231-0500] {processor.py:157} INFO - Started process (PID=90038) to work on /Users/dimz/EconWizard/hermesvirtual/lib/python3.8/site-packages/airflow/example_dags/example_skip_dag.py
[2023-11-01T21:58:48.236-0500] {processor.py:829} INFO - Processing file /Users/dimz/EconWizard/hermesvirtual/lib/python3.8/site-packages/airflow/example_dags/example_skip_dag.py for tasks to queue
[2023-11-01T21:58:48.237-0500] {logging_mixin.py:151} INFO - [2023-11-01T21:58:48.237-0500] {dagbag.py:536} INFO - Filling up the DagBag from /Users/dimz/EconWizard/hermesvirtual/lib/python3.8/site-packages/airflow/example_dags/example_skip_dag.py
[2023-11-01T21:58:48.254-0500] {processor.py:839} INFO - DAG(s) dict_keys(['example_skip_dag']) retrieved from /Users/dimz/EconWizard/hermesvirtual/lib/python3.8/site-packages/airflow/example_dags/example_skip_dag.py
[2023-11-01T21:58:48.369-0500] {logging_mixin.py:151} INFO - [2023-11-01T21:58:48.369-0500] {dag.py:2941} INFO - Sync 1 DAGs
[2023-11-01T21:58:48.379-0500] {logging_mixin.py:151} INFO - [2023-11-01T21:58:48.379-0500] {dag.py:3722} INFO - Setting next_dagrun for example_skip_dag to 2023-11-01T02:58:48.379392+00:00, run_after=2023-11-02T02:58:48.379392+00:00
[2023-11-01T21:58:48.391-0500] {processor.py:179} INFO - Processing /Users/dimz/EconWizard/hermesvirtual/lib/python3.8/site-packages/airflow/example_dags/example_skip_dag.py took 0.160 seconds
[2023-11-01T22:00:46.864-0500] {processor.py:157} INFO - Started process (PID=90205) to work on /Users/dimz/EconWizard/hermesvirtual/lib/python3.8/site-packages/airflow/example_dags/example_skip_dag.py
[2023-11-01T22:00:46.869-0500] {processor.py:829} INFO - Processing file /Users/dimz/EconWizard/hermesvirtual/lib/python3.8/site-packages/airflow/example_dags/example_skip_dag.py for tasks to queue
[2023-11-01T22:00:46.870-0500] {logging_mixin.py:151} INFO - [2023-11-01T22:00:46.869-0500] {dagbag.py:536} INFO - Filling up the DagBag from /Users/dimz/EconWizard/hermesvirtual/lib/python3.8/site-packages/airflow/example_dags/example_skip_dag.py
[2023-11-01T22:00:46.887-0500] {processor.py:839} INFO - DAG(s) dict_keys(['example_skip_dag']) retrieved from /Users/dimz/EconWizard/hermesvirtual/lib/python3.8/site-packages/airflow/example_dags/example_skip_dag.py
[2023-11-01T22:00:47.026-0500] {logging_mixin.py:151} INFO - [2023-11-01T22:00:47.026-0500] {dag.py:2941} INFO - Sync 1 DAGs
[2023-11-01T22:00:47.037-0500] {logging_mixin.py:151} INFO - [2023-11-01T22:00:47.037-0500] {dag.py:3722} INFO - Setting next_dagrun for example_skip_dag to 2023-11-01T03:00:47.037216+00:00, run_after=2023-11-02T03:00:47.037216+00:00
[2023-11-01T22:00:47.049-0500] {processor.py:179} INFO - Processing /Users/dimz/EconWizard/hermesvirtual/lib/python3.8/site-packages/airflow/example_dags/example_skip_dag.py took 0.186 seconds
[2023-11-01T22:02:48.784-0500] {processor.py:157} INFO - Started process (PID=90355) to work on /Users/dimz/EconWizard/hermesvirtual/lib/python3.8/site-packages/airflow/example_dags/example_skip_dag.py
[2023-11-01T22:02:48.789-0500] {processor.py:829} INFO - Processing file /Users/dimz/EconWizard/hermesvirtual/lib/python3.8/site-packages/airflow/example_dags/example_skip_dag.py for tasks to queue
[2023-11-01T22:02:48.790-0500] {logging_mixin.py:151} INFO - [2023-11-01T22:02:48.789-0500] {dagbag.py:536} INFO - Filling up the DagBag from /Users/dimz/EconWizard/hermesvirtual/lib/python3.8/site-packages/airflow/example_dags/example_skip_dag.py
[2023-11-01T22:02:48.806-0500] {processor.py:839} INFO - DAG(s) dict_keys(['example_skip_dag']) retrieved from /Users/dimz/EconWizard/hermesvirtual/lib/python3.8/site-packages/airflow/example_dags/example_skip_dag.py
[2023-11-01T22:02:48.920-0500] {logging_mixin.py:151} INFO - [2023-11-01T22:02:48.920-0500] {dag.py:2941} INFO - Sync 1 DAGs
[2023-11-01T22:02:48.930-0500] {logging_mixin.py:151} INFO - [2023-11-01T22:02:48.930-0500] {dag.py:3722} INFO - Setting next_dagrun for example_skip_dag to 2023-11-01T03:02:48.930186+00:00, run_after=2023-11-02T03:02:48.930186+00:00
[2023-11-01T22:02:48.942-0500] {processor.py:179} INFO - Processing /Users/dimz/EconWizard/hermesvirtual/lib/python3.8/site-packages/airflow/example_dags/example_skip_dag.py took 0.159 seconds
[2023-11-01T22:04:43.875-0500] {processor.py:157} INFO - Started process (PID=90549) to work on /Users/dimz/EconWizard/hermesvirtual/lib/python3.8/site-packages/airflow/example_dags/example_skip_dag.py
[2023-11-01T22:04:43.880-0500] {processor.py:829} INFO - Processing file /Users/dimz/EconWizard/hermesvirtual/lib/python3.8/site-packages/airflow/example_dags/example_skip_dag.py for tasks to queue
[2023-11-01T22:04:43.881-0500] {logging_mixin.py:151} INFO - [2023-11-01T22:04:43.881-0500] {dagbag.py:536} INFO - Filling up the DagBag from /Users/dimz/EconWizard/hermesvirtual/lib/python3.8/site-packages/airflow/example_dags/example_skip_dag.py
[2023-11-01T22:04:43.897-0500] {processor.py:839} INFO - DAG(s) dict_keys(['example_skip_dag']) retrieved from /Users/dimz/EconWizard/hermesvirtual/lib/python3.8/site-packages/airflow/example_dags/example_skip_dag.py
[2023-11-01T22:04:44.005-0500] {logging_mixin.py:151} INFO - [2023-11-01T22:04:44.004-0500] {dag.py:2941} INFO - Sync 1 DAGs
[2023-11-01T22:04:44.014-0500] {logging_mixin.py:151} INFO - [2023-11-01T22:04:44.014-0500] {dag.py:3722} INFO - Setting next_dagrun for example_skip_dag to 2023-11-01T03:04:44.013977+00:00, run_after=2023-11-02T03:04:44.013977+00:00
[2023-11-01T22:04:44.024-0500] {processor.py:179} INFO - Processing /Users/dimz/EconWizard/hermesvirtual/lib/python3.8/site-packages/airflow/example_dags/example_skip_dag.py took 0.150 seconds
[2023-11-01T22:06:44.277-0500] {processor.py:157} INFO - Started process (PID=90772) to work on /Users/dimz/EconWizard/hermesvirtual/lib/python3.8/site-packages/airflow/example_dags/example_skip_dag.py
[2023-11-01T22:06:44.282-0500] {processor.py:829} INFO - Processing file /Users/dimz/EconWizard/hermesvirtual/lib/python3.8/site-packages/airflow/example_dags/example_skip_dag.py for tasks to queue
[2023-11-01T22:06:44.282-0500] {logging_mixin.py:151} INFO - [2023-11-01T22:06:44.282-0500] {dagbag.py:536} INFO - Filling up the DagBag from /Users/dimz/EconWizard/hermesvirtual/lib/python3.8/site-packages/airflow/example_dags/example_skip_dag.py
[2023-11-01T22:06:44.297-0500] {processor.py:839} INFO - DAG(s) dict_keys(['example_skip_dag']) retrieved from /Users/dimz/EconWizard/hermesvirtual/lib/python3.8/site-packages/airflow/example_dags/example_skip_dag.py
[2023-11-01T22:06:44.401-0500] {logging_mixin.py:151} INFO - [2023-11-01T22:06:44.401-0500] {dag.py:2941} INFO - Sync 1 DAGs
[2023-11-01T22:06:44.410-0500] {logging_mixin.py:151} INFO - [2023-11-01T22:06:44.410-0500] {dag.py:3722} INFO - Setting next_dagrun for example_skip_dag to 2023-11-01T03:06:44.410139+00:00, run_after=2023-11-02T03:06:44.410139+00:00
[2023-11-01T22:06:44.420-0500] {processor.py:179} INFO - Processing /Users/dimz/EconWizard/hermesvirtual/lib/python3.8/site-packages/airflow/example_dags/example_skip_dag.py took 0.143 seconds
[2023-11-01T22:08:49.222-0500] {processor.py:157} INFO - Started process (PID=91000) to work on /Users/dimz/EconWizard/hermesvirtual/lib/python3.8/site-packages/airflow/example_dags/example_skip_dag.py
[2023-11-01T22:08:49.227-0500] {processor.py:829} INFO - Processing file /Users/dimz/EconWizard/hermesvirtual/lib/python3.8/site-packages/airflow/example_dags/example_skip_dag.py for tasks to queue
[2023-11-01T22:08:49.228-0500] {logging_mixin.py:151} INFO - [2023-11-01T22:08:49.228-0500] {dagbag.py:536} INFO - Filling up the DagBag from /Users/dimz/EconWizard/hermesvirtual/lib/python3.8/site-packages/airflow/example_dags/example_skip_dag.py
[2023-11-01T22:08:49.244-0500] {processor.py:839} INFO - DAG(s) dict_keys(['example_skip_dag']) retrieved from /Users/dimz/EconWizard/hermesvirtual/lib/python3.8/site-packages/airflow/example_dags/example_skip_dag.py
[2023-11-01T22:08:49.354-0500] {logging_mixin.py:151} INFO - [2023-11-01T22:08:49.354-0500] {dag.py:2941} INFO - Sync 1 DAGs
[2023-11-01T22:08:49.363-0500] {logging_mixin.py:151} INFO - [2023-11-01T22:08:49.363-0500] {dag.py:3722} INFO - Setting next_dagrun for example_skip_dag to 2023-11-01T03:08:49.363735+00:00, run_after=2023-11-02T03:08:49.363735+00:00
[2023-11-01T22:08:49.374-0500] {processor.py:179} INFO - Processing /Users/dimz/EconWizard/hermesvirtual/lib/python3.8/site-packages/airflow/example_dags/example_skip_dag.py took 0.152 seconds
[2023-11-01T22:13:23.336-0500] {processor.py:157} INFO - Started process (PID=91425) to work on /Users/dimz/EconWizard/hermesvirtual/lib/python3.8/site-packages/airflow/example_dags/example_skip_dag.py
[2023-11-01T22:13:23.341-0500] {processor.py:829} INFO - Processing file /Users/dimz/EconWizard/hermesvirtual/lib/python3.8/site-packages/airflow/example_dags/example_skip_dag.py for tasks to queue
[2023-11-01T22:13:23.342-0500] {logging_mixin.py:151} INFO - [2023-11-01T22:13:23.341-0500] {dagbag.py:536} INFO - Filling up the DagBag from /Users/dimz/EconWizard/hermesvirtual/lib/python3.8/site-packages/airflow/example_dags/example_skip_dag.py
[2023-11-01T22:13:23.359-0500] {processor.py:839} INFO - DAG(s) dict_keys(['example_skip_dag']) retrieved from /Users/dimz/EconWizard/hermesvirtual/lib/python3.8/site-packages/airflow/example_dags/example_skip_dag.py
[2023-11-01T22:13:23.727-0500] {logging_mixin.py:151} INFO - [2023-11-01T22:13:23.726-0500] {dag.py:2941} INFO - Sync 1 DAGs
[2023-11-01T22:13:23.736-0500] {logging_mixin.py:151} INFO - [2023-11-01T22:13:23.736-0500] {dag.py:3722} INFO - Setting next_dagrun for example_skip_dag to 2023-11-01T03:13:23.735962+00:00, run_after=2023-11-02T03:13:23.735962+00:00
[2023-11-01T22:13:23.754-0500] {processor.py:179} INFO - Processing /Users/dimz/EconWizard/hermesvirtual/lib/python3.8/site-packages/airflow/example_dags/example_skip_dag.py took 0.418 seconds
[2023-11-01T22:15:25.736-0500] {processor.py:157} INFO - Started process (PID=91636) to work on /Users/dimz/EconWizard/hermesvirtual/lib/python3.8/site-packages/airflow/example_dags/example_skip_dag.py
[2023-11-01T22:15:25.742-0500] {processor.py:829} INFO - Processing file /Users/dimz/EconWizard/hermesvirtual/lib/python3.8/site-packages/airflow/example_dags/example_skip_dag.py for tasks to queue
[2023-11-01T22:15:25.742-0500] {logging_mixin.py:151} INFO - [2023-11-01T22:15:25.742-0500] {dagbag.py:536} INFO - Filling up the DagBag from /Users/dimz/EconWizard/hermesvirtual/lib/python3.8/site-packages/airflow/example_dags/example_skip_dag.py
[2023-11-01T22:15:25.761-0500] {processor.py:839} INFO - DAG(s) dict_keys(['example_skip_dag']) retrieved from /Users/dimz/EconWizard/hermesvirtual/lib/python3.8/site-packages/airflow/example_dags/example_skip_dag.py
[2023-11-01T22:15:25.884-0500] {logging_mixin.py:151} INFO - [2023-11-01T22:15:25.883-0500] {dag.py:2941} INFO - Sync 1 DAGs
[2023-11-01T22:15:25.894-0500] {logging_mixin.py:151} INFO - [2023-11-01T22:15:25.894-0500] {dag.py:3722} INFO - Setting next_dagrun for example_skip_dag to 2023-11-01T03:15:25.894524+00:00, run_after=2023-11-02T03:15:25.894524+00:00
[2023-11-01T22:15:25.906-0500] {processor.py:179} INFO - Processing /Users/dimz/EconWizard/hermesvirtual/lib/python3.8/site-packages/airflow/example_dags/example_skip_dag.py took 0.171 seconds
[2023-11-01T22:17:25.339-0500] {processor.py:157} INFO - Started process (PID=91905) to work on /Users/dimz/EconWizard/hermesvirtual/lib/python3.8/site-packages/airflow/example_dags/example_skip_dag.py
[2023-11-01T22:17:25.344-0500] {processor.py:829} INFO - Processing file /Users/dimz/EconWizard/hermesvirtual/lib/python3.8/site-packages/airflow/example_dags/example_skip_dag.py for tasks to queue
[2023-11-01T22:17:25.345-0500] {logging_mixin.py:151} INFO - [2023-11-01T22:17:25.345-0500] {dagbag.py:536} INFO - Filling up the DagBag from /Users/dimz/EconWizard/hermesvirtual/lib/python3.8/site-packages/airflow/example_dags/example_skip_dag.py
[2023-11-01T22:17:25.361-0500] {processor.py:839} INFO - DAG(s) dict_keys(['example_skip_dag']) retrieved from /Users/dimz/EconWizard/hermesvirtual/lib/python3.8/site-packages/airflow/example_dags/example_skip_dag.py
[2023-11-01T22:17:25.472-0500] {logging_mixin.py:151} INFO - [2023-11-01T22:17:25.472-0500] {dag.py:2941} INFO - Sync 1 DAGs
[2023-11-01T22:17:25.482-0500] {logging_mixin.py:151} INFO - [2023-11-01T22:17:25.481-0500] {dag.py:3722} INFO - Setting next_dagrun for example_skip_dag to 2023-11-01T03:17:25.481875+00:00, run_after=2023-11-02T03:17:25.481875+00:00
[2023-11-01T22:17:25.492-0500] {processor.py:179} INFO - Processing /Users/dimz/EconWizard/hermesvirtual/lib/python3.8/site-packages/airflow/example_dags/example_skip_dag.py took 0.154 seconds
[2023-11-01T22:19:19.386-0500] {processor.py:157} INFO - Started process (PID=92192) to work on /Users/dimz/EconWizard/hermesvirtual/lib/python3.8/site-packages/airflow/example_dags/example_skip_dag.py
[2023-11-01T22:19:19.390-0500] {processor.py:829} INFO - Processing file /Users/dimz/EconWizard/hermesvirtual/lib/python3.8/site-packages/airflow/example_dags/example_skip_dag.py for tasks to queue
[2023-11-01T22:19:19.391-0500] {logging_mixin.py:151} INFO - [2023-11-01T22:19:19.391-0500] {dagbag.py:536} INFO - Filling up the DagBag from /Users/dimz/EconWizard/hermesvirtual/lib/python3.8/site-packages/airflow/example_dags/example_skip_dag.py
[2023-11-01T22:19:19.406-0500] {processor.py:839} INFO - DAG(s) dict_keys(['example_skip_dag']) retrieved from /Users/dimz/EconWizard/hermesvirtual/lib/python3.8/site-packages/airflow/example_dags/example_skip_dag.py
[2023-11-01T22:19:19.510-0500] {logging_mixin.py:151} INFO - [2023-11-01T22:19:19.510-0500] {dag.py:2941} INFO - Sync 1 DAGs
[2023-11-01T22:19:19.519-0500] {logging_mixin.py:151} INFO - [2023-11-01T22:19:19.519-0500] {dag.py:3722} INFO - Setting next_dagrun for example_skip_dag to 2023-11-01T03:19:19.519598+00:00, run_after=2023-11-02T03:19:19.519598+00:00
[2023-11-01T22:19:19.530-0500] {processor.py:179} INFO - Processing /Users/dimz/EconWizard/hermesvirtual/lib/python3.8/site-packages/airflow/example_dags/example_skip_dag.py took 0.144 seconds
[2023-11-01T22:21:07.785-0500] {processor.py:157} INFO - Started process (PID=92443) to work on /Users/dimz/EconWizard/hermesvirtual/lib/python3.8/site-packages/airflow/example_dags/example_skip_dag.py
[2023-11-01T22:21:07.790-0500] {processor.py:829} INFO - Processing file /Users/dimz/EconWizard/hermesvirtual/lib/python3.8/site-packages/airflow/example_dags/example_skip_dag.py for tasks to queue
[2023-11-01T22:21:07.791-0500] {logging_mixin.py:151} INFO - [2023-11-01T22:21:07.790-0500] {dagbag.py:536} INFO - Filling up the DagBag from /Users/dimz/EconWizard/hermesvirtual/lib/python3.8/site-packages/airflow/example_dags/example_skip_dag.py
[2023-11-01T22:21:07.809-0500] {processor.py:839} INFO - DAG(s) dict_keys(['example_skip_dag']) retrieved from /Users/dimz/EconWizard/hermesvirtual/lib/python3.8/site-packages/airflow/example_dags/example_skip_dag.py
[2023-11-01T22:21:07.928-0500] {logging_mixin.py:151} INFO - [2023-11-01T22:21:07.928-0500] {dag.py:2941} INFO - Sync 1 DAGs
[2023-11-01T22:21:07.938-0500] {logging_mixin.py:151} INFO - [2023-11-01T22:21:07.938-0500] {dag.py:3722} INFO - Setting next_dagrun for example_skip_dag to 2023-11-01T03:21:07.938607+00:00, run_after=2023-11-02T03:21:07.938607+00:00
[2023-11-01T22:21:07.950-0500] {processor.py:179} INFO - Processing /Users/dimz/EconWizard/hermesvirtual/lib/python3.8/site-packages/airflow/example_dags/example_skip_dag.py took 0.166 seconds
[2023-11-01T22:23:08.158-0500] {processor.py:157} INFO - Started process (PID=92785) to work on /Users/dimz/EconWizard/hermesvirtual/lib/python3.8/site-packages/airflow/example_dags/example_skip_dag.py
[2023-11-01T22:23:08.162-0500] {processor.py:829} INFO - Processing file /Users/dimz/EconWizard/hermesvirtual/lib/python3.8/site-packages/airflow/example_dags/example_skip_dag.py for tasks to queue
[2023-11-01T22:23:08.162-0500] {logging_mixin.py:151} INFO - [2023-11-01T22:23:08.162-0500] {dagbag.py:536} INFO - Filling up the DagBag from /Users/dimz/EconWizard/hermesvirtual/lib/python3.8/site-packages/airflow/example_dags/example_skip_dag.py
[2023-11-01T22:23:08.179-0500] {processor.py:839} INFO - DAG(s) dict_keys(['example_skip_dag']) retrieved from /Users/dimz/EconWizard/hermesvirtual/lib/python3.8/site-packages/airflow/example_dags/example_skip_dag.py
[2023-11-01T22:23:08.288-0500] {logging_mixin.py:151} INFO - [2023-11-01T22:23:08.288-0500] {dag.py:2941} INFO - Sync 1 DAGs
[2023-11-01T22:23:08.298-0500] {logging_mixin.py:151} INFO - [2023-11-01T22:23:08.298-0500] {dag.py:3722} INFO - Setting next_dagrun for example_skip_dag to 2023-11-01T03:23:08.297981+00:00, run_after=2023-11-02T03:23:08.297981+00:00
[2023-11-01T22:23:08.308-0500] {processor.py:179} INFO - Processing /Users/dimz/EconWizard/hermesvirtual/lib/python3.8/site-packages/airflow/example_dags/example_skip_dag.py took 0.151 seconds
[2023-11-02T02:54:09.544-0500] {processor.py:157} INFO - Started process (PID=93068) to work on /Users/dimz/EconWizard/hermesvirtual/lib/python3.8/site-packages/airflow/example_dags/example_skip_dag.py
[2023-11-02T02:54:09.548-0500] {processor.py:829} INFO - Processing file /Users/dimz/EconWizard/hermesvirtual/lib/python3.8/site-packages/airflow/example_dags/example_skip_dag.py for tasks to queue
[2023-11-02T02:54:09.549-0500] {logging_mixin.py:151} INFO - [2023-11-02T02:54:09.549-0500] {dagbag.py:536} INFO - Filling up the DagBag from /Users/dimz/EconWizard/hermesvirtual/lib/python3.8/site-packages/airflow/example_dags/example_skip_dag.py
[2023-11-02T02:54:09.566-0500] {processor.py:839} INFO - DAG(s) dict_keys(['example_skip_dag']) retrieved from /Users/dimz/EconWizard/hermesvirtual/lib/python3.8/site-packages/airflow/example_dags/example_skip_dag.py
[2023-11-02T02:54:09.681-0500] {logging_mixin.py:151} INFO - [2023-11-02T02:54:09.681-0500] {dag.py:2941} INFO - Sync 1 DAGs
[2023-11-02T02:54:09.690-0500] {logging_mixin.py:151} INFO - [2023-11-02T02:54:09.690-0500] {dag.py:3722} INFO - Setting next_dagrun for example_skip_dag to 2023-11-01T07:54:09.690548+00:00, run_after=2023-11-02T07:54:09.690548+00:00
[2023-11-02T02:54:09.702-0500] {processor.py:179} INFO - Processing /Users/dimz/EconWizard/hermesvirtual/lib/python3.8/site-packages/airflow/example_dags/example_skip_dag.py took 0.159 seconds
[2023-11-02T06:53:32.477-0500] {processor.py:157} INFO - Started process (PID=93272) to work on /Users/dimz/EconWizard/hermesvirtual/lib/python3.8/site-packages/airflow/example_dags/example_skip_dag.py
[2023-11-02T06:53:32.482-0500] {processor.py:829} INFO - Processing file /Users/dimz/EconWizard/hermesvirtual/lib/python3.8/site-packages/airflow/example_dags/example_skip_dag.py for tasks to queue
[2023-11-02T06:53:32.482-0500] {logging_mixin.py:151} INFO - [2023-11-02T06:53:32.482-0500] {dagbag.py:536} INFO - Filling up the DagBag from /Users/dimz/EconWizard/hermesvirtual/lib/python3.8/site-packages/airflow/example_dags/example_skip_dag.py
[2023-11-02T06:53:32.500-0500] {processor.py:839} INFO - DAG(s) dict_keys(['example_skip_dag']) retrieved from /Users/dimz/EconWizard/hermesvirtual/lib/python3.8/site-packages/airflow/example_dags/example_skip_dag.py
[2023-11-02T06:53:32.622-0500] {logging_mixin.py:151} INFO - [2023-11-02T06:53:32.622-0500] {dag.py:2941} INFO - Sync 1 DAGs
[2023-11-02T06:53:32.633-0500] {logging_mixin.py:151} INFO - [2023-11-02T06:53:32.633-0500] {dag.py:3722} INFO - Setting next_dagrun for example_skip_dag to 2023-11-01T11:53:32.633068+00:00, run_after=2023-11-02T11:53:32.633068+00:00
[2023-11-02T06:53:32.647-0500] {processor.py:179} INFO - Processing /Users/dimz/EconWizard/hermesvirtual/lib/python3.8/site-packages/airflow/example_dags/example_skip_dag.py took 0.170 seconds
[2023-11-02T08:28:45.532-0500] {processor.py:157} INFO - Started process (PID=93389) to work on /Users/dimz/EconWizard/hermesvirtual/lib/python3.8/site-packages/airflow/example_dags/example_skip_dag.py
[2023-11-02T08:28:45.537-0500] {processor.py:829} INFO - Processing file /Users/dimz/EconWizard/hermesvirtual/lib/python3.8/site-packages/airflow/example_dags/example_skip_dag.py for tasks to queue
[2023-11-02T08:28:45.537-0500] {logging_mixin.py:151} INFO - [2023-11-02T08:28:45.537-0500] {dagbag.py:536} INFO - Filling up the DagBag from /Users/dimz/EconWizard/hermesvirtual/lib/python3.8/site-packages/airflow/example_dags/example_skip_dag.py
[2023-11-02T08:28:45.553-0500] {processor.py:839} INFO - DAG(s) dict_keys(['example_skip_dag']) retrieved from /Users/dimz/EconWizard/hermesvirtual/lib/python3.8/site-packages/airflow/example_dags/example_skip_dag.py
[2023-11-02T08:28:45.660-0500] {logging_mixin.py:151} INFO - [2023-11-02T08:28:45.659-0500] {dag.py:2941} INFO - Sync 1 DAGs
[2023-11-02T08:28:45.670-0500] {logging_mixin.py:151} INFO - [2023-11-02T08:28:45.670-0500] {dag.py:3722} INFO - Setting next_dagrun for example_skip_dag to 2023-11-01T13:28:45.670058+00:00, run_after=2023-11-02T13:28:45.670058+00:00
[2023-11-02T08:28:45.681-0500] {processor.py:179} INFO - Processing /Users/dimz/EconWizard/hermesvirtual/lib/python3.8/site-packages/airflow/example_dags/example_skip_dag.py took 0.150 seconds
[2023-11-02T08:37:56.326-0500] {processor.py:157} INFO - Started process (PID=93485) to work on /Users/dimz/EconWizard/hermesvirtual/lib/python3.8/site-packages/airflow/example_dags/example_skip_dag.py
[2023-11-02T08:37:56.331-0500] {processor.py:829} INFO - Processing file /Users/dimz/EconWizard/hermesvirtual/lib/python3.8/site-packages/airflow/example_dags/example_skip_dag.py for tasks to queue
[2023-11-02T08:37:56.331-0500] {logging_mixin.py:151} INFO - [2023-11-02T08:37:56.331-0500] {dagbag.py:536} INFO - Filling up the DagBag from /Users/dimz/EconWizard/hermesvirtual/lib/python3.8/site-packages/airflow/example_dags/example_skip_dag.py
[2023-11-02T08:37:56.347-0500] {processor.py:839} INFO - DAG(s) dict_keys(['example_skip_dag']) retrieved from /Users/dimz/EconWizard/hermesvirtual/lib/python3.8/site-packages/airflow/example_dags/example_skip_dag.py
[2023-11-02T08:37:56.449-0500] {logging_mixin.py:151} INFO - [2023-11-02T08:37:56.449-0500] {dag.py:2941} INFO - Sync 1 DAGs
[2023-11-02T08:37:56.458-0500] {logging_mixin.py:151} INFO - [2023-11-02T08:37:56.458-0500] {dag.py:3722} INFO - Setting next_dagrun for example_skip_dag to 2023-11-01T13:37:56.458482+00:00, run_after=2023-11-02T13:37:56.458482+00:00
[2023-11-02T08:37:56.468-0500] {processor.py:179} INFO - Processing /Users/dimz/EconWizard/hermesvirtual/lib/python3.8/site-packages/airflow/example_dags/example_skip_dag.py took 0.143 seconds
[2023-11-02T09:02:57.280-0500] {processor.py:157} INFO - Started process (PID=93583) to work on /Users/dimz/EconWizard/hermesvirtual/lib/python3.8/site-packages/airflow/example_dags/example_skip_dag.py
[2023-11-02T09:02:57.284-0500] {processor.py:829} INFO - Processing file /Users/dimz/EconWizard/hermesvirtual/lib/python3.8/site-packages/airflow/example_dags/example_skip_dag.py for tasks to queue
[2023-11-02T09:02:57.284-0500] {logging_mixin.py:151} INFO - [2023-11-02T09:02:57.284-0500] {dagbag.py:536} INFO - Filling up the DagBag from /Users/dimz/EconWizard/hermesvirtual/lib/python3.8/site-packages/airflow/example_dags/example_skip_dag.py
[2023-11-02T09:02:57.300-0500] {processor.py:839} INFO - DAG(s) dict_keys(['example_skip_dag']) retrieved from /Users/dimz/EconWizard/hermesvirtual/lib/python3.8/site-packages/airflow/example_dags/example_skip_dag.py
[2023-11-02T09:02:57.412-0500] {logging_mixin.py:151} INFO - [2023-11-02T09:02:57.412-0500] {dag.py:2941} INFO - Sync 1 DAGs
[2023-11-02T09:02:57.421-0500] {logging_mixin.py:151} INFO - [2023-11-02T09:02:57.421-0500] {dag.py:3722} INFO - Setting next_dagrun for example_skip_dag to 2023-11-01T14:02:57.421035+00:00, run_after=2023-11-02T14:02:57.421035+00:00
[2023-11-02T09:02:57.432-0500] {processor.py:179} INFO - Processing /Users/dimz/EconWizard/hermesvirtual/lib/python3.8/site-packages/airflow/example_dags/example_skip_dag.py took 0.153 seconds
[2023-11-02T09:04:23.983-0500] {processor.py:157} INFO - Started process (PID=93709) to work on /Users/dimz/EconWizard/hermesvirtual/lib/python3.8/site-packages/airflow/example_dags/example_skip_dag.py
[2023-11-02T09:04:23.988-0500] {processor.py:829} INFO - Processing file /Users/dimz/EconWizard/hermesvirtual/lib/python3.8/site-packages/airflow/example_dags/example_skip_dag.py for tasks to queue
[2023-11-02T09:04:23.988-0500] {logging_mixin.py:151} INFO - [2023-11-02T09:04:23.988-0500] {dagbag.py:536} INFO - Filling up the DagBag from /Users/dimz/EconWizard/hermesvirtual/lib/python3.8/site-packages/airflow/example_dags/example_skip_dag.py
[2023-11-02T09:04:24.004-0500] {processor.py:839} INFO - DAG(s) dict_keys(['example_skip_dag']) retrieved from /Users/dimz/EconWizard/hermesvirtual/lib/python3.8/site-packages/airflow/example_dags/example_skip_dag.py
[2023-11-02T09:04:24.107-0500] {logging_mixin.py:151} INFO - [2023-11-02T09:04:24.107-0500] {dag.py:2941} INFO - Sync 1 DAGs
[2023-11-02T09:04:24.116-0500] {logging_mixin.py:151} INFO - [2023-11-02T09:04:24.116-0500] {dag.py:3722} INFO - Setting next_dagrun for example_skip_dag to 2023-11-01T14:04:24.116250+00:00, run_after=2023-11-02T14:04:24.116250+00:00
[2023-11-02T09:04:24.126-0500] {processor.py:179} INFO - Processing /Users/dimz/EconWizard/hermesvirtual/lib/python3.8/site-packages/airflow/example_dags/example_skip_dag.py took 0.144 seconds
[2023-11-02T09:06:18.490-0500] {processor.py:157} INFO - Started process (PID=93858) to work on /Users/dimz/EconWizard/hermesvirtual/lib/python3.8/site-packages/airflow/example_dags/example_skip_dag.py
[2023-11-02T09:06:18.495-0500] {processor.py:829} INFO - Processing file /Users/dimz/EconWizard/hermesvirtual/lib/python3.8/site-packages/airflow/example_dags/example_skip_dag.py for tasks to queue
[2023-11-02T09:06:18.495-0500] {logging_mixin.py:151} INFO - [2023-11-02T09:06:18.495-0500] {dagbag.py:536} INFO - Filling up the DagBag from /Users/dimz/EconWizard/hermesvirtual/lib/python3.8/site-packages/airflow/example_dags/example_skip_dag.py
[2023-11-02T09:06:18.511-0500] {processor.py:839} INFO - DAG(s) dict_keys(['example_skip_dag']) retrieved from /Users/dimz/EconWizard/hermesvirtual/lib/python3.8/site-packages/airflow/example_dags/example_skip_dag.py
[2023-11-02T09:06:18.614-0500] {logging_mixin.py:151} INFO - [2023-11-02T09:06:18.614-0500] {dag.py:2941} INFO - Sync 1 DAGs
[2023-11-02T09:06:18.623-0500] {logging_mixin.py:151} INFO - [2023-11-02T09:06:18.622-0500] {dag.py:3722} INFO - Setting next_dagrun for example_skip_dag to 2023-11-01T14:06:18.622831+00:00, run_after=2023-11-02T14:06:18.622831+00:00
[2023-11-02T09:06:18.633-0500] {processor.py:179} INFO - Processing /Users/dimz/EconWizard/hermesvirtual/lib/python3.8/site-packages/airflow/example_dags/example_skip_dag.py took 0.144 seconds
[2023-11-02T09:08:23.938-0500] {processor.py:157} INFO - Started process (PID=94010) to work on /Users/dimz/EconWizard/hermesvirtual/lib/python3.8/site-packages/airflow/example_dags/example_skip_dag.py
[2023-11-02T09:08:23.943-0500] {processor.py:829} INFO - Processing file /Users/dimz/EconWizard/hermesvirtual/lib/python3.8/site-packages/airflow/example_dags/example_skip_dag.py for tasks to queue
[2023-11-02T09:08:23.943-0500] {logging_mixin.py:151} INFO - [2023-11-02T09:08:23.943-0500] {dagbag.py:536} INFO - Filling up the DagBag from /Users/dimz/EconWizard/hermesvirtual/lib/python3.8/site-packages/airflow/example_dags/example_skip_dag.py
[2023-11-02T09:08:23.961-0500] {processor.py:839} INFO - DAG(s) dict_keys(['example_skip_dag']) retrieved from /Users/dimz/EconWizard/hermesvirtual/lib/python3.8/site-packages/airflow/example_dags/example_skip_dag.py
[2023-11-02T09:08:24.073-0500] {logging_mixin.py:151} INFO - [2023-11-02T09:08:24.073-0500] {dag.py:2941} INFO - Sync 1 DAGs
[2023-11-02T09:08:24.083-0500] {logging_mixin.py:151} INFO - [2023-11-02T09:08:24.083-0500] {dag.py:3722} INFO - Setting next_dagrun for example_skip_dag to 2023-11-01T14:08:24.083310+00:00, run_after=2023-11-02T14:08:24.083310+00:00
[2023-11-02T09:08:24.094-0500] {processor.py:179} INFO - Processing /Users/dimz/EconWizard/hermesvirtual/lib/python3.8/site-packages/airflow/example_dags/example_skip_dag.py took 0.157 seconds
[2023-11-02T09:10:31.451-0500] {processor.py:157} INFO - Started process (PID=94316) to work on /Users/dimz/EconWizard/hermesvirtual/lib/python3.8/site-packages/airflow/example_dags/example_skip_dag.py
[2023-11-02T09:10:31.456-0500] {processor.py:829} INFO - Processing file /Users/dimz/EconWizard/hermesvirtual/lib/python3.8/site-packages/airflow/example_dags/example_skip_dag.py for tasks to queue
[2023-11-02T09:10:31.456-0500] {logging_mixin.py:151} INFO - [2023-11-02T09:10:31.456-0500] {dagbag.py:536} INFO - Filling up the DagBag from /Users/dimz/EconWizard/hermesvirtual/lib/python3.8/site-packages/airflow/example_dags/example_skip_dag.py
[2023-11-02T09:10:31.472-0500] {processor.py:839} INFO - DAG(s) dict_keys(['example_skip_dag']) retrieved from /Users/dimz/EconWizard/hermesvirtual/lib/python3.8/site-packages/airflow/example_dags/example_skip_dag.py
[2023-11-02T09:10:31.576-0500] {logging_mixin.py:151} INFO - [2023-11-02T09:10:31.576-0500] {dag.py:2941} INFO - Sync 1 DAGs
[2023-11-02T09:10:31.585-0500] {logging_mixin.py:151} INFO - [2023-11-02T09:10:31.585-0500] {dag.py:3722} INFO - Setting next_dagrun for example_skip_dag to 2023-11-01T14:10:31.585426+00:00, run_after=2023-11-02T14:10:31.585426+00:00
[2023-11-02T09:10:31.595-0500] {processor.py:179} INFO - Processing /Users/dimz/EconWizard/hermesvirtual/lib/python3.8/site-packages/airflow/example_dags/example_skip_dag.py took 0.145 seconds
[2023-11-02T09:12:39.556-0500] {processor.py:157} INFO - Started process (PID=94490) to work on /Users/dimz/EconWizard/hermesvirtual/lib/python3.8/site-packages/airflow/example_dags/example_skip_dag.py
[2023-11-02T09:12:39.562-0500] {processor.py:829} INFO - Processing file /Users/dimz/EconWizard/hermesvirtual/lib/python3.8/site-packages/airflow/example_dags/example_skip_dag.py for tasks to queue
[2023-11-02T09:12:39.562-0500] {logging_mixin.py:151} INFO - [2023-11-02T09:12:39.562-0500] {dagbag.py:536} INFO - Filling up the DagBag from /Users/dimz/EconWizard/hermesvirtual/lib/python3.8/site-packages/airflow/example_dags/example_skip_dag.py
[2023-11-02T09:12:39.578-0500] {processor.py:839} INFO - DAG(s) dict_keys(['example_skip_dag']) retrieved from /Users/dimz/EconWizard/hermesvirtual/lib/python3.8/site-packages/airflow/example_dags/example_skip_dag.py
[2023-11-02T09:12:39.682-0500] {logging_mixin.py:151} INFO - [2023-11-02T09:12:39.682-0500] {dag.py:2941} INFO - Sync 1 DAGs
[2023-11-02T09:12:39.691-0500] {logging_mixin.py:151} INFO - [2023-11-02T09:12:39.691-0500] {dag.py:3722} INFO - Setting next_dagrun for example_skip_dag to 2023-11-01T14:12:39.691258+00:00, run_after=2023-11-02T14:12:39.691258+00:00
[2023-11-02T09:12:39.701-0500] {processor.py:179} INFO - Processing /Users/dimz/EconWizard/hermesvirtual/lib/python3.8/site-packages/airflow/example_dags/example_skip_dag.py took 0.145 seconds
[2023-11-02T09:14:46.492-0500] {processor.py:157} INFO - Started process (PID=94624) to work on /Users/dimz/EconWizard/hermesvirtual/lib/python3.8/site-packages/airflow/example_dags/example_skip_dag.py
[2023-11-02T09:14:46.497-0500] {processor.py:829} INFO - Processing file /Users/dimz/EconWizard/hermesvirtual/lib/python3.8/site-packages/airflow/example_dags/example_skip_dag.py for tasks to queue
[2023-11-02T09:14:46.498-0500] {logging_mixin.py:151} INFO - [2023-11-02T09:14:46.497-0500] {dagbag.py:536} INFO - Filling up the DagBag from /Users/dimz/EconWizard/hermesvirtual/lib/python3.8/site-packages/airflow/example_dags/example_skip_dag.py
[2023-11-02T09:14:46.513-0500] {processor.py:839} INFO - DAG(s) dict_keys(['example_skip_dag']) retrieved from /Users/dimz/EconWizard/hermesvirtual/lib/python3.8/site-packages/airflow/example_dags/example_skip_dag.py
[2023-11-02T09:14:46.617-0500] {logging_mixin.py:151} INFO - [2023-11-02T09:14:46.617-0500] {dag.py:2941} INFO - Sync 1 DAGs
[2023-11-02T09:14:46.625-0500] {logging_mixin.py:151} INFO - [2023-11-02T09:14:46.625-0500] {dag.py:3722} INFO - Setting next_dagrun for example_skip_dag to 2023-11-01T14:14:46.625798+00:00, run_after=2023-11-02T14:14:46.625798+00:00
[2023-11-02T09:14:46.636-0500] {processor.py:179} INFO - Processing /Users/dimz/EconWizard/hermesvirtual/lib/python3.8/site-packages/airflow/example_dags/example_skip_dag.py took 0.144 seconds
[2023-11-02T09:16:50.652-0500] {processor.py:157} INFO - Started process (PID=94764) to work on /Users/dimz/EconWizard/hermesvirtual/lib/python3.8/site-packages/airflow/example_dags/example_skip_dag.py
[2023-11-02T09:16:50.657-0500] {processor.py:829} INFO - Processing file /Users/dimz/EconWizard/hermesvirtual/lib/python3.8/site-packages/airflow/example_dags/example_skip_dag.py for tasks to queue
[2023-11-02T09:16:50.658-0500] {logging_mixin.py:151} INFO - [2023-11-02T09:16:50.657-0500] {dagbag.py:536} INFO - Filling up the DagBag from /Users/dimz/EconWizard/hermesvirtual/lib/python3.8/site-packages/airflow/example_dags/example_skip_dag.py
[2023-11-02T09:16:50.673-0500] {processor.py:839} INFO - DAG(s) dict_keys(['example_skip_dag']) retrieved from /Users/dimz/EconWizard/hermesvirtual/lib/python3.8/site-packages/airflow/example_dags/example_skip_dag.py
[2023-11-02T09:16:50.776-0500] {logging_mixin.py:151} INFO - [2023-11-02T09:16:50.776-0500] {dag.py:2941} INFO - Sync 1 DAGs
[2023-11-02T09:16:50.785-0500] {logging_mixin.py:151} INFO - [2023-11-02T09:16:50.785-0500] {dag.py:3722} INFO - Setting next_dagrun for example_skip_dag to 2023-11-01T14:16:50.785538+00:00, run_after=2023-11-02T14:16:50.785538+00:00
[2023-11-02T09:16:50.796-0500] {processor.py:179} INFO - Processing /Users/dimz/EconWizard/hermesvirtual/lib/python3.8/site-packages/airflow/example_dags/example_skip_dag.py took 0.144 seconds
[2023-11-02T09:18:56.021-0500] {processor.py:157} INFO - Started process (PID=94931) to work on /Users/dimz/EconWizard/hermesvirtual/lib/python3.8/site-packages/airflow/example_dags/example_skip_dag.py
[2023-11-02T09:18:56.026-0500] {processor.py:829} INFO - Processing file /Users/dimz/EconWizard/hermesvirtual/lib/python3.8/site-packages/airflow/example_dags/example_skip_dag.py for tasks to queue
[2023-11-02T09:18:56.027-0500] {logging_mixin.py:151} INFO - [2023-11-02T09:18:56.026-0500] {dagbag.py:536} INFO - Filling up the DagBag from /Users/dimz/EconWizard/hermesvirtual/lib/python3.8/site-packages/airflow/example_dags/example_skip_dag.py
[2023-11-02T09:18:56.046-0500] {processor.py:839} INFO - DAG(s) dict_keys(['example_skip_dag']) retrieved from /Users/dimz/EconWizard/hermesvirtual/lib/python3.8/site-packages/airflow/example_dags/example_skip_dag.py
[2023-11-02T09:18:56.170-0500] {logging_mixin.py:151} INFO - [2023-11-02T09:18:56.169-0500] {dag.py:2941} INFO - Sync 1 DAGs
[2023-11-02T09:18:56.179-0500] {logging_mixin.py:151} INFO - [2023-11-02T09:18:56.179-0500] {dag.py:3722} INFO - Setting next_dagrun for example_skip_dag to 2023-11-01T14:18:56.179424+00:00, run_after=2023-11-02T14:18:56.179424+00:00
[2023-11-02T09:18:56.190-0500] {processor.py:179} INFO - Processing /Users/dimz/EconWizard/hermesvirtual/lib/python3.8/site-packages/airflow/example_dags/example_skip_dag.py took 0.170 seconds
[2023-11-02T09:21:03.554-0500] {processor.py:157} INFO - Started process (PID=95093) to work on /Users/dimz/EconWizard/hermesvirtual/lib/python3.8/site-packages/airflow/example_dags/example_skip_dag.py
[2023-11-02T09:21:03.560-0500] {processor.py:829} INFO - Processing file /Users/dimz/EconWizard/hermesvirtual/lib/python3.8/site-packages/airflow/example_dags/example_skip_dag.py for tasks to queue
[2023-11-02T09:21:03.560-0500] {logging_mixin.py:151} INFO - [2023-11-02T09:21:03.560-0500] {dagbag.py:536} INFO - Filling up the DagBag from /Users/dimz/EconWizard/hermesvirtual/lib/python3.8/site-packages/airflow/example_dags/example_skip_dag.py
[2023-11-02T09:21:03.578-0500] {processor.py:839} INFO - DAG(s) dict_keys(['example_skip_dag']) retrieved from /Users/dimz/EconWizard/hermesvirtual/lib/python3.8/site-packages/airflow/example_dags/example_skip_dag.py
[2023-11-02T09:21:03.693-0500] {logging_mixin.py:151} INFO - [2023-11-02T09:21:03.693-0500] {dag.py:2941} INFO - Sync 1 DAGs
[2023-11-02T09:21:03.703-0500] {logging_mixin.py:151} INFO - [2023-11-02T09:21:03.703-0500] {dag.py:3722} INFO - Setting next_dagrun for example_skip_dag to 2023-11-01T14:21:03.703093+00:00, run_after=2023-11-02T14:21:03.703093+00:00
[2023-11-02T09:21:03.714-0500] {processor.py:179} INFO - Processing /Users/dimz/EconWizard/hermesvirtual/lib/python3.8/site-packages/airflow/example_dags/example_skip_dag.py took 0.161 seconds
[2023-11-02T09:23:12.554-0500] {processor.py:157} INFO - Started process (PID=95273) to work on /Users/dimz/EconWizard/hermesvirtual/lib/python3.8/site-packages/airflow/example_dags/example_skip_dag.py
[2023-11-02T09:23:12.560-0500] {processor.py:829} INFO - Processing file /Users/dimz/EconWizard/hermesvirtual/lib/python3.8/site-packages/airflow/example_dags/example_skip_dag.py for tasks to queue
[2023-11-02T09:23:12.560-0500] {logging_mixin.py:151} INFO - [2023-11-02T09:23:12.560-0500] {dagbag.py:536} INFO - Filling up the DagBag from /Users/dimz/EconWizard/hermesvirtual/lib/python3.8/site-packages/airflow/example_dags/example_skip_dag.py
[2023-11-02T09:23:12.577-0500] {processor.py:839} INFO - DAG(s) dict_keys(['example_skip_dag']) retrieved from /Users/dimz/EconWizard/hermesvirtual/lib/python3.8/site-packages/airflow/example_dags/example_skip_dag.py
[2023-11-02T09:23:12.690-0500] {logging_mixin.py:151} INFO - [2023-11-02T09:23:12.689-0500] {dag.py:2941} INFO - Sync 1 DAGs
[2023-11-02T09:23:12.699-0500] {logging_mixin.py:151} INFO - [2023-11-02T09:23:12.699-0500] {dag.py:3722} INFO - Setting next_dagrun for example_skip_dag to 2023-11-01T14:23:12.699458+00:00, run_after=2023-11-02T14:23:12.699458+00:00
[2023-11-02T09:23:12.711-0500] {processor.py:179} INFO - Processing /Users/dimz/EconWizard/hermesvirtual/lib/python3.8/site-packages/airflow/example_dags/example_skip_dag.py took 0.157 seconds
[2023-11-02T09:25:17.740-0500] {processor.py:157} INFO - Started process (PID=95530) to work on /Users/dimz/EconWizard/hermesvirtual/lib/python3.8/site-packages/airflow/example_dags/example_skip_dag.py
[2023-11-02T09:25:17.746-0500] {processor.py:829} INFO - Processing file /Users/dimz/EconWizard/hermesvirtual/lib/python3.8/site-packages/airflow/example_dags/example_skip_dag.py for tasks to queue
[2023-11-02T09:25:17.747-0500] {logging_mixin.py:151} INFO - [2023-11-02T09:25:17.747-0500] {dagbag.py:536} INFO - Filling up the DagBag from /Users/dimz/EconWizard/hermesvirtual/lib/python3.8/site-packages/airflow/example_dags/example_skip_dag.py
[2023-11-02T09:25:17.768-0500] {processor.py:839} INFO - DAG(s) dict_keys(['example_skip_dag']) retrieved from /Users/dimz/EconWizard/hermesvirtual/lib/python3.8/site-packages/airflow/example_dags/example_skip_dag.py
[2023-11-02T09:25:17.896-0500] {logging_mixin.py:151} INFO - [2023-11-02T09:25:17.896-0500] {dag.py:2941} INFO - Sync 1 DAGs
[2023-11-02T09:25:17.907-0500] {logging_mixin.py:151} INFO - [2023-11-02T09:25:17.907-0500] {dag.py:3722} INFO - Setting next_dagrun for example_skip_dag to 2023-11-01T14:25:17.907500+00:00, run_after=2023-11-02T14:25:17.907500+00:00
[2023-11-02T09:25:17.920-0500] {processor.py:179} INFO - Processing /Users/dimz/EconWizard/hermesvirtual/lib/python3.8/site-packages/airflow/example_dags/example_skip_dag.py took 0.181 seconds
[2023-11-02T09:27:54.982-0500] {processor.py:157} INFO - Started process (PID=95757) to work on /Users/dimz/EconWizard/hermesvirtual/lib/python3.8/site-packages/airflow/example_dags/example_skip_dag.py
[2023-11-02T09:27:54.987-0500] {processor.py:829} INFO - Processing file /Users/dimz/EconWizard/hermesvirtual/lib/python3.8/site-packages/airflow/example_dags/example_skip_dag.py for tasks to queue
[2023-11-02T09:27:54.987-0500] {logging_mixin.py:151} INFO - [2023-11-02T09:27:54.987-0500] {dagbag.py:536} INFO - Filling up the DagBag from /Users/dimz/EconWizard/hermesvirtual/lib/python3.8/site-packages/airflow/example_dags/example_skip_dag.py
[2023-11-02T09:27:55.003-0500] {processor.py:839} INFO - DAG(s) dict_keys(['example_skip_dag']) retrieved from /Users/dimz/EconWizard/hermesvirtual/lib/python3.8/site-packages/airflow/example_dags/example_skip_dag.py
[2023-11-02T09:27:55.107-0500] {logging_mixin.py:151} INFO - [2023-11-02T09:27:55.107-0500] {dag.py:2941} INFO - Sync 1 DAGs
[2023-11-02T09:27:55.116-0500] {logging_mixin.py:151} INFO - [2023-11-02T09:27:55.116-0500] {dag.py:3722} INFO - Setting next_dagrun for example_skip_dag to 2023-11-01T14:27:55.115962+00:00, run_after=2023-11-02T14:27:55.115962+00:00
[2023-11-02T09:27:55.126-0500] {processor.py:179} INFO - Processing /Users/dimz/EconWizard/hermesvirtual/lib/python3.8/site-packages/airflow/example_dags/example_skip_dag.py took 0.144 seconds
[2023-11-02T09:29:12.529-0500] {processor.py:157} INFO - Started process (PID=95854) to work on /Users/dimz/EconWizard/hermesvirtual/lib/python3.8/site-packages/airflow/example_dags/example_skip_dag.py
[2023-11-02T09:29:12.534-0500] {processor.py:829} INFO - Processing file /Users/dimz/EconWizard/hermesvirtual/lib/python3.8/site-packages/airflow/example_dags/example_skip_dag.py for tasks to queue
[2023-11-02T09:29:12.534-0500] {logging_mixin.py:151} INFO - [2023-11-02T09:29:12.534-0500] {dagbag.py:536} INFO - Filling up the DagBag from /Users/dimz/EconWizard/hermesvirtual/lib/python3.8/site-packages/airflow/example_dags/example_skip_dag.py
[2023-11-02T09:29:12.550-0500] {processor.py:839} INFO - DAG(s) dict_keys(['example_skip_dag']) retrieved from /Users/dimz/EconWizard/hermesvirtual/lib/python3.8/site-packages/airflow/example_dags/example_skip_dag.py
[2023-11-02T09:29:12.653-0500] {logging_mixin.py:151} INFO - [2023-11-02T09:29:12.653-0500] {dag.py:2941} INFO - Sync 1 DAGs
[2023-11-02T09:29:12.662-0500] {logging_mixin.py:151} INFO - [2023-11-02T09:29:12.662-0500] {dag.py:3722} INFO - Setting next_dagrun for example_skip_dag to 2023-11-01T14:29:12.662281+00:00, run_after=2023-11-02T14:29:12.662281+00:00
[2023-11-02T09:29:12.672-0500] {processor.py:179} INFO - Processing /Users/dimz/EconWizard/hermesvirtual/lib/python3.8/site-packages/airflow/example_dags/example_skip_dag.py took 0.144 seconds
[2023-11-02T09:30:23.798-0500] {processor.py:157} INFO - Started process (PID=95953) to work on /Users/dimz/EconWizard/hermesvirtual/lib/python3.8/site-packages/airflow/example_dags/example_skip_dag.py
[2023-11-02T09:30:23.803-0500] {processor.py:829} INFO - Processing file /Users/dimz/EconWizard/hermesvirtual/lib/python3.8/site-packages/airflow/example_dags/example_skip_dag.py for tasks to queue
[2023-11-02T09:30:23.803-0500] {logging_mixin.py:151} INFO - [2023-11-02T09:30:23.803-0500] {dagbag.py:536} INFO - Filling up the DagBag from /Users/dimz/EconWizard/hermesvirtual/lib/python3.8/site-packages/airflow/example_dags/example_skip_dag.py
[2023-11-02T09:30:23.819-0500] {processor.py:839} INFO - DAG(s) dict_keys(['example_skip_dag']) retrieved from /Users/dimz/EconWizard/hermesvirtual/lib/python3.8/site-packages/airflow/example_dags/example_skip_dag.py
[2023-11-02T09:30:23.927-0500] {logging_mixin.py:151} INFO - [2023-11-02T09:30:23.926-0500] {dag.py:2941} INFO - Sync 1 DAGs
[2023-11-02T09:30:23.936-0500] {logging_mixin.py:151} INFO - [2023-11-02T09:30:23.936-0500] {dag.py:3722} INFO - Setting next_dagrun for example_skip_dag to 2023-11-01T14:30:23.936415+00:00, run_after=2023-11-02T14:30:23.936415+00:00
[2023-11-02T09:30:23.947-0500] {processor.py:179} INFO - Processing /Users/dimz/EconWizard/hermesvirtual/lib/python3.8/site-packages/airflow/example_dags/example_skip_dag.py took 0.150 seconds
[2023-11-02T09:33:09.266-0500] {processor.py:157} INFO - Started process (PID=96163) to work on /Users/dimz/EconWizard/hermesvirtual/lib/python3.8/site-packages/airflow/example_dags/example_skip_dag.py
[2023-11-02T09:33:09.271-0500] {processor.py:829} INFO - Processing file /Users/dimz/EconWizard/hermesvirtual/lib/python3.8/site-packages/airflow/example_dags/example_skip_dag.py for tasks to queue
[2023-11-02T09:33:09.271-0500] {logging_mixin.py:151} INFO - [2023-11-02T09:33:09.271-0500] {dagbag.py:536} INFO - Filling up the DagBag from /Users/dimz/EconWizard/hermesvirtual/lib/python3.8/site-packages/airflow/example_dags/example_skip_dag.py
[2023-11-02T09:33:09.287-0500] {processor.py:839} INFO - DAG(s) dict_keys(['example_skip_dag']) retrieved from /Users/dimz/EconWizard/hermesvirtual/lib/python3.8/site-packages/airflow/example_dags/example_skip_dag.py
[2023-11-02T09:33:09.400-0500] {logging_mixin.py:151} INFO - [2023-11-02T09:33:09.400-0500] {dag.py:2941} INFO - Sync 1 DAGs
[2023-11-02T09:33:09.411-0500] {logging_mixin.py:151} INFO - [2023-11-02T09:33:09.410-0500] {dag.py:3722} INFO - Setting next_dagrun for example_skip_dag to 2023-11-01T14:33:09.410843+00:00, run_after=2023-11-02T14:33:09.410843+00:00
[2023-11-02T09:33:09.422-0500] {processor.py:179} INFO - Processing /Users/dimz/EconWizard/hermesvirtual/lib/python3.8/site-packages/airflow/example_dags/example_skip_dag.py took 0.157 seconds
[2023-11-02T10:13:14.250-0500] {processor.py:157} INFO - Started process (PID=97540) to work on /Users/dimz/EconWizard/hermesvirtual/lib/python3.8/site-packages/airflow/example_dags/example_skip_dag.py
[2023-11-02T10:13:14.255-0500] {processor.py:829} INFO - Processing file /Users/dimz/EconWizard/hermesvirtual/lib/python3.8/site-packages/airflow/example_dags/example_skip_dag.py for tasks to queue
[2023-11-02T10:13:14.256-0500] {logging_mixin.py:151} INFO - [2023-11-02T10:13:14.255-0500] {dagbag.py:536} INFO - Filling up the DagBag from /Users/dimz/EconWizard/hermesvirtual/lib/python3.8/site-packages/airflow/example_dags/example_skip_dag.py
[2023-11-02T10:13:14.272-0500] {processor.py:839} INFO - DAG(s) dict_keys(['example_skip_dag']) retrieved from /Users/dimz/EconWizard/hermesvirtual/lib/python3.8/site-packages/airflow/example_dags/example_skip_dag.py
[2023-11-02T10:13:14.376-0500] {logging_mixin.py:151} INFO - [2023-11-02T10:13:14.376-0500] {dag.py:2941} INFO - Sync 1 DAGs
[2023-11-02T10:13:14.385-0500] {logging_mixin.py:151} INFO - [2023-11-02T10:13:14.385-0500] {dag.py:3722} INFO - Setting next_dagrun for example_skip_dag to 2023-11-01T15:13:14.385236+00:00, run_after=2023-11-02T15:13:14.385236+00:00
[2023-11-02T10:13:14.395-0500] {processor.py:179} INFO - Processing /Users/dimz/EconWizard/hermesvirtual/lib/python3.8/site-packages/airflow/example_dags/example_skip_dag.py took 0.146 seconds
[2023-11-02T10:14:46.628-0500] {processor.py:157} INFO - Started process (PID=97636) to work on /Users/dimz/EconWizard/hermesvirtual/lib/python3.8/site-packages/airflow/example_dags/example_skip_dag.py
[2023-11-02T10:14:46.633-0500] {processor.py:829} INFO - Processing file /Users/dimz/EconWizard/hermesvirtual/lib/python3.8/site-packages/airflow/example_dags/example_skip_dag.py for tasks to queue
[2023-11-02T10:14:46.634-0500] {logging_mixin.py:151} INFO - [2023-11-02T10:14:46.634-0500] {dagbag.py:536} INFO - Filling up the DagBag from /Users/dimz/EconWizard/hermesvirtual/lib/python3.8/site-packages/airflow/example_dags/example_skip_dag.py
[2023-11-02T10:14:46.649-0500] {processor.py:839} INFO - DAG(s) dict_keys(['example_skip_dag']) retrieved from /Users/dimz/EconWizard/hermesvirtual/lib/python3.8/site-packages/airflow/example_dags/example_skip_dag.py
[2023-11-02T10:14:46.753-0500] {logging_mixin.py:151} INFO - [2023-11-02T10:14:46.752-0500] {dag.py:2941} INFO - Sync 1 DAGs
[2023-11-02T10:14:46.762-0500] {logging_mixin.py:151} INFO - [2023-11-02T10:14:46.762-0500] {dag.py:3722} INFO - Setting next_dagrun for example_skip_dag to 2023-11-01T15:14:46.762152+00:00, run_after=2023-11-02T15:14:46.762152+00:00
[2023-11-02T10:14:46.774-0500] {processor.py:179} INFO - Processing /Users/dimz/EconWizard/hermesvirtual/lib/python3.8/site-packages/airflow/example_dags/example_skip_dag.py took 0.146 seconds
[2023-11-02T10:39:01.535-0500] {processor.py:157} INFO - Started process (PID=99856) to work on /Users/dimz/EconWizard/hermesvirtual/lib/python3.8/site-packages/airflow/example_dags/example_skip_dag.py
[2023-11-02T10:39:01.539-0500] {processor.py:829} INFO - Processing file /Users/dimz/EconWizard/hermesvirtual/lib/python3.8/site-packages/airflow/example_dags/example_skip_dag.py for tasks to queue
[2023-11-02T10:39:01.540-0500] {logging_mixin.py:151} INFO - [2023-11-02T10:39:01.540-0500] {dagbag.py:536} INFO - Filling up the DagBag from /Users/dimz/EconWizard/hermesvirtual/lib/python3.8/site-packages/airflow/example_dags/example_skip_dag.py
[2023-11-02T10:39:01.555-0500] {processor.py:839} INFO - DAG(s) dict_keys(['example_skip_dag']) retrieved from /Users/dimz/EconWizard/hermesvirtual/lib/python3.8/site-packages/airflow/example_dags/example_skip_dag.py
[2023-11-02T10:39:01.660-0500] {logging_mixin.py:151} INFO - [2023-11-02T10:39:01.660-0500] {dag.py:2941} INFO - Sync 1 DAGs
[2023-11-02T10:39:01.669-0500] {logging_mixin.py:151} INFO - [2023-11-02T10:39:01.669-0500] {dag.py:3722} INFO - Setting next_dagrun for example_skip_dag to 2023-11-01T15:39:01.669235+00:00, run_after=2023-11-02T15:39:01.669235+00:00
[2023-11-02T10:39:01.679-0500] {processor.py:179} INFO - Processing /Users/dimz/EconWizard/hermesvirtual/lib/python3.8/site-packages/airflow/example_dags/example_skip_dag.py took 0.145 seconds
[2023-11-02T10:40:35.487-0500] {processor.py:157} INFO - Started process (PID=99989) to work on /Users/dimz/EconWizard/hermesvirtual/lib/python3.8/site-packages/airflow/example_dags/example_skip_dag.py
[2023-11-02T10:40:35.491-0500] {processor.py:829} INFO - Processing file /Users/dimz/EconWizard/hermesvirtual/lib/python3.8/site-packages/airflow/example_dags/example_skip_dag.py for tasks to queue
[2023-11-02T10:40:35.492-0500] {logging_mixin.py:151} INFO - [2023-11-02T10:40:35.492-0500] {dagbag.py:536} INFO - Filling up the DagBag from /Users/dimz/EconWizard/hermesvirtual/lib/python3.8/site-packages/airflow/example_dags/example_skip_dag.py
[2023-11-02T10:40:35.508-0500] {processor.py:839} INFO - DAG(s) dict_keys(['example_skip_dag']) retrieved from /Users/dimz/EconWizard/hermesvirtual/lib/python3.8/site-packages/airflow/example_dags/example_skip_dag.py
[2023-11-02T10:40:35.617-0500] {logging_mixin.py:151} INFO - [2023-11-02T10:40:35.617-0500] {dag.py:2941} INFO - Sync 1 DAGs
[2023-11-02T10:40:35.626-0500] {logging_mixin.py:151} INFO - [2023-11-02T10:40:35.626-0500] {dag.py:3722} INFO - Setting next_dagrun for example_skip_dag to 2023-11-01T15:40:35.626748+00:00, run_after=2023-11-02T15:40:35.626748+00:00
[2023-11-02T10:40:35.637-0500] {processor.py:179} INFO - Processing /Users/dimz/EconWizard/hermesvirtual/lib/python3.8/site-packages/airflow/example_dags/example_skip_dag.py took 0.150 seconds
[2023-11-02T10:42:38.004-0500] {processor.py:157} INFO - Started process (PID=296) to work on /Users/dimz/EconWizard/hermesvirtual/lib/python3.8/site-packages/airflow/example_dags/example_skip_dag.py
[2023-11-02T10:42:38.010-0500] {processor.py:829} INFO - Processing file /Users/dimz/EconWizard/hermesvirtual/lib/python3.8/site-packages/airflow/example_dags/example_skip_dag.py for tasks to queue
[2023-11-02T10:42:38.011-0500] {logging_mixin.py:151} INFO - [2023-11-02T10:42:38.010-0500] {dagbag.py:536} INFO - Filling up the DagBag from /Users/dimz/EconWizard/hermesvirtual/lib/python3.8/site-packages/airflow/example_dags/example_skip_dag.py
[2023-11-02T10:42:38.029-0500] {processor.py:839} INFO - DAG(s) dict_keys(['example_skip_dag']) retrieved from /Users/dimz/EconWizard/hermesvirtual/lib/python3.8/site-packages/airflow/example_dags/example_skip_dag.py
[2023-11-02T10:42:38.140-0500] {logging_mixin.py:151} INFO - [2023-11-02T10:42:38.139-0500] {dag.py:2941} INFO - Sync 1 DAGs
[2023-11-02T10:42:38.149-0500] {logging_mixin.py:151} INFO - [2023-11-02T10:42:38.149-0500] {dag.py:3722} INFO - Setting next_dagrun for example_skip_dag to 2023-11-01T15:42:38.149389+00:00, run_after=2023-11-02T15:42:38.149389+00:00
[2023-11-02T10:42:38.160-0500] {processor.py:179} INFO - Processing /Users/dimz/EconWizard/hermesvirtual/lib/python3.8/site-packages/airflow/example_dags/example_skip_dag.py took 0.156 seconds
