[2023-11-01T21:36:02.804-0500] {processor.py:157} INFO - Started process (PID=87733) to work on /Users/dimz/EconWizard/hermesvirtual/lib/python3.8/site-packages/airflow/example_dags/example_nested_branch_dag.py
[2023-11-01T21:36:02.808-0500] {processor.py:829} INFO - Processing file /Users/dimz/EconWizard/hermesvirtual/lib/python3.8/site-packages/airflow/example_dags/example_nested_branch_dag.py for tasks to queue
[2023-11-01T21:36:02.808-0500] {logging_mixin.py:151} INFO - [2023-11-01T21:36:02.808-0500] {dagbag.py:536} INFO - Filling up the DagBag from /Users/dimz/EconWizard/hermesvirtual/lib/python3.8/site-packages/airflow/example_dags/example_nested_branch_dag.py
[2023-11-01T21:36:02.843-0500] {processor.py:839} INFO - DAG(s) dict_keys(['example_nested_branch_dag']) retrieved from /Users/dimz/EconWizard/hermesvirtual/lib/python3.8/site-packages/airflow/example_dags/example_nested_branch_dag.py
[2023-11-01T21:36:03.170-0500] {logging_mixin.py:151} INFO - [2023-11-01T21:36:03.170-0500] {manager.py:499} INFO - Created Permission View: %s
[2023-11-01T21:36:03.175-0500] {logging_mixin.py:151} INFO - [2023-11-01T21:36:03.175-0500] {manager.py:499} INFO - Created Permission View: %s
[2023-11-01T21:36:03.178-0500] {logging_mixin.py:151} INFO - [2023-11-01T21:36:03.178-0500] {manager.py:499} INFO - Created Permission View: %s
[2023-11-01T21:36:03.178-0500] {logging_mixin.py:151} INFO - [2023-11-01T21:36:03.178-0500] {dag.py:2941} INFO - Sync 1 DAGs
[2023-11-01T21:36:03.184-0500] {logging_mixin.py:151} INFO - [2023-11-01T21:36:03.183-0500] {dag.py:2963} INFO - Creating ORM DAG for example_nested_branch_dag
[2023-11-01T21:36:03.189-0500] {logging_mixin.py:151} INFO - [2023-11-01T21:36:03.189-0500] {dag.py:3722} INFO - Setting next_dagrun for example_nested_branch_dag to 2023-11-01T00:00:00+00:00, run_after=2023-11-02T00:00:00+00:00
[2023-11-01T21:36:03.199-0500] {processor.py:179} INFO - Processing /Users/dimz/EconWizard/hermesvirtual/lib/python3.8/site-packages/airflow/example_dags/example_nested_branch_dag.py took 0.395 seconds
[2023-11-01T21:37:30.809-0500] {processor.py:157} INFO - Started process (PID=87889) to work on /Users/dimz/EconWizard/hermesvirtual/lib/python3.8/site-packages/airflow/example_dags/example_nested_branch_dag.py
[2023-11-01T21:37:30.814-0500] {processor.py:829} INFO - Processing file /Users/dimz/EconWizard/hermesvirtual/lib/python3.8/site-packages/airflow/example_dags/example_nested_branch_dag.py for tasks to queue
[2023-11-01T21:37:30.814-0500] {logging_mixin.py:151} INFO - [2023-11-01T21:37:30.814-0500] {dagbag.py:536} INFO - Filling up the DagBag from /Users/dimz/EconWizard/hermesvirtual/lib/python3.8/site-packages/airflow/example_dags/example_nested_branch_dag.py
[2023-11-01T21:37:30.852-0500] {processor.py:839} INFO - DAG(s) dict_keys(['example_nested_branch_dag']) retrieved from /Users/dimz/EconWizard/hermesvirtual/lib/python3.8/site-packages/airflow/example_dags/example_nested_branch_dag.py
[2023-11-01T21:37:30.951-0500] {logging_mixin.py:151} INFO - [2023-11-01T21:37:30.951-0500] {dag.py:2941} INFO - Sync 1 DAGs
[2023-11-01T21:37:30.961-0500] {logging_mixin.py:151} INFO - [2023-11-01T21:37:30.961-0500] {dag.py:3722} INFO - Setting next_dagrun for example_nested_branch_dag to 2023-11-01T00:00:00+00:00, run_after=2023-11-02T00:00:00+00:00
[2023-11-01T21:37:30.971-0500] {processor.py:179} INFO - Processing /Users/dimz/EconWizard/hermesvirtual/lib/python3.8/site-packages/airflow/example_dags/example_nested_branch_dag.py took 0.163 seconds
[2023-11-01T21:39:22.689-0500] {processor.py:157} INFO - Started process (PID=88083) to work on /Users/dimz/EconWizard/hermesvirtual/lib/python3.8/site-packages/airflow/example_dags/example_nested_branch_dag.py
[2023-11-01T21:39:22.694-0500] {processor.py:829} INFO - Processing file /Users/dimz/EconWizard/hermesvirtual/lib/python3.8/site-packages/airflow/example_dags/example_nested_branch_dag.py for tasks to queue
[2023-11-01T21:39:22.695-0500] {logging_mixin.py:151} INFO - [2023-11-01T21:39:22.695-0500] {dagbag.py:536} INFO - Filling up the DagBag from /Users/dimz/EconWizard/hermesvirtual/lib/python3.8/site-packages/airflow/example_dags/example_nested_branch_dag.py
[2023-11-01T21:39:22.738-0500] {processor.py:839} INFO - DAG(s) dict_keys(['example_nested_branch_dag']) retrieved from /Users/dimz/EconWizard/hermesvirtual/lib/python3.8/site-packages/airflow/example_dags/example_nested_branch_dag.py
[2023-11-01T21:39:22.850-0500] {logging_mixin.py:151} INFO - [2023-11-01T21:39:22.849-0500] {dag.py:2941} INFO - Sync 1 DAGs
[2023-11-01T21:39:22.861-0500] {logging_mixin.py:151} INFO - [2023-11-01T21:39:22.861-0500] {dag.py:3722} INFO - Setting next_dagrun for example_nested_branch_dag to 2023-11-01T00:00:00+00:00, run_after=2023-11-02T00:00:00+00:00
[2023-11-01T21:39:22.872-0500] {processor.py:179} INFO - Processing /Users/dimz/EconWizard/hermesvirtual/lib/python3.8/site-packages/airflow/example_dags/example_nested_branch_dag.py took 0.183 seconds
[2023-11-01T21:41:19.848-0500] {processor.py:157} INFO - Started process (PID=88366) to work on /Users/dimz/EconWizard/hermesvirtual/lib/python3.8/site-packages/airflow/example_dags/example_nested_branch_dag.py
[2023-11-01T21:41:19.852-0500] {processor.py:829} INFO - Processing file /Users/dimz/EconWizard/hermesvirtual/lib/python3.8/site-packages/airflow/example_dags/example_nested_branch_dag.py for tasks to queue
[2023-11-01T21:41:19.852-0500] {logging_mixin.py:151} INFO - [2023-11-01T21:41:19.852-0500] {dagbag.py:536} INFO - Filling up the DagBag from /Users/dimz/EconWizard/hermesvirtual/lib/python3.8/site-packages/airflow/example_dags/example_nested_branch_dag.py
[2023-11-01T21:41:19.889-0500] {processor.py:839} INFO - DAG(s) dict_keys(['example_nested_branch_dag']) retrieved from /Users/dimz/EconWizard/hermesvirtual/lib/python3.8/site-packages/airflow/example_dags/example_nested_branch_dag.py
[2023-11-01T21:41:19.992-0500] {logging_mixin.py:151} INFO - [2023-11-01T21:41:19.992-0500] {dag.py:2941} INFO - Sync 1 DAGs
[2023-11-01T21:41:20.003-0500] {logging_mixin.py:151} INFO - [2023-11-01T21:41:20.003-0500] {dag.py:3722} INFO - Setting next_dagrun for example_nested_branch_dag to 2023-11-01T00:00:00+00:00, run_after=2023-11-02T00:00:00+00:00
[2023-11-01T21:41:20.015-0500] {processor.py:179} INFO - Processing /Users/dimz/EconWizard/hermesvirtual/lib/python3.8/site-packages/airflow/example_dags/example_nested_branch_dag.py took 0.167 seconds
[2023-11-01T21:43:13.414-0500] {processor.py:157} INFO - Started process (PID=88616) to work on /Users/dimz/EconWizard/hermesvirtual/lib/python3.8/site-packages/airflow/example_dags/example_nested_branch_dag.py
[2023-11-01T21:43:13.419-0500] {processor.py:829} INFO - Processing file /Users/dimz/EconWizard/hermesvirtual/lib/python3.8/site-packages/airflow/example_dags/example_nested_branch_dag.py for tasks to queue
[2023-11-01T21:43:13.420-0500] {logging_mixin.py:151} INFO - [2023-11-01T21:43:13.420-0500] {dagbag.py:536} INFO - Filling up the DagBag from /Users/dimz/EconWizard/hermesvirtual/lib/python3.8/site-packages/airflow/example_dags/example_nested_branch_dag.py
[2023-11-01T21:43:13.458-0500] {processor.py:839} INFO - DAG(s) dict_keys(['example_nested_branch_dag']) retrieved from /Users/dimz/EconWizard/hermesvirtual/lib/python3.8/site-packages/airflow/example_dags/example_nested_branch_dag.py
[2023-11-01T21:43:13.562-0500] {logging_mixin.py:151} INFO - [2023-11-01T21:43:13.562-0500] {dag.py:2941} INFO - Sync 1 DAGs
[2023-11-01T21:43:13.573-0500] {logging_mixin.py:151} INFO - [2023-11-01T21:43:13.573-0500] {dag.py:3722} INFO - Setting next_dagrun for example_nested_branch_dag to 2023-11-01T00:00:00+00:00, run_after=2023-11-02T00:00:00+00:00
[2023-11-01T21:43:13.583-0500] {processor.py:179} INFO - Processing /Users/dimz/EconWizard/hermesvirtual/lib/python3.8/site-packages/airflow/example_dags/example_nested_branch_dag.py took 0.169 seconds
[2023-11-01T21:45:09.684-0500] {processor.py:157} INFO - Started process (PID=88768) to work on /Users/dimz/EconWizard/hermesvirtual/lib/python3.8/site-packages/airflow/example_dags/example_nested_branch_dag.py
[2023-11-01T21:45:09.689-0500] {processor.py:829} INFO - Processing file /Users/dimz/EconWizard/hermesvirtual/lib/python3.8/site-packages/airflow/example_dags/example_nested_branch_dag.py for tasks to queue
[2023-11-01T21:45:09.689-0500] {logging_mixin.py:151} INFO - [2023-11-01T21:45:09.689-0500] {dagbag.py:536} INFO - Filling up the DagBag from /Users/dimz/EconWizard/hermesvirtual/lib/python3.8/site-packages/airflow/example_dags/example_nested_branch_dag.py
[2023-11-01T21:45:09.725-0500] {processor.py:839} INFO - DAG(s) dict_keys(['example_nested_branch_dag']) retrieved from /Users/dimz/EconWizard/hermesvirtual/lib/python3.8/site-packages/airflow/example_dags/example_nested_branch_dag.py
[2023-11-01T21:45:09.827-0500] {logging_mixin.py:151} INFO - [2023-11-01T21:45:09.826-0500] {dag.py:2941} INFO - Sync 1 DAGs
[2023-11-01T21:45:09.837-0500] {logging_mixin.py:151} INFO - [2023-11-01T21:45:09.837-0500] {dag.py:3722} INFO - Setting next_dagrun for example_nested_branch_dag to 2023-11-01T00:00:00+00:00, run_after=2023-11-02T00:00:00+00:00
[2023-11-01T21:45:09.847-0500] {processor.py:179} INFO - Processing /Users/dimz/EconWizard/hermesvirtual/lib/python3.8/site-packages/airflow/example_dags/example_nested_branch_dag.py took 0.164 seconds
[2023-11-01T21:47:12.354-0500] {processor.py:157} INFO - Started process (PID=89042) to work on /Users/dimz/EconWizard/hermesvirtual/lib/python3.8/site-packages/airflow/example_dags/example_nested_branch_dag.py
[2023-11-01T21:47:12.359-0500] {processor.py:829} INFO - Processing file /Users/dimz/EconWizard/hermesvirtual/lib/python3.8/site-packages/airflow/example_dags/example_nested_branch_dag.py for tasks to queue
[2023-11-01T21:47:12.360-0500] {logging_mixin.py:151} INFO - [2023-11-01T21:47:12.360-0500] {dagbag.py:536} INFO - Filling up the DagBag from /Users/dimz/EconWizard/hermesvirtual/lib/python3.8/site-packages/airflow/example_dags/example_nested_branch_dag.py
[2023-11-01T21:47:12.395-0500] {processor.py:839} INFO - DAG(s) dict_keys(['example_nested_branch_dag']) retrieved from /Users/dimz/EconWizard/hermesvirtual/lib/python3.8/site-packages/airflow/example_dags/example_nested_branch_dag.py
[2023-11-01T21:47:12.503-0500] {logging_mixin.py:151} INFO - [2023-11-01T21:47:12.502-0500] {dag.py:2941} INFO - Sync 1 DAGs
[2023-11-01T21:47:12.513-0500] {logging_mixin.py:151} INFO - [2023-11-01T21:47:12.513-0500] {dag.py:3722} INFO - Setting next_dagrun for example_nested_branch_dag to 2023-11-01T00:00:00+00:00, run_after=2023-11-02T00:00:00+00:00
[2023-11-01T21:47:12.523-0500] {processor.py:179} INFO - Processing /Users/dimz/EconWizard/hermesvirtual/lib/python3.8/site-packages/airflow/example_dags/example_nested_branch_dag.py took 0.169 seconds
[2023-11-01T21:49:13.670-0500] {processor.py:157} INFO - Started process (PID=89189) to work on /Users/dimz/EconWizard/hermesvirtual/lib/python3.8/site-packages/airflow/example_dags/example_nested_branch_dag.py
[2023-11-01T21:49:13.675-0500] {processor.py:829} INFO - Processing file /Users/dimz/EconWizard/hermesvirtual/lib/python3.8/site-packages/airflow/example_dags/example_nested_branch_dag.py for tasks to queue
[2023-11-01T21:49:13.676-0500] {logging_mixin.py:151} INFO - [2023-11-01T21:49:13.676-0500] {dagbag.py:536} INFO - Filling up the DagBag from /Users/dimz/EconWizard/hermesvirtual/lib/python3.8/site-packages/airflow/example_dags/example_nested_branch_dag.py
[2023-11-01T21:49:13.711-0500] {processor.py:839} INFO - DAG(s) dict_keys(['example_nested_branch_dag']) retrieved from /Users/dimz/EconWizard/hermesvirtual/lib/python3.8/site-packages/airflow/example_dags/example_nested_branch_dag.py
[2023-11-01T21:49:13.810-0500] {logging_mixin.py:151} INFO - [2023-11-01T21:49:13.810-0500] {dag.py:2941} INFO - Sync 1 DAGs
[2023-11-01T21:49:13.821-0500] {logging_mixin.py:151} INFO - [2023-11-01T21:49:13.821-0500] {dag.py:3722} INFO - Setting next_dagrun for example_nested_branch_dag to 2023-11-01T00:00:00+00:00, run_after=2023-11-02T00:00:00+00:00
[2023-11-01T21:49:13.831-0500] {processor.py:179} INFO - Processing /Users/dimz/EconWizard/hermesvirtual/lib/python3.8/site-packages/airflow/example_dags/example_nested_branch_dag.py took 0.161 seconds
[2023-11-01T21:51:13.822-0500] {processor.py:157} INFO - Started process (PID=89371) to work on /Users/dimz/EconWizard/hermesvirtual/lib/python3.8/site-packages/airflow/example_dags/example_nested_branch_dag.py
[2023-11-01T21:51:13.827-0500] {processor.py:829} INFO - Processing file /Users/dimz/EconWizard/hermesvirtual/lib/python3.8/site-packages/airflow/example_dags/example_nested_branch_dag.py for tasks to queue
[2023-11-01T21:51:13.827-0500] {logging_mixin.py:151} INFO - [2023-11-01T21:51:13.827-0500] {dagbag.py:536} INFO - Filling up the DagBag from /Users/dimz/EconWizard/hermesvirtual/lib/python3.8/site-packages/airflow/example_dags/example_nested_branch_dag.py
[2023-11-01T21:51:13.862-0500] {processor.py:839} INFO - DAG(s) dict_keys(['example_nested_branch_dag']) retrieved from /Users/dimz/EconWizard/hermesvirtual/lib/python3.8/site-packages/airflow/example_dags/example_nested_branch_dag.py
[2023-11-01T21:51:13.961-0500] {logging_mixin.py:151} INFO - [2023-11-01T21:51:13.961-0500] {dag.py:2941} INFO - Sync 1 DAGs
[2023-11-01T21:51:13.971-0500] {logging_mixin.py:151} INFO - [2023-11-01T21:51:13.971-0500] {dag.py:3722} INFO - Setting next_dagrun for example_nested_branch_dag to 2023-11-01T00:00:00+00:00, run_after=2023-11-02T00:00:00+00:00
[2023-11-01T21:51:13.981-0500] {processor.py:179} INFO - Processing /Users/dimz/EconWizard/hermesvirtual/lib/python3.8/site-packages/airflow/example_dags/example_nested_branch_dag.py took 0.160 seconds
[2023-11-01T21:53:09.154-0500] {processor.py:157} INFO - Started process (PID=89532) to work on /Users/dimz/EconWizard/hermesvirtual/lib/python3.8/site-packages/airflow/example_dags/example_nested_branch_dag.py
[2023-11-01T21:53:09.159-0500] {processor.py:829} INFO - Processing file /Users/dimz/EconWizard/hermesvirtual/lib/python3.8/site-packages/airflow/example_dags/example_nested_branch_dag.py for tasks to queue
[2023-11-01T21:53:09.159-0500] {logging_mixin.py:151} INFO - [2023-11-01T21:53:09.159-0500] {dagbag.py:536} INFO - Filling up the DagBag from /Users/dimz/EconWizard/hermesvirtual/lib/python3.8/site-packages/airflow/example_dags/example_nested_branch_dag.py
[2023-11-01T21:53:09.197-0500] {processor.py:839} INFO - DAG(s) dict_keys(['example_nested_branch_dag']) retrieved from /Users/dimz/EconWizard/hermesvirtual/lib/python3.8/site-packages/airflow/example_dags/example_nested_branch_dag.py
[2023-11-01T21:53:09.297-0500] {logging_mixin.py:151} INFO - [2023-11-01T21:53:09.297-0500] {dag.py:2941} INFO - Sync 1 DAGs
[2023-11-01T21:53:09.308-0500] {logging_mixin.py:151} INFO - [2023-11-01T21:53:09.308-0500] {dag.py:3722} INFO - Setting next_dagrun for example_nested_branch_dag to 2023-11-01T00:00:00+00:00, run_after=2023-11-02T00:00:00+00:00
[2023-11-01T21:53:09.318-0500] {processor.py:179} INFO - Processing /Users/dimz/EconWizard/hermesvirtual/lib/python3.8/site-packages/airflow/example_dags/example_nested_branch_dag.py took 0.165 seconds
[2023-11-01T21:55:10.983-0500] {processor.py:157} INFO - Started process (PID=89709) to work on /Users/dimz/EconWizard/hermesvirtual/lib/python3.8/site-packages/airflow/example_dags/example_nested_branch_dag.py
[2023-11-01T21:55:10.988-0500] {processor.py:829} INFO - Processing file /Users/dimz/EconWizard/hermesvirtual/lib/python3.8/site-packages/airflow/example_dags/example_nested_branch_dag.py for tasks to queue
[2023-11-01T21:55:10.988-0500] {logging_mixin.py:151} INFO - [2023-11-01T21:55:10.988-0500] {dagbag.py:536} INFO - Filling up the DagBag from /Users/dimz/EconWizard/hermesvirtual/lib/python3.8/site-packages/airflow/example_dags/example_nested_branch_dag.py
[2023-11-01T21:55:11.027-0500] {processor.py:839} INFO - DAG(s) dict_keys(['example_nested_branch_dag']) retrieved from /Users/dimz/EconWizard/hermesvirtual/lib/python3.8/site-packages/airflow/example_dags/example_nested_branch_dag.py
[2023-11-01T21:55:11.129-0500] {logging_mixin.py:151} INFO - [2023-11-01T21:55:11.129-0500] {dag.py:2941} INFO - Sync 1 DAGs
[2023-11-01T21:55:11.139-0500] {logging_mixin.py:151} INFO - [2023-11-01T21:55:11.139-0500] {dag.py:3722} INFO - Setting next_dagrun for example_nested_branch_dag to 2023-11-01T00:00:00+00:00, run_after=2023-11-02T00:00:00+00:00
[2023-11-01T21:55:11.149-0500] {processor.py:179} INFO - Processing /Users/dimz/EconWizard/hermesvirtual/lib/python3.8/site-packages/airflow/example_dags/example_nested_branch_dag.py took 0.167 seconds
[2023-11-01T21:57:06.866-0500] {processor.py:157} INFO - Started process (PID=89890) to work on /Users/dimz/EconWizard/hermesvirtual/lib/python3.8/site-packages/airflow/example_dags/example_nested_branch_dag.py
[2023-11-01T21:57:06.870-0500] {processor.py:829} INFO - Processing file /Users/dimz/EconWizard/hermesvirtual/lib/python3.8/site-packages/airflow/example_dags/example_nested_branch_dag.py for tasks to queue
[2023-11-01T21:57:06.871-0500] {logging_mixin.py:151} INFO - [2023-11-01T21:57:06.870-0500] {dagbag.py:536} INFO - Filling up the DagBag from /Users/dimz/EconWizard/hermesvirtual/lib/python3.8/site-packages/airflow/example_dags/example_nested_branch_dag.py
[2023-11-01T21:57:06.909-0500] {processor.py:839} INFO - DAG(s) dict_keys(['example_nested_branch_dag']) retrieved from /Users/dimz/EconWizard/hermesvirtual/lib/python3.8/site-packages/airflow/example_dags/example_nested_branch_dag.py
[2023-11-01T21:57:07.023-0500] {logging_mixin.py:151} INFO - [2023-11-01T21:57:07.023-0500] {dag.py:2941} INFO - Sync 1 DAGs
[2023-11-01T21:57:07.034-0500] {logging_mixin.py:151} INFO - [2023-11-01T21:57:07.034-0500] {dag.py:3722} INFO - Setting next_dagrun for example_nested_branch_dag to 2023-11-01T00:00:00+00:00, run_after=2023-11-02T00:00:00+00:00
[2023-11-01T21:57:07.046-0500] {processor.py:179} INFO - Processing /Users/dimz/EconWizard/hermesvirtual/lib/python3.8/site-packages/airflow/example_dags/example_nested_branch_dag.py took 0.181 seconds
[2023-11-01T21:59:09.386-0500] {processor.py:157} INFO - Started process (PID=90061) to work on /Users/dimz/EconWizard/hermesvirtual/lib/python3.8/site-packages/airflow/example_dags/example_nested_branch_dag.py
[2023-11-01T21:59:09.391-0500] {processor.py:829} INFO - Processing file /Users/dimz/EconWizard/hermesvirtual/lib/python3.8/site-packages/airflow/example_dags/example_nested_branch_dag.py for tasks to queue
[2023-11-01T21:59:09.391-0500] {logging_mixin.py:151} INFO - [2023-11-01T21:59:09.391-0500] {dagbag.py:536} INFO - Filling up the DagBag from /Users/dimz/EconWizard/hermesvirtual/lib/python3.8/site-packages/airflow/example_dags/example_nested_branch_dag.py
[2023-11-01T21:59:09.426-0500] {processor.py:839} INFO - DAG(s) dict_keys(['example_nested_branch_dag']) retrieved from /Users/dimz/EconWizard/hermesvirtual/lib/python3.8/site-packages/airflow/example_dags/example_nested_branch_dag.py
[2023-11-01T21:59:09.531-0500] {logging_mixin.py:151} INFO - [2023-11-01T21:59:09.530-0500] {dag.py:2941} INFO - Sync 1 DAGs
[2023-11-01T21:59:09.541-0500] {logging_mixin.py:151} INFO - [2023-11-01T21:59:09.541-0500] {dag.py:3722} INFO - Setting next_dagrun for example_nested_branch_dag to 2023-11-01T00:00:00+00:00, run_after=2023-11-02T00:00:00+00:00
[2023-11-01T21:59:09.552-0500] {processor.py:179} INFO - Processing /Users/dimz/EconWizard/hermesvirtual/lib/python3.8/site-packages/airflow/example_dags/example_nested_branch_dag.py took 0.167 seconds
[2023-11-01T22:01:09.000-0500] {processor.py:157} INFO - Started process (PID=90229) to work on /Users/dimz/EconWizard/hermesvirtual/lib/python3.8/site-packages/airflow/example_dags/example_nested_branch_dag.py
[2023-11-01T22:01:09.005-0500] {processor.py:829} INFO - Processing file /Users/dimz/EconWizard/hermesvirtual/lib/python3.8/site-packages/airflow/example_dags/example_nested_branch_dag.py for tasks to queue
[2023-11-01T22:01:09.005-0500] {logging_mixin.py:151} INFO - [2023-11-01T22:01:09.005-0500] {dagbag.py:536} INFO - Filling up the DagBag from /Users/dimz/EconWizard/hermesvirtual/lib/python3.8/site-packages/airflow/example_dags/example_nested_branch_dag.py
[2023-11-01T22:01:09.040-0500] {processor.py:839} INFO - DAG(s) dict_keys(['example_nested_branch_dag']) retrieved from /Users/dimz/EconWizard/hermesvirtual/lib/python3.8/site-packages/airflow/example_dags/example_nested_branch_dag.py
[2023-11-01T22:01:09.138-0500] {logging_mixin.py:151} INFO - [2023-11-01T22:01:09.138-0500] {dag.py:2941} INFO - Sync 1 DAGs
[2023-11-01T22:01:09.148-0500] {logging_mixin.py:151} INFO - [2023-11-01T22:01:09.148-0500] {dag.py:3722} INFO - Setting next_dagrun for example_nested_branch_dag to 2023-11-01T00:00:00+00:00, run_after=2023-11-02T00:00:00+00:00
[2023-11-01T22:01:09.158-0500] {processor.py:179} INFO - Processing /Users/dimz/EconWizard/hermesvirtual/lib/python3.8/site-packages/airflow/example_dags/example_nested_branch_dag.py took 0.159 seconds
[2023-11-01T22:03:10.906-0500] {processor.py:157} INFO - Started process (PID=90387) to work on /Users/dimz/EconWizard/hermesvirtual/lib/python3.8/site-packages/airflow/example_dags/example_nested_branch_dag.py
[2023-11-01T22:03:10.911-0500] {processor.py:829} INFO - Processing file /Users/dimz/EconWizard/hermesvirtual/lib/python3.8/site-packages/airflow/example_dags/example_nested_branch_dag.py for tasks to queue
[2023-11-01T22:03:10.911-0500] {logging_mixin.py:151} INFO - [2023-11-01T22:03:10.911-0500] {dagbag.py:536} INFO - Filling up the DagBag from /Users/dimz/EconWizard/hermesvirtual/lib/python3.8/site-packages/airflow/example_dags/example_nested_branch_dag.py
[2023-11-01T22:03:10.947-0500] {processor.py:839} INFO - DAG(s) dict_keys(['example_nested_branch_dag']) retrieved from /Users/dimz/EconWizard/hermesvirtual/lib/python3.8/site-packages/airflow/example_dags/example_nested_branch_dag.py
[2023-11-01T22:03:11.050-0500] {logging_mixin.py:151} INFO - [2023-11-01T22:03:11.049-0500] {dag.py:2941} INFO - Sync 1 DAGs
[2023-11-01T22:03:11.060-0500] {logging_mixin.py:151} INFO - [2023-11-01T22:03:11.060-0500] {dag.py:3722} INFO - Setting next_dagrun for example_nested_branch_dag to 2023-11-01T00:00:00+00:00, run_after=2023-11-02T00:00:00+00:00
[2023-11-01T22:03:11.071-0500] {processor.py:179} INFO - Processing /Users/dimz/EconWizard/hermesvirtual/lib/python3.8/site-packages/airflow/example_dags/example_nested_branch_dag.py took 0.165 seconds
[2023-11-01T22:05:04.990-0500] {processor.py:157} INFO - Started process (PID=90603) to work on /Users/dimz/EconWizard/hermesvirtual/lib/python3.8/site-packages/airflow/example_dags/example_nested_branch_dag.py
[2023-11-01T22:05:04.994-0500] {processor.py:829} INFO - Processing file /Users/dimz/EconWizard/hermesvirtual/lib/python3.8/site-packages/airflow/example_dags/example_nested_branch_dag.py for tasks to queue
[2023-11-01T22:05:04.995-0500] {logging_mixin.py:151} INFO - [2023-11-01T22:05:04.995-0500] {dagbag.py:536} INFO - Filling up the DagBag from /Users/dimz/EconWizard/hermesvirtual/lib/python3.8/site-packages/airflow/example_dags/example_nested_branch_dag.py
[2023-11-01T22:05:05.030-0500] {processor.py:839} INFO - DAG(s) dict_keys(['example_nested_branch_dag']) retrieved from /Users/dimz/EconWizard/hermesvirtual/lib/python3.8/site-packages/airflow/example_dags/example_nested_branch_dag.py
[2023-11-01T22:05:05.133-0500] {logging_mixin.py:151} INFO - [2023-11-01T22:05:05.132-0500] {dag.py:2941} INFO - Sync 1 DAGs
[2023-11-01T22:05:05.143-0500] {logging_mixin.py:151} INFO - [2023-11-01T22:05:05.143-0500] {dag.py:3722} INFO - Setting next_dagrun for example_nested_branch_dag to 2023-11-01T00:00:00+00:00, run_after=2023-11-02T00:00:00+00:00
[2023-11-01T22:05:05.154-0500] {processor.py:179} INFO - Processing /Users/dimz/EconWizard/hermesvirtual/lib/python3.8/site-packages/airflow/example_dags/example_nested_branch_dag.py took 0.165 seconds
[2023-11-01T22:07:06.660-0500] {processor.py:157} INFO - Started process (PID=90804) to work on /Users/dimz/EconWizard/hermesvirtual/lib/python3.8/site-packages/airflow/example_dags/example_nested_branch_dag.py
[2023-11-01T22:07:06.664-0500] {processor.py:829} INFO - Processing file /Users/dimz/EconWizard/hermesvirtual/lib/python3.8/site-packages/airflow/example_dags/example_nested_branch_dag.py for tasks to queue
[2023-11-01T22:07:06.665-0500] {logging_mixin.py:151} INFO - [2023-11-01T22:07:06.665-0500] {dagbag.py:536} INFO - Filling up the DagBag from /Users/dimz/EconWizard/hermesvirtual/lib/python3.8/site-packages/airflow/example_dags/example_nested_branch_dag.py
[2023-11-01T22:07:06.701-0500] {processor.py:839} INFO - DAG(s) dict_keys(['example_nested_branch_dag']) retrieved from /Users/dimz/EconWizard/hermesvirtual/lib/python3.8/site-packages/airflow/example_dags/example_nested_branch_dag.py
[2023-11-01T22:07:06.804-0500] {logging_mixin.py:151} INFO - [2023-11-01T22:07:06.803-0500] {dag.py:2941} INFO - Sync 1 DAGs
[2023-11-01T22:07:06.814-0500] {logging_mixin.py:151} INFO - [2023-11-01T22:07:06.814-0500] {dag.py:3722} INFO - Setting next_dagrun for example_nested_branch_dag to 2023-11-01T00:00:00+00:00, run_after=2023-11-02T00:00:00+00:00
[2023-11-01T22:07:06.824-0500] {processor.py:179} INFO - Processing /Users/dimz/EconWizard/hermesvirtual/lib/python3.8/site-packages/airflow/example_dags/example_nested_branch_dag.py took 0.165 seconds
[2023-11-01T22:09:10.257-0500] {processor.py:157} INFO - Started process (PID=91038) to work on /Users/dimz/EconWizard/hermesvirtual/lib/python3.8/site-packages/airflow/example_dags/example_nested_branch_dag.py
[2023-11-01T22:09:10.262-0500] {processor.py:829} INFO - Processing file /Users/dimz/EconWizard/hermesvirtual/lib/python3.8/site-packages/airflow/example_dags/example_nested_branch_dag.py for tasks to queue
[2023-11-01T22:09:10.262-0500] {logging_mixin.py:151} INFO - [2023-11-01T22:09:10.262-0500] {dagbag.py:536} INFO - Filling up the DagBag from /Users/dimz/EconWizard/hermesvirtual/lib/python3.8/site-packages/airflow/example_dags/example_nested_branch_dag.py
[2023-11-01T22:09:10.297-0500] {processor.py:839} INFO - DAG(s) dict_keys(['example_nested_branch_dag']) retrieved from /Users/dimz/EconWizard/hermesvirtual/lib/python3.8/site-packages/airflow/example_dags/example_nested_branch_dag.py
[2023-11-01T22:09:10.396-0500] {logging_mixin.py:151} INFO - [2023-11-01T22:09:10.396-0500] {dag.py:2941} INFO - Sync 1 DAGs
[2023-11-01T22:09:10.406-0500] {logging_mixin.py:151} INFO - [2023-11-01T22:09:10.406-0500] {dag.py:3722} INFO - Setting next_dagrun for example_nested_branch_dag to 2023-11-01T00:00:00+00:00, run_after=2023-11-02T00:00:00+00:00
[2023-11-01T22:09:10.416-0500] {processor.py:179} INFO - Processing /Users/dimz/EconWizard/hermesvirtual/lib/python3.8/site-packages/airflow/example_dags/example_nested_branch_dag.py took 0.160 seconds
[2023-11-01T22:13:31.861-0500] {processor.py:157} INFO - Started process (PID=91454) to work on /Users/dimz/EconWizard/hermesvirtual/lib/python3.8/site-packages/airflow/example_dags/example_nested_branch_dag.py
[2023-11-01T22:13:31.866-0500] {processor.py:829} INFO - Processing file /Users/dimz/EconWizard/hermesvirtual/lib/python3.8/site-packages/airflow/example_dags/example_nested_branch_dag.py for tasks to queue
[2023-11-01T22:13:31.866-0500] {logging_mixin.py:151} INFO - [2023-11-01T22:13:31.866-0500] {dagbag.py:536} INFO - Filling up the DagBag from /Users/dimz/EconWizard/hermesvirtual/lib/python3.8/site-packages/airflow/example_dags/example_nested_branch_dag.py
[2023-11-01T22:13:31.905-0500] {processor.py:839} INFO - DAG(s) dict_keys(['example_nested_branch_dag']) retrieved from /Users/dimz/EconWizard/hermesvirtual/lib/python3.8/site-packages/airflow/example_dags/example_nested_branch_dag.py
[2023-11-01T22:13:32.266-0500] {logging_mixin.py:151} INFO - [2023-11-01T22:13:32.266-0500] {dag.py:2941} INFO - Sync 1 DAGs
[2023-11-01T22:13:32.278-0500] {logging_mixin.py:151} INFO - [2023-11-01T22:13:32.277-0500] {dag.py:3722} INFO - Setting next_dagrun for example_nested_branch_dag to 2023-11-01T00:00:00+00:00, run_after=2023-11-02T00:00:00+00:00
[2023-11-01T22:13:32.292-0500] {processor.py:179} INFO - Processing /Users/dimz/EconWizard/hermesvirtual/lib/python3.8/site-packages/airflow/example_dags/example_nested_branch_dag.py took 0.432 seconds
[2023-11-01T22:15:35.158-0500] {processor.py:157} INFO - Started process (PID=91649) to work on /Users/dimz/EconWizard/hermesvirtual/lib/python3.8/site-packages/airflow/example_dags/example_nested_branch_dag.py
[2023-11-01T22:15:35.162-0500] {processor.py:829} INFO - Processing file /Users/dimz/EconWizard/hermesvirtual/lib/python3.8/site-packages/airflow/example_dags/example_nested_branch_dag.py for tasks to queue
[2023-11-01T22:15:35.163-0500] {logging_mixin.py:151} INFO - [2023-11-01T22:15:35.163-0500] {dagbag.py:536} INFO - Filling up the DagBag from /Users/dimz/EconWizard/hermesvirtual/lib/python3.8/site-packages/airflow/example_dags/example_nested_branch_dag.py
[2023-11-01T22:15:35.200-0500] {processor.py:839} INFO - DAG(s) dict_keys(['example_nested_branch_dag']) retrieved from /Users/dimz/EconWizard/hermesvirtual/lib/python3.8/site-packages/airflow/example_dags/example_nested_branch_dag.py
[2023-11-01T22:15:35.304-0500] {logging_mixin.py:151} INFO - [2023-11-01T22:15:35.304-0500] {dag.py:2941} INFO - Sync 1 DAGs
[2023-11-01T22:15:35.315-0500] {logging_mixin.py:151} INFO - [2023-11-01T22:15:35.315-0500] {dag.py:3722} INFO - Setting next_dagrun for example_nested_branch_dag to 2023-11-01T00:00:00+00:00, run_after=2023-11-02T00:00:00+00:00
[2023-11-01T22:15:35.325-0500] {processor.py:179} INFO - Processing /Users/dimz/EconWizard/hermesvirtual/lib/python3.8/site-packages/airflow/example_dags/example_nested_branch_dag.py took 0.168 seconds
[2023-11-01T22:17:33.296-0500] {processor.py:157} INFO - Started process (PID=91921) to work on /Users/dimz/EconWizard/hermesvirtual/lib/python3.8/site-packages/airflow/example_dags/example_nested_branch_dag.py
[2023-11-01T22:17:33.301-0500] {processor.py:829} INFO - Processing file /Users/dimz/EconWizard/hermesvirtual/lib/python3.8/site-packages/airflow/example_dags/example_nested_branch_dag.py for tasks to queue
[2023-11-01T22:17:33.301-0500] {logging_mixin.py:151} INFO - [2023-11-01T22:17:33.301-0500] {dagbag.py:536} INFO - Filling up the DagBag from /Users/dimz/EconWizard/hermesvirtual/lib/python3.8/site-packages/airflow/example_dags/example_nested_branch_dag.py
[2023-11-01T22:17:33.335-0500] {processor.py:839} INFO - DAG(s) dict_keys(['example_nested_branch_dag']) retrieved from /Users/dimz/EconWizard/hermesvirtual/lib/python3.8/site-packages/airflow/example_dags/example_nested_branch_dag.py
[2023-11-01T22:17:33.434-0500] {logging_mixin.py:151} INFO - [2023-11-01T22:17:33.433-0500] {dag.py:2941} INFO - Sync 1 DAGs
[2023-11-01T22:17:33.444-0500] {logging_mixin.py:151} INFO - [2023-11-01T22:17:33.444-0500] {dag.py:3722} INFO - Setting next_dagrun for example_nested_branch_dag to 2023-11-01T00:00:00+00:00, run_after=2023-11-02T00:00:00+00:00
[2023-11-01T22:17:33.454-0500] {processor.py:179} INFO - Processing /Users/dimz/EconWizard/hermesvirtual/lib/python3.8/site-packages/airflow/example_dags/example_nested_branch_dag.py took 0.159 seconds
[2023-11-01T22:19:28.477-0500] {processor.py:157} INFO - Started process (PID=92208) to work on /Users/dimz/EconWizard/hermesvirtual/lib/python3.8/site-packages/airflow/example_dags/example_nested_branch_dag.py
[2023-11-01T22:19:28.482-0500] {processor.py:829} INFO - Processing file /Users/dimz/EconWizard/hermesvirtual/lib/python3.8/site-packages/airflow/example_dags/example_nested_branch_dag.py for tasks to queue
[2023-11-01T22:19:28.483-0500] {logging_mixin.py:151} INFO - [2023-11-01T22:19:28.483-0500] {dagbag.py:536} INFO - Filling up the DagBag from /Users/dimz/EconWizard/hermesvirtual/lib/python3.8/site-packages/airflow/example_dags/example_nested_branch_dag.py
[2023-11-01T22:19:28.518-0500] {processor.py:839} INFO - DAG(s) dict_keys(['example_nested_branch_dag']) retrieved from /Users/dimz/EconWizard/hermesvirtual/lib/python3.8/site-packages/airflow/example_dags/example_nested_branch_dag.py
[2023-11-01T22:19:28.624-0500] {logging_mixin.py:151} INFO - [2023-11-01T22:19:28.624-0500] {dag.py:2941} INFO - Sync 1 DAGs
[2023-11-01T22:19:28.636-0500] {logging_mixin.py:151} INFO - [2023-11-01T22:19:28.635-0500] {dag.py:3722} INFO - Setting next_dagrun for example_nested_branch_dag to 2023-11-01T00:00:00+00:00, run_after=2023-11-02T00:00:00+00:00
[2023-11-01T22:19:28.646-0500] {processor.py:179} INFO - Processing /Users/dimz/EconWizard/hermesvirtual/lib/python3.8/site-packages/airflow/example_dags/example_nested_branch_dag.py took 0.170 seconds
[2023-11-01T22:21:17.952-0500] {processor.py:157} INFO - Started process (PID=92468) to work on /Users/dimz/EconWizard/hermesvirtual/lib/python3.8/site-packages/airflow/example_dags/example_nested_branch_dag.py
[2023-11-01T22:21:17.957-0500] {processor.py:829} INFO - Processing file /Users/dimz/EconWizard/hermesvirtual/lib/python3.8/site-packages/airflow/example_dags/example_nested_branch_dag.py for tasks to queue
[2023-11-01T22:21:17.957-0500] {logging_mixin.py:151} INFO - [2023-11-01T22:21:17.957-0500] {dagbag.py:536} INFO - Filling up the DagBag from /Users/dimz/EconWizard/hermesvirtual/lib/python3.8/site-packages/airflow/example_dags/example_nested_branch_dag.py
[2023-11-01T22:21:17.992-0500] {processor.py:839} INFO - DAG(s) dict_keys(['example_nested_branch_dag']) retrieved from /Users/dimz/EconWizard/hermesvirtual/lib/python3.8/site-packages/airflow/example_dags/example_nested_branch_dag.py
[2023-11-01T22:21:18.091-0500] {logging_mixin.py:151} INFO - [2023-11-01T22:21:18.091-0500] {dag.py:2941} INFO - Sync 1 DAGs
[2023-11-01T22:21:18.101-0500] {logging_mixin.py:151} INFO - [2023-11-01T22:21:18.101-0500] {dag.py:3722} INFO - Setting next_dagrun for example_nested_branch_dag to 2023-11-01T00:00:00+00:00, run_after=2023-11-02T00:00:00+00:00
[2023-11-01T22:21:18.112-0500] {processor.py:179} INFO - Processing /Users/dimz/EconWizard/hermesvirtual/lib/python3.8/site-packages/airflow/example_dags/example_nested_branch_dag.py took 0.160 seconds
[2023-11-01T22:23:18.164-0500] {processor.py:157} INFO - Started process (PID=92813) to work on /Users/dimz/EconWizard/hermesvirtual/lib/python3.8/site-packages/airflow/example_dags/example_nested_branch_dag.py
[2023-11-01T22:23:18.169-0500] {processor.py:829} INFO - Processing file /Users/dimz/EconWizard/hermesvirtual/lib/python3.8/site-packages/airflow/example_dags/example_nested_branch_dag.py for tasks to queue
[2023-11-01T22:23:18.169-0500] {logging_mixin.py:151} INFO - [2023-11-01T22:23:18.169-0500] {dagbag.py:536} INFO - Filling up the DagBag from /Users/dimz/EconWizard/hermesvirtual/lib/python3.8/site-packages/airflow/example_dags/example_nested_branch_dag.py
[2023-11-01T22:23:18.204-0500] {processor.py:839} INFO - DAG(s) dict_keys(['example_nested_branch_dag']) retrieved from /Users/dimz/EconWizard/hermesvirtual/lib/python3.8/site-packages/airflow/example_dags/example_nested_branch_dag.py
[2023-11-01T22:23:18.304-0500] {logging_mixin.py:151} INFO - [2023-11-01T22:23:18.304-0500] {dag.py:2941} INFO - Sync 1 DAGs
[2023-11-01T22:23:18.316-0500] {logging_mixin.py:151} INFO - [2023-11-01T22:23:18.315-0500] {dag.py:3722} INFO - Setting next_dagrun for example_nested_branch_dag to 2023-11-01T00:00:00+00:00, run_after=2023-11-02T00:00:00+00:00
[2023-11-01T22:23:18.326-0500] {processor.py:179} INFO - Processing /Users/dimz/EconWizard/hermesvirtual/lib/python3.8/site-packages/airflow/example_dags/example_nested_branch_dag.py took 0.163 seconds
[2023-11-02T04:02:02.614-0500] {processor.py:157} INFO - Started process (PID=93168) to work on /Users/dimz/EconWizard/hermesvirtual/lib/python3.8/site-packages/airflow/example_dags/example_nested_branch_dag.py
[2023-11-02T04:02:02.618-0500] {processor.py:829} INFO - Processing file /Users/dimz/EconWizard/hermesvirtual/lib/python3.8/site-packages/airflow/example_dags/example_nested_branch_dag.py for tasks to queue
[2023-11-02T04:02:02.618-0500] {logging_mixin.py:151} INFO - [2023-11-02T04:02:02.618-0500] {dagbag.py:536} INFO - Filling up the DagBag from /Users/dimz/EconWizard/hermesvirtual/lib/python3.8/site-packages/airflow/example_dags/example_nested_branch_dag.py
[2023-11-02T04:02:02.657-0500] {processor.py:839} INFO - DAG(s) dict_keys(['example_nested_branch_dag']) retrieved from /Users/dimz/EconWizard/hermesvirtual/lib/python3.8/site-packages/airflow/example_dags/example_nested_branch_dag.py
[2023-11-02T04:02:02.768-0500] {logging_mixin.py:151} INFO - [2023-11-02T04:02:02.767-0500] {dag.py:2941} INFO - Sync 1 DAGs
[2023-11-02T04:02:02.780-0500] {logging_mixin.py:151} INFO - [2023-11-02T04:02:02.780-0500] {dag.py:3722} INFO - Setting next_dagrun for example_nested_branch_dag to 2023-11-01T00:00:00+00:00, run_after=2023-11-02T00:00:00+00:00
[2023-11-02T04:02:02.792-0500] {processor.py:179} INFO - Processing /Users/dimz/EconWizard/hermesvirtual/lib/python3.8/site-packages/airflow/example_dags/example_nested_branch_dag.py took 0.179 seconds
[2023-11-02T06:53:54.557-0500] {processor.py:157} INFO - Started process (PID=93299) to work on /Users/dimz/EconWizard/hermesvirtual/lib/python3.8/site-packages/airflow/example_dags/example_nested_branch_dag.py
[2023-11-02T06:53:54.561-0500] {processor.py:829} INFO - Processing file /Users/dimz/EconWizard/hermesvirtual/lib/python3.8/site-packages/airflow/example_dags/example_nested_branch_dag.py for tasks to queue
[2023-11-02T06:53:54.561-0500] {logging_mixin.py:151} INFO - [2023-11-02T06:53:54.561-0500] {dagbag.py:536} INFO - Filling up the DagBag from /Users/dimz/EconWizard/hermesvirtual/lib/python3.8/site-packages/airflow/example_dags/example_nested_branch_dag.py
[2023-11-02T06:53:54.596-0500] {processor.py:839} INFO - DAG(s) dict_keys(['example_nested_branch_dag']) retrieved from /Users/dimz/EconWizard/hermesvirtual/lib/python3.8/site-packages/airflow/example_dags/example_nested_branch_dag.py
[2023-11-02T06:53:54.694-0500] {logging_mixin.py:151} INFO - [2023-11-02T06:53:54.694-0500] {dag.py:2941} INFO - Sync 1 DAGs
[2023-11-02T06:53:54.704-0500] {logging_mixin.py:151} INFO - [2023-11-02T06:53:54.704-0500] {dag.py:3722} INFO - Setting next_dagrun for example_nested_branch_dag to 2023-11-01T00:00:00+00:00, run_after=2023-11-02T00:00:00+00:00
[2023-11-02T06:53:54.714-0500] {processor.py:179} INFO - Processing /Users/dimz/EconWizard/hermesvirtual/lib/python3.8/site-packages/airflow/example_dags/example_nested_branch_dag.py took 0.158 seconds
[2023-11-02T08:29:06.575-0500] {processor.py:157} INFO - Started process (PID=93411) to work on /Users/dimz/EconWizard/hermesvirtual/lib/python3.8/site-packages/airflow/example_dags/example_nested_branch_dag.py
[2023-11-02T08:29:06.579-0500] {processor.py:829} INFO - Processing file /Users/dimz/EconWizard/hermesvirtual/lib/python3.8/site-packages/airflow/example_dags/example_nested_branch_dag.py for tasks to queue
[2023-11-02T08:29:06.579-0500] {logging_mixin.py:151} INFO - [2023-11-02T08:29:06.579-0500] {dagbag.py:536} INFO - Filling up the DagBag from /Users/dimz/EconWizard/hermesvirtual/lib/python3.8/site-packages/airflow/example_dags/example_nested_branch_dag.py
[2023-11-02T08:29:06.614-0500] {processor.py:839} INFO - DAG(s) dict_keys(['example_nested_branch_dag']) retrieved from /Users/dimz/EconWizard/hermesvirtual/lib/python3.8/site-packages/airflow/example_dags/example_nested_branch_dag.py
[2023-11-02T08:29:06.712-0500] {logging_mixin.py:151} INFO - [2023-11-02T08:29:06.712-0500] {dag.py:2941} INFO - Sync 1 DAGs
[2023-11-02T08:29:06.722-0500] {logging_mixin.py:151} INFO - [2023-11-02T08:29:06.722-0500] {dag.py:3722} INFO - Setting next_dagrun for example_nested_branch_dag to 2023-11-01T00:00:00+00:00, run_after=2023-11-02T00:00:00+00:00
[2023-11-02T08:29:06.732-0500] {processor.py:179} INFO - Processing /Users/dimz/EconWizard/hermesvirtual/lib/python3.8/site-packages/airflow/example_dags/example_nested_branch_dag.py took 0.158 seconds
[2023-11-02T08:48:05.214-0500] {processor.py:157} INFO - Started process (PID=93512) to work on /Users/dimz/EconWizard/hermesvirtual/lib/python3.8/site-packages/airflow/example_dags/example_nested_branch_dag.py
[2023-11-02T08:48:05.219-0500] {processor.py:829} INFO - Processing file /Users/dimz/EconWizard/hermesvirtual/lib/python3.8/site-packages/airflow/example_dags/example_nested_branch_dag.py for tasks to queue
[2023-11-02T08:48:05.219-0500] {logging_mixin.py:151} INFO - [2023-11-02T08:48:05.219-0500] {dagbag.py:536} INFO - Filling up the DagBag from /Users/dimz/EconWizard/hermesvirtual/lib/python3.8/site-packages/airflow/example_dags/example_nested_branch_dag.py
[2023-11-02T08:48:05.261-0500] {processor.py:839} INFO - DAG(s) dict_keys(['example_nested_branch_dag']) retrieved from /Users/dimz/EconWizard/hermesvirtual/lib/python3.8/site-packages/airflow/example_dags/example_nested_branch_dag.py
[2023-11-02T08:48:05.377-0500] {logging_mixin.py:151} INFO - [2023-11-02T08:48:05.377-0500] {dag.py:2941} INFO - Sync 1 DAGs
[2023-11-02T08:48:05.389-0500] {logging_mixin.py:151} INFO - [2023-11-02T08:48:05.389-0500] {dag.py:3722} INFO - Setting next_dagrun for example_nested_branch_dag to 2023-11-01T00:00:00+00:00, run_after=2023-11-02T00:00:00+00:00
[2023-11-02T08:48:05.400-0500] {processor.py:179} INFO - Processing /Users/dimz/EconWizard/hermesvirtual/lib/python3.8/site-packages/airflow/example_dags/example_nested_branch_dag.py took 0.187 seconds
[2023-11-02T09:04:41.989-0500] {processor.py:157} INFO - Started process (PID=93739) to work on /Users/dimz/EconWizard/hermesvirtual/lib/python3.8/site-packages/airflow/example_dags/example_nested_branch_dag.py
[2023-11-02T09:04:41.994-0500] {processor.py:829} INFO - Processing file /Users/dimz/EconWizard/hermesvirtual/lib/python3.8/site-packages/airflow/example_dags/example_nested_branch_dag.py for tasks to queue
[2023-11-02T09:04:41.995-0500] {logging_mixin.py:151} INFO - [2023-11-02T09:04:41.995-0500] {dagbag.py:536} INFO - Filling up the DagBag from /Users/dimz/EconWizard/hermesvirtual/lib/python3.8/site-packages/airflow/example_dags/example_nested_branch_dag.py
[2023-11-02T09:04:42.030-0500] {processor.py:839} INFO - DAG(s) dict_keys(['example_nested_branch_dag']) retrieved from /Users/dimz/EconWizard/hermesvirtual/lib/python3.8/site-packages/airflow/example_dags/example_nested_branch_dag.py
[2023-11-02T09:04:42.129-0500] {logging_mixin.py:151} INFO - [2023-11-02T09:04:42.129-0500] {dag.py:2941} INFO - Sync 1 DAGs
[2023-11-02T09:04:42.139-0500] {logging_mixin.py:151} INFO - [2023-11-02T09:04:42.139-0500] {dag.py:3722} INFO - Setting next_dagrun for example_nested_branch_dag to 2023-11-01T00:00:00+00:00, run_after=2023-11-02T00:00:00+00:00
[2023-11-02T09:04:42.150-0500] {processor.py:179} INFO - Processing /Users/dimz/EconWizard/hermesvirtual/lib/python3.8/site-packages/airflow/example_dags/example_nested_branch_dag.py took 0.162 seconds
[2023-11-02T09:06:38.834-0500] {processor.py:157} INFO - Started process (PID=93879) to work on /Users/dimz/EconWizard/hermesvirtual/lib/python3.8/site-packages/airflow/example_dags/example_nested_branch_dag.py
[2023-11-02T09:06:38.840-0500] {processor.py:829} INFO - Processing file /Users/dimz/EconWizard/hermesvirtual/lib/python3.8/site-packages/airflow/example_dags/example_nested_branch_dag.py for tasks to queue
[2023-11-02T09:06:38.840-0500] {logging_mixin.py:151} INFO - [2023-11-02T09:06:38.840-0500] {dagbag.py:536} INFO - Filling up the DagBag from /Users/dimz/EconWizard/hermesvirtual/lib/python3.8/site-packages/airflow/example_dags/example_nested_branch_dag.py
[2023-11-02T09:06:38.881-0500] {processor.py:839} INFO - DAG(s) dict_keys(['example_nested_branch_dag']) retrieved from /Users/dimz/EconWizard/hermesvirtual/lib/python3.8/site-packages/airflow/example_dags/example_nested_branch_dag.py
[2023-11-02T09:06:38.997-0500] {logging_mixin.py:151} INFO - [2023-11-02T09:06:38.997-0500] {dag.py:2941} INFO - Sync 1 DAGs
[2023-11-02T09:06:39.009-0500] {logging_mixin.py:151} INFO - [2023-11-02T09:06:39.009-0500] {dag.py:3722} INFO - Setting next_dagrun for example_nested_branch_dag to 2023-11-01T00:00:00+00:00, run_after=2023-11-02T00:00:00+00:00
[2023-11-02T09:06:39.021-0500] {processor.py:179} INFO - Processing /Users/dimz/EconWizard/hermesvirtual/lib/python3.8/site-packages/airflow/example_dags/example_nested_branch_dag.py took 0.187 seconds
[2023-11-02T09:08:43.304-0500] {processor.py:157} INFO - Started process (PID=94057) to work on /Users/dimz/EconWizard/hermesvirtual/lib/python3.8/site-packages/airflow/example_dags/example_nested_branch_dag.py
[2023-11-02T09:08:43.310-0500] {processor.py:829} INFO - Processing file /Users/dimz/EconWizard/hermesvirtual/lib/python3.8/site-packages/airflow/example_dags/example_nested_branch_dag.py for tasks to queue
[2023-11-02T09:08:43.311-0500] {logging_mixin.py:151} INFO - [2023-11-02T09:08:43.311-0500] {dagbag.py:536} INFO - Filling up the DagBag from /Users/dimz/EconWizard/hermesvirtual/lib/python3.8/site-packages/airflow/example_dags/example_nested_branch_dag.py
[2023-11-02T09:08:43.391-0500] {processor.py:839} INFO - DAG(s) dict_keys(['example_nested_branch_dag']) retrieved from /Users/dimz/EconWizard/hermesvirtual/lib/python3.8/site-packages/airflow/example_dags/example_nested_branch_dag.py
[2023-11-02T09:08:43.584-0500] {logging_mixin.py:151} INFO - [2023-11-02T09:08:43.584-0500] {dag.py:2941} INFO - Sync 1 DAGs
[2023-11-02T09:08:43.603-0500] {logging_mixin.py:151} INFO - [2023-11-02T09:08:43.603-0500] {dag.py:3722} INFO - Setting next_dagrun for example_nested_branch_dag to 2023-11-01T00:00:00+00:00, run_after=2023-11-02T00:00:00+00:00
[2023-11-02T09:08:43.617-0500] {processor.py:179} INFO - Processing /Users/dimz/EconWizard/hermesvirtual/lib/python3.8/site-packages/airflow/example_dags/example_nested_branch_dag.py took 0.314 seconds
[2023-11-02T09:10:52.631-0500] {processor.py:157} INFO - Started process (PID=94358) to work on /Users/dimz/EconWizard/hermesvirtual/lib/python3.8/site-packages/airflow/example_dags/example_nested_branch_dag.py
[2023-11-02T09:10:52.635-0500] {processor.py:829} INFO - Processing file /Users/dimz/EconWizard/hermesvirtual/lib/python3.8/site-packages/airflow/example_dags/example_nested_branch_dag.py for tasks to queue
[2023-11-02T09:10:52.636-0500] {logging_mixin.py:151} INFO - [2023-11-02T09:10:52.636-0500] {dagbag.py:536} INFO - Filling up the DagBag from /Users/dimz/EconWizard/hermesvirtual/lib/python3.8/site-packages/airflow/example_dags/example_nested_branch_dag.py
[2023-11-02T09:10:52.676-0500] {processor.py:839} INFO - DAG(s) dict_keys(['example_nested_branch_dag']) retrieved from /Users/dimz/EconWizard/hermesvirtual/lib/python3.8/site-packages/airflow/example_dags/example_nested_branch_dag.py
[2023-11-02T09:10:52.789-0500] {logging_mixin.py:151} INFO - [2023-11-02T09:10:52.789-0500] {dag.py:2941} INFO - Sync 1 DAGs
[2023-11-02T09:10:52.800-0500] {logging_mixin.py:151} INFO - [2023-11-02T09:10:52.800-0500] {dag.py:3722} INFO - Setting next_dagrun for example_nested_branch_dag to 2023-11-01T00:00:00+00:00, run_after=2023-11-02T00:00:00+00:00
[2023-11-02T09:10:52.811-0500] {processor.py:179} INFO - Processing /Users/dimz/EconWizard/hermesvirtual/lib/python3.8/site-packages/airflow/example_dags/example_nested_branch_dag.py took 0.181 seconds
[2023-11-02T09:13:01.885-0500] {processor.py:157} INFO - Started process (PID=94512) to work on /Users/dimz/EconWizard/hermesvirtual/lib/python3.8/site-packages/airflow/example_dags/example_nested_branch_dag.py
[2023-11-02T09:13:01.890-0500] {processor.py:829} INFO - Processing file /Users/dimz/EconWizard/hermesvirtual/lib/python3.8/site-packages/airflow/example_dags/example_nested_branch_dag.py for tasks to queue
[2023-11-02T09:13:01.890-0500] {logging_mixin.py:151} INFO - [2023-11-02T09:13:01.890-0500] {dagbag.py:536} INFO - Filling up the DagBag from /Users/dimz/EconWizard/hermesvirtual/lib/python3.8/site-packages/airflow/example_dags/example_nested_branch_dag.py
[2023-11-02T09:13:01.930-0500] {processor.py:839} INFO - DAG(s) dict_keys(['example_nested_branch_dag']) retrieved from /Users/dimz/EconWizard/hermesvirtual/lib/python3.8/site-packages/airflow/example_dags/example_nested_branch_dag.py
[2023-11-02T09:13:02.045-0500] {logging_mixin.py:151} INFO - [2023-11-02T09:13:02.045-0500] {dag.py:2941} INFO - Sync 1 DAGs
[2023-11-02T09:13:02.057-0500] {logging_mixin.py:151} INFO - [2023-11-02T09:13:02.057-0500] {dag.py:3722} INFO - Setting next_dagrun for example_nested_branch_dag to 2023-11-01T00:00:00+00:00, run_after=2023-11-02T00:00:00+00:00
[2023-11-02T09:13:02.071-0500] {processor.py:179} INFO - Processing /Users/dimz/EconWizard/hermesvirtual/lib/python3.8/site-packages/airflow/example_dags/example_nested_branch_dag.py took 0.186 seconds
[2023-11-02T09:15:08.566-0500] {processor.py:157} INFO - Started process (PID=94646) to work on /Users/dimz/EconWizard/hermesvirtual/lib/python3.8/site-packages/airflow/example_dags/example_nested_branch_dag.py
[2023-11-02T09:15:08.571-0500] {processor.py:829} INFO - Processing file /Users/dimz/EconWizard/hermesvirtual/lib/python3.8/site-packages/airflow/example_dags/example_nested_branch_dag.py for tasks to queue
[2023-11-02T09:15:08.571-0500] {logging_mixin.py:151} INFO - [2023-11-02T09:15:08.571-0500] {dagbag.py:536} INFO - Filling up the DagBag from /Users/dimz/EconWizard/hermesvirtual/lib/python3.8/site-packages/airflow/example_dags/example_nested_branch_dag.py
[2023-11-02T09:15:08.606-0500] {processor.py:839} INFO - DAG(s) dict_keys(['example_nested_branch_dag']) retrieved from /Users/dimz/EconWizard/hermesvirtual/lib/python3.8/site-packages/airflow/example_dags/example_nested_branch_dag.py
[2023-11-02T09:15:08.703-0500] {logging_mixin.py:151} INFO - [2023-11-02T09:15:08.703-0500] {dag.py:2941} INFO - Sync 1 DAGs
[2023-11-02T09:15:08.713-0500] {logging_mixin.py:151} INFO - [2023-11-02T09:15:08.713-0500] {dag.py:3722} INFO - Setting next_dagrun for example_nested_branch_dag to 2023-11-01T00:00:00+00:00, run_after=2023-11-02T00:00:00+00:00
[2023-11-02T09:15:08.723-0500] {processor.py:179} INFO - Processing /Users/dimz/EconWizard/hermesvirtual/lib/python3.8/site-packages/airflow/example_dags/example_nested_branch_dag.py took 0.158 seconds
[2023-11-02T09:17:11.720-0500] {processor.py:157} INFO - Started process (PID=94786) to work on /Users/dimz/EconWizard/hermesvirtual/lib/python3.8/site-packages/airflow/example_dags/example_nested_branch_dag.py
[2023-11-02T09:17:11.725-0500] {processor.py:829} INFO - Processing file /Users/dimz/EconWizard/hermesvirtual/lib/python3.8/site-packages/airflow/example_dags/example_nested_branch_dag.py for tasks to queue
[2023-11-02T09:17:11.726-0500] {logging_mixin.py:151} INFO - [2023-11-02T09:17:11.726-0500] {dagbag.py:536} INFO - Filling up the DagBag from /Users/dimz/EconWizard/hermesvirtual/lib/python3.8/site-packages/airflow/example_dags/example_nested_branch_dag.py
[2023-11-02T09:17:11.761-0500] {processor.py:839} INFO - DAG(s) dict_keys(['example_nested_branch_dag']) retrieved from /Users/dimz/EconWizard/hermesvirtual/lib/python3.8/site-packages/airflow/example_dags/example_nested_branch_dag.py
[2023-11-02T09:17:11.861-0500] {logging_mixin.py:151} INFO - [2023-11-02T09:17:11.861-0500] {dag.py:2941} INFO - Sync 1 DAGs
[2023-11-02T09:17:11.871-0500] {logging_mixin.py:151} INFO - [2023-11-02T09:17:11.871-0500] {dag.py:3722} INFO - Setting next_dagrun for example_nested_branch_dag to 2023-11-01T00:00:00+00:00, run_after=2023-11-02T00:00:00+00:00
[2023-11-02T09:17:11.881-0500] {processor.py:179} INFO - Processing /Users/dimz/EconWizard/hermesvirtual/lib/python3.8/site-packages/airflow/example_dags/example_nested_branch_dag.py took 0.161 seconds
[2023-11-02T09:19:17.393-0500] {processor.py:157} INFO - Started process (PID=94966) to work on /Users/dimz/EconWizard/hermesvirtual/lib/python3.8/site-packages/airflow/example_dags/example_nested_branch_dag.py
[2023-11-02T09:19:17.398-0500] {processor.py:829} INFO - Processing file /Users/dimz/EconWizard/hermesvirtual/lib/python3.8/site-packages/airflow/example_dags/example_nested_branch_dag.py for tasks to queue
[2023-11-02T09:19:17.399-0500] {logging_mixin.py:151} INFO - [2023-11-02T09:19:17.399-0500] {dagbag.py:536} INFO - Filling up the DagBag from /Users/dimz/EconWizard/hermesvirtual/lib/python3.8/site-packages/airflow/example_dags/example_nested_branch_dag.py
[2023-11-02T09:19:17.436-0500] {processor.py:839} INFO - DAG(s) dict_keys(['example_nested_branch_dag']) retrieved from /Users/dimz/EconWizard/hermesvirtual/lib/python3.8/site-packages/airflow/example_dags/example_nested_branch_dag.py
[2023-11-02T09:19:17.544-0500] {logging_mixin.py:151} INFO - [2023-11-02T09:19:17.544-0500] {dag.py:2941} INFO - Sync 1 DAGs
[2023-11-02T09:19:17.555-0500] {logging_mixin.py:151} INFO - [2023-11-02T09:19:17.555-0500] {dag.py:3722} INFO - Setting next_dagrun for example_nested_branch_dag to 2023-11-01T00:00:00+00:00, run_after=2023-11-02T00:00:00+00:00
[2023-11-02T09:19:17.566-0500] {processor.py:179} INFO - Processing /Users/dimz/EconWizard/hermesvirtual/lib/python3.8/site-packages/airflow/example_dags/example_nested_branch_dag.py took 0.173 seconds
[2023-11-02T09:21:25.948-0500] {processor.py:157} INFO - Started process (PID=95116) to work on /Users/dimz/EconWizard/hermesvirtual/lib/python3.8/site-packages/airflow/example_dags/example_nested_branch_dag.py
[2023-11-02T09:21:25.953-0500] {processor.py:829} INFO - Processing file /Users/dimz/EconWizard/hermesvirtual/lib/python3.8/site-packages/airflow/example_dags/example_nested_branch_dag.py for tasks to queue
[2023-11-02T09:21:25.954-0500] {logging_mixin.py:151} INFO - [2023-11-02T09:21:25.954-0500] {dagbag.py:536} INFO - Filling up the DagBag from /Users/dimz/EconWizard/hermesvirtual/lib/python3.8/site-packages/airflow/example_dags/example_nested_branch_dag.py
[2023-11-02T09:21:25.995-0500] {processor.py:839} INFO - DAG(s) dict_keys(['example_nested_branch_dag']) retrieved from /Users/dimz/EconWizard/hermesvirtual/lib/python3.8/site-packages/airflow/example_dags/example_nested_branch_dag.py
[2023-11-02T09:21:26.107-0500] {logging_mixin.py:151} INFO - [2023-11-02T09:21:26.107-0500] {dag.py:2941} INFO - Sync 1 DAGs
[2023-11-02T09:21:26.118-0500] {logging_mixin.py:151} INFO - [2023-11-02T09:21:26.118-0500] {dag.py:3722} INFO - Setting next_dagrun for example_nested_branch_dag to 2023-11-01T00:00:00+00:00, run_after=2023-11-02T00:00:00+00:00
[2023-11-02T09:21:26.130-0500] {processor.py:179} INFO - Processing /Users/dimz/EconWizard/hermesvirtual/lib/python3.8/site-packages/airflow/example_dags/example_nested_branch_dag.py took 0.182 seconds
[2023-11-02T09:23:33.852-0500] {processor.py:157} INFO - Started process (PID=95315) to work on /Users/dimz/EconWizard/hermesvirtual/lib/python3.8/site-packages/airflow/example_dags/example_nested_branch_dag.py
[2023-11-02T09:23:33.857-0500] {processor.py:829} INFO - Processing file /Users/dimz/EconWizard/hermesvirtual/lib/python3.8/site-packages/airflow/example_dags/example_nested_branch_dag.py for tasks to queue
[2023-11-02T09:23:33.857-0500] {logging_mixin.py:151} INFO - [2023-11-02T09:23:33.857-0500] {dagbag.py:536} INFO - Filling up the DagBag from /Users/dimz/EconWizard/hermesvirtual/lib/python3.8/site-packages/airflow/example_dags/example_nested_branch_dag.py
[2023-11-02T09:23:33.892-0500] {processor.py:839} INFO - DAG(s) dict_keys(['example_nested_branch_dag']) retrieved from /Users/dimz/EconWizard/hermesvirtual/lib/python3.8/site-packages/airflow/example_dags/example_nested_branch_dag.py
[2023-11-02T09:23:33.992-0500] {logging_mixin.py:151} INFO - [2023-11-02T09:23:33.992-0500] {dag.py:2941} INFO - Sync 1 DAGs
[2023-11-02T09:23:34.002-0500] {logging_mixin.py:151} INFO - [2023-11-02T09:23:34.002-0500] {dag.py:3722} INFO - Setting next_dagrun for example_nested_branch_dag to 2023-11-01T00:00:00+00:00, run_after=2023-11-02T00:00:00+00:00
[2023-11-02T09:23:34.013-0500] {processor.py:179} INFO - Processing /Users/dimz/EconWizard/hermesvirtual/lib/python3.8/site-packages/airflow/example_dags/example_nested_branch_dag.py took 0.161 seconds
[2023-11-02T09:25:40.091-0500] {processor.py:157} INFO - Started process (PID=95557) to work on /Users/dimz/EconWizard/hermesvirtual/lib/python3.8/site-packages/airflow/example_dags/example_nested_branch_dag.py
[2023-11-02T09:25:40.096-0500] {processor.py:829} INFO - Processing file /Users/dimz/EconWizard/hermesvirtual/lib/python3.8/site-packages/airflow/example_dags/example_nested_branch_dag.py for tasks to queue
[2023-11-02T09:25:40.096-0500] {logging_mixin.py:151} INFO - [2023-11-02T09:25:40.096-0500] {dagbag.py:536} INFO - Filling up the DagBag from /Users/dimz/EconWizard/hermesvirtual/lib/python3.8/site-packages/airflow/example_dags/example_nested_branch_dag.py
[2023-11-02T09:25:40.135-0500] {processor.py:839} INFO - DAG(s) dict_keys(['example_nested_branch_dag']) retrieved from /Users/dimz/EconWizard/hermesvirtual/lib/python3.8/site-packages/airflow/example_dags/example_nested_branch_dag.py
[2023-11-02T09:25:40.236-0500] {logging_mixin.py:151} INFO - [2023-11-02T09:25:40.236-0500] {dag.py:2941} INFO - Sync 1 DAGs
[2023-11-02T09:25:40.247-0500] {logging_mixin.py:151} INFO - [2023-11-02T09:25:40.247-0500] {dag.py:3722} INFO - Setting next_dagrun for example_nested_branch_dag to 2023-11-01T00:00:00+00:00, run_after=2023-11-02T00:00:00+00:00
[2023-11-02T09:25:40.258-0500] {processor.py:179} INFO - Processing /Users/dimz/EconWizard/hermesvirtual/lib/python3.8/site-packages/airflow/example_dags/example_nested_branch_dag.py took 0.168 seconds
[2023-11-02T09:28:27.967-0500] {processor.py:157} INFO - Started process (PID=95796) to work on /Users/dimz/EconWizard/hermesvirtual/lib/python3.8/site-packages/airflow/example_dags/example_nested_branch_dag.py
[2023-11-02T09:28:27.972-0500] {processor.py:829} INFO - Processing file /Users/dimz/EconWizard/hermesvirtual/lib/python3.8/site-packages/airflow/example_dags/example_nested_branch_dag.py for tasks to queue
[2023-11-02T09:28:27.972-0500] {logging_mixin.py:151} INFO - [2023-11-02T09:28:27.972-0500] {dagbag.py:536} INFO - Filling up the DagBag from /Users/dimz/EconWizard/hermesvirtual/lib/python3.8/site-packages/airflow/example_dags/example_nested_branch_dag.py
[2023-11-02T09:28:28.008-0500] {processor.py:839} INFO - DAG(s) dict_keys(['example_nested_branch_dag']) retrieved from /Users/dimz/EconWizard/hermesvirtual/lib/python3.8/site-packages/airflow/example_dags/example_nested_branch_dag.py
[2023-11-02T09:28:28.113-0500] {logging_mixin.py:151} INFO - [2023-11-02T09:28:28.113-0500] {dag.py:2941} INFO - Sync 1 DAGs
[2023-11-02T09:28:28.124-0500] {logging_mixin.py:151} INFO - [2023-11-02T09:28:28.124-0500] {dag.py:3722} INFO - Setting next_dagrun for example_nested_branch_dag to 2023-11-01T00:00:00+00:00, run_after=2023-11-02T00:00:00+00:00
[2023-11-02T09:28:28.134-0500] {processor.py:179} INFO - Processing /Users/dimz/EconWizard/hermesvirtual/lib/python3.8/site-packages/airflow/example_dags/example_nested_branch_dag.py took 0.167 seconds
[2023-11-02T09:30:46.088-0500] {processor.py:157} INFO - Started process (PID=95981) to work on /Users/dimz/EconWizard/hermesvirtual/lib/python3.8/site-packages/airflow/example_dags/example_nested_branch_dag.py
[2023-11-02T09:30:46.093-0500] {processor.py:829} INFO - Processing file /Users/dimz/EconWizard/hermesvirtual/lib/python3.8/site-packages/airflow/example_dags/example_nested_branch_dag.py for tasks to queue
[2023-11-02T09:30:46.093-0500] {logging_mixin.py:151} INFO - [2023-11-02T09:30:46.093-0500] {dagbag.py:536} INFO - Filling up the DagBag from /Users/dimz/EconWizard/hermesvirtual/lib/python3.8/site-packages/airflow/example_dags/example_nested_branch_dag.py
[2023-11-02T09:30:46.129-0500] {processor.py:839} INFO - DAG(s) dict_keys(['example_nested_branch_dag']) retrieved from /Users/dimz/EconWizard/hermesvirtual/lib/python3.8/site-packages/airflow/example_dags/example_nested_branch_dag.py
[2023-11-02T09:30:46.230-0500] {logging_mixin.py:151} INFO - [2023-11-02T09:30:46.229-0500] {dag.py:2941} INFO - Sync 1 DAGs
[2023-11-02T09:30:46.241-0500] {logging_mixin.py:151} INFO - [2023-11-02T09:30:46.240-0500] {dag.py:3722} INFO - Setting next_dagrun for example_nested_branch_dag to 2023-11-01T00:00:00+00:00, run_after=2023-11-02T00:00:00+00:00
[2023-11-02T09:30:46.251-0500] {processor.py:179} INFO - Processing /Users/dimz/EconWizard/hermesvirtual/lib/python3.8/site-packages/airflow/example_dags/example_nested_branch_dag.py took 0.164 seconds
[2023-11-02T10:13:35.226-0500] {processor.py:157} INFO - Started process (PID=97563) to work on /Users/dimz/EconWizard/hermesvirtual/lib/python3.8/site-packages/airflow/example_dags/example_nested_branch_dag.py
[2023-11-02T10:13:35.232-0500] {processor.py:829} INFO - Processing file /Users/dimz/EconWizard/hermesvirtual/lib/python3.8/site-packages/airflow/example_dags/example_nested_branch_dag.py for tasks to queue
[2023-11-02T10:13:35.232-0500] {logging_mixin.py:151} INFO - [2023-11-02T10:13:35.232-0500] {dagbag.py:536} INFO - Filling up the DagBag from /Users/dimz/EconWizard/hermesvirtual/lib/python3.8/site-packages/airflow/example_dags/example_nested_branch_dag.py
[2023-11-02T10:13:35.274-0500] {processor.py:839} INFO - DAG(s) dict_keys(['example_nested_branch_dag']) retrieved from /Users/dimz/EconWizard/hermesvirtual/lib/python3.8/site-packages/airflow/example_dags/example_nested_branch_dag.py
[2023-11-02T10:13:35.389-0500] {logging_mixin.py:151} INFO - [2023-11-02T10:13:35.389-0500] {dag.py:2941} INFO - Sync 1 DAGs
[2023-11-02T10:13:35.401-0500] {logging_mixin.py:151} INFO - [2023-11-02T10:13:35.401-0500] {dag.py:3722} INFO - Setting next_dagrun for example_nested_branch_dag to 2023-11-01T00:00:00+00:00, run_after=2023-11-02T00:00:00+00:00
[2023-11-02T10:13:35.413-0500] {processor.py:179} INFO - Processing /Users/dimz/EconWizard/hermesvirtual/lib/python3.8/site-packages/airflow/example_dags/example_nested_branch_dag.py took 0.188 seconds
[2023-11-02T10:15:07.693-0500] {processor.py:157} INFO - Started process (PID=97661) to work on /Users/dimz/EconWizard/hermesvirtual/lib/python3.8/site-packages/airflow/example_dags/example_nested_branch_dag.py
[2023-11-02T10:15:07.698-0500] {processor.py:829} INFO - Processing file /Users/dimz/EconWizard/hermesvirtual/lib/python3.8/site-packages/airflow/example_dags/example_nested_branch_dag.py for tasks to queue
[2023-11-02T10:15:07.698-0500] {logging_mixin.py:151} INFO - [2023-11-02T10:15:07.698-0500] {dagbag.py:536} INFO - Filling up the DagBag from /Users/dimz/EconWizard/hermesvirtual/lib/python3.8/site-packages/airflow/example_dags/example_nested_branch_dag.py
[2023-11-02T10:15:07.734-0500] {processor.py:839} INFO - DAG(s) dict_keys(['example_nested_branch_dag']) retrieved from /Users/dimz/EconWizard/hermesvirtual/lib/python3.8/site-packages/airflow/example_dags/example_nested_branch_dag.py
[2023-11-02T10:15:07.833-0500] {logging_mixin.py:151} INFO - [2023-11-02T10:15:07.833-0500] {dag.py:2941} INFO - Sync 1 DAGs
[2023-11-02T10:15:07.843-0500] {logging_mixin.py:151} INFO - [2023-11-02T10:15:07.843-0500] {dag.py:3722} INFO - Setting next_dagrun for example_nested_branch_dag to 2023-11-01T00:00:00+00:00, run_after=2023-11-02T00:00:00+00:00
[2023-11-02T10:15:07.853-0500] {processor.py:179} INFO - Processing /Users/dimz/EconWizard/hermesvirtual/lib/python3.8/site-packages/airflow/example_dags/example_nested_branch_dag.py took 0.161 seconds
[2023-11-02T10:39:23.129-0500] {processor.py:157} INFO - Started process (PID=99897) to work on /Users/dimz/EconWizard/hermesvirtual/lib/python3.8/site-packages/airflow/example_dags/example_nested_branch_dag.py
[2023-11-02T10:39:23.134-0500] {processor.py:829} INFO - Processing file /Users/dimz/EconWizard/hermesvirtual/lib/python3.8/site-packages/airflow/example_dags/example_nested_branch_dag.py for tasks to queue
[2023-11-02T10:39:23.134-0500] {logging_mixin.py:151} INFO - [2023-11-02T10:39:23.134-0500] {dagbag.py:536} INFO - Filling up the DagBag from /Users/dimz/EconWizard/hermesvirtual/lib/python3.8/site-packages/airflow/example_dags/example_nested_branch_dag.py
[2023-11-02T10:39:23.174-0500] {processor.py:839} INFO - DAG(s) dict_keys(['example_nested_branch_dag']) retrieved from /Users/dimz/EconWizard/hermesvirtual/lib/python3.8/site-packages/airflow/example_dags/example_nested_branch_dag.py
[2023-11-02T10:39:23.285-0500] {logging_mixin.py:151} INFO - [2023-11-02T10:39:23.284-0500] {dag.py:2941} INFO - Sync 1 DAGs
[2023-11-02T10:39:23.299-0500] {logging_mixin.py:151} INFO - [2023-11-02T10:39:23.299-0500] {dag.py:3722} INFO - Setting next_dagrun for example_nested_branch_dag to 2023-11-01T00:00:00+00:00, run_after=2023-11-02T00:00:00+00:00
[2023-11-02T10:39:23.323-0500] {processor.py:179} INFO - Processing /Users/dimz/EconWizard/hermesvirtual/lib/python3.8/site-packages/airflow/example_dags/example_nested_branch_dag.py took 0.194 seconds
[2023-11-02T10:40:57.731-0500] {processor.py:157} INFO - Started process (PID=114) to work on /Users/dimz/EconWizard/hermesvirtual/lib/python3.8/site-packages/airflow/example_dags/example_nested_branch_dag.py
[2023-11-02T10:40:57.737-0500] {processor.py:829} INFO - Processing file /Users/dimz/EconWizard/hermesvirtual/lib/python3.8/site-packages/airflow/example_dags/example_nested_branch_dag.py for tasks to queue
[2023-11-02T10:40:57.737-0500] {logging_mixin.py:151} INFO - [2023-11-02T10:40:57.737-0500] {dagbag.py:536} INFO - Filling up the DagBag from /Users/dimz/EconWizard/hermesvirtual/lib/python3.8/site-packages/airflow/example_dags/example_nested_branch_dag.py
[2023-11-02T10:40:57.773-0500] {processor.py:839} INFO - DAG(s) dict_keys(['example_nested_branch_dag']) retrieved from /Users/dimz/EconWizard/hermesvirtual/lib/python3.8/site-packages/airflow/example_dags/example_nested_branch_dag.py
[2023-11-02T10:40:57.885-0500] {logging_mixin.py:151} INFO - [2023-11-02T10:40:57.884-0500] {dag.py:2941} INFO - Sync 1 DAGs
[2023-11-02T10:40:57.896-0500] {logging_mixin.py:151} INFO - [2023-11-02T10:40:57.896-0500] {dag.py:3722} INFO - Setting next_dagrun for example_nested_branch_dag to 2023-11-01T00:00:00+00:00, run_after=2023-11-02T00:00:00+00:00
[2023-11-02T10:40:57.907-0500] {processor.py:179} INFO - Processing /Users/dimz/EconWizard/hermesvirtual/lib/python3.8/site-packages/airflow/example_dags/example_nested_branch_dag.py took 0.176 seconds
[2023-11-02T10:43:00.463-0500] {processor.py:157} INFO - Started process (PID=398) to work on /Users/dimz/EconWizard/hermesvirtual/lib/python3.8/site-packages/airflow/example_dags/example_nested_branch_dag.py
[2023-11-02T10:43:00.468-0500] {processor.py:829} INFO - Processing file /Users/dimz/EconWizard/hermesvirtual/lib/python3.8/site-packages/airflow/example_dags/example_nested_branch_dag.py for tasks to queue
[2023-11-02T10:43:00.469-0500] {logging_mixin.py:151} INFO - [2023-11-02T10:43:00.469-0500] {dagbag.py:536} INFO - Filling up the DagBag from /Users/dimz/EconWizard/hermesvirtual/lib/python3.8/site-packages/airflow/example_dags/example_nested_branch_dag.py
[2023-11-02T10:43:00.514-0500] {processor.py:839} INFO - DAG(s) dict_keys(['example_nested_branch_dag']) retrieved from /Users/dimz/EconWizard/hermesvirtual/lib/python3.8/site-packages/airflow/example_dags/example_nested_branch_dag.py
[2023-11-02T10:43:00.645-0500] {logging_mixin.py:151} INFO - [2023-11-02T10:43:00.645-0500] {dag.py:2941} INFO - Sync 1 DAGs
[2023-11-02T10:43:00.657-0500] {logging_mixin.py:151} INFO - [2023-11-02T10:43:00.656-0500] {dag.py:3722} INFO - Setting next_dagrun for example_nested_branch_dag to 2023-11-01T00:00:00+00:00, run_after=2023-11-02T00:00:00+00:00
[2023-11-02T10:43:00.669-0500] {processor.py:179} INFO - Processing /Users/dimz/EconWizard/hermesvirtual/lib/python3.8/site-packages/airflow/example_dags/example_nested_branch_dag.py took 0.207 seconds
