[2023-11-01T21:36:00.520-0500] {processor.py:157} INFO - Started process (PID=87728) to work on /Users/dimz/EconWizard/hermesvirtual/lib/python3.8/site-packages/airflow/example_dags/example_params_trigger_ui.py
[2023-11-01T21:36:00.524-0500] {processor.py:829} INFO - Processing file /Users/dimz/EconWizard/hermesvirtual/lib/python3.8/site-packages/airflow/example_dags/example_params_trigger_ui.py for tasks to queue
[2023-11-01T21:36:00.524-0500] {logging_mixin.py:151} INFO - [2023-11-01T21:36:00.524-0500] {dagbag.py:536} INFO - Filling up the DagBag from /Users/dimz/EconWizard/hermesvirtual/lib/python3.8/site-packages/airflow/example_dags/example_params_trigger_ui.py
[2023-11-01T21:36:00.586-0500] {processor.py:839} INFO - DAG(s) dict_keys(['example_params_trigger_ui']) retrieved from /Users/dimz/EconWizard/hermesvirtual/lib/python3.8/site-packages/airflow/example_dags/example_params_trigger_ui.py
[2023-11-01T21:36:00.907-0500] {logging_mixin.py:151} INFO - [2023-11-01T21:36:00.906-0500] {manager.py:499} INFO - Created Permission View: %s
[2023-11-01T21:36:00.911-0500] {logging_mixin.py:151} INFO - [2023-11-01T21:36:00.911-0500] {manager.py:499} INFO - Created Permission View: %s
[2023-11-01T21:36:00.914-0500] {logging_mixin.py:151} INFO - [2023-11-01T21:36:00.914-0500] {manager.py:499} INFO - Created Permission View: %s
[2023-11-01T21:36:00.914-0500] {logging_mixin.py:151} INFO - [2023-11-01T21:36:00.914-0500] {dag.py:2941} INFO - Sync 1 DAGs
[2023-11-01T21:36:00.920-0500] {logging_mixin.py:151} INFO - [2023-11-01T21:36:00.919-0500] {dag.py:2963} INFO - Creating ORM DAG for example_params_trigger_ui
[2023-11-01T21:36:00.920-0500] {logging_mixin.py:151} INFO - [2023-11-01T21:36:00.920-0500] {dag.py:3722} INFO - Setting next_dagrun for example_params_trigger_ui to None, run_after=None
[2023-11-01T21:36:00.930-0500] {processor.py:179} INFO - Processing /Users/dimz/EconWizard/hermesvirtual/lib/python3.8/site-packages/airflow/example_dags/example_params_trigger_ui.py took 0.410 seconds
[2023-11-01T21:37:28.766-0500] {processor.py:157} INFO - Started process (PID=87887) to work on /Users/dimz/EconWizard/hermesvirtual/lib/python3.8/site-packages/airflow/example_dags/example_params_trigger_ui.py
[2023-11-01T21:37:28.771-0500] {processor.py:829} INFO - Processing file /Users/dimz/EconWizard/hermesvirtual/lib/python3.8/site-packages/airflow/example_dags/example_params_trigger_ui.py for tasks to queue
[2023-11-01T21:37:28.771-0500] {logging_mixin.py:151} INFO - [2023-11-01T21:37:28.771-0500] {dagbag.py:536} INFO - Filling up the DagBag from /Users/dimz/EconWizard/hermesvirtual/lib/python3.8/site-packages/airflow/example_dags/example_params_trigger_ui.py
[2023-11-01T21:37:28.843-0500] {processor.py:839} INFO - DAG(s) dict_keys(['example_params_trigger_ui']) retrieved from /Users/dimz/EconWizard/hermesvirtual/lib/python3.8/site-packages/airflow/example_dags/example_params_trigger_ui.py
[2023-11-01T21:37:28.941-0500] {logging_mixin.py:151} INFO - [2023-11-01T21:37:28.941-0500] {dag.py:2941} INFO - Sync 1 DAGs
[2023-11-01T21:37:28.947-0500] {logging_mixin.py:151} INFO - [2023-11-01T21:37:28.947-0500] {dag.py:3722} INFO - Setting next_dagrun for example_params_trigger_ui to None, run_after=None
[2023-11-01T21:37:28.958-0500] {processor.py:179} INFO - Processing /Users/dimz/EconWizard/hermesvirtual/lib/python3.8/site-packages/airflow/example_dags/example_params_trigger_ui.py took 0.193 seconds
[2023-11-01T21:39:20.724-0500] {processor.py:157} INFO - Started process (PID=88078) to work on /Users/dimz/EconWizard/hermesvirtual/lib/python3.8/site-packages/airflow/example_dags/example_params_trigger_ui.py
[2023-11-01T21:39:20.729-0500] {processor.py:829} INFO - Processing file /Users/dimz/EconWizard/hermesvirtual/lib/python3.8/site-packages/airflow/example_dags/example_params_trigger_ui.py for tasks to queue
[2023-11-01T21:39:20.729-0500] {logging_mixin.py:151} INFO - [2023-11-01T21:39:20.729-0500] {dagbag.py:536} INFO - Filling up the DagBag from /Users/dimz/EconWizard/hermesvirtual/lib/python3.8/site-packages/airflow/example_dags/example_params_trigger_ui.py
[2023-11-01T21:39:20.793-0500] {processor.py:839} INFO - DAG(s) dict_keys(['example_params_trigger_ui']) retrieved from /Users/dimz/EconWizard/hermesvirtual/lib/python3.8/site-packages/airflow/example_dags/example_params_trigger_ui.py
[2023-11-01T21:39:20.883-0500] {logging_mixin.py:151} INFO - [2023-11-01T21:39:20.883-0500] {dag.py:2941} INFO - Sync 1 DAGs
[2023-11-01T21:39:20.888-0500] {logging_mixin.py:151} INFO - [2023-11-01T21:39:20.888-0500] {dag.py:3722} INFO - Setting next_dagrun for example_params_trigger_ui to None, run_after=None
[2023-11-01T21:39:20.899-0500] {processor.py:179} INFO - Processing /Users/dimz/EconWizard/hermesvirtual/lib/python3.8/site-packages/airflow/example_dags/example_params_trigger_ui.py took 0.175 seconds
[2023-11-01T21:41:17.865-0500] {processor.py:157} INFO - Started process (PID=88359) to work on /Users/dimz/EconWizard/hermesvirtual/lib/python3.8/site-packages/airflow/example_dags/example_params_trigger_ui.py
[2023-11-01T21:41:17.870-0500] {processor.py:829} INFO - Processing file /Users/dimz/EconWizard/hermesvirtual/lib/python3.8/site-packages/airflow/example_dags/example_params_trigger_ui.py for tasks to queue
[2023-11-01T21:41:17.871-0500] {logging_mixin.py:151} INFO - [2023-11-01T21:41:17.870-0500] {dagbag.py:536} INFO - Filling up the DagBag from /Users/dimz/EconWizard/hermesvirtual/lib/python3.8/site-packages/airflow/example_dags/example_params_trigger_ui.py
[2023-11-01T21:41:17.933-0500] {processor.py:839} INFO - DAG(s) dict_keys(['example_params_trigger_ui']) retrieved from /Users/dimz/EconWizard/hermesvirtual/lib/python3.8/site-packages/airflow/example_dags/example_params_trigger_ui.py
[2023-11-01T21:41:18.027-0500] {logging_mixin.py:151} INFO - [2023-11-01T21:41:18.027-0500] {dag.py:2941} INFO - Sync 1 DAGs
[2023-11-01T21:41:18.032-0500] {logging_mixin.py:151} INFO - [2023-11-01T21:41:18.032-0500] {dag.py:3722} INFO - Setting next_dagrun for example_params_trigger_ui to None, run_after=None
[2023-11-01T21:41:18.043-0500] {processor.py:179} INFO - Processing /Users/dimz/EconWizard/hermesvirtual/lib/python3.8/site-packages/airflow/example_dags/example_params_trigger_ui.py took 0.178 seconds
[2023-11-01T21:43:11.400-0500] {processor.py:157} INFO - Started process (PID=88614) to work on /Users/dimz/EconWizard/hermesvirtual/lib/python3.8/site-packages/airflow/example_dags/example_params_trigger_ui.py
[2023-11-01T21:43:11.405-0500] {processor.py:829} INFO - Processing file /Users/dimz/EconWizard/hermesvirtual/lib/python3.8/site-packages/airflow/example_dags/example_params_trigger_ui.py for tasks to queue
[2023-11-01T21:43:11.406-0500] {logging_mixin.py:151} INFO - [2023-11-01T21:43:11.406-0500] {dagbag.py:536} INFO - Filling up the DagBag from /Users/dimz/EconWizard/hermesvirtual/lib/python3.8/site-packages/airflow/example_dags/example_params_trigger_ui.py
[2023-11-01T21:43:11.468-0500] {processor.py:839} INFO - DAG(s) dict_keys(['example_params_trigger_ui']) retrieved from /Users/dimz/EconWizard/hermesvirtual/lib/python3.8/site-packages/airflow/example_dags/example_params_trigger_ui.py
[2023-11-01T21:43:11.559-0500] {logging_mixin.py:151} INFO - [2023-11-01T21:43:11.559-0500] {dag.py:2941} INFO - Sync 1 DAGs
[2023-11-01T21:43:11.565-0500] {logging_mixin.py:151} INFO - [2023-11-01T21:43:11.565-0500] {dag.py:3722} INFO - Setting next_dagrun for example_params_trigger_ui to None, run_after=None
[2023-11-01T21:43:11.575-0500] {processor.py:179} INFO - Processing /Users/dimz/EconWizard/hermesvirtual/lib/python3.8/site-packages/airflow/example_dags/example_params_trigger_ui.py took 0.175 seconds
[2023-11-01T21:45:07.777-0500] {processor.py:157} INFO - Started process (PID=88766) to work on /Users/dimz/EconWizard/hermesvirtual/lib/python3.8/site-packages/airflow/example_dags/example_params_trigger_ui.py
[2023-11-01T21:45:07.782-0500] {processor.py:829} INFO - Processing file /Users/dimz/EconWizard/hermesvirtual/lib/python3.8/site-packages/airflow/example_dags/example_params_trigger_ui.py for tasks to queue
[2023-11-01T21:45:07.782-0500] {logging_mixin.py:151} INFO - [2023-11-01T21:45:07.782-0500] {dagbag.py:536} INFO - Filling up the DagBag from /Users/dimz/EconWizard/hermesvirtual/lib/python3.8/site-packages/airflow/example_dags/example_params_trigger_ui.py
[2023-11-01T21:45:07.844-0500] {processor.py:839} INFO - DAG(s) dict_keys(['example_params_trigger_ui']) retrieved from /Users/dimz/EconWizard/hermesvirtual/lib/python3.8/site-packages/airflow/example_dags/example_params_trigger_ui.py
[2023-11-01T21:45:07.935-0500] {logging_mixin.py:151} INFO - [2023-11-01T21:45:07.935-0500] {dag.py:2941} INFO - Sync 1 DAGs
[2023-11-01T21:45:07.940-0500] {logging_mixin.py:151} INFO - [2023-11-01T21:45:07.940-0500] {dag.py:3722} INFO - Setting next_dagrun for example_params_trigger_ui to None, run_after=None
[2023-11-01T21:45:07.951-0500] {processor.py:179} INFO - Processing /Users/dimz/EconWizard/hermesvirtual/lib/python3.8/site-packages/airflow/example_dags/example_params_trigger_ui.py took 0.174 seconds
[2023-11-01T21:47:10.325-0500] {processor.py:157} INFO - Started process (PID=89038) to work on /Users/dimz/EconWizard/hermesvirtual/lib/python3.8/site-packages/airflow/example_dags/example_params_trigger_ui.py
[2023-11-01T21:47:10.330-0500] {processor.py:829} INFO - Processing file /Users/dimz/EconWizard/hermesvirtual/lib/python3.8/site-packages/airflow/example_dags/example_params_trigger_ui.py for tasks to queue
[2023-11-01T21:47:10.331-0500] {logging_mixin.py:151} INFO - [2023-11-01T21:47:10.331-0500] {dagbag.py:536} INFO - Filling up the DagBag from /Users/dimz/EconWizard/hermesvirtual/lib/python3.8/site-packages/airflow/example_dags/example_params_trigger_ui.py
[2023-11-01T21:47:10.397-0500] {processor.py:839} INFO - DAG(s) dict_keys(['example_params_trigger_ui']) retrieved from /Users/dimz/EconWizard/hermesvirtual/lib/python3.8/site-packages/airflow/example_dags/example_params_trigger_ui.py
[2023-11-01T21:47:10.490-0500] {logging_mixin.py:151} INFO - [2023-11-01T21:47:10.490-0500] {dag.py:2941} INFO - Sync 1 DAGs
[2023-11-01T21:47:10.496-0500] {logging_mixin.py:151} INFO - [2023-11-01T21:47:10.496-0500] {dag.py:3722} INFO - Setting next_dagrun for example_params_trigger_ui to None, run_after=None
[2023-11-01T21:47:10.507-0500] {processor.py:179} INFO - Processing /Users/dimz/EconWizard/hermesvirtual/lib/python3.8/site-packages/airflow/example_dags/example_params_trigger_ui.py took 0.182 seconds
[2023-11-01T21:49:12.389-0500] {processor.py:157} INFO - Started process (PID=89187) to work on /Users/dimz/EconWizard/hermesvirtual/lib/python3.8/site-packages/airflow/example_dags/example_params_trigger_ui.py
[2023-11-01T21:49:12.393-0500] {processor.py:829} INFO - Processing file /Users/dimz/EconWizard/hermesvirtual/lib/python3.8/site-packages/airflow/example_dags/example_params_trigger_ui.py for tasks to queue
[2023-11-01T21:49:12.393-0500] {logging_mixin.py:151} INFO - [2023-11-01T21:49:12.393-0500] {dagbag.py:536} INFO - Filling up the DagBag from /Users/dimz/EconWizard/hermesvirtual/lib/python3.8/site-packages/airflow/example_dags/example_params_trigger_ui.py
[2023-11-01T21:49:12.456-0500] {processor.py:839} INFO - DAG(s) dict_keys(['example_params_trigger_ui']) retrieved from /Users/dimz/EconWizard/hermesvirtual/lib/python3.8/site-packages/airflow/example_dags/example_params_trigger_ui.py
[2023-11-01T21:49:12.546-0500] {logging_mixin.py:151} INFO - [2023-11-01T21:49:12.546-0500] {dag.py:2941} INFO - Sync 1 DAGs
[2023-11-01T21:49:12.552-0500] {logging_mixin.py:151} INFO - [2023-11-01T21:49:12.552-0500] {dag.py:3722} INFO - Setting next_dagrun for example_params_trigger_ui to None, run_after=None
[2023-11-01T21:49:12.562-0500] {processor.py:179} INFO - Processing /Users/dimz/EconWizard/hermesvirtual/lib/python3.8/site-packages/airflow/example_dags/example_params_trigger_ui.py took 0.174 seconds
[2023-11-01T21:51:11.771-0500] {processor.py:157} INFO - Started process (PID=89369) to work on /Users/dimz/EconWizard/hermesvirtual/lib/python3.8/site-packages/airflow/example_dags/example_params_trigger_ui.py
[2023-11-01T21:51:11.776-0500] {processor.py:829} INFO - Processing file /Users/dimz/EconWizard/hermesvirtual/lib/python3.8/site-packages/airflow/example_dags/example_params_trigger_ui.py for tasks to queue
[2023-11-01T21:51:11.777-0500] {logging_mixin.py:151} INFO - [2023-11-01T21:51:11.777-0500] {dagbag.py:536} INFO - Filling up the DagBag from /Users/dimz/EconWizard/hermesvirtual/lib/python3.8/site-packages/airflow/example_dags/example_params_trigger_ui.py
[2023-11-01T21:51:11.840-0500] {processor.py:839} INFO - DAG(s) dict_keys(['example_params_trigger_ui']) retrieved from /Users/dimz/EconWizard/hermesvirtual/lib/python3.8/site-packages/airflow/example_dags/example_params_trigger_ui.py
[2023-11-01T21:51:11.934-0500] {logging_mixin.py:151} INFO - [2023-11-01T21:51:11.933-0500] {dag.py:2941} INFO - Sync 1 DAGs
[2023-11-01T21:51:11.939-0500] {logging_mixin.py:151} INFO - [2023-11-01T21:51:11.939-0500] {dag.py:3722} INFO - Setting next_dagrun for example_params_trigger_ui to None, run_after=None
[2023-11-01T21:51:11.950-0500] {processor.py:179} INFO - Processing /Users/dimz/EconWizard/hermesvirtual/lib/python3.8/site-packages/airflow/example_dags/example_params_trigger_ui.py took 0.179 seconds
[2023-11-01T21:53:07.094-0500] {processor.py:157} INFO - Started process (PID=89530) to work on /Users/dimz/EconWizard/hermesvirtual/lib/python3.8/site-packages/airflow/example_dags/example_params_trigger_ui.py
[2023-11-01T21:53:07.099-0500] {processor.py:829} INFO - Processing file /Users/dimz/EconWizard/hermesvirtual/lib/python3.8/site-packages/airflow/example_dags/example_params_trigger_ui.py for tasks to queue
[2023-11-01T21:53:07.099-0500] {logging_mixin.py:151} INFO - [2023-11-01T21:53:07.099-0500] {dagbag.py:536} INFO - Filling up the DagBag from /Users/dimz/EconWizard/hermesvirtual/lib/python3.8/site-packages/airflow/example_dags/example_params_trigger_ui.py
[2023-11-01T21:53:07.162-0500] {processor.py:839} INFO - DAG(s) dict_keys(['example_params_trigger_ui']) retrieved from /Users/dimz/EconWizard/hermesvirtual/lib/python3.8/site-packages/airflow/example_dags/example_params_trigger_ui.py
[2023-11-01T21:53:07.253-0500] {logging_mixin.py:151} INFO - [2023-11-01T21:53:07.253-0500] {dag.py:2941} INFO - Sync 1 DAGs
[2023-11-01T21:53:07.259-0500] {logging_mixin.py:151} INFO - [2023-11-01T21:53:07.259-0500] {dag.py:3722} INFO - Setting next_dagrun for example_params_trigger_ui to None, run_after=None
[2023-11-01T21:53:07.271-0500] {processor.py:179} INFO - Processing /Users/dimz/EconWizard/hermesvirtual/lib/python3.8/site-packages/airflow/example_dags/example_params_trigger_ui.py took 0.178 seconds
[2023-11-01T21:55:09.130-0500] {processor.py:157} INFO - Started process (PID=89707) to work on /Users/dimz/EconWizard/hermesvirtual/lib/python3.8/site-packages/airflow/example_dags/example_params_trigger_ui.py
[2023-11-01T21:55:09.134-0500] {processor.py:829} INFO - Processing file /Users/dimz/EconWizard/hermesvirtual/lib/python3.8/site-packages/airflow/example_dags/example_params_trigger_ui.py for tasks to queue
[2023-11-01T21:55:09.135-0500] {logging_mixin.py:151} INFO - [2023-11-01T21:55:09.135-0500] {dagbag.py:536} INFO - Filling up the DagBag from /Users/dimz/EconWizard/hermesvirtual/lib/python3.8/site-packages/airflow/example_dags/example_params_trigger_ui.py
[2023-11-01T21:55:09.198-0500] {processor.py:839} INFO - DAG(s) dict_keys(['example_params_trigger_ui']) retrieved from /Users/dimz/EconWizard/hermesvirtual/lib/python3.8/site-packages/airflow/example_dags/example_params_trigger_ui.py
[2023-11-01T21:55:09.291-0500] {logging_mixin.py:151} INFO - [2023-11-01T21:55:09.291-0500] {dag.py:2941} INFO - Sync 1 DAGs
[2023-11-01T21:55:09.297-0500] {logging_mixin.py:151} INFO - [2023-11-01T21:55:09.297-0500] {dag.py:3722} INFO - Setting next_dagrun for example_params_trigger_ui to None, run_after=None
[2023-11-01T21:55:09.308-0500] {processor.py:179} INFO - Processing /Users/dimz/EconWizard/hermesvirtual/lib/python3.8/site-packages/airflow/example_dags/example_params_trigger_ui.py took 0.179 seconds
[2023-11-01T21:57:04.805-0500] {processor.py:157} INFO - Started process (PID=89885) to work on /Users/dimz/EconWizard/hermesvirtual/lib/python3.8/site-packages/airflow/example_dags/example_params_trigger_ui.py
[2023-11-01T21:57:04.811-0500] {processor.py:829} INFO - Processing file /Users/dimz/EconWizard/hermesvirtual/lib/python3.8/site-packages/airflow/example_dags/example_params_trigger_ui.py for tasks to queue
[2023-11-01T21:57:04.811-0500] {logging_mixin.py:151} INFO - [2023-11-01T21:57:04.811-0500] {dagbag.py:536} INFO - Filling up the DagBag from /Users/dimz/EconWizard/hermesvirtual/lib/python3.8/site-packages/airflow/example_dags/example_params_trigger_ui.py
[2023-11-01T21:57:04.878-0500] {processor.py:839} INFO - DAG(s) dict_keys(['example_params_trigger_ui']) retrieved from /Users/dimz/EconWizard/hermesvirtual/lib/python3.8/site-packages/airflow/example_dags/example_params_trigger_ui.py
[2023-11-01T21:57:04.971-0500] {logging_mixin.py:151} INFO - [2023-11-01T21:57:04.971-0500] {dag.py:2941} INFO - Sync 1 DAGs
[2023-11-01T21:57:04.977-0500] {logging_mixin.py:151} INFO - [2023-11-01T21:57:04.977-0500] {dag.py:3722} INFO - Setting next_dagrun for example_params_trigger_ui to None, run_after=None
[2023-11-01T21:57:04.988-0500] {processor.py:179} INFO - Processing /Users/dimz/EconWizard/hermesvirtual/lib/python3.8/site-packages/airflow/example_dags/example_params_trigger_ui.py took 0.183 seconds
[2023-11-01T21:59:07.335-0500] {processor.py:157} INFO - Started process (PID=90058) to work on /Users/dimz/EconWizard/hermesvirtual/lib/python3.8/site-packages/airflow/example_dags/example_params_trigger_ui.py
[2023-11-01T21:59:07.340-0500] {processor.py:829} INFO - Processing file /Users/dimz/EconWizard/hermesvirtual/lib/python3.8/site-packages/airflow/example_dags/example_params_trigger_ui.py for tasks to queue
[2023-11-01T21:59:07.341-0500] {logging_mixin.py:151} INFO - [2023-11-01T21:59:07.341-0500] {dagbag.py:536} INFO - Filling up the DagBag from /Users/dimz/EconWizard/hermesvirtual/lib/python3.8/site-packages/airflow/example_dags/example_params_trigger_ui.py
[2023-11-01T21:59:07.403-0500] {processor.py:839} INFO - DAG(s) dict_keys(['example_params_trigger_ui']) retrieved from /Users/dimz/EconWizard/hermesvirtual/lib/python3.8/site-packages/airflow/example_dags/example_params_trigger_ui.py
[2023-11-01T21:59:07.493-0500] {logging_mixin.py:151} INFO - [2023-11-01T21:59:07.493-0500] {dag.py:2941} INFO - Sync 1 DAGs
[2023-11-01T21:59:07.499-0500] {logging_mixin.py:151} INFO - [2023-11-01T21:59:07.499-0500] {dag.py:3722} INFO - Setting next_dagrun for example_params_trigger_ui to None, run_after=None
[2023-11-01T21:59:07.509-0500] {processor.py:179} INFO - Processing /Users/dimz/EconWizard/hermesvirtual/lib/python3.8/site-packages/airflow/example_dags/example_params_trigger_ui.py took 0.174 seconds
[2023-11-01T22:01:06.991-0500] {processor.py:157} INFO - Started process (PID=90227) to work on /Users/dimz/EconWizard/hermesvirtual/lib/python3.8/site-packages/airflow/example_dags/example_params_trigger_ui.py
[2023-11-01T22:01:06.996-0500] {processor.py:829} INFO - Processing file /Users/dimz/EconWizard/hermesvirtual/lib/python3.8/site-packages/airflow/example_dags/example_params_trigger_ui.py for tasks to queue
[2023-11-01T22:01:06.996-0500] {logging_mixin.py:151} INFO - [2023-11-01T22:01:06.996-0500] {dagbag.py:536} INFO - Filling up the DagBag from /Users/dimz/EconWizard/hermesvirtual/lib/python3.8/site-packages/airflow/example_dags/example_params_trigger_ui.py
[2023-11-01T22:01:07.058-0500] {processor.py:839} INFO - DAG(s) dict_keys(['example_params_trigger_ui']) retrieved from /Users/dimz/EconWizard/hermesvirtual/lib/python3.8/site-packages/airflow/example_dags/example_params_trigger_ui.py
[2023-11-01T22:01:07.149-0500] {logging_mixin.py:151} INFO - [2023-11-01T22:01:07.149-0500] {dag.py:2941} INFO - Sync 1 DAGs
[2023-11-01T22:01:07.155-0500] {logging_mixin.py:151} INFO - [2023-11-01T22:01:07.155-0500] {dag.py:3722} INFO - Setting next_dagrun for example_params_trigger_ui to None, run_after=None
[2023-11-01T22:01:07.165-0500] {processor.py:179} INFO - Processing /Users/dimz/EconWizard/hermesvirtual/lib/python3.8/site-packages/airflow/example_dags/example_params_trigger_ui.py took 0.175 seconds
[2023-11-01T22:03:08.996-0500] {processor.py:157} INFO - Started process (PID=90385) to work on /Users/dimz/EconWizard/hermesvirtual/lib/python3.8/site-packages/airflow/example_dags/example_params_trigger_ui.py
[2023-11-01T22:03:09.001-0500] {processor.py:829} INFO - Processing file /Users/dimz/EconWizard/hermesvirtual/lib/python3.8/site-packages/airflow/example_dags/example_params_trigger_ui.py for tasks to queue
[2023-11-01T22:03:09.001-0500] {logging_mixin.py:151} INFO - [2023-11-01T22:03:09.001-0500] {dagbag.py:536} INFO - Filling up the DagBag from /Users/dimz/EconWizard/hermesvirtual/lib/python3.8/site-packages/airflow/example_dags/example_params_trigger_ui.py
[2023-11-01T22:03:09.065-0500] {processor.py:839} INFO - DAG(s) dict_keys(['example_params_trigger_ui']) retrieved from /Users/dimz/EconWizard/hermesvirtual/lib/python3.8/site-packages/airflow/example_dags/example_params_trigger_ui.py
[2023-11-01T22:03:09.156-0500] {logging_mixin.py:151} INFO - [2023-11-01T22:03:09.156-0500] {dag.py:2941} INFO - Sync 1 DAGs
[2023-11-01T22:03:09.162-0500] {logging_mixin.py:151} INFO - [2023-11-01T22:03:09.162-0500] {dag.py:3722} INFO - Setting next_dagrun for example_params_trigger_ui to None, run_after=None
[2023-11-01T22:03:09.172-0500] {processor.py:179} INFO - Processing /Users/dimz/EconWizard/hermesvirtual/lib/python3.8/site-packages/airflow/example_dags/example_params_trigger_ui.py took 0.177 seconds
[2023-11-01T22:05:02.963-0500] {processor.py:157} INFO - Started process (PID=90598) to work on /Users/dimz/EconWizard/hermesvirtual/lib/python3.8/site-packages/airflow/example_dags/example_params_trigger_ui.py
[2023-11-01T22:05:02.968-0500] {processor.py:829} INFO - Processing file /Users/dimz/EconWizard/hermesvirtual/lib/python3.8/site-packages/airflow/example_dags/example_params_trigger_ui.py for tasks to queue
[2023-11-01T22:05:02.968-0500] {logging_mixin.py:151} INFO - [2023-11-01T22:05:02.968-0500] {dagbag.py:536} INFO - Filling up the DagBag from /Users/dimz/EconWizard/hermesvirtual/lib/python3.8/site-packages/airflow/example_dags/example_params_trigger_ui.py
[2023-11-01T22:05:03.040-0500] {processor.py:839} INFO - DAG(s) dict_keys(['example_params_trigger_ui']) retrieved from /Users/dimz/EconWizard/hermesvirtual/lib/python3.8/site-packages/airflow/example_dags/example_params_trigger_ui.py
[2023-11-01T22:05:03.138-0500] {logging_mixin.py:151} INFO - [2023-11-01T22:05:03.138-0500] {dag.py:2941} INFO - Sync 1 DAGs
[2023-11-01T22:05:03.145-0500] {logging_mixin.py:151} INFO - [2023-11-01T22:05:03.145-0500] {dag.py:3722} INFO - Setting next_dagrun for example_params_trigger_ui to None, run_after=None
[2023-11-01T22:05:03.159-0500] {processor.py:179} INFO - Processing /Users/dimz/EconWizard/hermesvirtual/lib/python3.8/site-packages/airflow/example_dags/example_params_trigger_ui.py took 0.197 seconds
[2023-11-01T22:07:04.572-0500] {processor.py:157} INFO - Started process (PID=90802) to work on /Users/dimz/EconWizard/hermesvirtual/lib/python3.8/site-packages/airflow/example_dags/example_params_trigger_ui.py
[2023-11-01T22:07:04.577-0500] {processor.py:829} INFO - Processing file /Users/dimz/EconWizard/hermesvirtual/lib/python3.8/site-packages/airflow/example_dags/example_params_trigger_ui.py for tasks to queue
[2023-11-01T22:07:04.577-0500] {logging_mixin.py:151} INFO - [2023-11-01T22:07:04.577-0500] {dagbag.py:536} INFO - Filling up the DagBag from /Users/dimz/EconWizard/hermesvirtual/lib/python3.8/site-packages/airflow/example_dags/example_params_trigger_ui.py
[2023-11-01T22:07:04.641-0500] {processor.py:839} INFO - DAG(s) dict_keys(['example_params_trigger_ui']) retrieved from /Users/dimz/EconWizard/hermesvirtual/lib/python3.8/site-packages/airflow/example_dags/example_params_trigger_ui.py
[2023-11-01T22:07:04.731-0500] {logging_mixin.py:151} INFO - [2023-11-01T22:07:04.731-0500] {dag.py:2941} INFO - Sync 1 DAGs
[2023-11-01T22:07:04.736-0500] {logging_mixin.py:151} INFO - [2023-11-01T22:07:04.736-0500] {dag.py:3722} INFO - Setting next_dagrun for example_params_trigger_ui to None, run_after=None
[2023-11-01T22:07:04.746-0500] {processor.py:179} INFO - Processing /Users/dimz/EconWizard/hermesvirtual/lib/python3.8/site-packages/airflow/example_dags/example_params_trigger_ui.py took 0.175 seconds
[2023-11-01T22:09:08.339-0500] {processor.py:157} INFO - Started process (PID=91033) to work on /Users/dimz/EconWizard/hermesvirtual/lib/python3.8/site-packages/airflow/example_dags/example_params_trigger_ui.py
[2023-11-01T22:09:08.343-0500] {processor.py:829} INFO - Processing file /Users/dimz/EconWizard/hermesvirtual/lib/python3.8/site-packages/airflow/example_dags/example_params_trigger_ui.py for tasks to queue
[2023-11-01T22:09:08.344-0500] {logging_mixin.py:151} INFO - [2023-11-01T22:09:08.344-0500] {dagbag.py:536} INFO - Filling up the DagBag from /Users/dimz/EconWizard/hermesvirtual/lib/python3.8/site-packages/airflow/example_dags/example_params_trigger_ui.py
[2023-11-01T22:09:08.410-0500] {processor.py:839} INFO - DAG(s) dict_keys(['example_params_trigger_ui']) retrieved from /Users/dimz/EconWizard/hermesvirtual/lib/python3.8/site-packages/airflow/example_dags/example_params_trigger_ui.py
[2023-11-01T22:09:08.508-0500] {logging_mixin.py:151} INFO - [2023-11-01T22:09:08.508-0500] {dag.py:2941} INFO - Sync 1 DAGs
[2023-11-01T22:09:08.515-0500] {logging_mixin.py:151} INFO - [2023-11-01T22:09:08.515-0500] {dag.py:3722} INFO - Setting next_dagrun for example_params_trigger_ui to None, run_after=None
[2023-11-01T22:09:08.526-0500] {processor.py:179} INFO - Processing /Users/dimz/EconWizard/hermesvirtual/lib/python3.8/site-packages/airflow/example_dags/example_params_trigger_ui.py took 0.188 seconds
[2023-11-01T22:13:29.571-0500] {processor.py:157} INFO - Started process (PID=91449) to work on /Users/dimz/EconWizard/hermesvirtual/lib/python3.8/site-packages/airflow/example_dags/example_params_trigger_ui.py
[2023-11-01T22:13:29.576-0500] {processor.py:829} INFO - Processing file /Users/dimz/EconWizard/hermesvirtual/lib/python3.8/site-packages/airflow/example_dags/example_params_trigger_ui.py for tasks to queue
[2023-11-01T22:13:29.577-0500] {logging_mixin.py:151} INFO - [2023-11-01T22:13:29.577-0500] {dagbag.py:536} INFO - Filling up the DagBag from /Users/dimz/EconWizard/hermesvirtual/lib/python3.8/site-packages/airflow/example_dags/example_params_trigger_ui.py
[2023-11-01T22:13:29.641-0500] {processor.py:839} INFO - DAG(s) dict_keys(['example_params_trigger_ui']) retrieved from /Users/dimz/EconWizard/hermesvirtual/lib/python3.8/site-packages/airflow/example_dags/example_params_trigger_ui.py
[2023-11-01T22:13:29.977-0500] {logging_mixin.py:151} INFO - [2023-11-01T22:13:29.977-0500] {dag.py:2941} INFO - Sync 1 DAGs
[2023-11-01T22:13:29.982-0500] {logging_mixin.py:151} INFO - [2023-11-01T22:13:29.982-0500] {dag.py:3722} INFO - Setting next_dagrun for example_params_trigger_ui to None, run_after=None
[2023-11-01T22:13:29.995-0500] {processor.py:179} INFO - Processing /Users/dimz/EconWizard/hermesvirtual/lib/python3.8/site-packages/airflow/example_dags/example_params_trigger_ui.py took 0.424 seconds
[2023-11-01T22:15:33.116-0500] {processor.py:157} INFO - Started process (PID=91647) to work on /Users/dimz/EconWizard/hermesvirtual/lib/python3.8/site-packages/airflow/example_dags/example_params_trigger_ui.py
[2023-11-01T22:15:33.121-0500] {processor.py:829} INFO - Processing file /Users/dimz/EconWizard/hermesvirtual/lib/python3.8/site-packages/airflow/example_dags/example_params_trigger_ui.py for tasks to queue
[2023-11-01T22:15:33.121-0500] {logging_mixin.py:151} INFO - [2023-11-01T22:15:33.121-0500] {dagbag.py:536} INFO - Filling up the DagBag from /Users/dimz/EconWizard/hermesvirtual/lib/python3.8/site-packages/airflow/example_dags/example_params_trigger_ui.py
[2023-11-01T22:15:33.185-0500] {processor.py:839} INFO - DAG(s) dict_keys(['example_params_trigger_ui']) retrieved from /Users/dimz/EconWizard/hermesvirtual/lib/python3.8/site-packages/airflow/example_dags/example_params_trigger_ui.py
[2023-11-01T22:15:33.280-0500] {logging_mixin.py:151} INFO - [2023-11-01T22:15:33.280-0500] {dag.py:2941} INFO - Sync 1 DAGs
[2023-11-01T22:15:33.286-0500] {logging_mixin.py:151} INFO - [2023-11-01T22:15:33.286-0500] {dag.py:3722} INFO - Setting next_dagrun for example_params_trigger_ui to None, run_after=None
[2023-11-01T22:15:33.297-0500] {processor.py:179} INFO - Processing /Users/dimz/EconWizard/hermesvirtual/lib/python3.8/site-packages/airflow/example_dags/example_params_trigger_ui.py took 0.181 seconds
[2023-11-01T22:17:32.292-0500] {processor.py:157} INFO - Started process (PID=91919) to work on /Users/dimz/EconWizard/hermesvirtual/lib/python3.8/site-packages/airflow/example_dags/example_params_trigger_ui.py
[2023-11-01T22:17:32.297-0500] {processor.py:829} INFO - Processing file /Users/dimz/EconWizard/hermesvirtual/lib/python3.8/site-packages/airflow/example_dags/example_params_trigger_ui.py for tasks to queue
[2023-11-01T22:17:32.298-0500] {logging_mixin.py:151} INFO - [2023-11-01T22:17:32.298-0500] {dagbag.py:536} INFO - Filling up the DagBag from /Users/dimz/EconWizard/hermesvirtual/lib/python3.8/site-packages/airflow/example_dags/example_params_trigger_ui.py
[2023-11-01T22:17:32.361-0500] {processor.py:839} INFO - DAG(s) dict_keys(['example_params_trigger_ui']) retrieved from /Users/dimz/EconWizard/hermesvirtual/lib/python3.8/site-packages/airflow/example_dags/example_params_trigger_ui.py
[2023-11-01T22:17:32.452-0500] {logging_mixin.py:151} INFO - [2023-11-01T22:17:32.452-0500] {dag.py:2941} INFO - Sync 1 DAGs
[2023-11-01T22:17:32.459-0500] {logging_mixin.py:151} INFO - [2023-11-01T22:17:32.459-0500] {dag.py:3722} INFO - Setting next_dagrun for example_params_trigger_ui to None, run_after=None
[2023-11-01T22:17:32.471-0500] {processor.py:179} INFO - Processing /Users/dimz/EconWizard/hermesvirtual/lib/python3.8/site-packages/airflow/example_dags/example_params_trigger_ui.py took 0.179 seconds
[2023-11-01T22:19:26.417-0500] {processor.py:157} INFO - Started process (PID=92203) to work on /Users/dimz/EconWizard/hermesvirtual/lib/python3.8/site-packages/airflow/example_dags/example_params_trigger_ui.py
[2023-11-01T22:19:26.423-0500] {processor.py:829} INFO - Processing file /Users/dimz/EconWizard/hermesvirtual/lib/python3.8/site-packages/airflow/example_dags/example_params_trigger_ui.py for tasks to queue
[2023-11-01T22:19:26.423-0500] {logging_mixin.py:151} INFO - [2023-11-01T22:19:26.423-0500] {dagbag.py:536} INFO - Filling up the DagBag from /Users/dimz/EconWizard/hermesvirtual/lib/python3.8/site-packages/airflow/example_dags/example_params_trigger_ui.py
[2023-11-01T22:19:26.492-0500] {processor.py:839} INFO - DAG(s) dict_keys(['example_params_trigger_ui']) retrieved from /Users/dimz/EconWizard/hermesvirtual/lib/python3.8/site-packages/airflow/example_dags/example_params_trigger_ui.py
[2023-11-01T22:19:26.588-0500] {logging_mixin.py:151} INFO - [2023-11-01T22:19:26.588-0500] {dag.py:2941} INFO - Sync 1 DAGs
[2023-11-01T22:19:26.594-0500] {logging_mixin.py:151} INFO - [2023-11-01T22:19:26.594-0500] {dag.py:3722} INFO - Setting next_dagrun for example_params_trigger_ui to None, run_after=None
[2023-11-01T22:19:26.605-0500] {processor.py:179} INFO - Processing /Users/dimz/EconWizard/hermesvirtual/lib/python3.8/site-packages/airflow/example_dags/example_params_trigger_ui.py took 0.188 seconds
[2023-11-01T22:21:15.923-0500] {processor.py:157} INFO - Started process (PID=92466) to work on /Users/dimz/EconWizard/hermesvirtual/lib/python3.8/site-packages/airflow/example_dags/example_params_trigger_ui.py
[2023-11-01T22:21:15.928-0500] {processor.py:829} INFO - Processing file /Users/dimz/EconWizard/hermesvirtual/lib/python3.8/site-packages/airflow/example_dags/example_params_trigger_ui.py for tasks to queue
[2023-11-01T22:21:15.928-0500] {logging_mixin.py:151} INFO - [2023-11-01T22:21:15.928-0500] {dagbag.py:536} INFO - Filling up the DagBag from /Users/dimz/EconWizard/hermesvirtual/lib/python3.8/site-packages/airflow/example_dags/example_params_trigger_ui.py
[2023-11-01T22:21:15.994-0500] {processor.py:839} INFO - DAG(s) dict_keys(['example_params_trigger_ui']) retrieved from /Users/dimz/EconWizard/hermesvirtual/lib/python3.8/site-packages/airflow/example_dags/example_params_trigger_ui.py
[2023-11-01T22:21:16.087-0500] {logging_mixin.py:151} INFO - [2023-11-01T22:21:16.087-0500] {dag.py:2941} INFO - Sync 1 DAGs
[2023-11-01T22:21:16.092-0500] {logging_mixin.py:151} INFO - [2023-11-01T22:21:16.092-0500] {dag.py:3722} INFO - Setting next_dagrun for example_params_trigger_ui to None, run_after=None
[2023-11-01T22:21:16.103-0500] {processor.py:179} INFO - Processing /Users/dimz/EconWizard/hermesvirtual/lib/python3.8/site-packages/airflow/example_dags/example_params_trigger_ui.py took 0.181 seconds
[2023-11-01T22:23:16.278-0500] {processor.py:157} INFO - Started process (PID=92808) to work on /Users/dimz/EconWizard/hermesvirtual/lib/python3.8/site-packages/airflow/example_dags/example_params_trigger_ui.py
[2023-11-01T22:23:16.283-0500] {processor.py:829} INFO - Processing file /Users/dimz/EconWizard/hermesvirtual/lib/python3.8/site-packages/airflow/example_dags/example_params_trigger_ui.py for tasks to queue
[2023-11-01T22:23:16.283-0500] {logging_mixin.py:151} INFO - [2023-11-01T22:23:16.283-0500] {dagbag.py:536} INFO - Filling up the DagBag from /Users/dimz/EconWizard/hermesvirtual/lib/python3.8/site-packages/airflow/example_dags/example_params_trigger_ui.py
[2023-11-01T22:23:16.348-0500] {processor.py:839} INFO - DAG(s) dict_keys(['example_params_trigger_ui']) retrieved from /Users/dimz/EconWizard/hermesvirtual/lib/python3.8/site-packages/airflow/example_dags/example_params_trigger_ui.py
[2023-11-01T22:23:16.440-0500] {logging_mixin.py:151} INFO - [2023-11-01T22:23:16.440-0500] {dag.py:2941} INFO - Sync 1 DAGs
[2023-11-01T22:23:16.445-0500] {logging_mixin.py:151} INFO - [2023-11-01T22:23:16.445-0500] {dag.py:3722} INFO - Setting next_dagrun for example_params_trigger_ui to None, run_after=None
[2023-11-01T22:23:16.456-0500] {processor.py:179} INFO - Processing /Users/dimz/EconWizard/hermesvirtual/lib/python3.8/site-packages/airflow/example_dags/example_params_trigger_ui.py took 0.179 seconds
[2023-11-02T04:02:01.418-0500] {processor.py:157} INFO - Started process (PID=93160) to work on /Users/dimz/EconWizard/hermesvirtual/lib/python3.8/site-packages/airflow/example_dags/example_params_trigger_ui.py
[2023-11-02T04:02:01.423-0500] {processor.py:829} INFO - Processing file /Users/dimz/EconWizard/hermesvirtual/lib/python3.8/site-packages/airflow/example_dags/example_params_trigger_ui.py for tasks to queue
[2023-11-02T04:02:01.423-0500] {logging_mixin.py:151} INFO - [2023-11-02T04:02:01.423-0500] {dagbag.py:536} INFO - Filling up the DagBag from /Users/dimz/EconWizard/hermesvirtual/lib/python3.8/site-packages/airflow/example_dags/example_params_trigger_ui.py
[2023-11-02T04:02:01.489-0500] {processor.py:839} INFO - DAG(s) dict_keys(['example_params_trigger_ui']) retrieved from /Users/dimz/EconWizard/hermesvirtual/lib/python3.8/site-packages/airflow/example_dags/example_params_trigger_ui.py
[2023-11-02T04:02:01.588-0500] {logging_mixin.py:151} INFO - [2023-11-02T04:02:01.588-0500] {dag.py:2941} INFO - Sync 1 DAGs
[2023-11-02T04:02:01.594-0500] {logging_mixin.py:151} INFO - [2023-11-02T04:02:01.594-0500] {dag.py:3722} INFO - Setting next_dagrun for example_params_trigger_ui to None, run_after=None
[2023-11-02T04:02:01.606-0500] {processor.py:179} INFO - Processing /Users/dimz/EconWizard/hermesvirtual/lib/python3.8/site-packages/airflow/example_dags/example_params_trigger_ui.py took 0.187 seconds
[2023-11-02T06:53:52.546-0500] {processor.py:157} INFO - Started process (PID=93297) to work on /Users/dimz/EconWizard/hermesvirtual/lib/python3.8/site-packages/airflow/example_dags/example_params_trigger_ui.py
[2023-11-02T06:53:52.551-0500] {processor.py:829} INFO - Processing file /Users/dimz/EconWizard/hermesvirtual/lib/python3.8/site-packages/airflow/example_dags/example_params_trigger_ui.py for tasks to queue
[2023-11-02T06:53:52.552-0500] {logging_mixin.py:151} INFO - [2023-11-02T06:53:52.551-0500] {dagbag.py:536} INFO - Filling up the DagBag from /Users/dimz/EconWizard/hermesvirtual/lib/python3.8/site-packages/airflow/example_dags/example_params_trigger_ui.py
[2023-11-02T06:53:52.614-0500] {processor.py:839} INFO - DAG(s) dict_keys(['example_params_trigger_ui']) retrieved from /Users/dimz/EconWizard/hermesvirtual/lib/python3.8/site-packages/airflow/example_dags/example_params_trigger_ui.py
[2023-11-02T06:53:52.704-0500] {logging_mixin.py:151} INFO - [2023-11-02T06:53:52.704-0500] {dag.py:2941} INFO - Sync 1 DAGs
[2023-11-02T06:53:52.710-0500] {logging_mixin.py:151} INFO - [2023-11-02T06:53:52.710-0500] {dag.py:3722} INFO - Setting next_dagrun for example_params_trigger_ui to None, run_after=None
[2023-11-02T06:53:52.721-0500] {processor.py:179} INFO - Processing /Users/dimz/EconWizard/hermesvirtual/lib/python3.8/site-packages/airflow/example_dags/example_params_trigger_ui.py took 0.175 seconds
[2023-11-02T08:29:04.584-0500] {processor.py:157} INFO - Started process (PID=93409) to work on /Users/dimz/EconWizard/hermesvirtual/lib/python3.8/site-packages/airflow/example_dags/example_params_trigger_ui.py
[2023-11-02T08:29:04.588-0500] {processor.py:829} INFO - Processing file /Users/dimz/EconWizard/hermesvirtual/lib/python3.8/site-packages/airflow/example_dags/example_params_trigger_ui.py for tasks to queue
[2023-11-02T08:29:04.588-0500] {logging_mixin.py:151} INFO - [2023-11-02T08:29:04.588-0500] {dagbag.py:536} INFO - Filling up the DagBag from /Users/dimz/EconWizard/hermesvirtual/lib/python3.8/site-packages/airflow/example_dags/example_params_trigger_ui.py
[2023-11-02T08:29:04.651-0500] {processor.py:839} INFO - DAG(s) dict_keys(['example_params_trigger_ui']) retrieved from /Users/dimz/EconWizard/hermesvirtual/lib/python3.8/site-packages/airflow/example_dags/example_params_trigger_ui.py
[2023-11-02T08:29:04.741-0500] {logging_mixin.py:151} INFO - [2023-11-02T08:29:04.741-0500] {dag.py:2941} INFO - Sync 1 DAGs
[2023-11-02T08:29:04.746-0500] {logging_mixin.py:151} INFO - [2023-11-02T08:29:04.746-0500] {dag.py:3722} INFO - Setting next_dagrun for example_params_trigger_ui to None, run_after=None
[2023-11-02T08:29:04.757-0500] {processor.py:179} INFO - Processing /Users/dimz/EconWizard/hermesvirtual/lib/python3.8/site-packages/airflow/example_dags/example_params_trigger_ui.py took 0.174 seconds
[2023-11-02T08:38:15.142-0500] {processor.py:157} INFO - Started process (PID=93508) to work on /Users/dimz/EconWizard/hermesvirtual/lib/python3.8/site-packages/airflow/example_dags/example_params_trigger_ui.py
[2023-11-02T08:38:15.147-0500] {processor.py:829} INFO - Processing file /Users/dimz/EconWizard/hermesvirtual/lib/python3.8/site-packages/airflow/example_dags/example_params_trigger_ui.py for tasks to queue
[2023-11-02T08:38:15.148-0500] {logging_mixin.py:151} INFO - [2023-11-02T08:38:15.148-0500] {dagbag.py:536} INFO - Filling up the DagBag from /Users/dimz/EconWizard/hermesvirtual/lib/python3.8/site-packages/airflow/example_dags/example_params_trigger_ui.py
[2023-11-02T08:38:15.210-0500] {processor.py:839} INFO - DAG(s) dict_keys(['example_params_trigger_ui']) retrieved from /Users/dimz/EconWizard/hermesvirtual/lib/python3.8/site-packages/airflow/example_dags/example_params_trigger_ui.py
[2023-11-02T08:38:15.301-0500] {logging_mixin.py:151} INFO - [2023-11-02T08:38:15.301-0500] {dag.py:2941} INFO - Sync 1 DAGs
[2023-11-02T08:38:15.306-0500] {logging_mixin.py:151} INFO - [2023-11-02T08:38:15.306-0500] {dag.py:3722} INFO - Setting next_dagrun for example_params_trigger_ui to None, run_after=None
[2023-11-02T08:38:15.317-0500] {processor.py:179} INFO - Processing /Users/dimz/EconWizard/hermesvirtual/lib/python3.8/site-packages/airflow/example_dags/example_params_trigger_ui.py took 0.175 seconds
[2023-11-02T09:03:17.005-0500] {processor.py:157} INFO - Started process (PID=93619) to work on /Users/dimz/EconWizard/hermesvirtual/lib/python3.8/site-packages/airflow/example_dags/example_params_trigger_ui.py
[2023-11-02T09:03:17.011-0500] {processor.py:829} INFO - Processing file /Users/dimz/EconWizard/hermesvirtual/lib/python3.8/site-packages/airflow/example_dags/example_params_trigger_ui.py for tasks to queue
[2023-11-02T09:03:17.011-0500] {logging_mixin.py:151} INFO - [2023-11-02T09:03:17.011-0500] {dagbag.py:536} INFO - Filling up the DagBag from /Users/dimz/EconWizard/hermesvirtual/lib/python3.8/site-packages/airflow/example_dags/example_params_trigger_ui.py
[2023-11-02T09:03:17.074-0500] {processor.py:839} INFO - DAG(s) dict_keys(['example_params_trigger_ui']) retrieved from /Users/dimz/EconWizard/hermesvirtual/lib/python3.8/site-packages/airflow/example_dags/example_params_trigger_ui.py
[2023-11-02T09:03:17.169-0500] {logging_mixin.py:151} INFO - [2023-11-02T09:03:17.169-0500] {dag.py:2941} INFO - Sync 1 DAGs
[2023-11-02T09:03:17.174-0500] {logging_mixin.py:151} INFO - [2023-11-02T09:03:17.174-0500] {dag.py:3722} INFO - Setting next_dagrun for example_params_trigger_ui to None, run_after=None
[2023-11-02T09:03:17.186-0500] {processor.py:179} INFO - Processing /Users/dimz/EconWizard/hermesvirtual/lib/python3.8/site-packages/airflow/example_dags/example_params_trigger_ui.py took 0.181 seconds
[2023-11-02T09:05:14.723-0500] {processor.py:157} INFO - Started process (PID=93791) to work on /Users/dimz/EconWizard/hermesvirtual/lib/python3.8/site-packages/airflow/example_dags/example_params_trigger_ui.py
[2023-11-02T09:05:14.727-0500] {processor.py:829} INFO - Processing file /Users/dimz/EconWizard/hermesvirtual/lib/python3.8/site-packages/airflow/example_dags/example_params_trigger_ui.py for tasks to queue
[2023-11-02T09:05:14.727-0500] {logging_mixin.py:151} INFO - [2023-11-02T09:05:14.727-0500] {dagbag.py:536} INFO - Filling up the DagBag from /Users/dimz/EconWizard/hermesvirtual/lib/python3.8/site-packages/airflow/example_dags/example_params_trigger_ui.py
[2023-11-02T09:05:14.793-0500] {processor.py:839} INFO - DAG(s) dict_keys(['example_params_trigger_ui']) retrieved from /Users/dimz/EconWizard/hermesvirtual/lib/python3.8/site-packages/airflow/example_dags/example_params_trigger_ui.py
[2023-11-02T09:05:14.893-0500] {logging_mixin.py:151} INFO - [2023-11-02T09:05:14.893-0500] {dag.py:2941} INFO - Sync 1 DAGs
[2023-11-02T09:05:14.900-0500] {logging_mixin.py:151} INFO - [2023-11-02T09:05:14.900-0500] {dag.py:3722} INFO - Setting next_dagrun for example_params_trigger_ui to None, run_after=None
[2023-11-02T09:05:14.911-0500] {processor.py:179} INFO - Processing /Users/dimz/EconWizard/hermesvirtual/lib/python3.8/site-packages/airflow/example_dags/example_params_trigger_ui.py took 0.189 seconds
[2023-11-02T09:07:18.163-0500] {processor.py:157} INFO - Started process (PID=93919) to work on /Users/dimz/EconWizard/hermesvirtual/lib/python3.8/site-packages/airflow/example_dags/example_params_trigger_ui.py
[2023-11-02T09:07:18.168-0500] {processor.py:829} INFO - Processing file /Users/dimz/EconWizard/hermesvirtual/lib/python3.8/site-packages/airflow/example_dags/example_params_trigger_ui.py for tasks to queue
[2023-11-02T09:07:18.168-0500] {logging_mixin.py:151} INFO - [2023-11-02T09:07:18.168-0500] {dagbag.py:536} INFO - Filling up the DagBag from /Users/dimz/EconWizard/hermesvirtual/lib/python3.8/site-packages/airflow/example_dags/example_params_trigger_ui.py
[2023-11-02T09:07:18.231-0500] {processor.py:839} INFO - DAG(s) dict_keys(['example_params_trigger_ui']) retrieved from /Users/dimz/EconWizard/hermesvirtual/lib/python3.8/site-packages/airflow/example_dags/example_params_trigger_ui.py
[2023-11-02T09:07:18.322-0500] {logging_mixin.py:151} INFO - [2023-11-02T09:07:18.322-0500] {dag.py:2941} INFO - Sync 1 DAGs
[2023-11-02T09:07:18.327-0500] {logging_mixin.py:151} INFO - [2023-11-02T09:07:18.327-0500] {dag.py:3722} INFO - Setting next_dagrun for example_params_trigger_ui to None, run_after=None
[2023-11-02T09:07:18.337-0500] {processor.py:179} INFO - Processing /Users/dimz/EconWizard/hermesvirtual/lib/python3.8/site-packages/airflow/example_dags/example_params_trigger_ui.py took 0.174 seconds
[2023-11-02T09:09:24.137-0500] {processor.py:157} INFO - Started process (PID=94202) to work on /Users/dimz/EconWizard/hermesvirtual/lib/python3.8/site-packages/airflow/example_dags/example_params_trigger_ui.py
[2023-11-02T09:09:24.142-0500] {processor.py:829} INFO - Processing file /Users/dimz/EconWizard/hermesvirtual/lib/python3.8/site-packages/airflow/example_dags/example_params_trigger_ui.py for tasks to queue
[2023-11-02T09:09:24.142-0500] {logging_mixin.py:151} INFO - [2023-11-02T09:09:24.142-0500] {dagbag.py:536} INFO - Filling up the DagBag from /Users/dimz/EconWizard/hermesvirtual/lib/python3.8/site-packages/airflow/example_dags/example_params_trigger_ui.py
[2023-11-02T09:09:24.210-0500] {processor.py:839} INFO - DAG(s) dict_keys(['example_params_trigger_ui']) retrieved from /Users/dimz/EconWizard/hermesvirtual/lib/python3.8/site-packages/airflow/example_dags/example_params_trigger_ui.py
[2023-11-02T09:09:24.315-0500] {logging_mixin.py:151} INFO - [2023-11-02T09:09:24.315-0500] {dag.py:2941} INFO - Sync 1 DAGs
[2023-11-02T09:09:24.321-0500] {logging_mixin.py:151} INFO - [2023-11-02T09:09:24.321-0500] {dag.py:3722} INFO - Setting next_dagrun for example_params_trigger_ui to None, run_after=None
[2023-11-02T09:09:24.333-0500] {processor.py:179} INFO - Processing /Users/dimz/EconWizard/hermesvirtual/lib/python3.8/site-packages/airflow/example_dags/example_params_trigger_ui.py took 0.196 seconds
[2023-11-02T09:10:50.536-0500] {processor.py:157} INFO - Started process (PID=94356) to work on /Users/dimz/EconWizard/hermesvirtual/lib/python3.8/site-packages/airflow/example_dags/example_params_trigger_ui.py
[2023-11-02T09:10:50.541-0500] {processor.py:829} INFO - Processing file /Users/dimz/EconWizard/hermesvirtual/lib/python3.8/site-packages/airflow/example_dags/example_params_trigger_ui.py for tasks to queue
[2023-11-02T09:10:50.542-0500] {logging_mixin.py:151} INFO - [2023-11-02T09:10:50.542-0500] {dagbag.py:536} INFO - Filling up the DagBag from /Users/dimz/EconWizard/hermesvirtual/lib/python3.8/site-packages/airflow/example_dags/example_params_trigger_ui.py
[2023-11-02T09:10:50.605-0500] {processor.py:839} INFO - DAG(s) dict_keys(['example_params_trigger_ui']) retrieved from /Users/dimz/EconWizard/hermesvirtual/lib/python3.8/site-packages/airflow/example_dags/example_params_trigger_ui.py
[2023-11-02T09:10:50.698-0500] {logging_mixin.py:151} INFO - [2023-11-02T09:10:50.698-0500] {dag.py:2941} INFO - Sync 1 DAGs
[2023-11-02T09:10:50.703-0500] {logging_mixin.py:151} INFO - [2023-11-02T09:10:50.703-0500] {dag.py:3722} INFO - Setting next_dagrun for example_params_trigger_ui to None, run_after=None
[2023-11-02T09:10:50.714-0500] {processor.py:179} INFO - Processing /Users/dimz/EconWizard/hermesvirtual/lib/python3.8/site-packages/airflow/example_dags/example_params_trigger_ui.py took 0.178 seconds
[2023-11-02T09:12:59.737-0500] {processor.py:157} INFO - Started process (PID=94510) to work on /Users/dimz/EconWizard/hermesvirtual/lib/python3.8/site-packages/airflow/example_dags/example_params_trigger_ui.py
[2023-11-02T09:12:59.743-0500] {processor.py:829} INFO - Processing file /Users/dimz/EconWizard/hermesvirtual/lib/python3.8/site-packages/airflow/example_dags/example_params_trigger_ui.py for tasks to queue
[2023-11-02T09:12:59.743-0500] {logging_mixin.py:151} INFO - [2023-11-02T09:12:59.743-0500] {dagbag.py:536} INFO - Filling up the DagBag from /Users/dimz/EconWizard/hermesvirtual/lib/python3.8/site-packages/airflow/example_dags/example_params_trigger_ui.py
[2023-11-02T09:12:59.824-0500] {processor.py:839} INFO - DAG(s) dict_keys(['example_params_trigger_ui']) retrieved from /Users/dimz/EconWizard/hermesvirtual/lib/python3.8/site-packages/airflow/example_dags/example_params_trigger_ui.py
[2023-11-02T09:12:59.932-0500] {logging_mixin.py:151} INFO - [2023-11-02T09:12:59.931-0500] {dag.py:2941} INFO - Sync 1 DAGs
[2023-11-02T09:12:59.938-0500] {logging_mixin.py:151} INFO - [2023-11-02T09:12:59.938-0500] {dag.py:3722} INFO - Setting next_dagrun for example_params_trigger_ui to None, run_after=None
[2023-11-02T09:12:59.950-0500] {processor.py:179} INFO - Processing /Users/dimz/EconWizard/hermesvirtual/lib/python3.8/site-packages/airflow/example_dags/example_params_trigger_ui.py took 0.214 seconds
[2023-11-02T09:15:06.540-0500] {processor.py:157} INFO - Started process (PID=94644) to work on /Users/dimz/EconWizard/hermesvirtual/lib/python3.8/site-packages/airflow/example_dags/example_params_trigger_ui.py
[2023-11-02T09:15:06.545-0500] {processor.py:829} INFO - Processing file /Users/dimz/EconWizard/hermesvirtual/lib/python3.8/site-packages/airflow/example_dags/example_params_trigger_ui.py for tasks to queue
[2023-11-02T09:15:06.545-0500] {logging_mixin.py:151} INFO - [2023-11-02T09:15:06.545-0500] {dagbag.py:536} INFO - Filling up the DagBag from /Users/dimz/EconWizard/hermesvirtual/lib/python3.8/site-packages/airflow/example_dags/example_params_trigger_ui.py
[2023-11-02T09:15:06.608-0500] {processor.py:839} INFO - DAG(s) dict_keys(['example_params_trigger_ui']) retrieved from /Users/dimz/EconWizard/hermesvirtual/lib/python3.8/site-packages/airflow/example_dags/example_params_trigger_ui.py
[2023-11-02T09:15:06.698-0500] {logging_mixin.py:151} INFO - [2023-11-02T09:15:06.698-0500] {dag.py:2941} INFO - Sync 1 DAGs
[2023-11-02T09:15:06.704-0500] {logging_mixin.py:151} INFO - [2023-11-02T09:15:06.704-0500] {dag.py:3722} INFO - Setting next_dagrun for example_params_trigger_ui to None, run_after=None
[2023-11-02T09:15:06.714-0500] {processor.py:179} INFO - Processing /Users/dimz/EconWizard/hermesvirtual/lib/python3.8/site-packages/airflow/example_dags/example_params_trigger_ui.py took 0.175 seconds
[2023-11-02T09:17:10.584-0500] {processor.py:157} INFO - Started process (PID=94784) to work on /Users/dimz/EconWizard/hermesvirtual/lib/python3.8/site-packages/airflow/example_dags/example_params_trigger_ui.py
[2023-11-02T09:17:10.589-0500] {processor.py:829} INFO - Processing file /Users/dimz/EconWizard/hermesvirtual/lib/python3.8/site-packages/airflow/example_dags/example_params_trigger_ui.py for tasks to queue
[2023-11-02T09:17:10.589-0500] {logging_mixin.py:151} INFO - [2023-11-02T09:17:10.589-0500] {dagbag.py:536} INFO - Filling up the DagBag from /Users/dimz/EconWizard/hermesvirtual/lib/python3.8/site-packages/airflow/example_dags/example_params_trigger_ui.py
[2023-11-02T09:17:10.652-0500] {processor.py:839} INFO - DAG(s) dict_keys(['example_params_trigger_ui']) retrieved from /Users/dimz/EconWizard/hermesvirtual/lib/python3.8/site-packages/airflow/example_dags/example_params_trigger_ui.py
[2023-11-02T09:17:10.743-0500] {logging_mixin.py:151} INFO - [2023-11-02T09:17:10.742-0500] {dag.py:2941} INFO - Sync 1 DAGs
[2023-11-02T09:17:10.748-0500] {logging_mixin.py:151} INFO - [2023-11-02T09:17:10.748-0500] {dag.py:3722} INFO - Setting next_dagrun for example_params_trigger_ui to None, run_after=None
[2023-11-02T09:17:10.759-0500] {processor.py:179} INFO - Processing /Users/dimz/EconWizard/hermesvirtual/lib/python3.8/site-packages/airflow/example_dags/example_params_trigger_ui.py took 0.175 seconds
[2023-11-02T09:19:15.299-0500] {processor.py:157} INFO - Started process (PID=94964) to work on /Users/dimz/EconWizard/hermesvirtual/lib/python3.8/site-packages/airflow/example_dags/example_params_trigger_ui.py
[2023-11-02T09:19:15.304-0500] {processor.py:829} INFO - Processing file /Users/dimz/EconWizard/hermesvirtual/lib/python3.8/site-packages/airflow/example_dags/example_params_trigger_ui.py for tasks to queue
[2023-11-02T09:19:15.305-0500] {logging_mixin.py:151} INFO - [2023-11-02T09:19:15.304-0500] {dagbag.py:536} INFO - Filling up the DagBag from /Users/dimz/EconWizard/hermesvirtual/lib/python3.8/site-packages/airflow/example_dags/example_params_trigger_ui.py
[2023-11-02T09:19:15.384-0500] {processor.py:839} INFO - DAG(s) dict_keys(['example_params_trigger_ui']) retrieved from /Users/dimz/EconWizard/hermesvirtual/lib/python3.8/site-packages/airflow/example_dags/example_params_trigger_ui.py
[2023-11-02T09:19:15.486-0500] {logging_mixin.py:151} INFO - [2023-11-02T09:19:15.485-0500] {dag.py:2941} INFO - Sync 1 DAGs
[2023-11-02T09:19:15.492-0500] {logging_mixin.py:151} INFO - [2023-11-02T09:19:15.492-0500] {dag.py:3722} INFO - Setting next_dagrun for example_params_trigger_ui to None, run_after=None
[2023-11-02T09:19:15.504-0500] {processor.py:179} INFO - Processing /Users/dimz/EconWizard/hermesvirtual/lib/python3.8/site-packages/airflow/example_dags/example_params_trigger_ui.py took 0.206 seconds
[2023-11-02T09:21:23.824-0500] {processor.py:157} INFO - Started process (PID=95114) to work on /Users/dimz/EconWizard/hermesvirtual/lib/python3.8/site-packages/airflow/example_dags/example_params_trigger_ui.py
[2023-11-02T09:21:23.830-0500] {processor.py:829} INFO - Processing file /Users/dimz/EconWizard/hermesvirtual/lib/python3.8/site-packages/airflow/example_dags/example_params_trigger_ui.py for tasks to queue
[2023-11-02T09:21:23.830-0500] {logging_mixin.py:151} INFO - [2023-11-02T09:21:23.830-0500] {dagbag.py:536} INFO - Filling up the DagBag from /Users/dimz/EconWizard/hermesvirtual/lib/python3.8/site-packages/airflow/example_dags/example_params_trigger_ui.py
[2023-11-02T09:21:23.903-0500] {processor.py:839} INFO - DAG(s) dict_keys(['example_params_trigger_ui']) retrieved from /Users/dimz/EconWizard/hermesvirtual/lib/python3.8/site-packages/airflow/example_dags/example_params_trigger_ui.py
[2023-11-02T09:21:24.008-0500] {logging_mixin.py:151} INFO - [2023-11-02T09:21:24.008-0500] {dag.py:2941} INFO - Sync 1 DAGs
[2023-11-02T09:21:24.015-0500] {logging_mixin.py:151} INFO - [2023-11-02T09:21:24.015-0500] {dag.py:3722} INFO - Setting next_dagrun for example_params_trigger_ui to None, run_after=None
[2023-11-02T09:21:24.027-0500] {processor.py:179} INFO - Processing /Users/dimz/EconWizard/hermesvirtual/lib/python3.8/site-packages/airflow/example_dags/example_params_trigger_ui.py took 0.203 seconds
[2023-11-02T09:23:31.807-0500] {processor.py:157} INFO - Started process (PID=95313) to work on /Users/dimz/EconWizard/hermesvirtual/lib/python3.8/site-packages/airflow/example_dags/example_params_trigger_ui.py
[2023-11-02T09:23:31.812-0500] {processor.py:829} INFO - Processing file /Users/dimz/EconWizard/hermesvirtual/lib/python3.8/site-packages/airflow/example_dags/example_params_trigger_ui.py for tasks to queue
[2023-11-02T09:23:31.812-0500] {logging_mixin.py:151} INFO - [2023-11-02T09:23:31.812-0500] {dagbag.py:536} INFO - Filling up the DagBag from /Users/dimz/EconWizard/hermesvirtual/lib/python3.8/site-packages/airflow/example_dags/example_params_trigger_ui.py
[2023-11-02T09:23:31.878-0500] {processor.py:839} INFO - DAG(s) dict_keys(['example_params_trigger_ui']) retrieved from /Users/dimz/EconWizard/hermesvirtual/lib/python3.8/site-packages/airflow/example_dags/example_params_trigger_ui.py
[2023-11-02T09:23:31.972-0500] {logging_mixin.py:151} INFO - [2023-11-02T09:23:31.972-0500] {dag.py:2941} INFO - Sync 1 DAGs
[2023-11-02T09:23:31.978-0500] {logging_mixin.py:151} INFO - [2023-11-02T09:23:31.978-0500] {dag.py:3722} INFO - Setting next_dagrun for example_params_trigger_ui to None, run_after=None
[2023-11-02T09:23:31.989-0500] {processor.py:179} INFO - Processing /Users/dimz/EconWizard/hermesvirtual/lib/python3.8/site-packages/airflow/example_dags/example_params_trigger_ui.py took 0.182 seconds
[2023-11-02T09:25:38.007-0500] {processor.py:157} INFO - Started process (PID=95555) to work on /Users/dimz/EconWizard/hermesvirtual/lib/python3.8/site-packages/airflow/example_dags/example_params_trigger_ui.py
[2023-11-02T09:25:38.012-0500] {processor.py:829} INFO - Processing file /Users/dimz/EconWizard/hermesvirtual/lib/python3.8/site-packages/airflow/example_dags/example_params_trigger_ui.py for tasks to queue
[2023-11-02T09:25:38.012-0500] {logging_mixin.py:151} INFO - [2023-11-02T09:25:38.012-0500] {dagbag.py:536} INFO - Filling up the DagBag from /Users/dimz/EconWizard/hermesvirtual/lib/python3.8/site-packages/airflow/example_dags/example_params_trigger_ui.py
[2023-11-02T09:25:38.076-0500] {processor.py:839} INFO - DAG(s) dict_keys(['example_params_trigger_ui']) retrieved from /Users/dimz/EconWizard/hermesvirtual/lib/python3.8/site-packages/airflow/example_dags/example_params_trigger_ui.py
[2023-11-02T09:25:38.167-0500] {logging_mixin.py:151} INFO - [2023-11-02T09:25:38.167-0500] {dag.py:2941} INFO - Sync 1 DAGs
[2023-11-02T09:25:38.173-0500] {logging_mixin.py:151} INFO - [2023-11-02T09:25:38.172-0500] {dag.py:3722} INFO - Setting next_dagrun for example_params_trigger_ui to None, run_after=None
[2023-11-02T09:25:38.183-0500] {processor.py:179} INFO - Processing /Users/dimz/EconWizard/hermesvirtual/lib/python3.8/site-packages/airflow/example_dags/example_params_trigger_ui.py took 0.176 seconds
[2023-11-02T09:28:26.089-0500] {processor.py:157} INFO - Started process (PID=95794) to work on /Users/dimz/EconWizard/hermesvirtual/lib/python3.8/site-packages/airflow/example_dags/example_params_trigger_ui.py
[2023-11-02T09:28:26.094-0500] {processor.py:829} INFO - Processing file /Users/dimz/EconWizard/hermesvirtual/lib/python3.8/site-packages/airflow/example_dags/example_params_trigger_ui.py for tasks to queue
[2023-11-02T09:28:26.095-0500] {logging_mixin.py:151} INFO - [2023-11-02T09:28:26.095-0500] {dagbag.py:536} INFO - Filling up the DagBag from /Users/dimz/EconWizard/hermesvirtual/lib/python3.8/site-packages/airflow/example_dags/example_params_trigger_ui.py
[2023-11-02T09:28:26.161-0500] {processor.py:839} INFO - DAG(s) dict_keys(['example_params_trigger_ui']) retrieved from /Users/dimz/EconWizard/hermesvirtual/lib/python3.8/site-packages/airflow/example_dags/example_params_trigger_ui.py
[2023-11-02T09:28:26.257-0500] {logging_mixin.py:151} INFO - [2023-11-02T09:28:26.257-0500] {dag.py:2941} INFO - Sync 1 DAGs
[2023-11-02T09:28:26.264-0500] {logging_mixin.py:151} INFO - [2023-11-02T09:28:26.264-0500] {dag.py:3722} INFO - Setting next_dagrun for example_params_trigger_ui to None, run_after=None
[2023-11-02T09:28:26.276-0500] {processor.py:179} INFO - Processing /Users/dimz/EconWizard/hermesvirtual/lib/python3.8/site-packages/airflow/example_dags/example_params_trigger_ui.py took 0.188 seconds
[2023-11-02T09:30:43.979-0500] {processor.py:157} INFO - Started process (PID=95979) to work on /Users/dimz/EconWizard/hermesvirtual/lib/python3.8/site-packages/airflow/example_dags/example_params_trigger_ui.py
[2023-11-02T09:30:43.984-0500] {processor.py:829} INFO - Processing file /Users/dimz/EconWizard/hermesvirtual/lib/python3.8/site-packages/airflow/example_dags/example_params_trigger_ui.py for tasks to queue
[2023-11-02T09:30:43.984-0500] {logging_mixin.py:151} INFO - [2023-11-02T09:30:43.984-0500] {dagbag.py:536} INFO - Filling up the DagBag from /Users/dimz/EconWizard/hermesvirtual/lib/python3.8/site-packages/airflow/example_dags/example_params_trigger_ui.py
[2023-11-02T09:30:44.050-0500] {processor.py:839} INFO - DAG(s) dict_keys(['example_params_trigger_ui']) retrieved from /Users/dimz/EconWizard/hermesvirtual/lib/python3.8/site-packages/airflow/example_dags/example_params_trigger_ui.py
[2023-11-02T09:30:44.141-0500] {logging_mixin.py:151} INFO - [2023-11-02T09:30:44.141-0500] {dag.py:2941} INFO - Sync 1 DAGs
[2023-11-02T09:30:44.147-0500] {logging_mixin.py:151} INFO - [2023-11-02T09:30:44.147-0500] {dag.py:3722} INFO - Setting next_dagrun for example_params_trigger_ui to None, run_after=None
[2023-11-02T09:30:44.157-0500] {processor.py:179} INFO - Processing /Users/dimz/EconWizard/hermesvirtual/lib/python3.8/site-packages/airflow/example_dags/example_params_trigger_ui.py took 0.178 seconds
[2023-11-02T10:13:33.276-0500] {processor.py:157} INFO - Started process (PID=97561) to work on /Users/dimz/EconWizard/hermesvirtual/lib/python3.8/site-packages/airflow/example_dags/example_params_trigger_ui.py
[2023-11-02T10:13:33.281-0500] {processor.py:829} INFO - Processing file /Users/dimz/EconWizard/hermesvirtual/lib/python3.8/site-packages/airflow/example_dags/example_params_trigger_ui.py for tasks to queue
[2023-11-02T10:13:33.282-0500] {logging_mixin.py:151} INFO - [2023-11-02T10:13:33.282-0500] {dagbag.py:536} INFO - Filling up the DagBag from /Users/dimz/EconWizard/hermesvirtual/lib/python3.8/site-packages/airflow/example_dags/example_params_trigger_ui.py
[2023-11-02T10:13:33.344-0500] {processor.py:839} INFO - DAG(s) dict_keys(['example_params_trigger_ui']) retrieved from /Users/dimz/EconWizard/hermesvirtual/lib/python3.8/site-packages/airflow/example_dags/example_params_trigger_ui.py
[2023-11-02T10:13:33.435-0500] {logging_mixin.py:151} INFO - [2023-11-02T10:13:33.435-0500] {dag.py:2941} INFO - Sync 1 DAGs
[2023-11-02T10:13:33.440-0500] {logging_mixin.py:151} INFO - [2023-11-02T10:13:33.440-0500] {dag.py:3722} INFO - Setting next_dagrun for example_params_trigger_ui to None, run_after=None
[2023-11-02T10:13:33.451-0500] {processor.py:179} INFO - Processing /Users/dimz/EconWizard/hermesvirtual/lib/python3.8/site-packages/airflow/example_dags/example_params_trigger_ui.py took 0.175 seconds
[2023-11-02T10:15:05.670-0500] {processor.py:157} INFO - Started process (PID=97657) to work on /Users/dimz/EconWizard/hermesvirtual/lib/python3.8/site-packages/airflow/example_dags/example_params_trigger_ui.py
[2023-11-02T10:15:05.676-0500] {processor.py:829} INFO - Processing file /Users/dimz/EconWizard/hermesvirtual/lib/python3.8/site-packages/airflow/example_dags/example_params_trigger_ui.py for tasks to queue
[2023-11-02T10:15:05.676-0500] {logging_mixin.py:151} INFO - [2023-11-02T10:15:05.676-0500] {dagbag.py:536} INFO - Filling up the DagBag from /Users/dimz/EconWizard/hermesvirtual/lib/python3.8/site-packages/airflow/example_dags/example_params_trigger_ui.py
[2023-11-02T10:15:05.741-0500] {processor.py:839} INFO - DAG(s) dict_keys(['example_params_trigger_ui']) retrieved from /Users/dimz/EconWizard/hermesvirtual/lib/python3.8/site-packages/airflow/example_dags/example_params_trigger_ui.py
[2023-11-02T10:15:05.832-0500] {logging_mixin.py:151} INFO - [2023-11-02T10:15:05.832-0500] {dag.py:2941} INFO - Sync 1 DAGs
[2023-11-02T10:15:05.837-0500] {logging_mixin.py:151} INFO - [2023-11-02T10:15:05.837-0500] {dag.py:3722} INFO - Setting next_dagrun for example_params_trigger_ui to None, run_after=None
[2023-11-02T10:15:05.848-0500] {processor.py:179} INFO - Processing /Users/dimz/EconWizard/hermesvirtual/lib/python3.8/site-packages/airflow/example_dags/example_params_trigger_ui.py took 0.178 seconds
[2023-11-02T10:39:21.590-0500] {processor.py:157} INFO - Started process (PID=99895) to work on /Users/dimz/EconWizard/hermesvirtual/lib/python3.8/site-packages/airflow/example_dags/example_params_trigger_ui.py
[2023-11-02T10:39:21.595-0500] {processor.py:829} INFO - Processing file /Users/dimz/EconWizard/hermesvirtual/lib/python3.8/site-packages/airflow/example_dags/example_params_trigger_ui.py for tasks to queue
[2023-11-02T10:39:21.596-0500] {logging_mixin.py:151} INFO - [2023-11-02T10:39:21.596-0500] {dagbag.py:536} INFO - Filling up the DagBag from /Users/dimz/EconWizard/hermesvirtual/lib/python3.8/site-packages/airflow/example_dags/example_params_trigger_ui.py
[2023-11-02T10:39:21.658-0500] {processor.py:839} INFO - DAG(s) dict_keys(['example_params_trigger_ui']) retrieved from /Users/dimz/EconWizard/hermesvirtual/lib/python3.8/site-packages/airflow/example_dags/example_params_trigger_ui.py
[2023-11-02T10:39:21.751-0500] {logging_mixin.py:151} INFO - [2023-11-02T10:39:21.751-0500] {dag.py:2941} INFO - Sync 1 DAGs
[2023-11-02T10:39:21.756-0500] {logging_mixin.py:151} INFO - [2023-11-02T10:39:21.756-0500] {dag.py:3722} INFO - Setting next_dagrun for example_params_trigger_ui to None, run_after=None
[2023-11-02T10:39:21.767-0500] {processor.py:179} INFO - Processing /Users/dimz/EconWizard/hermesvirtual/lib/python3.8/site-packages/airflow/example_dags/example_params_trigger_ui.py took 0.177 seconds
[2023-11-02T10:40:55.684-0500] {processor.py:157} INFO - Started process (PID=111) to work on /Users/dimz/EconWizard/hermesvirtual/lib/python3.8/site-packages/airflow/example_dags/example_params_trigger_ui.py
[2023-11-02T10:40:55.689-0500] {processor.py:829} INFO - Processing file /Users/dimz/EconWizard/hermesvirtual/lib/python3.8/site-packages/airflow/example_dags/example_params_trigger_ui.py for tasks to queue
[2023-11-02T10:40:55.689-0500] {logging_mixin.py:151} INFO - [2023-11-02T10:40:55.689-0500] {dagbag.py:536} INFO - Filling up the DagBag from /Users/dimz/EconWizard/hermesvirtual/lib/python3.8/site-packages/airflow/example_dags/example_params_trigger_ui.py
[2023-11-02T10:40:55.754-0500] {processor.py:839} INFO - DAG(s) dict_keys(['example_params_trigger_ui']) retrieved from /Users/dimz/EconWizard/hermesvirtual/lib/python3.8/site-packages/airflow/example_dags/example_params_trigger_ui.py
[2023-11-02T10:40:55.848-0500] {logging_mixin.py:151} INFO - [2023-11-02T10:40:55.848-0500] {dag.py:2941} INFO - Sync 1 DAGs
[2023-11-02T10:40:55.854-0500] {logging_mixin.py:151} INFO - [2023-11-02T10:40:55.854-0500] {dag.py:3722} INFO - Setting next_dagrun for example_params_trigger_ui to None, run_after=None
[2023-11-02T10:40:55.864-0500] {processor.py:179} INFO - Processing /Users/dimz/EconWizard/hermesvirtual/lib/python3.8/site-packages/airflow/example_dags/example_params_trigger_ui.py took 0.181 seconds
[2023-11-02T10:42:58.215-0500] {processor.py:157} INFO - Started process (PID=389) to work on /Users/dimz/EconWizard/hermesvirtual/lib/python3.8/site-packages/airflow/example_dags/example_params_trigger_ui.py
[2023-11-02T10:42:58.220-0500] {processor.py:829} INFO - Processing file /Users/dimz/EconWizard/hermesvirtual/lib/python3.8/site-packages/airflow/example_dags/example_params_trigger_ui.py for tasks to queue
[2023-11-02T10:42:58.220-0500] {logging_mixin.py:151} INFO - [2023-11-02T10:42:58.220-0500] {dagbag.py:536} INFO - Filling up the DagBag from /Users/dimz/EconWizard/hermesvirtual/lib/python3.8/site-packages/airflow/example_dags/example_params_trigger_ui.py
[2023-11-02T10:42:58.295-0500] {processor.py:839} INFO - DAG(s) dict_keys(['example_params_trigger_ui']) retrieved from /Users/dimz/EconWizard/hermesvirtual/lib/python3.8/site-packages/airflow/example_dags/example_params_trigger_ui.py
[2023-11-02T10:42:58.403-0500] {logging_mixin.py:151} INFO - [2023-11-02T10:42:58.403-0500] {dag.py:2941} INFO - Sync 1 DAGs
[2023-11-02T10:42:58.410-0500] {logging_mixin.py:151} INFO - [2023-11-02T10:42:58.410-0500] {dag.py:3722} INFO - Setting next_dagrun for example_params_trigger_ui to None, run_after=None
[2023-11-02T10:42:58.424-0500] {processor.py:179} INFO - Processing /Users/dimz/EconWizard/hermesvirtual/lib/python3.8/site-packages/airflow/example_dags/example_params_trigger_ui.py took 0.209 seconds
