[2023-11-01T21:36:06.437-0500] {processor.py:157} INFO - Started process (PID=87737) to work on /Users/dimz/EconWizard/hermesvirtual/lib/python3.8/site-packages/airflow/example_dags/example_latest_only_with_trigger.py
[2023-11-01T21:36:06.441-0500] {processor.py:829} INFO - Processing file /Users/dimz/EconWizard/hermesvirtual/lib/python3.8/site-packages/airflow/example_dags/example_latest_only_with_trigger.py for tasks to queue
[2023-11-01T21:36:06.441-0500] {logging_mixin.py:151} INFO - [2023-11-01T21:36:06.441-0500] {dagbag.py:536} INFO - Filling up the DagBag from /Users/dimz/EconWizard/hermesvirtual/lib/python3.8/site-packages/airflow/example_dags/example_latest_only_with_trigger.py
[2023-11-01T21:36:06.458-0500] {processor.py:839} INFO - DAG(s) dict_keys(['latest_only_with_trigger']) retrieved from /Users/dimz/EconWizard/hermesvirtual/lib/python3.8/site-packages/airflow/example_dags/example_latest_only_with_trigger.py
[2023-11-01T21:36:06.796-0500] {logging_mixin.py:151} INFO - [2023-11-01T21:36:06.796-0500] {manager.py:499} INFO - Created Permission View: %s
[2023-11-01T21:36:06.801-0500] {logging_mixin.py:151} INFO - [2023-11-01T21:36:06.801-0500] {manager.py:499} INFO - Created Permission View: %s
[2023-11-01T21:36:06.804-0500] {logging_mixin.py:151} INFO - [2023-11-01T21:36:06.804-0500] {manager.py:499} INFO - Created Permission View: %s
[2023-11-01T21:36:06.805-0500] {logging_mixin.py:151} INFO - [2023-11-01T21:36:06.805-0500] {dag.py:2941} INFO - Sync 1 DAGs
[2023-11-01T21:36:06.810-0500] {logging_mixin.py:151} INFO - [2023-11-01T21:36:06.810-0500] {dag.py:2963} INFO - Creating ORM DAG for latest_only_with_trigger
[2023-11-01T21:36:06.814-0500] {logging_mixin.py:151} INFO - [2023-11-01T21:36:06.814-0500] {dag.py:3722} INFO - Setting next_dagrun for latest_only_with_trigger to 2023-11-01T22:36:06.814731+00:00, run_after=2023-11-02T02:36:06.814731+00:00
[2023-11-01T21:36:06.824-0500] {processor.py:179} INFO - Processing /Users/dimz/EconWizard/hermesvirtual/lib/python3.8/site-packages/airflow/example_dags/example_latest_only_with_trigger.py took 0.387 seconds
[2023-11-01T21:37:33.795-0500] {processor.py:157} INFO - Started process (PID=87896) to work on /Users/dimz/EconWizard/hermesvirtual/lib/python3.8/site-packages/airflow/example_dags/example_latest_only_with_trigger.py
[2023-11-01T21:37:33.800-0500] {processor.py:829} INFO - Processing file /Users/dimz/EconWizard/hermesvirtual/lib/python3.8/site-packages/airflow/example_dags/example_latest_only_with_trigger.py for tasks to queue
[2023-11-01T21:37:33.800-0500] {logging_mixin.py:151} INFO - [2023-11-01T21:37:33.800-0500] {dagbag.py:536} INFO - Filling up the DagBag from /Users/dimz/EconWizard/hermesvirtual/lib/python3.8/site-packages/airflow/example_dags/example_latest_only_with_trigger.py
[2023-11-01T21:37:33.816-0500] {processor.py:839} INFO - DAG(s) dict_keys(['latest_only_with_trigger']) retrieved from /Users/dimz/EconWizard/hermesvirtual/lib/python3.8/site-packages/airflow/example_dags/example_latest_only_with_trigger.py
[2023-11-01T21:37:33.920-0500] {logging_mixin.py:151} INFO - [2023-11-01T21:37:33.920-0500] {dag.py:2941} INFO - Sync 1 DAGs
[2023-11-01T21:37:33.929-0500] {logging_mixin.py:151} INFO - [2023-11-01T21:37:33.929-0500] {dag.py:3722} INFO - Setting next_dagrun for latest_only_with_trigger to 2023-11-01T22:37:33.929255+00:00, run_after=2023-11-02T02:37:33.929255+00:00
[2023-11-01T21:37:33.939-0500] {processor.py:179} INFO - Processing /Users/dimz/EconWizard/hermesvirtual/lib/python3.8/site-packages/airflow/example_dags/example_latest_only_with_trigger.py took 0.145 seconds
[2023-11-01T21:39:26.785-0500] {processor.py:157} INFO - Started process (PID=88088) to work on /Users/dimz/EconWizard/hermesvirtual/lib/python3.8/site-packages/airflow/example_dags/example_latest_only_with_trigger.py
[2023-11-01T21:39:26.790-0500] {processor.py:829} INFO - Processing file /Users/dimz/EconWizard/hermesvirtual/lib/python3.8/site-packages/airflow/example_dags/example_latest_only_with_trigger.py for tasks to queue
[2023-11-01T21:39:26.790-0500] {logging_mixin.py:151} INFO - [2023-11-01T21:39:26.790-0500] {dagbag.py:536} INFO - Filling up the DagBag from /Users/dimz/EconWizard/hermesvirtual/lib/python3.8/site-packages/airflow/example_dags/example_latest_only_with_trigger.py
[2023-11-01T21:39:26.806-0500] {processor.py:839} INFO - DAG(s) dict_keys(['latest_only_with_trigger']) retrieved from /Users/dimz/EconWizard/hermesvirtual/lib/python3.8/site-packages/airflow/example_dags/example_latest_only_with_trigger.py
[2023-11-01T21:39:26.910-0500] {logging_mixin.py:151} INFO - [2023-11-01T21:39:26.910-0500] {dag.py:2941} INFO - Sync 1 DAGs
[2023-11-01T21:39:26.919-0500] {logging_mixin.py:151} INFO - [2023-11-01T21:39:26.919-0500] {dag.py:3722} INFO - Setting next_dagrun for latest_only_with_trigger to 2023-11-01T22:39:26.919254+00:00, run_after=2023-11-02T02:39:26.919254+00:00
[2023-11-01T21:39:26.930-0500] {processor.py:179} INFO - Processing /Users/dimz/EconWizard/hermesvirtual/lib/python3.8/site-packages/airflow/example_dags/example_latest_only_with_trigger.py took 0.145 seconds
[2023-11-01T21:41:23.798-0500] {processor.py:157} INFO - Started process (PID=88387) to work on /Users/dimz/EconWizard/hermesvirtual/lib/python3.8/site-packages/airflow/example_dags/example_latest_only_with_trigger.py
[2023-11-01T21:41:23.803-0500] {processor.py:829} INFO - Processing file /Users/dimz/EconWizard/hermesvirtual/lib/python3.8/site-packages/airflow/example_dags/example_latest_only_with_trigger.py for tasks to queue
[2023-11-01T21:41:23.804-0500] {logging_mixin.py:151} INFO - [2023-11-01T21:41:23.804-0500] {dagbag.py:536} INFO - Filling up the DagBag from /Users/dimz/EconWizard/hermesvirtual/lib/python3.8/site-packages/airflow/example_dags/example_latest_only_with_trigger.py
[2023-11-01T21:41:23.821-0500] {processor.py:839} INFO - DAG(s) dict_keys(['latest_only_with_trigger']) retrieved from /Users/dimz/EconWizard/hermesvirtual/lib/python3.8/site-packages/airflow/example_dags/example_latest_only_with_trigger.py
[2023-11-01T21:41:23.944-0500] {logging_mixin.py:151} INFO - [2023-11-01T21:41:23.944-0500] {dag.py:2941} INFO - Sync 1 DAGs
[2023-11-01T21:41:23.955-0500] {logging_mixin.py:151} INFO - [2023-11-01T21:41:23.955-0500] {dag.py:3722} INFO - Setting next_dagrun for latest_only_with_trigger to 2023-11-01T22:41:23.955048+00:00, run_after=2023-11-02T02:41:23.955048+00:00
[2023-11-01T21:41:23.967-0500] {processor.py:179} INFO - Processing /Users/dimz/EconWizard/hermesvirtual/lib/python3.8/site-packages/airflow/example_dags/example_latest_only_with_trigger.py took 0.169 seconds
[2023-11-01T21:43:17.377-0500] {processor.py:157} INFO - Started process (PID=88623) to work on /Users/dimz/EconWizard/hermesvirtual/lib/python3.8/site-packages/airflow/example_dags/example_latest_only_with_trigger.py
[2023-11-01T21:43:17.382-0500] {processor.py:829} INFO - Processing file /Users/dimz/EconWizard/hermesvirtual/lib/python3.8/site-packages/airflow/example_dags/example_latest_only_with_trigger.py for tasks to queue
[2023-11-01T21:43:17.382-0500] {logging_mixin.py:151} INFO - [2023-11-01T21:43:17.382-0500] {dagbag.py:536} INFO - Filling up the DagBag from /Users/dimz/EconWizard/hermesvirtual/lib/python3.8/site-packages/airflow/example_dags/example_latest_only_with_trigger.py
[2023-11-01T21:43:17.398-0500] {processor.py:839} INFO - DAG(s) dict_keys(['latest_only_with_trigger']) retrieved from /Users/dimz/EconWizard/hermesvirtual/lib/python3.8/site-packages/airflow/example_dags/example_latest_only_with_trigger.py
[2023-11-01T21:43:17.501-0500] {logging_mixin.py:151} INFO - [2023-11-01T21:43:17.500-0500] {dag.py:2941} INFO - Sync 1 DAGs
[2023-11-01T21:43:17.509-0500] {logging_mixin.py:151} INFO - [2023-11-01T21:43:17.509-0500] {dag.py:3722} INFO - Setting next_dagrun for latest_only_with_trigger to 2023-11-01T22:43:17.509722+00:00, run_after=2023-11-02T02:43:17.509722+00:00
[2023-11-01T21:43:17.520-0500] {processor.py:179} INFO - Processing /Users/dimz/EconWizard/hermesvirtual/lib/python3.8/site-packages/airflow/example_dags/example_latest_only_with_trigger.py took 0.143 seconds
[2023-11-01T21:45:13.775-0500] {processor.py:157} INFO - Started process (PID=88776) to work on /Users/dimz/EconWizard/hermesvirtual/lib/python3.8/site-packages/airflow/example_dags/example_latest_only_with_trigger.py
[2023-11-01T21:45:13.779-0500] {processor.py:829} INFO - Processing file /Users/dimz/EconWizard/hermesvirtual/lib/python3.8/site-packages/airflow/example_dags/example_latest_only_with_trigger.py for tasks to queue
[2023-11-01T21:45:13.780-0500] {logging_mixin.py:151} INFO - [2023-11-01T21:45:13.779-0500] {dagbag.py:536} INFO - Filling up the DagBag from /Users/dimz/EconWizard/hermesvirtual/lib/python3.8/site-packages/airflow/example_dags/example_latest_only_with_trigger.py
[2023-11-01T21:45:13.797-0500] {processor.py:839} INFO - DAG(s) dict_keys(['latest_only_with_trigger']) retrieved from /Users/dimz/EconWizard/hermesvirtual/lib/python3.8/site-packages/airflow/example_dags/example_latest_only_with_trigger.py
[2023-11-01T21:45:13.912-0500] {logging_mixin.py:151} INFO - [2023-11-01T21:45:13.912-0500] {dag.py:2941} INFO - Sync 1 DAGs
[2023-11-01T21:45:13.922-0500] {logging_mixin.py:151} INFO - [2023-11-01T21:45:13.922-0500] {dag.py:3722} INFO - Setting next_dagrun for latest_only_with_trigger to 2023-11-01T22:45:13.922034+00:00, run_after=2023-11-02T02:45:13.922034+00:00
[2023-11-01T21:45:13.933-0500] {processor.py:179} INFO - Processing /Users/dimz/EconWizard/hermesvirtual/lib/python3.8/site-packages/airflow/example_dags/example_latest_only_with_trigger.py took 0.159 seconds
[2023-11-01T21:47:16.337-0500] {processor.py:157} INFO - Started process (PID=89049) to work on /Users/dimz/EconWizard/hermesvirtual/lib/python3.8/site-packages/airflow/example_dags/example_latest_only_with_trigger.py
[2023-11-01T21:47:16.341-0500] {processor.py:829} INFO - Processing file /Users/dimz/EconWizard/hermesvirtual/lib/python3.8/site-packages/airflow/example_dags/example_latest_only_with_trigger.py for tasks to queue
[2023-11-01T21:47:16.342-0500] {logging_mixin.py:151} INFO - [2023-11-01T21:47:16.342-0500] {dagbag.py:536} INFO - Filling up the DagBag from /Users/dimz/EconWizard/hermesvirtual/lib/python3.8/site-packages/airflow/example_dags/example_latest_only_with_trigger.py
[2023-11-01T21:47:16.357-0500] {processor.py:839} INFO - DAG(s) dict_keys(['latest_only_with_trigger']) retrieved from /Users/dimz/EconWizard/hermesvirtual/lib/python3.8/site-packages/airflow/example_dags/example_latest_only_with_trigger.py
[2023-11-01T21:47:16.461-0500] {logging_mixin.py:151} INFO - [2023-11-01T21:47:16.461-0500] {dag.py:2941} INFO - Sync 1 DAGs
[2023-11-01T21:47:16.470-0500] {logging_mixin.py:151} INFO - [2023-11-01T21:47:16.470-0500] {dag.py:3722} INFO - Setting next_dagrun for latest_only_with_trigger to 2023-11-01T22:47:16.470242+00:00, run_after=2023-11-02T02:47:16.470242+00:00
[2023-11-01T21:47:16.480-0500] {processor.py:179} INFO - Processing /Users/dimz/EconWizard/hermesvirtual/lib/python3.8/site-packages/airflow/example_dags/example_latest_only_with_trigger.py took 0.144 seconds
[2023-11-01T21:49:17.581-0500] {processor.py:157} INFO - Started process (PID=89196) to work on /Users/dimz/EconWizard/hermesvirtual/lib/python3.8/site-packages/airflow/example_dags/example_latest_only_with_trigger.py
[2023-11-01T21:49:17.585-0500] {processor.py:829} INFO - Processing file /Users/dimz/EconWizard/hermesvirtual/lib/python3.8/site-packages/airflow/example_dags/example_latest_only_with_trigger.py for tasks to queue
[2023-11-01T21:49:17.586-0500] {logging_mixin.py:151} INFO - [2023-11-01T21:49:17.586-0500] {dagbag.py:536} INFO - Filling up the DagBag from /Users/dimz/EconWizard/hermesvirtual/lib/python3.8/site-packages/airflow/example_dags/example_latest_only_with_trigger.py
[2023-11-01T21:49:17.602-0500] {processor.py:839} INFO - DAG(s) dict_keys(['latest_only_with_trigger']) retrieved from /Users/dimz/EconWizard/hermesvirtual/lib/python3.8/site-packages/airflow/example_dags/example_latest_only_with_trigger.py
[2023-11-01T21:49:17.705-0500] {logging_mixin.py:151} INFO - [2023-11-01T21:49:17.705-0500] {dag.py:2941} INFO - Sync 1 DAGs
[2023-11-01T21:49:17.714-0500] {logging_mixin.py:151} INFO - [2023-11-01T21:49:17.714-0500] {dag.py:3722} INFO - Setting next_dagrun for latest_only_with_trigger to 2023-11-01T22:49:17.714686+00:00, run_after=2023-11-02T02:49:17.714686+00:00
[2023-11-01T21:49:17.725-0500] {processor.py:179} INFO - Processing /Users/dimz/EconWizard/hermesvirtual/lib/python3.8/site-packages/airflow/example_dags/example_latest_only_with_trigger.py took 0.145 seconds
[2023-11-01T21:51:17.775-0500] {processor.py:157} INFO - Started process (PID=89375) to work on /Users/dimz/EconWizard/hermesvirtual/lib/python3.8/site-packages/airflow/example_dags/example_latest_only_with_trigger.py
[2023-11-01T21:51:17.780-0500] {processor.py:829} INFO - Processing file /Users/dimz/EconWizard/hermesvirtual/lib/python3.8/site-packages/airflow/example_dags/example_latest_only_with_trigger.py for tasks to queue
[2023-11-01T21:51:17.780-0500] {logging_mixin.py:151} INFO - [2023-11-01T21:51:17.780-0500] {dagbag.py:536} INFO - Filling up the DagBag from /Users/dimz/EconWizard/hermesvirtual/lib/python3.8/site-packages/airflow/example_dags/example_latest_only_with_trigger.py
[2023-11-01T21:51:17.798-0500] {processor.py:839} INFO - DAG(s) dict_keys(['latest_only_with_trigger']) retrieved from /Users/dimz/EconWizard/hermesvirtual/lib/python3.8/site-packages/airflow/example_dags/example_latest_only_with_trigger.py
[2023-11-01T21:51:17.904-0500] {logging_mixin.py:151} INFO - [2023-11-01T21:51:17.904-0500] {dag.py:2941} INFO - Sync 1 DAGs
[2023-11-01T21:51:17.913-0500] {logging_mixin.py:151} INFO - [2023-11-01T21:51:17.913-0500] {dag.py:3722} INFO - Setting next_dagrun for latest_only_with_trigger to 2023-11-01T22:51:17.913331+00:00, run_after=2023-11-02T02:51:17.913331+00:00
[2023-11-01T21:51:17.923-0500] {processor.py:179} INFO - Processing /Users/dimz/EconWizard/hermesvirtual/lib/python3.8/site-packages/airflow/example_dags/example_latest_only_with_trigger.py took 0.149 seconds
[2023-11-01T21:53:11.796-0500] {processor.py:157} INFO - Started process (PID=89537) to work on /Users/dimz/EconWizard/hermesvirtual/lib/python3.8/site-packages/airflow/example_dags/example_latest_only_with_trigger.py
[2023-11-01T21:53:11.801-0500] {processor.py:829} INFO - Processing file /Users/dimz/EconWizard/hermesvirtual/lib/python3.8/site-packages/airflow/example_dags/example_latest_only_with_trigger.py for tasks to queue
[2023-11-01T21:53:11.802-0500] {logging_mixin.py:151} INFO - [2023-11-01T21:53:11.801-0500] {dagbag.py:536} INFO - Filling up the DagBag from /Users/dimz/EconWizard/hermesvirtual/lib/python3.8/site-packages/airflow/example_dags/example_latest_only_with_trigger.py
[2023-11-01T21:53:11.819-0500] {processor.py:839} INFO - DAG(s) dict_keys(['latest_only_with_trigger']) retrieved from /Users/dimz/EconWizard/hermesvirtual/lib/python3.8/site-packages/airflow/example_dags/example_latest_only_with_trigger.py
[2023-11-01T21:53:11.930-0500] {logging_mixin.py:151} INFO - [2023-11-01T21:53:11.930-0500] {dag.py:2941} INFO - Sync 1 DAGs
[2023-11-01T21:53:11.940-0500] {logging_mixin.py:151} INFO - [2023-11-01T21:53:11.940-0500] {dag.py:3722} INFO - Setting next_dagrun for latest_only_with_trigger to 2023-11-01T22:53:11.940435+00:00, run_after=2023-11-02T02:53:11.940435+00:00
[2023-11-01T21:53:11.952-0500] {processor.py:179} INFO - Processing /Users/dimz/EconWizard/hermesvirtual/lib/python3.8/site-packages/airflow/example_dags/example_latest_only_with_trigger.py took 0.156 seconds
[2023-11-01T21:55:15.022-0500] {processor.py:157} INFO - Started process (PID=89713) to work on /Users/dimz/EconWizard/hermesvirtual/lib/python3.8/site-packages/airflow/example_dags/example_latest_only_with_trigger.py
[2023-11-01T21:55:15.028-0500] {processor.py:829} INFO - Processing file /Users/dimz/EconWizard/hermesvirtual/lib/python3.8/site-packages/airflow/example_dags/example_latest_only_with_trigger.py for tasks to queue
[2023-11-01T21:55:15.028-0500] {logging_mixin.py:151} INFO - [2023-11-01T21:55:15.028-0500] {dagbag.py:536} INFO - Filling up the DagBag from /Users/dimz/EconWizard/hermesvirtual/lib/python3.8/site-packages/airflow/example_dags/example_latest_only_with_trigger.py
[2023-11-01T21:55:15.046-0500] {processor.py:839} INFO - DAG(s) dict_keys(['latest_only_with_trigger']) retrieved from /Users/dimz/EconWizard/hermesvirtual/lib/python3.8/site-packages/airflow/example_dags/example_latest_only_with_trigger.py
[2023-11-01T21:55:15.159-0500] {logging_mixin.py:151} INFO - [2023-11-01T21:55:15.158-0500] {dag.py:2941} INFO - Sync 1 DAGs
[2023-11-01T21:55:15.168-0500] {logging_mixin.py:151} INFO - [2023-11-01T21:55:15.168-0500] {dag.py:3722} INFO - Setting next_dagrun for latest_only_with_trigger to 2023-11-01T22:55:15.168033+00:00, run_after=2023-11-02T02:55:15.168033+00:00
[2023-11-01T21:55:15.179-0500] {processor.py:179} INFO - Processing /Users/dimz/EconWizard/hermesvirtual/lib/python3.8/site-packages/airflow/example_dags/example_latest_only_with_trigger.py took 0.158 seconds
[2023-11-01T21:57:10.803-0500] {processor.py:157} INFO - Started process (PID=89904) to work on /Users/dimz/EconWizard/hermesvirtual/lib/python3.8/site-packages/airflow/example_dags/example_latest_only_with_trigger.py
[2023-11-01T21:57:10.808-0500] {processor.py:829} INFO - Processing file /Users/dimz/EconWizard/hermesvirtual/lib/python3.8/site-packages/airflow/example_dags/example_latest_only_with_trigger.py for tasks to queue
[2023-11-01T21:57:10.809-0500] {logging_mixin.py:151} INFO - [2023-11-01T21:57:10.809-0500] {dagbag.py:536} INFO - Filling up the DagBag from /Users/dimz/EconWizard/hermesvirtual/lib/python3.8/site-packages/airflow/example_dags/example_latest_only_with_trigger.py
[2023-11-01T21:57:10.827-0500] {processor.py:839} INFO - DAG(s) dict_keys(['latest_only_with_trigger']) retrieved from /Users/dimz/EconWizard/hermesvirtual/lib/python3.8/site-packages/airflow/example_dags/example_latest_only_with_trigger.py
[2023-11-01T21:57:10.945-0500] {logging_mixin.py:151} INFO - [2023-11-01T21:57:10.945-0500] {dag.py:2941} INFO - Sync 1 DAGs
[2023-11-01T21:57:10.956-0500] {logging_mixin.py:151} INFO - [2023-11-01T21:57:10.956-0500] {dag.py:3722} INFO - Setting next_dagrun for latest_only_with_trigger to 2023-11-01T22:57:10.956086+00:00, run_after=2023-11-02T02:57:10.956086+00:00
[2023-11-01T21:57:10.968-0500] {processor.py:179} INFO - Processing /Users/dimz/EconWizard/hermesvirtual/lib/python3.8/site-packages/airflow/example_dags/example_latest_only_with_trigger.py took 0.165 seconds
[2023-11-01T21:59:12.943-0500] {processor.py:157} INFO - Started process (PID=90065) to work on /Users/dimz/EconWizard/hermesvirtual/lib/python3.8/site-packages/airflow/example_dags/example_latest_only_with_trigger.py
[2023-11-01T21:59:12.948-0500] {processor.py:829} INFO - Processing file /Users/dimz/EconWizard/hermesvirtual/lib/python3.8/site-packages/airflow/example_dags/example_latest_only_with_trigger.py for tasks to queue
[2023-11-01T21:59:12.949-0500] {logging_mixin.py:151} INFO - [2023-11-01T21:59:12.949-0500] {dagbag.py:536} INFO - Filling up the DagBag from /Users/dimz/EconWizard/hermesvirtual/lib/python3.8/site-packages/airflow/example_dags/example_latest_only_with_trigger.py
[2023-11-01T21:59:12.968-0500] {processor.py:839} INFO - DAG(s) dict_keys(['latest_only_with_trigger']) retrieved from /Users/dimz/EconWizard/hermesvirtual/lib/python3.8/site-packages/airflow/example_dags/example_latest_only_with_trigger.py
[2023-11-01T21:59:13.073-0500] {logging_mixin.py:151} INFO - [2023-11-01T21:59:13.073-0500] {dag.py:2941} INFO - Sync 1 DAGs
[2023-11-01T21:59:13.082-0500] {logging_mixin.py:151} INFO - [2023-11-01T21:59:13.081-0500] {dag.py:3722} INFO - Setting next_dagrun for latest_only_with_trigger to 2023-11-01T22:59:13.081870+00:00, run_after=2023-11-02T02:59:13.081870+00:00
[2023-11-01T21:59:13.092-0500] {processor.py:179} INFO - Processing /Users/dimz/EconWizard/hermesvirtual/lib/python3.8/site-packages/airflow/example_dags/example_latest_only_with_trigger.py took 0.149 seconds
[2023-11-01T22:01:11.977-0500] {processor.py:157} INFO - Started process (PID=90233) to work on /Users/dimz/EconWizard/hermesvirtual/lib/python3.8/site-packages/airflow/example_dags/example_latest_only_with_trigger.py
[2023-11-01T22:01:11.982-0500] {processor.py:829} INFO - Processing file /Users/dimz/EconWizard/hermesvirtual/lib/python3.8/site-packages/airflow/example_dags/example_latest_only_with_trigger.py for tasks to queue
[2023-11-01T22:01:11.982-0500] {logging_mixin.py:151} INFO - [2023-11-01T22:01:11.982-0500] {dagbag.py:536} INFO - Filling up the DagBag from /Users/dimz/EconWizard/hermesvirtual/lib/python3.8/site-packages/airflow/example_dags/example_latest_only_with_trigger.py
[2023-11-01T22:01:11.999-0500] {processor.py:839} INFO - DAG(s) dict_keys(['latest_only_with_trigger']) retrieved from /Users/dimz/EconWizard/hermesvirtual/lib/python3.8/site-packages/airflow/example_dags/example_latest_only_with_trigger.py
[2023-11-01T22:01:12.103-0500] {logging_mixin.py:151} INFO - [2023-11-01T22:01:12.103-0500] {dag.py:2941} INFO - Sync 1 DAGs
[2023-11-01T22:01:12.112-0500] {logging_mixin.py:151} INFO - [2023-11-01T22:01:12.112-0500] {dag.py:3722} INFO - Setting next_dagrun for latest_only_with_trigger to 2023-11-01T23:01:12.111971+00:00, run_after=2023-11-02T03:01:12.111971+00:00
[2023-11-01T22:01:12.122-0500] {processor.py:179} INFO - Processing /Users/dimz/EconWizard/hermesvirtual/lib/python3.8/site-packages/airflow/example_dags/example_latest_only_with_trigger.py took 0.145 seconds
[2023-11-01T22:03:14.875-0500] {processor.py:157} INFO - Started process (PID=90394) to work on /Users/dimz/EconWizard/hermesvirtual/lib/python3.8/site-packages/airflow/example_dags/example_latest_only_with_trigger.py
[2023-11-01T22:03:14.880-0500] {processor.py:829} INFO - Processing file /Users/dimz/EconWizard/hermesvirtual/lib/python3.8/site-packages/airflow/example_dags/example_latest_only_with_trigger.py for tasks to queue
[2023-11-01T22:03:14.881-0500] {logging_mixin.py:151} INFO - [2023-11-01T22:03:14.880-0500] {dagbag.py:536} INFO - Filling up the DagBag from /Users/dimz/EconWizard/hermesvirtual/lib/python3.8/site-packages/airflow/example_dags/example_latest_only_with_trigger.py
[2023-11-01T22:03:14.897-0500] {processor.py:839} INFO - DAG(s) dict_keys(['latest_only_with_trigger']) retrieved from /Users/dimz/EconWizard/hermesvirtual/lib/python3.8/site-packages/airflow/example_dags/example_latest_only_with_trigger.py
[2023-11-01T22:03:15.000-0500] {logging_mixin.py:151} INFO - [2023-11-01T22:03:15.000-0500] {dag.py:2941} INFO - Sync 1 DAGs
[2023-11-01T22:03:15.009-0500] {logging_mixin.py:151} INFO - [2023-11-01T22:03:15.009-0500] {dag.py:3722} INFO - Setting next_dagrun for latest_only_with_trigger to 2023-11-01T23:03:15.009544+00:00, run_after=2023-11-02T03:03:15.009544+00:00
[2023-11-01T22:03:15.020-0500] {processor.py:179} INFO - Processing /Users/dimz/EconWizard/hermesvirtual/lib/python3.8/site-packages/airflow/example_dags/example_latest_only_with_trigger.py took 0.145 seconds
[2023-11-01T22:05:08.135-0500] {processor.py:157} INFO - Started process (PID=90607) to work on /Users/dimz/EconWizard/hermesvirtual/lib/python3.8/site-packages/airflow/example_dags/example_latest_only_with_trigger.py
[2023-11-01T22:05:08.139-0500] {processor.py:829} INFO - Processing file /Users/dimz/EconWizard/hermesvirtual/lib/python3.8/site-packages/airflow/example_dags/example_latest_only_with_trigger.py for tasks to queue
[2023-11-01T22:05:08.140-0500] {logging_mixin.py:151} INFO - [2023-11-01T22:05:08.140-0500] {dagbag.py:536} INFO - Filling up the DagBag from /Users/dimz/EconWizard/hermesvirtual/lib/python3.8/site-packages/airflow/example_dags/example_latest_only_with_trigger.py
[2023-11-01T22:05:08.156-0500] {processor.py:839} INFO - DAG(s) dict_keys(['latest_only_with_trigger']) retrieved from /Users/dimz/EconWizard/hermesvirtual/lib/python3.8/site-packages/airflow/example_dags/example_latest_only_with_trigger.py
[2023-11-01T22:05:08.268-0500] {logging_mixin.py:151} INFO - [2023-11-01T22:05:08.268-0500] {dag.py:2941} INFO - Sync 1 DAGs
[2023-11-01T22:05:08.277-0500] {logging_mixin.py:151} INFO - [2023-11-01T22:05:08.277-0500] {dag.py:3722} INFO - Setting next_dagrun for latest_only_with_trigger to 2023-11-01T23:05:08.277706+00:00, run_after=2023-11-02T03:05:08.277706+00:00
[2023-11-01T22:05:08.289-0500] {processor.py:179} INFO - Processing /Users/dimz/EconWizard/hermesvirtual/lib/python3.8/site-packages/airflow/example_dags/example_latest_only_with_trigger.py took 0.154 seconds
[2023-11-01T22:07:10.398-0500] {processor.py:157} INFO - Started process (PID=90808) to work on /Users/dimz/EconWizard/hermesvirtual/lib/python3.8/site-packages/airflow/example_dags/example_latest_only_with_trigger.py
[2023-11-01T22:07:10.402-0500] {processor.py:829} INFO - Processing file /Users/dimz/EconWizard/hermesvirtual/lib/python3.8/site-packages/airflow/example_dags/example_latest_only_with_trigger.py for tasks to queue
[2023-11-01T22:07:10.402-0500] {logging_mixin.py:151} INFO - [2023-11-01T22:07:10.402-0500] {dagbag.py:536} INFO - Filling up the DagBag from /Users/dimz/EconWizard/hermesvirtual/lib/python3.8/site-packages/airflow/example_dags/example_latest_only_with_trigger.py
[2023-11-01T22:07:10.419-0500] {processor.py:839} INFO - DAG(s) dict_keys(['latest_only_with_trigger']) retrieved from /Users/dimz/EconWizard/hermesvirtual/lib/python3.8/site-packages/airflow/example_dags/example_latest_only_with_trigger.py
[2023-11-01T22:07:10.532-0500] {logging_mixin.py:151} INFO - [2023-11-01T22:07:10.531-0500] {dag.py:2941} INFO - Sync 1 DAGs
[2023-11-01T22:07:10.541-0500] {logging_mixin.py:151} INFO - [2023-11-01T22:07:10.541-0500] {dag.py:3722} INFO - Setting next_dagrun for latest_only_with_trigger to 2023-11-01T23:07:10.541056+00:00, run_after=2023-11-02T03:07:10.541056+00:00
[2023-11-01T22:07:10.551-0500] {processor.py:179} INFO - Processing /Users/dimz/EconWizard/hermesvirtual/lib/python3.8/site-packages/airflow/example_dags/example_latest_only_with_trigger.py took 0.154 seconds
[2023-11-01T22:09:14.184-0500] {processor.py:157} INFO - Started process (PID=91042) to work on /Users/dimz/EconWizard/hermesvirtual/lib/python3.8/site-packages/airflow/example_dags/example_latest_only_with_trigger.py
[2023-11-01T22:09:14.189-0500] {processor.py:829} INFO - Processing file /Users/dimz/EconWizard/hermesvirtual/lib/python3.8/site-packages/airflow/example_dags/example_latest_only_with_trigger.py for tasks to queue
[2023-11-01T22:09:14.189-0500] {logging_mixin.py:151} INFO - [2023-11-01T22:09:14.189-0500] {dagbag.py:536} INFO - Filling up the DagBag from /Users/dimz/EconWizard/hermesvirtual/lib/python3.8/site-packages/airflow/example_dags/example_latest_only_with_trigger.py
[2023-11-01T22:09:14.205-0500] {processor.py:839} INFO - DAG(s) dict_keys(['latest_only_with_trigger']) retrieved from /Users/dimz/EconWizard/hermesvirtual/lib/python3.8/site-packages/airflow/example_dags/example_latest_only_with_trigger.py
[2023-11-01T22:09:14.310-0500] {logging_mixin.py:151} INFO - [2023-11-01T22:09:14.309-0500] {dag.py:2941} INFO - Sync 1 DAGs
[2023-11-01T22:09:14.319-0500] {logging_mixin.py:151} INFO - [2023-11-01T22:09:14.319-0500] {dag.py:3722} INFO - Setting next_dagrun for latest_only_with_trigger to 2023-11-01T23:09:14.318962+00:00, run_after=2023-11-02T03:09:14.318962+00:00
[2023-11-01T22:09:14.329-0500] {processor.py:179} INFO - Processing /Users/dimz/EconWizard/hermesvirtual/lib/python3.8/site-packages/airflow/example_dags/example_latest_only_with_trigger.py took 0.145 seconds
[2023-11-01T22:13:35.576-0500] {processor.py:157} INFO - Started process (PID=91468) to work on /Users/dimz/EconWizard/hermesvirtual/lib/python3.8/site-packages/airflow/example_dags/example_latest_only_with_trigger.py
[2023-11-01T22:13:35.581-0500] {processor.py:829} INFO - Processing file /Users/dimz/EconWizard/hermesvirtual/lib/python3.8/site-packages/airflow/example_dags/example_latest_only_with_trigger.py for tasks to queue
[2023-11-01T22:13:35.582-0500] {logging_mixin.py:151} INFO - [2023-11-01T22:13:35.582-0500] {dagbag.py:536} INFO - Filling up the DagBag from /Users/dimz/EconWizard/hermesvirtual/lib/python3.8/site-packages/airflow/example_dags/example_latest_only_with_trigger.py
[2023-11-01T22:13:35.600-0500] {processor.py:839} INFO - DAG(s) dict_keys(['latest_only_with_trigger']) retrieved from /Users/dimz/EconWizard/hermesvirtual/lib/python3.8/site-packages/airflow/example_dags/example_latest_only_with_trigger.py
[2023-11-01T22:13:35.953-0500] {logging_mixin.py:151} INFO - [2023-11-01T22:13:35.953-0500] {dag.py:2941} INFO - Sync 1 DAGs
[2023-11-01T22:13:35.962-0500] {logging_mixin.py:151} INFO - [2023-11-01T22:13:35.962-0500] {dag.py:3722} INFO - Setting next_dagrun for latest_only_with_trigger to 2023-11-01T23:13:35.962143+00:00, run_after=2023-11-02T03:13:35.962143+00:00
[2023-11-01T22:13:35.973-0500] {processor.py:179} INFO - Processing /Users/dimz/EconWizard/hermesvirtual/lib/python3.8/site-packages/airflow/example_dags/example_latest_only_with_trigger.py took 0.398 seconds
[2023-11-01T22:15:38.307-0500] {processor.py:157} INFO - Started process (PID=91656) to work on /Users/dimz/EconWizard/hermesvirtual/lib/python3.8/site-packages/airflow/example_dags/example_latest_only_with_trigger.py
[2023-11-01T22:15:38.312-0500] {processor.py:829} INFO - Processing file /Users/dimz/EconWizard/hermesvirtual/lib/python3.8/site-packages/airflow/example_dags/example_latest_only_with_trigger.py for tasks to queue
[2023-11-01T22:15:38.312-0500] {logging_mixin.py:151} INFO - [2023-11-01T22:15:38.312-0500] {dagbag.py:536} INFO - Filling up the DagBag from /Users/dimz/EconWizard/hermesvirtual/lib/python3.8/site-packages/airflow/example_dags/example_latest_only_with_trigger.py
[2023-11-01T22:15:38.330-0500] {processor.py:839} INFO - DAG(s) dict_keys(['latest_only_with_trigger']) retrieved from /Users/dimz/EconWizard/hermesvirtual/lib/python3.8/site-packages/airflow/example_dags/example_latest_only_with_trigger.py
[2023-11-01T22:15:38.438-0500] {logging_mixin.py:151} INFO - [2023-11-01T22:15:38.438-0500] {dag.py:2941} INFO - Sync 1 DAGs
[2023-11-01T22:15:38.447-0500] {logging_mixin.py:151} INFO - [2023-11-01T22:15:38.447-0500] {dag.py:3722} INFO - Setting next_dagrun for latest_only_with_trigger to 2023-11-01T23:15:38.447595+00:00, run_after=2023-11-02T03:15:38.447595+00:00
[2023-11-01T22:15:38.459-0500] {processor.py:179} INFO - Processing /Users/dimz/EconWizard/hermesvirtual/lib/python3.8/site-packages/airflow/example_dags/example_latest_only_with_trigger.py took 0.152 seconds
[2023-11-01T22:17:37.253-0500] {processor.py:157} INFO - Started process (PID=91940) to work on /Users/dimz/EconWizard/hermesvirtual/lib/python3.8/site-packages/airflow/example_dags/example_latest_only_with_trigger.py
[2023-11-01T22:17:37.257-0500] {processor.py:829} INFO - Processing file /Users/dimz/EconWizard/hermesvirtual/lib/python3.8/site-packages/airflow/example_dags/example_latest_only_with_trigger.py for tasks to queue
[2023-11-01T22:17:37.258-0500] {logging_mixin.py:151} INFO - [2023-11-01T22:17:37.258-0500] {dagbag.py:536} INFO - Filling up the DagBag from /Users/dimz/EconWizard/hermesvirtual/lib/python3.8/site-packages/airflow/example_dags/example_latest_only_with_trigger.py
[2023-11-01T22:17:37.274-0500] {processor.py:839} INFO - DAG(s) dict_keys(['latest_only_with_trigger']) retrieved from /Users/dimz/EconWizard/hermesvirtual/lib/python3.8/site-packages/airflow/example_dags/example_latest_only_with_trigger.py
[2023-11-01T22:17:37.380-0500] {logging_mixin.py:151} INFO - [2023-11-01T22:17:37.380-0500] {dag.py:2941} INFO - Sync 1 DAGs
[2023-11-01T22:17:37.389-0500] {logging_mixin.py:151} INFO - [2023-11-01T22:17:37.389-0500] {dag.py:3722} INFO - Setting next_dagrun for latest_only_with_trigger to 2023-11-01T23:17:37.389610+00:00, run_after=2023-11-02T03:17:37.389610+00:00
[2023-11-01T22:17:37.400-0500] {processor.py:179} INFO - Processing /Users/dimz/EconWizard/hermesvirtual/lib/python3.8/site-packages/airflow/example_dags/example_latest_only_with_trigger.py took 0.148 seconds
[2023-11-01T22:19:32.364-0500] {processor.py:157} INFO - Started process (PID=92212) to work on /Users/dimz/EconWizard/hermesvirtual/lib/python3.8/site-packages/airflow/example_dags/example_latest_only_with_trigger.py
[2023-11-01T22:19:32.369-0500] {processor.py:829} INFO - Processing file /Users/dimz/EconWizard/hermesvirtual/lib/python3.8/site-packages/airflow/example_dags/example_latest_only_with_trigger.py for tasks to queue
[2023-11-01T22:19:32.369-0500] {logging_mixin.py:151} INFO - [2023-11-01T22:19:32.369-0500] {dagbag.py:536} INFO - Filling up the DagBag from /Users/dimz/EconWizard/hermesvirtual/lib/python3.8/site-packages/airflow/example_dags/example_latest_only_with_trigger.py
[2023-11-01T22:19:32.386-0500] {processor.py:839} INFO - DAG(s) dict_keys(['latest_only_with_trigger']) retrieved from /Users/dimz/EconWizard/hermesvirtual/lib/python3.8/site-packages/airflow/example_dags/example_latest_only_with_trigger.py
[2023-11-01T22:19:32.489-0500] {logging_mixin.py:151} INFO - [2023-11-01T22:19:32.489-0500] {dag.py:2941} INFO - Sync 1 DAGs
[2023-11-01T22:19:32.498-0500] {logging_mixin.py:151} INFO - [2023-11-01T22:19:32.498-0500] {dag.py:3722} INFO - Setting next_dagrun for latest_only_with_trigger to 2023-11-01T23:19:32.498490+00:00, run_after=2023-11-02T03:19:32.498490+00:00
[2023-11-01T22:19:32.509-0500] {processor.py:179} INFO - Processing /Users/dimz/EconWizard/hermesvirtual/lib/python3.8/site-packages/airflow/example_dags/example_latest_only_with_trigger.py took 0.146 seconds
[2023-11-01T22:21:21.839-0500] {processor.py:157} INFO - Started process (PID=92478) to work on /Users/dimz/EconWizard/hermesvirtual/lib/python3.8/site-packages/airflow/example_dags/example_latest_only_with_trigger.py
[2023-11-01T22:21:21.843-0500] {processor.py:829} INFO - Processing file /Users/dimz/EconWizard/hermesvirtual/lib/python3.8/site-packages/airflow/example_dags/example_latest_only_with_trigger.py for tasks to queue
[2023-11-01T22:21:21.844-0500] {logging_mixin.py:151} INFO - [2023-11-01T22:21:21.844-0500] {dagbag.py:536} INFO - Filling up the DagBag from /Users/dimz/EconWizard/hermesvirtual/lib/python3.8/site-packages/airflow/example_dags/example_latest_only_with_trigger.py
[2023-11-01T22:21:21.860-0500] {processor.py:839} INFO - DAG(s) dict_keys(['latest_only_with_trigger']) retrieved from /Users/dimz/EconWizard/hermesvirtual/lib/python3.8/site-packages/airflow/example_dags/example_latest_only_with_trigger.py
[2023-11-01T22:21:21.978-0500] {logging_mixin.py:151} INFO - [2023-11-01T22:21:21.978-0500] {dag.py:2941} INFO - Sync 1 DAGs
[2023-11-01T22:21:21.988-0500] {logging_mixin.py:151} INFO - [2023-11-01T22:21:21.988-0500] {dag.py:3722} INFO - Setting next_dagrun for latest_only_with_trigger to 2023-11-01T23:21:21.988441+00:00, run_after=2023-11-02T03:21:21.988441+00:00
[2023-11-01T22:21:22.000-0500] {processor.py:179} INFO - Processing /Users/dimz/EconWizard/hermesvirtual/lib/python3.8/site-packages/airflow/example_dags/example_latest_only_with_trigger.py took 0.162 seconds
[2023-11-01T22:23:22.101-0500] {processor.py:157} INFO - Started process (PID=92820) to work on /Users/dimz/EconWizard/hermesvirtual/lib/python3.8/site-packages/airflow/example_dags/example_latest_only_with_trigger.py
[2023-11-01T22:23:22.106-0500] {processor.py:829} INFO - Processing file /Users/dimz/EconWizard/hermesvirtual/lib/python3.8/site-packages/airflow/example_dags/example_latest_only_with_trigger.py for tasks to queue
[2023-11-01T22:23:22.106-0500] {logging_mixin.py:151} INFO - [2023-11-01T22:23:22.106-0500] {dagbag.py:536} INFO - Filling up the DagBag from /Users/dimz/EconWizard/hermesvirtual/lib/python3.8/site-packages/airflow/example_dags/example_latest_only_with_trigger.py
[2023-11-01T22:23:22.122-0500] {processor.py:839} INFO - DAG(s) dict_keys(['latest_only_with_trigger']) retrieved from /Users/dimz/EconWizard/hermesvirtual/lib/python3.8/site-packages/airflow/example_dags/example_latest_only_with_trigger.py
[2023-11-01T22:23:22.225-0500] {logging_mixin.py:151} INFO - [2023-11-01T22:23:22.225-0500] {dag.py:2941} INFO - Sync 1 DAGs
[2023-11-01T22:23:22.234-0500] {logging_mixin.py:151} INFO - [2023-11-01T22:23:22.234-0500] {dag.py:3722} INFO - Setting next_dagrun for latest_only_with_trigger to 2023-11-01T23:23:22.234315+00:00, run_after=2023-11-02T03:23:22.234315+00:00
[2023-11-01T22:23:22.244-0500] {processor.py:179} INFO - Processing /Users/dimz/EconWizard/hermesvirtual/lib/python3.8/site-packages/airflow/example_dags/example_latest_only_with_trigger.py took 0.144 seconds
[2023-11-02T04:18:37.596-0500] {processor.py:157} INFO - Started process (PID=93176) to work on /Users/dimz/EconWizard/hermesvirtual/lib/python3.8/site-packages/airflow/example_dags/example_latest_only_with_trigger.py
[2023-11-02T04:18:37.601-0500] {processor.py:829} INFO - Processing file /Users/dimz/EconWizard/hermesvirtual/lib/python3.8/site-packages/airflow/example_dags/example_latest_only_with_trigger.py for tasks to queue
[2023-11-02T04:18:37.601-0500] {logging_mixin.py:151} INFO - [2023-11-02T04:18:37.601-0500] {dagbag.py:536} INFO - Filling up the DagBag from /Users/dimz/EconWizard/hermesvirtual/lib/python3.8/site-packages/airflow/example_dags/example_latest_only_with_trigger.py
[2023-11-02T04:18:37.619-0500] {processor.py:839} INFO - DAG(s) dict_keys(['latest_only_with_trigger']) retrieved from /Users/dimz/EconWizard/hermesvirtual/lib/python3.8/site-packages/airflow/example_dags/example_latest_only_with_trigger.py
[2023-11-02T04:18:37.734-0500] {logging_mixin.py:151} INFO - [2023-11-02T04:18:37.734-0500] {dag.py:2941} INFO - Sync 1 DAGs
[2023-11-02T04:18:37.744-0500] {logging_mixin.py:151} INFO - [2023-11-02T04:18:37.744-0500] {dag.py:3722} INFO - Setting next_dagrun for latest_only_with_trigger to 2023-11-02T05:18:37.744703+00:00, run_after=2023-11-02T09:18:37.744703+00:00
[2023-11-02T04:18:37.757-0500] {processor.py:179} INFO - Processing /Users/dimz/EconWizard/hermesvirtual/lib/python3.8/site-packages/airflow/example_dags/example_latest_only_with_trigger.py took 0.162 seconds
[2023-11-02T06:53:58.527-0500] {processor.py:157} INFO - Started process (PID=93303) to work on /Users/dimz/EconWizard/hermesvirtual/lib/python3.8/site-packages/airflow/example_dags/example_latest_only_with_trigger.py
[2023-11-02T06:53:58.532-0500] {processor.py:829} INFO - Processing file /Users/dimz/EconWizard/hermesvirtual/lib/python3.8/site-packages/airflow/example_dags/example_latest_only_with_trigger.py for tasks to queue
[2023-11-02T06:53:58.532-0500] {logging_mixin.py:151} INFO - [2023-11-02T06:53:58.532-0500] {dagbag.py:536} INFO - Filling up the DagBag from /Users/dimz/EconWizard/hermesvirtual/lib/python3.8/site-packages/airflow/example_dags/example_latest_only_with_trigger.py
[2023-11-02T06:53:58.550-0500] {processor.py:839} INFO - DAG(s) dict_keys(['latest_only_with_trigger']) retrieved from /Users/dimz/EconWizard/hermesvirtual/lib/python3.8/site-packages/airflow/example_dags/example_latest_only_with_trigger.py
[2023-11-02T06:53:58.662-0500] {logging_mixin.py:151} INFO - [2023-11-02T06:53:58.662-0500] {dag.py:2941} INFO - Sync 1 DAGs
[2023-11-02T06:53:58.672-0500] {logging_mixin.py:151} INFO - [2023-11-02T06:53:58.672-0500] {dag.py:3722} INFO - Setting next_dagrun for latest_only_with_trigger to 2023-11-02T07:53:58.672123+00:00, run_after=2023-11-02T11:53:58.672123+00:00
[2023-11-02T06:53:58.683-0500] {processor.py:179} INFO - Processing /Users/dimz/EconWizard/hermesvirtual/lib/python3.8/site-packages/airflow/example_dags/example_latest_only_with_trigger.py took 0.157 seconds
[2023-11-02T08:29:12.771-0500] {processor.py:157} INFO - Started process (PID=93415) to work on /Users/dimz/EconWizard/hermesvirtual/lib/python3.8/site-packages/airflow/example_dags/example_latest_only_with_trigger.py
[2023-11-02T08:29:12.775-0500] {processor.py:829} INFO - Processing file /Users/dimz/EconWizard/hermesvirtual/lib/python3.8/site-packages/airflow/example_dags/example_latest_only_with_trigger.py for tasks to queue
[2023-11-02T08:29:12.776-0500] {logging_mixin.py:151} INFO - [2023-11-02T08:29:12.776-0500] {dagbag.py:536} INFO - Filling up the DagBag from /Users/dimz/EconWizard/hermesvirtual/lib/python3.8/site-packages/airflow/example_dags/example_latest_only_with_trigger.py
[2023-11-02T08:29:12.802-0500] {processor.py:839} INFO - DAG(s) dict_keys(['latest_only_with_trigger']) retrieved from /Users/dimz/EconWizard/hermesvirtual/lib/python3.8/site-packages/airflow/example_dags/example_latest_only_with_trigger.py
[2023-11-02T08:29:12.916-0500] {logging_mixin.py:151} INFO - [2023-11-02T08:29:12.916-0500] {dag.py:2941} INFO - Sync 1 DAGs
[2023-11-02T08:29:12.926-0500] {logging_mixin.py:151} INFO - [2023-11-02T08:29:12.925-0500] {dag.py:3722} INFO - Setting next_dagrun for latest_only_with_trigger to 2023-11-02T09:29:12.925858+00:00, run_after=2023-11-02T13:29:12.925858+00:00
[2023-11-02T08:29:12.937-0500] {processor.py:179} INFO - Processing /Users/dimz/EconWizard/hermesvirtual/lib/python3.8/site-packages/airflow/example_dags/example_latest_only_with_trigger.py took 0.166 seconds
[2023-11-02T09:03:21.001-0500] {processor.py:157} INFO - Started process (PID=93623) to work on /Users/dimz/EconWizard/hermesvirtual/lib/python3.8/site-packages/airflow/example_dags/example_latest_only_with_trigger.py
[2023-11-02T09:03:21.006-0500] {processor.py:829} INFO - Processing file /Users/dimz/EconWizard/hermesvirtual/lib/python3.8/site-packages/airflow/example_dags/example_latest_only_with_trigger.py for tasks to queue
[2023-11-02T09:03:21.006-0500] {logging_mixin.py:151} INFO - [2023-11-02T09:03:21.006-0500] {dagbag.py:536} INFO - Filling up the DagBag from /Users/dimz/EconWizard/hermesvirtual/lib/python3.8/site-packages/airflow/example_dags/example_latest_only_with_trigger.py
[2023-11-02T09:03:21.023-0500] {processor.py:839} INFO - DAG(s) dict_keys(['latest_only_with_trigger']) retrieved from /Users/dimz/EconWizard/hermesvirtual/lib/python3.8/site-packages/airflow/example_dags/example_latest_only_with_trigger.py
[2023-11-02T09:03:21.130-0500] {logging_mixin.py:151} INFO - [2023-11-02T09:03:21.130-0500] {dag.py:2941} INFO - Sync 1 DAGs
[2023-11-02T09:03:21.139-0500] {logging_mixin.py:151} INFO - [2023-11-02T09:03:21.139-0500] {dag.py:3722} INFO - Setting next_dagrun for latest_only_with_trigger to 2023-11-02T10:03:21.139439+00:00, run_after=2023-11-02T14:03:21.139439+00:00
[2023-11-02T09:03:21.150-0500] {processor.py:179} INFO - Processing /Users/dimz/EconWizard/hermesvirtual/lib/python3.8/site-packages/airflow/example_dags/example_latest_only_with_trigger.py took 0.149 seconds
[2023-11-02T09:05:18.723-0500] {processor.py:157} INFO - Started process (PID=93795) to work on /Users/dimz/EconWizard/hermesvirtual/lib/python3.8/site-packages/airflow/example_dags/example_latest_only_with_trigger.py
[2023-11-02T09:05:18.727-0500] {processor.py:829} INFO - Processing file /Users/dimz/EconWizard/hermesvirtual/lib/python3.8/site-packages/airflow/example_dags/example_latest_only_with_trigger.py for tasks to queue
[2023-11-02T09:05:18.728-0500] {logging_mixin.py:151} INFO - [2023-11-02T09:05:18.728-0500] {dagbag.py:536} INFO - Filling up the DagBag from /Users/dimz/EconWizard/hermesvirtual/lib/python3.8/site-packages/airflow/example_dags/example_latest_only_with_trigger.py
[2023-11-02T09:05:18.744-0500] {processor.py:839} INFO - DAG(s) dict_keys(['latest_only_with_trigger']) retrieved from /Users/dimz/EconWizard/hermesvirtual/lib/python3.8/site-packages/airflow/example_dags/example_latest_only_with_trigger.py
[2023-11-02T09:05:18.851-0500] {logging_mixin.py:151} INFO - [2023-11-02T09:05:18.851-0500] {dag.py:2941} INFO - Sync 1 DAGs
[2023-11-02T09:05:18.860-0500] {logging_mixin.py:151} INFO - [2023-11-02T09:05:18.860-0500] {dag.py:3722} INFO - Setting next_dagrun for latest_only_with_trigger to 2023-11-02T10:05:18.860117+00:00, run_after=2023-11-02T14:05:18.860117+00:00
[2023-11-02T09:05:18.870-0500] {processor.py:179} INFO - Processing /Users/dimz/EconWizard/hermesvirtual/lib/python3.8/site-packages/airflow/example_dags/example_latest_only_with_trigger.py took 0.147 seconds
[2023-11-02T09:07:21.178-0500] {processor.py:157} INFO - Started process (PID=93925) to work on /Users/dimz/EconWizard/hermesvirtual/lib/python3.8/site-packages/airflow/example_dags/example_latest_only_with_trigger.py
[2023-11-02T09:07:21.183-0500] {processor.py:829} INFO - Processing file /Users/dimz/EconWizard/hermesvirtual/lib/python3.8/site-packages/airflow/example_dags/example_latest_only_with_trigger.py for tasks to queue
[2023-11-02T09:07:21.184-0500] {logging_mixin.py:151} INFO - [2023-11-02T09:07:21.184-0500] {dagbag.py:536} INFO - Filling up the DagBag from /Users/dimz/EconWizard/hermesvirtual/lib/python3.8/site-packages/airflow/example_dags/example_latest_only_with_trigger.py
[2023-11-02T09:07:21.200-0500] {processor.py:839} INFO - DAG(s) dict_keys(['latest_only_with_trigger']) retrieved from /Users/dimz/EconWizard/hermesvirtual/lib/python3.8/site-packages/airflow/example_dags/example_latest_only_with_trigger.py
[2023-11-02T09:07:21.304-0500] {logging_mixin.py:151} INFO - [2023-11-02T09:07:21.303-0500] {dag.py:2941} INFO - Sync 1 DAGs
[2023-11-02T09:07:21.312-0500] {logging_mixin.py:151} INFO - [2023-11-02T09:07:21.312-0500] {dag.py:3722} INFO - Setting next_dagrun for latest_only_with_trigger to 2023-11-02T10:07:21.312763+00:00, run_after=2023-11-02T14:07:21.312763+00:00
[2023-11-02T09:07:21.323-0500] {processor.py:179} INFO - Processing /Users/dimz/EconWizard/hermesvirtual/lib/python3.8/site-packages/airflow/example_dags/example_latest_only_with_trigger.py took 0.145 seconds
[2023-11-02T09:09:28.020-0500] {processor.py:157} INFO - Started process (PID=94216) to work on /Users/dimz/EconWizard/hermesvirtual/lib/python3.8/site-packages/airflow/example_dags/example_latest_only_with_trigger.py
[2023-11-02T09:09:28.025-0500] {processor.py:829} INFO - Processing file /Users/dimz/EconWizard/hermesvirtual/lib/python3.8/site-packages/airflow/example_dags/example_latest_only_with_trigger.py for tasks to queue
[2023-11-02T09:09:28.026-0500] {logging_mixin.py:151} INFO - [2023-11-02T09:09:28.026-0500] {dagbag.py:536} INFO - Filling up the DagBag from /Users/dimz/EconWizard/hermesvirtual/lib/python3.8/site-packages/airflow/example_dags/example_latest_only_with_trigger.py
[2023-11-02T09:09:28.043-0500] {processor.py:839} INFO - DAG(s) dict_keys(['latest_only_with_trigger']) retrieved from /Users/dimz/EconWizard/hermesvirtual/lib/python3.8/site-packages/airflow/example_dags/example_latest_only_with_trigger.py
[2023-11-02T09:09:28.153-0500] {logging_mixin.py:151} INFO - [2023-11-02T09:09:28.152-0500] {dag.py:2941} INFO - Sync 1 DAGs
[2023-11-02T09:09:28.163-0500] {logging_mixin.py:151} INFO - [2023-11-02T09:09:28.163-0500] {dag.py:3722} INFO - Setting next_dagrun for latest_only_with_trigger to 2023-11-02T10:09:28.163667+00:00, run_after=2023-11-02T14:09:28.163667+00:00
[2023-11-02T09:09:28.175-0500] {processor.py:179} INFO - Processing /Users/dimz/EconWizard/hermesvirtual/lib/python3.8/site-packages/airflow/example_dags/example_latest_only_with_trigger.py took 0.155 seconds
[2023-11-02T09:11:35.964-0500] {processor.py:157} INFO - Started process (PID=94419) to work on /Users/dimz/EconWizard/hermesvirtual/lib/python3.8/site-packages/airflow/example_dags/example_latest_only_with_trigger.py
[2023-11-02T09:11:35.969-0500] {processor.py:829} INFO - Processing file /Users/dimz/EconWizard/hermesvirtual/lib/python3.8/site-packages/airflow/example_dags/example_latest_only_with_trigger.py for tasks to queue
[2023-11-02T09:11:35.969-0500] {logging_mixin.py:151} INFO - [2023-11-02T09:11:35.969-0500] {dagbag.py:536} INFO - Filling up the DagBag from /Users/dimz/EconWizard/hermesvirtual/lib/python3.8/site-packages/airflow/example_dags/example_latest_only_with_trigger.py
[2023-11-02T09:11:35.985-0500] {processor.py:839} INFO - DAG(s) dict_keys(['latest_only_with_trigger']) retrieved from /Users/dimz/EconWizard/hermesvirtual/lib/python3.8/site-packages/airflow/example_dags/example_latest_only_with_trigger.py
[2023-11-02T09:11:36.098-0500] {logging_mixin.py:151} INFO - [2023-11-02T09:11:36.098-0500] {dag.py:2941} INFO - Sync 1 DAGs
[2023-11-02T09:11:36.108-0500] {logging_mixin.py:151} INFO - [2023-11-02T09:11:36.108-0500] {dag.py:3722} INFO - Setting next_dagrun for latest_only_with_trigger to 2023-11-02T10:11:36.108001+00:00, run_after=2023-11-02T14:11:36.108001+00:00
[2023-11-02T09:11:36.119-0500] {processor.py:179} INFO - Processing /Users/dimz/EconWizard/hermesvirtual/lib/python3.8/site-packages/airflow/example_dags/example_latest_only_with_trigger.py took 0.155 seconds
[2023-11-02T09:13:42.839-0500] {processor.py:157} INFO - Started process (PID=94559) to work on /Users/dimz/EconWizard/hermesvirtual/lib/python3.8/site-packages/airflow/example_dags/example_latest_only_with_trigger.py
[2023-11-02T09:13:42.845-0500] {processor.py:829} INFO - Processing file /Users/dimz/EconWizard/hermesvirtual/lib/python3.8/site-packages/airflow/example_dags/example_latest_only_with_trigger.py for tasks to queue
[2023-11-02T09:13:42.846-0500] {logging_mixin.py:151} INFO - [2023-11-02T09:13:42.846-0500] {dagbag.py:536} INFO - Filling up the DagBag from /Users/dimz/EconWizard/hermesvirtual/lib/python3.8/site-packages/airflow/example_dags/example_latest_only_with_trigger.py
[2023-11-02T09:13:42.866-0500] {processor.py:839} INFO - DAG(s) dict_keys(['latest_only_with_trigger']) retrieved from /Users/dimz/EconWizard/hermesvirtual/lib/python3.8/site-packages/airflow/example_dags/example_latest_only_with_trigger.py
[2023-11-02T09:13:42.987-0500] {logging_mixin.py:151} INFO - [2023-11-02T09:13:42.987-0500] {dag.py:2941} INFO - Sync 1 DAGs
[2023-11-02T09:13:42.998-0500] {logging_mixin.py:151} INFO - [2023-11-02T09:13:42.998-0500] {dag.py:3722} INFO - Setting next_dagrun for latest_only_with_trigger to 2023-11-02T10:13:42.998271+00:00, run_after=2023-11-02T14:13:42.998271+00:00
[2023-11-02T09:13:43.010-0500] {processor.py:179} INFO - Processing /Users/dimz/EconWizard/hermesvirtual/lib/python3.8/site-packages/airflow/example_dags/example_latest_only_with_trigger.py took 0.173 seconds
[2023-11-02T09:15:51.453-0500] {processor.py:157} INFO - Started process (PID=94690) to work on /Users/dimz/EconWizard/hermesvirtual/lib/python3.8/site-packages/airflow/example_dags/example_latest_only_with_trigger.py
[2023-11-02T09:15:51.457-0500] {processor.py:829} INFO - Processing file /Users/dimz/EconWizard/hermesvirtual/lib/python3.8/site-packages/airflow/example_dags/example_latest_only_with_trigger.py for tasks to queue
[2023-11-02T09:15:51.457-0500] {logging_mixin.py:151} INFO - [2023-11-02T09:15:51.457-0500] {dagbag.py:536} INFO - Filling up the DagBag from /Users/dimz/EconWizard/hermesvirtual/lib/python3.8/site-packages/airflow/example_dags/example_latest_only_with_trigger.py
[2023-11-02T09:15:51.473-0500] {processor.py:839} INFO - DAG(s) dict_keys(['latest_only_with_trigger']) retrieved from /Users/dimz/EconWizard/hermesvirtual/lib/python3.8/site-packages/airflow/example_dags/example_latest_only_with_trigger.py
[2023-11-02T09:15:51.576-0500] {logging_mixin.py:151} INFO - [2023-11-02T09:15:51.576-0500] {dag.py:2941} INFO - Sync 1 DAGs
[2023-11-02T09:15:51.585-0500] {logging_mixin.py:151} INFO - [2023-11-02T09:15:51.585-0500] {dag.py:3722} INFO - Setting next_dagrun for latest_only_with_trigger to 2023-11-02T10:15:51.585632+00:00, run_after=2023-11-02T14:15:51.585632+00:00
[2023-11-02T09:15:51.596-0500] {processor.py:179} INFO - Processing /Users/dimz/EconWizard/hermesvirtual/lib/python3.8/site-packages/airflow/example_dags/example_latest_only_with_trigger.py took 0.143 seconds
[2023-11-02T09:17:50.186-0500] {processor.py:157} INFO - Started process (PID=94828) to work on /Users/dimz/EconWizard/hermesvirtual/lib/python3.8/site-packages/airflow/example_dags/example_latest_only_with_trigger.py
[2023-11-02T09:17:50.191-0500] {processor.py:829} INFO - Processing file /Users/dimz/EconWizard/hermesvirtual/lib/python3.8/site-packages/airflow/example_dags/example_latest_only_with_trigger.py for tasks to queue
[2023-11-02T09:17:50.191-0500] {logging_mixin.py:151} INFO - [2023-11-02T09:17:50.191-0500] {dagbag.py:536} INFO - Filling up the DagBag from /Users/dimz/EconWizard/hermesvirtual/lib/python3.8/site-packages/airflow/example_dags/example_latest_only_with_trigger.py
[2023-11-02T09:17:50.210-0500] {processor.py:839} INFO - DAG(s) dict_keys(['latest_only_with_trigger']) retrieved from /Users/dimz/EconWizard/hermesvirtual/lib/python3.8/site-packages/airflow/example_dags/example_latest_only_with_trigger.py
[2023-11-02T09:17:50.322-0500] {logging_mixin.py:151} INFO - [2023-11-02T09:17:50.321-0500] {dag.py:2941} INFO - Sync 1 DAGs
[2023-11-02T09:17:50.331-0500] {logging_mixin.py:151} INFO - [2023-11-02T09:17:50.331-0500] {dag.py:3722} INFO - Setting next_dagrun for latest_only_with_trigger to 2023-11-02T10:17:50.331255+00:00, run_after=2023-11-02T14:17:50.331255+00:00
[2023-11-02T09:17:50.341-0500] {processor.py:179} INFO - Processing /Users/dimz/EconWizard/hermesvirtual/lib/python3.8/site-packages/airflow/example_dags/example_latest_only_with_trigger.py took 0.155 seconds
[2023-11-02T09:19:59.812-0500] {processor.py:157} INFO - Started process (PID=95024) to work on /Users/dimz/EconWizard/hermesvirtual/lib/python3.8/site-packages/airflow/example_dags/example_latest_only_with_trigger.py
[2023-11-02T09:19:59.816-0500] {processor.py:829} INFO - Processing file /Users/dimz/EconWizard/hermesvirtual/lib/python3.8/site-packages/airflow/example_dags/example_latest_only_with_trigger.py for tasks to queue
[2023-11-02T09:19:59.817-0500] {logging_mixin.py:151} INFO - [2023-11-02T09:19:59.817-0500] {dagbag.py:536} INFO - Filling up the DagBag from /Users/dimz/EconWizard/hermesvirtual/lib/python3.8/site-packages/airflow/example_dags/example_latest_only_with_trigger.py
[2023-11-02T09:19:59.834-0500] {processor.py:839} INFO - DAG(s) dict_keys(['latest_only_with_trigger']) retrieved from /Users/dimz/EconWizard/hermesvirtual/lib/python3.8/site-packages/airflow/example_dags/example_latest_only_with_trigger.py
[2023-11-02T09:19:59.950-0500] {logging_mixin.py:151} INFO - [2023-11-02T09:19:59.949-0500] {dag.py:2941} INFO - Sync 1 DAGs
[2023-11-02T09:19:59.961-0500] {logging_mixin.py:151} INFO - [2023-11-02T09:19:59.961-0500] {dag.py:3722} INFO - Setting next_dagrun for latest_only_with_trigger to 2023-11-02T10:19:59.960991+00:00, run_after=2023-11-02T14:19:59.960991+00:00
[2023-11-02T09:19:59.974-0500] {processor.py:179} INFO - Processing /Users/dimz/EconWizard/hermesvirtual/lib/python3.8/site-packages/airflow/example_dags/example_latest_only_with_trigger.py took 0.162 seconds
[2023-11-02T09:22:09.638-0500] {processor.py:157} INFO - Started process (PID=95159) to work on /Users/dimz/EconWizard/hermesvirtual/lib/python3.8/site-packages/airflow/example_dags/example_latest_only_with_trigger.py
[2023-11-02T09:22:09.642-0500] {processor.py:829} INFO - Processing file /Users/dimz/EconWizard/hermesvirtual/lib/python3.8/site-packages/airflow/example_dags/example_latest_only_with_trigger.py for tasks to queue
[2023-11-02T09:22:09.643-0500] {logging_mixin.py:151} INFO - [2023-11-02T09:22:09.643-0500] {dagbag.py:536} INFO - Filling up the DagBag from /Users/dimz/EconWizard/hermesvirtual/lib/python3.8/site-packages/airflow/example_dags/example_latest_only_with_trigger.py
[2023-11-02T09:22:09.661-0500] {processor.py:839} INFO - DAG(s) dict_keys(['latest_only_with_trigger']) retrieved from /Users/dimz/EconWizard/hermesvirtual/lib/python3.8/site-packages/airflow/example_dags/example_latest_only_with_trigger.py
[2023-11-02T09:22:09.783-0500] {logging_mixin.py:151} INFO - [2023-11-02T09:22:09.782-0500] {dag.py:2941} INFO - Sync 1 DAGs
[2023-11-02T09:22:09.793-0500] {logging_mixin.py:151} INFO - [2023-11-02T09:22:09.793-0500] {dag.py:3722} INFO - Setting next_dagrun for latest_only_with_trigger to 2023-11-02T10:22:09.793148+00:00, run_after=2023-11-02T14:22:09.793148+00:00
[2023-11-02T09:22:09.806-0500] {processor.py:179} INFO - Processing /Users/dimz/EconWizard/hermesvirtual/lib/python3.8/site-packages/airflow/example_dags/example_latest_only_with_trigger.py took 0.169 seconds
[2023-11-02T09:24:16.188-0500] {processor.py:157} INFO - Started process (PID=95377) to work on /Users/dimz/EconWizard/hermesvirtual/lib/python3.8/site-packages/airflow/example_dags/example_latest_only_with_trigger.py
[2023-11-02T09:24:16.192-0500] {processor.py:829} INFO - Processing file /Users/dimz/EconWizard/hermesvirtual/lib/python3.8/site-packages/airflow/example_dags/example_latest_only_with_trigger.py for tasks to queue
[2023-11-02T09:24:16.192-0500] {logging_mixin.py:151} INFO - [2023-11-02T09:24:16.192-0500] {dagbag.py:536} INFO - Filling up the DagBag from /Users/dimz/EconWizard/hermesvirtual/lib/python3.8/site-packages/airflow/example_dags/example_latest_only_with_trigger.py
[2023-11-02T09:24:16.222-0500] {processor.py:839} INFO - DAG(s) dict_keys(['latest_only_with_trigger']) retrieved from /Users/dimz/EconWizard/hermesvirtual/lib/python3.8/site-packages/airflow/example_dags/example_latest_only_with_trigger.py
[2023-11-02T09:24:16.328-0500] {logging_mixin.py:151} INFO - [2023-11-02T09:24:16.327-0500] {dag.py:2941} INFO - Sync 1 DAGs
[2023-11-02T09:24:16.337-0500] {logging_mixin.py:151} INFO - [2023-11-02T09:24:16.336-0500] {dag.py:3722} INFO - Setting next_dagrun for latest_only_with_trigger to 2023-11-02T10:24:16.336828+00:00, run_after=2023-11-02T14:24:16.336828+00:00
[2023-11-02T09:24:16.347-0500] {processor.py:179} INFO - Processing /Users/dimz/EconWizard/hermesvirtual/lib/python3.8/site-packages/airflow/example_dags/example_latest_only_with_trigger.py took 0.159 seconds
[2023-11-02T09:26:22.289-0500] {processor.py:157} INFO - Started process (PID=95619) to work on /Users/dimz/EconWizard/hermesvirtual/lib/python3.8/site-packages/airflow/example_dags/example_latest_only_with_trigger.py
[2023-11-02T09:26:22.293-0500] {processor.py:829} INFO - Processing file /Users/dimz/EconWizard/hermesvirtual/lib/python3.8/site-packages/airflow/example_dags/example_latest_only_with_trigger.py for tasks to queue
[2023-11-02T09:26:22.294-0500] {logging_mixin.py:151} INFO - [2023-11-02T09:26:22.294-0500] {dagbag.py:536} INFO - Filling up the DagBag from /Users/dimz/EconWizard/hermesvirtual/lib/python3.8/site-packages/airflow/example_dags/example_latest_only_with_trigger.py
[2023-11-02T09:26:22.310-0500] {processor.py:839} INFO - DAG(s) dict_keys(['latest_only_with_trigger']) retrieved from /Users/dimz/EconWizard/hermesvirtual/lib/python3.8/site-packages/airflow/example_dags/example_latest_only_with_trigger.py
[2023-11-02T09:26:22.413-0500] {logging_mixin.py:151} INFO - [2023-11-02T09:26:22.413-0500] {dag.py:2941} INFO - Sync 1 DAGs
[2023-11-02T09:26:22.422-0500] {logging_mixin.py:151} INFO - [2023-11-02T09:26:22.422-0500] {dag.py:3722} INFO - Setting next_dagrun for latest_only_with_trigger to 2023-11-02T10:26:22.421998+00:00, run_after=2023-11-02T14:26:22.421998+00:00
[2023-11-02T09:26:22.432-0500] {processor.py:179} INFO - Processing /Users/dimz/EconWizard/hermesvirtual/lib/python3.8/site-packages/airflow/example_dags/example_latest_only_with_trigger.py took 0.144 seconds
[2023-11-02T09:29:18.429-0500] {processor.py:157} INFO - Started process (PID=95861) to work on /Users/dimz/EconWizard/hermesvirtual/lib/python3.8/site-packages/airflow/example_dags/example_latest_only_with_trigger.py
[2023-11-02T09:29:18.435-0500] {processor.py:829} INFO - Processing file /Users/dimz/EconWizard/hermesvirtual/lib/python3.8/site-packages/airflow/example_dags/example_latest_only_with_trigger.py for tasks to queue
[2023-11-02T09:29:18.435-0500] {logging_mixin.py:151} INFO - [2023-11-02T09:29:18.435-0500] {dagbag.py:536} INFO - Filling up the DagBag from /Users/dimz/EconWizard/hermesvirtual/lib/python3.8/site-packages/airflow/example_dags/example_latest_only_with_trigger.py
[2023-11-02T09:29:18.453-0500] {processor.py:839} INFO - DAG(s) dict_keys(['latest_only_with_trigger']) retrieved from /Users/dimz/EconWizard/hermesvirtual/lib/python3.8/site-packages/airflow/example_dags/example_latest_only_with_trigger.py
[2023-11-02T09:29:18.560-0500] {logging_mixin.py:151} INFO - [2023-11-02T09:29:18.560-0500] {dag.py:2941} INFO - Sync 1 DAGs
[2023-11-02T09:29:18.569-0500] {logging_mixin.py:151} INFO - [2023-11-02T09:29:18.569-0500] {dag.py:3722} INFO - Setting next_dagrun for latest_only_with_trigger to 2023-11-02T10:29:18.569594+00:00, run_after=2023-11-02T14:29:18.569594+00:00
[2023-11-02T09:29:18.580-0500] {processor.py:179} INFO - Processing /Users/dimz/EconWizard/hermesvirtual/lib/python3.8/site-packages/airflow/example_dags/example_latest_only_with_trigger.py took 0.151 seconds
[2023-11-02T09:31:29.634-0500] {processor.py:157} INFO - Started process (PID=96025) to work on /Users/dimz/EconWizard/hermesvirtual/lib/python3.8/site-packages/airflow/example_dags/example_latest_only_with_trigger.py
[2023-11-02T09:31:29.639-0500] {processor.py:829} INFO - Processing file /Users/dimz/EconWizard/hermesvirtual/lib/python3.8/site-packages/airflow/example_dags/example_latest_only_with_trigger.py for tasks to queue
[2023-11-02T09:31:29.640-0500] {logging_mixin.py:151} INFO - [2023-11-02T09:31:29.640-0500] {dagbag.py:536} INFO - Filling up the DagBag from /Users/dimz/EconWizard/hermesvirtual/lib/python3.8/site-packages/airflow/example_dags/example_latest_only_with_trigger.py
[2023-11-02T09:31:29.656-0500] {processor.py:839} INFO - DAG(s) dict_keys(['latest_only_with_trigger']) retrieved from /Users/dimz/EconWizard/hermesvirtual/lib/python3.8/site-packages/airflow/example_dags/example_latest_only_with_trigger.py
[2023-11-02T09:31:29.763-0500] {logging_mixin.py:151} INFO - [2023-11-02T09:31:29.763-0500] {dag.py:2941} INFO - Sync 1 DAGs
[2023-11-02T09:31:29.772-0500] {logging_mixin.py:151} INFO - [2023-11-02T09:31:29.772-0500] {dag.py:3722} INFO - Setting next_dagrun for latest_only_with_trigger to 2023-11-02T10:31:29.772572+00:00, run_after=2023-11-02T14:31:29.772572+00:00
[2023-11-02T09:31:29.782-0500] {processor.py:179} INFO - Processing /Users/dimz/EconWizard/hermesvirtual/lib/python3.8/site-packages/airflow/example_dags/example_latest_only_with_trigger.py took 0.148 seconds
[2023-11-02T10:13:39.253-0500] {processor.py:157} INFO - Started process (PID=97567) to work on /Users/dimz/EconWizard/hermesvirtual/lib/python3.8/site-packages/airflow/example_dags/example_latest_only_with_trigger.py
[2023-11-02T10:13:39.258-0500] {processor.py:829} INFO - Processing file /Users/dimz/EconWizard/hermesvirtual/lib/python3.8/site-packages/airflow/example_dags/example_latest_only_with_trigger.py for tasks to queue
[2023-11-02T10:13:39.259-0500] {logging_mixin.py:151} INFO - [2023-11-02T10:13:39.259-0500] {dagbag.py:536} INFO - Filling up the DagBag from /Users/dimz/EconWizard/hermesvirtual/lib/python3.8/site-packages/airflow/example_dags/example_latest_only_with_trigger.py
[2023-11-02T10:13:39.275-0500] {processor.py:839} INFO - DAG(s) dict_keys(['latest_only_with_trigger']) retrieved from /Users/dimz/EconWizard/hermesvirtual/lib/python3.8/site-packages/airflow/example_dags/example_latest_only_with_trigger.py
[2023-11-02T10:13:39.376-0500] {logging_mixin.py:151} INFO - [2023-11-02T10:13:39.376-0500] {dag.py:2941} INFO - Sync 1 DAGs
[2023-11-02T10:13:39.385-0500] {logging_mixin.py:151} INFO - [2023-11-02T10:13:39.385-0500] {dag.py:3722} INFO - Setting next_dagrun for latest_only_with_trigger to 2023-11-02T11:13:39.385179+00:00, run_after=2023-11-02T15:13:39.385179+00:00
[2023-11-02T10:13:39.395-0500] {processor.py:179} INFO - Processing /Users/dimz/EconWizard/hermesvirtual/lib/python3.8/site-packages/airflow/example_dags/example_latest_only_with_trigger.py took 0.142 seconds
[2023-11-02T10:15:11.684-0500] {processor.py:157} INFO - Started process (PID=97665) to work on /Users/dimz/EconWizard/hermesvirtual/lib/python3.8/site-packages/airflow/example_dags/example_latest_only_with_trigger.py
[2023-11-02T10:15:11.689-0500] {processor.py:829} INFO - Processing file /Users/dimz/EconWizard/hermesvirtual/lib/python3.8/site-packages/airflow/example_dags/example_latest_only_with_trigger.py for tasks to queue
[2023-11-02T10:15:11.690-0500] {logging_mixin.py:151} INFO - [2023-11-02T10:15:11.690-0500] {dagbag.py:536} INFO - Filling up the DagBag from /Users/dimz/EconWizard/hermesvirtual/lib/python3.8/site-packages/airflow/example_dags/example_latest_only_with_trigger.py
[2023-11-02T10:15:11.709-0500] {processor.py:839} INFO - DAG(s) dict_keys(['latest_only_with_trigger']) retrieved from /Users/dimz/EconWizard/hermesvirtual/lib/python3.8/site-packages/airflow/example_dags/example_latest_only_with_trigger.py
[2023-11-02T10:15:11.834-0500] {logging_mixin.py:151} INFO - [2023-11-02T10:15:11.833-0500] {dag.py:2941} INFO - Sync 1 DAGs
[2023-11-02T10:15:11.844-0500] {logging_mixin.py:151} INFO - [2023-11-02T10:15:11.843-0500] {dag.py:3722} INFO - Setting next_dagrun for latest_only_with_trigger to 2023-11-02T11:15:11.843867+00:00, run_after=2023-11-02T15:15:11.843867+00:00
[2023-11-02T10:15:11.855-0500] {processor.py:179} INFO - Processing /Users/dimz/EconWizard/hermesvirtual/lib/python3.8/site-packages/airflow/example_dags/example_latest_only_with_trigger.py took 0.172 seconds
[2023-11-02T10:39:26.621-0500] {processor.py:157} INFO - Started process (PID=99909) to work on /Users/dimz/EconWizard/hermesvirtual/lib/python3.8/site-packages/airflow/example_dags/example_latest_only_with_trigger.py
[2023-11-02T10:39:26.626-0500] {processor.py:829} INFO - Processing file /Users/dimz/EconWizard/hermesvirtual/lib/python3.8/site-packages/airflow/example_dags/example_latest_only_with_trigger.py for tasks to queue
[2023-11-02T10:39:26.627-0500] {logging_mixin.py:151} INFO - [2023-11-02T10:39:26.626-0500] {dagbag.py:536} INFO - Filling up the DagBag from /Users/dimz/EconWizard/hermesvirtual/lib/python3.8/site-packages/airflow/example_dags/example_latest_only_with_trigger.py
[2023-11-02T10:39:26.646-0500] {processor.py:839} INFO - DAG(s) dict_keys(['latest_only_with_trigger']) retrieved from /Users/dimz/EconWizard/hermesvirtual/lib/python3.8/site-packages/airflow/example_dags/example_latest_only_with_trigger.py
[2023-11-02T10:39:26.755-0500] {logging_mixin.py:151} INFO - [2023-11-02T10:39:26.755-0500] {dag.py:2941} INFO - Sync 1 DAGs
[2023-11-02T10:39:26.764-0500] {logging_mixin.py:151} INFO - [2023-11-02T10:39:26.764-0500] {dag.py:3722} INFO - Setting next_dagrun for latest_only_with_trigger to 2023-11-02T11:39:26.764586+00:00, run_after=2023-11-02T15:39:26.764586+00:00
[2023-11-02T10:39:26.775-0500] {processor.py:179} INFO - Processing /Users/dimz/EconWizard/hermesvirtual/lib/python3.8/site-packages/airflow/example_dags/example_latest_only_with_trigger.py took 0.154 seconds
[2023-11-02T10:41:01.501-0500] {processor.py:157} INFO - Started process (PID=118) to work on /Users/dimz/EconWizard/hermesvirtual/lib/python3.8/site-packages/airflow/example_dags/example_latest_only_with_trigger.py
[2023-11-02T10:41:01.505-0500] {processor.py:829} INFO - Processing file /Users/dimz/EconWizard/hermesvirtual/lib/python3.8/site-packages/airflow/example_dags/example_latest_only_with_trigger.py for tasks to queue
[2023-11-02T10:41:01.506-0500] {logging_mixin.py:151} INFO - [2023-11-02T10:41:01.506-0500] {dagbag.py:536} INFO - Filling up the DagBag from /Users/dimz/EconWizard/hermesvirtual/lib/python3.8/site-packages/airflow/example_dags/example_latest_only_with_trigger.py
[2023-11-02T10:41:01.522-0500] {processor.py:839} INFO - DAG(s) dict_keys(['latest_only_with_trigger']) retrieved from /Users/dimz/EconWizard/hermesvirtual/lib/python3.8/site-packages/airflow/example_dags/example_latest_only_with_trigger.py
[2023-11-02T10:41:01.626-0500] {logging_mixin.py:151} INFO - [2023-11-02T10:41:01.626-0500] {dag.py:2941} INFO - Sync 1 DAGs
[2023-11-02T10:41:01.635-0500] {logging_mixin.py:151} INFO - [2023-11-02T10:41:01.635-0500] {dag.py:3722} INFO - Setting next_dagrun for latest_only_with_trigger to 2023-11-02T11:41:01.635665+00:00, run_after=2023-11-02T15:41:01.635665+00:00
[2023-11-02T10:41:01.646-0500] {processor.py:179} INFO - Processing /Users/dimz/EconWizard/hermesvirtual/lib/python3.8/site-packages/airflow/example_dags/example_latest_only_with_trigger.py took 0.146 seconds
[2023-11-02T10:43:04.371-0500] {processor.py:157} INFO - Started process (PID=409) to work on /Users/dimz/EconWizard/hermesvirtual/lib/python3.8/site-packages/airflow/example_dags/example_latest_only_with_trigger.py
[2023-11-02T10:43:04.376-0500] {processor.py:829} INFO - Processing file /Users/dimz/EconWizard/hermesvirtual/lib/python3.8/site-packages/airflow/example_dags/example_latest_only_with_trigger.py for tasks to queue
[2023-11-02T10:43:04.376-0500] {logging_mixin.py:151} INFO - [2023-11-02T10:43:04.376-0500] {dagbag.py:536} INFO - Filling up the DagBag from /Users/dimz/EconWizard/hermesvirtual/lib/python3.8/site-packages/airflow/example_dags/example_latest_only_with_trigger.py
[2023-11-02T10:43:04.397-0500] {processor.py:839} INFO - DAG(s) dict_keys(['latest_only_with_trigger']) retrieved from /Users/dimz/EconWizard/hermesvirtual/lib/python3.8/site-packages/airflow/example_dags/example_latest_only_with_trigger.py
[2023-11-02T10:43:04.520-0500] {logging_mixin.py:151} INFO - [2023-11-02T10:43:04.520-0500] {dag.py:2941} INFO - Sync 1 DAGs
[2023-11-02T10:43:04.531-0500] {logging_mixin.py:151} INFO - [2023-11-02T10:43:04.531-0500] {dag.py:3722} INFO - Setting next_dagrun for latest_only_with_trigger to 2023-11-02T11:43:04.531693+00:00, run_after=2023-11-02T15:43:04.531693+00:00
[2023-11-02T10:43:04.543-0500] {processor.py:179} INFO - Processing /Users/dimz/EconWizard/hermesvirtual/lib/python3.8/site-packages/airflow/example_dags/example_latest_only_with_trigger.py took 0.173 seconds
