[2023-11-01T21:36:07.724-0500] {processor.py:157} INFO - Started process (PID=87742) to work on /Users/dimz/EconWizard/hermesvirtual/lib/python3.8/site-packages/airflow/example_dags/example_latest_only.py
[2023-11-01T21:36:07.728-0500] {processor.py:829} INFO - Processing file /Users/dimz/EconWizard/hermesvirtual/lib/python3.8/site-packages/airflow/example_dags/example_latest_only.py for tasks to queue
[2023-11-01T21:36:07.728-0500] {logging_mixin.py:151} INFO - [2023-11-01T21:36:07.728-0500] {dagbag.py:536} INFO - Filling up the DagBag from /Users/dimz/EconWizard/hermesvirtual/lib/python3.8/site-packages/airflow/example_dags/example_latest_only.py
[2023-11-01T21:36:07.744-0500] {processor.py:839} INFO - DAG(s) dict_keys(['latest_only']) retrieved from /Users/dimz/EconWizard/hermesvirtual/lib/python3.8/site-packages/airflow/example_dags/example_latest_only.py
[2023-11-01T21:36:08.074-0500] {logging_mixin.py:151} INFO - [2023-11-01T21:36:08.074-0500] {manager.py:499} INFO - Created Permission View: %s
[2023-11-01T21:36:08.079-0500] {logging_mixin.py:151} INFO - [2023-11-01T21:36:08.079-0500] {manager.py:499} INFO - Created Permission View: %s
[2023-11-01T21:36:08.082-0500] {logging_mixin.py:151} INFO - [2023-11-01T21:36:08.082-0500] {manager.py:499} INFO - Created Permission View: %s
[2023-11-01T21:36:08.082-0500] {logging_mixin.py:151} INFO - [2023-11-01T21:36:08.082-0500] {dag.py:2941} INFO - Sync 1 DAGs
[2023-11-01T21:36:08.088-0500] {logging_mixin.py:151} INFO - [2023-11-01T21:36:08.087-0500] {dag.py:2963} INFO - Creating ORM DAG for latest_only
[2023-11-01T21:36:08.092-0500] {logging_mixin.py:151} INFO - [2023-11-01T21:36:08.092-0500] {dag.py:3722} INFO - Setting next_dagrun for latest_only to 2023-11-01T22:36:08.092029+00:00, run_after=2023-11-02T02:36:08.092029+00:00
[2023-11-01T21:36:08.101-0500] {processor.py:179} INFO - Processing /Users/dimz/EconWizard/hermesvirtual/lib/python3.8/site-packages/airflow/example_dags/example_latest_only.py took 0.377 seconds
[2023-11-01T21:38:03.792-0500] {processor.py:157} INFO - Started process (PID=87944) to work on /Users/dimz/EconWizard/hermesvirtual/lib/python3.8/site-packages/airflow/example_dags/example_latest_only.py
[2023-11-01T21:38:03.797-0500] {processor.py:829} INFO - Processing file /Users/dimz/EconWizard/hermesvirtual/lib/python3.8/site-packages/airflow/example_dags/example_latest_only.py for tasks to queue
[2023-11-01T21:38:03.797-0500] {logging_mixin.py:151} INFO - [2023-11-01T21:38:03.797-0500] {dagbag.py:536} INFO - Filling up the DagBag from /Users/dimz/EconWizard/hermesvirtual/lib/python3.8/site-packages/airflow/example_dags/example_latest_only.py
[2023-11-01T21:38:03.813-0500] {processor.py:839} INFO - DAG(s) dict_keys(['latest_only']) retrieved from /Users/dimz/EconWizard/hermesvirtual/lib/python3.8/site-packages/airflow/example_dags/example_latest_only.py
[2023-11-01T21:38:03.918-0500] {logging_mixin.py:151} INFO - [2023-11-01T21:38:03.918-0500] {dag.py:2941} INFO - Sync 1 DAGs
[2023-11-01T21:38:03.927-0500] {logging_mixin.py:151} INFO - [2023-11-01T21:38:03.927-0500] {dag.py:3722} INFO - Setting next_dagrun for latest_only to 2023-11-01T22:38:03.927013+00:00, run_after=2023-11-02T02:38:03.927013+00:00
[2023-11-01T21:38:03.937-0500] {processor.py:179} INFO - Processing /Users/dimz/EconWizard/hermesvirtual/lib/python3.8/site-packages/airflow/example_dags/example_latest_only.py took 0.146 seconds
[2023-11-01T21:39:57.096-0500] {processor.py:157} INFO - Started process (PID=88166) to work on /Users/dimz/EconWizard/hermesvirtual/lib/python3.8/site-packages/airflow/example_dags/example_latest_only.py
[2023-11-01T21:39:57.101-0500] {processor.py:829} INFO - Processing file /Users/dimz/EconWizard/hermesvirtual/lib/python3.8/site-packages/airflow/example_dags/example_latest_only.py for tasks to queue
[2023-11-01T21:39:57.101-0500] {logging_mixin.py:151} INFO - [2023-11-01T21:39:57.101-0500] {dagbag.py:536} INFO - Filling up the DagBag from /Users/dimz/EconWizard/hermesvirtual/lib/python3.8/site-packages/airflow/example_dags/example_latest_only.py
[2023-11-01T21:39:57.117-0500] {processor.py:839} INFO - DAG(s) dict_keys(['latest_only']) retrieved from /Users/dimz/EconWizard/hermesvirtual/lib/python3.8/site-packages/airflow/example_dags/example_latest_only.py
[2023-11-01T21:39:57.225-0500] {logging_mixin.py:151} INFO - [2023-11-01T21:39:57.225-0500] {dag.py:2941} INFO - Sync 1 DAGs
[2023-11-01T21:39:57.234-0500] {logging_mixin.py:151} INFO - [2023-11-01T21:39:57.234-0500] {dag.py:3722} INFO - Setting next_dagrun for latest_only to 2023-11-01T22:39:57.233991+00:00, run_after=2023-11-02T02:39:57.233991+00:00
[2023-11-01T21:39:57.246-0500] {processor.py:179} INFO - Processing /Users/dimz/EconWizard/hermesvirtual/lib/python3.8/site-packages/airflow/example_dags/example_latest_only.py took 0.150 seconds
[2023-11-01T21:41:55.134-0500] {processor.py:157} INFO - Started process (PID=88445) to work on /Users/dimz/EconWizard/hermesvirtual/lib/python3.8/site-packages/airflow/example_dags/example_latest_only.py
[2023-11-01T21:41:55.140-0500] {processor.py:829} INFO - Processing file /Users/dimz/EconWizard/hermesvirtual/lib/python3.8/site-packages/airflow/example_dags/example_latest_only.py for tasks to queue
[2023-11-01T21:41:55.140-0500] {logging_mixin.py:151} INFO - [2023-11-01T21:41:55.140-0500] {dagbag.py:536} INFO - Filling up the DagBag from /Users/dimz/EconWizard/hermesvirtual/lib/python3.8/site-packages/airflow/example_dags/example_latest_only.py
[2023-11-01T21:41:55.158-0500] {processor.py:839} INFO - DAG(s) dict_keys(['latest_only']) retrieved from /Users/dimz/EconWizard/hermesvirtual/lib/python3.8/site-packages/airflow/example_dags/example_latest_only.py
[2023-11-01T21:41:55.278-0500] {logging_mixin.py:151} INFO - [2023-11-01T21:41:55.277-0500] {dag.py:2941} INFO - Sync 1 DAGs
[2023-11-01T21:41:55.287-0500] {logging_mixin.py:151} INFO - [2023-11-01T21:41:55.287-0500] {dag.py:3722} INFO - Setting next_dagrun for latest_only to 2023-11-01T22:41:55.287632+00:00, run_after=2023-11-02T02:41:55.287632+00:00
[2023-11-01T21:41:55.298-0500] {processor.py:179} INFO - Processing /Users/dimz/EconWizard/hermesvirtual/lib/python3.8/site-packages/airflow/example_dags/example_latest_only.py took 0.164 seconds
[2023-11-01T21:43:45.408-0500] {processor.py:157} INFO - Started process (PID=88669) to work on /Users/dimz/EconWizard/hermesvirtual/lib/python3.8/site-packages/airflow/example_dags/example_latest_only.py
[2023-11-01T21:43:45.412-0500] {processor.py:829} INFO - Processing file /Users/dimz/EconWizard/hermesvirtual/lib/python3.8/site-packages/airflow/example_dags/example_latest_only.py for tasks to queue
[2023-11-01T21:43:45.413-0500] {logging_mixin.py:151} INFO - [2023-11-01T21:43:45.413-0500] {dagbag.py:536} INFO - Filling up the DagBag from /Users/dimz/EconWizard/hermesvirtual/lib/python3.8/site-packages/airflow/example_dags/example_latest_only.py
[2023-11-01T21:43:45.429-0500] {processor.py:839} INFO - DAG(s) dict_keys(['latest_only']) retrieved from /Users/dimz/EconWizard/hermesvirtual/lib/python3.8/site-packages/airflow/example_dags/example_latest_only.py
[2023-11-01T21:43:45.544-0500] {logging_mixin.py:151} INFO - [2023-11-01T21:43:45.544-0500] {dag.py:2941} INFO - Sync 1 DAGs
[2023-11-01T21:43:45.554-0500] {logging_mixin.py:151} INFO - [2023-11-01T21:43:45.554-0500] {dag.py:3722} INFO - Setting next_dagrun for latest_only to 2023-11-01T22:43:45.554668+00:00, run_after=2023-11-02T02:43:45.554668+00:00
[2023-11-01T21:43:45.567-0500] {processor.py:179} INFO - Processing /Users/dimz/EconWizard/hermesvirtual/lib/python3.8/site-packages/airflow/example_dags/example_latest_only.py took 0.160 seconds
[2023-11-01T21:45:47.733-0500] {processor.py:157} INFO - Started process (PID=88835) to work on /Users/dimz/EconWizard/hermesvirtual/lib/python3.8/site-packages/airflow/example_dags/example_latest_only.py
[2023-11-01T21:45:47.738-0500] {processor.py:829} INFO - Processing file /Users/dimz/EconWizard/hermesvirtual/lib/python3.8/site-packages/airflow/example_dags/example_latest_only.py for tasks to queue
[2023-11-01T21:45:47.739-0500] {logging_mixin.py:151} INFO - [2023-11-01T21:45:47.739-0500] {dagbag.py:536} INFO - Filling up the DagBag from /Users/dimz/EconWizard/hermesvirtual/lib/python3.8/site-packages/airflow/example_dags/example_latest_only.py
[2023-11-01T21:45:47.756-0500] {processor.py:839} INFO - DAG(s) dict_keys(['latest_only']) retrieved from /Users/dimz/EconWizard/hermesvirtual/lib/python3.8/site-packages/airflow/example_dags/example_latest_only.py
[2023-11-01T21:45:47.868-0500] {logging_mixin.py:151} INFO - [2023-11-01T21:45:47.868-0500] {dag.py:2941} INFO - Sync 1 DAGs
[2023-11-01T21:45:47.878-0500] {logging_mixin.py:151} INFO - [2023-11-01T21:45:47.878-0500] {dag.py:3722} INFO - Setting next_dagrun for latest_only to 2023-11-01T22:45:47.878271+00:00, run_after=2023-11-02T02:45:47.878271+00:00
[2023-11-01T21:45:47.890-0500] {processor.py:179} INFO - Processing /Users/dimz/EconWizard/hermesvirtual/lib/python3.8/site-packages/airflow/example_dags/example_latest_only.py took 0.157 seconds
[2023-11-01T21:47:50.337-0500] {processor.py:157} INFO - Started process (PID=89096) to work on /Users/dimz/EconWizard/hermesvirtual/lib/python3.8/site-packages/airflow/example_dags/example_latest_only.py
[2023-11-01T21:47:50.342-0500] {processor.py:829} INFO - Processing file /Users/dimz/EconWizard/hermesvirtual/lib/python3.8/site-packages/airflow/example_dags/example_latest_only.py for tasks to queue
[2023-11-01T21:47:50.343-0500] {logging_mixin.py:151} INFO - [2023-11-01T21:47:50.343-0500] {dagbag.py:536} INFO - Filling up the DagBag from /Users/dimz/EconWizard/hermesvirtual/lib/python3.8/site-packages/airflow/example_dags/example_latest_only.py
[2023-11-01T21:47:50.359-0500] {processor.py:839} INFO - DAG(s) dict_keys(['latest_only']) retrieved from /Users/dimz/EconWizard/hermesvirtual/lib/python3.8/site-packages/airflow/example_dags/example_latest_only.py
[2023-11-01T21:47:50.461-0500] {logging_mixin.py:151} INFO - [2023-11-01T21:47:50.461-0500] {dag.py:2941} INFO - Sync 1 DAGs
[2023-11-01T21:47:50.470-0500] {logging_mixin.py:151} INFO - [2023-11-01T21:47:50.469-0500] {dag.py:3722} INFO - Setting next_dagrun for latest_only to 2023-11-01T22:47:50.469842+00:00, run_after=2023-11-02T02:47:50.469842+00:00
[2023-11-01T21:47:50.480-0500] {processor.py:179} INFO - Processing /Users/dimz/EconWizard/hermesvirtual/lib/python3.8/site-packages/airflow/example_dags/example_latest_only.py took 0.143 seconds
[2023-11-01T21:49:50.976-0500] {processor.py:157} INFO - Started process (PID=89249) to work on /Users/dimz/EconWizard/hermesvirtual/lib/python3.8/site-packages/airflow/example_dags/example_latest_only.py
[2023-11-01T21:49:50.981-0500] {processor.py:829} INFO - Processing file /Users/dimz/EconWizard/hermesvirtual/lib/python3.8/site-packages/airflow/example_dags/example_latest_only.py for tasks to queue
[2023-11-01T21:49:50.982-0500] {logging_mixin.py:151} INFO - [2023-11-01T21:49:50.982-0500] {dagbag.py:536} INFO - Filling up the DagBag from /Users/dimz/EconWizard/hermesvirtual/lib/python3.8/site-packages/airflow/example_dags/example_latest_only.py
[2023-11-01T21:49:51.002-0500] {processor.py:839} INFO - DAG(s) dict_keys(['latest_only']) retrieved from /Users/dimz/EconWizard/hermesvirtual/lib/python3.8/site-packages/airflow/example_dags/example_latest_only.py
[2023-11-01T21:49:51.127-0500] {logging_mixin.py:151} INFO - [2023-11-01T21:49:51.127-0500] {dag.py:2941} INFO - Sync 1 DAGs
[2023-11-01T21:49:51.138-0500] {logging_mixin.py:151} INFO - [2023-11-01T21:49:51.137-0500] {dag.py:3722} INFO - Setting next_dagrun for latest_only to 2023-11-01T22:49:51.137787+00:00, run_after=2023-11-02T02:49:51.137787+00:00
[2023-11-01T21:49:51.151-0500] {processor.py:179} INFO - Processing /Users/dimz/EconWizard/hermesvirtual/lib/python3.8/site-packages/airflow/example_dags/example_latest_only.py took 0.175 seconds
[2023-11-01T21:51:49.792-0500] {processor.py:157} INFO - Started process (PID=89411) to work on /Users/dimz/EconWizard/hermesvirtual/lib/python3.8/site-packages/airflow/example_dags/example_latest_only.py
[2023-11-01T21:51:49.797-0500] {processor.py:829} INFO - Processing file /Users/dimz/EconWizard/hermesvirtual/lib/python3.8/site-packages/airflow/example_dags/example_latest_only.py for tasks to queue
[2023-11-01T21:51:49.797-0500] {logging_mixin.py:151} INFO - [2023-11-01T21:51:49.797-0500] {dagbag.py:536} INFO - Filling up the DagBag from /Users/dimz/EconWizard/hermesvirtual/lib/python3.8/site-packages/airflow/example_dags/example_latest_only.py
[2023-11-01T21:51:49.813-0500] {processor.py:839} INFO - DAG(s) dict_keys(['latest_only']) retrieved from /Users/dimz/EconWizard/hermesvirtual/lib/python3.8/site-packages/airflow/example_dags/example_latest_only.py
[2023-11-01T21:51:49.914-0500] {logging_mixin.py:151} INFO - [2023-11-01T21:51:49.914-0500] {dag.py:2941} INFO - Sync 1 DAGs
[2023-11-01T21:51:49.923-0500] {logging_mixin.py:151} INFO - [2023-11-01T21:51:49.923-0500] {dag.py:3722} INFO - Setting next_dagrun for latest_only to 2023-11-01T22:51:49.923414+00:00, run_after=2023-11-02T02:51:49.923414+00:00
[2023-11-01T21:51:49.933-0500] {processor.py:179} INFO - Processing /Users/dimz/EconWizard/hermesvirtual/lib/python3.8/site-packages/airflow/example_dags/example_latest_only.py took 0.142 seconds
[2023-11-01T21:53:44.659-0500] {processor.py:157} INFO - Started process (PID=89591) to work on /Users/dimz/EconWizard/hermesvirtual/lib/python3.8/site-packages/airflow/example_dags/example_latest_only.py
[2023-11-01T21:53:44.664-0500] {processor.py:829} INFO - Processing file /Users/dimz/EconWizard/hermesvirtual/lib/python3.8/site-packages/airflow/example_dags/example_latest_only.py for tasks to queue
[2023-11-01T21:53:44.664-0500] {logging_mixin.py:151} INFO - [2023-11-01T21:53:44.664-0500] {dagbag.py:536} INFO - Filling up the DagBag from /Users/dimz/EconWizard/hermesvirtual/lib/python3.8/site-packages/airflow/example_dags/example_latest_only.py
[2023-11-01T21:53:44.681-0500] {processor.py:839} INFO - DAG(s) dict_keys(['latest_only']) retrieved from /Users/dimz/EconWizard/hermesvirtual/lib/python3.8/site-packages/airflow/example_dags/example_latest_only.py
[2023-11-01T21:53:44.787-0500] {logging_mixin.py:151} INFO - [2023-11-01T21:53:44.787-0500] {dag.py:2941} INFO - Sync 1 DAGs
[2023-11-01T21:53:44.797-0500] {logging_mixin.py:151} INFO - [2023-11-01T21:53:44.797-0500] {dag.py:3722} INFO - Setting next_dagrun for latest_only to 2023-11-01T22:53:44.797352+00:00, run_after=2023-11-02T02:53:44.797352+00:00
[2023-11-01T21:53:44.808-0500] {processor.py:179} INFO - Processing /Users/dimz/EconWizard/hermesvirtual/lib/python3.8/site-packages/airflow/example_dags/example_latest_only.py took 0.150 seconds
[2023-11-01T21:55:46.804-0500] {processor.py:157} INFO - Started process (PID=89750) to work on /Users/dimz/EconWizard/hermesvirtual/lib/python3.8/site-packages/airflow/example_dags/example_latest_only.py
[2023-11-01T21:55:46.809-0500] {processor.py:829} INFO - Processing file /Users/dimz/EconWizard/hermesvirtual/lib/python3.8/site-packages/airflow/example_dags/example_latest_only.py for tasks to queue
[2023-11-01T21:55:46.809-0500] {logging_mixin.py:151} INFO - [2023-11-01T21:55:46.809-0500] {dagbag.py:536} INFO - Filling up the DagBag from /Users/dimz/EconWizard/hermesvirtual/lib/python3.8/site-packages/airflow/example_dags/example_latest_only.py
[2023-11-01T21:55:46.825-0500] {processor.py:839} INFO - DAG(s) dict_keys(['latest_only']) retrieved from /Users/dimz/EconWizard/hermesvirtual/lib/python3.8/site-packages/airflow/example_dags/example_latest_only.py
[2023-11-01T21:55:46.928-0500] {logging_mixin.py:151} INFO - [2023-11-01T21:55:46.927-0500] {dag.py:2941} INFO - Sync 1 DAGs
[2023-11-01T21:55:46.936-0500] {logging_mixin.py:151} INFO - [2023-11-01T21:55:46.936-0500] {dag.py:3722} INFO - Setting next_dagrun for latest_only to 2023-11-01T22:55:46.936674+00:00, run_after=2023-11-02T02:55:46.936674+00:00
[2023-11-01T21:55:46.947-0500] {processor.py:179} INFO - Processing /Users/dimz/EconWizard/hermesvirtual/lib/python3.8/site-packages/airflow/example_dags/example_latest_only.py took 0.143 seconds
[2023-11-01T21:57:42.459-0500] {processor.py:157} INFO - Started process (PID=89969) to work on /Users/dimz/EconWizard/hermesvirtual/lib/python3.8/site-packages/airflow/example_dags/example_latest_only.py
[2023-11-01T21:57:42.464-0500] {processor.py:829} INFO - Processing file /Users/dimz/EconWizard/hermesvirtual/lib/python3.8/site-packages/airflow/example_dags/example_latest_only.py for tasks to queue
[2023-11-01T21:57:42.464-0500] {logging_mixin.py:151} INFO - [2023-11-01T21:57:42.464-0500] {dagbag.py:536} INFO - Filling up the DagBag from /Users/dimz/EconWizard/hermesvirtual/lib/python3.8/site-packages/airflow/example_dags/example_latest_only.py
[2023-11-01T21:57:42.480-0500] {processor.py:839} INFO - DAG(s) dict_keys(['latest_only']) retrieved from /Users/dimz/EconWizard/hermesvirtual/lib/python3.8/site-packages/airflow/example_dags/example_latest_only.py
[2023-11-01T21:57:42.586-0500] {logging_mixin.py:151} INFO - [2023-11-01T21:57:42.585-0500] {dag.py:2941} INFO - Sync 1 DAGs
[2023-11-01T21:57:42.596-0500] {logging_mixin.py:151} INFO - [2023-11-01T21:57:42.596-0500] {dag.py:3722} INFO - Setting next_dagrun for latest_only to 2023-11-01T22:57:42.596571+00:00, run_after=2023-11-02T02:57:42.596571+00:00
[2023-11-01T21:57:42.608-0500] {processor.py:179} INFO - Processing /Users/dimz/EconWizard/hermesvirtual/lib/python3.8/site-packages/airflow/example_dags/example_latest_only.py took 0.149 seconds
[2023-11-01T21:59:44.412-0500] {processor.py:157} INFO - Started process (PID=90103) to work on /Users/dimz/EconWizard/hermesvirtual/lib/python3.8/site-packages/airflow/example_dags/example_latest_only.py
[2023-11-01T21:59:44.417-0500] {processor.py:829} INFO - Processing file /Users/dimz/EconWizard/hermesvirtual/lib/python3.8/site-packages/airflow/example_dags/example_latest_only.py for tasks to queue
[2023-11-01T21:59:44.418-0500] {logging_mixin.py:151} INFO - [2023-11-01T21:59:44.418-0500] {dagbag.py:536} INFO - Filling up the DagBag from /Users/dimz/EconWizard/hermesvirtual/lib/python3.8/site-packages/airflow/example_dags/example_latest_only.py
[2023-11-01T21:59:44.435-0500] {processor.py:839} INFO - DAG(s) dict_keys(['latest_only']) retrieved from /Users/dimz/EconWizard/hermesvirtual/lib/python3.8/site-packages/airflow/example_dags/example_latest_only.py
[2023-11-01T21:59:44.543-0500] {logging_mixin.py:151} INFO - [2023-11-01T21:59:44.543-0500] {dag.py:2941} INFO - Sync 1 DAGs
[2023-11-01T21:59:44.552-0500] {logging_mixin.py:151} INFO - [2023-11-01T21:59:44.552-0500] {dag.py:3722} INFO - Setting next_dagrun for latest_only to 2023-11-01T22:59:44.552766+00:00, run_after=2023-11-02T02:59:44.552766+00:00
[2023-11-01T21:59:44.564-0500] {processor.py:179} INFO - Processing /Users/dimz/EconWizard/hermesvirtual/lib/python3.8/site-packages/airflow/example_dags/example_latest_only.py took 0.152 seconds
[2023-11-01T22:01:46.413-0500] {processor.py:157} INFO - Started process (PID=90285) to work on /Users/dimz/EconWizard/hermesvirtual/lib/python3.8/site-packages/airflow/example_dags/example_latest_only.py
[2023-11-01T22:01:46.419-0500] {processor.py:829} INFO - Processing file /Users/dimz/EconWizard/hermesvirtual/lib/python3.8/site-packages/airflow/example_dags/example_latest_only.py for tasks to queue
[2023-11-01T22:01:46.419-0500] {logging_mixin.py:151} INFO - [2023-11-01T22:01:46.419-0500] {dagbag.py:536} INFO - Filling up the DagBag from /Users/dimz/EconWizard/hermesvirtual/lib/python3.8/site-packages/airflow/example_dags/example_latest_only.py
[2023-11-01T22:01:46.438-0500] {processor.py:839} INFO - DAG(s) dict_keys(['latest_only']) retrieved from /Users/dimz/EconWizard/hermesvirtual/lib/python3.8/site-packages/airflow/example_dags/example_latest_only.py
[2023-11-01T22:01:46.552-0500] {logging_mixin.py:151} INFO - [2023-11-01T22:01:46.551-0500] {dag.py:2941} INFO - Sync 1 DAGs
[2023-11-01T22:01:46.562-0500] {logging_mixin.py:151} INFO - [2023-11-01T22:01:46.561-0500] {dag.py:3722} INFO - Setting next_dagrun for latest_only to 2023-11-01T23:01:46.561815+00:00, run_after=2023-11-02T03:01:46.561815+00:00
[2023-11-01T22:01:46.574-0500] {processor.py:179} INFO - Processing /Users/dimz/EconWizard/hermesvirtual/lib/python3.8/site-packages/airflow/example_dags/example_latest_only.py took 0.161 seconds
[2023-11-01T22:03:47.902-0500] {processor.py:157} INFO - Started process (PID=90451) to work on /Users/dimz/EconWizard/hermesvirtual/lib/python3.8/site-packages/airflow/example_dags/example_latest_only.py
[2023-11-01T22:03:47.907-0500] {processor.py:829} INFO - Processing file /Users/dimz/EconWizard/hermesvirtual/lib/python3.8/site-packages/airflow/example_dags/example_latest_only.py for tasks to queue
[2023-11-01T22:03:47.907-0500] {logging_mixin.py:151} INFO - [2023-11-01T22:03:47.907-0500] {dagbag.py:536} INFO - Filling up the DagBag from /Users/dimz/EconWizard/hermesvirtual/lib/python3.8/site-packages/airflow/example_dags/example_latest_only.py
[2023-11-01T22:03:47.923-0500] {processor.py:839} INFO - DAG(s) dict_keys(['latest_only']) retrieved from /Users/dimz/EconWizard/hermesvirtual/lib/python3.8/site-packages/airflow/example_dags/example_latest_only.py
[2023-11-01T22:03:48.025-0500] {logging_mixin.py:151} INFO - [2023-11-01T22:03:48.024-0500] {dag.py:2941} INFO - Sync 1 DAGs
[2023-11-01T22:03:48.033-0500] {logging_mixin.py:151} INFO - [2023-11-01T22:03:48.033-0500] {dag.py:3722} INFO - Setting next_dagrun for latest_only to 2023-11-01T23:03:48.033629+00:00, run_after=2023-11-02T03:03:48.033629+00:00
[2023-11-01T22:03:48.044-0500] {processor.py:179} INFO - Processing /Users/dimz/EconWizard/hermesvirtual/lib/python3.8/site-packages/airflow/example_dags/example_latest_only.py took 0.142 seconds
[2023-11-01T22:05:38.969-0500] {processor.py:157} INFO - Started process (PID=90671) to work on /Users/dimz/EconWizard/hermesvirtual/lib/python3.8/site-packages/airflow/example_dags/example_latest_only.py
[2023-11-01T22:05:38.974-0500] {processor.py:829} INFO - Processing file /Users/dimz/EconWizard/hermesvirtual/lib/python3.8/site-packages/airflow/example_dags/example_latest_only.py for tasks to queue
[2023-11-01T22:05:38.975-0500] {logging_mixin.py:151} INFO - [2023-11-01T22:05:38.975-0500] {dagbag.py:536} INFO - Filling up the DagBag from /Users/dimz/EconWizard/hermesvirtual/lib/python3.8/site-packages/airflow/example_dags/example_latest_only.py
[2023-11-01T22:05:38.992-0500] {processor.py:839} INFO - DAG(s) dict_keys(['latest_only']) retrieved from /Users/dimz/EconWizard/hermesvirtual/lib/python3.8/site-packages/airflow/example_dags/example_latest_only.py
[2023-11-01T22:05:39.098-0500] {logging_mixin.py:151} INFO - [2023-11-01T22:05:39.098-0500] {dag.py:2941} INFO - Sync 1 DAGs
[2023-11-01T22:05:39.107-0500] {logging_mixin.py:151} INFO - [2023-11-01T22:05:39.107-0500] {dag.py:3722} INFO - Setting next_dagrun for latest_only to 2023-11-01T23:05:39.107537+00:00, run_after=2023-11-02T03:05:39.107537+00:00
[2023-11-01T22:05:39.117-0500] {processor.py:179} INFO - Processing /Users/dimz/EconWizard/hermesvirtual/lib/python3.8/site-packages/airflow/example_dags/example_latest_only.py took 0.149 seconds
[2023-11-01T22:07:45.669-0500] {processor.py:157} INFO - Started process (PID=90874) to work on /Users/dimz/EconWizard/hermesvirtual/lib/python3.8/site-packages/airflow/example_dags/example_latest_only.py
[2023-11-01T22:07:45.674-0500] {processor.py:829} INFO - Processing file /Users/dimz/EconWizard/hermesvirtual/lib/python3.8/site-packages/airflow/example_dags/example_latest_only.py for tasks to queue
[2023-11-01T22:07:45.674-0500] {logging_mixin.py:151} INFO - [2023-11-01T22:07:45.674-0500] {dagbag.py:536} INFO - Filling up the DagBag from /Users/dimz/EconWizard/hermesvirtual/lib/python3.8/site-packages/airflow/example_dags/example_latest_only.py
[2023-11-01T22:07:45.693-0500] {processor.py:839} INFO - DAG(s) dict_keys(['latest_only']) retrieved from /Users/dimz/EconWizard/hermesvirtual/lib/python3.8/site-packages/airflow/example_dags/example_latest_only.py
[2023-11-01T22:07:45.824-0500] {logging_mixin.py:151} INFO - [2023-11-01T22:07:45.824-0500] {dag.py:2941} INFO - Sync 1 DAGs
[2023-11-01T22:07:45.833-0500] {logging_mixin.py:151} INFO - [2023-11-01T22:07:45.833-0500] {dag.py:3722} INFO - Setting next_dagrun for latest_only to 2023-11-01T23:07:45.833608+00:00, run_after=2023-11-02T03:07:45.833608+00:00
[2023-11-01T22:07:45.844-0500] {processor.py:179} INFO - Processing /Users/dimz/EconWizard/hermesvirtual/lib/python3.8/site-packages/airflow/example_dags/example_latest_only.py took 0.175 seconds
[2023-11-01T22:13:37.001-0500] {processor.py:157} INFO - Started process (PID=91472) to work on /Users/dimz/EconWizard/hermesvirtual/lib/python3.8/site-packages/airflow/example_dags/example_latest_only.py
[2023-11-01T22:13:37.006-0500] {processor.py:829} INFO - Processing file /Users/dimz/EconWizard/hermesvirtual/lib/python3.8/site-packages/airflow/example_dags/example_latest_only.py for tasks to queue
[2023-11-01T22:13:37.007-0500] {logging_mixin.py:151} INFO - [2023-11-01T22:13:37.006-0500] {dagbag.py:536} INFO - Filling up the DagBag from /Users/dimz/EconWizard/hermesvirtual/lib/python3.8/site-packages/airflow/example_dags/example_latest_only.py
[2023-11-01T22:13:37.022-0500] {processor.py:839} INFO - DAG(s) dict_keys(['latest_only']) retrieved from /Users/dimz/EconWizard/hermesvirtual/lib/python3.8/site-packages/airflow/example_dags/example_latest_only.py
[2023-11-01T22:13:37.356-0500] {logging_mixin.py:151} INFO - [2023-11-01T22:13:37.356-0500] {dag.py:2941} INFO - Sync 1 DAGs
[2023-11-01T22:13:37.365-0500] {logging_mixin.py:151} INFO - [2023-11-01T22:13:37.365-0500] {dag.py:3722} INFO - Setting next_dagrun for latest_only to 2023-11-01T23:13:37.365011+00:00, run_after=2023-11-02T03:13:37.365011+00:00
[2023-11-01T22:13:37.376-0500] {processor.py:179} INFO - Processing /Users/dimz/EconWizard/hermesvirtual/lib/python3.8/site-packages/airflow/example_dags/example_latest_only.py took 0.375 seconds
[2023-11-01T22:15:40.283-0500] {processor.py:157} INFO - Started process (PID=91658) to work on /Users/dimz/EconWizard/hermesvirtual/lib/python3.8/site-packages/airflow/example_dags/example_latest_only.py
[2023-11-01T22:15:40.288-0500] {processor.py:829} INFO - Processing file /Users/dimz/EconWizard/hermesvirtual/lib/python3.8/site-packages/airflow/example_dags/example_latest_only.py for tasks to queue
[2023-11-01T22:15:40.289-0500] {logging_mixin.py:151} INFO - [2023-11-01T22:15:40.289-0500] {dagbag.py:536} INFO - Filling up the DagBag from /Users/dimz/EconWizard/hermesvirtual/lib/python3.8/site-packages/airflow/example_dags/example_latest_only.py
[2023-11-01T22:15:40.304-0500] {processor.py:839} INFO - DAG(s) dict_keys(['latest_only']) retrieved from /Users/dimz/EconWizard/hermesvirtual/lib/python3.8/site-packages/airflow/example_dags/example_latest_only.py
[2023-11-01T22:15:40.410-0500] {logging_mixin.py:151} INFO - [2023-11-01T22:15:40.410-0500] {dag.py:2941} INFO - Sync 1 DAGs
[2023-11-01T22:15:40.420-0500] {logging_mixin.py:151} INFO - [2023-11-01T22:15:40.420-0500] {dag.py:3722} INFO - Setting next_dagrun for latest_only to 2023-11-01T23:15:40.420748+00:00, run_after=2023-11-02T03:15:40.420748+00:00
[2023-11-01T22:15:40.432-0500] {processor.py:179} INFO - Processing /Users/dimz/EconWizard/hermesvirtual/lib/python3.8/site-packages/airflow/example_dags/example_latest_only.py took 0.149 seconds
[2023-11-01T22:17:39.212-0500] {processor.py:157} INFO - Started process (PID=91944) to work on /Users/dimz/EconWizard/hermesvirtual/lib/python3.8/site-packages/airflow/example_dags/example_latest_only.py
[2023-11-01T22:17:39.217-0500] {processor.py:829} INFO - Processing file /Users/dimz/EconWizard/hermesvirtual/lib/python3.8/site-packages/airflow/example_dags/example_latest_only.py for tasks to queue
[2023-11-01T22:17:39.218-0500] {logging_mixin.py:151} INFO - [2023-11-01T22:17:39.218-0500] {dagbag.py:536} INFO - Filling up the DagBag from /Users/dimz/EconWizard/hermesvirtual/lib/python3.8/site-packages/airflow/example_dags/example_latest_only.py
[2023-11-01T22:17:39.233-0500] {processor.py:839} INFO - DAG(s) dict_keys(['latest_only']) retrieved from /Users/dimz/EconWizard/hermesvirtual/lib/python3.8/site-packages/airflow/example_dags/example_latest_only.py
[2023-11-01T22:17:39.337-0500] {logging_mixin.py:151} INFO - [2023-11-01T22:17:39.337-0500] {dag.py:2941} INFO - Sync 1 DAGs
[2023-11-01T22:17:39.346-0500] {logging_mixin.py:151} INFO - [2023-11-01T22:17:39.346-0500] {dag.py:3722} INFO - Setting next_dagrun for latest_only to 2023-11-01T23:17:39.346383+00:00, run_after=2023-11-02T03:17:39.346383+00:00
[2023-11-01T22:17:39.357-0500] {processor.py:179} INFO - Processing /Users/dimz/EconWizard/hermesvirtual/lib/python3.8/site-packages/airflow/example_dags/example_latest_only.py took 0.145 seconds
[2023-11-01T22:19:34.352-0500] {processor.py:157} INFO - Started process (PID=92217) to work on /Users/dimz/EconWizard/hermesvirtual/lib/python3.8/site-packages/airflow/example_dags/example_latest_only.py
[2023-11-01T22:19:34.357-0500] {processor.py:829} INFO - Processing file /Users/dimz/EconWizard/hermesvirtual/lib/python3.8/site-packages/airflow/example_dags/example_latest_only.py for tasks to queue
[2023-11-01T22:19:34.358-0500] {logging_mixin.py:151} INFO - [2023-11-01T22:19:34.358-0500] {dagbag.py:536} INFO - Filling up the DagBag from /Users/dimz/EconWizard/hermesvirtual/lib/python3.8/site-packages/airflow/example_dags/example_latest_only.py
[2023-11-01T22:19:34.373-0500] {processor.py:839} INFO - DAG(s) dict_keys(['latest_only']) retrieved from /Users/dimz/EconWizard/hermesvirtual/lib/python3.8/site-packages/airflow/example_dags/example_latest_only.py
[2023-11-01T22:19:34.475-0500] {logging_mixin.py:151} INFO - [2023-11-01T22:19:34.474-0500] {dag.py:2941} INFO - Sync 1 DAGs
[2023-11-01T22:19:34.483-0500] {logging_mixin.py:151} INFO - [2023-11-01T22:19:34.483-0500] {dag.py:3722} INFO - Setting next_dagrun for latest_only to 2023-11-01T23:19:34.483752+00:00, run_after=2023-11-02T03:19:34.483752+00:00
[2023-11-01T22:19:34.494-0500] {processor.py:179} INFO - Processing /Users/dimz/EconWizard/hermesvirtual/lib/python3.8/site-packages/airflow/example_dags/example_latest_only.py took 0.142 seconds
[2023-11-01T22:21:23.809-0500] {processor.py:157} INFO - Started process (PID=92487) to work on /Users/dimz/EconWizard/hermesvirtual/lib/python3.8/site-packages/airflow/example_dags/example_latest_only.py
[2023-11-01T22:21:23.814-0500] {processor.py:829} INFO - Processing file /Users/dimz/EconWizard/hermesvirtual/lib/python3.8/site-packages/airflow/example_dags/example_latest_only.py for tasks to queue
[2023-11-01T22:21:23.815-0500] {logging_mixin.py:151} INFO - [2023-11-01T22:21:23.815-0500] {dagbag.py:536} INFO - Filling up the DagBag from /Users/dimz/EconWizard/hermesvirtual/lib/python3.8/site-packages/airflow/example_dags/example_latest_only.py
[2023-11-01T22:21:23.831-0500] {processor.py:839} INFO - DAG(s) dict_keys(['latest_only']) retrieved from /Users/dimz/EconWizard/hermesvirtual/lib/python3.8/site-packages/airflow/example_dags/example_latest_only.py
[2023-11-01T22:21:23.935-0500] {logging_mixin.py:151} INFO - [2023-11-01T22:21:23.935-0500] {dag.py:2941} INFO - Sync 1 DAGs
[2023-11-01T22:21:23.944-0500] {logging_mixin.py:151} INFO - [2023-11-01T22:21:23.944-0500] {dag.py:3722} INFO - Setting next_dagrun for latest_only to 2023-11-01T23:21:23.944538+00:00, run_after=2023-11-02T03:21:23.944538+00:00
[2023-11-01T22:21:23.954-0500] {processor.py:179} INFO - Processing /Users/dimz/EconWizard/hermesvirtual/lib/python3.8/site-packages/airflow/example_dags/example_latest_only.py took 0.146 seconds
[2023-11-01T22:23:24.078-0500] {processor.py:157} INFO - Started process (PID=92822) to work on /Users/dimz/EconWizard/hermesvirtual/lib/python3.8/site-packages/airflow/example_dags/example_latest_only.py
[2023-11-01T22:23:24.083-0500] {processor.py:829} INFO - Processing file /Users/dimz/EconWizard/hermesvirtual/lib/python3.8/site-packages/airflow/example_dags/example_latest_only.py for tasks to queue
[2023-11-01T22:23:24.083-0500] {logging_mixin.py:151} INFO - [2023-11-01T22:23:24.083-0500] {dagbag.py:536} INFO - Filling up the DagBag from /Users/dimz/EconWizard/hermesvirtual/lib/python3.8/site-packages/airflow/example_dags/example_latest_only.py
[2023-11-01T22:23:24.098-0500] {processor.py:839} INFO - DAG(s) dict_keys(['latest_only']) retrieved from /Users/dimz/EconWizard/hermesvirtual/lib/python3.8/site-packages/airflow/example_dags/example_latest_only.py
[2023-11-01T22:23:24.200-0500] {logging_mixin.py:151} INFO - [2023-11-01T22:23:24.200-0500] {dag.py:2941} INFO - Sync 1 DAGs
[2023-11-01T22:23:24.209-0500] {logging_mixin.py:151} INFO - [2023-11-01T22:23:24.209-0500] {dag.py:3722} INFO - Setting next_dagrun for latest_only to 2023-11-01T23:23:24.208980+00:00, run_after=2023-11-02T03:23:24.208980+00:00
[2023-11-01T22:23:24.219-0500] {processor.py:179} INFO - Processing /Users/dimz/EconWizard/hermesvirtual/lib/python3.8/site-packages/airflow/example_dags/example_latest_only.py took 0.141 seconds
[2023-11-02T04:18:39.228-0500] {processor.py:157} INFO - Started process (PID=93180) to work on /Users/dimz/EconWizard/hermesvirtual/lib/python3.8/site-packages/airflow/example_dags/example_latest_only.py
[2023-11-02T04:18:39.233-0500] {processor.py:829} INFO - Processing file /Users/dimz/EconWizard/hermesvirtual/lib/python3.8/site-packages/airflow/example_dags/example_latest_only.py for tasks to queue
[2023-11-02T04:18:39.234-0500] {logging_mixin.py:151} INFO - [2023-11-02T04:18:39.234-0500] {dagbag.py:536} INFO - Filling up the DagBag from /Users/dimz/EconWizard/hermesvirtual/lib/python3.8/site-packages/airflow/example_dags/example_latest_only.py
[2023-11-02T04:18:39.251-0500] {processor.py:839} INFO - DAG(s) dict_keys(['latest_only']) retrieved from /Users/dimz/EconWizard/hermesvirtual/lib/python3.8/site-packages/airflow/example_dags/example_latest_only.py
[2023-11-02T04:18:39.371-0500] {logging_mixin.py:151} INFO - [2023-11-02T04:18:39.371-0500] {dag.py:2941} INFO - Sync 1 DAGs
[2023-11-02T04:18:39.381-0500] {logging_mixin.py:151} INFO - [2023-11-02T04:18:39.381-0500] {dag.py:3722} INFO - Setting next_dagrun for latest_only to 2023-11-02T05:18:39.381689+00:00, run_after=2023-11-02T09:18:39.381689+00:00
[2023-11-02T04:18:39.393-0500] {processor.py:179} INFO - Processing /Users/dimz/EconWizard/hermesvirtual/lib/python3.8/site-packages/airflow/example_dags/example_latest_only.py took 0.165 seconds
[2023-11-02T06:54:00.513-0500] {processor.py:157} INFO - Started process (PID=93305) to work on /Users/dimz/EconWizard/hermesvirtual/lib/python3.8/site-packages/airflow/example_dags/example_latest_only.py
[2023-11-02T06:54:00.518-0500] {processor.py:829} INFO - Processing file /Users/dimz/EconWizard/hermesvirtual/lib/python3.8/site-packages/airflow/example_dags/example_latest_only.py for tasks to queue
[2023-11-02T06:54:00.518-0500] {logging_mixin.py:151} INFO - [2023-11-02T06:54:00.518-0500] {dagbag.py:536} INFO - Filling up the DagBag from /Users/dimz/EconWizard/hermesvirtual/lib/python3.8/site-packages/airflow/example_dags/example_latest_only.py
[2023-11-02T06:54:00.534-0500] {processor.py:839} INFO - DAG(s) dict_keys(['latest_only']) retrieved from /Users/dimz/EconWizard/hermesvirtual/lib/python3.8/site-packages/airflow/example_dags/example_latest_only.py
[2023-11-02T06:54:00.640-0500] {logging_mixin.py:151} INFO - [2023-11-02T06:54:00.640-0500] {dag.py:2941} INFO - Sync 1 DAGs
[2023-11-02T06:54:00.649-0500] {logging_mixin.py:151} INFO - [2023-11-02T06:54:00.649-0500] {dag.py:3722} INFO - Setting next_dagrun for latest_only to 2023-11-02T07:54:00.649731+00:00, run_after=2023-11-02T11:54:00.649731+00:00
[2023-11-02T06:54:00.660-0500] {processor.py:179} INFO - Processing /Users/dimz/EconWizard/hermesvirtual/lib/python3.8/site-packages/airflow/example_dags/example_latest_only.py took 0.147 seconds
[2023-11-02T08:29:14.497-0500] {processor.py:157} INFO - Started process (PID=93417) to work on /Users/dimz/EconWizard/hermesvirtual/lib/python3.8/site-packages/airflow/example_dags/example_latest_only.py
[2023-11-02T08:29:14.503-0500] {processor.py:829} INFO - Processing file /Users/dimz/EconWizard/hermesvirtual/lib/python3.8/site-packages/airflow/example_dags/example_latest_only.py for tasks to queue
[2023-11-02T08:29:14.503-0500] {logging_mixin.py:151} INFO - [2023-11-02T08:29:14.503-0500] {dagbag.py:536} INFO - Filling up the DagBag from /Users/dimz/EconWizard/hermesvirtual/lib/python3.8/site-packages/airflow/example_dags/example_latest_only.py
[2023-11-02T08:29:14.520-0500] {processor.py:839} INFO - DAG(s) dict_keys(['latest_only']) retrieved from /Users/dimz/EconWizard/hermesvirtual/lib/python3.8/site-packages/airflow/example_dags/example_latest_only.py
[2023-11-02T08:29:14.631-0500] {logging_mixin.py:151} INFO - [2023-11-02T08:29:14.630-0500] {dag.py:2941} INFO - Sync 1 DAGs
[2023-11-02T08:29:14.640-0500] {logging_mixin.py:151} INFO - [2023-11-02T08:29:14.640-0500] {dag.py:3722} INFO - Setting next_dagrun for latest_only to 2023-11-02T09:29:14.640449+00:00, run_after=2023-11-02T13:29:14.640449+00:00
[2023-11-02T08:29:14.651-0500] {processor.py:179} INFO - Processing /Users/dimz/EconWizard/hermesvirtual/lib/python3.8/site-packages/airflow/example_dags/example_latest_only.py took 0.155 seconds
[2023-11-02T09:03:22.047-0500] {processor.py:157} INFO - Started process (PID=93625) to work on /Users/dimz/EconWizard/hermesvirtual/lib/python3.8/site-packages/airflow/example_dags/example_latest_only.py
[2023-11-02T09:03:22.052-0500] {processor.py:829} INFO - Processing file /Users/dimz/EconWizard/hermesvirtual/lib/python3.8/site-packages/airflow/example_dags/example_latest_only.py for tasks to queue
[2023-11-02T09:03:22.053-0500] {logging_mixin.py:151} INFO - [2023-11-02T09:03:22.052-0500] {dagbag.py:536} INFO - Filling up the DagBag from /Users/dimz/EconWizard/hermesvirtual/lib/python3.8/site-packages/airflow/example_dags/example_latest_only.py
[2023-11-02T09:03:22.069-0500] {processor.py:839} INFO - DAG(s) dict_keys(['latest_only']) retrieved from /Users/dimz/EconWizard/hermesvirtual/lib/python3.8/site-packages/airflow/example_dags/example_latest_only.py
[2023-11-02T09:03:22.183-0500] {logging_mixin.py:151} INFO - [2023-11-02T09:03:22.183-0500] {dag.py:2941} INFO - Sync 1 DAGs
[2023-11-02T09:03:22.193-0500] {logging_mixin.py:151} INFO - [2023-11-02T09:03:22.193-0500] {dag.py:3722} INFO - Setting next_dagrun for latest_only to 2023-11-02T10:03:22.192939+00:00, run_after=2023-11-02T14:03:22.192939+00:00
[2023-11-02T09:03:22.204-0500] {processor.py:179} INFO - Processing /Users/dimz/EconWizard/hermesvirtual/lib/python3.8/site-packages/airflow/example_dags/example_latest_only.py took 0.157 seconds
[2023-11-02T09:05:20.735-0500] {processor.py:157} INFO - Started process (PID=93797) to work on /Users/dimz/EconWizard/hermesvirtual/lib/python3.8/site-packages/airflow/example_dags/example_latest_only.py
[2023-11-02T09:05:20.740-0500] {processor.py:829} INFO - Processing file /Users/dimz/EconWizard/hermesvirtual/lib/python3.8/site-packages/airflow/example_dags/example_latest_only.py for tasks to queue
[2023-11-02T09:05:20.740-0500] {logging_mixin.py:151} INFO - [2023-11-02T09:05:20.740-0500] {dagbag.py:536} INFO - Filling up the DagBag from /Users/dimz/EconWizard/hermesvirtual/lib/python3.8/site-packages/airflow/example_dags/example_latest_only.py
[2023-11-02T09:05:20.756-0500] {processor.py:839} INFO - DAG(s) dict_keys(['latest_only']) retrieved from /Users/dimz/EconWizard/hermesvirtual/lib/python3.8/site-packages/airflow/example_dags/example_latest_only.py
[2023-11-02T09:05:20.857-0500] {logging_mixin.py:151} INFO - [2023-11-02T09:05:20.857-0500] {dag.py:2941} INFO - Sync 1 DAGs
[2023-11-02T09:05:20.866-0500] {logging_mixin.py:151} INFO - [2023-11-02T09:05:20.866-0500] {dag.py:3722} INFO - Setting next_dagrun for latest_only to 2023-11-02T10:05:20.866602+00:00, run_after=2023-11-02T14:05:20.866602+00:00
[2023-11-02T09:05:20.877-0500] {processor.py:179} INFO - Processing /Users/dimz/EconWizard/hermesvirtual/lib/python3.8/site-packages/airflow/example_dags/example_latest_only.py took 0.142 seconds
[2023-11-02T09:07:23.181-0500] {processor.py:157} INFO - Started process (PID=93927) to work on /Users/dimz/EconWizard/hermesvirtual/lib/python3.8/site-packages/airflow/example_dags/example_latest_only.py
[2023-11-02T09:07:23.186-0500] {processor.py:829} INFO - Processing file /Users/dimz/EconWizard/hermesvirtual/lib/python3.8/site-packages/airflow/example_dags/example_latest_only.py for tasks to queue
[2023-11-02T09:07:23.186-0500] {logging_mixin.py:151} INFO - [2023-11-02T09:07:23.186-0500] {dagbag.py:536} INFO - Filling up the DagBag from /Users/dimz/EconWizard/hermesvirtual/lib/python3.8/site-packages/airflow/example_dags/example_latest_only.py
[2023-11-02T09:07:23.202-0500] {processor.py:839} INFO - DAG(s) dict_keys(['latest_only']) retrieved from /Users/dimz/EconWizard/hermesvirtual/lib/python3.8/site-packages/airflow/example_dags/example_latest_only.py
[2023-11-02T09:07:23.303-0500] {logging_mixin.py:151} INFO - [2023-11-02T09:07:23.303-0500] {dag.py:2941} INFO - Sync 1 DAGs
[2023-11-02T09:07:23.312-0500] {logging_mixin.py:151} INFO - [2023-11-02T09:07:23.312-0500] {dag.py:3722} INFO - Setting next_dagrun for latest_only to 2023-11-02T10:07:23.312270+00:00, run_after=2023-11-02T14:07:23.312270+00:00
[2023-11-02T09:07:23.322-0500] {processor.py:179} INFO - Processing /Users/dimz/EconWizard/hermesvirtual/lib/python3.8/site-packages/airflow/example_dags/example_latest_only.py took 0.142 seconds
[2023-11-02T09:09:30.051-0500] {processor.py:157} INFO - Started process (PID=94219) to work on /Users/dimz/EconWizard/hermesvirtual/lib/python3.8/site-packages/airflow/example_dags/example_latest_only.py
[2023-11-02T09:09:30.057-0500] {processor.py:829} INFO - Processing file /Users/dimz/EconWizard/hermesvirtual/lib/python3.8/site-packages/airflow/example_dags/example_latest_only.py for tasks to queue
[2023-11-02T09:09:30.057-0500] {logging_mixin.py:151} INFO - [2023-11-02T09:09:30.057-0500] {dagbag.py:536} INFO - Filling up the DagBag from /Users/dimz/EconWizard/hermesvirtual/lib/python3.8/site-packages/airflow/example_dags/example_latest_only.py
[2023-11-02T09:09:30.073-0500] {processor.py:839} INFO - DAG(s) dict_keys(['latest_only']) retrieved from /Users/dimz/EconWizard/hermesvirtual/lib/python3.8/site-packages/airflow/example_dags/example_latest_only.py
[2023-11-02T09:09:30.175-0500] {logging_mixin.py:151} INFO - [2023-11-02T09:09:30.174-0500] {dag.py:2941} INFO - Sync 1 DAGs
[2023-11-02T09:09:30.183-0500] {logging_mixin.py:151} INFO - [2023-11-02T09:09:30.183-0500] {dag.py:3722} INFO - Setting next_dagrun for latest_only to 2023-11-02T10:09:30.183772+00:00, run_after=2023-11-02T14:09:30.183772+00:00
[2023-11-02T09:09:30.194-0500] {processor.py:179} INFO - Processing /Users/dimz/EconWizard/hermesvirtual/lib/python3.8/site-packages/airflow/example_dags/example_latest_only.py took 0.143 seconds
[2023-11-02T09:11:38.045-0500] {processor.py:157} INFO - Started process (PID=94421) to work on /Users/dimz/EconWizard/hermesvirtual/lib/python3.8/site-packages/airflow/example_dags/example_latest_only.py
[2023-11-02T09:11:38.051-0500] {processor.py:829} INFO - Processing file /Users/dimz/EconWizard/hermesvirtual/lib/python3.8/site-packages/airflow/example_dags/example_latest_only.py for tasks to queue
[2023-11-02T09:11:38.051-0500] {logging_mixin.py:151} INFO - [2023-11-02T09:11:38.051-0500] {dagbag.py:536} INFO - Filling up the DagBag from /Users/dimz/EconWizard/hermesvirtual/lib/python3.8/site-packages/airflow/example_dags/example_latest_only.py
[2023-11-02T09:11:38.067-0500] {processor.py:839} INFO - DAG(s) dict_keys(['latest_only']) retrieved from /Users/dimz/EconWizard/hermesvirtual/lib/python3.8/site-packages/airflow/example_dags/example_latest_only.py
[2023-11-02T09:11:38.173-0500] {logging_mixin.py:151} INFO - [2023-11-02T09:11:38.173-0500] {dag.py:2941} INFO - Sync 1 DAGs
[2023-11-02T09:11:38.182-0500] {logging_mixin.py:151} INFO - [2023-11-02T09:11:38.182-0500] {dag.py:3722} INFO - Setting next_dagrun for latest_only to 2023-11-02T10:11:38.182020+00:00, run_after=2023-11-02T14:11:38.182020+00:00
[2023-11-02T09:11:38.192-0500] {processor.py:179} INFO - Processing /Users/dimz/EconWizard/hermesvirtual/lib/python3.8/site-packages/airflow/example_dags/example_latest_only.py took 0.147 seconds
[2023-11-02T09:13:44.945-0500] {processor.py:157} INFO - Started process (PID=94561) to work on /Users/dimz/EconWizard/hermesvirtual/lib/python3.8/site-packages/airflow/example_dags/example_latest_only.py
[2023-11-02T09:13:44.950-0500] {processor.py:829} INFO - Processing file /Users/dimz/EconWizard/hermesvirtual/lib/python3.8/site-packages/airflow/example_dags/example_latest_only.py for tasks to queue
[2023-11-02T09:13:44.951-0500] {logging_mixin.py:151} INFO - [2023-11-02T09:13:44.951-0500] {dagbag.py:536} INFO - Filling up the DagBag from /Users/dimz/EconWizard/hermesvirtual/lib/python3.8/site-packages/airflow/example_dags/example_latest_only.py
[2023-11-02T09:13:44.969-0500] {processor.py:839} INFO - DAG(s) dict_keys(['latest_only']) retrieved from /Users/dimz/EconWizard/hermesvirtual/lib/python3.8/site-packages/airflow/example_dags/example_latest_only.py
[2023-11-02T09:13:45.095-0500] {logging_mixin.py:151} INFO - [2023-11-02T09:13:45.095-0500] {dag.py:2941} INFO - Sync 1 DAGs
[2023-11-02T09:13:45.105-0500] {logging_mixin.py:151} INFO - [2023-11-02T09:13:45.105-0500] {dag.py:3722} INFO - Setting next_dagrun for latest_only to 2023-11-02T10:13:45.105496+00:00, run_after=2023-11-02T14:13:45.105496+00:00
[2023-11-02T09:13:45.118-0500] {processor.py:179} INFO - Processing /Users/dimz/EconWizard/hermesvirtual/lib/python3.8/site-packages/airflow/example_dags/example_latest_only.py took 0.174 seconds
[2023-11-02T09:15:53.477-0500] {processor.py:157} INFO - Started process (PID=94692) to work on /Users/dimz/EconWizard/hermesvirtual/lib/python3.8/site-packages/airflow/example_dags/example_latest_only.py
[2023-11-02T09:15:53.481-0500] {processor.py:829} INFO - Processing file /Users/dimz/EconWizard/hermesvirtual/lib/python3.8/site-packages/airflow/example_dags/example_latest_only.py for tasks to queue
[2023-11-02T09:15:53.481-0500] {logging_mixin.py:151} INFO - [2023-11-02T09:15:53.481-0500] {dagbag.py:536} INFO - Filling up the DagBag from /Users/dimz/EconWizard/hermesvirtual/lib/python3.8/site-packages/airflow/example_dags/example_latest_only.py
[2023-11-02T09:15:53.497-0500] {processor.py:839} INFO - DAG(s) dict_keys(['latest_only']) retrieved from /Users/dimz/EconWizard/hermesvirtual/lib/python3.8/site-packages/airflow/example_dags/example_latest_only.py
[2023-11-02T09:15:53.600-0500] {logging_mixin.py:151} INFO - [2023-11-02T09:15:53.599-0500] {dag.py:2941} INFO - Sync 1 DAGs
[2023-11-02T09:15:53.608-0500] {logging_mixin.py:151} INFO - [2023-11-02T09:15:53.608-0500] {dag.py:3722} INFO - Setting next_dagrun for latest_only to 2023-11-02T10:15:53.608744+00:00, run_after=2023-11-02T14:15:53.608744+00:00
[2023-11-02T09:15:53.619-0500] {processor.py:179} INFO - Processing /Users/dimz/EconWizard/hermesvirtual/lib/python3.8/site-packages/airflow/example_dags/example_latest_only.py took 0.142 seconds
[2023-11-02T09:17:52.216-0500] {processor.py:157} INFO - Started process (PID=94830) to work on /Users/dimz/EconWizard/hermesvirtual/lib/python3.8/site-packages/airflow/example_dags/example_latest_only.py
[2023-11-02T09:17:52.221-0500] {processor.py:829} INFO - Processing file /Users/dimz/EconWizard/hermesvirtual/lib/python3.8/site-packages/airflow/example_dags/example_latest_only.py for tasks to queue
[2023-11-02T09:17:52.221-0500] {logging_mixin.py:151} INFO - [2023-11-02T09:17:52.221-0500] {dagbag.py:536} INFO - Filling up the DagBag from /Users/dimz/EconWizard/hermesvirtual/lib/python3.8/site-packages/airflow/example_dags/example_latest_only.py
[2023-11-02T09:17:52.237-0500] {processor.py:839} INFO - DAG(s) dict_keys(['latest_only']) retrieved from /Users/dimz/EconWizard/hermesvirtual/lib/python3.8/site-packages/airflow/example_dags/example_latest_only.py
[2023-11-02T09:17:52.340-0500] {logging_mixin.py:151} INFO - [2023-11-02T09:17:52.340-0500] {dag.py:2941} INFO - Sync 1 DAGs
[2023-11-02T09:17:52.349-0500] {logging_mixin.py:151} INFO - [2023-11-02T09:17:52.349-0500] {dag.py:3722} INFO - Setting next_dagrun for latest_only to 2023-11-02T10:17:52.349265+00:00, run_after=2023-11-02T14:17:52.349265+00:00
[2023-11-02T09:17:52.359-0500] {processor.py:179} INFO - Processing /Users/dimz/EconWizard/hermesvirtual/lib/python3.8/site-packages/airflow/example_dags/example_latest_only.py took 0.144 seconds
[2023-11-02T09:20:01.908-0500] {processor.py:157} INFO - Started process (PID=95029) to work on /Users/dimz/EconWizard/hermesvirtual/lib/python3.8/site-packages/airflow/example_dags/example_latest_only.py
[2023-11-02T09:20:01.913-0500] {processor.py:829} INFO - Processing file /Users/dimz/EconWizard/hermesvirtual/lib/python3.8/site-packages/airflow/example_dags/example_latest_only.py for tasks to queue
[2023-11-02T09:20:01.914-0500] {logging_mixin.py:151} INFO - [2023-11-02T09:20:01.914-0500] {dagbag.py:536} INFO - Filling up the DagBag from /Users/dimz/EconWizard/hermesvirtual/lib/python3.8/site-packages/airflow/example_dags/example_latest_only.py
[2023-11-02T09:20:01.933-0500] {processor.py:839} INFO - DAG(s) dict_keys(['latest_only']) retrieved from /Users/dimz/EconWizard/hermesvirtual/lib/python3.8/site-packages/airflow/example_dags/example_latest_only.py
[2023-11-02T09:20:02.049-0500] {logging_mixin.py:151} INFO - [2023-11-02T09:20:02.049-0500] {dag.py:2941} INFO - Sync 1 DAGs
[2023-11-02T09:20:02.060-0500] {logging_mixin.py:151} INFO - [2023-11-02T09:20:02.059-0500] {dag.py:3722} INFO - Setting next_dagrun for latest_only to 2023-11-02T10:20:02.059865+00:00, run_after=2023-11-02T14:20:02.059865+00:00
[2023-11-02T09:20:02.072-0500] {processor.py:179} INFO - Processing /Users/dimz/EconWizard/hermesvirtual/lib/python3.8/site-packages/airflow/example_dags/example_latest_only.py took 0.164 seconds
[2023-11-02T09:22:11.744-0500] {processor.py:157} INFO - Started process (PID=95161) to work on /Users/dimz/EconWizard/hermesvirtual/lib/python3.8/site-packages/airflow/example_dags/example_latest_only.py
[2023-11-02T09:22:11.749-0500] {processor.py:829} INFO - Processing file /Users/dimz/EconWizard/hermesvirtual/lib/python3.8/site-packages/airflow/example_dags/example_latest_only.py for tasks to queue
[2023-11-02T09:22:11.749-0500] {logging_mixin.py:151} INFO - [2023-11-02T09:22:11.749-0500] {dagbag.py:536} INFO - Filling up the DagBag from /Users/dimz/EconWizard/hermesvirtual/lib/python3.8/site-packages/airflow/example_dags/example_latest_only.py
[2023-11-02T09:22:11.767-0500] {processor.py:839} INFO - DAG(s) dict_keys(['latest_only']) retrieved from /Users/dimz/EconWizard/hermesvirtual/lib/python3.8/site-packages/airflow/example_dags/example_latest_only.py
[2023-11-02T09:22:11.884-0500] {logging_mixin.py:151} INFO - [2023-11-02T09:22:11.884-0500] {dag.py:2941} INFO - Sync 1 DAGs
[2023-11-02T09:22:11.895-0500] {logging_mixin.py:151} INFO - [2023-11-02T09:22:11.894-0500] {dag.py:3722} INFO - Setting next_dagrun for latest_only to 2023-11-02T10:22:11.894824+00:00, run_after=2023-11-02T14:22:11.894824+00:00
[2023-11-02T09:22:11.907-0500] {processor.py:179} INFO - Processing /Users/dimz/EconWizard/hermesvirtual/lib/python3.8/site-packages/airflow/example_dags/example_latest_only.py took 0.164 seconds
[2023-11-02T09:24:17.245-0500] {processor.py:157} INFO - Started process (PID=95379) to work on /Users/dimz/EconWizard/hermesvirtual/lib/python3.8/site-packages/airflow/example_dags/example_latest_only.py
[2023-11-02T09:24:17.249-0500] {processor.py:829} INFO - Processing file /Users/dimz/EconWizard/hermesvirtual/lib/python3.8/site-packages/airflow/example_dags/example_latest_only.py for tasks to queue
[2023-11-02T09:24:17.249-0500] {logging_mixin.py:151} INFO - [2023-11-02T09:24:17.249-0500] {dagbag.py:536} INFO - Filling up the DagBag from /Users/dimz/EconWizard/hermesvirtual/lib/python3.8/site-packages/airflow/example_dags/example_latest_only.py
[2023-11-02T09:24:17.265-0500] {processor.py:839} INFO - DAG(s) dict_keys(['latest_only']) retrieved from /Users/dimz/EconWizard/hermesvirtual/lib/python3.8/site-packages/airflow/example_dags/example_latest_only.py
[2023-11-02T09:24:17.378-0500] {logging_mixin.py:151} INFO - [2023-11-02T09:24:17.378-0500] {dag.py:2941} INFO - Sync 1 DAGs
[2023-11-02T09:24:17.388-0500] {logging_mixin.py:151} INFO - [2023-11-02T09:24:17.388-0500] {dag.py:3722} INFO - Setting next_dagrun for latest_only to 2023-11-02T10:24:17.388207+00:00, run_after=2023-11-02T14:24:17.388207+00:00
[2023-11-02T09:24:17.398-0500] {processor.py:179} INFO - Processing /Users/dimz/EconWizard/hermesvirtual/lib/python3.8/site-packages/airflow/example_dags/example_latest_only.py took 0.154 seconds
[2023-11-02T09:26:24.293-0500] {processor.py:157} INFO - Started process (PID=95621) to work on /Users/dimz/EconWizard/hermesvirtual/lib/python3.8/site-packages/airflow/example_dags/example_latest_only.py
[2023-11-02T09:26:24.298-0500] {processor.py:829} INFO - Processing file /Users/dimz/EconWizard/hermesvirtual/lib/python3.8/site-packages/airflow/example_dags/example_latest_only.py for tasks to queue
[2023-11-02T09:26:24.299-0500] {logging_mixin.py:151} INFO - [2023-11-02T09:26:24.299-0500] {dagbag.py:536} INFO - Filling up the DagBag from /Users/dimz/EconWizard/hermesvirtual/lib/python3.8/site-packages/airflow/example_dags/example_latest_only.py
[2023-11-02T09:26:24.314-0500] {processor.py:839} INFO - DAG(s) dict_keys(['latest_only']) retrieved from /Users/dimz/EconWizard/hermesvirtual/lib/python3.8/site-packages/airflow/example_dags/example_latest_only.py
[2023-11-02T09:26:24.419-0500] {logging_mixin.py:151} INFO - [2023-11-02T09:26:24.419-0500] {dag.py:2941} INFO - Sync 1 DAGs
[2023-11-02T09:26:24.430-0500] {logging_mixin.py:151} INFO - [2023-11-02T09:26:24.430-0500] {dag.py:3722} INFO - Setting next_dagrun for latest_only to 2023-11-02T10:26:24.430114+00:00, run_after=2023-11-02T14:26:24.430114+00:00
[2023-11-02T09:26:24.443-0500] {processor.py:179} INFO - Processing /Users/dimz/EconWizard/hermesvirtual/lib/python3.8/site-packages/airflow/example_dags/example_latest_only.py took 0.151 seconds
[2023-11-02T09:29:20.597-0500] {processor.py:157} INFO - Started process (PID=95866) to work on /Users/dimz/EconWizard/hermesvirtual/lib/python3.8/site-packages/airflow/example_dags/example_latest_only.py
[2023-11-02T09:29:20.602-0500] {processor.py:829} INFO - Processing file /Users/dimz/EconWizard/hermesvirtual/lib/python3.8/site-packages/airflow/example_dags/example_latest_only.py for tasks to queue
[2023-11-02T09:29:20.603-0500] {logging_mixin.py:151} INFO - [2023-11-02T09:29:20.603-0500] {dagbag.py:536} INFO - Filling up the DagBag from /Users/dimz/EconWizard/hermesvirtual/lib/python3.8/site-packages/airflow/example_dags/example_latest_only.py
[2023-11-02T09:29:20.622-0500] {processor.py:839} INFO - DAG(s) dict_keys(['latest_only']) retrieved from /Users/dimz/EconWizard/hermesvirtual/lib/python3.8/site-packages/airflow/example_dags/example_latest_only.py
[2023-11-02T09:29:20.734-0500] {logging_mixin.py:151} INFO - [2023-11-02T09:29:20.733-0500] {dag.py:2941} INFO - Sync 1 DAGs
[2023-11-02T09:29:20.743-0500] {logging_mixin.py:151} INFO - [2023-11-02T09:29:20.743-0500] {dag.py:3722} INFO - Setting next_dagrun for latest_only to 2023-11-02T10:29:20.743698+00:00, run_after=2023-11-02T14:29:20.743698+00:00
[2023-11-02T09:29:20.755-0500] {processor.py:179} INFO - Processing /Users/dimz/EconWizard/hermesvirtual/lib/python3.8/site-packages/airflow/example_dags/example_latest_only.py took 0.158 seconds
[2023-11-02T09:31:31.816-0500] {processor.py:157} INFO - Started process (PID=96028) to work on /Users/dimz/EconWizard/hermesvirtual/lib/python3.8/site-packages/airflow/example_dags/example_latest_only.py
[2023-11-02T09:31:31.822-0500] {processor.py:829} INFO - Processing file /Users/dimz/EconWizard/hermesvirtual/lib/python3.8/site-packages/airflow/example_dags/example_latest_only.py for tasks to queue
[2023-11-02T09:31:31.822-0500] {logging_mixin.py:151} INFO - [2023-11-02T09:31:31.822-0500] {dagbag.py:536} INFO - Filling up the DagBag from /Users/dimz/EconWizard/hermesvirtual/lib/python3.8/site-packages/airflow/example_dags/example_latest_only.py
[2023-11-02T09:31:31.839-0500] {processor.py:839} INFO - DAG(s) dict_keys(['latest_only']) retrieved from /Users/dimz/EconWizard/hermesvirtual/lib/python3.8/site-packages/airflow/example_dags/example_latest_only.py
[2023-11-02T09:31:31.956-0500] {logging_mixin.py:151} INFO - [2023-11-02T09:31:31.956-0500] {dag.py:2941} INFO - Sync 1 DAGs
[2023-11-02T09:31:31.967-0500] {logging_mixin.py:151} INFO - [2023-11-02T09:31:31.967-0500] {dag.py:3722} INFO - Setting next_dagrun for latest_only to 2023-11-02T10:31:31.967143+00:00, run_after=2023-11-02T14:31:31.967143+00:00
[2023-11-02T09:31:31.980-0500] {processor.py:179} INFO - Processing /Users/dimz/EconWizard/hermesvirtual/lib/python3.8/site-packages/airflow/example_dags/example_latest_only.py took 0.164 seconds
[2023-11-02T10:13:41.264-0500] {processor.py:157} INFO - Started process (PID=97569) to work on /Users/dimz/EconWizard/hermesvirtual/lib/python3.8/site-packages/airflow/example_dags/example_latest_only.py
[2023-11-02T10:13:41.269-0500] {processor.py:829} INFO - Processing file /Users/dimz/EconWizard/hermesvirtual/lib/python3.8/site-packages/airflow/example_dags/example_latest_only.py for tasks to queue
[2023-11-02T10:13:41.269-0500] {logging_mixin.py:151} INFO - [2023-11-02T10:13:41.269-0500] {dagbag.py:536} INFO - Filling up the DagBag from /Users/dimz/EconWizard/hermesvirtual/lib/python3.8/site-packages/airflow/example_dags/example_latest_only.py
[2023-11-02T10:13:41.285-0500] {processor.py:839} INFO - DAG(s) dict_keys(['latest_only']) retrieved from /Users/dimz/EconWizard/hermesvirtual/lib/python3.8/site-packages/airflow/example_dags/example_latest_only.py
[2023-11-02T10:13:41.388-0500] {logging_mixin.py:151} INFO - [2023-11-02T10:13:41.388-0500] {dag.py:2941} INFO - Sync 1 DAGs
[2023-11-02T10:13:41.397-0500] {logging_mixin.py:151} INFO - [2023-11-02T10:13:41.397-0500] {dag.py:3722} INFO - Setting next_dagrun for latest_only to 2023-11-02T11:13:41.397353+00:00, run_after=2023-11-02T15:13:41.397353+00:00
[2023-11-02T10:13:41.408-0500] {processor.py:179} INFO - Processing /Users/dimz/EconWizard/hermesvirtual/lib/python3.8/site-packages/airflow/example_dags/example_latest_only.py took 0.144 seconds
[2023-11-02T10:15:44.822-0500] {processor.py:157} INFO - Started process (PID=97770) to work on /Users/dimz/EconWizard/hermesvirtual/lib/python3.8/site-packages/airflow/example_dags/example_latest_only.py
[2023-11-02T10:15:44.827-0500] {processor.py:829} INFO - Processing file /Users/dimz/EconWizard/hermesvirtual/lib/python3.8/site-packages/airflow/example_dags/example_latest_only.py for tasks to queue
[2023-11-02T10:15:44.827-0500] {logging_mixin.py:151} INFO - [2023-11-02T10:15:44.827-0500] {dagbag.py:536} INFO - Filling up the DagBag from /Users/dimz/EconWizard/hermesvirtual/lib/python3.8/site-packages/airflow/example_dags/example_latest_only.py
[2023-11-02T10:15:44.844-0500] {processor.py:839} INFO - DAG(s) dict_keys(['latest_only']) retrieved from /Users/dimz/EconWizard/hermesvirtual/lib/python3.8/site-packages/airflow/example_dags/example_latest_only.py
[2023-11-02T10:15:44.953-0500] {logging_mixin.py:151} INFO - [2023-11-02T10:15:44.953-0500] {dag.py:2941} INFO - Sync 1 DAGs
[2023-11-02T10:15:44.963-0500] {logging_mixin.py:151} INFO - [2023-11-02T10:15:44.963-0500] {dag.py:3722} INFO - Setting next_dagrun for latest_only to 2023-11-02T11:15:44.962938+00:00, run_after=2023-11-02T15:15:44.962938+00:00
[2023-11-02T10:15:44.974-0500] {processor.py:179} INFO - Processing /Users/dimz/EconWizard/hermesvirtual/lib/python3.8/site-packages/airflow/example_dags/example_latest_only.py took 0.152 seconds
[2023-11-02T10:39:27.602-0500] {processor.py:157} INFO - Started process (PID=99912) to work on /Users/dimz/EconWizard/hermesvirtual/lib/python3.8/site-packages/airflow/example_dags/example_latest_only.py
[2023-11-02T10:39:27.607-0500] {processor.py:829} INFO - Processing file /Users/dimz/EconWizard/hermesvirtual/lib/python3.8/site-packages/airflow/example_dags/example_latest_only.py for tasks to queue
[2023-11-02T10:39:27.608-0500] {logging_mixin.py:151} INFO - [2023-11-02T10:39:27.607-0500] {dagbag.py:536} INFO - Filling up the DagBag from /Users/dimz/EconWizard/hermesvirtual/lib/python3.8/site-packages/airflow/example_dags/example_latest_only.py
[2023-11-02T10:39:27.623-0500] {processor.py:839} INFO - DAG(s) dict_keys(['latest_only']) retrieved from /Users/dimz/EconWizard/hermesvirtual/lib/python3.8/site-packages/airflow/example_dags/example_latest_only.py
[2023-11-02T10:39:27.729-0500] {logging_mixin.py:151} INFO - [2023-11-02T10:39:27.728-0500] {dag.py:2941} INFO - Sync 1 DAGs
[2023-11-02T10:39:27.739-0500] {logging_mixin.py:151} INFO - [2023-11-02T10:39:27.739-0500] {dag.py:3722} INFO - Setting next_dagrun for latest_only to 2023-11-02T11:39:27.739056+00:00, run_after=2023-11-02T15:39:27.739056+00:00
[2023-11-02T10:39:27.752-0500] {processor.py:179} INFO - Processing /Users/dimz/EconWizard/hermesvirtual/lib/python3.8/site-packages/airflow/example_dags/example_latest_only.py took 0.150 seconds
[2023-11-02T10:41:37.055-0500] {processor.py:157} INFO - Started process (PID=163) to work on /Users/dimz/EconWizard/hermesvirtual/lib/python3.8/site-packages/airflow/example_dags/example_latest_only.py
[2023-11-02T10:41:37.060-0500] {processor.py:829} INFO - Processing file /Users/dimz/EconWizard/hermesvirtual/lib/python3.8/site-packages/airflow/example_dags/example_latest_only.py for tasks to queue
[2023-11-02T10:41:37.061-0500] {logging_mixin.py:151} INFO - [2023-11-02T10:41:37.061-0500] {dagbag.py:536} INFO - Filling up the DagBag from /Users/dimz/EconWizard/hermesvirtual/lib/python3.8/site-packages/airflow/example_dags/example_latest_only.py
[2023-11-02T10:41:37.078-0500] {processor.py:839} INFO - DAG(s) dict_keys(['latest_only']) retrieved from /Users/dimz/EconWizard/hermesvirtual/lib/python3.8/site-packages/airflow/example_dags/example_latest_only.py
[2023-11-02T10:41:37.187-0500] {logging_mixin.py:151} INFO - [2023-11-02T10:41:37.187-0500] {dag.py:2941} INFO - Sync 1 DAGs
[2023-11-02T10:41:37.197-0500] {logging_mixin.py:151} INFO - [2023-11-02T10:41:37.197-0500] {dag.py:3722} INFO - Setting next_dagrun for latest_only to 2023-11-02T11:41:37.197471+00:00, run_after=2023-11-02T15:41:37.197471+00:00
[2023-11-02T10:41:37.209-0500] {processor.py:179} INFO - Processing /Users/dimz/EconWizard/hermesvirtual/lib/python3.8/site-packages/airflow/example_dags/example_latest_only.py took 0.154 seconds
