[2023-11-01T21:36:28.478-0500] {processor.py:157} INFO - Started process (PID=87774) to work on /Users/dimz/EconWizard/hermesvirtual/lib/python3.8/site-packages/airflow/example_dags/example_branch_operator.py
[2023-11-01T21:36:28.482-0500] {processor.py:829} INFO - Processing file /Users/dimz/EconWizard/hermesvirtual/lib/python3.8/site-packages/airflow/example_dags/example_branch_operator.py for tasks to queue
[2023-11-01T21:36:28.483-0500] {logging_mixin.py:151} INFO - [2023-11-01T21:36:28.483-0500] {dagbag.py:536} INFO - Filling up the DagBag from /Users/dimz/EconWizard/hermesvirtual/lib/python3.8/site-packages/airflow/example_dags/example_branch_operator.py
[2023-11-01T21:36:28.508-0500] {processor.py:839} INFO - DAG(s) dict_keys(['example_branch_operator']) retrieved from /Users/dimz/EconWizard/hermesvirtual/lib/python3.8/site-packages/airflow/example_dags/example_branch_operator.py
[2023-11-01T21:36:28.841-0500] {logging_mixin.py:151} INFO - [2023-11-01T21:36:28.841-0500] {manager.py:499} INFO - Created Permission View: %s
[2023-11-01T21:36:28.846-0500] {logging_mixin.py:151} INFO - [2023-11-01T21:36:28.846-0500] {manager.py:499} INFO - Created Permission View: %s
[2023-11-01T21:36:28.850-0500] {logging_mixin.py:151} INFO - [2023-11-01T21:36:28.850-0500] {manager.py:499} INFO - Created Permission View: %s
[2023-11-01T21:36:28.850-0500] {logging_mixin.py:151} INFO - [2023-11-01T21:36:28.850-0500] {dag.py:2941} INFO - Sync 1 DAGs
[2023-11-01T21:36:28.856-0500] {logging_mixin.py:151} INFO - [2023-11-01T21:36:28.856-0500] {dag.py:2963} INFO - Creating ORM DAG for example_branch_operator
[2023-11-01T21:36:28.862-0500] {logging_mixin.py:151} INFO - [2023-11-01T21:36:28.861-0500] {dag.py:3722} INFO - Setting next_dagrun for example_branch_operator to 2023-11-01T00:00:00+00:00, run_after=2023-11-02T00:00:00+00:00
[2023-11-01T21:36:28.873-0500] {processor.py:179} INFO - Processing /Users/dimz/EconWizard/hermesvirtual/lib/python3.8/site-packages/airflow/example_dags/example_branch_operator.py took 0.395 seconds
[2023-11-01T21:38:21.805-0500] {processor.py:157} INFO - Started process (PID=87971) to work on /Users/dimz/EconWizard/hermesvirtual/lib/python3.8/site-packages/airflow/example_dags/example_branch_operator.py
[2023-11-01T21:38:21.810-0500] {processor.py:829} INFO - Processing file /Users/dimz/EconWizard/hermesvirtual/lib/python3.8/site-packages/airflow/example_dags/example_branch_operator.py for tasks to queue
[2023-11-01T21:38:21.810-0500] {logging_mixin.py:151} INFO - [2023-11-01T21:38:21.810-0500] {dagbag.py:536} INFO - Filling up the DagBag from /Users/dimz/EconWizard/hermesvirtual/lib/python3.8/site-packages/airflow/example_dags/example_branch_operator.py
[2023-11-01T21:38:21.839-0500] {processor.py:839} INFO - DAG(s) dict_keys(['example_branch_operator']) retrieved from /Users/dimz/EconWizard/hermesvirtual/lib/python3.8/site-packages/airflow/example_dags/example_branch_operator.py
[2023-11-01T21:38:21.952-0500] {logging_mixin.py:151} INFO - [2023-11-01T21:38:21.952-0500] {dag.py:2941} INFO - Sync 1 DAGs
[2023-11-01T21:38:21.962-0500] {logging_mixin.py:151} INFO - [2023-11-01T21:38:21.962-0500] {dag.py:3722} INFO - Setting next_dagrun for example_branch_operator to 2023-11-01T00:00:00+00:00, run_after=2023-11-02T00:00:00+00:00
[2023-11-01T21:38:21.974-0500] {processor.py:179} INFO - Processing /Users/dimz/EconWizard/hermesvirtual/lib/python3.8/site-packages/airflow/example_dags/example_branch_operator.py took 0.170 seconds
[2023-11-01T21:40:16.509-0500] {processor.py:157} INFO - Started process (PID=88216) to work on /Users/dimz/EconWizard/hermesvirtual/lib/python3.8/site-packages/airflow/example_dags/example_branch_operator.py
[2023-11-01T21:40:16.515-0500] {processor.py:829} INFO - Processing file /Users/dimz/EconWizard/hermesvirtual/lib/python3.8/site-packages/airflow/example_dags/example_branch_operator.py for tasks to queue
[2023-11-01T21:40:16.515-0500] {logging_mixin.py:151} INFO - [2023-11-01T21:40:16.515-0500] {dagbag.py:536} INFO - Filling up the DagBag from /Users/dimz/EconWizard/hermesvirtual/lib/python3.8/site-packages/airflow/example_dags/example_branch_operator.py
[2023-11-01T21:40:16.566-0500] {processor.py:839} INFO - DAG(s) dict_keys(['example_branch_operator']) retrieved from /Users/dimz/EconWizard/hermesvirtual/lib/python3.8/site-packages/airflow/example_dags/example_branch_operator.py
[2023-11-01T21:40:16.678-0500] {logging_mixin.py:151} INFO - [2023-11-01T21:40:16.678-0500] {dag.py:2941} INFO - Sync 1 DAGs
[2023-11-01T21:40:16.689-0500] {logging_mixin.py:151} INFO - [2023-11-01T21:40:16.689-0500] {dag.py:3722} INFO - Setting next_dagrun for example_branch_operator to 2023-11-01T00:00:00+00:00, run_after=2023-11-02T00:00:00+00:00
[2023-11-01T21:40:16.700-0500] {processor.py:179} INFO - Processing /Users/dimz/EconWizard/hermesvirtual/lib/python3.8/site-packages/airflow/example_dags/example_branch_operator.py took 0.191 seconds
[2023-11-01T21:42:13.176-0500] {processor.py:157} INFO - Started process (PID=88476) to work on /Users/dimz/EconWizard/hermesvirtual/lib/python3.8/site-packages/airflow/example_dags/example_branch_operator.py
[2023-11-01T21:42:13.182-0500] {processor.py:829} INFO - Processing file /Users/dimz/EconWizard/hermesvirtual/lib/python3.8/site-packages/airflow/example_dags/example_branch_operator.py for tasks to queue
[2023-11-01T21:42:13.182-0500] {logging_mixin.py:151} INFO - [2023-11-01T21:42:13.182-0500] {dagbag.py:536} INFO - Filling up the DagBag from /Users/dimz/EconWizard/hermesvirtual/lib/python3.8/site-packages/airflow/example_dags/example_branch_operator.py
[2023-11-01T21:42:13.211-0500] {processor.py:839} INFO - DAG(s) dict_keys(['example_branch_operator']) retrieved from /Users/dimz/EconWizard/hermesvirtual/lib/python3.8/site-packages/airflow/example_dags/example_branch_operator.py
[2023-11-01T21:42:13.327-0500] {logging_mixin.py:151} INFO - [2023-11-01T21:42:13.326-0500] {dag.py:2941} INFO - Sync 1 DAGs
[2023-11-01T21:42:13.338-0500] {logging_mixin.py:151} INFO - [2023-11-01T21:42:13.338-0500] {dag.py:3722} INFO - Setting next_dagrun for example_branch_operator to 2023-11-01T00:00:00+00:00, run_after=2023-11-02T00:00:00+00:00
[2023-11-01T21:42:13.349-0500] {processor.py:179} INFO - Processing /Users/dimz/EconWizard/hermesvirtual/lib/python3.8/site-packages/airflow/example_dags/example_branch_operator.py took 0.174 seconds
[2023-11-01T21:44:05.929-0500] {processor.py:157} INFO - Started process (PID=88699) to work on /Users/dimz/EconWizard/hermesvirtual/lib/python3.8/site-packages/airflow/example_dags/example_branch_operator.py
[2023-11-01T21:44:05.934-0500] {processor.py:829} INFO - Processing file /Users/dimz/EconWizard/hermesvirtual/lib/python3.8/site-packages/airflow/example_dags/example_branch_operator.py for tasks to queue
[2023-11-01T21:44:05.935-0500] {logging_mixin.py:151} INFO - [2023-11-01T21:44:05.935-0500] {dagbag.py:536} INFO - Filling up the DagBag from /Users/dimz/EconWizard/hermesvirtual/lib/python3.8/site-packages/airflow/example_dags/example_branch_operator.py
[2023-11-01T21:44:05.964-0500] {processor.py:839} INFO - DAG(s) dict_keys(['example_branch_operator']) retrieved from /Users/dimz/EconWizard/hermesvirtual/lib/python3.8/site-packages/airflow/example_dags/example_branch_operator.py
[2023-11-01T21:44:06.075-0500] {logging_mixin.py:151} INFO - [2023-11-01T21:44:06.075-0500] {dag.py:2941} INFO - Sync 1 DAGs
[2023-11-01T21:44:06.085-0500] {logging_mixin.py:151} INFO - [2023-11-01T21:44:06.085-0500] {dag.py:3722} INFO - Setting next_dagrun for example_branch_operator to 2023-11-01T00:00:00+00:00, run_after=2023-11-02T00:00:00+00:00
[2023-11-01T21:44:06.096-0500] {processor.py:179} INFO - Processing /Users/dimz/EconWizard/hermesvirtual/lib/python3.8/site-packages/airflow/example_dags/example_branch_operator.py took 0.168 seconds
[2023-11-01T21:46:07.860-0500] {processor.py:157} INFO - Started process (PID=88867) to work on /Users/dimz/EconWizard/hermesvirtual/lib/python3.8/site-packages/airflow/example_dags/example_branch_operator.py
[2023-11-01T21:46:07.865-0500] {processor.py:829} INFO - Processing file /Users/dimz/EconWizard/hermesvirtual/lib/python3.8/site-packages/airflow/example_dags/example_branch_operator.py for tasks to queue
[2023-11-01T21:46:07.865-0500] {logging_mixin.py:151} INFO - [2023-11-01T21:46:07.865-0500] {dagbag.py:536} INFO - Filling up the DagBag from /Users/dimz/EconWizard/hermesvirtual/lib/python3.8/site-packages/airflow/example_dags/example_branch_operator.py
[2023-11-01T21:46:07.895-0500] {processor.py:839} INFO - DAG(s) dict_keys(['example_branch_operator']) retrieved from /Users/dimz/EconWizard/hermesvirtual/lib/python3.8/site-packages/airflow/example_dags/example_branch_operator.py
[2023-11-01T21:46:08.005-0500] {logging_mixin.py:151} INFO - [2023-11-01T21:46:08.004-0500] {dag.py:2941} INFO - Sync 1 DAGs
[2023-11-01T21:46:08.015-0500] {logging_mixin.py:151} INFO - [2023-11-01T21:46:08.015-0500] {dag.py:3722} INFO - Setting next_dagrun for example_branch_operator to 2023-11-01T00:00:00+00:00, run_after=2023-11-02T00:00:00+00:00
[2023-11-01T21:46:08.027-0500] {processor.py:179} INFO - Processing /Users/dimz/EconWizard/hermesvirtual/lib/python3.8/site-packages/airflow/example_dags/example_branch_operator.py took 0.167 seconds
[2023-11-01T21:48:09.721-0500] {processor.py:157} INFO - Started process (PID=89117) to work on /Users/dimz/EconWizard/hermesvirtual/lib/python3.8/site-packages/airflow/example_dags/example_branch_operator.py
[2023-11-01T21:48:09.726-0500] {processor.py:829} INFO - Processing file /Users/dimz/EconWizard/hermesvirtual/lib/python3.8/site-packages/airflow/example_dags/example_branch_operator.py for tasks to queue
[2023-11-01T21:48:09.726-0500] {logging_mixin.py:151} INFO - [2023-11-01T21:48:09.726-0500] {dagbag.py:536} INFO - Filling up the DagBag from /Users/dimz/EconWizard/hermesvirtual/lib/python3.8/site-packages/airflow/example_dags/example_branch_operator.py
[2023-11-01T21:48:09.752-0500] {processor.py:839} INFO - DAG(s) dict_keys(['example_branch_operator']) retrieved from /Users/dimz/EconWizard/hermesvirtual/lib/python3.8/site-packages/airflow/example_dags/example_branch_operator.py
[2023-11-01T21:48:09.855-0500] {logging_mixin.py:151} INFO - [2023-11-01T21:48:09.855-0500] {dag.py:2941} INFO - Sync 1 DAGs
[2023-11-01T21:48:09.865-0500] {logging_mixin.py:151} INFO - [2023-11-01T21:48:09.865-0500] {dag.py:3722} INFO - Setting next_dagrun for example_branch_operator to 2023-11-01T00:00:00+00:00, run_after=2023-11-02T00:00:00+00:00
[2023-11-01T21:48:09.875-0500] {processor.py:179} INFO - Processing /Users/dimz/EconWizard/hermesvirtual/lib/python3.8/site-packages/airflow/example_dags/example_branch_operator.py took 0.155 seconds
[2023-11-01T21:50:08.945-0500] {processor.py:157} INFO - Started process (PID=89287) to work on /Users/dimz/EconWizard/hermesvirtual/lib/python3.8/site-packages/airflow/example_dags/example_branch_operator.py
[2023-11-01T21:50:08.951-0500] {processor.py:829} INFO - Processing file /Users/dimz/EconWizard/hermesvirtual/lib/python3.8/site-packages/airflow/example_dags/example_branch_operator.py for tasks to queue
[2023-11-01T21:50:08.951-0500] {logging_mixin.py:151} INFO - [2023-11-01T21:50:08.951-0500] {dagbag.py:536} INFO - Filling up the DagBag from /Users/dimz/EconWizard/hermesvirtual/lib/python3.8/site-packages/airflow/example_dags/example_branch_operator.py
[2023-11-01T21:50:08.979-0500] {processor.py:839} INFO - DAG(s) dict_keys(['example_branch_operator']) retrieved from /Users/dimz/EconWizard/hermesvirtual/lib/python3.8/site-packages/airflow/example_dags/example_branch_operator.py
[2023-11-01T21:50:09.094-0500] {logging_mixin.py:151} INFO - [2023-11-01T21:50:09.093-0500] {dag.py:2941} INFO - Sync 1 DAGs
[2023-11-01T21:50:09.104-0500] {logging_mixin.py:151} INFO - [2023-11-01T21:50:09.104-0500] {dag.py:3722} INFO - Setting next_dagrun for example_branch_operator to 2023-11-01T00:00:00+00:00, run_after=2023-11-02T00:00:00+00:00
[2023-11-01T21:50:09.116-0500] {processor.py:179} INFO - Processing /Users/dimz/EconWizard/hermesvirtual/lib/python3.8/site-packages/airflow/example_dags/example_branch_operator.py took 0.171 seconds
[2023-11-01T21:52:07.757-0500] {processor.py:157} INFO - Started process (PID=89431) to work on /Users/dimz/EconWizard/hermesvirtual/lib/python3.8/site-packages/airflow/example_dags/example_branch_operator.py
[2023-11-01T21:52:07.761-0500] {processor.py:829} INFO - Processing file /Users/dimz/EconWizard/hermesvirtual/lib/python3.8/site-packages/airflow/example_dags/example_branch_operator.py for tasks to queue
[2023-11-01T21:52:07.762-0500] {logging_mixin.py:151} INFO - [2023-11-01T21:52:07.761-0500] {dagbag.py:536} INFO - Filling up the DagBag from /Users/dimz/EconWizard/hermesvirtual/lib/python3.8/site-packages/airflow/example_dags/example_branch_operator.py
[2023-11-01T21:52:07.792-0500] {processor.py:839} INFO - DAG(s) dict_keys(['example_branch_operator']) retrieved from /Users/dimz/EconWizard/hermesvirtual/lib/python3.8/site-packages/airflow/example_dags/example_branch_operator.py
[2023-11-01T21:52:07.910-0500] {logging_mixin.py:151} INFO - [2023-11-01T21:52:07.910-0500] {dag.py:2941} INFO - Sync 1 DAGs
[2023-11-01T21:52:07.923-0500] {logging_mixin.py:151} INFO - [2023-11-01T21:52:07.922-0500] {dag.py:3722} INFO - Setting next_dagrun for example_branch_operator to 2023-11-01T00:00:00+00:00, run_after=2023-11-02T00:00:00+00:00
[2023-11-01T21:52:07.937-0500] {processor.py:179} INFO - Processing /Users/dimz/EconWizard/hermesvirtual/lib/python3.8/site-packages/airflow/example_dags/example_branch_operator.py took 0.181 seconds
[2023-11-01T21:54:04.016-0500] {processor.py:157} INFO - Started process (PID=89615) to work on /Users/dimz/EconWizard/hermesvirtual/lib/python3.8/site-packages/airflow/example_dags/example_branch_operator.py
[2023-11-01T21:54:04.022-0500] {processor.py:829} INFO - Processing file /Users/dimz/EconWizard/hermesvirtual/lib/python3.8/site-packages/airflow/example_dags/example_branch_operator.py for tasks to queue
[2023-11-01T21:54:04.022-0500] {logging_mixin.py:151} INFO - [2023-11-01T21:54:04.022-0500] {dagbag.py:536} INFO - Filling up the DagBag from /Users/dimz/EconWizard/hermesvirtual/lib/python3.8/site-packages/airflow/example_dags/example_branch_operator.py
[2023-11-01T21:54:04.056-0500] {processor.py:839} INFO - DAG(s) dict_keys(['example_branch_operator']) retrieved from /Users/dimz/EconWizard/hermesvirtual/lib/python3.8/site-packages/airflow/example_dags/example_branch_operator.py
[2023-11-01T21:54:04.181-0500] {logging_mixin.py:151} INFO - [2023-11-01T21:54:04.181-0500] {dag.py:2941} INFO - Sync 1 DAGs
[2023-11-01T21:54:04.192-0500] {logging_mixin.py:151} INFO - [2023-11-01T21:54:04.192-0500] {dag.py:3722} INFO - Setting next_dagrun for example_branch_operator to 2023-11-01T00:00:00+00:00, run_after=2023-11-02T00:00:00+00:00
[2023-11-01T21:54:04.206-0500] {processor.py:179} INFO - Processing /Users/dimz/EconWizard/hermesvirtual/lib/python3.8/site-packages/airflow/example_dags/example_branch_operator.py took 0.190 seconds
[2023-11-01T21:56:06.785-0500] {processor.py:157} INFO - Started process (PID=89771) to work on /Users/dimz/EconWizard/hermesvirtual/lib/python3.8/site-packages/airflow/example_dags/example_branch_operator.py
[2023-11-01T21:56:06.790-0500] {processor.py:829} INFO - Processing file /Users/dimz/EconWizard/hermesvirtual/lib/python3.8/site-packages/airflow/example_dags/example_branch_operator.py for tasks to queue
[2023-11-01T21:56:06.790-0500] {logging_mixin.py:151} INFO - [2023-11-01T21:56:06.790-0500] {dagbag.py:536} INFO - Filling up the DagBag from /Users/dimz/EconWizard/hermesvirtual/lib/python3.8/site-packages/airflow/example_dags/example_branch_operator.py
[2023-11-01T21:56:06.816-0500] {processor.py:839} INFO - DAG(s) dict_keys(['example_branch_operator']) retrieved from /Users/dimz/EconWizard/hermesvirtual/lib/python3.8/site-packages/airflow/example_dags/example_branch_operator.py
[2023-11-01T21:56:06.920-0500] {logging_mixin.py:151} INFO - [2023-11-01T21:56:06.920-0500] {dag.py:2941} INFO - Sync 1 DAGs
[2023-11-01T21:56:06.930-0500] {logging_mixin.py:151} INFO - [2023-11-01T21:56:06.930-0500] {dag.py:3722} INFO - Setting next_dagrun for example_branch_operator to 2023-11-01T00:00:00+00:00, run_after=2023-11-02T00:00:00+00:00
[2023-11-01T21:56:06.941-0500] {processor.py:179} INFO - Processing /Users/dimz/EconWizard/hermesvirtual/lib/python3.8/site-packages/airflow/example_dags/example_branch_operator.py took 0.156 seconds
[2023-11-01T21:58:03.037-0500] {processor.py:157} INFO - Started process (PID=89990) to work on /Users/dimz/EconWizard/hermesvirtual/lib/python3.8/site-packages/airflow/example_dags/example_branch_operator.py
[2023-11-01T21:58:03.042-0500] {processor.py:829} INFO - Processing file /Users/dimz/EconWizard/hermesvirtual/lib/python3.8/site-packages/airflow/example_dags/example_branch_operator.py for tasks to queue
[2023-11-01T21:58:03.042-0500] {logging_mixin.py:151} INFO - [2023-11-01T21:58:03.042-0500] {dagbag.py:536} INFO - Filling up the DagBag from /Users/dimz/EconWizard/hermesvirtual/lib/python3.8/site-packages/airflow/example_dags/example_branch_operator.py
[2023-11-01T21:58:03.068-0500] {processor.py:839} INFO - DAG(s) dict_keys(['example_branch_operator']) retrieved from /Users/dimz/EconWizard/hermesvirtual/lib/python3.8/site-packages/airflow/example_dags/example_branch_operator.py
[2023-11-01T21:58:03.172-0500] {logging_mixin.py:151} INFO - [2023-11-01T21:58:03.172-0500] {dag.py:2941} INFO - Sync 1 DAGs
[2023-11-01T21:58:03.182-0500] {logging_mixin.py:151} INFO - [2023-11-01T21:58:03.181-0500] {dag.py:3722} INFO - Setting next_dagrun for example_branch_operator to 2023-11-01T00:00:00+00:00, run_after=2023-11-02T00:00:00+00:00
[2023-11-01T21:58:03.192-0500] {processor.py:179} INFO - Processing /Users/dimz/EconWizard/hermesvirtual/lib/python3.8/site-packages/airflow/example_dags/example_branch_operator.py took 0.156 seconds
[2023-11-01T22:00:03.319-0500] {processor.py:157} INFO - Started process (PID=90136) to work on /Users/dimz/EconWizard/hermesvirtual/lib/python3.8/site-packages/airflow/example_dags/example_branch_operator.py
[2023-11-01T22:00:03.323-0500] {processor.py:829} INFO - Processing file /Users/dimz/EconWizard/hermesvirtual/lib/python3.8/site-packages/airflow/example_dags/example_branch_operator.py for tasks to queue
[2023-11-01T22:00:03.323-0500] {logging_mixin.py:151} INFO - [2023-11-01T22:00:03.323-0500] {dagbag.py:536} INFO - Filling up the DagBag from /Users/dimz/EconWizard/hermesvirtual/lib/python3.8/site-packages/airflow/example_dags/example_branch_operator.py
[2023-11-01T22:00:03.352-0500] {processor.py:839} INFO - DAG(s) dict_keys(['example_branch_operator']) retrieved from /Users/dimz/EconWizard/hermesvirtual/lib/python3.8/site-packages/airflow/example_dags/example_branch_operator.py
[2023-11-01T22:00:03.465-0500] {logging_mixin.py:151} INFO - [2023-11-01T22:00:03.464-0500] {dag.py:2941} INFO - Sync 1 DAGs
[2023-11-01T22:00:03.474-0500] {logging_mixin.py:151} INFO - [2023-11-01T22:00:03.474-0500] {dag.py:3722} INFO - Setting next_dagrun for example_branch_operator to 2023-11-01T00:00:00+00:00, run_after=2023-11-02T00:00:00+00:00
[2023-11-01T22:00:03.485-0500] {processor.py:179} INFO - Processing /Users/dimz/EconWizard/hermesvirtual/lib/python3.8/site-packages/airflow/example_dags/example_branch_operator.py took 0.167 seconds
[2023-11-01T22:02:05.669-0500] {processor.py:157} INFO - Started process (PID=90309) to work on /Users/dimz/EconWizard/hermesvirtual/lib/python3.8/site-packages/airflow/example_dags/example_branch_operator.py
[2023-11-01T22:02:05.674-0500] {processor.py:829} INFO - Processing file /Users/dimz/EconWizard/hermesvirtual/lib/python3.8/site-packages/airflow/example_dags/example_branch_operator.py for tasks to queue
[2023-11-01T22:02:05.674-0500] {logging_mixin.py:151} INFO - [2023-11-01T22:02:05.674-0500] {dagbag.py:536} INFO - Filling up the DagBag from /Users/dimz/EconWizard/hermesvirtual/lib/python3.8/site-packages/airflow/example_dags/example_branch_operator.py
[2023-11-01T22:02:05.700-0500] {processor.py:839} INFO - DAG(s) dict_keys(['example_branch_operator']) retrieved from /Users/dimz/EconWizard/hermesvirtual/lib/python3.8/site-packages/airflow/example_dags/example_branch_operator.py
[2023-11-01T22:02:05.804-0500] {logging_mixin.py:151} INFO - [2023-11-01T22:02:05.803-0500] {dag.py:2941} INFO - Sync 1 DAGs
[2023-11-01T22:02:05.814-0500] {logging_mixin.py:151} INFO - [2023-11-01T22:02:05.814-0500] {dag.py:3722} INFO - Setting next_dagrun for example_branch_operator to 2023-11-01T00:00:00+00:00, run_after=2023-11-02T00:00:00+00:00
[2023-11-01T22:02:05.825-0500] {processor.py:179} INFO - Processing /Users/dimz/EconWizard/hermesvirtual/lib/python3.8/site-packages/airflow/example_dags/example_branch_operator.py took 0.157 seconds
[2023-11-01T22:04:05.924-0500] {processor.py:157} INFO - Started process (PID=90481) to work on /Users/dimz/EconWizard/hermesvirtual/lib/python3.8/site-packages/airflow/example_dags/example_branch_operator.py
[2023-11-01T22:04:05.930-0500] {processor.py:829} INFO - Processing file /Users/dimz/EconWizard/hermesvirtual/lib/python3.8/site-packages/airflow/example_dags/example_branch_operator.py for tasks to queue
[2023-11-01T22:04:05.930-0500] {logging_mixin.py:151} INFO - [2023-11-01T22:04:05.930-0500] {dagbag.py:536} INFO - Filling up the DagBag from /Users/dimz/EconWizard/hermesvirtual/lib/python3.8/site-packages/airflow/example_dags/example_branch_operator.py
[2023-11-01T22:04:05.955-0500] {processor.py:839} INFO - DAG(s) dict_keys(['example_branch_operator']) retrieved from /Users/dimz/EconWizard/hermesvirtual/lib/python3.8/site-packages/airflow/example_dags/example_branch_operator.py
[2023-11-01T22:04:06.059-0500] {logging_mixin.py:151} INFO - [2023-11-01T22:04:06.058-0500] {dag.py:2941} INFO - Sync 1 DAGs
[2023-11-01T22:04:06.068-0500] {logging_mixin.py:151} INFO - [2023-11-01T22:04:06.068-0500] {dag.py:3722} INFO - Setting next_dagrun for example_branch_operator to 2023-11-01T00:00:00+00:00, run_after=2023-11-02T00:00:00+00:00
[2023-11-01T22:04:06.079-0500] {processor.py:179} INFO - Processing /Users/dimz/EconWizard/hermesvirtual/lib/python3.8/site-packages/airflow/example_dags/example_branch_operator.py took 0.155 seconds
[2023-11-01T22:05:59.344-0500] {processor.py:157} INFO - Started process (PID=90704) to work on /Users/dimz/EconWizard/hermesvirtual/lib/python3.8/site-packages/airflow/example_dags/example_branch_operator.py
[2023-11-01T22:05:59.349-0500] {processor.py:829} INFO - Processing file /Users/dimz/EconWizard/hermesvirtual/lib/python3.8/site-packages/airflow/example_dags/example_branch_operator.py for tasks to queue
[2023-11-01T22:05:59.350-0500] {logging_mixin.py:151} INFO - [2023-11-01T22:05:59.350-0500] {dagbag.py:536} INFO - Filling up the DagBag from /Users/dimz/EconWizard/hermesvirtual/lib/python3.8/site-packages/airflow/example_dags/example_branch_operator.py
[2023-11-01T22:05:59.376-0500] {processor.py:839} INFO - DAG(s) dict_keys(['example_branch_operator']) retrieved from /Users/dimz/EconWizard/hermesvirtual/lib/python3.8/site-packages/airflow/example_dags/example_branch_operator.py
[2023-11-01T22:05:59.483-0500] {logging_mixin.py:151} INFO - [2023-11-01T22:05:59.482-0500] {dag.py:2941} INFO - Sync 1 DAGs
[2023-11-01T22:05:59.493-0500] {logging_mixin.py:151} INFO - [2023-11-01T22:05:59.493-0500] {dag.py:3722} INFO - Setting next_dagrun for example_branch_operator to 2023-11-01T00:00:00+00:00, run_after=2023-11-02T00:00:00+00:00
[2023-11-01T22:05:59.504-0500] {processor.py:179} INFO - Processing /Users/dimz/EconWizard/hermesvirtual/lib/python3.8/site-packages/airflow/example_dags/example_branch_operator.py took 0.160 seconds
[2023-11-01T22:08:04.801-0500] {processor.py:157} INFO - Started process (PID=90928) to work on /Users/dimz/EconWizard/hermesvirtual/lib/python3.8/site-packages/airflow/example_dags/example_branch_operator.py
[2023-11-01T22:08:04.806-0500] {processor.py:829} INFO - Processing file /Users/dimz/EconWizard/hermesvirtual/lib/python3.8/site-packages/airflow/example_dags/example_branch_operator.py for tasks to queue
[2023-11-01T22:08:04.806-0500] {logging_mixin.py:151} INFO - [2023-11-01T22:08:04.806-0500] {dagbag.py:536} INFO - Filling up the DagBag from /Users/dimz/EconWizard/hermesvirtual/lib/python3.8/site-packages/airflow/example_dags/example_branch_operator.py
[2023-11-01T22:08:04.834-0500] {processor.py:839} INFO - DAG(s) dict_keys(['example_branch_operator']) retrieved from /Users/dimz/EconWizard/hermesvirtual/lib/python3.8/site-packages/airflow/example_dags/example_branch_operator.py
[2023-11-01T22:08:04.945-0500] {logging_mixin.py:151} INFO - [2023-11-01T22:08:04.944-0500] {dag.py:2941} INFO - Sync 1 DAGs
[2023-11-01T22:08:04.956-0500] {logging_mixin.py:151} INFO - [2023-11-01T22:08:04.956-0500] {dag.py:3722} INFO - Setting next_dagrun for example_branch_operator to 2023-11-01T00:00:00+00:00, run_after=2023-11-02T00:00:00+00:00
[2023-11-01T22:08:04.967-0500] {processor.py:179} INFO - Processing /Users/dimz/EconWizard/hermesvirtual/lib/python3.8/site-packages/airflow/example_dags/example_branch_operator.py took 0.167 seconds
[2023-11-01T22:14:46.298-0500] {processor.py:157} INFO - Started process (PID=91569) to work on /Users/dimz/EconWizard/hermesvirtual/lib/python3.8/site-packages/airflow/example_dags/example_branch_operator.py
[2023-11-01T22:14:46.304-0500] {processor.py:829} INFO - Processing file /Users/dimz/EconWizard/hermesvirtual/lib/python3.8/site-packages/airflow/example_dags/example_branch_operator.py for tasks to queue
[2023-11-01T22:14:46.304-0500] {logging_mixin.py:151} INFO - [2023-11-01T22:14:46.304-0500] {dagbag.py:536} INFO - Filling up the DagBag from /Users/dimz/EconWizard/hermesvirtual/lib/python3.8/site-packages/airflow/example_dags/example_branch_operator.py
[2023-11-01T22:14:46.334-0500] {processor.py:839} INFO - DAG(s) dict_keys(['example_branch_operator']) retrieved from /Users/dimz/EconWizard/hermesvirtual/lib/python3.8/site-packages/airflow/example_dags/example_branch_operator.py
[2023-11-01T22:14:46.729-0500] {logging_mixin.py:151} INFO - [2023-11-01T22:14:46.729-0500] {dag.py:2941} INFO - Sync 1 DAGs
[2023-11-01T22:14:46.740-0500] {logging_mixin.py:151} INFO - [2023-11-01T22:14:46.740-0500] {dag.py:3722} INFO - Setting next_dagrun for example_branch_operator to 2023-11-01T00:00:00+00:00, run_after=2023-11-02T00:00:00+00:00
[2023-11-01T22:14:46.753-0500] {processor.py:179} INFO - Processing /Users/dimz/EconWizard/hermesvirtual/lib/python3.8/site-packages/airflow/example_dags/example_branch_operator.py took 0.456 seconds
[2023-11-01T22:16:46.086-0500] {processor.py:157} INFO - Started process (PID=91788) to work on /Users/dimz/EconWizard/hermesvirtual/lib/python3.8/site-packages/airflow/example_dags/example_branch_operator.py
[2023-11-01T22:16:46.091-0500] {processor.py:829} INFO - Processing file /Users/dimz/EconWizard/hermesvirtual/lib/python3.8/site-packages/airflow/example_dags/example_branch_operator.py for tasks to queue
[2023-11-01T22:16:46.091-0500] {logging_mixin.py:151} INFO - [2023-11-01T22:16:46.091-0500] {dagbag.py:536} INFO - Filling up the DagBag from /Users/dimz/EconWizard/hermesvirtual/lib/python3.8/site-packages/airflow/example_dags/example_branch_operator.py
[2023-11-01T22:16:46.118-0500] {processor.py:839} INFO - DAG(s) dict_keys(['example_branch_operator']) retrieved from /Users/dimz/EconWizard/hermesvirtual/lib/python3.8/site-packages/airflow/example_dags/example_branch_operator.py
[2023-11-01T22:16:46.233-0500] {logging_mixin.py:151} INFO - [2023-11-01T22:16:46.233-0500] {dag.py:2941} INFO - Sync 1 DAGs
[2023-11-01T22:16:46.244-0500] {logging_mixin.py:151} INFO - [2023-11-01T22:16:46.244-0500] {dag.py:3722} INFO - Setting next_dagrun for example_branch_operator to 2023-11-01T00:00:00+00:00, run_after=2023-11-02T00:00:00+00:00
[2023-11-01T22:16:46.255-0500] {processor.py:179} INFO - Processing /Users/dimz/EconWizard/hermesvirtual/lib/python3.8/site-packages/airflow/example_dags/example_branch_operator.py took 0.170 seconds
[2023-11-01T22:18:45.363-0500] {processor.py:157} INFO - Started process (PID=92102) to work on /Users/dimz/EconWizard/hermesvirtual/lib/python3.8/site-packages/airflow/example_dags/example_branch_operator.py
[2023-11-01T22:18:45.368-0500] {processor.py:829} INFO - Processing file /Users/dimz/EconWizard/hermesvirtual/lib/python3.8/site-packages/airflow/example_dags/example_branch_operator.py for tasks to queue
[2023-11-01T22:18:45.368-0500] {logging_mixin.py:151} INFO - [2023-11-01T22:18:45.368-0500] {dagbag.py:536} INFO - Filling up the DagBag from /Users/dimz/EconWizard/hermesvirtual/lib/python3.8/site-packages/airflow/example_dags/example_branch_operator.py
[2023-11-01T22:18:45.394-0500] {processor.py:839} INFO - DAG(s) dict_keys(['example_branch_operator']) retrieved from /Users/dimz/EconWizard/hermesvirtual/lib/python3.8/site-packages/airflow/example_dags/example_branch_operator.py
[2023-11-01T22:18:45.500-0500] {logging_mixin.py:151} INFO - [2023-11-01T22:18:45.500-0500] {dag.py:2941} INFO - Sync 1 DAGs
[2023-11-01T22:18:45.510-0500] {logging_mixin.py:151} INFO - [2023-11-01T22:18:45.510-0500] {dag.py:3722} INFO - Setting next_dagrun for example_branch_operator to 2023-11-01T00:00:00+00:00, run_after=2023-11-02T00:00:00+00:00
[2023-11-01T22:18:45.521-0500] {processor.py:179} INFO - Processing /Users/dimz/EconWizard/hermesvirtual/lib/python3.8/site-packages/airflow/example_dags/example_branch_operator.py took 0.158 seconds
[2023-11-01T22:20:32.497-0500] {processor.py:157} INFO - Started process (PID=92344) to work on /Users/dimz/EconWizard/hermesvirtual/lib/python3.8/site-packages/airflow/example_dags/example_branch_operator.py
[2023-11-01T22:20:32.502-0500] {processor.py:829} INFO - Processing file /Users/dimz/EconWizard/hermesvirtual/lib/python3.8/site-packages/airflow/example_dags/example_branch_operator.py for tasks to queue
[2023-11-01T22:20:32.502-0500] {logging_mixin.py:151} INFO - [2023-11-01T22:20:32.502-0500] {dagbag.py:536} INFO - Filling up the DagBag from /Users/dimz/EconWizard/hermesvirtual/lib/python3.8/site-packages/airflow/example_dags/example_branch_operator.py
[2023-11-01T22:20:32.527-0500] {processor.py:839} INFO - DAG(s) dict_keys(['example_branch_operator']) retrieved from /Users/dimz/EconWizard/hermesvirtual/lib/python3.8/site-packages/airflow/example_dags/example_branch_operator.py
[2023-11-01T22:20:32.631-0500] {logging_mixin.py:151} INFO - [2023-11-01T22:20:32.631-0500] {dag.py:2941} INFO - Sync 1 DAGs
[2023-11-01T22:20:32.641-0500] {logging_mixin.py:151} INFO - [2023-11-01T22:20:32.641-0500] {dag.py:3722} INFO - Setting next_dagrun for example_branch_operator to 2023-11-01T00:00:00+00:00, run_after=2023-11-02T00:00:00+00:00
[2023-11-01T22:20:32.652-0500] {processor.py:179} INFO - Processing /Users/dimz/EconWizard/hermesvirtual/lib/python3.8/site-packages/airflow/example_dags/example_branch_operator.py took 0.156 seconds
[2023-11-01T22:22:30.405-0500] {processor.py:157} INFO - Started process (PID=92670) to work on /Users/dimz/EconWizard/hermesvirtual/lib/python3.8/site-packages/airflow/example_dags/example_branch_operator.py
[2023-11-01T22:22:30.410-0500] {processor.py:829} INFO - Processing file /Users/dimz/EconWizard/hermesvirtual/lib/python3.8/site-packages/airflow/example_dags/example_branch_operator.py for tasks to queue
[2023-11-01T22:22:30.410-0500] {logging_mixin.py:151} INFO - [2023-11-01T22:22:30.410-0500] {dagbag.py:536} INFO - Filling up the DagBag from /Users/dimz/EconWizard/hermesvirtual/lib/python3.8/site-packages/airflow/example_dags/example_branch_operator.py
[2023-11-01T22:22:30.438-0500] {processor.py:839} INFO - DAG(s) dict_keys(['example_branch_operator']) retrieved from /Users/dimz/EconWizard/hermesvirtual/lib/python3.8/site-packages/airflow/example_dags/example_branch_operator.py
[2023-11-01T22:22:30.553-0500] {logging_mixin.py:151} INFO - [2023-11-01T22:22:30.553-0500] {dag.py:2941} INFO - Sync 1 DAGs
[2023-11-01T22:22:30.564-0500] {logging_mixin.py:151} INFO - [2023-11-01T22:22:30.564-0500] {dag.py:3722} INFO - Setting next_dagrun for example_branch_operator to 2023-11-01T00:00:00+00:00, run_after=2023-11-02T00:00:00+00:00
[2023-11-01T22:22:30.577-0500] {processor.py:179} INFO - Processing /Users/dimz/EconWizard/hermesvirtual/lib/python3.8/site-packages/airflow/example_dags/example_branch_operator.py took 0.173 seconds
[2023-11-02T01:12:06.783-0500] {processor.py:157} INFO - Started process (PID=92992) to work on /Users/dimz/EconWizard/hermesvirtual/lib/python3.8/site-packages/airflow/example_dags/example_branch_operator.py
[2023-11-02T01:12:06.787-0500] {processor.py:829} INFO - Processing file /Users/dimz/EconWizard/hermesvirtual/lib/python3.8/site-packages/airflow/example_dags/example_branch_operator.py for tasks to queue
[2023-11-02T01:12:06.787-0500] {logging_mixin.py:151} INFO - [2023-11-02T01:12:06.787-0500] {dagbag.py:536} INFO - Filling up the DagBag from /Users/dimz/EconWizard/hermesvirtual/lib/python3.8/site-packages/airflow/example_dags/example_branch_operator.py
[2023-11-02T01:12:06.814-0500] {processor.py:839} INFO - DAG(s) dict_keys(['example_branch_operator']) retrieved from /Users/dimz/EconWizard/hermesvirtual/lib/python3.8/site-packages/airflow/example_dags/example_branch_operator.py
[2023-11-02T01:12:06.921-0500] {logging_mixin.py:151} INFO - [2023-11-02T01:12:06.921-0500] {dag.py:2941} INFO - Sync 1 DAGs
[2023-11-02T01:12:06.931-0500] {logging_mixin.py:151} INFO - [2023-11-02T01:12:06.931-0500] {dag.py:3722} INFO - Setting next_dagrun for example_branch_operator to 2023-11-01T00:00:00+00:00, run_after=2023-11-02T00:00:00+00:00
[2023-11-02T01:12:06.942-0500] {processor.py:179} INFO - Processing /Users/dimz/EconWizard/hermesvirtual/lib/python3.8/site-packages/airflow/example_dags/example_branch_operator.py took 0.160 seconds
[2023-11-02T07:11:27.254-0500] {processor.py:157} INFO - Started process (PID=93326) to work on /Users/dimz/EconWizard/hermesvirtual/lib/python3.8/site-packages/airflow/example_dags/example_branch_operator.py
[2023-11-02T07:11:27.259-0500] {processor.py:829} INFO - Processing file /Users/dimz/EconWizard/hermesvirtual/lib/python3.8/site-packages/airflow/example_dags/example_branch_operator.py for tasks to queue
[2023-11-02T07:11:27.260-0500] {logging_mixin.py:151} INFO - [2023-11-02T07:11:27.260-0500] {dagbag.py:536} INFO - Filling up the DagBag from /Users/dimz/EconWizard/hermesvirtual/lib/python3.8/site-packages/airflow/example_dags/example_branch_operator.py
[2023-11-02T07:11:27.285-0500] {processor.py:839} INFO - DAG(s) dict_keys(['example_branch_operator']) retrieved from /Users/dimz/EconWizard/hermesvirtual/lib/python3.8/site-packages/airflow/example_dags/example_branch_operator.py
[2023-11-02T07:11:27.388-0500] {logging_mixin.py:151} INFO - [2023-11-02T07:11:27.388-0500] {dag.py:2941} INFO - Sync 1 DAGs
[2023-11-02T07:11:27.398-0500] {logging_mixin.py:151} INFO - [2023-11-02T07:11:27.398-0500] {dag.py:3722} INFO - Setting next_dagrun for example_branch_operator to 2023-11-01T00:00:00+00:00, run_after=2023-11-02T00:00:00+00:00
[2023-11-02T07:11:27.409-0500] {processor.py:179} INFO - Processing /Users/dimz/EconWizard/hermesvirtual/lib/python3.8/site-packages/airflow/example_dags/example_branch_operator.py took 0.155 seconds
[2023-11-02T08:29:33.905-0500] {processor.py:157} INFO - Started process (PID=93437) to work on /Users/dimz/EconWizard/hermesvirtual/lib/python3.8/site-packages/airflow/example_dags/example_branch_operator.py
[2023-11-02T08:29:33.910-0500] {processor.py:829} INFO - Processing file /Users/dimz/EconWizard/hermesvirtual/lib/python3.8/site-packages/airflow/example_dags/example_branch_operator.py for tasks to queue
[2023-11-02T08:29:33.911-0500] {logging_mixin.py:151} INFO - [2023-11-02T08:29:33.910-0500] {dagbag.py:536} INFO - Filling up the DagBag from /Users/dimz/EconWizard/hermesvirtual/lib/python3.8/site-packages/airflow/example_dags/example_branch_operator.py
[2023-11-02T08:29:33.936-0500] {processor.py:839} INFO - DAG(s) dict_keys(['example_branch_operator']) retrieved from /Users/dimz/EconWizard/hermesvirtual/lib/python3.8/site-packages/airflow/example_dags/example_branch_operator.py
[2023-11-02T08:29:34.039-0500] {logging_mixin.py:151} INFO - [2023-11-02T08:29:34.039-0500] {dag.py:2941} INFO - Sync 1 DAGs
[2023-11-02T08:29:34.048-0500] {logging_mixin.py:151} INFO - [2023-11-02T08:29:34.048-0500] {dag.py:3722} INFO - Setting next_dagrun for example_branch_operator to 2023-11-01T00:00:00+00:00, run_after=2023-11-02T00:00:00+00:00
[2023-11-02T08:29:34.059-0500] {processor.py:179} INFO - Processing /Users/dimz/EconWizard/hermesvirtual/lib/python3.8/site-packages/airflow/example_dags/example_branch_operator.py took 0.154 seconds
[2023-11-02T09:03:41.224-0500] {processor.py:157} INFO - Started process (PID=93646) to work on /Users/dimz/EconWizard/hermesvirtual/lib/python3.8/site-packages/airflow/example_dags/example_branch_operator.py
[2023-11-02T09:03:41.229-0500] {processor.py:829} INFO - Processing file /Users/dimz/EconWizard/hermesvirtual/lib/python3.8/site-packages/airflow/example_dags/example_branch_operator.py for tasks to queue
[2023-11-02T09:03:41.230-0500] {logging_mixin.py:151} INFO - [2023-11-02T09:03:41.230-0500] {dagbag.py:536} INFO - Filling up the DagBag from /Users/dimz/EconWizard/hermesvirtual/lib/python3.8/site-packages/airflow/example_dags/example_branch_operator.py
[2023-11-02T09:03:41.255-0500] {processor.py:839} INFO - DAG(s) dict_keys(['example_branch_operator']) retrieved from /Users/dimz/EconWizard/hermesvirtual/lib/python3.8/site-packages/airflow/example_dags/example_branch_operator.py
[2023-11-02T09:03:41.358-0500] {logging_mixin.py:151} INFO - [2023-11-02T09:03:41.358-0500] {dag.py:2941} INFO - Sync 1 DAGs
[2023-11-02T09:03:41.368-0500] {logging_mixin.py:151} INFO - [2023-11-02T09:03:41.368-0500] {dag.py:3722} INFO - Setting next_dagrun for example_branch_operator to 2023-11-01T00:00:00+00:00, run_after=2023-11-02T00:00:00+00:00
[2023-11-02T09:03:41.378-0500] {processor.py:179} INFO - Processing /Users/dimz/EconWizard/hermesvirtual/lib/python3.8/site-packages/airflow/example_dags/example_branch_operator.py took 0.155 seconds
[2023-11-02T09:05:37.602-0500] {processor.py:157} INFO - Started process (PID=93817) to work on /Users/dimz/EconWizard/hermesvirtual/lib/python3.8/site-packages/airflow/example_dags/example_branch_operator.py
[2023-11-02T09:05:37.608-0500] {processor.py:829} INFO - Processing file /Users/dimz/EconWizard/hermesvirtual/lib/python3.8/site-packages/airflow/example_dags/example_branch_operator.py for tasks to queue
[2023-11-02T09:05:37.608-0500] {logging_mixin.py:151} INFO - [2023-11-02T09:05:37.608-0500] {dagbag.py:536} INFO - Filling up the DagBag from /Users/dimz/EconWizard/hermesvirtual/lib/python3.8/site-packages/airflow/example_dags/example_branch_operator.py
[2023-11-02T09:05:37.634-0500] {processor.py:839} INFO - DAG(s) dict_keys(['example_branch_operator']) retrieved from /Users/dimz/EconWizard/hermesvirtual/lib/python3.8/site-packages/airflow/example_dags/example_branch_operator.py
[2023-11-02T09:05:37.737-0500] {logging_mixin.py:151} INFO - [2023-11-02T09:05:37.737-0500] {dag.py:2941} INFO - Sync 1 DAGs
[2023-11-02T09:05:37.747-0500] {logging_mixin.py:151} INFO - [2023-11-02T09:05:37.747-0500] {dag.py:3722} INFO - Setting next_dagrun for example_branch_operator to 2023-11-01T00:00:00+00:00, run_after=2023-11-02T00:00:00+00:00
[2023-11-02T09:05:37.758-0500] {processor.py:179} INFO - Processing /Users/dimz/EconWizard/hermesvirtual/lib/python3.8/site-packages/airflow/example_dags/example_branch_operator.py took 0.156 seconds
[2023-11-02T09:07:41.175-0500] {processor.py:157} INFO - Started process (PID=93947) to work on /Users/dimz/EconWizard/hermesvirtual/lib/python3.8/site-packages/airflow/example_dags/example_branch_operator.py
[2023-11-02T09:07:41.180-0500] {processor.py:829} INFO - Processing file /Users/dimz/EconWizard/hermesvirtual/lib/python3.8/site-packages/airflow/example_dags/example_branch_operator.py for tasks to queue
[2023-11-02T09:07:41.180-0500] {logging_mixin.py:151} INFO - [2023-11-02T09:07:41.180-0500] {dagbag.py:536} INFO - Filling up the DagBag from /Users/dimz/EconWizard/hermesvirtual/lib/python3.8/site-packages/airflow/example_dags/example_branch_operator.py
[2023-11-02T09:07:41.205-0500] {processor.py:839} INFO - DAG(s) dict_keys(['example_branch_operator']) retrieved from /Users/dimz/EconWizard/hermesvirtual/lib/python3.8/site-packages/airflow/example_dags/example_branch_operator.py
[2023-11-02T09:07:41.309-0500] {logging_mixin.py:151} INFO - [2023-11-02T09:07:41.309-0500] {dag.py:2941} INFO - Sync 1 DAGs
[2023-11-02T09:07:41.319-0500] {logging_mixin.py:151} INFO - [2023-11-02T09:07:41.319-0500] {dag.py:3722} INFO - Setting next_dagrun for example_branch_operator to 2023-11-01T00:00:00+00:00, run_after=2023-11-02T00:00:00+00:00
[2023-11-02T09:07:41.329-0500] {processor.py:179} INFO - Processing /Users/dimz/EconWizard/hermesvirtual/lib/python3.8/site-packages/airflow/example_dags/example_branch_operator.py took 0.155 seconds
[2023-11-02T09:09:49.046-0500] {processor.py:157} INFO - Started process (PID=94248) to work on /Users/dimz/EconWizard/hermesvirtual/lib/python3.8/site-packages/airflow/example_dags/example_branch_operator.py
[2023-11-02T09:09:49.052-0500] {processor.py:829} INFO - Processing file /Users/dimz/EconWizard/hermesvirtual/lib/python3.8/site-packages/airflow/example_dags/example_branch_operator.py for tasks to queue
[2023-11-02T09:09:49.052-0500] {logging_mixin.py:151} INFO - [2023-11-02T09:09:49.052-0500] {dagbag.py:536} INFO - Filling up the DagBag from /Users/dimz/EconWizard/hermesvirtual/lib/python3.8/site-packages/airflow/example_dags/example_branch_operator.py
[2023-11-02T09:09:49.082-0500] {processor.py:839} INFO - DAG(s) dict_keys(['example_branch_operator']) retrieved from /Users/dimz/EconWizard/hermesvirtual/lib/python3.8/site-packages/airflow/example_dags/example_branch_operator.py
[2023-11-02T09:09:49.193-0500] {logging_mixin.py:151} INFO - [2023-11-02T09:09:49.193-0500] {dag.py:2941} INFO - Sync 1 DAGs
[2023-11-02T09:09:49.204-0500] {logging_mixin.py:151} INFO - [2023-11-02T09:09:49.204-0500] {dag.py:3722} INFO - Setting next_dagrun for example_branch_operator to 2023-11-01T00:00:00+00:00, run_after=2023-11-02T00:00:00+00:00
[2023-11-02T09:09:49.216-0500] {processor.py:179} INFO - Processing /Users/dimz/EconWizard/hermesvirtual/lib/python3.8/site-packages/airflow/example_dags/example_branch_operator.py took 0.170 seconds
[2023-11-02T09:11:57.287-0500] {processor.py:157} INFO - Started process (PID=94442) to work on /Users/dimz/EconWizard/hermesvirtual/lib/python3.8/site-packages/airflow/example_dags/example_branch_operator.py
[2023-11-02T09:11:57.293-0500] {processor.py:829} INFO - Processing file /Users/dimz/EconWizard/hermesvirtual/lib/python3.8/site-packages/airflow/example_dags/example_branch_operator.py for tasks to queue
[2023-11-02T09:11:57.293-0500] {logging_mixin.py:151} INFO - [2023-11-02T09:11:57.293-0500] {dagbag.py:536} INFO - Filling up the DagBag from /Users/dimz/EconWizard/hermesvirtual/lib/python3.8/site-packages/airflow/example_dags/example_branch_operator.py
[2023-11-02T09:11:57.319-0500] {processor.py:839} INFO - DAG(s) dict_keys(['example_branch_operator']) retrieved from /Users/dimz/EconWizard/hermesvirtual/lib/python3.8/site-packages/airflow/example_dags/example_branch_operator.py
[2023-11-02T09:11:57.422-0500] {logging_mixin.py:151} INFO - [2023-11-02T09:11:57.422-0500] {dag.py:2941} INFO - Sync 1 DAGs
[2023-11-02T09:11:57.432-0500] {logging_mixin.py:151} INFO - [2023-11-02T09:11:57.432-0500] {dag.py:3722} INFO - Setting next_dagrun for example_branch_operator to 2023-11-01T00:00:00+00:00, run_after=2023-11-02T00:00:00+00:00
[2023-11-02T09:11:57.443-0500] {processor.py:179} INFO - Processing /Users/dimz/EconWizard/hermesvirtual/lib/python3.8/site-packages/airflow/example_dags/example_branch_operator.py took 0.156 seconds
[2023-11-02T09:14:04.180-0500] {processor.py:157} INFO - Started process (PID=94581) to work on /Users/dimz/EconWizard/hermesvirtual/lib/python3.8/site-packages/airflow/example_dags/example_branch_operator.py
[2023-11-02T09:14:04.185-0500] {processor.py:829} INFO - Processing file /Users/dimz/EconWizard/hermesvirtual/lib/python3.8/site-packages/airflow/example_dags/example_branch_operator.py for tasks to queue
[2023-11-02T09:14:04.186-0500] {logging_mixin.py:151} INFO - [2023-11-02T09:14:04.186-0500] {dagbag.py:536} INFO - Filling up the DagBag from /Users/dimz/EconWizard/hermesvirtual/lib/python3.8/site-packages/airflow/example_dags/example_branch_operator.py
[2023-11-02T09:14:04.211-0500] {processor.py:839} INFO - DAG(s) dict_keys(['example_branch_operator']) retrieved from /Users/dimz/EconWizard/hermesvirtual/lib/python3.8/site-packages/airflow/example_dags/example_branch_operator.py
[2023-11-02T09:14:04.316-0500] {logging_mixin.py:151} INFO - [2023-11-02T09:14:04.316-0500] {dag.py:2941} INFO - Sync 1 DAGs
[2023-11-02T09:14:04.326-0500] {logging_mixin.py:151} INFO - [2023-11-02T09:14:04.326-0500] {dag.py:3722} INFO - Setting next_dagrun for example_branch_operator to 2023-11-01T00:00:00+00:00, run_after=2023-11-02T00:00:00+00:00
[2023-11-02T09:14:04.337-0500] {processor.py:179} INFO - Processing /Users/dimz/EconWizard/hermesvirtual/lib/python3.8/site-packages/airflow/example_dags/example_branch_operator.py took 0.157 seconds
[2023-11-02T09:16:10.467-0500] {processor.py:157} INFO - Started process (PID=94716) to work on /Users/dimz/EconWizard/hermesvirtual/lib/python3.8/site-packages/airflow/example_dags/example_branch_operator.py
[2023-11-02T09:16:10.470-0500] {processor.py:829} INFO - Processing file /Users/dimz/EconWizard/hermesvirtual/lib/python3.8/site-packages/airflow/example_dags/example_branch_operator.py for tasks to queue
[2023-11-02T09:16:10.471-0500] {logging_mixin.py:151} INFO - [2023-11-02T09:16:10.471-0500] {dagbag.py:536} INFO - Filling up the DagBag from /Users/dimz/EconWizard/hermesvirtual/lib/python3.8/site-packages/airflow/example_dags/example_branch_operator.py
[2023-11-02T09:16:10.496-0500] {processor.py:839} INFO - DAG(s) dict_keys(['example_branch_operator']) retrieved from /Users/dimz/EconWizard/hermesvirtual/lib/python3.8/site-packages/airflow/example_dags/example_branch_operator.py
[2023-11-02T09:16:10.599-0500] {logging_mixin.py:151} INFO - [2023-11-02T09:16:10.599-0500] {dag.py:2941} INFO - Sync 1 DAGs
[2023-11-02T09:16:10.609-0500] {logging_mixin.py:151} INFO - [2023-11-02T09:16:10.609-0500] {dag.py:3722} INFO - Setting next_dagrun for example_branch_operator to 2023-11-01T00:00:00+00:00, run_after=2023-11-02T00:00:00+00:00
[2023-11-02T09:16:10.620-0500] {processor.py:179} INFO - Processing /Users/dimz/EconWizard/hermesvirtual/lib/python3.8/site-packages/airflow/example_dags/example_branch_operator.py took 0.154 seconds
[2023-11-02T09:18:12.422-0500] {processor.py:157} INFO - Started process (PID=94853) to work on /Users/dimz/EconWizard/hermesvirtual/lib/python3.8/site-packages/airflow/example_dags/example_branch_operator.py
[2023-11-02T09:18:12.428-0500] {processor.py:829} INFO - Processing file /Users/dimz/EconWizard/hermesvirtual/lib/python3.8/site-packages/airflow/example_dags/example_branch_operator.py for tasks to queue
[2023-11-02T09:18:12.429-0500] {logging_mixin.py:151} INFO - [2023-11-02T09:18:12.429-0500] {dagbag.py:536} INFO - Filling up the DagBag from /Users/dimz/EconWizard/hermesvirtual/lib/python3.8/site-packages/airflow/example_dags/example_branch_operator.py
[2023-11-02T09:18:12.458-0500] {processor.py:839} INFO - DAG(s) dict_keys(['example_branch_operator']) retrieved from /Users/dimz/EconWizard/hermesvirtual/lib/python3.8/site-packages/airflow/example_dags/example_branch_operator.py
[2023-11-02T09:18:12.571-0500] {logging_mixin.py:151} INFO - [2023-11-02T09:18:12.571-0500] {dag.py:2941} INFO - Sync 1 DAGs
[2023-11-02T09:18:12.582-0500] {logging_mixin.py:151} INFO - [2023-11-02T09:18:12.582-0500] {dag.py:3722} INFO - Setting next_dagrun for example_branch_operator to 2023-11-01T00:00:00+00:00, run_after=2023-11-02T00:00:00+00:00
[2023-11-02T09:18:12.594-0500] {processor.py:179} INFO - Processing /Users/dimz/EconWizard/hermesvirtual/lib/python3.8/site-packages/airflow/example_dags/example_branch_operator.py took 0.172 seconds
[2023-11-02T09:20:20.979-0500] {processor.py:157} INFO - Started process (PID=95050) to work on /Users/dimz/EconWizard/hermesvirtual/lib/python3.8/site-packages/airflow/example_dags/example_branch_operator.py
[2023-11-02T09:20:20.985-0500] {processor.py:829} INFO - Processing file /Users/dimz/EconWizard/hermesvirtual/lib/python3.8/site-packages/airflow/example_dags/example_branch_operator.py for tasks to queue
[2023-11-02T09:20:20.985-0500] {logging_mixin.py:151} INFO - [2023-11-02T09:20:20.985-0500] {dagbag.py:536} INFO - Filling up the DagBag from /Users/dimz/EconWizard/hermesvirtual/lib/python3.8/site-packages/airflow/example_dags/example_branch_operator.py
[2023-11-02T09:20:21.011-0500] {processor.py:839} INFO - DAG(s) dict_keys(['example_branch_operator']) retrieved from /Users/dimz/EconWizard/hermesvirtual/lib/python3.8/site-packages/airflow/example_dags/example_branch_operator.py
[2023-11-02T09:20:21.118-0500] {logging_mixin.py:151} INFO - [2023-11-02T09:20:21.117-0500] {dag.py:2941} INFO - Sync 1 DAGs
[2023-11-02T09:20:21.128-0500] {logging_mixin.py:151} INFO - [2023-11-02T09:20:21.128-0500] {dag.py:3722} INFO - Setting next_dagrun for example_branch_operator to 2023-11-01T00:00:00+00:00, run_after=2023-11-02T00:00:00+00:00
[2023-11-02T09:20:21.139-0500] {processor.py:179} INFO - Processing /Users/dimz/EconWizard/hermesvirtual/lib/python3.8/site-packages/airflow/example_dags/example_branch_operator.py took 0.160 seconds
[2023-11-02T09:22:30.779-0500] {processor.py:157} INFO - Started process (PID=95206) to work on /Users/dimz/EconWizard/hermesvirtual/lib/python3.8/site-packages/airflow/example_dags/example_branch_operator.py
[2023-11-02T09:22:30.784-0500] {processor.py:829} INFO - Processing file /Users/dimz/EconWizard/hermesvirtual/lib/python3.8/site-packages/airflow/example_dags/example_branch_operator.py for tasks to queue
[2023-11-02T09:22:30.785-0500] {logging_mixin.py:151} INFO - [2023-11-02T09:22:30.785-0500] {dagbag.py:536} INFO - Filling up the DagBag from /Users/dimz/EconWizard/hermesvirtual/lib/python3.8/site-packages/airflow/example_dags/example_branch_operator.py
[2023-11-02T09:22:30.812-0500] {processor.py:839} INFO - DAG(s) dict_keys(['example_branch_operator']) retrieved from /Users/dimz/EconWizard/hermesvirtual/lib/python3.8/site-packages/airflow/example_dags/example_branch_operator.py
[2023-11-02T09:22:30.924-0500] {logging_mixin.py:151} INFO - [2023-11-02T09:22:30.924-0500] {dag.py:2941} INFO - Sync 1 DAGs
[2023-11-02T09:22:30.934-0500] {logging_mixin.py:151} INFO - [2023-11-02T09:22:30.934-0500] {dag.py:3722} INFO - Setting next_dagrun for example_branch_operator to 2023-11-01T00:00:00+00:00, run_after=2023-11-02T00:00:00+00:00
[2023-11-02T09:22:30.945-0500] {processor.py:179} INFO - Processing /Users/dimz/EconWizard/hermesvirtual/lib/python3.8/site-packages/airflow/example_dags/example_branch_operator.py took 0.167 seconds
[2023-11-02T09:24:37.689-0500] {processor.py:157} INFO - Started process (PID=95426) to work on /Users/dimz/EconWizard/hermesvirtual/lib/python3.8/site-packages/airflow/example_dags/example_branch_operator.py
[2023-11-02T09:24:37.694-0500] {processor.py:829} INFO - Processing file /Users/dimz/EconWizard/hermesvirtual/lib/python3.8/site-packages/airflow/example_dags/example_branch_operator.py for tasks to queue
[2023-11-02T09:24:37.694-0500] {logging_mixin.py:151} INFO - [2023-11-02T09:24:37.694-0500] {dagbag.py:536} INFO - Filling up the DagBag from /Users/dimz/EconWizard/hermesvirtual/lib/python3.8/site-packages/airflow/example_dags/example_branch_operator.py
[2023-11-02T09:24:37.720-0500] {processor.py:839} INFO - DAG(s) dict_keys(['example_branch_operator']) retrieved from /Users/dimz/EconWizard/hermesvirtual/lib/python3.8/site-packages/airflow/example_dags/example_branch_operator.py
[2023-11-02T09:24:37.823-0500] {logging_mixin.py:151} INFO - [2023-11-02T09:24:37.823-0500] {dag.py:2941} INFO - Sync 1 DAGs
[2023-11-02T09:24:37.833-0500] {logging_mixin.py:151} INFO - [2023-11-02T09:24:37.833-0500] {dag.py:3722} INFO - Setting next_dagrun for example_branch_operator to 2023-11-01T00:00:00+00:00, run_after=2023-11-02T00:00:00+00:00
[2023-11-02T09:24:37.844-0500] {processor.py:179} INFO - Processing /Users/dimz/EconWizard/hermesvirtual/lib/python3.8/site-packages/airflow/example_dags/example_branch_operator.py took 0.156 seconds
[2023-11-02T09:26:44.559-0500] {processor.py:157} INFO - Started process (PID=95650) to work on /Users/dimz/EconWizard/hermesvirtual/lib/python3.8/site-packages/airflow/example_dags/example_branch_operator.py
[2023-11-02T09:26:44.564-0500] {processor.py:829} INFO - Processing file /Users/dimz/EconWizard/hermesvirtual/lib/python3.8/site-packages/airflow/example_dags/example_branch_operator.py for tasks to queue
[2023-11-02T09:26:44.564-0500] {logging_mixin.py:151} INFO - [2023-11-02T09:26:44.564-0500] {dagbag.py:536} INFO - Filling up the DagBag from /Users/dimz/EconWizard/hermesvirtual/lib/python3.8/site-packages/airflow/example_dags/example_branch_operator.py
[2023-11-02T09:26:44.590-0500] {processor.py:839} INFO - DAG(s) dict_keys(['example_branch_operator']) retrieved from /Users/dimz/EconWizard/hermesvirtual/lib/python3.8/site-packages/airflow/example_dags/example_branch_operator.py
[2023-11-02T09:26:44.693-0500] {logging_mixin.py:151} INFO - [2023-11-02T09:26:44.693-0500] {dag.py:2941} INFO - Sync 1 DAGs
[2023-11-02T09:26:44.703-0500] {logging_mixin.py:151} INFO - [2023-11-02T09:26:44.703-0500] {dag.py:3722} INFO - Setting next_dagrun for example_branch_operator to 2023-11-01T00:00:00+00:00, run_after=2023-11-02T00:00:00+00:00
[2023-11-02T09:26:44.714-0500] {processor.py:179} INFO - Processing /Users/dimz/EconWizard/hermesvirtual/lib/python3.8/site-packages/airflow/example_dags/example_branch_operator.py took 0.155 seconds
[2023-11-02T09:29:39.778-0500] {processor.py:157} INFO - Started process (PID=95892) to work on /Users/dimz/EconWizard/hermesvirtual/lib/python3.8/site-packages/airflow/example_dags/example_branch_operator.py
[2023-11-02T09:29:39.783-0500] {processor.py:829} INFO - Processing file /Users/dimz/EconWizard/hermesvirtual/lib/python3.8/site-packages/airflow/example_dags/example_branch_operator.py for tasks to queue
[2023-11-02T09:29:39.783-0500] {logging_mixin.py:151} INFO - [2023-11-02T09:29:39.783-0500] {dagbag.py:536} INFO - Filling up the DagBag from /Users/dimz/EconWizard/hermesvirtual/lib/python3.8/site-packages/airflow/example_dags/example_branch_operator.py
[2023-11-02T09:29:39.809-0500] {processor.py:839} INFO - DAG(s) dict_keys(['example_branch_operator']) retrieved from /Users/dimz/EconWizard/hermesvirtual/lib/python3.8/site-packages/airflow/example_dags/example_branch_operator.py
[2023-11-02T09:29:39.915-0500] {logging_mixin.py:151} INFO - [2023-11-02T09:29:39.915-0500] {dag.py:2941} INFO - Sync 1 DAGs
[2023-11-02T09:29:39.926-0500] {logging_mixin.py:151} INFO - [2023-11-02T09:29:39.925-0500] {dag.py:3722} INFO - Setting next_dagrun for example_branch_operator to 2023-11-01T00:00:00+00:00, run_after=2023-11-02T00:00:00+00:00
[2023-11-02T09:29:39.937-0500] {processor.py:179} INFO - Processing /Users/dimz/EconWizard/hermesvirtual/lib/python3.8/site-packages/airflow/example_dags/example_branch_operator.py took 0.159 seconds
[2023-11-02T09:31:51.303-0500] {processor.py:157} INFO - Started process (PID=96054) to work on /Users/dimz/EconWizard/hermesvirtual/lib/python3.8/site-packages/airflow/example_dags/example_branch_operator.py
[2023-11-02T09:31:51.307-0500] {processor.py:829} INFO - Processing file /Users/dimz/EconWizard/hermesvirtual/lib/python3.8/site-packages/airflow/example_dags/example_branch_operator.py for tasks to queue
[2023-11-02T09:31:51.308-0500] {logging_mixin.py:151} INFO - [2023-11-02T09:31:51.308-0500] {dagbag.py:536} INFO - Filling up the DagBag from /Users/dimz/EconWizard/hermesvirtual/lib/python3.8/site-packages/airflow/example_dags/example_branch_operator.py
[2023-11-02T09:31:51.334-0500] {processor.py:839} INFO - DAG(s) dict_keys(['example_branch_operator']) retrieved from /Users/dimz/EconWizard/hermesvirtual/lib/python3.8/site-packages/airflow/example_dags/example_branch_operator.py
[2023-11-02T09:31:51.437-0500] {logging_mixin.py:151} INFO - [2023-11-02T09:31:51.437-0500] {dag.py:2941} INFO - Sync 1 DAGs
[2023-11-02T09:31:51.447-0500] {logging_mixin.py:151} INFO - [2023-11-02T09:31:51.447-0500] {dag.py:3722} INFO - Setting next_dagrun for example_branch_operator to 2023-11-01T00:00:00+00:00, run_after=2023-11-02T00:00:00+00:00
[2023-11-02T09:31:51.458-0500] {processor.py:179} INFO - Processing /Users/dimz/EconWizard/hermesvirtual/lib/python3.8/site-packages/airflow/example_dags/example_branch_operator.py took 0.156 seconds
[2023-11-02T10:14:00.636-0500] {processor.py:157} INFO - Started process (PID=97590) to work on /Users/dimz/EconWizard/hermesvirtual/lib/python3.8/site-packages/airflow/example_dags/example_branch_operator.py
[2023-11-02T10:14:00.641-0500] {processor.py:829} INFO - Processing file /Users/dimz/EconWizard/hermesvirtual/lib/python3.8/site-packages/airflow/example_dags/example_branch_operator.py for tasks to queue
[2023-11-02T10:14:00.642-0500] {logging_mixin.py:151} INFO - [2023-11-02T10:14:00.642-0500] {dagbag.py:536} INFO - Filling up the DagBag from /Users/dimz/EconWizard/hermesvirtual/lib/python3.8/site-packages/airflow/example_dags/example_branch_operator.py
[2023-11-02T10:14:00.667-0500] {processor.py:839} INFO - DAG(s) dict_keys(['example_branch_operator']) retrieved from /Users/dimz/EconWizard/hermesvirtual/lib/python3.8/site-packages/airflow/example_dags/example_branch_operator.py
[2023-11-02T10:14:00.770-0500] {logging_mixin.py:151} INFO - [2023-11-02T10:14:00.769-0500] {dag.py:2941} INFO - Sync 1 DAGs
[2023-11-02T10:14:00.779-0500] {logging_mixin.py:151} INFO - [2023-11-02T10:14:00.779-0500] {dag.py:3722} INFO - Setting next_dagrun for example_branch_operator to 2023-11-01T00:00:00+00:00, run_after=2023-11-02T00:00:00+00:00
[2023-11-02T10:14:00.790-0500] {processor.py:179} INFO - Processing /Users/dimz/EconWizard/hermesvirtual/lib/python3.8/site-packages/airflow/example_dags/example_branch_operator.py took 0.154 seconds
[2023-11-02T10:16:05.072-0500] {processor.py:157} INFO - Started process (PID=97811) to work on /Users/dimz/EconWizard/hermesvirtual/lib/python3.8/site-packages/airflow/example_dags/example_branch_operator.py
[2023-11-02T10:16:05.077-0500] {processor.py:829} INFO - Processing file /Users/dimz/EconWizard/hermesvirtual/lib/python3.8/site-packages/airflow/example_dags/example_branch_operator.py for tasks to queue
[2023-11-02T10:16:05.078-0500] {logging_mixin.py:151} INFO - [2023-11-02T10:16:05.078-0500] {dagbag.py:536} INFO - Filling up the DagBag from /Users/dimz/EconWizard/hermesvirtual/lib/python3.8/site-packages/airflow/example_dags/example_branch_operator.py
[2023-11-02T10:16:05.103-0500] {processor.py:839} INFO - DAG(s) dict_keys(['example_branch_operator']) retrieved from /Users/dimz/EconWizard/hermesvirtual/lib/python3.8/site-packages/airflow/example_dags/example_branch_operator.py
[2023-11-02T10:16:05.209-0500] {logging_mixin.py:151} INFO - [2023-11-02T10:16:05.209-0500] {dag.py:2941} INFO - Sync 1 DAGs
[2023-11-02T10:16:05.220-0500] {logging_mixin.py:151} INFO - [2023-11-02T10:16:05.219-0500] {dag.py:3722} INFO - Setting next_dagrun for example_branch_operator to 2023-11-01T00:00:00+00:00, run_after=2023-11-02T00:00:00+00:00
[2023-11-02T10:16:05.232-0500] {processor.py:179} INFO - Processing /Users/dimz/EconWizard/hermesvirtual/lib/python3.8/site-packages/airflow/example_dags/example_branch_operator.py took 0.160 seconds
[2023-11-02T10:39:48.313-0500] {processor.py:157} INFO - Started process (PID=99932) to work on /Users/dimz/EconWizard/hermesvirtual/lib/python3.8/site-packages/airflow/example_dags/example_branch_operator.py
[2023-11-02T10:39:48.319-0500] {processor.py:829} INFO - Processing file /Users/dimz/EconWizard/hermesvirtual/lib/python3.8/site-packages/airflow/example_dags/example_branch_operator.py for tasks to queue
[2023-11-02T10:39:48.319-0500] {logging_mixin.py:151} INFO - [2023-11-02T10:39:48.319-0500] {dagbag.py:536} INFO - Filling up the DagBag from /Users/dimz/EconWizard/hermesvirtual/lib/python3.8/site-packages/airflow/example_dags/example_branch_operator.py
[2023-11-02T10:39:48.351-0500] {processor.py:839} INFO - DAG(s) dict_keys(['example_branch_operator']) retrieved from /Users/dimz/EconWizard/hermesvirtual/lib/python3.8/site-packages/airflow/example_dags/example_branch_operator.py
[2023-11-02T10:39:48.481-0500] {logging_mixin.py:151} INFO - [2023-11-02T10:39:48.481-0500] {dag.py:2941} INFO - Sync 1 DAGs
[2023-11-02T10:39:48.496-0500] {logging_mixin.py:151} INFO - [2023-11-02T10:39:48.496-0500] {dag.py:3722} INFO - Setting next_dagrun for example_branch_operator to 2023-11-01T00:00:00+00:00, run_after=2023-11-02T00:00:00+00:00
[2023-11-02T10:39:48.514-0500] {processor.py:179} INFO - Processing /Users/dimz/EconWizard/hermesvirtual/lib/python3.8/site-packages/airflow/example_dags/example_branch_operator.py took 0.202 seconds
[2023-11-02T10:41:56.098-0500] {processor.py:157} INFO - Started process (PID=196) to work on /Users/dimz/EconWizard/hermesvirtual/lib/python3.8/site-packages/airflow/example_dags/example_branch_operator.py
[2023-11-02T10:41:56.103-0500] {processor.py:829} INFO - Processing file /Users/dimz/EconWizard/hermesvirtual/lib/python3.8/site-packages/airflow/example_dags/example_branch_operator.py for tasks to queue
[2023-11-02T10:41:56.103-0500] {logging_mixin.py:151} INFO - [2023-11-02T10:41:56.103-0500] {dagbag.py:536} INFO - Filling up the DagBag from /Users/dimz/EconWizard/hermesvirtual/lib/python3.8/site-packages/airflow/example_dags/example_branch_operator.py
[2023-11-02T10:41:56.131-0500] {processor.py:839} INFO - DAG(s) dict_keys(['example_branch_operator']) retrieved from /Users/dimz/EconWizard/hermesvirtual/lib/python3.8/site-packages/airflow/example_dags/example_branch_operator.py
[2023-11-02T10:41:56.242-0500] {logging_mixin.py:151} INFO - [2023-11-02T10:41:56.242-0500] {dag.py:2941} INFO - Sync 1 DAGs
[2023-11-02T10:41:56.253-0500] {logging_mixin.py:151} INFO - [2023-11-02T10:41:56.252-0500] {dag.py:3722} INFO - Setting next_dagrun for example_branch_operator to 2023-11-01T00:00:00+00:00, run_after=2023-11-02T00:00:00+00:00
[2023-11-02T10:41:56.264-0500] {processor.py:179} INFO - Processing /Users/dimz/EconWizard/hermesvirtual/lib/python3.8/site-packages/airflow/example_dags/example_branch_operator.py took 0.167 seconds
