[2023-11-01T21:36:09.988-0500] {processor.py:157} INFO - Started process (PID=87744) to work on /Users/dimz/EconWizard/hermesvirtual/lib/python3.8/site-packages/airflow/example_dags/example_kubernetes_executor.py
[2023-11-01T21:36:09.992-0500] {processor.py:829} INFO - Processing file /Users/dimz/EconWizard/hermesvirtual/lib/python3.8/site-packages/airflow/example_dags/example_kubernetes_executor.py for tasks to queue
[2023-11-01T21:36:09.993-0500] {logging_mixin.py:151} INFO - [2023-11-01T21:36:09.993-0500] {dagbag.py:536} INFO - Filling up the DagBag from /Users/dimz/EconWizard/hermesvirtual/lib/python3.8/site-packages/airflow/example_dags/example_kubernetes_executor.py
[2023-11-01T21:36:10.024-0500] {logging_mixin.py:151} INFO - [2023-11-01T21:36:10.024-0500] {example_kubernetes_executor.py:38} WARNING - The example_kubernetes_executor example DAG requires the kubernetes provider. Please install it with: pip install apache-airflow[cncf.kubernetes]
[2023-11-01T21:36:10.025-0500] {processor.py:841} WARNING - No viable dags retrieved from /Users/dimz/EconWizard/hermesvirtual/lib/python3.8/site-packages/airflow/example_dags/example_kubernetes_executor.py
[2023-11-01T21:36:10.090-0500] {processor.py:179} INFO - Processing /Users/dimz/EconWizard/hermesvirtual/lib/python3.8/site-packages/airflow/example_dags/example_kubernetes_executor.py took 0.102 seconds
[2023-11-01T21:38:05.785-0500] {processor.py:157} INFO - Started process (PID=87946) to work on /Users/dimz/EconWizard/hermesvirtual/lib/python3.8/site-packages/airflow/example_dags/example_kubernetes_executor.py
[2023-11-01T21:38:05.790-0500] {processor.py:829} INFO - Processing file /Users/dimz/EconWizard/hermesvirtual/lib/python3.8/site-packages/airflow/example_dags/example_kubernetes_executor.py for tasks to queue
[2023-11-01T21:38:05.790-0500] {logging_mixin.py:151} INFO - [2023-11-01T21:38:05.790-0500] {dagbag.py:536} INFO - Filling up the DagBag from /Users/dimz/EconWizard/hermesvirtual/lib/python3.8/site-packages/airflow/example_dags/example_kubernetes_executor.py
[2023-11-01T21:38:05.820-0500] {logging_mixin.py:151} INFO - [2023-11-01T21:38:05.820-0500] {example_kubernetes_executor.py:38} WARNING - The example_kubernetes_executor example DAG requires the kubernetes provider. Please install it with: pip install apache-airflow[cncf.kubernetes]
[2023-11-01T21:38:05.820-0500] {processor.py:841} WARNING - No viable dags retrieved from /Users/dimz/EconWizard/hermesvirtual/lib/python3.8/site-packages/airflow/example_dags/example_kubernetes_executor.py
[2023-11-01T21:38:05.883-0500] {processor.py:179} INFO - Processing /Users/dimz/EconWizard/hermesvirtual/lib/python3.8/site-packages/airflow/example_dags/example_kubernetes_executor.py took 0.099 seconds
[2023-11-01T21:39:59.120-0500] {processor.py:157} INFO - Started process (PID=88184) to work on /Users/dimz/EconWizard/hermesvirtual/lib/python3.8/site-packages/airflow/example_dags/example_kubernetes_executor.py
[2023-11-01T21:39:59.124-0500] {processor.py:829} INFO - Processing file /Users/dimz/EconWizard/hermesvirtual/lib/python3.8/site-packages/airflow/example_dags/example_kubernetes_executor.py for tasks to queue
[2023-11-01T21:39:59.124-0500] {logging_mixin.py:151} INFO - [2023-11-01T21:39:59.124-0500] {dagbag.py:536} INFO - Filling up the DagBag from /Users/dimz/EconWizard/hermesvirtual/lib/python3.8/site-packages/airflow/example_dags/example_kubernetes_executor.py
[2023-11-01T21:39:59.155-0500] {logging_mixin.py:151} INFO - [2023-11-01T21:39:59.154-0500] {example_kubernetes_executor.py:38} WARNING - The example_kubernetes_executor example DAG requires the kubernetes provider. Please install it with: pip install apache-airflow[cncf.kubernetes]
[2023-11-01T21:39:59.155-0500] {processor.py:841} WARNING - No viable dags retrieved from /Users/dimz/EconWizard/hermesvirtual/lib/python3.8/site-packages/airflow/example_dags/example_kubernetes_executor.py
[2023-11-01T21:39:59.222-0500] {processor.py:179} INFO - Processing /Users/dimz/EconWizard/hermesvirtual/lib/python3.8/site-packages/airflow/example_dags/example_kubernetes_executor.py took 0.102 seconds
[2023-11-01T21:41:57.129-0500] {processor.py:157} INFO - Started process (PID=88447) to work on /Users/dimz/EconWizard/hermesvirtual/lib/python3.8/site-packages/airflow/example_dags/example_kubernetes_executor.py
[2023-11-01T21:41:57.134-0500] {processor.py:829} INFO - Processing file /Users/dimz/EconWizard/hermesvirtual/lib/python3.8/site-packages/airflow/example_dags/example_kubernetes_executor.py for tasks to queue
[2023-11-01T21:41:57.134-0500] {logging_mixin.py:151} INFO - [2023-11-01T21:41:57.134-0500] {dagbag.py:536} INFO - Filling up the DagBag from /Users/dimz/EconWizard/hermesvirtual/lib/python3.8/site-packages/airflow/example_dags/example_kubernetes_executor.py
[2023-11-01T21:41:57.166-0500] {logging_mixin.py:151} INFO - [2023-11-01T21:41:57.165-0500] {example_kubernetes_executor.py:38} WARNING - The example_kubernetes_executor example DAG requires the kubernetes provider. Please install it with: pip install apache-airflow[cncf.kubernetes]
[2023-11-01T21:41:57.166-0500] {processor.py:841} WARNING - No viable dags retrieved from /Users/dimz/EconWizard/hermesvirtual/lib/python3.8/site-packages/airflow/example_dags/example_kubernetes_executor.py
[2023-11-01T21:41:57.237-0500] {processor.py:179} INFO - Processing /Users/dimz/EconWizard/hermesvirtual/lib/python3.8/site-packages/airflow/example_dags/example_kubernetes_executor.py took 0.109 seconds
[2023-11-01T21:43:47.414-0500] {processor.py:157} INFO - Started process (PID=88674) to work on /Users/dimz/EconWizard/hermesvirtual/lib/python3.8/site-packages/airflow/example_dags/example_kubernetes_executor.py
[2023-11-01T21:43:47.419-0500] {processor.py:829} INFO - Processing file /Users/dimz/EconWizard/hermesvirtual/lib/python3.8/site-packages/airflow/example_dags/example_kubernetes_executor.py for tasks to queue
[2023-11-01T21:43:47.419-0500] {logging_mixin.py:151} INFO - [2023-11-01T21:43:47.419-0500] {dagbag.py:536} INFO - Filling up the DagBag from /Users/dimz/EconWizard/hermesvirtual/lib/python3.8/site-packages/airflow/example_dags/example_kubernetes_executor.py
[2023-11-01T21:43:47.450-0500] {logging_mixin.py:151} INFO - [2023-11-01T21:43:47.450-0500] {example_kubernetes_executor.py:38} WARNING - The example_kubernetes_executor example DAG requires the kubernetes provider. Please install it with: pip install apache-airflow[cncf.kubernetes]
[2023-11-01T21:43:47.450-0500] {processor.py:841} WARNING - No viable dags retrieved from /Users/dimz/EconWizard/hermesvirtual/lib/python3.8/site-packages/airflow/example_dags/example_kubernetes_executor.py
[2023-11-01T21:43:47.516-0500] {processor.py:179} INFO - Processing /Users/dimz/EconWizard/hermesvirtual/lib/python3.8/site-packages/airflow/example_dags/example_kubernetes_executor.py took 0.102 seconds
[2023-11-01T21:45:49.805-0500] {processor.py:157} INFO - Started process (PID=88840) to work on /Users/dimz/EconWizard/hermesvirtual/lib/python3.8/site-packages/airflow/example_dags/example_kubernetes_executor.py
[2023-11-01T21:45:49.810-0500] {processor.py:829} INFO - Processing file /Users/dimz/EconWizard/hermesvirtual/lib/python3.8/site-packages/airflow/example_dags/example_kubernetes_executor.py for tasks to queue
[2023-11-01T21:45:49.811-0500] {logging_mixin.py:151} INFO - [2023-11-01T21:45:49.811-0500] {dagbag.py:536} INFO - Filling up the DagBag from /Users/dimz/EconWizard/hermesvirtual/lib/python3.8/site-packages/airflow/example_dags/example_kubernetes_executor.py
[2023-11-01T21:45:49.843-0500] {logging_mixin.py:151} INFO - [2023-11-01T21:45:49.842-0500] {example_kubernetes_executor.py:38} WARNING - The example_kubernetes_executor example DAG requires the kubernetes provider. Please install it with: pip install apache-airflow[cncf.kubernetes]
[2023-11-01T21:45:49.843-0500] {processor.py:841} WARNING - No viable dags retrieved from /Users/dimz/EconWizard/hermesvirtual/lib/python3.8/site-packages/airflow/example_dags/example_kubernetes_executor.py
[2023-11-01T21:45:49.912-0500] {processor.py:179} INFO - Processing /Users/dimz/EconWizard/hermesvirtual/lib/python3.8/site-packages/airflow/example_dags/example_kubernetes_executor.py took 0.107 seconds
[2023-11-01T21:47:52.322-0500] {processor.py:157} INFO - Started process (PID=89098) to work on /Users/dimz/EconWizard/hermesvirtual/lib/python3.8/site-packages/airflow/example_dags/example_kubernetes_executor.py
[2023-11-01T21:47:52.327-0500] {processor.py:829} INFO - Processing file /Users/dimz/EconWizard/hermesvirtual/lib/python3.8/site-packages/airflow/example_dags/example_kubernetes_executor.py for tasks to queue
[2023-11-01T21:47:52.327-0500] {logging_mixin.py:151} INFO - [2023-11-01T21:47:52.327-0500] {dagbag.py:536} INFO - Filling up the DagBag from /Users/dimz/EconWizard/hermesvirtual/lib/python3.8/site-packages/airflow/example_dags/example_kubernetes_executor.py
[2023-11-01T21:47:52.356-0500] {logging_mixin.py:151} INFO - [2023-11-01T21:47:52.356-0500] {example_kubernetes_executor.py:38} WARNING - The example_kubernetes_executor example DAG requires the kubernetes provider. Please install it with: pip install apache-airflow[cncf.kubernetes]
[2023-11-01T21:47:52.357-0500] {processor.py:841} WARNING - No viable dags retrieved from /Users/dimz/EconWizard/hermesvirtual/lib/python3.8/site-packages/airflow/example_dags/example_kubernetes_executor.py
[2023-11-01T21:47:52.421-0500] {processor.py:179} INFO - Processing /Users/dimz/EconWizard/hermesvirtual/lib/python3.8/site-packages/airflow/example_dags/example_kubernetes_executor.py took 0.100 seconds
[2023-11-01T21:49:52.936-0500] {processor.py:157} INFO - Started process (PID=89258) to work on /Users/dimz/EconWizard/hermesvirtual/lib/python3.8/site-packages/airflow/example_dags/example_kubernetes_executor.py
[2023-11-01T21:49:52.940-0500] {processor.py:829} INFO - Processing file /Users/dimz/EconWizard/hermesvirtual/lib/python3.8/site-packages/airflow/example_dags/example_kubernetes_executor.py for tasks to queue
[2023-11-01T21:49:52.941-0500] {logging_mixin.py:151} INFO - [2023-11-01T21:49:52.941-0500] {dagbag.py:536} INFO - Filling up the DagBag from /Users/dimz/EconWizard/hermesvirtual/lib/python3.8/site-packages/airflow/example_dags/example_kubernetes_executor.py
[2023-11-01T21:49:52.975-0500] {logging_mixin.py:151} INFO - [2023-11-01T21:49:52.975-0500] {example_kubernetes_executor.py:38} WARNING - The example_kubernetes_executor example DAG requires the kubernetes provider. Please install it with: pip install apache-airflow[cncf.kubernetes]
[2023-11-01T21:49:52.976-0500] {processor.py:841} WARNING - No viable dags retrieved from /Users/dimz/EconWizard/hermesvirtual/lib/python3.8/site-packages/airflow/example_dags/example_kubernetes_executor.py
[2023-11-01T21:49:53.045-0500] {processor.py:179} INFO - Processing /Users/dimz/EconWizard/hermesvirtual/lib/python3.8/site-packages/airflow/example_dags/example_kubernetes_executor.py took 0.109 seconds
[2023-11-01T21:51:51.676-0500] {processor.py:157} INFO - Started process (PID=89413) to work on /Users/dimz/EconWizard/hermesvirtual/lib/python3.8/site-packages/airflow/example_dags/example_kubernetes_executor.py
[2023-11-01T21:51:51.681-0500] {processor.py:829} INFO - Processing file /Users/dimz/EconWizard/hermesvirtual/lib/python3.8/site-packages/airflow/example_dags/example_kubernetes_executor.py for tasks to queue
[2023-11-01T21:51:51.682-0500] {logging_mixin.py:151} INFO - [2023-11-01T21:51:51.682-0500] {dagbag.py:536} INFO - Filling up the DagBag from /Users/dimz/EconWizard/hermesvirtual/lib/python3.8/site-packages/airflow/example_dags/example_kubernetes_executor.py
[2023-11-01T21:51:51.715-0500] {logging_mixin.py:151} INFO - [2023-11-01T21:51:51.714-0500] {example_kubernetes_executor.py:38} WARNING - The example_kubernetes_executor example DAG requires the kubernetes provider. Please install it with: pip install apache-airflow[cncf.kubernetes]
[2023-11-01T21:51:51.715-0500] {processor.py:841} WARNING - No viable dags retrieved from /Users/dimz/EconWizard/hermesvirtual/lib/python3.8/site-packages/airflow/example_dags/example_kubernetes_executor.py
[2023-11-01T21:51:51.780-0500] {processor.py:179} INFO - Processing /Users/dimz/EconWizard/hermesvirtual/lib/python3.8/site-packages/airflow/example_dags/example_kubernetes_executor.py took 0.104 seconds
[2023-11-01T21:53:46.686-0500] {processor.py:157} INFO - Started process (PID=89596) to work on /Users/dimz/EconWizard/hermesvirtual/lib/python3.8/site-packages/airflow/example_dags/example_kubernetes_executor.py
[2023-11-01T21:53:46.690-0500] {processor.py:829} INFO - Processing file /Users/dimz/EconWizard/hermesvirtual/lib/python3.8/site-packages/airflow/example_dags/example_kubernetes_executor.py for tasks to queue
[2023-11-01T21:53:46.691-0500] {logging_mixin.py:151} INFO - [2023-11-01T21:53:46.690-0500] {dagbag.py:536} INFO - Filling up the DagBag from /Users/dimz/EconWizard/hermesvirtual/lib/python3.8/site-packages/airflow/example_dags/example_kubernetes_executor.py
[2023-11-01T21:53:46.724-0500] {logging_mixin.py:151} INFO - [2023-11-01T21:53:46.724-0500] {example_kubernetes_executor.py:38} WARNING - The example_kubernetes_executor example DAG requires the kubernetes provider. Please install it with: pip install apache-airflow[cncf.kubernetes]
[2023-11-01T21:53:46.724-0500] {processor.py:841} WARNING - No viable dags retrieved from /Users/dimz/EconWizard/hermesvirtual/lib/python3.8/site-packages/airflow/example_dags/example_kubernetes_executor.py
[2023-11-01T21:53:46.795-0500] {processor.py:179} INFO - Processing /Users/dimz/EconWizard/hermesvirtual/lib/python3.8/site-packages/airflow/example_dags/example_kubernetes_executor.py took 0.110 seconds
[2023-11-01T21:55:48.810-0500] {processor.py:157} INFO - Started process (PID=89752) to work on /Users/dimz/EconWizard/hermesvirtual/lib/python3.8/site-packages/airflow/example_dags/example_kubernetes_executor.py
[2023-11-01T21:55:48.814-0500] {processor.py:829} INFO - Processing file /Users/dimz/EconWizard/hermesvirtual/lib/python3.8/site-packages/airflow/example_dags/example_kubernetes_executor.py for tasks to queue
[2023-11-01T21:55:48.815-0500] {logging_mixin.py:151} INFO - [2023-11-01T21:55:48.815-0500] {dagbag.py:536} INFO - Filling up the DagBag from /Users/dimz/EconWizard/hermesvirtual/lib/python3.8/site-packages/airflow/example_dags/example_kubernetes_executor.py
[2023-11-01T21:55:48.844-0500] {logging_mixin.py:151} INFO - [2023-11-01T21:55:48.844-0500] {example_kubernetes_executor.py:38} WARNING - The example_kubernetes_executor example DAG requires the kubernetes provider. Please install it with: pip install apache-airflow[cncf.kubernetes]
[2023-11-01T21:55:48.844-0500] {processor.py:841} WARNING - No viable dags retrieved from /Users/dimz/EconWizard/hermesvirtual/lib/python3.8/site-packages/airflow/example_dags/example_kubernetes_executor.py
[2023-11-01T21:55:48.909-0500] {processor.py:179} INFO - Processing /Users/dimz/EconWizard/hermesvirtual/lib/python3.8/site-packages/airflow/example_dags/example_kubernetes_executor.py took 0.100 seconds
[2023-11-01T21:57:44.514-0500] {processor.py:157} INFO - Started process (PID=89971) to work on /Users/dimz/EconWizard/hermesvirtual/lib/python3.8/site-packages/airflow/example_dags/example_kubernetes_executor.py
[2023-11-01T21:57:44.520-0500] {processor.py:829} INFO - Processing file /Users/dimz/EconWizard/hermesvirtual/lib/python3.8/site-packages/airflow/example_dags/example_kubernetes_executor.py for tasks to queue
[2023-11-01T21:57:44.520-0500] {logging_mixin.py:151} INFO - [2023-11-01T21:57:44.520-0500] {dagbag.py:536} INFO - Filling up the DagBag from /Users/dimz/EconWizard/hermesvirtual/lib/python3.8/site-packages/airflow/example_dags/example_kubernetes_executor.py
[2023-11-01T21:57:44.554-0500] {logging_mixin.py:151} INFO - [2023-11-01T21:57:44.554-0500] {example_kubernetes_executor.py:38} WARNING - The example_kubernetes_executor example DAG requires the kubernetes provider. Please install it with: pip install apache-airflow[cncf.kubernetes]
[2023-11-01T21:57:44.554-0500] {processor.py:841} WARNING - No viable dags retrieved from /Users/dimz/EconWizard/hermesvirtual/lib/python3.8/site-packages/airflow/example_dags/example_kubernetes_executor.py
[2023-11-01T21:57:44.627-0500] {processor.py:179} INFO - Processing /Users/dimz/EconWizard/hermesvirtual/lib/python3.8/site-packages/airflow/example_dags/example_kubernetes_executor.py took 0.113 seconds
[2023-11-01T21:59:46.227-0500] {processor.py:157} INFO - Started process (PID=90105) to work on /Users/dimz/EconWizard/hermesvirtual/lib/python3.8/site-packages/airflow/example_dags/example_kubernetes_executor.py
[2023-11-01T21:59:46.231-0500] {processor.py:829} INFO - Processing file /Users/dimz/EconWizard/hermesvirtual/lib/python3.8/site-packages/airflow/example_dags/example_kubernetes_executor.py for tasks to queue
[2023-11-01T21:59:46.232-0500] {logging_mixin.py:151} INFO - [2023-11-01T21:59:46.232-0500] {dagbag.py:536} INFO - Filling up the DagBag from /Users/dimz/EconWizard/hermesvirtual/lib/python3.8/site-packages/airflow/example_dags/example_kubernetes_executor.py
[2023-11-01T21:59:46.263-0500] {logging_mixin.py:151} INFO - [2023-11-01T21:59:46.263-0500] {example_kubernetes_executor.py:38} WARNING - The example_kubernetes_executor example DAG requires the kubernetes provider. Please install it with: pip install apache-airflow[cncf.kubernetes]
[2023-11-01T21:59:46.263-0500] {processor.py:841} WARNING - No viable dags retrieved from /Users/dimz/EconWizard/hermesvirtual/lib/python3.8/site-packages/airflow/example_dags/example_kubernetes_executor.py
[2023-11-01T21:59:46.329-0500] {processor.py:179} INFO - Processing /Users/dimz/EconWizard/hermesvirtual/lib/python3.8/site-packages/airflow/example_dags/example_kubernetes_executor.py took 0.103 seconds
[2023-11-01T22:01:48.509-0500] {processor.py:157} INFO - Started process (PID=90287) to work on /Users/dimz/EconWizard/hermesvirtual/lib/python3.8/site-packages/airflow/example_dags/example_kubernetes_executor.py
[2023-11-01T22:01:48.514-0500] {processor.py:829} INFO - Processing file /Users/dimz/EconWizard/hermesvirtual/lib/python3.8/site-packages/airflow/example_dags/example_kubernetes_executor.py for tasks to queue
[2023-11-01T22:01:48.514-0500] {logging_mixin.py:151} INFO - [2023-11-01T22:01:48.514-0500] {dagbag.py:536} INFO - Filling up the DagBag from /Users/dimz/EconWizard/hermesvirtual/lib/python3.8/site-packages/airflow/example_dags/example_kubernetes_executor.py
[2023-11-01T22:01:48.547-0500] {logging_mixin.py:151} INFO - [2023-11-01T22:01:48.547-0500] {example_kubernetes_executor.py:38} WARNING - The example_kubernetes_executor example DAG requires the kubernetes provider. Please install it with: pip install apache-airflow[cncf.kubernetes]
[2023-11-01T22:01:48.548-0500] {processor.py:841} WARNING - No viable dags retrieved from /Users/dimz/EconWizard/hermesvirtual/lib/python3.8/site-packages/airflow/example_dags/example_kubernetes_executor.py
[2023-11-01T22:01:48.619-0500] {processor.py:179} INFO - Processing /Users/dimz/EconWizard/hermesvirtual/lib/python3.8/site-packages/airflow/example_dags/example_kubernetes_executor.py took 0.111 seconds
[2023-11-01T22:03:49.875-0500] {processor.py:157} INFO - Started process (PID=90453) to work on /Users/dimz/EconWizard/hermesvirtual/lib/python3.8/site-packages/airflow/example_dags/example_kubernetes_executor.py
[2023-11-01T22:03:49.880-0500] {processor.py:829} INFO - Processing file /Users/dimz/EconWizard/hermesvirtual/lib/python3.8/site-packages/airflow/example_dags/example_kubernetes_executor.py for tasks to queue
[2023-11-01T22:03:49.880-0500] {logging_mixin.py:151} INFO - [2023-11-01T22:03:49.880-0500] {dagbag.py:536} INFO - Filling up the DagBag from /Users/dimz/EconWizard/hermesvirtual/lib/python3.8/site-packages/airflow/example_dags/example_kubernetes_executor.py
[2023-11-01T22:03:49.910-0500] {logging_mixin.py:151} INFO - [2023-11-01T22:03:49.910-0500] {example_kubernetes_executor.py:38} WARNING - The example_kubernetes_executor example DAG requires the kubernetes provider. Please install it with: pip install apache-airflow[cncf.kubernetes]
[2023-11-01T22:03:49.910-0500] {processor.py:841} WARNING - No viable dags retrieved from /Users/dimz/EconWizard/hermesvirtual/lib/python3.8/site-packages/airflow/example_dags/example_kubernetes_executor.py
[2023-11-01T22:03:49.975-0500] {processor.py:179} INFO - Processing /Users/dimz/EconWizard/hermesvirtual/lib/python3.8/site-packages/airflow/example_dags/example_kubernetes_executor.py took 0.101 seconds
[2023-11-01T22:05:40.949-0500] {processor.py:157} INFO - Started process (PID=90673) to work on /Users/dimz/EconWizard/hermesvirtual/lib/python3.8/site-packages/airflow/example_dags/example_kubernetes_executor.py
[2023-11-01T22:05:40.954-0500] {processor.py:829} INFO - Processing file /Users/dimz/EconWizard/hermesvirtual/lib/python3.8/site-packages/airflow/example_dags/example_kubernetes_executor.py for tasks to queue
[2023-11-01T22:05:40.955-0500] {logging_mixin.py:151} INFO - [2023-11-01T22:05:40.955-0500] {dagbag.py:536} INFO - Filling up the DagBag from /Users/dimz/EconWizard/hermesvirtual/lib/python3.8/site-packages/airflow/example_dags/example_kubernetes_executor.py
[2023-11-01T22:05:40.984-0500] {logging_mixin.py:151} INFO - [2023-11-01T22:05:40.984-0500] {example_kubernetes_executor.py:38} WARNING - The example_kubernetes_executor example DAG requires the kubernetes provider. Please install it with: pip install apache-airflow[cncf.kubernetes]
[2023-11-01T22:05:40.984-0500] {processor.py:841} WARNING - No viable dags retrieved from /Users/dimz/EconWizard/hermesvirtual/lib/python3.8/site-packages/airflow/example_dags/example_kubernetes_executor.py
[2023-11-01T22:05:41.049-0500] {processor.py:179} INFO - Processing /Users/dimz/EconWizard/hermesvirtual/lib/python3.8/site-packages/airflow/example_dags/example_kubernetes_executor.py took 0.100 seconds
[2023-11-01T22:07:47.822-0500] {processor.py:157} INFO - Started process (PID=90898) to work on /Users/dimz/EconWizard/hermesvirtual/lib/python3.8/site-packages/airflow/example_dags/example_kubernetes_executor.py
[2023-11-01T22:07:47.827-0500] {processor.py:829} INFO - Processing file /Users/dimz/EconWizard/hermesvirtual/lib/python3.8/site-packages/airflow/example_dags/example_kubernetes_executor.py for tasks to queue
[2023-11-01T22:07:47.827-0500] {logging_mixin.py:151} INFO - [2023-11-01T22:07:47.827-0500] {dagbag.py:536} INFO - Filling up the DagBag from /Users/dimz/EconWizard/hermesvirtual/lib/python3.8/site-packages/airflow/example_dags/example_kubernetes_executor.py
[2023-11-01T22:07:47.857-0500] {logging_mixin.py:151} INFO - [2023-11-01T22:07:47.857-0500] {example_kubernetes_executor.py:38} WARNING - The example_kubernetes_executor example DAG requires the kubernetes provider. Please install it with: pip install apache-airflow[cncf.kubernetes]
[2023-11-01T22:07:47.857-0500] {processor.py:841} WARNING - No viable dags retrieved from /Users/dimz/EconWizard/hermesvirtual/lib/python3.8/site-packages/airflow/example_dags/example_kubernetes_executor.py
[2023-11-01T22:07:47.923-0500] {processor.py:179} INFO - Processing /Users/dimz/EconWizard/hermesvirtual/lib/python3.8/site-packages/airflow/example_dags/example_kubernetes_executor.py took 0.102 seconds
[2023-11-01T22:13:39.235-0500] {processor.py:157} INFO - Started process (PID=91477) to work on /Users/dimz/EconWizard/hermesvirtual/lib/python3.8/site-packages/airflow/example_dags/example_kubernetes_executor.py
[2023-11-01T22:13:39.240-0500] {processor.py:829} INFO - Processing file /Users/dimz/EconWizard/hermesvirtual/lib/python3.8/site-packages/airflow/example_dags/example_kubernetes_executor.py for tasks to queue
[2023-11-01T22:13:39.241-0500] {logging_mixin.py:151} INFO - [2023-11-01T22:13:39.241-0500] {dagbag.py:536} INFO - Filling up the DagBag from /Users/dimz/EconWizard/hermesvirtual/lib/python3.8/site-packages/airflow/example_dags/example_kubernetes_executor.py
[2023-11-01T22:13:39.272-0500] {logging_mixin.py:151} INFO - [2023-11-01T22:13:39.271-0500] {example_kubernetes_executor.py:38} WARNING - The example_kubernetes_executor example DAG requires the kubernetes provider. Please install it with: pip install apache-airflow[cncf.kubernetes]
[2023-11-01T22:13:39.272-0500] {processor.py:841} WARNING - No viable dags retrieved from /Users/dimz/EconWizard/hermesvirtual/lib/python3.8/site-packages/airflow/example_dags/example_kubernetes_executor.py
[2023-11-01T22:13:39.339-0500] {processor.py:179} INFO - Processing /Users/dimz/EconWizard/hermesvirtual/lib/python3.8/site-packages/airflow/example_dags/example_kubernetes_executor.py took 0.104 seconds
[2023-11-01T22:15:42.250-0500] {processor.py:157} INFO - Started process (PID=91665) to work on /Users/dimz/EconWizard/hermesvirtual/lib/python3.8/site-packages/airflow/example_dags/example_kubernetes_executor.py
[2023-11-01T22:15:42.255-0500] {processor.py:829} INFO - Processing file /Users/dimz/EconWizard/hermesvirtual/lib/python3.8/site-packages/airflow/example_dags/example_kubernetes_executor.py for tasks to queue
[2023-11-01T22:15:42.255-0500] {logging_mixin.py:151} INFO - [2023-11-01T22:15:42.255-0500] {dagbag.py:536} INFO - Filling up the DagBag from /Users/dimz/EconWizard/hermesvirtual/lib/python3.8/site-packages/airflow/example_dags/example_kubernetes_executor.py
[2023-11-01T22:15:42.284-0500] {logging_mixin.py:151} INFO - [2023-11-01T22:15:42.284-0500] {example_kubernetes_executor.py:38} WARNING - The example_kubernetes_executor example DAG requires the kubernetes provider. Please install it with: pip install apache-airflow[cncf.kubernetes]
[2023-11-01T22:15:42.284-0500] {processor.py:841} WARNING - No viable dags retrieved from /Users/dimz/EconWizard/hermesvirtual/lib/python3.8/site-packages/airflow/example_dags/example_kubernetes_executor.py
[2023-11-01T22:15:42.348-0500] {processor.py:179} INFO - Processing /Users/dimz/EconWizard/hermesvirtual/lib/python3.8/site-packages/airflow/example_dags/example_kubernetes_executor.py took 0.098 seconds
[2023-11-01T22:17:41.197-0500] {processor.py:157} INFO - Started process (PID=91946) to work on /Users/dimz/EconWizard/hermesvirtual/lib/python3.8/site-packages/airflow/example_dags/example_kubernetes_executor.py
[2023-11-01T22:17:41.202-0500] {processor.py:829} INFO - Processing file /Users/dimz/EconWizard/hermesvirtual/lib/python3.8/site-packages/airflow/example_dags/example_kubernetes_executor.py for tasks to queue
[2023-11-01T22:17:41.202-0500] {logging_mixin.py:151} INFO - [2023-11-01T22:17:41.202-0500] {dagbag.py:536} INFO - Filling up the DagBag from /Users/dimz/EconWizard/hermesvirtual/lib/python3.8/site-packages/airflow/example_dags/example_kubernetes_executor.py
[2023-11-01T22:17:41.233-0500] {logging_mixin.py:151} INFO - [2023-11-01T22:17:41.233-0500] {example_kubernetes_executor.py:38} WARNING - The example_kubernetes_executor example DAG requires the kubernetes provider. Please install it with: pip install apache-airflow[cncf.kubernetes]
[2023-11-01T22:17:41.234-0500] {processor.py:841} WARNING - No viable dags retrieved from /Users/dimz/EconWizard/hermesvirtual/lib/python3.8/site-packages/airflow/example_dags/example_kubernetes_executor.py
[2023-11-01T22:17:41.301-0500] {processor.py:179} INFO - Processing /Users/dimz/EconWizard/hermesvirtual/lib/python3.8/site-packages/airflow/example_dags/example_kubernetes_executor.py took 0.105 seconds
[2023-11-01T22:19:36.320-0500] {processor.py:157} INFO - Started process (PID=92219) to work on /Users/dimz/EconWizard/hermesvirtual/lib/python3.8/site-packages/airflow/example_dags/example_kubernetes_executor.py
[2023-11-01T22:19:36.325-0500] {processor.py:829} INFO - Processing file /Users/dimz/EconWizard/hermesvirtual/lib/python3.8/site-packages/airflow/example_dags/example_kubernetes_executor.py for tasks to queue
[2023-11-01T22:19:36.325-0500] {logging_mixin.py:151} INFO - [2023-11-01T22:19:36.325-0500] {dagbag.py:536} INFO - Filling up the DagBag from /Users/dimz/EconWizard/hermesvirtual/lib/python3.8/site-packages/airflow/example_dags/example_kubernetes_executor.py
[2023-11-01T22:19:36.354-0500] {logging_mixin.py:151} INFO - [2023-11-01T22:19:36.354-0500] {example_kubernetes_executor.py:38} WARNING - The example_kubernetes_executor example DAG requires the kubernetes provider. Please install it with: pip install apache-airflow[cncf.kubernetes]
[2023-11-01T22:19:36.354-0500] {processor.py:841} WARNING - No viable dags retrieved from /Users/dimz/EconWizard/hermesvirtual/lib/python3.8/site-packages/airflow/example_dags/example_kubernetes_executor.py
[2023-11-01T22:19:36.417-0500] {processor.py:179} INFO - Processing /Users/dimz/EconWizard/hermesvirtual/lib/python3.8/site-packages/airflow/example_dags/example_kubernetes_executor.py took 0.098 seconds
[2023-11-01T22:21:25.808-0500] {processor.py:157} INFO - Started process (PID=92492) to work on /Users/dimz/EconWizard/hermesvirtual/lib/python3.8/site-packages/airflow/example_dags/example_kubernetes_executor.py
[2023-11-01T22:21:25.813-0500] {processor.py:829} INFO - Processing file /Users/dimz/EconWizard/hermesvirtual/lib/python3.8/site-packages/airflow/example_dags/example_kubernetes_executor.py for tasks to queue
[2023-11-01T22:21:25.813-0500] {logging_mixin.py:151} INFO - [2023-11-01T22:21:25.813-0500] {dagbag.py:536} INFO - Filling up the DagBag from /Users/dimz/EconWizard/hermesvirtual/lib/python3.8/site-packages/airflow/example_dags/example_kubernetes_executor.py
[2023-11-01T22:21:25.842-0500] {logging_mixin.py:151} INFO - [2023-11-01T22:21:25.842-0500] {example_kubernetes_executor.py:38} WARNING - The example_kubernetes_executor example DAG requires the kubernetes provider. Please install it with: pip install apache-airflow[cncf.kubernetes]
[2023-11-01T22:21:25.842-0500] {processor.py:841} WARNING - No viable dags retrieved from /Users/dimz/EconWizard/hermesvirtual/lib/python3.8/site-packages/airflow/example_dags/example_kubernetes_executor.py
[2023-11-01T22:21:25.907-0500] {processor.py:179} INFO - Processing /Users/dimz/EconWizard/hermesvirtual/lib/python3.8/site-packages/airflow/example_dags/example_kubernetes_executor.py took 0.100 seconds
[2023-11-01T22:23:26.125-0500] {processor.py:157} INFO - Started process (PID=92824) to work on /Users/dimz/EconWizard/hermesvirtual/lib/python3.8/site-packages/airflow/example_dags/example_kubernetes_executor.py
[2023-11-01T22:23:26.130-0500] {processor.py:829} INFO - Processing file /Users/dimz/EconWizard/hermesvirtual/lib/python3.8/site-packages/airflow/example_dags/example_kubernetes_executor.py for tasks to queue
[2023-11-01T22:23:26.131-0500] {logging_mixin.py:151} INFO - [2023-11-01T22:23:26.131-0500] {dagbag.py:536} INFO - Filling up the DagBag from /Users/dimz/EconWizard/hermesvirtual/lib/python3.8/site-packages/airflow/example_dags/example_kubernetes_executor.py
[2023-11-01T22:23:26.162-0500] {logging_mixin.py:151} INFO - [2023-11-01T22:23:26.162-0500] {example_kubernetes_executor.py:38} WARNING - The example_kubernetes_executor example DAG requires the kubernetes provider. Please install it with: pip install apache-airflow[cncf.kubernetes]
[2023-11-01T22:23:26.162-0500] {processor.py:841} WARNING - No viable dags retrieved from /Users/dimz/EconWizard/hermesvirtual/lib/python3.8/site-packages/airflow/example_dags/example_kubernetes_executor.py
[2023-11-01T22:23:26.231-0500] {processor.py:179} INFO - Processing /Users/dimz/EconWizard/hermesvirtual/lib/python3.8/site-packages/airflow/example_dags/example_kubernetes_executor.py took 0.107 seconds
[2023-11-02T04:18:40.991-0500] {processor.py:157} INFO - Started process (PID=93182) to work on /Users/dimz/EconWizard/hermesvirtual/lib/python3.8/site-packages/airflow/example_dags/example_kubernetes_executor.py
[2023-11-02T04:18:40.996-0500] {processor.py:829} INFO - Processing file /Users/dimz/EconWizard/hermesvirtual/lib/python3.8/site-packages/airflow/example_dags/example_kubernetes_executor.py for tasks to queue
[2023-11-02T04:18:40.996-0500] {logging_mixin.py:151} INFO - [2023-11-02T04:18:40.996-0500] {dagbag.py:536} INFO - Filling up the DagBag from /Users/dimz/EconWizard/hermesvirtual/lib/python3.8/site-packages/airflow/example_dags/example_kubernetes_executor.py
[2023-11-02T04:18:41.025-0500] {logging_mixin.py:151} INFO - [2023-11-02T04:18:41.025-0500] {example_kubernetes_executor.py:38} WARNING - The example_kubernetes_executor example DAG requires the kubernetes provider. Please install it with: pip install apache-airflow[cncf.kubernetes]
[2023-11-02T04:18:41.026-0500] {processor.py:841} WARNING - No viable dags retrieved from /Users/dimz/EconWizard/hermesvirtual/lib/python3.8/site-packages/airflow/example_dags/example_kubernetes_executor.py
[2023-11-02T04:18:41.094-0500] {processor.py:179} INFO - Processing /Users/dimz/EconWizard/hermesvirtual/lib/python3.8/site-packages/airflow/example_dags/example_kubernetes_executor.py took 0.103 seconds
[2023-11-02T06:54:01.518-0500] {processor.py:157} INFO - Started process (PID=93307) to work on /Users/dimz/EconWizard/hermesvirtual/lib/python3.8/site-packages/airflow/example_dags/example_kubernetes_executor.py
[2023-11-02T06:54:01.523-0500] {processor.py:829} INFO - Processing file /Users/dimz/EconWizard/hermesvirtual/lib/python3.8/site-packages/airflow/example_dags/example_kubernetes_executor.py for tasks to queue
[2023-11-02T06:54:01.523-0500] {logging_mixin.py:151} INFO - [2023-11-02T06:54:01.523-0500] {dagbag.py:536} INFO - Filling up the DagBag from /Users/dimz/EconWizard/hermesvirtual/lib/python3.8/site-packages/airflow/example_dags/example_kubernetes_executor.py
[2023-11-02T06:54:01.552-0500] {logging_mixin.py:151} INFO - [2023-11-02T06:54:01.552-0500] {example_kubernetes_executor.py:38} WARNING - The example_kubernetes_executor example DAG requires the kubernetes provider. Please install it with: pip install apache-airflow[cncf.kubernetes]
[2023-11-02T06:54:01.552-0500] {processor.py:841} WARNING - No viable dags retrieved from /Users/dimz/EconWizard/hermesvirtual/lib/python3.8/site-packages/airflow/example_dags/example_kubernetes_executor.py
[2023-11-02T06:54:01.617-0500] {processor.py:179} INFO - Processing /Users/dimz/EconWizard/hermesvirtual/lib/python3.8/site-packages/airflow/example_dags/example_kubernetes_executor.py took 0.100 seconds
[2023-11-02T08:29:16.450-0500] {processor.py:157} INFO - Started process (PID=93419) to work on /Users/dimz/EconWizard/hermesvirtual/lib/python3.8/site-packages/airflow/example_dags/example_kubernetes_executor.py
[2023-11-02T08:29:16.455-0500] {processor.py:829} INFO - Processing file /Users/dimz/EconWizard/hermesvirtual/lib/python3.8/site-packages/airflow/example_dags/example_kubernetes_executor.py for tasks to queue
[2023-11-02T08:29:16.455-0500] {logging_mixin.py:151} INFO - [2023-11-02T08:29:16.455-0500] {dagbag.py:536} INFO - Filling up the DagBag from /Users/dimz/EconWizard/hermesvirtual/lib/python3.8/site-packages/airflow/example_dags/example_kubernetes_executor.py
[2023-11-02T08:29:16.485-0500] {logging_mixin.py:151} INFO - [2023-11-02T08:29:16.484-0500] {example_kubernetes_executor.py:38} WARNING - The example_kubernetes_executor example DAG requires the kubernetes provider. Please install it with: pip install apache-airflow[cncf.kubernetes]
[2023-11-02T08:29:16.485-0500] {processor.py:841} WARNING - No viable dags retrieved from /Users/dimz/EconWizard/hermesvirtual/lib/python3.8/site-packages/airflow/example_dags/example_kubernetes_executor.py
[2023-11-02T08:29:16.549-0500] {processor.py:179} INFO - Processing /Users/dimz/EconWizard/hermesvirtual/lib/python3.8/site-packages/airflow/example_dags/example_kubernetes_executor.py took 0.099 seconds
[2023-11-02T09:03:24.080-0500] {processor.py:157} INFO - Started process (PID=93627) to work on /Users/dimz/EconWizard/hermesvirtual/lib/python3.8/site-packages/airflow/example_dags/example_kubernetes_executor.py
[2023-11-02T09:03:24.085-0500] {processor.py:829} INFO - Processing file /Users/dimz/EconWizard/hermesvirtual/lib/python3.8/site-packages/airflow/example_dags/example_kubernetes_executor.py for tasks to queue
[2023-11-02T09:03:24.085-0500] {logging_mixin.py:151} INFO - [2023-11-02T09:03:24.085-0500] {dagbag.py:536} INFO - Filling up the DagBag from /Users/dimz/EconWizard/hermesvirtual/lib/python3.8/site-packages/airflow/example_dags/example_kubernetes_executor.py
[2023-11-02T09:03:24.115-0500] {logging_mixin.py:151} INFO - [2023-11-02T09:03:24.115-0500] {example_kubernetes_executor.py:38} WARNING - The example_kubernetes_executor example DAG requires the kubernetes provider. Please install it with: pip install apache-airflow[cncf.kubernetes]
[2023-11-02T09:03:24.115-0500] {processor.py:841} WARNING - No viable dags retrieved from /Users/dimz/EconWizard/hermesvirtual/lib/python3.8/site-packages/airflow/example_dags/example_kubernetes_executor.py
[2023-11-02T09:03:24.181-0500] {processor.py:179} INFO - Processing /Users/dimz/EconWizard/hermesvirtual/lib/python3.8/site-packages/airflow/example_dags/example_kubernetes_executor.py took 0.101 seconds
[2023-11-02T09:05:21.683-0500] {processor.py:157} INFO - Started process (PID=93799) to work on /Users/dimz/EconWizard/hermesvirtual/lib/python3.8/site-packages/airflow/example_dags/example_kubernetes_executor.py
[2023-11-02T09:05:21.688-0500] {processor.py:829} INFO - Processing file /Users/dimz/EconWizard/hermesvirtual/lib/python3.8/site-packages/airflow/example_dags/example_kubernetes_executor.py for tasks to queue
[2023-11-02T09:05:21.688-0500] {logging_mixin.py:151} INFO - [2023-11-02T09:05:21.688-0500] {dagbag.py:536} INFO - Filling up the DagBag from /Users/dimz/EconWizard/hermesvirtual/lib/python3.8/site-packages/airflow/example_dags/example_kubernetes_executor.py
[2023-11-02T09:05:21.717-0500] {logging_mixin.py:151} INFO - [2023-11-02T09:05:21.717-0500] {example_kubernetes_executor.py:38} WARNING - The example_kubernetes_executor example DAG requires the kubernetes provider. Please install it with: pip install apache-airflow[cncf.kubernetes]
[2023-11-02T09:05:21.717-0500] {processor.py:841} WARNING - No viable dags retrieved from /Users/dimz/EconWizard/hermesvirtual/lib/python3.8/site-packages/airflow/example_dags/example_kubernetes_executor.py
[2023-11-02T09:05:21.782-0500] {processor.py:179} INFO - Processing /Users/dimz/EconWizard/hermesvirtual/lib/python3.8/site-packages/airflow/example_dags/example_kubernetes_executor.py took 0.099 seconds
[2023-11-02T09:07:25.193-0500] {processor.py:157} INFO - Started process (PID=93929) to work on /Users/dimz/EconWizard/hermesvirtual/lib/python3.8/site-packages/airflow/example_dags/example_kubernetes_executor.py
[2023-11-02T09:07:25.198-0500] {processor.py:829} INFO - Processing file /Users/dimz/EconWizard/hermesvirtual/lib/python3.8/site-packages/airflow/example_dags/example_kubernetes_executor.py for tasks to queue
[2023-11-02T09:07:25.199-0500] {logging_mixin.py:151} INFO - [2023-11-02T09:07:25.198-0500] {dagbag.py:536} INFO - Filling up the DagBag from /Users/dimz/EconWizard/hermesvirtual/lib/python3.8/site-packages/airflow/example_dags/example_kubernetes_executor.py
[2023-11-02T09:07:25.228-0500] {logging_mixin.py:151} INFO - [2023-11-02T09:07:25.228-0500] {example_kubernetes_executor.py:38} WARNING - The example_kubernetes_executor example DAG requires the kubernetes provider. Please install it with: pip install apache-airflow[cncf.kubernetes]
[2023-11-02T09:07:25.228-0500] {processor.py:841} WARNING - No viable dags retrieved from /Users/dimz/EconWizard/hermesvirtual/lib/python3.8/site-packages/airflow/example_dags/example_kubernetes_executor.py
[2023-11-02T09:07:25.293-0500] {processor.py:179} INFO - Processing /Users/dimz/EconWizard/hermesvirtual/lib/python3.8/site-packages/airflow/example_dags/example_kubernetes_executor.py took 0.100 seconds
[2023-11-02T09:09:32.079-0500] {processor.py:157} INFO - Started process (PID=94221) to work on /Users/dimz/EconWizard/hermesvirtual/lib/python3.8/site-packages/airflow/example_dags/example_kubernetes_executor.py
[2023-11-02T09:09:32.083-0500] {processor.py:829} INFO - Processing file /Users/dimz/EconWizard/hermesvirtual/lib/python3.8/site-packages/airflow/example_dags/example_kubernetes_executor.py for tasks to queue
[2023-11-02T09:09:32.083-0500] {logging_mixin.py:151} INFO - [2023-11-02T09:09:32.083-0500] {dagbag.py:536} INFO - Filling up the DagBag from /Users/dimz/EconWizard/hermesvirtual/lib/python3.8/site-packages/airflow/example_dags/example_kubernetes_executor.py
[2023-11-02T09:09:32.114-0500] {logging_mixin.py:151} INFO - [2023-11-02T09:09:32.114-0500] {example_kubernetes_executor.py:38} WARNING - The example_kubernetes_executor example DAG requires the kubernetes provider. Please install it with: pip install apache-airflow[cncf.kubernetes]
[2023-11-02T09:09:32.114-0500] {processor.py:841} WARNING - No viable dags retrieved from /Users/dimz/EconWizard/hermesvirtual/lib/python3.8/site-packages/airflow/example_dags/example_kubernetes_executor.py
[2023-11-02T09:09:32.183-0500] {processor.py:179} INFO - Processing /Users/dimz/EconWizard/hermesvirtual/lib/python3.8/site-packages/airflow/example_dags/example_kubernetes_executor.py took 0.105 seconds
[2023-11-02T09:11:40.076-0500] {processor.py:157} INFO - Started process (PID=94423) to work on /Users/dimz/EconWizard/hermesvirtual/lib/python3.8/site-packages/airflow/example_dags/example_kubernetes_executor.py
[2023-11-02T09:11:40.080-0500] {processor.py:829} INFO - Processing file /Users/dimz/EconWizard/hermesvirtual/lib/python3.8/site-packages/airflow/example_dags/example_kubernetes_executor.py for tasks to queue
[2023-11-02T09:11:40.081-0500] {logging_mixin.py:151} INFO - [2023-11-02T09:11:40.081-0500] {dagbag.py:536} INFO - Filling up the DagBag from /Users/dimz/EconWizard/hermesvirtual/lib/python3.8/site-packages/airflow/example_dags/example_kubernetes_executor.py
[2023-11-02T09:11:40.115-0500] {logging_mixin.py:151} INFO - [2023-11-02T09:11:40.115-0500] {example_kubernetes_executor.py:38} WARNING - The example_kubernetes_executor example DAG requires the kubernetes provider. Please install it with: pip install apache-airflow[cncf.kubernetes]
[2023-11-02T09:11:40.115-0500] {processor.py:841} WARNING - No viable dags retrieved from /Users/dimz/EconWizard/hermesvirtual/lib/python3.8/site-packages/airflow/example_dags/example_kubernetes_executor.py
[2023-11-02T09:11:40.186-0500] {processor.py:179} INFO - Processing /Users/dimz/EconWizard/hermesvirtual/lib/python3.8/site-packages/airflow/example_dags/example_kubernetes_executor.py took 0.111 seconds
[2023-11-02T09:13:46.146-0500] {processor.py:157} INFO - Started process (PID=94563) to work on /Users/dimz/EconWizard/hermesvirtual/lib/python3.8/site-packages/airflow/example_dags/example_kubernetes_executor.py
[2023-11-02T09:13:46.152-0500] {processor.py:829} INFO - Processing file /Users/dimz/EconWizard/hermesvirtual/lib/python3.8/site-packages/airflow/example_dags/example_kubernetes_executor.py for tasks to queue
[2023-11-02T09:13:46.152-0500] {logging_mixin.py:151} INFO - [2023-11-02T09:13:46.152-0500] {dagbag.py:536} INFO - Filling up the DagBag from /Users/dimz/EconWizard/hermesvirtual/lib/python3.8/site-packages/airflow/example_dags/example_kubernetes_executor.py
[2023-11-02T09:13:46.186-0500] {logging_mixin.py:151} INFO - [2023-11-02T09:13:46.186-0500] {example_kubernetes_executor.py:38} WARNING - The example_kubernetes_executor example DAG requires the kubernetes provider. Please install it with: pip install apache-airflow[cncf.kubernetes]
[2023-11-02T09:13:46.187-0500] {processor.py:841} WARNING - No viable dags retrieved from /Users/dimz/EconWizard/hermesvirtual/lib/python3.8/site-packages/airflow/example_dags/example_kubernetes_executor.py
[2023-11-02T09:13:46.260-0500] {processor.py:179} INFO - Processing /Users/dimz/EconWizard/hermesvirtual/lib/python3.8/site-packages/airflow/example_dags/example_kubernetes_executor.py took 0.114 seconds
[2023-11-02T09:15:55.488-0500] {processor.py:157} INFO - Started process (PID=94694) to work on /Users/dimz/EconWizard/hermesvirtual/lib/python3.8/site-packages/airflow/example_dags/example_kubernetes_executor.py
[2023-11-02T09:15:55.492-0500] {processor.py:829} INFO - Processing file /Users/dimz/EconWizard/hermesvirtual/lib/python3.8/site-packages/airflow/example_dags/example_kubernetes_executor.py for tasks to queue
[2023-11-02T09:15:55.493-0500] {logging_mixin.py:151} INFO - [2023-11-02T09:15:55.493-0500] {dagbag.py:536} INFO - Filling up the DagBag from /Users/dimz/EconWizard/hermesvirtual/lib/python3.8/site-packages/airflow/example_dags/example_kubernetes_executor.py
[2023-11-02T09:15:55.524-0500] {logging_mixin.py:151} INFO - [2023-11-02T09:15:55.524-0500] {example_kubernetes_executor.py:38} WARNING - The example_kubernetes_executor example DAG requires the kubernetes provider. Please install it with: pip install apache-airflow[cncf.kubernetes]
[2023-11-02T09:15:55.524-0500] {processor.py:841} WARNING - No viable dags retrieved from /Users/dimz/EconWizard/hermesvirtual/lib/python3.8/site-packages/airflow/example_dags/example_kubernetes_executor.py
[2023-11-02T09:15:55.591-0500] {processor.py:179} INFO - Processing /Users/dimz/EconWizard/hermesvirtual/lib/python3.8/site-packages/airflow/example_dags/example_kubernetes_executor.py took 0.104 seconds
[2023-11-02T09:17:54.237-0500] {processor.py:157} INFO - Started process (PID=94832) to work on /Users/dimz/EconWizard/hermesvirtual/lib/python3.8/site-packages/airflow/example_dags/example_kubernetes_executor.py
[2023-11-02T09:17:54.242-0500] {processor.py:829} INFO - Processing file /Users/dimz/EconWizard/hermesvirtual/lib/python3.8/site-packages/airflow/example_dags/example_kubernetes_executor.py for tasks to queue
[2023-11-02T09:17:54.243-0500] {logging_mixin.py:151} INFO - [2023-11-02T09:17:54.242-0500] {dagbag.py:536} INFO - Filling up the DagBag from /Users/dimz/EconWizard/hermesvirtual/lib/python3.8/site-packages/airflow/example_dags/example_kubernetes_executor.py
[2023-11-02T09:17:54.274-0500] {logging_mixin.py:151} INFO - [2023-11-02T09:17:54.273-0500] {example_kubernetes_executor.py:38} WARNING - The example_kubernetes_executor example DAG requires the kubernetes provider. Please install it with: pip install apache-airflow[cncf.kubernetes]
[2023-11-02T09:17:54.274-0500] {processor.py:841} WARNING - No viable dags retrieved from /Users/dimz/EconWizard/hermesvirtual/lib/python3.8/site-packages/airflow/example_dags/example_kubernetes_executor.py
[2023-11-02T09:17:54.343-0500] {processor.py:179} INFO - Processing /Users/dimz/EconWizard/hermesvirtual/lib/python3.8/site-packages/airflow/example_dags/example_kubernetes_executor.py took 0.106 seconds
[2023-11-02T09:20:03.846-0500] {processor.py:157} INFO - Started process (PID=95031) to work on /Users/dimz/EconWizard/hermesvirtual/lib/python3.8/site-packages/airflow/example_dags/example_kubernetes_executor.py
[2023-11-02T09:20:03.851-0500] {processor.py:829} INFO - Processing file /Users/dimz/EconWizard/hermesvirtual/lib/python3.8/site-packages/airflow/example_dags/example_kubernetes_executor.py for tasks to queue
[2023-11-02T09:20:03.851-0500] {logging_mixin.py:151} INFO - [2023-11-02T09:20:03.851-0500] {dagbag.py:536} INFO - Filling up the DagBag from /Users/dimz/EconWizard/hermesvirtual/lib/python3.8/site-packages/airflow/example_dags/example_kubernetes_executor.py
[2023-11-02T09:20:03.882-0500] {logging_mixin.py:151} INFO - [2023-11-02T09:20:03.881-0500] {example_kubernetes_executor.py:38} WARNING - The example_kubernetes_executor example DAG requires the kubernetes provider. Please install it with: pip install apache-airflow[cncf.kubernetes]
[2023-11-02T09:20:03.882-0500] {processor.py:841} WARNING - No viable dags retrieved from /Users/dimz/EconWizard/hermesvirtual/lib/python3.8/site-packages/airflow/example_dags/example_kubernetes_executor.py
[2023-11-02T09:20:03.948-0500] {processor.py:179} INFO - Processing /Users/dimz/EconWizard/hermesvirtual/lib/python3.8/site-packages/airflow/example_dags/example_kubernetes_executor.py took 0.102 seconds
[2023-11-02T09:22:13.781-0500] {processor.py:157} INFO - Started process (PID=95163) to work on /Users/dimz/EconWizard/hermesvirtual/lib/python3.8/site-packages/airflow/example_dags/example_kubernetes_executor.py
[2023-11-02T09:22:13.786-0500] {processor.py:829} INFO - Processing file /Users/dimz/EconWizard/hermesvirtual/lib/python3.8/site-packages/airflow/example_dags/example_kubernetes_executor.py for tasks to queue
[2023-11-02T09:22:13.787-0500] {logging_mixin.py:151} INFO - [2023-11-02T09:22:13.787-0500] {dagbag.py:536} INFO - Filling up the DagBag from /Users/dimz/EconWizard/hermesvirtual/lib/python3.8/site-packages/airflow/example_dags/example_kubernetes_executor.py
[2023-11-02T09:22:13.817-0500] {logging_mixin.py:151} INFO - [2023-11-02T09:22:13.817-0500] {example_kubernetes_executor.py:38} WARNING - The example_kubernetes_executor example DAG requires the kubernetes provider. Please install it with: pip install apache-airflow[cncf.kubernetes]
[2023-11-02T09:22:13.817-0500] {processor.py:841} WARNING - No viable dags retrieved from /Users/dimz/EconWizard/hermesvirtual/lib/python3.8/site-packages/airflow/example_dags/example_kubernetes_executor.py
[2023-11-02T09:22:13.885-0500] {processor.py:179} INFO - Processing /Users/dimz/EconWizard/hermesvirtual/lib/python3.8/site-packages/airflow/example_dags/example_kubernetes_executor.py took 0.104 seconds
[2023-11-02T09:24:19.277-0500] {processor.py:157} INFO - Started process (PID=95383) to work on /Users/dimz/EconWizard/hermesvirtual/lib/python3.8/site-packages/airflow/example_dags/example_kubernetes_executor.py
[2023-11-02T09:24:19.283-0500] {processor.py:829} INFO - Processing file /Users/dimz/EconWizard/hermesvirtual/lib/python3.8/site-packages/airflow/example_dags/example_kubernetes_executor.py for tasks to queue
[2023-11-02T09:24:19.283-0500] {logging_mixin.py:151} INFO - [2023-11-02T09:24:19.283-0500] {dagbag.py:536} INFO - Filling up the DagBag from /Users/dimz/EconWizard/hermesvirtual/lib/python3.8/site-packages/airflow/example_dags/example_kubernetes_executor.py
[2023-11-02T09:24:19.316-0500] {logging_mixin.py:151} INFO - [2023-11-02T09:24:19.316-0500] {example_kubernetes_executor.py:38} WARNING - The example_kubernetes_executor example DAG requires the kubernetes provider. Please install it with: pip install apache-airflow[cncf.kubernetes]
[2023-11-02T09:24:19.316-0500] {processor.py:841} WARNING - No viable dags retrieved from /Users/dimz/EconWizard/hermesvirtual/lib/python3.8/site-packages/airflow/example_dags/example_kubernetes_executor.py
[2023-11-02T09:24:19.387-0500] {processor.py:179} INFO - Processing /Users/dimz/EconWizard/hermesvirtual/lib/python3.8/site-packages/airflow/example_dags/example_kubernetes_executor.py took 0.110 seconds
[2023-11-02T09:26:26.328-0500] {processor.py:157} INFO - Started process (PID=95623) to work on /Users/dimz/EconWizard/hermesvirtual/lib/python3.8/site-packages/airflow/example_dags/example_kubernetes_executor.py
[2023-11-02T09:26:26.333-0500] {processor.py:829} INFO - Processing file /Users/dimz/EconWizard/hermesvirtual/lib/python3.8/site-packages/airflow/example_dags/example_kubernetes_executor.py for tasks to queue
[2023-11-02T09:26:26.334-0500] {logging_mixin.py:151} INFO - [2023-11-02T09:26:26.334-0500] {dagbag.py:536} INFO - Filling up the DagBag from /Users/dimz/EconWizard/hermesvirtual/lib/python3.8/site-packages/airflow/example_dags/example_kubernetes_executor.py
[2023-11-02T09:26:26.367-0500] {logging_mixin.py:151} INFO - [2023-11-02T09:26:26.367-0500] {example_kubernetes_executor.py:38} WARNING - The example_kubernetes_executor example DAG requires the kubernetes provider. Please install it with: pip install apache-airflow[cncf.kubernetes]
[2023-11-02T09:26:26.368-0500] {processor.py:841} WARNING - No viable dags retrieved from /Users/dimz/EconWizard/hermesvirtual/lib/python3.8/site-packages/airflow/example_dags/example_kubernetes_executor.py
[2023-11-02T09:26:26.444-0500] {processor.py:179} INFO - Processing /Users/dimz/EconWizard/hermesvirtual/lib/python3.8/site-packages/airflow/example_dags/example_kubernetes_executor.py took 0.116 seconds
[2023-11-02T09:29:22.708-0500] {processor.py:157} INFO - Started process (PID=95868) to work on /Users/dimz/EconWizard/hermesvirtual/lib/python3.8/site-packages/airflow/example_dags/example_kubernetes_executor.py
[2023-11-02T09:29:22.713-0500] {processor.py:829} INFO - Processing file /Users/dimz/EconWizard/hermesvirtual/lib/python3.8/site-packages/airflow/example_dags/example_kubernetes_executor.py for tasks to queue
[2023-11-02T09:29:22.713-0500] {logging_mixin.py:151} INFO - [2023-11-02T09:29:22.713-0500] {dagbag.py:536} INFO - Filling up the DagBag from /Users/dimz/EconWizard/hermesvirtual/lib/python3.8/site-packages/airflow/example_dags/example_kubernetes_executor.py
[2023-11-02T09:29:22.744-0500] {logging_mixin.py:151} INFO - [2023-11-02T09:29:22.744-0500] {example_kubernetes_executor.py:38} WARNING - The example_kubernetes_executor example DAG requires the kubernetes provider. Please install it with: pip install apache-airflow[cncf.kubernetes]
[2023-11-02T09:29:22.744-0500] {processor.py:841} WARNING - No viable dags retrieved from /Users/dimz/EconWizard/hermesvirtual/lib/python3.8/site-packages/airflow/example_dags/example_kubernetes_executor.py
[2023-11-02T09:29:22.810-0500] {processor.py:179} INFO - Processing /Users/dimz/EconWizard/hermesvirtual/lib/python3.8/site-packages/airflow/example_dags/example_kubernetes_executor.py took 0.102 seconds
[2023-11-02T09:31:33.993-0500] {processor.py:157} INFO - Started process (PID=96032) to work on /Users/dimz/EconWizard/hermesvirtual/lib/python3.8/site-packages/airflow/example_dags/example_kubernetes_executor.py
[2023-11-02T09:31:33.998-0500] {processor.py:829} INFO - Processing file /Users/dimz/EconWizard/hermesvirtual/lib/python3.8/site-packages/airflow/example_dags/example_kubernetes_executor.py for tasks to queue
[2023-11-02T09:31:33.999-0500] {logging_mixin.py:151} INFO - [2023-11-02T09:31:33.999-0500] {dagbag.py:536} INFO - Filling up the DagBag from /Users/dimz/EconWizard/hermesvirtual/lib/python3.8/site-packages/airflow/example_dags/example_kubernetes_executor.py
[2023-11-02T09:31:34.036-0500] {logging_mixin.py:151} INFO - [2023-11-02T09:31:34.036-0500] {example_kubernetes_executor.py:38} WARNING - The example_kubernetes_executor example DAG requires the kubernetes provider. Please install it with: pip install apache-airflow[cncf.kubernetes]
[2023-11-02T09:31:34.036-0500] {processor.py:841} WARNING - No viable dags retrieved from /Users/dimz/EconWizard/hermesvirtual/lib/python3.8/site-packages/airflow/example_dags/example_kubernetes_executor.py
[2023-11-02T09:31:34.111-0500] {processor.py:179} INFO - Processing /Users/dimz/EconWizard/hermesvirtual/lib/python3.8/site-packages/airflow/example_dags/example_kubernetes_executor.py took 0.119 seconds
[2023-11-02T10:13:43.259-0500] {processor.py:157} INFO - Started process (PID=97571) to work on /Users/dimz/EconWizard/hermesvirtual/lib/python3.8/site-packages/airflow/example_dags/example_kubernetes_executor.py
[2023-11-02T10:13:43.264-0500] {processor.py:829} INFO - Processing file /Users/dimz/EconWizard/hermesvirtual/lib/python3.8/site-packages/airflow/example_dags/example_kubernetes_executor.py for tasks to queue
[2023-11-02T10:13:43.264-0500] {logging_mixin.py:151} INFO - [2023-11-02T10:13:43.264-0500] {dagbag.py:536} INFO - Filling up the DagBag from /Users/dimz/EconWizard/hermesvirtual/lib/python3.8/site-packages/airflow/example_dags/example_kubernetes_executor.py
[2023-11-02T10:13:43.293-0500] {logging_mixin.py:151} INFO - [2023-11-02T10:13:43.293-0500] {example_kubernetes_executor.py:38} WARNING - The example_kubernetes_executor example DAG requires the kubernetes provider. Please install it with: pip install apache-airflow[cncf.kubernetes]
[2023-11-02T10:13:43.293-0500] {processor.py:841} WARNING - No viable dags retrieved from /Users/dimz/EconWizard/hermesvirtual/lib/python3.8/site-packages/airflow/example_dags/example_kubernetes_executor.py
[2023-11-02T10:13:43.357-0500] {processor.py:179} INFO - Processing /Users/dimz/EconWizard/hermesvirtual/lib/python3.8/site-packages/airflow/example_dags/example_kubernetes_executor.py took 0.099 seconds
[2023-11-02T10:15:46.832-0500] {processor.py:157} INFO - Started process (PID=97775) to work on /Users/dimz/EconWizard/hermesvirtual/lib/python3.8/site-packages/airflow/example_dags/example_kubernetes_executor.py
[2023-11-02T10:15:46.838-0500] {processor.py:829} INFO - Processing file /Users/dimz/EconWizard/hermesvirtual/lib/python3.8/site-packages/airflow/example_dags/example_kubernetes_executor.py for tasks to queue
[2023-11-02T10:15:46.839-0500] {logging_mixin.py:151} INFO - [2023-11-02T10:15:46.838-0500] {dagbag.py:536} INFO - Filling up the DagBag from /Users/dimz/EconWizard/hermesvirtual/lib/python3.8/site-packages/airflow/example_dags/example_kubernetes_executor.py
[2023-11-02T10:15:46.872-0500] {logging_mixin.py:151} INFO - [2023-11-02T10:15:46.872-0500] {example_kubernetes_executor.py:38} WARNING - The example_kubernetes_executor example DAG requires the kubernetes provider. Please install it with: pip install apache-airflow[cncf.kubernetes]
[2023-11-02T10:15:46.872-0500] {processor.py:841} WARNING - No viable dags retrieved from /Users/dimz/EconWizard/hermesvirtual/lib/python3.8/site-packages/airflow/example_dags/example_kubernetes_executor.py
[2023-11-02T10:15:46.944-0500] {processor.py:179} INFO - Processing /Users/dimz/EconWizard/hermesvirtual/lib/python3.8/site-packages/airflow/example_dags/example_kubernetes_executor.py took 0.112 seconds
[2023-11-02T10:39:29.645-0500] {processor.py:157} INFO - Started process (PID=99914) to work on /Users/dimz/EconWizard/hermesvirtual/lib/python3.8/site-packages/airflow/example_dags/example_kubernetes_executor.py
[2023-11-02T10:39:29.650-0500] {processor.py:829} INFO - Processing file /Users/dimz/EconWizard/hermesvirtual/lib/python3.8/site-packages/airflow/example_dags/example_kubernetes_executor.py for tasks to queue
[2023-11-02T10:39:29.651-0500] {logging_mixin.py:151} INFO - [2023-11-02T10:39:29.650-0500] {dagbag.py:536} INFO - Filling up the DagBag from /Users/dimz/EconWizard/hermesvirtual/lib/python3.8/site-packages/airflow/example_dags/example_kubernetes_executor.py
[2023-11-02T10:39:29.681-0500] {logging_mixin.py:151} INFO - [2023-11-02T10:39:29.680-0500] {example_kubernetes_executor.py:38} WARNING - The example_kubernetes_executor example DAG requires the kubernetes provider. Please install it with: pip install apache-airflow[cncf.kubernetes]
[2023-11-02T10:39:29.681-0500] {processor.py:841} WARNING - No viable dags retrieved from /Users/dimz/EconWizard/hermesvirtual/lib/python3.8/site-packages/airflow/example_dags/example_kubernetes_executor.py
[2023-11-02T10:39:29.748-0500] {processor.py:179} INFO - Processing /Users/dimz/EconWizard/hermesvirtual/lib/python3.8/site-packages/airflow/example_dags/example_kubernetes_executor.py took 0.103 seconds
[2023-11-02T10:41:39.007-0500] {processor.py:157} INFO - Started process (PID=168) to work on /Users/dimz/EconWizard/hermesvirtual/lib/python3.8/site-packages/airflow/example_dags/example_kubernetes_executor.py
[2023-11-02T10:41:39.012-0500] {processor.py:829} INFO - Processing file /Users/dimz/EconWizard/hermesvirtual/lib/python3.8/site-packages/airflow/example_dags/example_kubernetes_executor.py for tasks to queue
[2023-11-02T10:41:39.012-0500] {logging_mixin.py:151} INFO - [2023-11-02T10:41:39.012-0500] {dagbag.py:536} INFO - Filling up the DagBag from /Users/dimz/EconWizard/hermesvirtual/lib/python3.8/site-packages/airflow/example_dags/example_kubernetes_executor.py
[2023-11-02T10:41:39.043-0500] {logging_mixin.py:151} INFO - [2023-11-02T10:41:39.043-0500] {example_kubernetes_executor.py:38} WARNING - The example_kubernetes_executor example DAG requires the kubernetes provider. Please install it with: pip install apache-airflow[cncf.kubernetes]
[2023-11-02T10:41:39.043-0500] {processor.py:841} WARNING - No viable dags retrieved from /Users/dimz/EconWizard/hermesvirtual/lib/python3.8/site-packages/airflow/example_dags/example_kubernetes_executor.py
[2023-11-02T10:41:39.108-0500] {processor.py:179} INFO - Processing /Users/dimz/EconWizard/hermesvirtual/lib/python3.8/site-packages/airflow/example_dags/example_kubernetes_executor.py took 0.102 seconds
