[2023-11-01T21:35:04.886-0500] {processor.py:157} INFO - Started process (PID=87623) to work on /Users/dimz/EconWizard/hermesvirtual/lib/python3.8/site-packages/airflow/example_dags/subdags/subdag.py
[2023-11-01T21:35:04.890-0500] {processor.py:829} INFO - Processing file /Users/dimz/EconWizard/hermesvirtual/lib/python3.8/site-packages/airflow/example_dags/subdags/subdag.py for tasks to queue
[2023-11-01T21:35:04.890-0500] {logging_mixin.py:151} INFO - [2023-11-01T21:35:04.890-0500] {dagbag.py:536} INFO - Filling up the DagBag from /Users/dimz/EconWizard/hermesvirtual/lib/python3.8/site-packages/airflow/example_dags/subdags/subdag.py
[2023-11-01T21:35:04.892-0500] {processor.py:841} WARNING - No viable dags retrieved from /Users/dimz/EconWizard/hermesvirtual/lib/python3.8/site-packages/airflow/example_dags/subdags/subdag.py
[2023-11-01T21:35:04.973-0500] {processor.py:179} INFO - Processing /Users/dimz/EconWizard/hermesvirtual/lib/python3.8/site-packages/airflow/example_dags/subdags/subdag.py took 0.088 seconds
[2023-11-01T21:36:38.479-0500] {processor.py:157} INFO - Started process (PID=87790) to work on /Users/dimz/EconWizard/hermesvirtual/lib/python3.8/site-packages/airflow/example_dags/subdags/subdag.py
[2023-11-01T21:36:38.483-0500] {processor.py:829} INFO - Processing file /Users/dimz/EconWizard/hermesvirtual/lib/python3.8/site-packages/airflow/example_dags/subdags/subdag.py for tasks to queue
[2023-11-01T21:36:38.483-0500] {logging_mixin.py:151} INFO - [2023-11-01T21:36:38.483-0500] {dagbag.py:536} INFO - Filling up the DagBag from /Users/dimz/EconWizard/hermesvirtual/lib/python3.8/site-packages/airflow/example_dags/subdags/subdag.py
[2023-11-01T21:36:38.484-0500] {processor.py:841} WARNING - No viable dags retrieved from /Users/dimz/EconWizard/hermesvirtual/lib/python3.8/site-packages/airflow/example_dags/subdags/subdag.py
[2023-11-01T21:36:38.563-0500] {processor.py:179} INFO - Processing /Users/dimz/EconWizard/hermesvirtual/lib/python3.8/site-packages/airflow/example_dags/subdags/subdag.py took 0.085 seconds
[2023-11-01T21:37:35.770-0500] {processor.py:157} INFO - Started process (PID=87898) to work on /Users/dimz/EconWizard/hermesvirtual/lib/python3.8/site-packages/airflow/example_dags/subdags/subdag.py
[2023-11-01T21:37:35.775-0500] {processor.py:829} INFO - Processing file /Users/dimz/EconWizard/hermesvirtual/lib/python3.8/site-packages/airflow/example_dags/subdags/subdag.py for tasks to queue
[2023-11-01T21:37:35.775-0500] {logging_mixin.py:151} INFO - [2023-11-01T21:37:35.775-0500] {dagbag.py:536} INFO - Filling up the DagBag from /Users/dimz/EconWizard/hermesvirtual/lib/python3.8/site-packages/airflow/example_dags/subdags/subdag.py
[2023-11-01T21:37:35.776-0500] {processor.py:841} WARNING - No viable dags retrieved from /Users/dimz/EconWizard/hermesvirtual/lib/python3.8/site-packages/airflow/example_dags/subdags/subdag.py
[2023-11-01T21:37:35.854-0500] {processor.py:179} INFO - Processing /Users/dimz/EconWizard/hermesvirtual/lib/python3.8/site-packages/airflow/example_dags/subdags/subdag.py took 0.084 seconds
[2023-11-01T21:38:31.744-0500] {processor.py:157} INFO - Started process (PID=87993) to work on /Users/dimz/EconWizard/hermesvirtual/lib/python3.8/site-packages/airflow/example_dags/subdags/subdag.py
[2023-11-01T21:38:31.748-0500] {processor.py:829} INFO - Processing file /Users/dimz/EconWizard/hermesvirtual/lib/python3.8/site-packages/airflow/example_dags/subdags/subdag.py for tasks to queue
[2023-11-01T21:38:31.749-0500] {logging_mixin.py:151} INFO - [2023-11-01T21:38:31.749-0500] {dagbag.py:536} INFO - Filling up the DagBag from /Users/dimz/EconWizard/hermesvirtual/lib/python3.8/site-packages/airflow/example_dags/subdags/subdag.py
[2023-11-01T21:38:31.750-0500] {processor.py:841} WARNING - No viable dags retrieved from /Users/dimz/EconWizard/hermesvirtual/lib/python3.8/site-packages/airflow/example_dags/subdags/subdag.py
[2023-11-01T21:38:31.828-0500] {processor.py:179} INFO - Processing /Users/dimz/EconWizard/hermesvirtual/lib/python3.8/site-packages/airflow/example_dags/subdags/subdag.py took 0.084 seconds
[2023-11-01T21:39:28.747-0500] {processor.py:157} INFO - Started process (PID=88091) to work on /Users/dimz/EconWizard/hermesvirtual/lib/python3.8/site-packages/airflow/example_dags/subdags/subdag.py
[2023-11-01T21:39:28.752-0500] {processor.py:829} INFO - Processing file /Users/dimz/EconWizard/hermesvirtual/lib/python3.8/site-packages/airflow/example_dags/subdags/subdag.py for tasks to queue
[2023-11-01T21:39:28.752-0500] {logging_mixin.py:151} INFO - [2023-11-01T21:39:28.752-0500] {dagbag.py:536} INFO - Filling up the DagBag from /Users/dimz/EconWizard/hermesvirtual/lib/python3.8/site-packages/airflow/example_dags/subdags/subdag.py
[2023-11-01T21:39:28.753-0500] {processor.py:841} WARNING - No viable dags retrieved from /Users/dimz/EconWizard/hermesvirtual/lib/python3.8/site-packages/airflow/example_dags/subdags/subdag.py
[2023-11-01T21:39:28.832-0500] {processor.py:179} INFO - Processing /Users/dimz/EconWizard/hermesvirtual/lib/python3.8/site-packages/airflow/example_dags/subdags/subdag.py took 0.085 seconds
[2023-11-01T21:40:26.580-0500] {processor.py:157} INFO - Started process (PID=88226) to work on /Users/dimz/EconWizard/hermesvirtual/lib/python3.8/site-packages/airflow/example_dags/subdags/subdag.py
[2023-11-01T21:40:26.585-0500] {processor.py:829} INFO - Processing file /Users/dimz/EconWizard/hermesvirtual/lib/python3.8/site-packages/airflow/example_dags/subdags/subdag.py for tasks to queue
[2023-11-01T21:40:26.585-0500] {logging_mixin.py:151} INFO - [2023-11-01T21:40:26.585-0500] {dagbag.py:536} INFO - Filling up the DagBag from /Users/dimz/EconWizard/hermesvirtual/lib/python3.8/site-packages/airflow/example_dags/subdags/subdag.py
[2023-11-01T21:40:26.587-0500] {processor.py:841} WARNING - No viable dags retrieved from /Users/dimz/EconWizard/hermesvirtual/lib/python3.8/site-packages/airflow/example_dags/subdags/subdag.py
[2023-11-01T21:40:26.668-0500] {processor.py:179} INFO - Processing /Users/dimz/EconWizard/hermesvirtual/lib/python3.8/site-packages/airflow/example_dags/subdags/subdag.py took 0.088 seconds
[2023-11-01T21:41:25.779-0500] {processor.py:157} INFO - Started process (PID=88395) to work on /Users/dimz/EconWizard/hermesvirtual/lib/python3.8/site-packages/airflow/example_dags/subdags/subdag.py
[2023-11-01T21:41:25.784-0500] {processor.py:829} INFO - Processing file /Users/dimz/EconWizard/hermesvirtual/lib/python3.8/site-packages/airflow/example_dags/subdags/subdag.py for tasks to queue
[2023-11-01T21:41:25.784-0500] {logging_mixin.py:151} INFO - [2023-11-01T21:41:25.784-0500] {dagbag.py:536} INFO - Filling up the DagBag from /Users/dimz/EconWizard/hermesvirtual/lib/python3.8/site-packages/airflow/example_dags/subdags/subdag.py
[2023-11-01T21:41:25.786-0500] {processor.py:841} WARNING - No viable dags retrieved from /Users/dimz/EconWizard/hermesvirtual/lib/python3.8/site-packages/airflow/example_dags/subdags/subdag.py
[2023-11-01T21:41:25.865-0500] {processor.py:179} INFO - Processing /Users/dimz/EconWizard/hermesvirtual/lib/python3.8/site-packages/airflow/example_dags/subdags/subdag.py took 0.087 seconds
[2023-11-01T21:42:23.247-0500] {processor.py:157} INFO - Started process (PID=88506) to work on /Users/dimz/EconWizard/hermesvirtual/lib/python3.8/site-packages/airflow/example_dags/subdags/subdag.py
[2023-11-01T21:42:23.252-0500] {processor.py:829} INFO - Processing file /Users/dimz/EconWizard/hermesvirtual/lib/python3.8/site-packages/airflow/example_dags/subdags/subdag.py for tasks to queue
[2023-11-01T21:42:23.252-0500] {logging_mixin.py:151} INFO - [2023-11-01T21:42:23.252-0500] {dagbag.py:536} INFO - Filling up the DagBag from /Users/dimz/EconWizard/hermesvirtual/lib/python3.8/site-packages/airflow/example_dags/subdags/subdag.py
[2023-11-01T21:42:23.254-0500] {processor.py:841} WARNING - No viable dags retrieved from /Users/dimz/EconWizard/hermesvirtual/lib/python3.8/site-packages/airflow/example_dags/subdags/subdag.py
[2023-11-01T21:42:23.338-0500] {processor.py:179} INFO - Processing /Users/dimz/EconWizard/hermesvirtual/lib/python3.8/site-packages/airflow/example_dags/subdags/subdag.py took 0.092 seconds
[2023-11-01T21:43:19.400-0500] {processor.py:157} INFO - Started process (PID=88625) to work on /Users/dimz/EconWizard/hermesvirtual/lib/python3.8/site-packages/airflow/example_dags/subdags/subdag.py
[2023-11-01T21:43:19.404-0500] {processor.py:829} INFO - Processing file /Users/dimz/EconWizard/hermesvirtual/lib/python3.8/site-packages/airflow/example_dags/subdags/subdag.py for tasks to queue
[2023-11-01T21:43:19.404-0500] {logging_mixin.py:151} INFO - [2023-11-01T21:43:19.404-0500] {dagbag.py:536} INFO - Filling up the DagBag from /Users/dimz/EconWizard/hermesvirtual/lib/python3.8/site-packages/airflow/example_dags/subdags/subdag.py
[2023-11-01T21:43:19.406-0500] {processor.py:841} WARNING - No viable dags retrieved from /Users/dimz/EconWizard/hermesvirtual/lib/python3.8/site-packages/airflow/example_dags/subdags/subdag.py
[2023-11-01T21:43:19.490-0500] {processor.py:179} INFO - Processing /Users/dimz/EconWizard/hermesvirtual/lib/python3.8/site-packages/airflow/example_dags/subdags/subdag.py took 0.091 seconds
[2023-11-01T21:44:15.143-0500] {processor.py:157} INFO - Started process (PID=88712) to work on /Users/dimz/EconWizard/hermesvirtual/lib/python3.8/site-packages/airflow/example_dags/subdags/subdag.py
[2023-11-01T21:44:15.148-0500] {processor.py:829} INFO - Processing file /Users/dimz/EconWizard/hermesvirtual/lib/python3.8/site-packages/airflow/example_dags/subdags/subdag.py for tasks to queue
[2023-11-01T21:44:15.149-0500] {logging_mixin.py:151} INFO - [2023-11-01T21:44:15.149-0500] {dagbag.py:536} INFO - Filling up the DagBag from /Users/dimz/EconWizard/hermesvirtual/lib/python3.8/site-packages/airflow/example_dags/subdags/subdag.py
[2023-11-01T21:44:15.150-0500] {processor.py:841} WARNING - No viable dags retrieved from /Users/dimz/EconWizard/hermesvirtual/lib/python3.8/site-packages/airflow/example_dags/subdags/subdag.py
[2023-11-01T21:44:15.235-0500] {processor.py:179} INFO - Processing /Users/dimz/EconWizard/hermesvirtual/lib/python3.8/site-packages/airflow/example_dags/subdags/subdag.py took 0.092 seconds
[2023-11-01T21:45:15.802-0500] {processor.py:157} INFO - Started process (PID=88778) to work on /Users/dimz/EconWizard/hermesvirtual/lib/python3.8/site-packages/airflow/example_dags/subdags/subdag.py
[2023-11-01T21:45:15.806-0500] {processor.py:829} INFO - Processing file /Users/dimz/EconWizard/hermesvirtual/lib/python3.8/site-packages/airflow/example_dags/subdags/subdag.py for tasks to queue
[2023-11-01T21:45:15.807-0500] {logging_mixin.py:151} INFO - [2023-11-01T21:45:15.807-0500] {dagbag.py:536} INFO - Filling up the DagBag from /Users/dimz/EconWizard/hermesvirtual/lib/python3.8/site-packages/airflow/example_dags/subdags/subdag.py
[2023-11-01T21:45:15.808-0500] {processor.py:841} WARNING - No viable dags retrieved from /Users/dimz/EconWizard/hermesvirtual/lib/python3.8/site-packages/airflow/example_dags/subdags/subdag.py
[2023-11-01T21:45:15.887-0500] {processor.py:179} INFO - Processing /Users/dimz/EconWizard/hermesvirtual/lib/python3.8/site-packages/airflow/example_dags/subdags/subdag.py took 0.086 seconds
[2023-11-01T21:46:19.395-0500] {processor.py:157} INFO - Started process (PID=88909) to work on /Users/dimz/EconWizard/hermesvirtual/lib/python3.8/site-packages/airflow/example_dags/subdags/subdag.py
[2023-11-01T21:46:19.399-0500] {processor.py:829} INFO - Processing file /Users/dimz/EconWizard/hermesvirtual/lib/python3.8/site-packages/airflow/example_dags/subdags/subdag.py for tasks to queue
[2023-11-01T21:46:19.399-0500] {logging_mixin.py:151} INFO - [2023-11-01T21:46:19.399-0500] {dagbag.py:536} INFO - Filling up the DagBag from /Users/dimz/EconWizard/hermesvirtual/lib/python3.8/site-packages/airflow/example_dags/subdags/subdag.py
[2023-11-01T21:46:19.401-0500] {processor.py:841} WARNING - No viable dags retrieved from /Users/dimz/EconWizard/hermesvirtual/lib/python3.8/site-packages/airflow/example_dags/subdags/subdag.py
[2023-11-01T21:46:19.485-0500] {processor.py:179} INFO - Processing /Users/dimz/EconWizard/hermesvirtual/lib/python3.8/site-packages/airflow/example_dags/subdags/subdag.py took 0.090 seconds
[2023-11-01T21:47:20.260-0500] {processor.py:157} INFO - Started process (PID=89056) to work on /Users/dimz/EconWizard/hermesvirtual/lib/python3.8/site-packages/airflow/example_dags/subdags/subdag.py
[2023-11-01T21:47:20.265-0500] {processor.py:829} INFO - Processing file /Users/dimz/EconWizard/hermesvirtual/lib/python3.8/site-packages/airflow/example_dags/subdags/subdag.py for tasks to queue
[2023-11-01T21:47:20.265-0500] {logging_mixin.py:151} INFO - [2023-11-01T21:47:20.265-0500] {dagbag.py:536} INFO - Filling up the DagBag from /Users/dimz/EconWizard/hermesvirtual/lib/python3.8/site-packages/airflow/example_dags/subdags/subdag.py
[2023-11-01T21:47:20.267-0500] {processor.py:841} WARNING - No viable dags retrieved from /Users/dimz/EconWizard/hermesvirtual/lib/python3.8/site-packages/airflow/example_dags/subdags/subdag.py
[2023-11-01T21:47:20.353-0500] {processor.py:179} INFO - Processing /Users/dimz/EconWizard/hermesvirtual/lib/python3.8/site-packages/airflow/example_dags/subdags/subdag.py took 0.094 seconds
[2023-11-01T21:48:20.736-0500] {processor.py:157} INFO - Started process (PID=89129) to work on /Users/dimz/EconWizard/hermesvirtual/lib/python3.8/site-packages/airflow/example_dags/subdags/subdag.py
[2023-11-01T21:48:20.740-0500] {processor.py:829} INFO - Processing file /Users/dimz/EconWizard/hermesvirtual/lib/python3.8/site-packages/airflow/example_dags/subdags/subdag.py for tasks to queue
[2023-11-01T21:48:20.740-0500] {logging_mixin.py:151} INFO - [2023-11-01T21:48:20.740-0500] {dagbag.py:536} INFO - Filling up the DagBag from /Users/dimz/EconWizard/hermesvirtual/lib/python3.8/site-packages/airflow/example_dags/subdags/subdag.py
[2023-11-01T21:48:20.741-0500] {processor.py:841} WARNING - No viable dags retrieved from /Users/dimz/EconWizard/hermesvirtual/lib/python3.8/site-packages/airflow/example_dags/subdags/subdag.py
[2023-11-01T21:48:20.819-0500] {processor.py:179} INFO - Processing /Users/dimz/EconWizard/hermesvirtual/lib/python3.8/site-packages/airflow/example_dags/subdags/subdag.py took 0.083 seconds
[2023-11-01T21:49:21.515-0500] {processor.py:157} INFO - Started process (PID=89201) to work on /Users/dimz/EconWizard/hermesvirtual/lib/python3.8/site-packages/airflow/example_dags/subdags/subdag.py
[2023-11-01T21:49:21.519-0500] {processor.py:829} INFO - Processing file /Users/dimz/EconWizard/hermesvirtual/lib/python3.8/site-packages/airflow/example_dags/subdags/subdag.py for tasks to queue
[2023-11-01T21:49:21.519-0500] {logging_mixin.py:151} INFO - [2023-11-01T21:49:21.519-0500] {dagbag.py:536} INFO - Filling up the DagBag from /Users/dimz/EconWizard/hermesvirtual/lib/python3.8/site-packages/airflow/example_dags/subdags/subdag.py
[2023-11-01T21:49:21.521-0500] {processor.py:841} WARNING - No viable dags retrieved from /Users/dimz/EconWizard/hermesvirtual/lib/python3.8/site-packages/airflow/example_dags/subdags/subdag.py
[2023-11-01T21:49:21.602-0500] {processor.py:179} INFO - Processing /Users/dimz/EconWizard/hermesvirtual/lib/python3.8/site-packages/airflow/example_dags/subdags/subdag.py took 0.088 seconds
[2023-11-01T21:50:20.975-0500] {processor.py:157} INFO - Started process (PID=89305) to work on /Users/dimz/EconWizard/hermesvirtual/lib/python3.8/site-packages/airflow/example_dags/subdags/subdag.py
[2023-11-01T21:50:20.980-0500] {processor.py:829} INFO - Processing file /Users/dimz/EconWizard/hermesvirtual/lib/python3.8/site-packages/airflow/example_dags/subdags/subdag.py for tasks to queue
[2023-11-01T21:50:20.980-0500] {logging_mixin.py:151} INFO - [2023-11-01T21:50:20.980-0500] {dagbag.py:536} INFO - Filling up the DagBag from /Users/dimz/EconWizard/hermesvirtual/lib/python3.8/site-packages/airflow/example_dags/subdags/subdag.py
[2023-11-01T21:50:20.982-0500] {processor.py:841} WARNING - No viable dags retrieved from /Users/dimz/EconWizard/hermesvirtual/lib/python3.8/site-packages/airflow/example_dags/subdags/subdag.py
[2023-11-01T21:50:21.069-0500] {processor.py:179} INFO - Processing /Users/dimz/EconWizard/hermesvirtual/lib/python3.8/site-packages/airflow/example_dags/subdags/subdag.py took 0.094 seconds
[2023-11-01T21:51:20.741-0500] {processor.py:157} INFO - Started process (PID=89379) to work on /Users/dimz/EconWizard/hermesvirtual/lib/python3.8/site-packages/airflow/example_dags/subdags/subdag.py
[2023-11-01T21:51:20.746-0500] {processor.py:829} INFO - Processing file /Users/dimz/EconWizard/hermesvirtual/lib/python3.8/site-packages/airflow/example_dags/subdags/subdag.py for tasks to queue
[2023-11-01T21:51:20.747-0500] {logging_mixin.py:151} INFO - [2023-11-01T21:51:20.747-0500] {dagbag.py:536} INFO - Filling up the DagBag from /Users/dimz/EconWizard/hermesvirtual/lib/python3.8/site-packages/airflow/example_dags/subdags/subdag.py
[2023-11-01T21:51:20.749-0500] {processor.py:841} WARNING - No viable dags retrieved from /Users/dimz/EconWizard/hermesvirtual/lib/python3.8/site-packages/airflow/example_dags/subdags/subdag.py
[2023-11-01T21:51:20.835-0500] {processor.py:179} INFO - Processing /Users/dimz/EconWizard/hermesvirtual/lib/python3.8/site-packages/airflow/example_dags/subdags/subdag.py took 0.094 seconds
[2023-11-01T21:52:18.733-0500] {processor.py:157} INFO - Started process (PID=89461) to work on /Users/dimz/EconWizard/hermesvirtual/lib/python3.8/site-packages/airflow/example_dags/subdags/subdag.py
[2023-11-01T21:52:18.737-0500] {processor.py:829} INFO - Processing file /Users/dimz/EconWizard/hermesvirtual/lib/python3.8/site-packages/airflow/example_dags/subdags/subdag.py for tasks to queue
[2023-11-01T21:52:18.737-0500] {logging_mixin.py:151} INFO - [2023-11-01T21:52:18.737-0500] {dagbag.py:536} INFO - Filling up the DagBag from /Users/dimz/EconWizard/hermesvirtual/lib/python3.8/site-packages/airflow/example_dags/subdags/subdag.py
[2023-11-01T21:52:18.739-0500] {processor.py:841} WARNING - No viable dags retrieved from /Users/dimz/EconWizard/hermesvirtual/lib/python3.8/site-packages/airflow/example_dags/subdags/subdag.py
[2023-11-01T21:52:18.818-0500] {processor.py:179} INFO - Processing /Users/dimz/EconWizard/hermesvirtual/lib/python3.8/site-packages/airflow/example_dags/subdags/subdag.py took 0.086 seconds
[2023-11-01T21:53:15.178-0500] {processor.py:157} INFO - Started process (PID=89541) to work on /Users/dimz/EconWizard/hermesvirtual/lib/python3.8/site-packages/airflow/example_dags/subdags/subdag.py
[2023-11-01T21:53:15.183-0500] {processor.py:829} INFO - Processing file /Users/dimz/EconWizard/hermesvirtual/lib/python3.8/site-packages/airflow/example_dags/subdags/subdag.py for tasks to queue
[2023-11-01T21:53:15.183-0500] {logging_mixin.py:151} INFO - [2023-11-01T21:53:15.183-0500] {dagbag.py:536} INFO - Filling up the DagBag from /Users/dimz/EconWizard/hermesvirtual/lib/python3.8/site-packages/airflow/example_dags/subdags/subdag.py
[2023-11-01T21:53:15.185-0500] {processor.py:841} WARNING - No viable dags retrieved from /Users/dimz/EconWizard/hermesvirtual/lib/python3.8/site-packages/airflow/example_dags/subdags/subdag.py
[2023-11-01T21:53:15.266-0500] {processor.py:179} INFO - Processing /Users/dimz/EconWizard/hermesvirtual/lib/python3.8/site-packages/airflow/example_dags/subdags/subdag.py took 0.088 seconds
[2023-11-01T21:54:16.043-0500] {processor.py:157} INFO - Started process (PID=89627) to work on /Users/dimz/EconWizard/hermesvirtual/lib/python3.8/site-packages/airflow/example_dags/subdags/subdag.py
[2023-11-01T21:54:16.047-0500] {processor.py:829} INFO - Processing file /Users/dimz/EconWizard/hermesvirtual/lib/python3.8/site-packages/airflow/example_dags/subdags/subdag.py for tasks to queue
[2023-11-01T21:54:16.048-0500] {logging_mixin.py:151} INFO - [2023-11-01T21:54:16.048-0500] {dagbag.py:536} INFO - Filling up the DagBag from /Users/dimz/EconWizard/hermesvirtual/lib/python3.8/site-packages/airflow/example_dags/subdags/subdag.py
[2023-11-01T21:54:16.049-0500] {processor.py:841} WARNING - No viable dags retrieved from /Users/dimz/EconWizard/hermesvirtual/lib/python3.8/site-packages/airflow/example_dags/subdags/subdag.py
[2023-11-01T21:54:16.127-0500] {processor.py:179} INFO - Processing /Users/dimz/EconWizard/hermesvirtual/lib/python3.8/site-packages/airflow/example_dags/subdags/subdag.py took 0.085 seconds
[2023-11-01T21:55:18.946-0500] {processor.py:157} INFO - Started process (PID=89717) to work on /Users/dimz/EconWizard/hermesvirtual/lib/python3.8/site-packages/airflow/example_dags/subdags/subdag.py
[2023-11-01T21:55:18.952-0500] {processor.py:829} INFO - Processing file /Users/dimz/EconWizard/hermesvirtual/lib/python3.8/site-packages/airflow/example_dags/subdags/subdag.py for tasks to queue
[2023-11-01T21:55:18.952-0500] {logging_mixin.py:151} INFO - [2023-11-01T21:55:18.952-0500] {dagbag.py:536} INFO - Filling up the DagBag from /Users/dimz/EconWizard/hermesvirtual/lib/python3.8/site-packages/airflow/example_dags/subdags/subdag.py
[2023-11-01T21:55:18.953-0500] {processor.py:841} WARNING - No viable dags retrieved from /Users/dimz/EconWizard/hermesvirtual/lib/python3.8/site-packages/airflow/example_dags/subdags/subdag.py
[2023-11-01T21:55:19.032-0500] {processor.py:179} INFO - Processing /Users/dimz/EconWizard/hermesvirtual/lib/python3.8/site-packages/airflow/example_dags/subdags/subdag.py took 0.086 seconds
[2023-11-01T21:56:16.749-0500] {processor.py:157} INFO - Started process (PID=89783) to work on /Users/dimz/EconWizard/hermesvirtual/lib/python3.8/site-packages/airflow/example_dags/subdags/subdag.py
[2023-11-01T21:56:16.754-0500] {processor.py:829} INFO - Processing file /Users/dimz/EconWizard/hermesvirtual/lib/python3.8/site-packages/airflow/example_dags/subdags/subdag.py for tasks to queue
[2023-11-01T21:56:16.754-0500] {logging_mixin.py:151} INFO - [2023-11-01T21:56:16.754-0500] {dagbag.py:536} INFO - Filling up the DagBag from /Users/dimz/EconWizard/hermesvirtual/lib/python3.8/site-packages/airflow/example_dags/subdags/subdag.py
[2023-11-01T21:56:16.756-0500] {processor.py:841} WARNING - No viable dags retrieved from /Users/dimz/EconWizard/hermesvirtual/lib/python3.8/site-packages/airflow/example_dags/subdags/subdag.py
[2023-11-01T21:56:16.834-0500] {processor.py:179} INFO - Processing /Users/dimz/EconWizard/hermesvirtual/lib/python3.8/site-packages/airflow/example_dags/subdags/subdag.py took 0.085 seconds
[2023-11-01T21:57:13.924-0500] {processor.py:157} INFO - Started process (PID=89913) to work on /Users/dimz/EconWizard/hermesvirtual/lib/python3.8/site-packages/airflow/example_dags/subdags/subdag.py
[2023-11-01T21:57:13.929-0500] {processor.py:829} INFO - Processing file /Users/dimz/EconWizard/hermesvirtual/lib/python3.8/site-packages/airflow/example_dags/subdags/subdag.py for tasks to queue
[2023-11-01T21:57:13.930-0500] {logging_mixin.py:151} INFO - [2023-11-01T21:57:13.930-0500] {dagbag.py:536} INFO - Filling up the DagBag from /Users/dimz/EconWizard/hermesvirtual/lib/python3.8/site-packages/airflow/example_dags/subdags/subdag.py
[2023-11-01T21:57:13.931-0500] {processor.py:841} WARNING - No viable dags retrieved from /Users/dimz/EconWizard/hermesvirtual/lib/python3.8/site-packages/airflow/example_dags/subdags/subdag.py
[2023-11-01T21:57:14.021-0500] {processor.py:179} INFO - Processing /Users/dimz/EconWizard/hermesvirtual/lib/python3.8/site-packages/airflow/example_dags/subdags/subdag.py took 0.098 seconds
[2023-11-01T21:58:14.031-0500] {processor.py:157} INFO - Started process (PID=90002) to work on /Users/dimz/EconWizard/hermesvirtual/lib/python3.8/site-packages/airflow/example_dags/subdags/subdag.py
[2023-11-01T21:58:14.036-0500] {processor.py:829} INFO - Processing file /Users/dimz/EconWizard/hermesvirtual/lib/python3.8/site-packages/airflow/example_dags/subdags/subdag.py for tasks to queue
[2023-11-01T21:58:14.037-0500] {logging_mixin.py:151} INFO - [2023-11-01T21:58:14.037-0500] {dagbag.py:536} INFO - Filling up the DagBag from /Users/dimz/EconWizard/hermesvirtual/lib/python3.8/site-packages/airflow/example_dags/subdags/subdag.py
[2023-11-01T21:58:14.038-0500] {processor.py:841} WARNING - No viable dags retrieved from /Users/dimz/EconWizard/hermesvirtual/lib/python3.8/site-packages/airflow/example_dags/subdags/subdag.py
[2023-11-01T21:58:14.118-0500] {processor.py:179} INFO - Processing /Users/dimz/EconWizard/hermesvirtual/lib/python3.8/site-packages/airflow/example_dags/subdags/subdag.py took 0.087 seconds
[2023-11-01T21:59:16.241-0500] {processor.py:157} INFO - Started process (PID=90069) to work on /Users/dimz/EconWizard/hermesvirtual/lib/python3.8/site-packages/airflow/example_dags/subdags/subdag.py
[2023-11-01T21:59:16.246-0500] {processor.py:829} INFO - Processing file /Users/dimz/EconWizard/hermesvirtual/lib/python3.8/site-packages/airflow/example_dags/subdags/subdag.py for tasks to queue
[2023-11-01T21:59:16.246-0500] {logging_mixin.py:151} INFO - [2023-11-01T21:59:16.246-0500] {dagbag.py:536} INFO - Filling up the DagBag from /Users/dimz/EconWizard/hermesvirtual/lib/python3.8/site-packages/airflow/example_dags/subdags/subdag.py
[2023-11-01T21:59:16.247-0500] {processor.py:841} WARNING - No viable dags retrieved from /Users/dimz/EconWizard/hermesvirtual/lib/python3.8/site-packages/airflow/example_dags/subdags/subdag.py
[2023-11-01T21:59:16.335-0500] {processor.py:179} INFO - Processing /Users/dimz/EconWizard/hermesvirtual/lib/python3.8/site-packages/airflow/example_dags/subdags/subdag.py took 0.094 seconds
[2023-11-01T22:00:15.351-0500] {processor.py:157} INFO - Started process (PID=90154) to work on /Users/dimz/EconWizard/hermesvirtual/lib/python3.8/site-packages/airflow/example_dags/subdags/subdag.py
[2023-11-01T22:00:15.357-0500] {processor.py:829} INFO - Processing file /Users/dimz/EconWizard/hermesvirtual/lib/python3.8/site-packages/airflow/example_dags/subdags/subdag.py for tasks to queue
[2023-11-01T22:00:15.357-0500] {logging_mixin.py:151} INFO - [2023-11-01T22:00:15.357-0500] {dagbag.py:536} INFO - Filling up the DagBag from /Users/dimz/EconWizard/hermesvirtual/lib/python3.8/site-packages/airflow/example_dags/subdags/subdag.py
[2023-11-01T22:00:15.358-0500] {processor.py:841} WARNING - No viable dags retrieved from /Users/dimz/EconWizard/hermesvirtual/lib/python3.8/site-packages/airflow/example_dags/subdags/subdag.py
[2023-11-01T22:00:15.443-0500] {processor.py:179} INFO - Processing /Users/dimz/EconWizard/hermesvirtual/lib/python3.8/site-packages/airflow/example_dags/subdags/subdag.py took 0.092 seconds
[2023-11-01T22:01:15.008-0500] {processor.py:157} INFO - Started process (PID=90237) to work on /Users/dimz/EconWizard/hermesvirtual/lib/python3.8/site-packages/airflow/example_dags/subdags/subdag.py
[2023-11-01T22:01:15.012-0500] {processor.py:829} INFO - Processing file /Users/dimz/EconWizard/hermesvirtual/lib/python3.8/site-packages/airflow/example_dags/subdags/subdag.py for tasks to queue
[2023-11-01T22:01:15.012-0500] {logging_mixin.py:151} INFO - [2023-11-01T22:01:15.012-0500] {dagbag.py:536} INFO - Filling up the DagBag from /Users/dimz/EconWizard/hermesvirtual/lib/python3.8/site-packages/airflow/example_dags/subdags/subdag.py
[2023-11-01T22:01:15.014-0500] {processor.py:841} WARNING - No viable dags retrieved from /Users/dimz/EconWizard/hermesvirtual/lib/python3.8/site-packages/airflow/example_dags/subdags/subdag.py
[2023-11-01T22:01:15.099-0500] {processor.py:179} INFO - Processing /Users/dimz/EconWizard/hermesvirtual/lib/python3.8/site-packages/airflow/example_dags/subdags/subdag.py took 0.092 seconds
[2023-11-01T22:02:17.769-0500] {processor.py:157} INFO - Started process (PID=90321) to work on /Users/dimz/EconWizard/hermesvirtual/lib/python3.8/site-packages/airflow/example_dags/subdags/subdag.py
[2023-11-01T22:02:17.774-0500] {processor.py:829} INFO - Processing file /Users/dimz/EconWizard/hermesvirtual/lib/python3.8/site-packages/airflow/example_dags/subdags/subdag.py for tasks to queue
[2023-11-01T22:02:17.774-0500] {logging_mixin.py:151} INFO - [2023-11-01T22:02:17.774-0500] {dagbag.py:536} INFO - Filling up the DagBag from /Users/dimz/EconWizard/hermesvirtual/lib/python3.8/site-packages/airflow/example_dags/subdags/subdag.py
[2023-11-01T22:02:17.775-0500] {processor.py:841} WARNING - No viable dags retrieved from /Users/dimz/EconWizard/hermesvirtual/lib/python3.8/site-packages/airflow/example_dags/subdags/subdag.py
[2023-11-01T22:02:17.856-0500] {processor.py:179} INFO - Processing /Users/dimz/EconWizard/hermesvirtual/lib/python3.8/site-packages/airflow/example_dags/subdags/subdag.py took 0.088 seconds
[2023-11-01T22:03:17.999-0500] {processor.py:157} INFO - Started process (PID=90401) to work on /Users/dimz/EconWizard/hermesvirtual/lib/python3.8/site-packages/airflow/example_dags/subdags/subdag.py
[2023-11-01T22:03:18.004-0500] {processor.py:829} INFO - Processing file /Users/dimz/EconWizard/hermesvirtual/lib/python3.8/site-packages/airflow/example_dags/subdags/subdag.py for tasks to queue
[2023-11-01T22:03:18.005-0500] {logging_mixin.py:151} INFO - [2023-11-01T22:03:18.004-0500] {dagbag.py:536} INFO - Filling up the DagBag from /Users/dimz/EconWizard/hermesvirtual/lib/python3.8/site-packages/airflow/example_dags/subdags/subdag.py
[2023-11-01T22:03:18.006-0500] {processor.py:841} WARNING - No viable dags retrieved from /Users/dimz/EconWizard/hermesvirtual/lib/python3.8/site-packages/airflow/example_dags/subdags/subdag.py
[2023-11-01T22:03:18.085-0500] {processor.py:179} INFO - Processing /Users/dimz/EconWizard/hermesvirtual/lib/python3.8/site-packages/airflow/example_dags/subdags/subdag.py took 0.087 seconds
[2023-11-01T22:04:16.231-0500] {processor.py:157} INFO - Started process (PID=90500) to work on /Users/dimz/EconWizard/hermesvirtual/lib/python3.8/site-packages/airflow/example_dags/subdags/subdag.py
[2023-11-01T22:04:16.235-0500] {processor.py:829} INFO - Processing file /Users/dimz/EconWizard/hermesvirtual/lib/python3.8/site-packages/airflow/example_dags/subdags/subdag.py for tasks to queue
[2023-11-01T22:04:16.235-0500] {logging_mixin.py:151} INFO - [2023-11-01T22:04:16.235-0500] {dagbag.py:536} INFO - Filling up the DagBag from /Users/dimz/EconWizard/hermesvirtual/lib/python3.8/site-packages/airflow/example_dags/subdags/subdag.py
[2023-11-01T22:04:16.236-0500] {processor.py:841} WARNING - No viable dags retrieved from /Users/dimz/EconWizard/hermesvirtual/lib/python3.8/site-packages/airflow/example_dags/subdags/subdag.py
[2023-11-01T22:04:16.316-0500] {processor.py:179} INFO - Processing /Users/dimz/EconWizard/hermesvirtual/lib/python3.8/site-packages/airflow/example_dags/subdags/subdag.py took 0.085 seconds
[2023-11-01T22:05:12.042-0500] {processor.py:157} INFO - Started process (PID=90615) to work on /Users/dimz/EconWizard/hermesvirtual/lib/python3.8/site-packages/airflow/example_dags/subdags/subdag.py
[2023-11-01T22:05:12.047-0500] {processor.py:829} INFO - Processing file /Users/dimz/EconWizard/hermesvirtual/lib/python3.8/site-packages/airflow/example_dags/subdags/subdag.py for tasks to queue
[2023-11-01T22:05:12.048-0500] {logging_mixin.py:151} INFO - [2023-11-01T22:05:12.048-0500] {dagbag.py:536} INFO - Filling up the DagBag from /Users/dimz/EconWizard/hermesvirtual/lib/python3.8/site-packages/airflow/example_dags/subdags/subdag.py
[2023-11-01T22:05:12.049-0500] {processor.py:841} WARNING - No viable dags retrieved from /Users/dimz/EconWizard/hermesvirtual/lib/python3.8/site-packages/airflow/example_dags/subdags/subdag.py
[2023-11-01T22:05:12.127-0500] {processor.py:179} INFO - Processing /Users/dimz/EconWizard/hermesvirtual/lib/python3.8/site-packages/airflow/example_dags/subdags/subdag.py took 0.085 seconds
[2023-11-01T22:06:10.410-0500] {processor.py:157} INFO - Started process (PID=90723) to work on /Users/dimz/EconWizard/hermesvirtual/lib/python3.8/site-packages/airflow/example_dags/subdags/subdag.py
[2023-11-01T22:06:10.414-0500] {processor.py:829} INFO - Processing file /Users/dimz/EconWizard/hermesvirtual/lib/python3.8/site-packages/airflow/example_dags/subdags/subdag.py for tasks to queue
[2023-11-01T22:06:10.414-0500] {logging_mixin.py:151} INFO - [2023-11-01T22:06:10.414-0500] {dagbag.py:536} INFO - Filling up the DagBag from /Users/dimz/EconWizard/hermesvirtual/lib/python3.8/site-packages/airflow/example_dags/subdags/subdag.py
[2023-11-01T22:06:10.416-0500] {processor.py:841} WARNING - No viable dags retrieved from /Users/dimz/EconWizard/hermesvirtual/lib/python3.8/site-packages/airflow/example_dags/subdags/subdag.py
[2023-11-01T22:06:10.516-0500] {processor.py:179} INFO - Processing /Users/dimz/EconWizard/hermesvirtual/lib/python3.8/site-packages/airflow/example_dags/subdags/subdag.py took 0.107 seconds
[2023-11-01T22:07:13.531-0500] {processor.py:157} INFO - Started process (PID=90812) to work on /Users/dimz/EconWizard/hermesvirtual/lib/python3.8/site-packages/airflow/example_dags/subdags/subdag.py
[2023-11-01T22:07:13.536-0500] {processor.py:829} INFO - Processing file /Users/dimz/EconWizard/hermesvirtual/lib/python3.8/site-packages/airflow/example_dags/subdags/subdag.py for tasks to queue
[2023-11-01T22:07:13.536-0500] {logging_mixin.py:151} INFO - [2023-11-01T22:07:13.536-0500] {dagbag.py:536} INFO - Filling up the DagBag from /Users/dimz/EconWizard/hermesvirtual/lib/python3.8/site-packages/airflow/example_dags/subdags/subdag.py
[2023-11-01T22:07:13.538-0500] {processor.py:841} WARNING - No viable dags retrieved from /Users/dimz/EconWizard/hermesvirtual/lib/python3.8/site-packages/airflow/example_dags/subdags/subdag.py
[2023-11-01T22:07:13.619-0500] {processor.py:179} INFO - Processing /Users/dimz/EconWizard/hermesvirtual/lib/python3.8/site-packages/airflow/example_dags/subdags/subdag.py took 0.088 seconds
[2023-11-01T22:08:15.802-0500] {processor.py:157} INFO - Started process (PID=90947) to work on /Users/dimz/EconWizard/hermesvirtual/lib/python3.8/site-packages/airflow/example_dags/subdags/subdag.py
[2023-11-01T22:08:15.806-0500] {processor.py:829} INFO - Processing file /Users/dimz/EconWizard/hermesvirtual/lib/python3.8/site-packages/airflow/example_dags/subdags/subdag.py for tasks to queue
[2023-11-01T22:08:15.807-0500] {logging_mixin.py:151} INFO - [2023-11-01T22:08:15.807-0500] {dagbag.py:536} INFO - Filling up the DagBag from /Users/dimz/EconWizard/hermesvirtual/lib/python3.8/site-packages/airflow/example_dags/subdags/subdag.py
[2023-11-01T22:08:15.808-0500] {processor.py:841} WARNING - No viable dags retrieved from /Users/dimz/EconWizard/hermesvirtual/lib/python3.8/site-packages/airflow/example_dags/subdags/subdag.py
[2023-11-01T22:08:15.889-0500] {processor.py:179} INFO - Processing /Users/dimz/EconWizard/hermesvirtual/lib/python3.8/site-packages/airflow/example_dags/subdags/subdag.py took 0.088 seconds
[2023-11-01T22:13:05.638-0500] {processor.py:157} INFO - Started process (PID=91374) to work on /Users/dimz/EconWizard/hermesvirtual/lib/python3.8/site-packages/airflow/example_dags/subdags/subdag.py
[2023-11-01T22:13:05.644-0500] {processor.py:829} INFO - Processing file /Users/dimz/EconWizard/hermesvirtual/lib/python3.8/site-packages/airflow/example_dags/subdags/subdag.py for tasks to queue
[2023-11-01T22:13:05.644-0500] {logging_mixin.py:151} INFO - [2023-11-01T22:13:05.644-0500] {dagbag.py:536} INFO - Filling up the DagBag from /Users/dimz/EconWizard/hermesvirtual/lib/python3.8/site-packages/airflow/example_dags/subdags/subdag.py
[2023-11-01T22:13:05.645-0500] {processor.py:841} WARNING - No viable dags retrieved from /Users/dimz/EconWizard/hermesvirtual/lib/python3.8/site-packages/airflow/example_dags/subdags/subdag.py
[2023-11-01T22:13:05.730-0500] {processor.py:179} INFO - Processing /Users/dimz/EconWizard/hermesvirtual/lib/python3.8/site-packages/airflow/example_dags/subdags/subdag.py took 0.092 seconds
[2023-11-01T22:13:51.430-0500] {processor.py:157} INFO - Started process (PID=91509) to work on /Users/dimz/EconWizard/hermesvirtual/lib/python3.8/site-packages/airflow/example_dags/subdags/subdag.py
[2023-11-01T22:13:51.435-0500] {processor.py:829} INFO - Processing file /Users/dimz/EconWizard/hermesvirtual/lib/python3.8/site-packages/airflow/example_dags/subdags/subdag.py for tasks to queue
[2023-11-01T22:13:51.435-0500] {logging_mixin.py:151} INFO - [2023-11-01T22:13:51.435-0500] {dagbag.py:536} INFO - Filling up the DagBag from /Users/dimz/EconWizard/hermesvirtual/lib/python3.8/site-packages/airflow/example_dags/subdags/subdag.py
[2023-11-01T22:13:51.436-0500] {processor.py:841} WARNING - No viable dags retrieved from /Users/dimz/EconWizard/hermesvirtual/lib/python3.8/site-packages/airflow/example_dags/subdags/subdag.py
[2023-11-01T22:13:51.515-0500] {processor.py:179} INFO - Processing /Users/dimz/EconWizard/hermesvirtual/lib/python3.8/site-packages/airflow/example_dags/subdags/subdag.py took 0.085 seconds
[2023-11-01T22:14:54.787-0500] {processor.py:157} INFO - Started process (PID=91577) to work on /Users/dimz/EconWizard/hermesvirtual/lib/python3.8/site-packages/airflow/example_dags/subdags/subdag.py
[2023-11-01T22:14:54.791-0500] {processor.py:829} INFO - Processing file /Users/dimz/EconWizard/hermesvirtual/lib/python3.8/site-packages/airflow/example_dags/subdags/subdag.py for tasks to queue
[2023-11-01T22:14:54.791-0500] {logging_mixin.py:151} INFO - [2023-11-01T22:14:54.791-0500] {dagbag.py:536} INFO - Filling up the DagBag from /Users/dimz/EconWizard/hermesvirtual/lib/python3.8/site-packages/airflow/example_dags/subdags/subdag.py
[2023-11-01T22:14:54.792-0500] {processor.py:841} WARNING - No viable dags retrieved from /Users/dimz/EconWizard/hermesvirtual/lib/python3.8/site-packages/airflow/example_dags/subdags/subdag.py
[2023-11-01T22:14:54.880-0500] {processor.py:179} INFO - Processing /Users/dimz/EconWizard/hermesvirtual/lib/python3.8/site-packages/airflow/example_dags/subdags/subdag.py took 0.094 seconds
[2023-11-01T22:15:53.657-0500] {processor.py:157} INFO - Started process (PID=91685) to work on /Users/dimz/EconWizard/hermesvirtual/lib/python3.8/site-packages/airflow/example_dags/subdags/subdag.py
[2023-11-01T22:15:53.662-0500] {processor.py:829} INFO - Processing file /Users/dimz/EconWizard/hermesvirtual/lib/python3.8/site-packages/airflow/example_dags/subdags/subdag.py for tasks to queue
[2023-11-01T22:15:53.662-0500] {logging_mixin.py:151} INFO - [2023-11-01T22:15:53.662-0500] {dagbag.py:536} INFO - Filling up the DagBag from /Users/dimz/EconWizard/hermesvirtual/lib/python3.8/site-packages/airflow/example_dags/subdags/subdag.py
[2023-11-01T22:15:53.664-0500] {processor.py:841} WARNING - No viable dags retrieved from /Users/dimz/EconWizard/hermesvirtual/lib/python3.8/site-packages/airflow/example_dags/subdags/subdag.py
[2023-11-01T22:15:53.744-0500] {processor.py:179} INFO - Processing /Users/dimz/EconWizard/hermesvirtual/lib/python3.8/site-packages/airflow/example_dags/subdags/subdag.py took 0.088 seconds
[2023-11-01T22:16:54.010-0500] {processor.py:157} INFO - Started process (PID=91802) to work on /Users/dimz/EconWizard/hermesvirtual/lib/python3.8/site-packages/airflow/example_dags/subdags/subdag.py
[2023-11-01T22:16:54.015-0500] {processor.py:829} INFO - Processing file /Users/dimz/EconWizard/hermesvirtual/lib/python3.8/site-packages/airflow/example_dags/subdags/subdag.py for tasks to queue
[2023-11-01T22:16:54.015-0500] {logging_mixin.py:151} INFO - [2023-11-01T22:16:54.015-0500] {dagbag.py:536} INFO - Filling up the DagBag from /Users/dimz/EconWizard/hermesvirtual/lib/python3.8/site-packages/airflow/example_dags/subdags/subdag.py
[2023-11-01T22:16:54.016-0500] {processor.py:841} WARNING - No viable dags retrieved from /Users/dimz/EconWizard/hermesvirtual/lib/python3.8/site-packages/airflow/example_dags/subdags/subdag.py
[2023-11-01T22:16:54.095-0500] {processor.py:179} INFO - Processing /Users/dimz/EconWizard/hermesvirtual/lib/python3.8/site-packages/airflow/example_dags/subdags/subdag.py took 0.086 seconds
[2023-11-01T22:17:53.065-0500] {processor.py:157} INFO - Started process (PID=91967) to work on /Users/dimz/EconWizard/hermesvirtual/lib/python3.8/site-packages/airflow/example_dags/subdags/subdag.py
[2023-11-01T22:17:53.070-0500] {processor.py:829} INFO - Processing file /Users/dimz/EconWizard/hermesvirtual/lib/python3.8/site-packages/airflow/example_dags/subdags/subdag.py for tasks to queue
[2023-11-01T22:17:53.071-0500] {logging_mixin.py:151} INFO - [2023-11-01T22:17:53.071-0500] {dagbag.py:536} INFO - Filling up the DagBag from /Users/dimz/EconWizard/hermesvirtual/lib/python3.8/site-packages/airflow/example_dags/subdags/subdag.py
[2023-11-01T22:17:53.072-0500] {processor.py:841} WARNING - No viable dags retrieved from /Users/dimz/EconWizard/hermesvirtual/lib/python3.8/site-packages/airflow/example_dags/subdags/subdag.py
[2023-11-01T22:17:53.151-0500] {processor.py:179} INFO - Processing /Users/dimz/EconWizard/hermesvirtual/lib/python3.8/site-packages/airflow/example_dags/subdags/subdag.py took 0.086 seconds
[2023-11-01T22:18:52.043-0500] {processor.py:157} INFO - Started process (PID=92116) to work on /Users/dimz/EconWizard/hermesvirtual/lib/python3.8/site-packages/airflow/example_dags/subdags/subdag.py
[2023-11-01T22:18:52.048-0500] {processor.py:829} INFO - Processing file /Users/dimz/EconWizard/hermesvirtual/lib/python3.8/site-packages/airflow/example_dags/subdags/subdag.py for tasks to queue
[2023-11-01T22:18:52.049-0500] {logging_mixin.py:151} INFO - [2023-11-01T22:18:52.049-0500] {dagbag.py:536} INFO - Filling up the DagBag from /Users/dimz/EconWizard/hermesvirtual/lib/python3.8/site-packages/airflow/example_dags/subdags/subdag.py
[2023-11-01T22:18:52.050-0500] {processor.py:841} WARNING - No viable dags retrieved from /Users/dimz/EconWizard/hermesvirtual/lib/python3.8/site-packages/airflow/example_dags/subdags/subdag.py
[2023-11-01T22:18:52.140-0500] {processor.py:179} INFO - Processing /Users/dimz/EconWizard/hermesvirtual/lib/python3.8/site-packages/airflow/example_dags/subdags/subdag.py took 0.098 seconds
[2023-11-01T22:19:47.420-0500] {processor.py:157} INFO - Started process (PID=92237) to work on /Users/dimz/EconWizard/hermesvirtual/lib/python3.8/site-packages/airflow/example_dags/subdags/subdag.py
[2023-11-01T22:19:47.425-0500] {processor.py:829} INFO - Processing file /Users/dimz/EconWizard/hermesvirtual/lib/python3.8/site-packages/airflow/example_dags/subdags/subdag.py for tasks to queue
[2023-11-01T22:19:47.425-0500] {logging_mixin.py:151} INFO - [2023-11-01T22:19:47.425-0500] {dagbag.py:536} INFO - Filling up the DagBag from /Users/dimz/EconWizard/hermesvirtual/lib/python3.8/site-packages/airflow/example_dags/subdags/subdag.py
[2023-11-01T22:19:47.427-0500] {processor.py:841} WARNING - No viable dags retrieved from /Users/dimz/EconWizard/hermesvirtual/lib/python3.8/site-packages/airflow/example_dags/subdags/subdag.py
[2023-11-01T22:19:47.514-0500] {processor.py:179} INFO - Processing /Users/dimz/EconWizard/hermesvirtual/lib/python3.8/site-packages/airflow/example_dags/subdags/subdag.py took 0.094 seconds
[2023-11-01T22:20:39.908-0500] {processor.py:157} INFO - Started process (PID=92358) to work on /Users/dimz/EconWizard/hermesvirtual/lib/python3.8/site-packages/airflow/example_dags/subdags/subdag.py
[2023-11-01T22:20:39.913-0500] {processor.py:829} INFO - Processing file /Users/dimz/EconWizard/hermesvirtual/lib/python3.8/site-packages/airflow/example_dags/subdags/subdag.py for tasks to queue
[2023-11-01T22:20:39.913-0500] {logging_mixin.py:151} INFO - [2023-11-01T22:20:39.913-0500] {dagbag.py:536} INFO - Filling up the DagBag from /Users/dimz/EconWizard/hermesvirtual/lib/python3.8/site-packages/airflow/example_dags/subdags/subdag.py
[2023-11-01T22:20:39.914-0500] {processor.py:841} WARNING - No viable dags retrieved from /Users/dimz/EconWizard/hermesvirtual/lib/python3.8/site-packages/airflow/example_dags/subdags/subdag.py
[2023-11-01T22:20:39.997-0500] {processor.py:179} INFO - Processing /Users/dimz/EconWizard/hermesvirtual/lib/python3.8/site-packages/airflow/example_dags/subdags/subdag.py took 0.089 seconds
[2023-11-01T22:21:36.993-0500] {processor.py:157} INFO - Started process (PID=92517) to work on /Users/dimz/EconWizard/hermesvirtual/lib/python3.8/site-packages/airflow/example_dags/subdags/subdag.py
[2023-11-01T22:21:36.998-0500] {processor.py:829} INFO - Processing file /Users/dimz/EconWizard/hermesvirtual/lib/python3.8/site-packages/airflow/example_dags/subdags/subdag.py for tasks to queue
[2023-11-01T22:21:36.999-0500] {logging_mixin.py:151} INFO - [2023-11-01T22:21:36.999-0500] {dagbag.py:536} INFO - Filling up the DagBag from /Users/dimz/EconWizard/hermesvirtual/lib/python3.8/site-packages/airflow/example_dags/subdags/subdag.py
[2023-11-01T22:21:37.000-0500] {processor.py:841} WARNING - No viable dags retrieved from /Users/dimz/EconWizard/hermesvirtual/lib/python3.8/site-packages/airflow/example_dags/subdags/subdag.py
[2023-11-01T22:21:37.080-0500] {processor.py:179} INFO - Processing /Users/dimz/EconWizard/hermesvirtual/lib/python3.8/site-packages/airflow/example_dags/subdags/subdag.py took 0.087 seconds
[2023-11-01T22:22:39.075-0500] {processor.py:157} INFO - Started process (PID=92686) to work on /Users/dimz/EconWizard/hermesvirtual/lib/python3.8/site-packages/airflow/example_dags/subdags/subdag.py
[2023-11-01T22:22:39.080-0500] {processor.py:829} INFO - Processing file /Users/dimz/EconWizard/hermesvirtual/lib/python3.8/site-packages/airflow/example_dags/subdags/subdag.py for tasks to queue
[2023-11-01T22:22:39.081-0500] {logging_mixin.py:151} INFO - [2023-11-01T22:22:39.081-0500] {dagbag.py:536} INFO - Filling up the DagBag from /Users/dimz/EconWizard/hermesvirtual/lib/python3.8/site-packages/airflow/example_dags/subdags/subdag.py
[2023-11-01T22:22:39.082-0500] {processor.py:841} WARNING - No viable dags retrieved from /Users/dimz/EconWizard/hermesvirtual/lib/python3.8/site-packages/airflow/example_dags/subdags/subdag.py
[2023-11-01T22:22:39.164-0500] {processor.py:179} INFO - Processing /Users/dimz/EconWizard/hermesvirtual/lib/python3.8/site-packages/airflow/example_dags/subdags/subdag.py took 0.089 seconds
[2023-11-01T22:55:28.833-0500] {processor.py:157} INFO - Started process (PID=92875) to work on /Users/dimz/EconWizard/hermesvirtual/lib/python3.8/site-packages/airflow/example_dags/subdags/subdag.py
[2023-11-01T22:55:28.838-0500] {processor.py:829} INFO - Processing file /Users/dimz/EconWizard/hermesvirtual/lib/python3.8/site-packages/airflow/example_dags/subdags/subdag.py for tasks to queue
[2023-11-01T22:55:28.839-0500] {logging_mixin.py:151} INFO - [2023-11-01T22:55:28.839-0500] {dagbag.py:536} INFO - Filling up the DagBag from /Users/dimz/EconWizard/hermesvirtual/lib/python3.8/site-packages/airflow/example_dags/subdags/subdag.py
[2023-11-01T22:55:28.841-0500] {processor.py:841} WARNING - No viable dags retrieved from /Users/dimz/EconWizard/hermesvirtual/lib/python3.8/site-packages/airflow/example_dags/subdags/subdag.py
[2023-11-01T22:55:28.927-0500] {processor.py:179} INFO - Processing /Users/dimz/EconWizard/hermesvirtual/lib/python3.8/site-packages/airflow/example_dags/subdags/subdag.py took 0.094 seconds
[2023-11-02T01:12:15.728-0500] {processor.py:157} INFO - Started process (PID=93003) to work on /Users/dimz/EconWizard/hermesvirtual/lib/python3.8/site-packages/airflow/example_dags/subdags/subdag.py
[2023-11-02T01:12:15.733-0500] {processor.py:829} INFO - Processing file /Users/dimz/EconWizard/hermesvirtual/lib/python3.8/site-packages/airflow/example_dags/subdags/subdag.py for tasks to queue
[2023-11-02T01:12:15.734-0500] {logging_mixin.py:151} INFO - [2023-11-02T01:12:15.734-0500] {dagbag.py:536} INFO - Filling up the DagBag from /Users/dimz/EconWizard/hermesvirtual/lib/python3.8/site-packages/airflow/example_dags/subdags/subdag.py
[2023-11-02T01:12:15.735-0500] {processor.py:841} WARNING - No viable dags retrieved from /Users/dimz/EconWizard/hermesvirtual/lib/python3.8/site-packages/airflow/example_dags/subdags/subdag.py
[2023-11-02T01:12:15.813-0500] {processor.py:179} INFO - Processing /Users/dimz/EconWizard/hermesvirtual/lib/python3.8/site-packages/airflow/example_dags/subdags/subdag.py took 0.085 seconds
[2023-11-02T05:43:34.517-0500] {processor.py:157} INFO - Started process (PID=93215) to work on /Users/dimz/EconWizard/hermesvirtual/lib/python3.8/site-packages/airflow/example_dags/subdags/subdag.py
[2023-11-02T05:43:34.522-0500] {processor.py:829} INFO - Processing file /Users/dimz/EconWizard/hermesvirtual/lib/python3.8/site-packages/airflow/example_dags/subdags/subdag.py for tasks to queue
[2023-11-02T05:43:34.522-0500] {logging_mixin.py:151} INFO - [2023-11-02T05:43:34.522-0500] {dagbag.py:536} INFO - Filling up the DagBag from /Users/dimz/EconWizard/hermesvirtual/lib/python3.8/site-packages/airflow/example_dags/subdags/subdag.py
[2023-11-02T05:43:34.524-0500] {processor.py:841} WARNING - No viable dags retrieved from /Users/dimz/EconWizard/hermesvirtual/lib/python3.8/site-packages/airflow/example_dags/subdags/subdag.py
[2023-11-02T05:43:34.606-0500] {processor.py:179} INFO - Processing /Users/dimz/EconWizard/hermesvirtual/lib/python3.8/site-packages/airflow/example_dags/subdags/subdag.py took 0.090 seconds
[2023-11-02T07:44:40.908-0500] {processor.py:157} INFO - Started process (PID=93343) to work on /Users/dimz/EconWizard/hermesvirtual/lib/python3.8/site-packages/airflow/example_dags/subdags/subdag.py
[2023-11-02T07:44:40.913-0500] {processor.py:829} INFO - Processing file /Users/dimz/EconWizard/hermesvirtual/lib/python3.8/site-packages/airflow/example_dags/subdags/subdag.py for tasks to queue
[2023-11-02T07:44:40.913-0500] {logging_mixin.py:151} INFO - [2023-11-02T07:44:40.913-0500] {dagbag.py:536} INFO - Filling up the DagBag from /Users/dimz/EconWizard/hermesvirtual/lib/python3.8/site-packages/airflow/example_dags/subdags/subdag.py
[2023-11-02T07:44:40.915-0500] {processor.py:841} WARNING - No viable dags retrieved from /Users/dimz/EconWizard/hermesvirtual/lib/python3.8/site-packages/airflow/example_dags/subdags/subdag.py
[2023-11-02T07:44:40.998-0500] {processor.py:179} INFO - Processing /Users/dimz/EconWizard/hermesvirtual/lib/python3.8/site-packages/airflow/example_dags/subdags/subdag.py took 0.091 seconds
[2023-11-02T08:29:43.299-0500] {processor.py:157} INFO - Started process (PID=93446) to work on /Users/dimz/EconWizard/hermesvirtual/lib/python3.8/site-packages/airflow/example_dags/subdags/subdag.py
[2023-11-02T08:29:43.304-0500] {processor.py:829} INFO - Processing file /Users/dimz/EconWizard/hermesvirtual/lib/python3.8/site-packages/airflow/example_dags/subdags/subdag.py for tasks to queue
[2023-11-02T08:29:43.304-0500] {logging_mixin.py:151} INFO - [2023-11-02T08:29:43.304-0500] {dagbag.py:536} INFO - Filling up the DagBag from /Users/dimz/EconWizard/hermesvirtual/lib/python3.8/site-packages/airflow/example_dags/subdags/subdag.py
[2023-11-02T08:29:43.305-0500] {processor.py:841} WARNING - No viable dags retrieved from /Users/dimz/EconWizard/hermesvirtual/lib/python3.8/site-packages/airflow/example_dags/subdags/subdag.py
[2023-11-02T08:29:43.387-0500] {processor.py:179} INFO - Processing /Users/dimz/EconWizard/hermesvirtual/lib/python3.8/site-packages/airflow/example_dags/subdags/subdag.py took 0.088 seconds
[2023-11-02T08:48:14.862-0500] {processor.py:157} INFO - Started process (PID=93521) to work on /Users/dimz/EconWizard/hermesvirtual/lib/python3.8/site-packages/airflow/example_dags/subdags/subdag.py
[2023-11-02T08:48:14.867-0500] {processor.py:829} INFO - Processing file /Users/dimz/EconWizard/hermesvirtual/lib/python3.8/site-packages/airflow/example_dags/subdags/subdag.py for tasks to queue
[2023-11-02T08:48:14.867-0500] {logging_mixin.py:151} INFO - [2023-11-02T08:48:14.867-0500] {dagbag.py:536} INFO - Filling up the DagBag from /Users/dimz/EconWizard/hermesvirtual/lib/python3.8/site-packages/airflow/example_dags/subdags/subdag.py
[2023-11-02T08:48:14.868-0500] {processor.py:841} WARNING - No viable dags retrieved from /Users/dimz/EconWizard/hermesvirtual/lib/python3.8/site-packages/airflow/example_dags/subdags/subdag.py
[2023-11-02T08:48:14.947-0500] {processor.py:179} INFO - Processing /Users/dimz/EconWizard/hermesvirtual/lib/python3.8/site-packages/airflow/example_dags/subdags/subdag.py took 0.085 seconds
[2023-11-02T09:03:51.023-0500] {processor.py:157} INFO - Started process (PID=93654) to work on /Users/dimz/EconWizard/hermesvirtual/lib/python3.8/site-packages/airflow/example_dags/subdags/subdag.py
[2023-11-02T09:03:51.027-0500] {processor.py:829} INFO - Processing file /Users/dimz/EconWizard/hermesvirtual/lib/python3.8/site-packages/airflow/example_dags/subdags/subdag.py for tasks to queue
[2023-11-02T09:03:51.028-0500] {logging_mixin.py:151} INFO - [2023-11-02T09:03:51.028-0500] {dagbag.py:536} INFO - Filling up the DagBag from /Users/dimz/EconWizard/hermesvirtual/lib/python3.8/site-packages/airflow/example_dags/subdags/subdag.py
[2023-11-02T09:03:51.030-0500] {processor.py:841} WARNING - No viable dags retrieved from /Users/dimz/EconWizard/hermesvirtual/lib/python3.8/site-packages/airflow/example_dags/subdags/subdag.py
[2023-11-02T09:03:51.118-0500] {processor.py:179} INFO - Processing /Users/dimz/EconWizard/hermesvirtual/lib/python3.8/site-packages/airflow/example_dags/subdags/subdag.py took 0.096 seconds
[2023-11-02T09:04:51.854-0500] {processor.py:157} INFO - Started process (PID=93754) to work on /Users/dimz/EconWizard/hermesvirtual/lib/python3.8/site-packages/airflow/example_dags/subdags/subdag.py
[2023-11-02T09:04:51.859-0500] {processor.py:829} INFO - Processing file /Users/dimz/EconWizard/hermesvirtual/lib/python3.8/site-packages/airflow/example_dags/subdags/subdag.py for tasks to queue
[2023-11-02T09:04:51.860-0500] {logging_mixin.py:151} INFO - [2023-11-02T09:04:51.860-0500] {dagbag.py:536} INFO - Filling up the DagBag from /Users/dimz/EconWizard/hermesvirtual/lib/python3.8/site-packages/airflow/example_dags/subdags/subdag.py
[2023-11-02T09:04:51.861-0500] {processor.py:841} WARNING - No viable dags retrieved from /Users/dimz/EconWizard/hermesvirtual/lib/python3.8/site-packages/airflow/example_dags/subdags/subdag.py
[2023-11-02T09:04:51.956-0500] {processor.py:179} INFO - Processing /Users/dimz/EconWizard/hermesvirtual/lib/python3.8/site-packages/airflow/example_dags/subdags/subdag.py took 0.102 seconds
[2023-11-02T09:05:47.356-0500] {processor.py:157} INFO - Started process (PID=93826) to work on /Users/dimz/EconWizard/hermesvirtual/lib/python3.8/site-packages/airflow/example_dags/subdags/subdag.py
[2023-11-02T09:05:47.360-0500] {processor.py:829} INFO - Processing file /Users/dimz/EconWizard/hermesvirtual/lib/python3.8/site-packages/airflow/example_dags/subdags/subdag.py for tasks to queue
[2023-11-02T09:05:47.360-0500] {logging_mixin.py:151} INFO - [2023-11-02T09:05:47.360-0500] {dagbag.py:536} INFO - Filling up the DagBag from /Users/dimz/EconWizard/hermesvirtual/lib/python3.8/site-packages/airflow/example_dags/subdags/subdag.py
[2023-11-02T09:05:47.361-0500] {processor.py:841} WARNING - No viable dags retrieved from /Users/dimz/EconWizard/hermesvirtual/lib/python3.8/site-packages/airflow/example_dags/subdags/subdag.py
[2023-11-02T09:05:47.439-0500] {processor.py:179} INFO - Processing /Users/dimz/EconWizard/hermesvirtual/lib/python3.8/site-packages/airflow/example_dags/subdags/subdag.py took 0.084 seconds
[2023-11-02T09:06:47.800-0500] {processor.py:157} INFO - Started process (PID=93888) to work on /Users/dimz/EconWizard/hermesvirtual/lib/python3.8/site-packages/airflow/example_dags/subdags/subdag.py
[2023-11-02T09:06:47.805-0500] {processor.py:829} INFO - Processing file /Users/dimz/EconWizard/hermesvirtual/lib/python3.8/site-packages/airflow/example_dags/subdags/subdag.py for tasks to queue
[2023-11-02T09:06:47.806-0500] {logging_mixin.py:151} INFO - [2023-11-02T09:06:47.805-0500] {dagbag.py:536} INFO - Filling up the DagBag from /Users/dimz/EconWizard/hermesvirtual/lib/python3.8/site-packages/airflow/example_dags/subdags/subdag.py
[2023-11-02T09:06:47.807-0500] {processor.py:841} WARNING - No viable dags retrieved from /Users/dimz/EconWizard/hermesvirtual/lib/python3.8/site-packages/airflow/example_dags/subdags/subdag.py
[2023-11-02T09:06:47.889-0500] {processor.py:179} INFO - Processing /Users/dimz/EconWizard/hermesvirtual/lib/python3.8/site-packages/airflow/example_dags/subdags/subdag.py took 0.089 seconds
[2023-11-02T09:07:50.878-0500] {processor.py:157} INFO - Started process (PID=93955) to work on /Users/dimz/EconWizard/hermesvirtual/lib/python3.8/site-packages/airflow/example_dags/subdags/subdag.py
[2023-11-02T09:07:50.882-0500] {processor.py:829} INFO - Processing file /Users/dimz/EconWizard/hermesvirtual/lib/python3.8/site-packages/airflow/example_dags/subdags/subdag.py for tasks to queue
[2023-11-02T09:07:50.883-0500] {logging_mixin.py:151} INFO - [2023-11-02T09:07:50.883-0500] {dagbag.py:536} INFO - Filling up the DagBag from /Users/dimz/EconWizard/hermesvirtual/lib/python3.8/site-packages/airflow/example_dags/subdags/subdag.py
[2023-11-02T09:07:50.884-0500] {processor.py:841} WARNING - No viable dags retrieved from /Users/dimz/EconWizard/hermesvirtual/lib/python3.8/site-packages/airflow/example_dags/subdags/subdag.py
[2023-11-02T09:07:50.962-0500] {processor.py:179} INFO - Processing /Users/dimz/EconWizard/hermesvirtual/lib/python3.8/site-packages/airflow/example_dags/subdags/subdag.py took 0.084 seconds
[2023-11-02T09:08:53.725-0500] {processor.py:157} INFO - Started process (PID=94113) to work on /Users/dimz/EconWizard/hermesvirtual/lib/python3.8/site-packages/airflow/example_dags/subdags/subdag.py
[2023-11-02T09:08:53.730-0500] {processor.py:829} INFO - Processing file /Users/dimz/EconWizard/hermesvirtual/lib/python3.8/site-packages/airflow/example_dags/subdags/subdag.py for tasks to queue
[2023-11-02T09:08:53.731-0500] {logging_mixin.py:151} INFO - [2023-11-02T09:08:53.730-0500] {dagbag.py:536} INFO - Filling up the DagBag from /Users/dimz/EconWizard/hermesvirtual/lib/python3.8/site-packages/airflow/example_dags/subdags/subdag.py
[2023-11-02T09:08:53.733-0500] {processor.py:841} WARNING - No viable dags retrieved from /Users/dimz/EconWizard/hermesvirtual/lib/python3.8/site-packages/airflow/example_dags/subdags/subdag.py
[2023-11-02T09:08:53.833-0500] {processor.py:179} INFO - Processing /Users/dimz/EconWizard/hermesvirtual/lib/python3.8/site-packages/airflow/example_dags/subdags/subdag.py took 0.108 seconds
[2023-11-02T09:09:58.483-0500] {processor.py:157} INFO - Started process (PID=94260) to work on /Users/dimz/EconWizard/hermesvirtual/lib/python3.8/site-packages/airflow/example_dags/subdags/subdag.py
[2023-11-02T09:09:58.487-0500] {processor.py:829} INFO - Processing file /Users/dimz/EconWizard/hermesvirtual/lib/python3.8/site-packages/airflow/example_dags/subdags/subdag.py for tasks to queue
[2023-11-02T09:09:58.487-0500] {logging_mixin.py:151} INFO - [2023-11-02T09:09:58.487-0500] {dagbag.py:536} INFO - Filling up the DagBag from /Users/dimz/EconWizard/hermesvirtual/lib/python3.8/site-packages/airflow/example_dags/subdags/subdag.py
[2023-11-02T09:09:58.489-0500] {processor.py:841} WARNING - No viable dags retrieved from /Users/dimz/EconWizard/hermesvirtual/lib/python3.8/site-packages/airflow/example_dags/subdags/subdag.py
[2023-11-02T09:09:58.571-0500] {processor.py:179} INFO - Processing /Users/dimz/EconWizard/hermesvirtual/lib/python3.8/site-packages/airflow/example_dags/subdags/subdag.py took 0.089 seconds
[2023-11-02T09:11:02.474-0500] {processor.py:157} INFO - Started process (PID=94376) to work on /Users/dimz/EconWizard/hermesvirtual/lib/python3.8/site-packages/airflow/example_dags/subdags/subdag.py
[2023-11-02T09:11:02.479-0500] {processor.py:829} INFO - Processing file /Users/dimz/EconWizard/hermesvirtual/lib/python3.8/site-packages/airflow/example_dags/subdags/subdag.py for tasks to queue
[2023-11-02T09:11:02.480-0500] {logging_mixin.py:151} INFO - [2023-11-02T09:11:02.479-0500] {dagbag.py:536} INFO - Filling up the DagBag from /Users/dimz/EconWizard/hermesvirtual/lib/python3.8/site-packages/airflow/example_dags/subdags/subdag.py
[2023-11-02T09:11:02.481-0500] {processor.py:841} WARNING - No viable dags retrieved from /Users/dimz/EconWizard/hermesvirtual/lib/python3.8/site-packages/airflow/example_dags/subdags/subdag.py
[2023-11-02T09:11:02.559-0500] {processor.py:179} INFO - Processing /Users/dimz/EconWizard/hermesvirtual/lib/python3.8/site-packages/airflow/example_dags/subdags/subdag.py took 0.085 seconds
[2023-11-02T09:12:07.448-0500] {processor.py:157} INFO - Started process (PID=94450) to work on /Users/dimz/EconWizard/hermesvirtual/lib/python3.8/site-packages/airflow/example_dags/subdags/subdag.py
[2023-11-02T09:12:07.453-0500] {processor.py:829} INFO - Processing file /Users/dimz/EconWizard/hermesvirtual/lib/python3.8/site-packages/airflow/example_dags/subdags/subdag.py for tasks to queue
[2023-11-02T09:12:07.453-0500] {logging_mixin.py:151} INFO - [2023-11-02T09:12:07.453-0500] {dagbag.py:536} INFO - Filling up the DagBag from /Users/dimz/EconWizard/hermesvirtual/lib/python3.8/site-packages/airflow/example_dags/subdags/subdag.py
[2023-11-02T09:12:07.455-0500] {processor.py:841} WARNING - No viable dags retrieved from /Users/dimz/EconWizard/hermesvirtual/lib/python3.8/site-packages/airflow/example_dags/subdags/subdag.py
[2023-11-02T09:12:07.550-0500] {processor.py:179} INFO - Processing /Users/dimz/EconWizard/hermesvirtual/lib/python3.8/site-packages/airflow/example_dags/subdags/subdag.py took 0.103 seconds
[2023-11-02T09:13:11.672-0500] {processor.py:157} INFO - Started process (PID=94520) to work on /Users/dimz/EconWizard/hermesvirtual/lib/python3.8/site-packages/airflow/example_dags/subdags/subdag.py
[2023-11-02T09:13:11.677-0500] {processor.py:829} INFO - Processing file /Users/dimz/EconWizard/hermesvirtual/lib/python3.8/site-packages/airflow/example_dags/subdags/subdag.py for tasks to queue
[2023-11-02T09:13:11.677-0500] {logging_mixin.py:151} INFO - [2023-11-02T09:13:11.677-0500] {dagbag.py:536} INFO - Filling up the DagBag from /Users/dimz/EconWizard/hermesvirtual/lib/python3.8/site-packages/airflow/example_dags/subdags/subdag.py
[2023-11-02T09:13:11.679-0500] {processor.py:841} WARNING - No viable dags retrieved from /Users/dimz/EconWizard/hermesvirtual/lib/python3.8/site-packages/airflow/example_dags/subdags/subdag.py
[2023-11-02T09:13:11.756-0500] {processor.py:179} INFO - Processing /Users/dimz/EconWizard/hermesvirtual/lib/python3.8/site-packages/airflow/example_dags/subdags/subdag.py took 0.085 seconds
[2023-11-02T09:14:13.982-0500] {processor.py:157} INFO - Started process (PID=94589) to work on /Users/dimz/EconWizard/hermesvirtual/lib/python3.8/site-packages/airflow/example_dags/subdags/subdag.py
[2023-11-02T09:14:13.987-0500] {processor.py:829} INFO - Processing file /Users/dimz/EconWizard/hermesvirtual/lib/python3.8/site-packages/airflow/example_dags/subdags/subdag.py for tasks to queue
[2023-11-02T09:14:13.988-0500] {logging_mixin.py:151} INFO - [2023-11-02T09:14:13.988-0500] {dagbag.py:536} INFO - Filling up the DagBag from /Users/dimz/EconWizard/hermesvirtual/lib/python3.8/site-packages/airflow/example_dags/subdags/subdag.py
[2023-11-02T09:14:13.989-0500] {processor.py:841} WARNING - No viable dags retrieved from /Users/dimz/EconWizard/hermesvirtual/lib/python3.8/site-packages/airflow/example_dags/subdags/subdag.py
[2023-11-02T09:14:14.067-0500] {processor.py:179} INFO - Processing /Users/dimz/EconWizard/hermesvirtual/lib/python3.8/site-packages/airflow/example_dags/subdags/subdag.py took 0.085 seconds
[2023-11-02T09:15:17.538-0500] {processor.py:157} INFO - Started process (PID=94654) to work on /Users/dimz/EconWizard/hermesvirtual/lib/python3.8/site-packages/airflow/example_dags/subdags/subdag.py
[2023-11-02T09:15:17.542-0500] {processor.py:829} INFO - Processing file /Users/dimz/EconWizard/hermesvirtual/lib/python3.8/site-packages/airflow/example_dags/subdags/subdag.py for tasks to queue
[2023-11-02T09:15:17.543-0500] {logging_mixin.py:151} INFO - [2023-11-02T09:15:17.543-0500] {dagbag.py:536} INFO - Filling up the DagBag from /Users/dimz/EconWizard/hermesvirtual/lib/python3.8/site-packages/airflow/example_dags/subdags/subdag.py
[2023-11-02T09:15:17.544-0500] {processor.py:841} WARNING - No viable dags retrieved from /Users/dimz/EconWizard/hermesvirtual/lib/python3.8/site-packages/airflow/example_dags/subdags/subdag.py
[2023-11-02T09:15:17.621-0500] {processor.py:179} INFO - Processing /Users/dimz/EconWizard/hermesvirtual/lib/python3.8/site-packages/airflow/example_dags/subdags/subdag.py took 0.083 seconds
[2023-11-02T09:16:19.435-0500] {processor.py:157} INFO - Started process (PID=94729) to work on /Users/dimz/EconWizard/hermesvirtual/lib/python3.8/site-packages/airflow/example_dags/subdags/subdag.py
[2023-11-02T09:16:19.441-0500] {processor.py:829} INFO - Processing file /Users/dimz/EconWizard/hermesvirtual/lib/python3.8/site-packages/airflow/example_dags/subdags/subdag.py for tasks to queue
[2023-11-02T09:16:19.441-0500] {logging_mixin.py:151} INFO - [2023-11-02T09:16:19.441-0500] {dagbag.py:536} INFO - Filling up the DagBag from /Users/dimz/EconWizard/hermesvirtual/lib/python3.8/site-packages/airflow/example_dags/subdags/subdag.py
[2023-11-02T09:16:19.443-0500] {processor.py:841} WARNING - No viable dags retrieved from /Users/dimz/EconWizard/hermesvirtual/lib/python3.8/site-packages/airflow/example_dags/subdags/subdag.py
[2023-11-02T09:16:19.523-0500] {processor.py:179} INFO - Processing /Users/dimz/EconWizard/hermesvirtual/lib/python3.8/site-packages/airflow/example_dags/subdags/subdag.py took 0.088 seconds
[2023-11-02T09:17:20.076-0500] {processor.py:157} INFO - Started process (PID=94794) to work on /Users/dimz/EconWizard/hermesvirtual/lib/python3.8/site-packages/airflow/example_dags/subdags/subdag.py
[2023-11-02T09:17:20.080-0500] {processor.py:829} INFO - Processing file /Users/dimz/EconWizard/hermesvirtual/lib/python3.8/site-packages/airflow/example_dags/subdags/subdag.py for tasks to queue
[2023-11-02T09:17:20.081-0500] {logging_mixin.py:151} INFO - [2023-11-02T09:17:20.080-0500] {dagbag.py:536} INFO - Filling up the DagBag from /Users/dimz/EconWizard/hermesvirtual/lib/python3.8/site-packages/airflow/example_dags/subdags/subdag.py
[2023-11-02T09:17:20.082-0500] {processor.py:841} WARNING - No viable dags retrieved from /Users/dimz/EconWizard/hermesvirtual/lib/python3.8/site-packages/airflow/example_dags/subdags/subdag.py
[2023-11-02T09:17:20.173-0500] {processor.py:179} INFO - Processing /Users/dimz/EconWizard/hermesvirtual/lib/python3.8/site-packages/airflow/example_dags/subdags/subdag.py took 0.098 seconds
[2023-11-02T09:18:21.743-0500] {processor.py:157} INFO - Started process (PID=94861) to work on /Users/dimz/EconWizard/hermesvirtual/lib/python3.8/site-packages/airflow/example_dags/subdags/subdag.py
[2023-11-02T09:18:21.748-0500] {processor.py:829} INFO - Processing file /Users/dimz/EconWizard/hermesvirtual/lib/python3.8/site-packages/airflow/example_dags/subdags/subdag.py for tasks to queue
[2023-11-02T09:18:21.749-0500] {logging_mixin.py:151} INFO - [2023-11-02T09:18:21.748-0500] {dagbag.py:536} INFO - Filling up the DagBag from /Users/dimz/EconWizard/hermesvirtual/lib/python3.8/site-packages/airflow/example_dags/subdags/subdag.py
[2023-11-02T09:18:21.750-0500] {processor.py:841} WARNING - No viable dags retrieved from /Users/dimz/EconWizard/hermesvirtual/lib/python3.8/site-packages/airflow/example_dags/subdags/subdag.py
[2023-11-02T09:18:21.828-0500] {processor.py:179} INFO - Processing /Users/dimz/EconWizard/hermesvirtual/lib/python3.8/site-packages/airflow/example_dags/subdags/subdag.py took 0.085 seconds
[2023-11-02T09:19:27.155-0500] {processor.py:157} INFO - Started process (PID=94981) to work on /Users/dimz/EconWizard/hermesvirtual/lib/python3.8/site-packages/airflow/example_dags/subdags/subdag.py
[2023-11-02T09:19:27.159-0500] {processor.py:829} INFO - Processing file /Users/dimz/EconWizard/hermesvirtual/lib/python3.8/site-packages/airflow/example_dags/subdags/subdag.py for tasks to queue
[2023-11-02T09:19:27.159-0500] {logging_mixin.py:151} INFO - [2023-11-02T09:19:27.159-0500] {dagbag.py:536} INFO - Filling up the DagBag from /Users/dimz/EconWizard/hermesvirtual/lib/python3.8/site-packages/airflow/example_dags/subdags/subdag.py
[2023-11-02T09:19:27.161-0500] {processor.py:841} WARNING - No viable dags retrieved from /Users/dimz/EconWizard/hermesvirtual/lib/python3.8/site-packages/airflow/example_dags/subdags/subdag.py
[2023-11-02T09:19:27.241-0500] {processor.py:179} INFO - Processing /Users/dimz/EconWizard/hermesvirtual/lib/python3.8/site-packages/airflow/example_dags/subdags/subdag.py took 0.086 seconds
[2023-11-02T09:20:30.899-0500] {processor.py:157} INFO - Started process (PID=95058) to work on /Users/dimz/EconWizard/hermesvirtual/lib/python3.8/site-packages/airflow/example_dags/subdags/subdag.py
[2023-11-02T09:20:30.904-0500] {processor.py:829} INFO - Processing file /Users/dimz/EconWizard/hermesvirtual/lib/python3.8/site-packages/airflow/example_dags/subdags/subdag.py for tasks to queue
[2023-11-02T09:20:30.904-0500] {logging_mixin.py:151} INFO - [2023-11-02T09:20:30.904-0500] {dagbag.py:536} INFO - Filling up the DagBag from /Users/dimz/EconWizard/hermesvirtual/lib/python3.8/site-packages/airflow/example_dags/subdags/subdag.py
[2023-11-02T09:20:30.906-0500] {processor.py:841} WARNING - No viable dags retrieved from /Users/dimz/EconWizard/hermesvirtual/lib/python3.8/site-packages/airflow/example_dags/subdags/subdag.py
[2023-11-02T09:20:30.994-0500] {processor.py:179} INFO - Processing /Users/dimz/EconWizard/hermesvirtual/lib/python3.8/site-packages/airflow/example_dags/subdags/subdag.py took 0.096 seconds
[2023-11-02T09:21:35.761-0500] {processor.py:157} INFO - Started process (PID=95124) to work on /Users/dimz/EconWizard/hermesvirtual/lib/python3.8/site-packages/airflow/example_dags/subdags/subdag.py
[2023-11-02T09:21:35.766-0500] {processor.py:829} INFO - Processing file /Users/dimz/EconWizard/hermesvirtual/lib/python3.8/site-packages/airflow/example_dags/subdags/subdag.py for tasks to queue
[2023-11-02T09:21:35.767-0500] {logging_mixin.py:151} INFO - [2023-11-02T09:21:35.767-0500] {dagbag.py:536} INFO - Filling up the DagBag from /Users/dimz/EconWizard/hermesvirtual/lib/python3.8/site-packages/airflow/example_dags/subdags/subdag.py
[2023-11-02T09:21:35.769-0500] {processor.py:841} WARNING - No viable dags retrieved from /Users/dimz/EconWizard/hermesvirtual/lib/python3.8/site-packages/airflow/example_dags/subdags/subdag.py
[2023-11-02T09:21:35.859-0500] {processor.py:179} INFO - Processing /Users/dimz/EconWizard/hermesvirtual/lib/python3.8/site-packages/airflow/example_dags/subdags/subdag.py took 0.098 seconds
[2023-11-02T09:22:40.368-0500] {processor.py:157} INFO - Started process (PID=95220) to work on /Users/dimz/EconWizard/hermesvirtual/lib/python3.8/site-packages/airflow/example_dags/subdags/subdag.py
[2023-11-02T09:22:40.372-0500] {processor.py:829} INFO - Processing file /Users/dimz/EconWizard/hermesvirtual/lib/python3.8/site-packages/airflow/example_dags/subdags/subdag.py for tasks to queue
[2023-11-02T09:22:40.373-0500] {logging_mixin.py:151} INFO - [2023-11-02T09:22:40.373-0500] {dagbag.py:536} INFO - Filling up the DagBag from /Users/dimz/EconWizard/hermesvirtual/lib/python3.8/site-packages/airflow/example_dags/subdags/subdag.py
[2023-11-02T09:22:40.374-0500] {processor.py:841} WARNING - No viable dags retrieved from /Users/dimz/EconWizard/hermesvirtual/lib/python3.8/site-packages/airflow/example_dags/subdags/subdag.py
[2023-11-02T09:22:40.452-0500] {processor.py:179} INFO - Processing /Users/dimz/EconWizard/hermesvirtual/lib/python3.8/site-packages/airflow/example_dags/subdags/subdag.py took 0.085 seconds
[2023-11-02T09:23:42.824-0500] {processor.py:157} INFO - Started process (PID=95327) to work on /Users/dimz/EconWizard/hermesvirtual/lib/python3.8/site-packages/airflow/example_dags/subdags/subdag.py
[2023-11-02T09:23:42.829-0500] {processor.py:829} INFO - Processing file /Users/dimz/EconWizard/hermesvirtual/lib/python3.8/site-packages/airflow/example_dags/subdags/subdag.py for tasks to queue
[2023-11-02T09:23:42.830-0500] {logging_mixin.py:151} INFO - [2023-11-02T09:23:42.830-0500] {dagbag.py:536} INFO - Filling up the DagBag from /Users/dimz/EconWizard/hermesvirtual/lib/python3.8/site-packages/airflow/example_dags/subdags/subdag.py
[2023-11-02T09:23:42.831-0500] {processor.py:841} WARNING - No viable dags retrieved from /Users/dimz/EconWizard/hermesvirtual/lib/python3.8/site-packages/airflow/example_dags/subdags/subdag.py
[2023-11-02T09:23:42.910-0500] {processor.py:179} INFO - Processing /Users/dimz/EconWizard/hermesvirtual/lib/python3.8/site-packages/airflow/example_dags/subdags/subdag.py took 0.085 seconds
[2023-11-02T09:24:46.704-0500] {processor.py:157} INFO - Started process (PID=95447) to work on /Users/dimz/EconWizard/hermesvirtual/lib/python3.8/site-packages/airflow/example_dags/subdags/subdag.py
[2023-11-02T09:24:46.709-0500] {processor.py:829} INFO - Processing file /Users/dimz/EconWizard/hermesvirtual/lib/python3.8/site-packages/airflow/example_dags/subdags/subdag.py for tasks to queue
[2023-11-02T09:24:46.709-0500] {logging_mixin.py:151} INFO - [2023-11-02T09:24:46.709-0500] {dagbag.py:536} INFO - Filling up the DagBag from /Users/dimz/EconWizard/hermesvirtual/lib/python3.8/site-packages/airflow/example_dags/subdags/subdag.py
[2023-11-02T09:24:46.711-0500] {processor.py:841} WARNING - No viable dags retrieved from /Users/dimz/EconWizard/hermesvirtual/lib/python3.8/site-packages/airflow/example_dags/subdags/subdag.py
[2023-11-02T09:24:46.789-0500] {processor.py:179} INFO - Processing /Users/dimz/EconWizard/hermesvirtual/lib/python3.8/site-packages/airflow/example_dags/subdags/subdag.py took 0.086 seconds
[2023-11-02T09:25:49.095-0500] {processor.py:157} INFO - Started process (PID=95565) to work on /Users/dimz/EconWizard/hermesvirtual/lib/python3.8/site-packages/airflow/example_dags/subdags/subdag.py
[2023-11-02T09:25:49.100-0500] {processor.py:829} INFO - Processing file /Users/dimz/EconWizard/hermesvirtual/lib/python3.8/site-packages/airflow/example_dags/subdags/subdag.py for tasks to queue
[2023-11-02T09:25:49.101-0500] {logging_mixin.py:151} INFO - [2023-11-02T09:25:49.101-0500] {dagbag.py:536} INFO - Filling up the DagBag from /Users/dimz/EconWizard/hermesvirtual/lib/python3.8/site-packages/airflow/example_dags/subdags/subdag.py
[2023-11-02T09:25:49.103-0500] {processor.py:841} WARNING - No viable dags retrieved from /Users/dimz/EconWizard/hermesvirtual/lib/python3.8/site-packages/airflow/example_dags/subdags/subdag.py
[2023-11-02T09:25:49.191-0500] {processor.py:179} INFO - Processing /Users/dimz/EconWizard/hermesvirtual/lib/python3.8/site-packages/airflow/example_dags/subdags/subdag.py took 0.096 seconds
[2023-11-02T09:26:54.961-0500] {processor.py:157} INFO - Started process (PID=95662) to work on /Users/dimz/EconWizard/hermesvirtual/lib/python3.8/site-packages/airflow/example_dags/subdags/subdag.py
[2023-11-02T09:26:54.965-0500] {processor.py:829} INFO - Processing file /Users/dimz/EconWizard/hermesvirtual/lib/python3.8/site-packages/airflow/example_dags/subdags/subdag.py for tasks to queue
[2023-11-02T09:26:54.966-0500] {logging_mixin.py:151} INFO - [2023-11-02T09:26:54.966-0500] {dagbag.py:536} INFO - Filling up the DagBag from /Users/dimz/EconWizard/hermesvirtual/lib/python3.8/site-packages/airflow/example_dags/subdags/subdag.py
[2023-11-02T09:26:54.967-0500] {processor.py:841} WARNING - No viable dags retrieved from /Users/dimz/EconWizard/hermesvirtual/lib/python3.8/site-packages/airflow/example_dags/subdags/subdag.py
[2023-11-02T09:26:55.054-0500] {processor.py:179} INFO - Processing /Users/dimz/EconWizard/hermesvirtual/lib/python3.8/site-packages/airflow/example_dags/subdags/subdag.py took 0.094 seconds
[2023-11-02T09:28:38.114-0500] {processor.py:157} INFO - Started process (PID=95805) to work on /Users/dimz/EconWizard/hermesvirtual/lib/python3.8/site-packages/airflow/example_dags/subdags/subdag.py
[2023-11-02T09:28:38.120-0500] {processor.py:829} INFO - Processing file /Users/dimz/EconWizard/hermesvirtual/lib/python3.8/site-packages/airflow/example_dags/subdags/subdag.py for tasks to queue
[2023-11-02T09:28:38.120-0500] {logging_mixin.py:151} INFO - [2023-11-02T09:28:38.120-0500] {dagbag.py:536} INFO - Filling up the DagBag from /Users/dimz/EconWizard/hermesvirtual/lib/python3.8/site-packages/airflow/example_dags/subdags/subdag.py
[2023-11-02T09:28:38.122-0500] {processor.py:841} WARNING - No viable dags retrieved from /Users/dimz/EconWizard/hermesvirtual/lib/python3.8/site-packages/airflow/example_dags/subdags/subdag.py
[2023-11-02T09:28:38.222-0500] {processor.py:179} INFO - Processing /Users/dimz/EconWizard/hermesvirtual/lib/python3.8/site-packages/airflow/example_dags/subdags/subdag.py took 0.109 seconds
[2023-11-02T09:29:50.106-0500] {processor.py:157} INFO - Started process (PID=95904) to work on /Users/dimz/EconWizard/hermesvirtual/lib/python3.8/site-packages/airflow/example_dags/subdags/subdag.py
[2023-11-02T09:29:50.111-0500] {processor.py:829} INFO - Processing file /Users/dimz/EconWizard/hermesvirtual/lib/python3.8/site-packages/airflow/example_dags/subdags/subdag.py for tasks to queue
[2023-11-02T09:29:50.111-0500] {logging_mixin.py:151} INFO - [2023-11-02T09:29:50.111-0500] {dagbag.py:536} INFO - Filling up the DagBag from /Users/dimz/EconWizard/hermesvirtual/lib/python3.8/site-packages/airflow/example_dags/subdags/subdag.py
[2023-11-02T09:29:50.113-0500] {processor.py:841} WARNING - No viable dags retrieved from /Users/dimz/EconWizard/hermesvirtual/lib/python3.8/site-packages/airflow/example_dags/subdags/subdag.py
[2023-11-02T09:29:50.191-0500] {processor.py:179} INFO - Processing /Users/dimz/EconWizard/hermesvirtual/lib/python3.8/site-packages/airflow/example_dags/subdags/subdag.py took 0.086 seconds
[2023-11-02T09:30:55.924-0500] {processor.py:157} INFO - Started process (PID=95989) to work on /Users/dimz/EconWizard/hermesvirtual/lib/python3.8/site-packages/airflow/example_dags/subdags/subdag.py
[2023-11-02T09:30:55.928-0500] {processor.py:829} INFO - Processing file /Users/dimz/EconWizard/hermesvirtual/lib/python3.8/site-packages/airflow/example_dags/subdags/subdag.py for tasks to queue
[2023-11-02T09:30:55.929-0500] {logging_mixin.py:151} INFO - [2023-11-02T09:30:55.929-0500] {dagbag.py:536} INFO - Filling up the DagBag from /Users/dimz/EconWizard/hermesvirtual/lib/python3.8/site-packages/airflow/example_dags/subdags/subdag.py
[2023-11-02T09:30:55.930-0500] {processor.py:841} WARNING - No viable dags retrieved from /Users/dimz/EconWizard/hermesvirtual/lib/python3.8/site-packages/airflow/example_dags/subdags/subdag.py
[2023-11-02T09:30:56.008-0500] {processor.py:179} INFO - Processing /Users/dimz/EconWizard/hermesvirtual/lib/python3.8/site-packages/airflow/example_dags/subdags/subdag.py took 0.085 seconds
[2023-11-02T09:32:01.476-0500] {processor.py:157} INFO - Started process (PID=96062) to work on /Users/dimz/EconWizard/hermesvirtual/lib/python3.8/site-packages/airflow/example_dags/subdags/subdag.py
[2023-11-02T09:32:01.480-0500] {processor.py:829} INFO - Processing file /Users/dimz/EconWizard/hermesvirtual/lib/python3.8/site-packages/airflow/example_dags/subdags/subdag.py for tasks to queue
[2023-11-02T09:32:01.481-0500] {logging_mixin.py:151} INFO - [2023-11-02T09:32:01.480-0500] {dagbag.py:536} INFO - Filling up the DagBag from /Users/dimz/EconWizard/hermesvirtual/lib/python3.8/site-packages/airflow/example_dags/subdags/subdag.py
[2023-11-02T09:32:01.482-0500] {processor.py:841} WARNING - No viable dags retrieved from /Users/dimz/EconWizard/hermesvirtual/lib/python3.8/site-packages/airflow/example_dags/subdags/subdag.py
[2023-11-02T09:32:01.565-0500] {processor.py:179} INFO - Processing /Users/dimz/EconWizard/hermesvirtual/lib/python3.8/site-packages/airflow/example_dags/subdags/subdag.py took 0.089 seconds
[2023-11-02T10:12:42.778-0500] {processor.py:157} INFO - Started process (PID=97504) to work on /Users/dimz/EconWizard/hermesvirtual/lib/python3.8/site-packages/airflow/example_dags/subdags/subdag.py
[2023-11-02T10:12:42.784-0500] {processor.py:829} INFO - Processing file /Users/dimz/EconWizard/hermesvirtual/lib/python3.8/site-packages/airflow/example_dags/subdags/subdag.py for tasks to queue
[2023-11-02T10:12:42.784-0500] {logging_mixin.py:151} INFO - [2023-11-02T10:12:42.784-0500] {dagbag.py:536} INFO - Filling up the DagBag from /Users/dimz/EconWizard/hermesvirtual/lib/python3.8/site-packages/airflow/example_dags/subdags/subdag.py
[2023-11-02T10:12:42.785-0500] {processor.py:841} WARNING - No viable dags retrieved from /Users/dimz/EconWizard/hermesvirtual/lib/python3.8/site-packages/airflow/example_dags/subdags/subdag.py
[2023-11-02T10:12:42.863-0500] {processor.py:179} INFO - Processing /Users/dimz/EconWizard/hermesvirtual/lib/python3.8/site-packages/airflow/example_dags/subdags/subdag.py took 0.085 seconds
[2023-11-02T10:14:14.630-0500] {processor.py:157} INFO - Started process (PID=97602) to work on /Users/dimz/EconWizard/hermesvirtual/lib/python3.8/site-packages/airflow/example_dags/subdags/subdag.py
[2023-11-02T10:14:14.635-0500] {processor.py:829} INFO - Processing file /Users/dimz/EconWizard/hermesvirtual/lib/python3.8/site-packages/airflow/example_dags/subdags/subdag.py for tasks to queue
[2023-11-02T10:14:14.635-0500] {logging_mixin.py:151} INFO - [2023-11-02T10:14:14.635-0500] {dagbag.py:536} INFO - Filling up the DagBag from /Users/dimz/EconWizard/hermesvirtual/lib/python3.8/site-packages/airflow/example_dags/subdags/subdag.py
[2023-11-02T10:14:14.637-0500] {processor.py:841} WARNING - No viable dags retrieved from /Users/dimz/EconWizard/hermesvirtual/lib/python3.8/site-packages/airflow/example_dags/subdags/subdag.py
[2023-11-02T10:14:14.718-0500] {processor.py:179} INFO - Processing /Users/dimz/EconWizard/hermesvirtual/lib/python3.8/site-packages/airflow/example_dags/subdags/subdag.py took 0.088 seconds
[2023-11-02T10:15:16.706-0500] {processor.py:157} INFO - Started process (PID=97680) to work on /Users/dimz/EconWizard/hermesvirtual/lib/python3.8/site-packages/airflow/example_dags/subdags/subdag.py
[2023-11-02T10:15:16.710-0500] {processor.py:829} INFO - Processing file /Users/dimz/EconWizard/hermesvirtual/lib/python3.8/site-packages/airflow/example_dags/subdags/subdag.py for tasks to queue
[2023-11-02T10:15:16.711-0500] {logging_mixin.py:151} INFO - [2023-11-02T10:15:16.710-0500] {dagbag.py:536} INFO - Filling up the DagBag from /Users/dimz/EconWizard/hermesvirtual/lib/python3.8/site-packages/airflow/example_dags/subdags/subdag.py
[2023-11-02T10:15:16.712-0500] {processor.py:841} WARNING - No viable dags retrieved from /Users/dimz/EconWizard/hermesvirtual/lib/python3.8/site-packages/airflow/example_dags/subdags/subdag.py
[2023-11-02T10:15:16.796-0500] {processor.py:179} INFO - Processing /Users/dimz/EconWizard/hermesvirtual/lib/python3.8/site-packages/airflow/example_dags/subdags/subdag.py took 0.090 seconds
[2023-11-02T10:38:28.136-0500] {processor.py:157} INFO - Started process (PID=99813) to work on /Users/dimz/EconWizard/hermesvirtual/lib/python3.8/site-packages/airflow/example_dags/subdags/subdag.py
[2023-11-02T10:38:28.141-0500] {processor.py:829} INFO - Processing file /Users/dimz/EconWizard/hermesvirtual/lib/python3.8/site-packages/airflow/example_dags/subdags/subdag.py for tasks to queue
[2023-11-02T10:38:28.141-0500] {logging_mixin.py:151} INFO - [2023-11-02T10:38:28.141-0500] {dagbag.py:536} INFO - Filling up the DagBag from /Users/dimz/EconWizard/hermesvirtual/lib/python3.8/site-packages/airflow/example_dags/subdags/subdag.py
[2023-11-02T10:38:28.142-0500] {processor.py:841} WARNING - No viable dags retrieved from /Users/dimz/EconWizard/hermesvirtual/lib/python3.8/site-packages/airflow/example_dags/subdags/subdag.py
[2023-11-02T10:38:28.231-0500] {processor.py:179} INFO - Processing /Users/dimz/EconWizard/hermesvirtual/lib/python3.8/site-packages/airflow/example_dags/subdags/subdag.py took 0.096 seconds
[2023-11-02T10:40:02.319-0500] {processor.py:157} INFO - Started process (PID=99950) to work on /Users/dimz/EconWizard/hermesvirtual/lib/python3.8/site-packages/airflow/example_dags/subdags/subdag.py
[2023-11-02T10:40:02.324-0500] {processor.py:829} INFO - Processing file /Users/dimz/EconWizard/hermesvirtual/lib/python3.8/site-packages/airflow/example_dags/subdags/subdag.py for tasks to queue
[2023-11-02T10:40:02.325-0500] {logging_mixin.py:151} INFO - [2023-11-02T10:40:02.325-0500] {dagbag.py:536} INFO - Filling up the DagBag from /Users/dimz/EconWizard/hermesvirtual/lib/python3.8/site-packages/airflow/example_dags/subdags/subdag.py
[2023-11-02T10:40:02.326-0500] {processor.py:841} WARNING - No viable dags retrieved from /Users/dimz/EconWizard/hermesvirtual/lib/python3.8/site-packages/airflow/example_dags/subdags/subdag.py
[2023-11-02T10:40:02.404-0500] {processor.py:179} INFO - Processing /Users/dimz/EconWizard/hermesvirtual/lib/python3.8/site-packages/airflow/example_dags/subdags/subdag.py took 0.085 seconds
[2023-11-02T10:41:07.469-0500] {processor.py:157} INFO - Started process (PID=122) to work on /Users/dimz/EconWizard/hermesvirtual/lib/python3.8/site-packages/airflow/example_dags/subdags/subdag.py
[2023-11-02T10:41:07.474-0500] {processor.py:829} INFO - Processing file /Users/dimz/EconWizard/hermesvirtual/lib/python3.8/site-packages/airflow/example_dags/subdags/subdag.py for tasks to queue
[2023-11-02T10:41:07.475-0500] {logging_mixin.py:151} INFO - [2023-11-02T10:41:07.475-0500] {dagbag.py:536} INFO - Filling up the DagBag from /Users/dimz/EconWizard/hermesvirtual/lib/python3.8/site-packages/airflow/example_dags/subdags/subdag.py
[2023-11-02T10:41:07.476-0500] {processor.py:841} WARNING - No viable dags retrieved from /Users/dimz/EconWizard/hermesvirtual/lib/python3.8/site-packages/airflow/example_dags/subdags/subdag.py
[2023-11-02T10:41:07.554-0500] {processor.py:179} INFO - Processing /Users/dimz/EconWizard/hermesvirtual/lib/python3.8/site-packages/airflow/example_dags/subdags/subdag.py took 0.085 seconds
[2023-11-02T10:42:08.081-0500] {processor.py:157} INFO - Started process (PID=217) to work on /Users/dimz/EconWizard/hermesvirtual/lib/python3.8/site-packages/airflow/example_dags/subdags/subdag.py
[2023-11-02T10:42:08.086-0500] {processor.py:829} INFO - Processing file /Users/dimz/EconWizard/hermesvirtual/lib/python3.8/site-packages/airflow/example_dags/subdags/subdag.py for tasks to queue
[2023-11-02T10:42:08.087-0500] {logging_mixin.py:151} INFO - [2023-11-02T10:42:08.087-0500] {dagbag.py:536} INFO - Filling up the DagBag from /Users/dimz/EconWizard/hermesvirtual/lib/python3.8/site-packages/airflow/example_dags/subdags/subdag.py
[2023-11-02T10:42:08.088-0500] {processor.py:841} WARNING - No viable dags retrieved from /Users/dimz/EconWizard/hermesvirtual/lib/python3.8/site-packages/airflow/example_dags/subdags/subdag.py
[2023-11-02T10:42:08.167-0500] {processor.py:179} INFO - Processing /Users/dimz/EconWizard/hermesvirtual/lib/python3.8/site-packages/airflow/example_dags/subdags/subdag.py took 0.086 seconds
[2023-11-02T10:43:10.085-0500] {processor.py:157} INFO - Started process (PID=417) to work on /Users/dimz/EconWizard/hermesvirtual/lib/python3.8/site-packages/airflow/example_dags/subdags/subdag.py
[2023-11-02T10:43:10.089-0500] {processor.py:829} INFO - Processing file /Users/dimz/EconWizard/hermesvirtual/lib/python3.8/site-packages/airflow/example_dags/subdags/subdag.py for tasks to queue
[2023-11-02T10:43:10.090-0500] {logging_mixin.py:151} INFO - [2023-11-02T10:43:10.090-0500] {dagbag.py:536} INFO - Filling up the DagBag from /Users/dimz/EconWizard/hermesvirtual/lib/python3.8/site-packages/airflow/example_dags/subdags/subdag.py
[2023-11-02T10:43:10.091-0500] {processor.py:841} WARNING - No viable dags retrieved from /Users/dimz/EconWizard/hermesvirtual/lib/python3.8/site-packages/airflow/example_dags/subdags/subdag.py
[2023-11-02T10:43:10.168-0500] {processor.py:179} INFO - Processing /Users/dimz/EconWizard/hermesvirtual/lib/python3.8/site-packages/airflow/example_dags/subdags/subdag.py took 0.084 seconds
